Warning: Equate pins:  cell sky130_fd_pr__pfet_01v8_lvt is a placeholder, treated as a black box.
Warning: Equate pins:  cell sky130_fd_pr__pfet_01v8_lvt is a placeholder, treated as a black box.

Subcircuit pins:
Circuit 1: sky130_fd_pr__pfet_01v8_lvt     |Circuit 2: sky130_fd_pr__pfet_01v8_lvt     
-------------------------------------------|-------------------------------------------
1                                          |1                                          
2                                          |2                                          
3                                          |3                                          
4                                          |4                                          
---------------------------------------------------------------------------------------
Cell pin lists are equivalent.
Device classes sky130_fd_pr__pfet_01v8_lvt and sky130_fd_pr__pfet_01v8_lvt are equivalent.
Warning: Equate pins:  cell sky130_fd_pr__nfet_01v8 is a placeholder, treated as a black box.
Warning: Equate pins:  cell sky130_fd_pr__nfet_01v8 is a placeholder, treated as a black box.

Subcircuit pins:
Circuit 1: sky130_fd_pr__nfet_01v8         |Circuit 2: sky130_fd_pr__nfet_01v8         
-------------------------------------------|-------------------------------------------
1                                          |1                                          
2                                          |2                                          
3                                          |3                                          
4                                          |4                                          
---------------------------------------------------------------------------------------
Cell pin lists are equivalent.
Device classes sky130_fd_pr__nfet_01v8 and sky130_fd_pr__nfet_01v8 are equivalent.
Warning: Equate pins:  cell sky130_fd_pr__pfet_01v8 is a placeholder, treated as a black box.
Warning: Equate pins:  cell sky130_fd_pr__pfet_01v8 is a placeholder, treated as a black box.

Subcircuit pins:
Circuit 1: sky130_fd_pr__pfet_01v8         |Circuit 2: sky130_fd_pr__pfet_01v8         
-------------------------------------------|-------------------------------------------
1                                          |1                                          
2                                          |2                                          
3                                          |3                                          
4                                          |4                                          
---------------------------------------------------------------------------------------
Cell pin lists are equivalent.
Device classes sky130_fd_pr__pfet_01v8 and sky130_fd_pr__pfet_01v8 are equivalent.

Subcircuit summary:
Circuit 1: sky130_mm_sc_hd_dlyPolyXns_post |Circuit 2: sky130_mm_sc_hd_dlyPolyXns      
-------------------------------------------|-------------------------------------------
sky130_fd_pr__pfet_01v8_lvt (1)            |sky130_fd_pr__pfet_01v8_lvt (1)            
sky130_fd_pr__nfet_01v8 (6)                |sky130_fd_pr__nfet_01v8 (5) **Mismatch**   
sky130_fd_pr__pfet_01v8 (4)                |sky130_fd_pr__pfet_01v8 (3) **Mismatch**   
c (1)                                      |c (1)                                      
Number of devices: 12 **Mismatch**         |Number of devices: 10 **Mismatch**         
Number of nets: 9                          |Number of nets: 9                          
---------------------------------------------------------------------------------------
NET mismatches: Class fragments follow (with fanout counts):
Circuit 1: sky130_mm_sc_hd_dlyPolyXns_post |Circuit 2: sky130_mm_sc_hd_dlyPolyXns      

---------------------------------------------------------------------------------------
Net: out                                   |Net: out                                   
  sky130_fd_pr__nfet_01v8/2 = 2            |  sky130_fd_pr__nfet_01v8/2 = 1            
  sky130_fd_pr__nfet_01v8/1 = 1            |  sky130_fd_pr__nfet_01v8/1 = 1            
  sky130_fd_pr__pfet_01v8/2 = 2            |  sky130_fd_pr__pfet_01v8/2 = 1            
  sky130_fd_pr__pfet_01v8/1 = 1            |  sky130_fd_pr__pfet_01v8/1 = 1            
                                           |                                           
Net: a_1728_54#                            |Net: VPB                                   
  sky130_fd_pr__nfet_01v8/3 = 2            |  sky130_fd_pr__pfet_01v8/4 = 3            
  sky130_fd_pr__nfet_01v8/1 = 2            |  sky130_fd_pr__pfet_01v8_lvt/4 = 1        
                                           |                                           
Net: VGND                                  |Net: VGND                                  
  sky130_fd_pr__nfet_01v8/3 = 3            |  sky130_fd_pr__nfet_01v8/3 = 3            
  sky130_fd_pr__pfet_01v8/1 = 1            |  sky130_fd_pr__pfet_01v8/1 = 1            
  sky130_fd_pr__nfet_01v8/1 = 1            |  sky130_fd_pr__nfet_01v8/1 = 1            
  c/bottom = 1                             |  c/bottom = 1                             
  sky130_fd_pr__pfet_01v8/3 = 1            |                                           
                                           |                                           
Net: a_1787_330#                           |Net: net2                                  
  sky130_fd_pr__pfet_01v8/3 = 2            |  sky130_fd_pr__nfet_01v8/1 = 1            
  sky130_fd_pr__pfet_01v8/1 = 2            |  sky130_fd_pr__nfet_01v8/3 = 2            
                                           |                                           
Net: VNB                                   |Net: net1                                  
  sky130_fd_pr__nfet_01v8/4 = 6            |  sky130_fd_pr__pfet_01v8/3 = 2            
                                           |  sky130_fd_pr__pfet_01v8/1 = 1            
                                           |                                           
Net: VPWR                                  |Net: VPWR                                  
  sky130_fd_pr__pfet_01v8/3 = 1            |  sky130_fd_pr__pfet_01v8/3 = 1            
  sky130_fd_pr__nfet_01v8/1 = 1            |  sky130_fd_pr__nfet_01v8/1 = 1            
  sky130_fd_pr__pfet_01v8_lvt/3 = 1        |  sky130_fd_pr__pfet_01v8_lvt/3 = 1        
  sky130_fd_pr__nfet_01v8/3 = 1            |                                           
---------------------------------------------------------------------------------------

---------------------------------------------------------------------------------------
Net: VPB                                   |Net: VNB                                   
  sky130_fd_pr__pfet_01v8_lvt/4 = 1        |  sky130_fd_pr__nfet_01v8/4 = 5            
  sky130_fd_pr__pfet_01v8/4 = 4            |                                           
---------------------------------------------------------------------------------------

---------------------------------------------------------------------------------------
Net: in                                    |Net: in                                    
  sky130_fd_pr__pfet_01v8_lvt/2 = 1        |  sky130_fd_pr__pfet_01v8_lvt/2 = 1        
  sky130_fd_pr__nfet_01v8/2 = 1            |  sky130_fd_pr__nfet_01v8/2 = 1            
---------------------------------------------------------------------------------------

---------------------------------------------------------------------------------------
Net: cap_top                               |Net: cap_top                               
  sky130_fd_pr__pfet_01v8_lvt/1 = 1        |  sky130_fd_pr__pfet_01v8_lvt/1 = 1        
  sky130_fd_pr__nfet_01v8/2 = 3            |  sky130_fd_pr__nfet_01v8/2 = 3            
  sky130_fd_pr__pfet_01v8/2 = 2            |  sky130_fd_pr__pfet_01v8/2 = 2            
  sky130_fd_pr__nfet_01v8/1 = 1            |  sky130_fd_pr__nfet_01v8/1 = 1            
  c/top = 1                                |  c/top = 1                                
---------------------------------------------------------------------------------------
DEVICE mismatches: Class fragments follow (with node fanout counts):
Circuit 1: sky130_mm_sc_hd_dlyPolyXns_post |Circuit 2: sky130_mm_sc_hd_dlyPolyXns      

---------------------------------------------------------------------------------------
Instance: sky130_fd_pr__nfet_01v8:2        |Instance: sky130_fd_pr__nfet_01v8:M2       
  1 = 6                                    |  1 = 8                                    
  2 = 8                                    |  2 = 2                                    
  3 = 4                                    |  3 = 6                                    
  4 = 6                                    |  4 = 5                                    
                                           |                                           
Instance: sky130_fd_pr__nfet_01v8:4        |Instance: sky130_fd_pr__nfet_01v8:M3       
  1 = 4                                    |  1 = 3                                    
  2 = 8                                    |  2 = 8                                    
  3 = 7                                    |  3 = 6                                    
  4 = 6                                    |  4 = 5                                    
                                           |                                           
Instance: sky130_fd_pr__nfet_01v8:7        |Instance: sky130_fd_pr__nfet_01v8:M4       
  1 = 7                                    |  1 = 4                                    
  2 = 8                                    |  2 = 8                                    
  3 = 7                                    |  3 = 3                                    
  4 = 6                                    |  4 = 5                                    
                                           |                                           
Instance: sky130_fd_pr__nfet_01v8:10       |Instance: sky130_fd_pr__nfet_01v8:M1       
  1 = 8                                    |  1 = 6                                    
  2 = 2                                    |  2 = 8                                    
  3 = 7                                    |  3 = 6                                    
  4 = 6                                    |  4 = 5                                    
                                           |                                           
(no matching instance)                     |Instance: sky130_fd_pr__nfet_01v8:M7       
                                           |  1 = 3                                    
                                           |  2 = 4                                    
                                           |  3 = 3                                    
                                           |  4 = 5                                    
                                           |                                           
(no matching instance)                     |Instance: sky130_fd_pr__pfet_01v8:M8       
                                           |  1 = 6                                    
                                           |  2 = 4                                    
                                           |  3 = 3                                    
                                           |  4 = 4                                    
---------------------------------------------------------------------------------------

---------------------------------------------------------------------------------------
Instance: sky130_fd_pr__pfet_01v8_lvt:0    |Instance: sky130_fd_pr__pfet_01v8_lvt:M9   
  1 = 8                                    |  1 = 8                                    
  2 = 2                                    |  2 = 2                                    
  3 = 4                                    |  3 = 3                                    
  4 = 5                                    |  4 = 4                                    
---------------------------------------------------------------------------------------
Netlists do not match.
Netlists do not match.
