OpenROAD v2.0-3879-g0b8b7ae25 
This program is licensed under the BSD-3 license. See the LICENSE file for details.
Components of this program may be licensed under more restrictive licenses which must be honored.
[INFO ODB-0222] Reading LEF file: /foss/designs/SKY130_SAR-ADC/openlane/adc_clkgen_with_edgedetect/runs/kasleberkas/tmp/merged.unpadded.nom.lef
[INFO ODB-0223]     Created 13 technology layers
[INFO ODB-0224]     Created 25 technology vias
[INFO ODB-0225]     Created 442 library cells
[INFO ODB-0226] Finished LEF file:  /foss/designs/SKY130_SAR-ADC/openlane/adc_clkgen_with_edgedetect/runs/kasleberkas/tmp/merged.unpadded.nom.lef
[INFO ODB-0127] Reading DEF file: /foss/designs/SKY130_SAR-ADC/openlane/adc_clkgen_with_edgedetect/runs/kasleberkas/tmp/routing/12-global.def
[INFO ODB-0128] Design: adc_clkgen_with_edgedetect
[INFO ODB-0130]     Created 7 pins.
[INFO ODB-0131]     Created 433 components and 1795 component-terminals.
[INFO ODB-0132]     Created 4 special nets and 1606 connections.
[INFO ODB-0133]     Created 96 nets and 189 connections.
[INFO ODB-0134] Finished DEF file: /foss/designs/SKY130_SAR-ADC/openlane/adc_clkgen_with_edgedetect/runs/kasleberkas/tmp/routing/12-global.def
[INFO ORD-0030] Using 2 thread(s).
[INFO DRT-0149] Reading tech and libs.

Units:                1000
Number of layers:     13
Number of macros:     442
Number of vias:       25
Number of viarulegen: 25

[INFO DRT-0150] Reading design.

Design:                   adc_clkgen_with_edgedetect
Die area:                 ( 0 0 ) ( 100000 75000 )
Number of track patterns: 12
Number of DEF vias:       3
Number of components:     433
Number of terminals:      7
Number of snets:          4
Number of nets:           96

[INFO DRT-0167] List of default vias:
  Layer mcon
    default via: L1M1_PR
  Layer via
    default via: M1M2_PR
  Layer via2
    default via: M2M3_PR
  Layer via3
    default via: M3M4_PR
  Layer via4
    default via: M4M5_PR
[INFO DRT-0162] Library cell analysis.
[INFO DRT-0163] Instance analysis.
[INFO DRT-0164] Number of unique instances = 28.
[INFO DRT-0168] Init region query.
[INFO DRT-0024]   Complete FR_MASTERSLICE.
[INFO DRT-0024]   Complete FR_VIA.
[INFO DRT-0024]   Complete li1.
[INFO DRT-0024]   Complete mcon.
[INFO DRT-0024]   Complete met1.
[INFO DRT-0024]   Complete via.
[INFO DRT-0024]   Complete met2.
[INFO DRT-0024]   Complete via2.
[INFO DRT-0024]   Complete met3.
[INFO DRT-0024]   Complete via3.
[INFO DRT-0024]   Complete met4.
[INFO DRT-0024]   Complete via4.
[INFO DRT-0024]   Complete met5.
[INFO DRT-0033] FR_MASTERSLICE shape region query size = 0.
[INFO DRT-0033] FR_VIA shape region query size = 0.
[INFO DRT-0033] li1 shape region query size = 4981.
[INFO DRT-0033] mcon shape region query size = 8609.
[INFO DRT-0033] met1 shape region query size = 3316.
[INFO DRT-0033] via shape region query size = 300.
[INFO DRT-0033] met2 shape region query size = 100.
[INFO DRT-0033] via2 shape region query size = 250.
[INFO DRT-0033] met3 shape region query size = 155.
[INFO DRT-0033] via3 shape region query size = 250.
[INFO DRT-0033] met4 shape region query size = 60.
[INFO DRT-0033] via4 shape region query size = 0.
[INFO DRT-0033] met5 shape region query size = 0.
[INFO DRT-0165] Start pin access.
[INFO DRT-0078]   Complete 23 pins.
[INFO DRT-0081]   Complete 20 unique inst patterns.
[INFO DRT-0084]   Complete 93 groups.
#scanned instances     = 433
#unique  instances     = 28
#stdCellGenAp          = 239
#stdCellValidPlanarAp  = 0
#stdCellValidViaAp     = 135
#stdCellPinNoAp        = 0
#stdCellPinCnt         = 189
#instTermValidViaApCnt = 0
#macroGenAp            = 0
#macroValidPlanarAp    = 0
#macroValidViaAp       = 0
#macroNoAp             = 0
[INFO DRT-0166] Complete pin access.
[INFO DRT-0267] cpu time = 00:00:00, elapsed time = 00:00:00, memory = 104.73 (MB), peak = 104.73 (MB)
[INFO DRT-0151] Reading guide.

Number of guides:     412

[INFO DRT-0169] Post process guides.
[INFO DRT-0176] GCELLGRID X 0 DO 14 STEP 6900 ;
[INFO DRT-0177] GCELLGRID Y 0 DO 10 STEP 6900 ;
[INFO DRT-0028]   Complete FR_MASTERSLICE.
[INFO DRT-0028]   Complete FR_VIA.
[INFO DRT-0028]   Complete li1.
[INFO DRT-0028]   Complete mcon.
[INFO DRT-0028]   Complete met1.
[INFO DRT-0028]   Complete via.
[INFO DRT-0028]   Complete met2.
[INFO DRT-0028]   Complete via2.
[INFO DRT-0028]   Complete met3.
[INFO DRT-0028]   Complete via3.
[INFO DRT-0028]   Complete met4.
[INFO DRT-0028]   Complete via4.
[INFO DRT-0028]   Complete met5.
[INFO DRT-0178] Init guide query.
[INFO DRT-0035]   Complete FR_MASTERSLICE (guide).
[INFO DRT-0035]   Complete FR_VIA (guide).
[INFO DRT-0035]   Complete li1 (guide).
[INFO DRT-0035]   Complete mcon (guide).
[INFO DRT-0035]   Complete met1 (guide).
[INFO DRT-0035]   Complete via (guide).
[INFO DRT-0035]   Complete met2 (guide).
[INFO DRT-0035]   Complete via2 (guide).
[INFO DRT-0035]   Complete met3 (guide).
[INFO DRT-0035]   Complete via3 (guide).
[INFO DRT-0035]   Complete met4 (guide).
[INFO DRT-0035]   Complete via4 (guide).
[INFO DRT-0035]   Complete met5 (guide).
[INFO DRT-0036] FR_MASTERSLICE guide region query size = 0.
[INFO DRT-0036] FR_VIA guide region query size = 0.
[INFO DRT-0036] li1 guide region query size = 164.
[INFO DRT-0036] mcon guide region query size = 0.
[INFO DRT-0036] met1 guide region query size = 133.
[INFO DRT-0036] via guide region query size = 0.
[INFO DRT-0036] met2 guide region query size = 65.
[INFO DRT-0036] via2 guide region query size = 0.
[INFO DRT-0036] met3 guide region query size = 5.
[INFO DRT-0036] via3 guide region query size = 0.
[INFO DRT-0036] met4 guide region query size = 0.
[INFO DRT-0036] via4 guide region query size = 0.
[INFO DRT-0036] met5 guide region query size = 0.
[INFO DRT-0179] Init gr pin query.
[INFO DRT-0185] Post process initialize RPin region query.
[INFO DRT-0181] Start track assignment.
[INFO DRT-0184] Done with 229 vertical wires in 1 frboxes and 138 horizontal wires in 1 frboxes.
[INFO DRT-0186] Done with 6 vertical wires in 1 frboxes and 54 horizontal wires in 1 frboxes.
[INFO DRT-0182] Complete track assignment.
[INFO DRT-0267] cpu time = 00:00:00, elapsed time = 00:00:00, memory = 107.24 (MB), peak = 107.24 (MB)
[INFO DRT-0187] Start routing data preparation.
[INFO DRT-0267] cpu time = 00:00:00, elapsed time = 00:00:00, memory = 107.24 (MB), peak = 107.24 (MB)
[INFO DRT-0194] Start detail routing.
[INFO DRT-0195] Start 0th optimization iteration.
    Completing 10% with 0 violations.
    elapsed time = 00:00:00, memory = 124.56 (MB).
    Completing 20% with 1 violations.
    elapsed time = 00:00:00, memory = 124.56 (MB).
    Completing 30% with 6 violations.
    elapsed time = 00:00:00, memory = 131.52 (MB).
    Completing 40% with 11 violations.
    elapsed time = 00:00:00, memory = 142.09 (MB).
[INFO DRT-0199]   Number of violations = 40.
[INFO DRT-0267] cpu time = 00:00:00, elapsed time = 00:00:00, memory = 451.82 (MB), peak = 493.79 (MB)
Total wire length = 2166 um.
Total wire length on LAYER li1 = 0 um.
Total wire length on LAYER met1 = 474 um.
Total wire length on LAYER met2 = 1542 um.
Total wire length on LAYER met3 = 149 um.
Total wire length on LAYER met4 = 0 um.
Total wire length on LAYER met5 = 0 um.
Total number of vias = 443.
Up-via summary (total 443):.

----------------------
 FR_MASTERSLICE      0
            li1    189
           met1    229
           met2     25
           met3      0
           met4      0
----------------------
                   443


[INFO DRT-0195] Start 1st optimization iteration.
    Completing 10% with 40 violations.
    elapsed time = 00:00:00, memory = 451.82 (MB).
    Completing 20% with 40 violations.
    elapsed time = 00:00:00, memory = 451.82 (MB).
    Completing 30% with 39 violations.
    elapsed time = 00:00:00, memory = 451.82 (MB).
    Completing 40% with 39 violations.
    elapsed time = 00:00:00, memory = 451.82 (MB).
    Completing 50% with 39 violations.
    elapsed time = 00:00:00, memory = 451.82 (MB).
    Completing 60% with 36 violations.
    elapsed time = 00:00:00, memory = 451.82 (MB).
[INFO DRT-0199]   Number of violations = 0.
[INFO DRT-0267] cpu time = 00:00:00, elapsed time = 00:00:00, memory = 493.76 (MB), peak = 493.79 (MB)
Total wire length = 2160 um.
Total wire length on LAYER li1 = 0 um.
Total wire length on LAYER met1 = 435 um.
Total wire length on LAYER met2 = 1536 um.
Total wire length on LAYER met3 = 188 um.
Total wire length on LAYER met4 = 0 um.
Total wire length on LAYER met5 = 0 um.
Total number of vias = 442.
Up-via summary (total 442):.

----------------------
 FR_MASTERSLICE      0
            li1    189
           met1    228
           met2     25
           met3      0
           met4      0
----------------------
                   442


[INFO DRT-0198] Complete detail routing.
Total wire length = 2160 um.
Total wire length on LAYER li1 = 0 um.
Total wire length on LAYER met1 = 435 um.
Total wire length on LAYER met2 = 1536 um.
Total wire length on LAYER met3 = 188 um.
Total wire length on LAYER met4 = 0 um.
Total wire length on LAYER met5 = 0 um.
Total number of vias = 442.
Up-via summary (total 442):.

----------------------
 FR_MASTERSLICE      0
            li1    189
           met1    228
           met2     25
           met3      0
           met4      0
----------------------
                   442


[INFO DRT-0267] cpu time = 00:00:01, elapsed time = 00:00:01, memory = 493.76 (MB), peak = 493.79 (MB)

[INFO DRT-0180] Post processing.
Saving to /foss/designs/SKY130_SAR-ADC/openlane/adc_clkgen_with_edgedetect/runs/kasleberkas/results/routing/adc_clkgen_with_edgedetect.def
