OpenROAD v2.0-4818-g4174c3ad8 
This program is licensed under the BSD-3 license. See the LICENSE file for details.
Components of this program may be licensed under more restrictive licenses which must be honored.
[INFO ODB-0222] Reading LEF file: /foss/designs/SKY130_SAR-ADC/openlane/adc_clkgen_with_edgedetect/runs/kasleberkas/tmp/merged.nom.lef
[WARNING ODB-0220] WARNING (LEFPARS-2036): SOURCE statement is obsolete in version 5.6 and later.
The LEF parser will ignore this statement.
To avoid this warning in the future, remove this statement from the LEF file with version 5.6 or later. See file /foss/designs/SKY130_SAR-ADC/openlane/adc_clkgen_with_edgedetect/runs/kasleberkas/tmp/merged.nom.lef at line 930.

[INFO ODB-0223]     Created 13 technology layers
[INFO ODB-0224]     Created 25 technology vias
[INFO ODB-0225]     Created 442 library cells
[INFO ODB-0226] Finished LEF file:  /foss/designs/SKY130_SAR-ADC/openlane/adc_clkgen_with_edgedetect/runs/kasleberkas/tmp/merged.nom.lef
[INFO ODB-0127] Reading DEF file: /foss/designs/SKY130_SAR-ADC/openlane/adc_clkgen_with_edgedetect/runs/kasleberkas/tmp/routing/15-fill.def
[INFO ODB-0128] Design: adc_clkgen_with_edgedetect
[INFO ODB-0130]     Created 7 pins.
[INFO ODB-0131]     Created 424 components and 1753 component-terminals.
[INFO ODB-0132]     Created 4 special nets and 1564 connections.
[INFO ODB-0133]     Created 96 nets and 189 connections.
[INFO ODB-0134] Finished DEF file: /foss/designs/SKY130_SAR-ADC/openlane/adc_clkgen_with_edgedetect/runs/kasleberkas/tmp/routing/15-fill.def
[INFO ORD-0030] Using 2 thread(s).
[INFO DRT-0149] Reading tech and libs.

Units:                1000
Number of layers:     13
Number of macros:     442
Number of vias:       25
Number of viarulegen: 25

[INFO DRT-0150] Reading design.

Design:                   adc_clkgen_with_edgedetect
Die area:                 ( 0 0 ) ( 160000 32000 )
Number of track patterns: 12
Number of DEF vias:       3
Number of components:     424
Number of terminals:      7
Number of snets:          4
Number of nets:           96

[INFO DRT-0167] List of default vias:
  Layer mcon
    default via: L1M1_PR
  Layer via
    default via: M1M2_PR
  Layer via2
    default via: M2M3_PR
  Layer via3
    default via: M3M4_PR
  Layer via4
    default via: M4M5_PR
[INFO DRT-0162] Library cell analysis.
[INFO DRT-0163] Instance analysis.
[INFO DRT-0164] Number of unique instances = 28.
[INFO DRT-0168] Init region query.
[INFO DRT-0024]   Complete FR_MASTERSLICE.
[INFO DRT-0024]   Complete FR_VIA.
[INFO DRT-0024]   Complete li1.
[INFO DRT-0024]   Complete mcon.
[INFO DRT-0024]   Complete met1.
[INFO DRT-0024]   Complete via.
[INFO DRT-0024]   Complete met2.
[INFO DRT-0024]   Complete via2.
[INFO DRT-0024]   Complete met3.
[INFO DRT-0024]   Complete via3.
[INFO DRT-0024]   Complete met4.
[INFO DRT-0024]   Complete via4.
[INFO DRT-0024]   Complete met5.
[INFO DRT-0033] FR_MASTERSLICE shape region query size = 0.
[INFO DRT-0033] FR_VIA shape region query size = 0.
[INFO DRT-0033] li1 shape region query size = 4769.
[INFO DRT-0033] mcon shape region query size = 8083.
[INFO DRT-0033] met1 shape region query size = 3376.
[INFO DRT-0033] via shape region query size = 685.
[INFO DRT-0033] met2 shape region query size = 411.
[INFO DRT-0033] via2 shape region query size = 548.
[INFO DRT-0033] met3 shape region query size = 416.
[INFO DRT-0033] via3 shape region query size = 548.
[INFO DRT-0033] met4 shape region query size = 187.
[INFO DRT-0033] via4 shape region query size = 0.
[INFO DRT-0033] met5 shape region query size = 0.
[INFO DRT-0165] Start pin access.
[INFO DRT-0078]   Complete 23 pins.
[INFO DRT-0081]   Complete 10 unique inst patterns.
[INFO DRT-0084]   Complete 93 groups.
#scanned instances     = 424
#unique  instances     = 28
#stdCellGenAp          = 239
#stdCellValidPlanarAp  = 0
#stdCellValidViaAp     = 135
#stdCellPinNoAp        = 0
#stdCellPinCnt         = 189
#instTermValidViaApCnt = 0
#macroGenAp            = 0
#macroValidPlanarAp    = 0
#macroValidViaAp       = 0
#macroNoAp             = 0
[INFO DRT-0166] Complete pin access.
[INFO DRT-0267] cpu time = 00:00:01, elapsed time = 00:00:00, memory = 109.08 (MB), peak = 109.08 (MB)

Number of guides:     380

[INFO DRT-0169] Post process guides.
[INFO DRT-0176] GCELLGRID X 0 DO 23 STEP 6900 ;
[INFO DRT-0177] GCELLGRID Y 0 DO 4 STEP 6900 ;
[INFO DRT-0028]   Complete FR_MASTERSLICE.
[INFO DRT-0028]   Complete FR_VIA.
[INFO DRT-0028]   Complete li1.
[INFO DRT-0028]   Complete mcon.
[INFO DRT-0028]   Complete met1.
[INFO DRT-0028]   Complete via.
[INFO DRT-0028]   Complete met2.
[INFO DRT-0028]   Complete via2.
[INFO DRT-0028]   Complete met3.
[INFO DRT-0028]   Complete via3.
[INFO DRT-0028]   Complete met4.
[INFO DRT-0028]   Complete via4.
[INFO DRT-0028]   Complete met5.
[INFO DRT-0178] Init guide query.
[INFO DRT-0035]   Complete FR_MASTERSLICE (guide).
[INFO DRT-0035]   Complete FR_VIA (guide).
[INFO DRT-0035]   Complete li1 (guide).
[INFO DRT-0035]   Complete mcon (guide).
[INFO DRT-0035]   Complete met1 (guide).
[INFO DRT-0035]   Complete via (guide).
[INFO DRT-0035]   Complete met2 (guide).
[INFO DRT-0035]   Complete via2 (guide).
[INFO DRT-0035]   Complete met3 (guide).
[INFO DRT-0035]   Complete via3 (guide).
[INFO DRT-0035]   Complete met4 (guide).
[INFO DRT-0035]   Complete via4 (guide).
[INFO DRT-0035]   Complete met5 (guide).
[INFO DRT-0036] FR_MASTERSLICE guide region query size = 0.
[INFO DRT-0036] FR_VIA guide region query size = 0.
[INFO DRT-0036] li1 guide region query size = 154.
[INFO DRT-0036] mcon guide region query size = 0.
[INFO DRT-0036] met1 guide region query size = 105.
[INFO DRT-0036] via guide region query size = 0.
[INFO DRT-0036] met2 guide region query size = 48.
[INFO DRT-0036] via2 guide region query size = 0.
[INFO DRT-0036] met3 guide region query size = 5.
[INFO DRT-0036] via3 guide region query size = 0.
[INFO DRT-0036] met4 guide region query size = 0.
[INFO DRT-0036] via4 guide region query size = 0.
[INFO DRT-0036] met5 guide region query size = 0.
[INFO DRT-0179] Init gr pin query.
[INFO DRT-0245] skipped writing guide updates to database.
[INFO DRT-0185] Post process initialize RPin region query.
[INFO DRT-0181] Start track assignment.
[INFO DRT-0184] Done with 202 vertical wires in 1 frboxes and 110 horizontal wires in 1 frboxes.
[INFO DRT-0186] Done with 22 vertical wires in 1 frboxes and 48 horizontal wires in 1 frboxes.
[INFO DRT-0182] Complete track assignment.
[INFO DRT-0267] cpu time = 00:00:00, elapsed time = 00:00:00, memory = 111.51 (MB), peak = 111.51 (MB)
[INFO DRT-0187] Start routing data preparation.
[INFO DRT-0267] cpu time = 00:00:00, elapsed time = 00:00:00, memory = 111.51 (MB), peak = 111.51 (MB)
[INFO DRT-0194] Start detail routing.
[INFO DRT-0195] Start 0th optimization iteration.
    Completing 10% with 0 violations.
    elapsed time = 00:00:00, memory = 137.74 (MB).
    Completing 20% with 0 violations.
    elapsed time = 00:00:01, memory = 136.73 (MB).
    Completing 30% with 3 violations.
    elapsed time = 00:00:01, memory = 136.73 (MB).
    Completing 40% with 3 violations.
    elapsed time = 00:00:01, memory = 138.54 (MB).
[INFO DRT-0199]   Number of violations = 8.
Viol/Layer        met1   met3
Metal Spacing        2      3
Short                3      0
[INFO DRT-0267] cpu time = 00:00:03, elapsed time = 00:00:02, memory = 444.00 (MB), peak = 485.79 (MB)
Total wire length = 1694 um.
Total wire length on LAYER li1 = 0 um.
Total wire length on LAYER met1 = 885 um.
Total wire length on LAYER met2 = 705 um.
Total wire length on LAYER met3 = 103 um.
Total wire length on LAYER met4 = 0 um.
Total wire length on LAYER met5 = 0 um.
Total number of vias = 442.
Up-via summary (total 442):.

----------------------
 FR_MASTERSLICE      0
            li1    189
           met1    232
           met2     21
           met3      0
           met4      0
----------------------
                   442


[INFO DRT-0195] Start 1st optimization iteration.
    Completing 10% with 8 violations.
    elapsed time = 00:00:00, memory = 446.61 (MB).
    Completing 20% with 8 violations.
    elapsed time = 00:00:00, memory = 447.64 (MB).
    Completing 30% with 5 violations.
    elapsed time = 00:00:01, memory = 447.64 (MB).
    Completing 40% with 5 violations.
    elapsed time = 00:00:01, memory = 447.64 (MB).
[INFO DRT-0199]   Number of violations = 0.
[INFO DRT-0267] cpu time = 00:00:02, elapsed time = 00:00:01, memory = 489.57 (MB), peak = 489.57 (MB)
Total wire length = 1668 um.
Total wire length on LAYER li1 = 0 um.
Total wire length on LAYER met1 = 885 um.
Total wire length on LAYER met2 = 682 um.
Total wire length on LAYER met3 = 100 um.
Total wire length on LAYER met4 = 0 um.
Total wire length on LAYER met5 = 0 um.
Total number of vias = 444.
Up-via summary (total 444):.

----------------------
 FR_MASTERSLICE      0
            li1    189
           met1    232
           met2     23
           met3      0
           met4      0
----------------------
                   444


[INFO DRT-0198] Complete detail routing.
Total wire length = 1668 um.
Total wire length on LAYER li1 = 0 um.
Total wire length on LAYER met1 = 885 um.
Total wire length on LAYER met2 = 682 um.
Total wire length on LAYER met3 = 100 um.
Total wire length on LAYER met4 = 0 um.
Total wire length on LAYER met5 = 0 um.
Total number of vias = 444.
Up-via summary (total 444):.

----------------------
 FR_MASTERSLICE      0
            li1    189
           met1    232
           met2     23
           met3      0
           met4      0
----------------------
                   444


[INFO DRT-0267] cpu time = 00:00:05, elapsed time = 00:00:04, memory = 489.57 (MB), peak = 489.57 (MB)

[INFO DRT-0180] Post processing.
Saving to /foss/designs/SKY130_SAR-ADC/openlane/adc_clkgen_with_edgedetect/runs/kasleberkas/results/routing/adc_clkgen_with_edgedetect.def
