OpenROAD v2.0-5793-g9b9f3bff1 
This program is licensed under the BSD-3 license. See the LICENSE file for details.
Components of this program may be licensed under more restrictive licenses which must be honored.
[WARNING STA-0164] /foss/designs/SKY130_SAR-ADC/openlane/adc_clkgen_with_edgedetect/src/sky130_mm_sc_hd_dlyPoly5ns.lib line 242, timing group from output port.
[INFO ODB-0222] Reading LEF file: /foss/designs/SKY130_SAR-ADC/openlane/adc_clkgen_with_edgedetect/runs/wurscht/tmp/merged.nom.lef
[WARNING ODB-0220] WARNING (LEFPARS-2036): SOURCE statement is obsolete in version 5.6 and later.
The LEF parser will ignore this statement.
To avoid this warning in the future, remove this statement from the LEF file with version 5.6 or later. See file /foss/designs/SKY130_SAR-ADC/openlane/adc_clkgen_with_edgedetect/runs/wurscht/tmp/merged.nom.lef at line 68342.

[INFO ODB-0223]     Created 13 technology layers
[INFO ODB-0224]     Created 25 technology vias
[INFO ODB-0225]     Created 442 library cells
[INFO ODB-0226] Finished LEF file:  /foss/designs/SKY130_SAR-ADC/openlane/adc_clkgen_with_edgedetect/runs/wurscht/tmp/merged.nom.lef
Reading netlist...
[INFO IFP-0001] Added 20 rows of 347 sites.
[INFO IFP-0030] Inserted 0 tiecells using sky130_fd_sc_hd__conb_1/LO.
[INFO IFP-0030] Inserted 0 tiecells using sky130_fd_sc_hd__conb_1/HI.
[INFO] Extracting DIE_AREA and CORE_AREA from the floorplan
[INFO] Floorplanned on a die area of 0.0 0.0 171.0 60.0 (microns). Saving to /foss/designs/SKY130_SAR-ADC/openlane/adc_clkgen_with_edgedetect/runs/wurscht/reports/floorplan/3-initial_fp_die_area.rpt.
[INFO] Floorplanned on a core area of 5.52 2.72 165.14 57.12 (microns). Saving to /foss/designs/SKY130_SAR-ADC/openlane/adc_clkgen_with_edgedetect/runs/wurscht/reports/floorplan/3-initial_fp_core_area.rpt.
[WARNING] Did not save OpenROAD database!
