OpenROAD v2.0-5793-g9b9f3bff1 
This program is licensed under the BSD-3 license. See the LICENSE file for details.
Components of this program may be licensed under more restrictive licenses which must be honored.
Top-level design name: adc_clkgen_with_edgedetect
Block boundaries: 0 0 171000 60000
Horizontal Tracks Origin: 340, Count: 88, Step: 680
Vertical Tracks Origin: 230, Count: 372, Step: 460
Placement details for the #N side
Virtual pin count:  0
Actual pin count:  4
Total pin count:  4
Tracks count:  372
Tracks per pin:  93
Used tracks count:  280
Unused track count:  92
Starting track index:  46
Placement Map:
[230, 690, 1150, 1610, 2070, 2530, 2990, 3450, 3910, 4370, 4830, 5290, 5750, 6210, 6670, 7130, 7590, 8050, 8510, 8970, 9430, 9890, 10350, 10810, 11270, 11730, 12190, 12650, 13110, 13570, 14030, 14490, 14950, 15410, 15870, 16330, 16790, 17250, 17710, 18170, 18630, 19090, 19550, 20010, 20470, 20930, [91m21390[0m, 21850, 22310, 22770, 23230, 23690, 24150, 24610, 25070, 25530, 25990, 26450, 26910, 27370, 27830, 28290, 28750, 29210, 29670, 30130, 30590, 31050, 31510, 31970, 32430, 32890, 33350, 33810, 34270, 34730, 35190, 35650, 36110, 36570, 37030, 37490, 37950, 38410, 38870, 39330, 39790, 40250, 40710, 41170, 41630, 42090, 42550, 43010, 43470, 43930, 44390, 44850, 45310, 45770, 46230, 46690, 47150, 47610, 48070, 48530, 48990, 49450, 49910, 50370, 50830, 51290, 51750, 52210, 52670, 53130, 53590, 54050, 54510, 54970, 55430, 55890, 56350, 56810, 57270, 57730, 58190, 58650, 59110, 59570, 60030, 60490, 60950, 61410, 61870, 62330, 62790, 63250, 63710, [91m64170[0m, 64630, 65090, 65550, 66010, 66470, 66930, 67390, 67850, 68310, 68770, 69230, 69690, 70150, 70610, 71070, 71530, 71990, 72450, 72910, 73370, 73830, 74290, 74750, 75210, 75670, 76130, 76590, 77050, 77510, 77970, 78430, 78890, 79350, 79810, 80270, 80730, 81190, 81650, 82110, 82570, 83030, 83490, 83950, 84410, 84870, 85330, 85790, 86250, 86710, 87170, 87630, 88090, 88550, 89010, 89470, 89930, 90390, 90850, 91310, 91770, 92230, 92690, 93150, 93610, 94070, 94530, 94990, 95450, 95910, 96370, 96830, 97290, 97750, 98210, 98670, 99130, 99590, 100050, 100510, 100970, 101430, 101890, 102350, 102810, 103270, 103730, 104190, 104650, 105110, 105570, 106030, 106490, [91m106950[0m, 107410, 107870, 108330, 108790, 109250, 109710, 110170, 110630, 111090, 111550, 112010, 112470, 112930, 113390, 113850, 114310, 114770, 115230, 115690, 116150, 116610, 117070, 117530, 117990, 118450, 118910, 119370, 119830, 120290, 120750, 121210, 121670, 122130, 122590, 123050, 123510, 123970, 124430, 124890, 125350, 125810, 126270, 126730, 127190, 127650, 128110, 128570, 129030, 129490, 129950, 130410, 130870, 131330, 131790, 132250, 132710, 133170, 133630, 134090, 134550, 135010, 135470, 135930, 136390, 136850, 137310, 137770, 138230, 138690, 139150, 139610, 140070, 140530, 140990, 141450, 141910, 142370, 142830, 143290, 143750, 144210, 144670, 145130, 145590, 146050, 146510, 146970, 147430, 147890, 148350, 148810, 149270, [91m149730[0m, 150190, 150650, 151110, 151570, 152030, 152490, 152950, 153410, 153870, 154330, 154790, 155250, 155710, 156170, 156630, 157090, 157550, 158010, 158470, 158930, 159390, 159850, 160310, 160770, 161230, 161690, 162150, 162610, 163070, 163530, 163990, 164450, 164910, 165370, 165830, 166290, 166750, 167210, 167670, 168130, 168590, 169050, 169510, 169970, 170430, 170890, ]
Indices of used tracks: [46, 139, 232, 325]
---
Placement details for the #E side
Virtual pin count:  0
Actual pin count:  2
Total pin count:  2
Tracks count:  88
Tracks per pin:  44
Used tracks count:  45
Unused track count:  43
Starting track index:  21
Placement Map:
[340, 1020, 1700, 2380, 3060, 3740, 4420, 5100, 5780, 6460, 7140, 7820, 8500, 9180, 9860, 10540, 11220, 11900, 12580, 13260, 13940, [91m14620[0m, 15300, 15980, 16660, 17340, 18020, 18700, 19380, 20060, 20740, 21420, 22100, 22780, 23460, 24140, 24820, 25500, 26180, 26860, 27540, 28220, 28900, 29580, 30260, 30940, 31620, 32300, 32980, 33660, 34340, 35020, 35700, 36380, 37060, 37740, 38420, 39100, 39780, 40460, 41140, 41820, 42500, 43180, 43860, [91m44540[0m, 45220, 45900, 46580, 47260, 47940, 48620, 49300, 49980, 50660, 51340, 52020, 52700, 53380, 54060, 54740, 55420, 56100, 56780, 57460, 58140, 58820, 59500, ]
Indices of used tracks: [21, 65]
---
Placement details for the #S side
Virtual pin count:  0
Actual pin count:  4
Total pin count:  4
Tracks count:  372
Tracks per pin:  93
Used tracks count:  280
Unused track count:  92
Starting track index:  46
Placement Map:
[230, 690, 1150, 1610, 2070, 2530, 2990, 3450, 3910, 4370, 4830, 5290, 5750, 6210, 6670, 7130, 7590, 8050, 8510, 8970, 9430, 9890, 10350, 10810, 11270, 11730, 12190, 12650, 13110, 13570, 14030, 14490, 14950, 15410, 15870, 16330, 16790, 17250, 17710, 18170, 18630, 19090, 19550, 20010, 20470, 20930, [91m21390[0m, 21850, 22310, 22770, 23230, 23690, 24150, 24610, 25070, 25530, 25990, 26450, 26910, 27370, 27830, 28290, 28750, 29210, 29670, 30130, 30590, 31050, 31510, 31970, 32430, 32890, 33350, 33810, 34270, 34730, 35190, 35650, 36110, 36570, 37030, 37490, 37950, 38410, 38870, 39330, 39790, 40250, 40710, 41170, 41630, 42090, 42550, 43010, 43470, 43930, 44390, 44850, 45310, 45770, 46230, 46690, 47150, 47610, 48070, 48530, 48990, 49450, 49910, 50370, 50830, 51290, 51750, 52210, 52670, 53130, 53590, 54050, 54510, 54970, 55430, 55890, 56350, 56810, 57270, 57730, 58190, 58650, 59110, 59570, 60030, 60490, 60950, 61410, 61870, 62330, 62790, 63250, 63710, [91m64170[0m, 64630, 65090, 65550, 66010, 66470, 66930, 67390, 67850, 68310, 68770, 69230, 69690, 70150, 70610, 71070, 71530, 71990, 72450, 72910, 73370, 73830, 74290, 74750, 75210, 75670, 76130, 76590, 77050, 77510, 77970, 78430, 78890, 79350, 79810, 80270, 80730, 81190, 81650, 82110, 82570, 83030, 83490, 83950, 84410, 84870, 85330, 85790, 86250, 86710, 87170, 87630, 88090, 88550, 89010, 89470, 89930, 90390, 90850, 91310, 91770, 92230, 92690, 93150, 93610, 94070, 94530, 94990, 95450, 95910, 96370, 96830, 97290, 97750, 98210, 98670, 99130, 99590, 100050, 100510, 100970, 101430, 101890, 102350, 102810, 103270, 103730, 104190, 104650, 105110, 105570, 106030, 106490, [91m106950[0m, 107410, 107870, 108330, 108790, 109250, 109710, 110170, 110630, 111090, 111550, 112010, 112470, 112930, 113390, 113850, 114310, 114770, 115230, 115690, 116150, 116610, 117070, 117530, 117990, 118450, 118910, 119370, 119830, 120290, 120750, 121210, 121670, 122130, 122590, 123050, 123510, 123970, 124430, 124890, 125350, 125810, 126270, 126730, 127190, 127650, 128110, 128570, 129030, 129490, 129950, 130410, 130870, 131330, 131790, 132250, 132710, 133170, 133630, 134090, 134550, 135010, 135470, 135930, 136390, 136850, 137310, 137770, 138230, 138690, 139150, 139610, 140070, 140530, 140990, 141450, 141910, 142370, 142830, 143290, 143750, 144210, 144670, 145130, 145590, 146050, 146510, 146970, 147430, 147890, 148350, 148810, 149270, [91m149730[0m, 150190, 150650, 151110, 151570, 152030, 152490, 152950, 153410, 153870, 154330, 154790, 155250, 155710, 156170, 156630, 157090, 157550, 158010, 158470, 158930, 159390, 159850, 160310, 160770, 161230, 161690, 162150, 162610, 163070, 163530, 163990, 164450, 164910, 165370, 165830, 166290, 166750, 167210, 167670, 168130, 168590, 169050, 169510, 169970, 170430, 170890, ]
Indices of used tracks: [46, 139, 232, 325]
---
Placement details for the #W side
Virtual pin count:  0
Actual pin count:  25
Total pin count:  25
Tracks count:  88
Tracks per pin:  3
Used tracks count:  73
Unused track count:  15
Starting track index:  7
Placement Map:
[340, 1020, 1700, 2380, 3060, 3740, 4420, [91m5100[0m, 5780, 6460, [91m7140[0m, 7820, 8500, [91m9180[0m, 9860, 10540, [91m11220[0m, 11900, 12580, [91m13260[0m, 13940, 14620, [91m15300[0m, 15980, 16660, [91m17340[0m, 18020, 18700, [91m19380[0m, 20060, 20740, [91m21420[0m, 22100, 22780, [91m23460[0m, 24140, 24820, [91m25500[0m, 26180, 26860, [91m27540[0m, 28220, 28900, [91m29580[0m, 30260, 30940, [91m31620[0m, 32300, 32980, [91m33660[0m, 34340, 35020, [91m35700[0m, 36380, 37060, [91m37740[0m, 38420, 39100, [91m39780[0m, 40460, 41140, [91m41820[0m, 42500, 43180, [91m43860[0m, 44540, 45220, [91m45900[0m, 46580, 47260, [91m47940[0m, 48620, 49300, [91m49980[0m, 50660, 51340, [91m52020[0m, 52700, 53380, [91m54060[0m, 54740, 55420, 56100, 56780, 57460, 58140, 58820, 59500, ]
Indices of used tracks: [7, 10, 13, 16, 19, 22, 25, 28, 31, 34, 37, 40, 43, 46, 49, 52, 55, 58, 61, 64, 67, 70, 73, 76, 79]
---
