Warning: Equate pins:  cell sky130_fd_pr__nfet_01v8 is a placeholder, treated as a black box.
Warning: Equate pins:  cell sky130_fd_pr__nfet_01v8 is a placeholder, treated as a black box.

Subcircuit pins:
Circuit 1: sky130_fd_pr__nfet_01v8         |Circuit 2: sky130_fd_pr__nfet_01v8         
-------------------------------------------|-------------------------------------------
1                                          |1                                          
2                                          |2                                          
3                                          |3                                          
4                                          |4                                          
---------------------------------------------------------------------------------------
Cell pin lists are equivalent.
Device classes sky130_fd_pr__nfet_01v8 and sky130_fd_pr__nfet_01v8 are equivalent.
Warning: Equate pins:  cell sky130_fd_pr__pfet_01v8 is a placeholder, treated as a black box.
Warning: Equate pins:  cell sky130_fd_pr__pfet_01v8 is a placeholder, treated as a black box.

Subcircuit pins:
Circuit 1: sky130_fd_pr__pfet_01v8         |Circuit 2: sky130_fd_pr__pfet_01v8         
-------------------------------------------|-------------------------------------------
1                                          |1                                          
2                                          |2                                          
3                                          |3                                          
4                                          |4                                          
---------------------------------------------------------------------------------------
Cell pin lists are equivalent.
Device classes sky130_fd_pr__pfet_01v8 and sky130_fd_pr__pfet_01v8 are equivalent.
Warning: Equate pins:  cell sky130_fd_pr__cap_mim_m3_1 is a placeholder, treated as a black box.
Warning: Equate pins:  cell sky130_fd_pr__cap_mim_m3_1 is a placeholder, treated as a black box.

Subcircuit pins:
Circuit 1: sky130_fd_pr__cap_mim_m3_1      |Circuit 2: sky130_fd_pr__cap_mim_m3_1      
-------------------------------------------|-------------------------------------------
1                                          |1                                          
2                                          |2                                          
---------------------------------------------------------------------------------------
Cell pin lists are equivalent.
Device classes sky130_fd_pr__cap_mim_m3_1 and sky130_fd_pr__cap_mim_m3_1 are equivalent.
Flattening unmatched subcell adc_array_wafflecap_8_8 in circuit adc_array_matrix_8Cap_12Bit (1)(511 instances)
Flattening unmatched subcell adc_array_circuit_150n_8 in circuit adc_array_matrix_8Cap_12Bit (1)(511 instances)
Flattening unmatched subcell adc_array_wafflecap_8_Drv in circuit adc_array_matrix_8Cap_12Bit (1)(16 instances)
Flattening unmatched subcell adc_array_circuit_150n_Drv in circuit adc_array_matrix_8Cap_12Bit (1)(16 instances)
Flattening unmatched subcell adc_array_wafflecap_8_Dummy in circuit adc_array_matrix_8Cap_12Bit (1)(80 instances)
Flattening unmatched subcell adc_array_circuit_150n_8 in circuit adc_array_matrix_8Cap_12Bit (1)(80 instances)
Flattening unmatched subcell adc_array_wafflecap_8_4 in circuit adc_array_matrix_8Cap_12Bit (1)(1 instance)
Flattening unmatched subcell adc_array_circuit_150n_4 in circuit adc_array_matrix_8Cap_12Bit (1)(1 instance)
Flattening unmatched subcell adc_array_wafflecap_8_2 in circuit adc_array_matrix_8Cap_12Bit (1)(1 instance)
Flattening unmatched subcell adc_array_circuit_150n_2 in circuit adc_array_matrix_8Cap_12Bit (1)(1 instance)
Flattening unmatched subcell adc_array_wafflecap_8_1 in circuit adc_array_matrix_8Cap_12Bit (1)(2 instances)
Flattening unmatched subcell adc_array_circuit_150n_1 in circuit adc_array_matrix_8Cap_12Bit (1)(2 instances)
Flattening unmatched subcell adc_array_wafflecap_8_Gate in circuit adc_array_matrix_8Cap_12Bit (1)(1 instance)
Flattening unmatched subcell adc_array_circuit_150n_gate in circuit adc_array_matrix_8Cap_12Bit (1)(1 instance)
Flattening unmatched subcell adc_noise_decoup_cell1 in circuit adc_array_matrix_8Cap_12Bit (1)(15 instances)

Class adc_array_matrix_flat (0):  Merged 100 parallel devices.
Class adc_array_matrix_8Cap_12Bit (1):  Merged 34 parallel devices.
Subcircuit summary:
Circuit 1: adc_array_matrix_flat           |Circuit 2: adc_array_matrix_8Cap_12Bit     
-------------------------------------------|-------------------------------------------
sky130_fd_pr__pfet_01v8 (3041->3008)       |sky130_fd_pr__pfet_01v8 (3008)             
sky130_fd_pr__nfet_01v8 (3056->3003)       |sky130_fd_pr__nfet_01v8 (3023->3003)       
sky130_fd_pr__cap_mim_m3_1 (15->1)         |sky130_fd_pr__cap_mim_m3_1 (15->1)         
Number of devices: 6012                    |Number of devices: 6012                    
Number of nets: 2489                       |Number of nets: 2489                       
---------------------------------------------------------------------------------------
Resolving automorphisms by property value.
Resolving automorphisms by pin name.
Netlists match with 27 symmetries.
Circuits match correctly.

Subcircuit pins:
Circuit 1: adc_array_matrix_flat           |Circuit 2: adc_array_matrix_8Cap_12Bit     
-------------------------------------------|-------------------------------------------
sw                                         |sw                                         
sw_n                                       |sw_n                                       
sample                                     |sample                                     
sample_n                                   |sample_n                                   
col_n[1]                                   |col_n[1]                                   
col_n[8]                                   |col_n[8]                                   
col_n[16]                                  |col_n[16]                                  
col_n[24]                                  |col_n[24]                                  
col_n[31]                                  |col_n[31]                                  
VSS                                        |VSS                                        
vcm                                        |vcm                                        
col_n[2]                                   |col_n[2]                                   
col_n[3]                                   |col_n[3]                                   
col_n[4]                                   |col_n[4]                                   
col_n[5]                                   |col_n[5]                                   
col_n[6]                                   |col_n[6]                                   
col_n[7]                                   |col_n[7]                                   
col_n[9]                                   |col_n[9]                                   
col_n[10]                                  |col_n[10]                                  
col_n[11]                                  |col_n[11]                                  
col_n[12]                                  |col_n[12]                                  
col_n[13]                                  |col_n[13]                                  
col_n[14]                                  |col_n[14]                                  
col_n[15]                                  |col_n[15]                                  
col_n[17]                                  |col_n[17]                                  
col_n[18]                                  |col_n[18]                                  
col_n[19]                                  |col_n[19]                                  
col_n[20]                                  |col_n[20]                                  
col_n[21]                                  |col_n[21]                                  
col_n[22]                                  |col_n[22]                                  
col_n[23]                                  |col_n[23]                                  
col_n[25]                                  |col_n[25]                                  
col_n[26]                                  |col_n[26]                                  
col_n[27]                                  |col_n[27]                                  
col_n[28]                                  |col_n[28]                                  
col_n[29]                                  |col_n[29]                                  
col_n[30]                                  |col_n[30]                                  
col_n[0]                                   |col_n[0]                                   
VDD                                        |VDD                                        
ctop                                       |ctop                                       
analog_in                                  |analog_in                                  
row_n[0]                                   |row_n[0]                                   
row_n[1]                                   |row_n[1]                                   
row_n[2]                                   |row_n[2]                                   
row_n[3]                                   |row_n[3]                                   
row_n[4]                                   |row_n[4]                                   
row_n[5]                                   |row_n[5]                                   
row_n[6]                                   |row_n[6]                                   
row_n[7]                                   |row_n[7]                                   
row_n[8]                                   |row_n[8]                                   
row_n[9]                                   |row_n[9]                                   
row_n[10]                                  |row_n[10]                                  
row_n[11]                                  |row_n[11]                                  
row_n[12]                                  |row_n[12]                                  
row_n[13]                                  |row_n[13]                                  
row_n[14]                                  |row_n[14]                                  
row_n[15]                                  |row_n[15]                                  
rowon_n[0]                                 |rowon_n[0]                                 
rowon_n[1]                                 |rowon_n[1]                                 
rowon_n[2]                                 |rowon_n[2]                                 
rowon_n[3]                                 |rowon_n[3]                                 
rowon_n[4]                                 |rowon_n[4]                                 
rowon_n[5]                                 |rowon_n[5]                                 
rowon_n[6]                                 |rowon_n[6]                                 
rowon_n[7]                                 |rowon_n[7]                                 
rowon_n[8]                                 |rowon_n[8]                                 
rowon_n[9]                                 |rowon_n[9]                                 
rowon_n[10]                                |rowon_n[10]                                
rowon_n[11]                                |rowon_n[11]                                
rowon_n[12]                                |rowon_n[12]                                
rowon_n[13]                                |rowon_n[13]                                
rowon_n[14]                                |rowon_n[14]                                
rowon_n[15]                                |rowon_n[15]                                
en_n_bit[2]                                |en_n_bit[2]                                
en_n_bit[1]                                |en_n_bit[1]                                
en_n_bit[0]                                |en_n_bit[0]                                
en_C0_n                                    |en_C0_n                                    
---------------------------------------------------------------------------------------
Cell pin lists are equivalent.
Device classes adc_array_matrix_flat and adc_array_matrix_8Cap_12Bit are equivalent.
Circuits match uniquely.
