Warning: Equate pins:  cell sky130_fd_pr__nfet_01v8 is a placeholder, treated as a black box.
Warning: Equate pins:  cell sky130_fd_pr__nfet_01v8 is a placeholder, treated as a black box.

Subcircuit pins:
Circuit 1: sky130_fd_pr__nfet_01v8         |Circuit 2: sky130_fd_pr__nfet_01v8         
-------------------------------------------|-------------------------------------------
1                                          |1                                          
2                                          |2                                          
3                                          |3                                          
4                                          |4                                          
---------------------------------------------------------------------------------------
Cell pin lists are equivalent.
Device classes sky130_fd_pr__nfet_01v8 and sky130_fd_pr__nfet_01v8 are equivalent.
Warning: Equate pins:  cell sky130_fd_pr__pfet_01v8 is a placeholder, treated as a black box.
Warning: Equate pins:  cell sky130_fd_pr__pfet_01v8 is a placeholder, treated as a black box.

Subcircuit pins:
Circuit 1: sky130_fd_pr__pfet_01v8         |Circuit 2: sky130_fd_pr__pfet_01v8         
-------------------------------------------|-------------------------------------------
1                                          |1                                          
2                                          |2                                          
3                                          |3                                          
4                                          |4                                          
---------------------------------------------------------------------------------------
Cell pin lists are equivalent.
Device classes sky130_fd_pr__pfet_01v8 and sky130_fd_pr__pfet_01v8 are equivalent.
Warning: Equate pins:  cell sky130_fd_pr__cap_mim_m3_1 is a placeholder, treated as a black box.
Warning: Equate pins:  cell sky130_fd_pr__cap_mim_m3_1 is a placeholder, treated as a black box.

Subcircuit pins:
Circuit 1: sky130_fd_pr__cap_mim_m3_1      |Circuit 2: sky130_fd_pr__cap_mim_m3_1      
-------------------------------------------|-------------------------------------------
1                                          |1                                          
2                                          |2                                          
---------------------------------------------------------------------------------------
Cell pin lists are equivalent.
Device classes sky130_fd_pr__cap_mim_m3_1 and sky130_fd_pr__cap_mim_m3_1 are equivalent.

Class adc_comp_buffer (0):  Merged 2 parallel devices.
Subcircuit summary:
Circuit 1: adc_comp_buffer                 |Circuit 2: adc_comp_buffer                 
-------------------------------------------|-------------------------------------------
sky130_fd_pr__nfet_01v8 (3->2)             |sky130_fd_pr__nfet_01v8 (2)                
sky130_fd_pr__pfet_01v8 (3->2)             |sky130_fd_pr__pfet_01v8 (2)                
Number of devices: 4                       |Number of devices: 4                       
Number of nets: 6 **Mismatch**             |Number of nets: 5 **Mismatch**             
---------------------------------------------------------------------------------------
NET mismatches: Class fragments follow (with fanout counts):
Circuit 1: adc_comp_buffer                 |Circuit 2: adc_comp_buffer                 

---------------------------------------------------------------------------------------
Net: VSS                                   |Net: VSS                                   
  sky130_fd_pr__nfet_01v8/(1|3) = 2        |  sky130_fd_pr__nfet_01v8/(1|3) = 2        
                                           |  sky130_fd_pr__nfet_01v8/4 = 2            
                                           |                                           
Net: a_26_n326#                            |(no matching net)                          
  sky130_fd_pr__nfet_01v8/4 = 2            |                                           
---------------------------------------------------------------------------------------
Netlists do not match.
  Flattening non-matched subcircuits adc_comp_buffer adc_comp_buffer

Subcircuit summary:
Circuit 1: NOR                             |Circuit 2: NOR                             
-------------------------------------------|-------------------------------------------
sky130_fd_pr__pfet_01v8 (4)                |sky130_fd_pr__pfet_01v8 (4)                
sky130_fd_pr__nfet_01v8 (2)                |sky130_fd_pr__nfet_01v8 (2)                
Number of devices: 6                       |Number of devices: 6                       
Number of nets: 7                          |Number of nets: 7                          
---------------------------------------------------------------------------------------
Resolving automorphisms by property value.
Resolving automorphisms by pin name.
Netlists match uniquely.
Circuits match correctly.

Subcircuit pins:
Circuit 1: NOR                             |Circuit 2: NOR                             
-------------------------------------------|-------------------------------------------
Q                                          |Q                                          
VSS                                        |VSS                                        
VDD                                        |VDD                                        
B                                          |B                                          
A                                          |A                                          
---------------------------------------------------------------------------------------
Cell pin lists are equivalent.
Device classes NOR and NOR are equivalent.

Subcircuit summary:
Circuit 1: inverter                        |Circuit 2: inverter                        
-------------------------------------------|-------------------------------------------
sky130_fd_pr__pfet_01v8 (1)                |sky130_fd_pr__pfet_01v8 (1)                
sky130_fd_pr__nfet_01v8 (1)                |sky130_fd_pr__nfet_01v8 (1)                
Number of devices: 2                       |Number of devices: 2                       
Number of nets: 4                          |Number of nets: 4                          
---------------------------------------------------------------------------------------
Circuits match uniquely.
Netlists match uniquely.

Subcircuit pins:
Circuit 1: inverter                        |Circuit 2: inverter                        
-------------------------------------------|-------------------------------------------
out                                        |out                                        
in                                         |in                                         
VSS                                        |VSS                                        
VDD                                        |VDD                                        
---------------------------------------------------------------------------------------
Cell pin lists are equivalent.
Device classes inverter and inverter are equivalent.

Flattening instances of NOR in cell NOR-Latch (1) makes a better match
Making another compare attempt.

Subcircuit summary:
Circuit 1: NOR-Latch                       |Circuit 2: NOR-Latch                       
-------------------------------------------|-------------------------------------------
sky130_fd_pr__nfet_01v8 (4)                |sky130_fd_pr__nfet_01v8 (4)                
sky130_fd_pr__pfet_01v8 (8)                |sky130_fd_pr__pfet_01v8 (8)                
Number of devices: 12                      |Number of devices: 12                      
Number of nets: 10                         |Number of nets: 10                         
---------------------------------------------------------------------------------------
Resolving automorphisms by property value.
Resolving automorphisms by pin name.
Netlists match uniquely.
Circuits match correctly.

Subcircuit pins:
Circuit 1: NOR-Latch                       |Circuit 2: NOR-Latch                       
-------------------------------------------|-------------------------------------------
VDD                                        |VDD                                        
Q                                          |Q                                          
QN                                         |QN                                         
R                                          |R                                          
S                                          |S                                          
VSS                                        |VSS                                        
---------------------------------------------------------------------------------------
Cell pin lists are equivalent.
Device classes NOR-Latch and NOR-Latch are equivalent.
Flattening unmatched subcell cap_64_92 in circuit adc_comp_circuit (0)(2 instances)

Class adc_comp_circuit (0):  Merged 29 parallel devices.
Subcircuit summary:
Circuit 1: adc_comp_circuit                |Circuit 2: adc_comp_circuit                
-------------------------------------------|-------------------------------------------
sky130_fd_pr__nfet_01v8 (26->11)           |sky130_fd_pr__nfet_01v8 (11)               
sky130_fd_pr__pfet_01v8 (22->10)           |sky130_fd_pr__pfet_01v8 (10)               
sky130_fd_pr__cap_mim_m3_1 (8->2)          |sky130_fd_pr__cap_mim_m3_1 (8->2)          
Number of devices: 23                      |Number of devices: 23                      
Number of nets: 17                         |Number of nets: 17                         
---------------------------------------------------------------------------------------
Resolving automorphisms by property value.
Resolving automorphisms by pin name.
Netlists match uniquely.
Circuits match correctly.

Subcircuit pins:
Circuit 1: adc_comp_circuit                |Circuit 2: adc_comp_circuit                
-------------------------------------------|-------------------------------------------
inn                                        |inn                                        
inp                                        |inp                                        
clk                                        |clk                                        
VDD                                        |VDD                                        
nclk                                       |nclk                                       
outn                                       |outn                                       
outp                                       |outp                                       
VSS                                        |VSS                                        
---------------------------------------------------------------------------------------
Cell pin lists are equivalent.
Device classes adc_comp_circuit and adc_comp_circuit are equivalent.

Subcircuit summary:
Circuit 1: adc_comp_latch                  |Circuit 2: adc_comp_latch                  
-------------------------------------------|-------------------------------------------
inverter (2)                               |inverter (2)                               
NOR-Latch (1)                              |NOR-Latch (1)                              
NOR (1)                                    |NOR (1)                                    
adc_comp_circuit (1)                       |adc_comp_circuit (1)                       
Number of devices: 5                       |Number of devices: 5                       
Number of nets: 12                         |Number of nets: 12                         
---------------------------------------------------------------------------------------
Circuits match uniquely.
Netlists match uniquely.

Subcircuit pins:
Circuit 1: adc_comp_latch                  |Circuit 2: adc_comp_latch                  
-------------------------------------------|-------------------------------------------
latch_qn                                   |latch_qn                                   
latch_q                                    |latch_q                                    
comp_trig                                  |comp_trig                                  
clk                                        |clk                                        
inp                                        |inp                                        
inn                                        |inn                                        
VDD                                        |VDD                                        
VSS                                        |VSS                                        
---------------------------------------------------------------------------------------
Cell pin lists are equivalent.
Device classes adc_comp_latch and adc_comp_latch are equivalent.
Circuits match uniquely.
