Warning: Equate pins:  cell sky130_fd_pr__nfet_01v8 is a placeholder, treated as a black box.
Warning: Equate pins:  cell sky130_fd_pr__nfet_01v8 is a placeholder, treated as a black box.

Subcircuit pins:
Circuit 1: sky130_fd_pr__nfet_01v8         |Circuit 2: sky130_fd_pr__nfet_01v8         
-------------------------------------------|-------------------------------------------
1                                          |1                                          
2                                          |2                                          
3                                          |3                                          
4                                          |4                                          
---------------------------------------------------------------------------------------
Cell pin lists are equivalent.
Device classes sky130_fd_pr__nfet_01v8 and sky130_fd_pr__nfet_01v8 are equivalent.
Warning: Equate pins:  cell sky130_fd_pr__pfet_01v8_hvt is a placeholder, treated as a black box.
Warning: Equate pins:  cell sky130_fd_pr__pfet_01v8_hvt is a placeholder, treated as a black box.

Subcircuit pins:
Circuit 1: sky130_fd_pr__pfet_01v8_hvt     |Circuit 2: sky130_fd_pr__pfet_01v8_hvt     
-------------------------------------------|-------------------------------------------
1                                          |1                                          
2                                          |2                                          
3                                          |3                                          
4                                          |4                                          
---------------------------------------------------------------------------------------
Cell pin lists are equivalent.
Device classes sky130_fd_pr__pfet_01v8_hvt and sky130_fd_pr__pfet_01v8_hvt are equivalent.
Warning: Equate pins:  cell sky130_fd_pr__pfet_01v8 is a placeholder, treated as a black box.
Warning: Equate pins:  cell sky130_fd_pr__pfet_01v8 is a placeholder, treated as a black box.

Subcircuit pins:
Circuit 1: sky130_fd_pr__pfet_01v8         |Circuit 2: sky130_fd_pr__pfet_01v8         
-------------------------------------------|-------------------------------------------
1                                          |1                                          
2                                          |2                                          
3                                          |3                                          
4                                          |4                                          
---------------------------------------------------------------------------------------
Cell pin lists are equivalent.
Device classes sky130_fd_pr__pfet_01v8 and sky130_fd_pr__pfet_01v8 are equivalent.
Warning: Equate pins:  cell sky130_fd_pr__cap_mim_m3_1 is a placeholder, treated as a black box.
Warning: Equate pins:  cell sky130_fd_pr__cap_mim_m3_1 is a placeholder, treated as a black box.

Subcircuit pins:
Circuit 1: sky130_fd_pr__cap_mim_m3_1      |Circuit 2: sky130_fd_pr__cap_mim_m3_1      
-------------------------------------------|-------------------------------------------
1                                          |1                                          
2                                          |2                                          
---------------------------------------------------------------------------------------
Cell pin lists are equivalent.
Device classes sky130_fd_pr__cap_mim_m3_1 and sky130_fd_pr__cap_mim_m3_1 are equivalent.
Flattening unmatched subcell adc_cm_clkgen in circuit adc_vcm_gen (1)(1 instance)
Flattening unmatched subcell sky130_fd_sc_hd__inv_1 in circuit adc_vcm_gen (1)(5 instances)
Flattening unmatched subcell sky130_fd_sc_hd__buf_4 in circuit adc_vcm_gen (1)(4 instances)
Flattening unmatched subcell sky130_fd_sc_hd__dlymetal6s6s_1 in circuit adc_vcm_gen (1)(6 instances)
Flattening unmatched subcell sky130_fd_sc_hd__nand2_1 in circuit adc_vcm_gen (1)(2 instances)
Flattening unmatched subcell switch_150n in circuit adc_vcm_gen (1)(5 instances)
Flattening unmatched subcell adc_noise_decoup_cell1 in circuit adc_vcm_gen (1)(88 instances)

Class adc_vcm_gen_flattened (0):  Merged 205 parallel devices.
Class adc_vcm_gen (1):  Merged 195 parallel devices.
Subcircuit summary:
Circuit 1: adc_vcm_gen_flattened           |Circuit 2: adc_vcm_gen                     
-------------------------------------------|-------------------------------------------
sky130_fd_pr__pfet_01v8_hvt (65->53)       |sky130_fd_pr__pfet_01v8_hvt (65->53)       
sky130_fd_pr__nfet_01v8 (163->60)          |sky130_fd_pr__nfet_01v8 (158->60)          
sky130_fd_pr__cap_mim_m3_1 (88->3)         |sky130_fd_pr__cap_mim_m3_1 (88->3)         
sky130_fd_pr__pfet_01v8 (10->5)            |sky130_fd_pr__pfet_01v8 (5)                
Number of devices: 121                     |Number of devices: 121                     
Number of nets: 60                         |Number of nets: 60                         
---------------------------------------------------------------------------------------
Circuits match uniquely.
Netlists match uniquely.

Subcircuit pins:
Circuit 1: adc_vcm_gen_flattened           |Circuit 2: adc_vcm_gen                     
-------------------------------------------|-------------------------------------------
VSS                                        |VSS                                        
vcm                                        |vcm                                        
clk                                        |clk                                        
VDD                                        |VDD                                        
---------------------------------------------------------------------------------------
Cell pin lists are equivalent.
Device classes adc_vcm_gen_flattened and adc_vcm_gen are equivalent.
Circuits match uniquely.
