Warning: Equate pins:  cell sky130_fd_pr__nfet_01v8 is a placeholder, treated as a black box.
Warning: Equate pins:  cell sky130_fd_pr__nfet_01v8 is a placeholder, treated as a black box.

Subcircuit pins:
Circuit 1: sky130_fd_pr__nfet_01v8         |Circuit 2: sky130_fd_pr__nfet_01v8         
-------------------------------------------|-------------------------------------------
1                                          |1                                          
2                                          |2                                          
3                                          |3                                          
4                                          |4                                          
---------------------------------------------------------------------------------------
Cell pin lists are equivalent.
Device classes sky130_fd_pr__nfet_01v8 and sky130_fd_pr__nfet_01v8 are equivalent.
Warning: Equate pins:  cell sky130_fd_pr__pfet_01v8 is a placeholder, treated as a black box.
Warning: Equate pins:  cell sky130_fd_pr__pfet_01v8 is a placeholder, treated as a black box.

Subcircuit pins:
Circuit 1: sky130_fd_pr__pfet_01v8         |Circuit 2: sky130_fd_pr__pfet_01v8         
-------------------------------------------|-------------------------------------------
1                                          |1                                          
2                                          |2                                          
3                                          |3                                          
4                                          |4                                          
---------------------------------------------------------------------------------------
Cell pin lists are equivalent.
Device classes sky130_fd_pr__pfet_01v8 and sky130_fd_pr__pfet_01v8 are equivalent.

Class adc_comp_buffer (0):  Merged 2 parallel devices.
Subcircuit summary:
Circuit 1: adc_comp_buffer                 |Circuit 2: adc_comp_buffer                 
-------------------------------------------|-------------------------------------------
sky130_fd_pr__nfet_01v8 (3->2)             |sky130_fd_pr__nfet_01v8 (2)                
sky130_fd_pr__pfet_01v8 (3->2)             |sky130_fd_pr__pfet_01v8 (2)                
Number of devices: 4                       |Number of devices: 4                       
Number of nets: 6 **Mismatch**             |Number of nets: 5 **Mismatch**             
---------------------------------------------------------------------------------------
NET mismatches: Class fragments follow (with fanout counts):
Circuit 1: adc_comp_buffer                 |Circuit 2: adc_comp_buffer                 

---------------------------------------------------------------------------------------
Net: VSS                                   |Net: VSS                                   
  sky130_fd_pr__nfet_01v8/(1|3) = 2        |  sky130_fd_pr__nfet_01v8/(1|3) = 2        
                                           |  sky130_fd_pr__nfet_01v8/4 = 2            
                                           |                                           
Net: a_26_n326#                            |(no matching net)                          
  sky130_fd_pr__nfet_01v8/4 = 2            |                                           
---------------------------------------------------------------------------------------
Netlists do not match.
  Flattening non-matched subcircuits adc_comp_buffer adc_comp_buffer
Warning: Equate pins:  cell sky130_fd_pr__cap_mim_m3_1 is a placeholder, treated as a black box.
Warning: Equate pins:  cell sky130_fd_pr__cap_mim_m3_1 is a placeholder, treated as a black box.

Subcircuit pins:
Circuit 1: sky130_fd_pr__cap_mim_m3_1      |Circuit 2: sky130_fd_pr__cap_mim_m3_1      
-------------------------------------------|-------------------------------------------
1                                          |1                                          
2                                          |2                                          
---------------------------------------------------------------------------------------
Cell pin lists are equivalent.
Device classes sky130_fd_pr__cap_mim_m3_1 and sky130_fd_pr__cap_mim_m3_1 are equivalent.

Class adc_comp_circuit (0):  Merged 37 parallel devices.
Subcircuit summary:
Circuit 1: adc_comp_circuit                |Circuit 2: adc_comp_circuit                
-------------------------------------------|-------------------------------------------
sky130_fd_pr__nfet_01v8 (26->11)           |sky130_fd_pr__nfet_01v8 (11)               
sky130_fd_pr__pfet_01v8 (22->10)           |sky130_fd_pr__pfet_01v8 (10)               
sky130_fd_pr__cap_mim_m3_1 (16->2)         |sky130_fd_pr__cap_mim_m3_1 (16->2)         
Number of devices: 23                      |Number of devices: 23                      
Number of nets: 17                         |Number of nets: 17                         
---------------------------------------------------------------------------------------
Resolving automorphisms by property value.
Resolving automorphisms by pin name.
Netlists match uniquely.
Circuits match correctly.

Subcircuit pins:
Circuit 1: adc_comp_circuit                |Circuit 2: adc_comp_circuit                
-------------------------------------------|-------------------------------------------
inn                                        |inn                                        
inp                                        |inp                                        
clk                                        |clk                                        
VDD                                        |VDD                                        
nclk                                       |nclk                                       
outn                                       |outn                                       
outp                                       |outp                                       
VSS                                        |VSS                                        
---------------------------------------------------------------------------------------
Cell pin lists are equivalent.
Device classes adc_comp_circuit and adc_comp_circuit are equivalent.
Circuits match uniquely.
