Warning: Equate pins:  cell sky130_fd_pr__nfet_01v8 is a placeholder, treated as a black box.
Warning: Equate pins:  cell sky130_fd_pr__nfet_01v8 is a placeholder, treated as a black box.

Subcircuit pins:
Circuit 1: sky130_fd_pr__nfet_01v8         |Circuit 2: sky130_fd_pr__nfet_01v8         
-------------------------------------------|-------------------------------------------
1                                          |1                                          
2                                          |2                                          
3                                          |3                                          
4                                          |4                                          
---------------------------------------------------------------------------------------
Cell pin lists are equivalent.
Device classes sky130_fd_pr__nfet_01v8 and sky130_fd_pr__nfet_01v8 are equivalent.
Warning: Equate pins:  cell sky130_fd_pr__pfet_01v8 is a placeholder, treated as a black box.
Warning: Equate pins:  cell sky130_fd_pr__pfet_01v8 is a placeholder, treated as a black box.

Subcircuit pins:
Circuit 1: sky130_fd_pr__pfet_01v8         |Circuit 2: sky130_fd_pr__pfet_01v8         
-------------------------------------------|-------------------------------------------
1                                          |1                                          
2                                          |2                                          
3                                          |3                                          
4                                          |4                                          
---------------------------------------------------------------------------------------
Cell pin lists are equivalent.
Device classes sky130_fd_pr__pfet_01v8 and sky130_fd_pr__pfet_01v8 are equivalent.
Flattening unmatched subcell adc_array_circuit in circuit adc_array_wafflecap_16x544aF_46um2 (0)(1 instance)
Flattening unmatched subcell adc_array_circuit_180n in circuit adc_array_cap_16 (1)(1 instance)

Cell adc_array_wafflecap_16x544aF_46um2 (0) disconnected node: CTOP
Cell adc_array_cap_16 (1) disconnected node: CTOP
Subcircuit summary:
Circuit 1: adc_array_wafflecap_16x544aF_46 |Circuit 2: adc_array_cap_16                
-------------------------------------------|-------------------------------------------
sky130_fd_pr__nfet_01v8 (5)                |sky130_fd_pr__nfet_01v8 (5)                
sky130_fd_pr__pfet_01v8 (5)                |sky130_fd_pr__pfet_01v8 (5)                
Number of devices: 10                      |Number of devices: 10                      
Number of nets: 12                         |Number of nets: 12                         
---------------------------------------------------------------------------------------
Circuits match uniquely.
Netlists match uniquely.

Subcircuit pins:
Circuit 1: adc_array_wafflecap_16x544aF_46 |Circuit 2: adc_array_cap_16                
-------------------------------------------|-------------------------------------------
VDD                                        |VDD                                        
VSS                                        |VSS                                        
CBOT                                       |CBOT                                       
ROW_N                                      |ROW_N                                      
COL_N                                      |COL_N                                      
COLON_N                                    |COLON_N                                    
SAMPLE_N                                   |SAMPLE_N                                   
VCOM                                       |VCOM                                       
SAMPLE                                     |SAMPLE                                     
CTOP                                       |CTOP                                       
---------------------------------------------------------------------------------------
Cell pin lists are equivalent.
Device classes adc_array_wafflecap_16x544aF_46um2 and adc_array_cap_16 are equivalent.
Circuits match uniquely.
