Warning: Equate pins:  cell sky130_fd_pr__nfet_01v8 is a placeholder, treated as a black box.
Warning: Equate pins:  cell sky130_fd_pr__nfet_01v8 is a placeholder, treated as a black box.

Subcircuit pins:
Circuit 1: sky130_fd_pr__nfet_01v8         |Circuit 2: sky130_fd_pr__nfet_01v8         
-------------------------------------------|-------------------------------------------
1                                          |1                                          
2                                          |2                                          
3                                          |3                                          
4                                          |4                                          
---------------------------------------------------------------------------------------
Cell pin lists are equivalent.
Device classes sky130_fd_pr__nfet_01v8 and sky130_fd_pr__nfet_01v8 are equivalent.
Warning: Equate pins:  cell sky130_fd_pr__pfet_01v8 is a placeholder, treated as a black box.
Warning: Equate pins:  cell sky130_fd_pr__pfet_01v8 is a placeholder, treated as a black box.

Subcircuit pins:
Circuit 1: sky130_fd_pr__pfet_01v8         |Circuit 2: sky130_fd_pr__pfet_01v8         
-------------------------------------------|-------------------------------------------
1                                          |1                                          
2                                          |2                                          
3                                          |3                                          
4                                          |4                                          
---------------------------------------------------------------------------------------
Cell pin lists are equivalent.
Device classes sky130_fd_pr__pfet_01v8 and sky130_fd_pr__pfet_01v8 are equivalent.

Subcircuit summary:
Circuit 1: adc_array_circuit               |Circuit 2: adc_array_circuit               
-------------------------------------------|-------------------------------------------
sky130_fd_pr__nfet_01v8 (5)                |sky130_fd_pr__nfet_01v8 (5)                
sky130_fd_pr__pfet_01v8 (5)                |sky130_fd_pr__pfet_01v8 (5)                
c (7)                                      |c (7)                                      
Number of devices: 17                      |Number of devices: 17                      
Number of nets: 12                         |Number of nets: 12                         
---------------------------------------------------------------------------------------
NET mismatches: Class fragments follow (with fanout counts):
Circuit 1: adc_array_circuit               |Circuit 2: adc_array_circuit               

---------------------------------------------------------------------------------------
Net: VDRV                                  |Net: VDRV                                  
  sky130_fd_pr__nfet_01v8/3 = 1            |  sky130_fd_pr__nfet_01v8/3 = 2            
  sky130_fd_pr__pfet_01v8/1 = 1            |  sky130_fd_pr__pfet_01v8/1 = 2            
  sky130_fd_pr__pfet_01v8/3 = 2            |  sky130_fd_pr__pfet_01v8/3 = 1            
  c/top = 1                                |  c/top = 1                                
  sky130_fd_pr__nfet_01v8/1 = 1            |                                           
---------------------------------------------------------------------------------------

---------------------------------------------------------------------------------------
Net: VDD                                   |Net: VDD                                   
  sky130_fd_pr__pfet_01v8/4 = 5            |  sky130_fd_pr__pfet_01v8/4 = 5            
  sky130_fd_pr__pfet_01v8/1 = 2            |  sky130_fd_pr__pfet_01v8/1 = 1            
  c/bottom = 1                             |  c/bottom = 1                             
  c/top = 1                                |  c/top = 1                                
                                           |  sky130_fd_pr__pfet_01v8/3 = 1            
---------------------------------------------------------------------------------------

---------------------------------------------------------------------------------------
Net: VSS                                   |Net: VSS                                   
  sky130_fd_pr__nfet_01v8/4 = 5            |  sky130_fd_pr__nfet_01v8/4 = 5            
  sky130_fd_pr__nfet_01v8/1 = 2            |  sky130_fd_pr__nfet_01v8/1 = 1            
  c/bottom = 3                             |  c/bottom = 3                             
                                           |  sky130_fd_pr__nfet_01v8/3 = 1            
---------------------------------------------------------------------------------------

---------------------------------------------------------------------------------------
Net: CBOT                                  |Net: CBOT                                  
  sky130_fd_pr__nfet_01v8/3 = 2            |  sky130_fd_pr__nfet_01v8/3 = 1            
  sky130_fd_pr__pfet_01v8/3 = 2            |  sky130_fd_pr__pfet_01v8/3 = 1            
                                           |  sky130_fd_pr__nfet_01v8/1 = 1            
                                           |  sky130_fd_pr__pfet_01v8/1 = 1            
                                           |                                           
Net: COLON_N                               |Net: COLON_N                               
  sky130_fd_pr__pfet_01v8/2 = 1            |  sky130_fd_pr__pfet_01v8/2 = 1            
  sky130_fd_pr__nfet_01v8/2 = 1            |  sky130_fd_pr__nfet_01v8/2 = 1            
  c/top = 2                                |  c/top = 2                                
---------------------------------------------------------------------------------------

---------------------------------------------------------------------------------------
Net: VCOM                                  |Net: VCOM                                  
  sky130_fd_pr__nfet_01v8/1 = 1            |  sky130_fd_pr__nfet_01v8/1 = 1            
  sky130_fd_pr__pfet_01v8/1 = 1            |  sky130_fd_pr__pfet_01v8/3 = 1            
  c/top = 1                                |  c/top = 1                                
                                           |                                           
Net: SAMPLE_N                              |Net: SAMPLE_N                              
  sky130_fd_pr__pfet_01v8/2 = 1            |  sky130_fd_pr__pfet_01v8/2 = 1            
  sky130_fd_pr__nfet_01v8/2 = 1            |  sky130_fd_pr__nfet_01v8/2 = 1            
  c/top = 1                                |  c/top = 1                                
                                           |                                           
Net: ROW_N                                 |Net: ROW_N                                 
  sky130_fd_pr__pfet_01v8/2 = 1            |  sky130_fd_pr__pfet_01v8/2 = 1            
  sky130_fd_pr__nfet_01v8/2 = 1            |  sky130_fd_pr__nfet_01v8/2 = 1            
  c/top = 1                                |  c/top = 1                                
                                           |                                           
Net: VINT2                                 |Net: VINT2                                 
  sky130_fd_pr__nfet_01v8/1 = 1            |  sky130_fd_pr__nfet_01v8/1 = 2            
  sky130_fd_pr__nfet_01v8/3 = 2            |  sky130_fd_pr__nfet_01v8/3 = 1            
---------------------------------------------------------------------------------------
DEVICE mismatches: Class fragments follow (with node fanout counts):
Circuit 1: adc_array_circuit               |Circuit 2: adc_array_circuit               

---------------------------------------------------------------------------------------
Instance: sky130_fd_pr__pfet_01v8:M7       |Instance: sky130_fd_pr__pfet_01v8:9        
  1 = 9                                    |  1 = 6                                    
  2 = 4                                    |  2 = 4                                    
  3 = 6                                    |  3 = 9                                    
  4 = 9                                    |  4 = 9                                    
                                           |                                           
Instance: sky130_fd_pr__pfet_01v8:M3       |Instance: sky130_fd_pr__pfet_01v8:3        
  1 = 3                                    |  1 = 4                                    
  2 = 3                                    |  2 = 3                                    
  3 = 4                                    |  3 = 3                                    
  4 = 9                                    |  4 = 9                                    
---------------------------------------------------------------------------------------

---------------------------------------------------------------------------------------
Instance: sky130_fd_pr__nfet_01v8:M9       |Instance: sky130_fd_pr__nfet_01v8:6        
  1 = 10                                   |  1 = 4                                    
  2 = 3                                    |  2 = 3                                    
  3 = 3                                    |  3 = 6                                    
  4 = 10                                   |  4 = 10                                   
                                           |                                           
Instance: sky130_fd_pr__nfet_01v8:M2       |Instance: sky130_fd_pr__nfet_01v8:1        
  1 = 6                                    |  1 = 3                                    
  2 = 3                                    |  2 = 3                                    
  3 = 4                                    |  3 = 10                                   
  4 = 10                                   |  4 = 10                                   
---------------------------------------------------------------------------------------
Netlists do not match.
  Flattening non-matched subcircuits adc_array_circuit adc_array_circuit

Class ../xschem/adc_array_cap/adc_array_cap_16.spice (0):  Merged 1 series devices.
Class adc_array_cap_16 (1):  Merged 3 parallel devices.
Subcircuit summary:
Circuit 1: ../xschem/adc_array_cap/adc_arr |Circuit 2: adc_array_cap_16                
-------------------------------------------|-------------------------------------------
c (13->12)                                 |c (16->13) **Mismatch**                    
sky130_fd_pr__nfet_01v8 (5)                |sky130_fd_pr__nfet_01v8 (5)                
sky130_fd_pr__pfet_01v8 (5)                |sky130_fd_pr__pfet_01v8 (5)                
Number of devices: 22 **Mismatch**         |Number of devices: 23 **Mismatch**         
Number of nets: 13                         |Number of nets: 13                         
---------------------------------------------------------------------------------------
NET mismatches: Class fragments follow (with fanout counts):
Circuit 1: ../xschem/adc_array_cap/adc_arr |Circuit 2: adc_array_cap_16                

---------------------------------------------------------------------------------------
Net: adc_array_circuit:1/VDRV              |Net: CTOP                                  
  sky130_fd_pr__nfet_01v8/1 = 1            |  c/top = 2                                
  sky130_fd_pr__pfet_01v8/1 = 1            |                                           
  sky130_fd_pr__pfet_01v8/3 = 2            |                                           
  sky130_fd_pr__nfet_01v8/3 = 1            |                                           
  c/top = 1                                |                                           
                                           |                                           
Net: adc_array_circuit_0/VDRV              |Net: adc_array_circuit_0/VDRV              
  c/bottom = 1                             |  c/bottom = 1                             
                                           |  sky130_fd_pr__pfet_01v8/1 = 2            
                                           |  sky130_fd_pr__pfet_01v8/3 = 1            
                                           |  c/top = 1                                
                                           |  sky130_fd_pr__nfet_01v8/3 = 2            
---------------------------------------------------------------------------------------

---------------------------------------------------------------------------------------
Net: adc_array_circuit:1/VINT2             |Net: adc_array_circuit_0/VINT2             
  sky130_fd_pr__nfet_01v8/1 = 1            |  sky130_fd_pr__nfet_01v8/1 = 2            
  sky130_fd_pr__nfet_01v8/3 = 2            |  sky130_fd_pr__nfet_01v8/3 = 1            
                                           |                                           
Net: ROW_N                                 |Net: ROW_N                                 
  sky130_fd_pr__pfet_01v8/2 = 1            |  sky130_fd_pr__pfet_01v8/2 = 1            
  sky130_fd_pr__nfet_01v8/2 = 1            |  sky130_fd_pr__nfet_01v8/2 = 1            
  c/top = 1                                |  c/top = 1                                
                                           |                                           
Net: SAMPLE_N                              |Net: SAMPLE_N                              
  sky130_fd_pr__pfet_01v8/2 = 1            |  sky130_fd_pr__pfet_01v8/2 = 1            
  sky130_fd_pr__nfet_01v8/2 = 1            |  sky130_fd_pr__nfet_01v8/2 = 1            
  c/top = 1                                |  c/top = 1                                
---------------------------------------------------------------------------------------

---------------------------------------------------------------------------------------
Net: VSS                                   |Net: VSS                                   
  c/top = 1                                |  sky130_fd_pr__nfet_01v8/3 = 1            
  c/bottom = 4                             |  c/bottom = 5                             
  sky130_fd_pr__nfet_01v8/4 = 5            |  sky130_fd_pr__nfet_01v8/4 = 5            
  sky130_fd_pr__nfet_01v8/1 = 2            |  sky130_fd_pr__nfet_01v8/1 = 1            
---------------------------------------------------------------------------------------

---------------------------------------------------------------------------------------
Net: VDD                                   |Net: VDD                                   
  c/top = 2                                |  c/top = 2                                
  sky130_fd_pr__pfet_01v8/4 = 5            |  sky130_fd_pr__pfet_01v8/4 = 5            
  sky130_fd_pr__pfet_01v8/1 = 2            |  sky130_fd_pr__pfet_01v8/1 = 1            
  c/bottom = 1                             |  c/bottom = 1                             
                                           |  sky130_fd_pr__pfet_01v8/3 = 1            
---------------------------------------------------------------------------------------

---------------------------------------------------------------------------------------
Net: VCOM                                  |Net: VCOM                                  
  c/top = 2                                |  c/top = 2                                
  sky130_fd_pr__nfet_01v8/1 = 1            |  sky130_fd_pr__nfet_01v8/1 = 1            
  sky130_fd_pr__pfet_01v8/1 = 1            |  sky130_fd_pr__pfet_01v8/3 = 1            
                                           |                                           
Net: COLON_N                               |Net: COLON_N                               
  sky130_fd_pr__pfet_01v8/2 = 1            |  sky130_fd_pr__pfet_01v8/2 = 1            
  sky130_fd_pr__nfet_01v8/2 = 1            |  sky130_fd_pr__nfet_01v8/2 = 1            
  c/top = 2                                |  c/top = 2                                
---------------------------------------------------------------------------------------

---------------------------------------------------------------------------------------
Net: CBOT                                  |Net: CBOT                                  
  c/bottom = 3                             |  c/bottom = 3                             
  c/top = 2                                |  c/top = 2                                
  sky130_fd_pr__nfet_01v8/3 = 2            |  sky130_fd_pr__nfet_01v8/3 = 1            
  sky130_fd_pr__pfet_01v8/3 = 2            |  sky130_fd_pr__pfet_01v8/3 = 1            
                                           |  sky130_fd_pr__nfet_01v8/1 = 1            
                                           |  sky130_fd_pr__pfet_01v8/1 = 1            
---------------------------------------------------------------------------------------
DEVICE mismatches: Class fragments follow (with node fanout counts):
Circuit 1: ../xschem/adc_array_cap/adc_arr |Circuit 2: adc_array_cap_16                

---------------------------------------------------------------------------------------
Instance: c:3                              |Instance: c:3                              
  top = 12                                 |  top = 2                                  
  bottom = 9                               |  bottom = 9                               
                                           |                                           
(no matching instance)                     |Instance: c:4                              
                                           |  top = 2                                  
                                           |  bottom = 12                              
---------------------------------------------------------------------------------------

---------------------------------------------------------------------------------------
Instance: adc_array_circuit:1/sky130_fd_pr |Instance: adc_array_circuit_0/sky130_fd_pr 
  1 = 10                                   |  1 = 7                                    
  2 = 4                                    |  2 = 4                                    
  3 = 6                                    |  3 = 10                                   
  4 = 10                                   |  4 = 10                                   
                                           |                                           
Instance: adc_array_circuit:1/sky130_fd_pr |Instance: adc_array_circuit_0/sky130_fd_pr 
  1 = 4                                    |  1 = 9                                    
  2 = 3                                    |  2 = 3                                    
  3 = 9                                    |  3 = 4                                    
  4 = 10                                   |  4 = 10                                   
---------------------------------------------------------------------------------------

---------------------------------------------------------------------------------------
Instance: adc_array_circuit:1/sky130_fd_pr |Instance: adc_array_circuit_0/sky130_fd_pr 
  1 = 12                                   |  1 = 9                                    
  2 = 3                                    |  2 = 3                                    
  3 = 3                                    |  3 = 7                                    
  4 = 12                                   |  4 = 12                                   
                                           |                                           
Instance: adc_array_circuit:1/sky130_fd_pr |Instance: adc_array_circuit_0/sky130_fd_pr 
  1 = 6                                    |  1 = 3                                    
  2 = 3                                    |  2 = 3                                    
  3 = 9                                    |  3 = 12                                   
  4 = 12                                   |  4 = 12                                   
---------------------------------------------------------------------------------------
Netlists do not match.
Netlists do not match.
