Warning: Equate pins:  cell sky130_fd_pr__nfet_01v8 is a placeholder, treated as a black box.
Warning: Equate pins:  cell sky130_fd_pr__nfet_01v8 is a placeholder, treated as a black box.

Subcircuit pins:
Circuit 1: sky130_fd_pr__nfet_01v8         |Circuit 2: sky130_fd_pr__nfet_01v8         
-------------------------------------------|-------------------------------------------
1                                          |1                                          
2                                          |2                                          
3                                          |3                                          
4                                          |4                                          
---------------------------------------------------------------------------------------
Cell pin lists are equivalent.
Device classes sky130_fd_pr__nfet_01v8 and sky130_fd_pr__nfet_01v8 are equivalent.
Warning: Equate pins:  cell sky130_fd_pr__cap_mim_m3_1 is a placeholder, treated as a black box.
Warning: Equate pins:  cell sky130_fd_pr__cap_mim_m3_1 is a placeholder, treated as a black box.

Subcircuit pins:
Circuit 1: sky130_fd_pr__cap_mim_m3_1      |Circuit 2: sky130_fd_pr__cap_mim_m3_1      
-------------------------------------------|-------------------------------------------
1                                          |1                                          
2                                          |2                                          
---------------------------------------------------------------------------------------
Cell pin lists are equivalent.
Device classes sky130_fd_pr__cap_mim_m3_1 and sky130_fd_pr__cap_mim_m3_1 are equivalent.
Warning: Equate pins:  cell sky130_fd_pr__pfet_01v8 is a placeholder, treated as a black box.
Warning: Equate pins:  cell sky130_fd_pr__pfet_01v8 is a placeholder, treated as a black box.

Subcircuit pins:
Circuit 1: sky130_fd_pr__pfet_01v8         |Circuit 2: sky130_fd_pr__pfet_01v8         
-------------------------------------------|-------------------------------------------
1                                          |1                                          
2                                          |2                                          
3                                          |3                                          
4                                          |4                                          
---------------------------------------------------------------------------------------
Cell pin lists are equivalent.
Device classes sky130_fd_pr__pfet_01v8 and sky130_fd_pr__pfet_01v8 are equivalent.
Warning: Equate pins:  cell sky130_fd_pr__pfet_01v8_lvt is a placeholder, treated as a black box.
Warning: Equate pins:  cell sky130_fd_pr__pfet_01v8_lvt is a placeholder, treated as a black box.

Subcircuit pins:
Circuit 1: sky130_fd_pr__pfet_01v8_lvt     |Circuit 2: sky130_fd_pr__pfet_01v8_lvt     
-------------------------------------------|-------------------------------------------
1                                          |1                                          
2                                          |2                                          
3                                          |3                                          
4                                          |4                                          
---------------------------------------------------------------------------------------
Cell pin lists are equivalent.
Device classes sky130_fd_pr__pfet_01v8_lvt and sky130_fd_pr__pfet_01v8_lvt are equivalent.

Class sky130_mm_sc_hd_dlyMim5ns (0):  Merged 3 parallel devices.
Class sky130_mm_sc_hd_dlyMim5ns (1):  Merged 1 parallel devices.
Subcircuit summary:
Circuit 1: sky130_mm_sc_hd_dlyMim5ns       |Circuit 2: sky130_mm_sc_hd_dlyMim5ns       
-------------------------------------------|-------------------------------------------
sky130_fd_pr__nfet_01v8 (5->4)             |sky130_fd_pr__nfet_01v8 (4)                
sky130_fd_pr__cap_mim_m3_1 (2->1)          |sky130_fd_pr__cap_mim_m3_1 (2->1)          
sky130_fd_pr__pfet_01v8 (4->3)             |sky130_fd_pr__pfet_01v8 (3)                
sky130_fd_pr__pfet_01v8_lvt (1)            |sky130_fd_pr__pfet_01v8_lvt (1)            
Number of devices: 9                       |Number of devices: 9                       
Number of nets: 9                          |Number of nets: 9                          
---------------------------------------------------------------------------------------
Circuits match uniquely.
Netlists match uniquely.

Subcircuit pins:
Circuit 1: sky130_mm_sc_hd_dlyMim5ns       |Circuit 2: sky130_mm_sc_hd_dlyMim5ns       
-------------------------------------------|-------------------------------------------
in                                         |in                                         
VGND                                       |VGND                                       
VNB                                        |VNB                                        
out                                        |out                                        
VPB                                        |VPB                                        
VPWR                                       |VPWR                                       
---------------------------------------------------------------------------------------
Cell pin lists are equivalent.
Device classes sky130_mm_sc_hd_dlyMim5ns and sky130_mm_sc_hd_dlyMim5ns are equivalent.
Circuits match uniquely.
