OpenROAD v2.0-3879-g0b8b7ae25 
This program is licensed under the BSD-3 license. See the LICENSE file for details.
Components of this program may be licensed under more restrictive licenses which must be honored.
[INFO ODB-0222] Reading LEF file: /foss/designs/SKY130_SAR-ADC/openlane/adc_clkgen_with_edgedetect/runs/kasleberkas/tmp/merged.max.lef
[INFO ODB-0223]     Created 13 technology layers
[INFO ODB-0224]     Created 25 technology vias
[INFO ODB-0225]     Created 442 library cells
[INFO ODB-0226] Finished LEF file:  /foss/designs/SKY130_SAR-ADC/openlane/adc_clkgen_with_edgedetect/runs/kasleberkas/tmp/merged.max.lef
[INFO ODB-0127] Reading DEF file: /foss/designs/SKY130_SAR-ADC/openlane/adc_clkgen_with_edgedetect/runs/kasleberkas/results/routing/adc_clkgen_with_edgedetect.def
[INFO ODB-0128] Design: adc_clkgen_with_edgedetect
[INFO ODB-0130]     Created 7 pins.
[INFO ODB-0131]     Created 433 components and 1795 component-terminals.
[INFO ODB-0132]     Created 4 special nets and 1606 connections.
[INFO ODB-0133]     Created 96 nets and 189 connections.
[INFO ODB-0134] Finished DEF file: /foss/designs/SKY130_SAR-ADC/openlane/adc_clkgen_with_edgedetect/runs/kasleberkas/results/routing/adc_clkgen_with_edgedetect.def
[WARNING STA-0357] virtual clock __VIRTUAL_CLK__ can not be propagated.
Using RCX ruleset '/foss/pdk/sky130A/libs.tech/openlane/rules.openrcx.sky130A.max.spef_extractor'...
[INFO RCX-0431] Defined process_corner X with ext_model_index 0
[INFO RCX-0029] Defined extraction corner X
[INFO RCX-0008] extracting parasitics of adc_clkgen_with_edgedetect ...
[INFO RCX-0435] Reading extraction model file /foss/pdk/sky130A/libs.tech/openlane/rules.openrcx.sky130A.max.spef_extractor ...
[INFO RCX-0436] RC segment generation adc_clkgen_with_edgedetect (max_merge_res 50.0) ...
[INFO RCX-0040] Final 259 rc segments
[INFO RCX-0439] Coupling Cap extraction adc_clkgen_with_edgedetect ...
[INFO RCX-0440] Coupling threshhold is 0.1000 fF, coupling capacitance less than 0.1000 fF will be grounded.
[INFO RCX-0043] 365 wires to be extracted
[INFO RCX-0442] 54% completion -- 200 wires have been extracted
[INFO RCX-0442] 100% completion -- 365 wires have been extracted
[INFO RCX-0045] Extract 98 nets, 355 rsegs, 355 caps, 192 ccs
[INFO RCX-0015] Finished extracting adc_clkgen_with_edgedetect.
Writing result to /foss/designs/SKY130_SAR-ADC/openlane/adc_clkgen_with_edgedetect/runs/kasleberkas/results/routing/adc_clkgen_with_edgedetect.max.spef...
[INFO RCX-0016] Writing SPEF ...
[INFO RCX-0443] 96 nets finished
[INFO RCX-0017] Finished writing SPEF ...
