First Layout: /foss/designs/SKY130_SAR-ADC/openlane/adc_clkgen_with_edgedetect/runs/kasleberkas/results/signoff/adc_clkgen_with_edgedetect.gds
Second Layout: /foss/designs/SKY130_SAR-ADC/openlane/adc_clkgen_with_edgedetect/runs/kasleberkas/results/signoff/adc_clkgen_with_edgedetect.klayout.gds
Design Name: adc_clkgen_with_edgedetect
Output GDS will be: /foss/designs/SKY130_SAR-ADC/openlane/adc_clkgen_with_edgedetect/runs/kasleberkas/reports/signoff/adc_clkgen_with_edgedetect.xor.xml
Reading /foss/designs/SKY130_SAR-ADC/openlane/adc_clkgen_with_edgedetect/runs/kasleberkas/results/signoff/adc_clkgen_with_edgedetect.gds ..
Reading /foss/designs/SKY130_SAR-ADC/openlane/adc_clkgen_with_edgedetect/runs/kasleberkas/results/signoff/adc_clkgen_with_edgedetect.klayout.gds ..
--- Running XOR for 122/16 ---
"input" in: xor.drc:38
    Polygons (raw): 710 (flat)  17 (hierarchical)
    Elapsed: 0.000s  Memory: 384.00M
"input" in: xor.drc:38
    Polygons (raw): 710 (flat)  17 (hierarchical)
    Elapsed: 0.000s  Memory: 384.00M
"^" in: xor.drc:38
    Polygons (raw): 0 (flat)  0 (hierarchical)
    Elapsed: 0.010s  Memory: 384.00M
XOR differences: 0
"output" in: xor.drc:40
    Polygons (raw): 0 (flat)  0 (hierarchical)
    Elapsed: 0.000s  Memory: 384.00M
--- Running XOR for 125/44 ---
"input" in: xor.drc:38
    Polygons (raw): 85 (flat)  1 (hierarchical)
    Elapsed: 0.000s  Memory: 384.00M
"input" in: xor.drc:38
    Polygons (raw): 85 (flat)  1 (hierarchical)
    Elapsed: 0.000s  Memory: 384.00M
"^" in: xor.drc:38
    Polygons (raw): 0 (flat)  0 (hierarchical)
    Elapsed: 0.000s  Memory: 384.00M
XOR differences: 0
"output" in: xor.drc:40
    Polygons (raw): 0 (flat)  0 (hierarchical)
    Elapsed: 0.000s  Memory: 384.00M
--- Running XOR for 235/4 ---
"input" in: xor.drc:38
    Polygons (raw): 86 (flat)  2 (hierarchical)
    Elapsed: 0.000s  Memory: 384.00M
"input" in: xor.drc:38
    Polygons (raw): 86 (flat)  2 (hierarchical)
    Elapsed: 0.000s  Memory: 384.00M
"^" in: xor.drc:38
    Polygons (raw): 0 (flat)  0 (hierarchical)
    Elapsed: 0.000s  Memory: 384.00M
XOR differences: 0
"output" in: xor.drc:40
    Polygons (raw): 0 (flat)  0 (hierarchical)
    Elapsed: 0.000s  Memory: 384.00M
--- Running XOR for 236/0 ---
"input" in: xor.drc:38
    Polygons (raw): 226 (flat)  10 (hierarchical)
    Elapsed: 0.000s  Memory: 384.00M
"input" in: xor.drc:38
    Polygons (raw): 226 (flat)  10 (hierarchical)
    Elapsed: 0.000s  Memory: 384.00M
"^" in: xor.drc:38
    Polygons (raw): 0 (flat)  0 (hierarchical)
    Elapsed: 0.000s  Memory: 384.00M
XOR differences: 0
"output" in: xor.drc:40
    Polygons (raw): 0 (flat)  0 (hierarchical)
    Elapsed: 0.010s  Memory: 384.00M
--- Running XOR for 64/16 ---
"input" in: xor.drc:38
    Polygons (raw): 710 (flat)  17 (hierarchical)
    Elapsed: 0.000s  Memory: 384.00M
"input" in: xor.drc:38
    Polygons (raw): 710 (flat)  17 (hierarchical)
    Elapsed: 0.000s  Memory: 384.00M
"^" in: xor.drc:38
    Polygons (raw): 0 (flat)  0 (hierarchical)
    Elapsed: 0.000s  Memory: 384.00M
XOR differences: 0
"output" in: xor.drc:40
    Polygons (raw): 0 (flat)  0 (hierarchical)
    Elapsed: 0.000s  Memory: 384.00M
--- Running XOR for 64/20 ---
"input" in: xor.drc:38
    Polygons (raw): 603 (flat)  16 (hierarchical)
    Elapsed: 0.000s  Memory: 384.00M
"input" in: xor.drc:38
    Polygons (raw): 603 (flat)  16 (hierarchical)
    Elapsed: 0.010s  Memory: 384.00M
"^" in: xor.drc:38
    Polygons (raw): 0 (flat)  0 (hierarchical)
    Elapsed: 0.000s  Memory: 384.00M
XOR differences: 0
"output" in: xor.drc:40
    Polygons (raw): 0 (flat)  0 (hierarchical)
    Elapsed: 0.000s  Memory: 384.00M
--- Running XOR for 64/5 ---
"input" in: xor.drc:38
    Polygons (raw): 0 (flat)  0 (hierarchical)
    Elapsed: 0.000s  Memory: 384.00M
"input" in: xor.drc:38
    Polygons (raw): 0 (flat)  0 (hierarchical)
    Elapsed: 0.000s  Memory: 384.00M
"^" in: xor.drc:38
    Polygons (raw): 0 (flat)  0 (hierarchical)
    Elapsed: 0.000s  Memory: 384.00M
XOR differences: 0
"output" in: xor.drc:40
    Polygons (raw): 0 (flat)  0 (hierarchical)
    Elapsed: 0.010s  Memory: 384.00M
--- Running XOR for 64/59 ---
"input" in: xor.drc:38
    Polygons (raw): 0 (flat)  0 (hierarchical)
    Elapsed: 0.000s  Memory: 384.00M
"input" in: xor.drc:38
    Polygons (raw): 0 (flat)  0 (hierarchical)
    Elapsed: 0.000s  Memory: 384.00M
"^" in: xor.drc:38
    Polygons (raw): 0 (flat)  0 (hierarchical)
    Elapsed: 0.000s  Memory: 384.00M
XOR differences: 0
"output" in: xor.drc:40
    Polygons (raw): 0 (flat)  0 (hierarchical)
    Elapsed: 0.000s  Memory: 384.00M
--- Running XOR for 65/20 ---
"input" in: xor.drc:38
    Polygons (raw): 1049 (flat)  29 (hierarchical)
    Elapsed: 0.000s  Memory: 384.00M
"input" in: xor.drc:38
    Polygons (raw): 1049 (flat)  29 (hierarchical)
    Elapsed: 0.000s  Memory: 384.00M
"^" in: xor.drc:38
    Polygons (raw): 0 (flat)  0 (hierarchical)
    Elapsed: 0.010s  Memory: 384.00M
XOR differences: 0
"output" in: xor.drc:40
    Polygons (raw): 0 (flat)  0 (hierarchical)
    Elapsed: 0.000s  Memory: 384.00M
--- Running XOR for 65/44 ---
"input" in: xor.drc:38
    Polygons (raw): 126 (flat)  2 (hierarchical)
    Elapsed: 0.000s  Memory: 384.00M
"input" in: xor.drc:38
    Polygons (raw): 126 (flat)  2 (hierarchical)
    Elapsed: 0.000s  Memory: 384.00M
"^" in: xor.drc:38
    Polygons (raw): 0 (flat)  0 (hierarchical)
    Elapsed: 0.000s  Memory: 384.00M
XOR differences: 0
"output" in: xor.drc:40
    Polygons (raw): 0 (flat)  0 (hierarchical)
    Elapsed: 0.000s  Memory: 384.00M
--- Running XOR for 66/20 ---
"input" in: xor.drc:38
    Polygons (raw): 2411 (flat)  47 (hierarchical)
    Elapsed: 0.000s  Memory: 384.00M
"input" in: xor.drc:38
    Polygons (raw): 2411 (flat)  47 (hierarchical)
    Elapsed: 0.010s  Memory: 384.00M
"^" in: xor.drc:38
    Polygons (raw): 0 (flat)  0 (hierarchical)
    Elapsed: 0.010s  Memory: 384.00M
XOR differences: 0
"output" in: xor.drc:40
    Polygons (raw): 0 (flat)  0 (hierarchical)
    Elapsed: 0.000s  Memory: 384.00M
--- Running XOR for 66/44 ---
"input" in: xor.drc:38
    Polygons (raw): 5391 (flat)  180 (hierarchical)
    Elapsed: 0.000s  Memory: 384.00M
"input" in: xor.drc:38
    Polygons (raw): 5391 (flat)  180 (hierarchical)
    Elapsed: 0.000s  Memory: 384.00M
"^" in: xor.drc:38
    Polygons (raw): 0 (flat)  0 (hierarchical)
    Elapsed: 0.020s  Memory: 384.00M
XOR differences: 0
"output" in: xor.drc:40
    Polygons (raw): 0 (flat)  0 (hierarchical)
    Elapsed: 0.000s  Memory: 384.00M
--- Running XOR for 67/16 ---
"input" in: xor.drc:38
    Polygons (raw): 213 (flat)  27 (hierarchical)
    Elapsed: 0.000s  Memory: 384.00M
"input" in: xor.drc:38
    Polygons (raw): 213 (flat)  27 (hierarchical)
    Elapsed: 0.000s  Memory: 384.00M
"^" in: xor.drc:38
    Polygons (raw): 0 (flat)  0 (hierarchical)
    Elapsed: 0.000s  Memory: 384.00M
XOR differences: 0
"output" in: xor.drc:40
    Polygons (raw): 0 (flat)  0 (hierarchical)
    Elapsed: 0.000s  Memory: 384.00M
--- Running XOR for 67/20 ---
"input" in: xor.drc:38
    Polygons (raw): 4405 (flat)  278 (hierarchical)
    Elapsed: 0.010s  Memory: 384.00M
"input" in: xor.drc:38
    Polygons (raw): 4405 (flat)  90 (hierarchical)
    Elapsed: 0.000s  Memory: 384.00M
"^" in: xor.drc:38
    Polygons (raw): 0 (flat)  0 (hierarchical)
    Elapsed: 0.020s  Memory: 384.00M
XOR differences: 0
"output" in: xor.drc:40
    Polygons (raw): 0 (flat)  0 (hierarchical)
    Elapsed: 0.000s  Memory: 384.00M
--- Running XOR for 67/44 ---
"input" in: xor.drc:38
    Polygons (raw): 8883 (flat)  383 (hierarchical)
    Elapsed: 0.000s  Memory: 384.00M
"input" in: xor.drc:38
    Polygons (raw): 8883 (flat)  195 (hierarchical)
    Elapsed: 0.000s  Memory: 384.00M
"^" in: xor.drc:38
    Polygons (raw): 0 (flat)  0 (hierarchical)
    Elapsed: 0.030s  Memory: 384.00M
XOR differences: 0
"output" in: xor.drc:40
    Polygons (raw): 0 (flat)  0 (hierarchical)
    Elapsed: 0.000s  Memory: 384.00M
--- Running XOR for 67/5 ---
"input" in: xor.drc:38
    Polygons (raw): 0 (flat)  0 (hierarchical)
    Elapsed: 0.000s  Memory: 384.00M
"input" in: xor.drc:38
    Polygons (raw): 0 (flat)  0 (hierarchical)
    Elapsed: 0.000s  Memory: 384.00M
"^" in: xor.drc:38
    Polygons (raw): 0 (flat)  0 (hierarchical)
    Elapsed: 0.000s  Memory: 384.00M
XOR differences: 0
"output" in: xor.drc:40
    Polygons (raw): 0 (flat)  0 (hierarchical)
    Elapsed: 0.000s  Memory: 384.00M
--- Running XOR for 68/16 ---
"input" in: xor.drc:38
    Polygons (raw): 1716 (flat)  38 (hierarchical)
    Elapsed: 0.010s  Memory: 384.00M
"input" in: xor.drc:38
    Polygons (raw): 1716 (flat)  38 (hierarchical)
    Elapsed: 0.000s  Memory: 384.00M
"^" in: xor.drc:38
    Polygons (raw): 0 (flat)  0 (hierarchical)
    Elapsed: 0.000s  Memory: 384.00M
XOR differences: 0
"output" in: xor.drc:40
    Polygons (raw): 0 (flat)  0 (hierarchical)
    Elapsed: 0.010s  Memory: 384.00M
--- Running XOR for 68/20 ---
"input" in: xor.drc:38
    Polygons (raw): 4075 (flat)  885 (hierarchical)
    Elapsed: 0.000s  Memory: 384.00M
"input" in: xor.drc:38
    Polygons (raw): 4004 (flat)  333 (hierarchical)
    Elapsed: 0.000s  Memory: 384.00M
"^" in: xor.drc:38
    Polygons (raw): 0 (flat)  0 (hierarchical)
    Elapsed: 0.020s  Memory: 386.00M
XOR differences: 0
"output" in: xor.drc:40
    Polygons (raw): 0 (flat)  0 (hierarchical)
    Elapsed: 0.000s  Memory: 386.00M
--- Running XOR for 68/44 ---
"input" in: xor.drc:38
    Polygons (raw): 595 (flat)  595 (hierarchical)
    Elapsed: 0.000s  Memory: 386.00M
"input" in: xor.drc:38
    Polygons (raw): 595 (flat)  7 (hierarchical)
    Elapsed: 0.000s  Memory: 386.00M
"^" in: xor.drc:38
    Polygons (raw): 0 (flat)  0 (hierarchical)
    Elapsed: 0.000s  Memory: 386.00M
XOR differences: 0
"output" in: xor.drc:40
    Polygons (raw): 0 (flat)  0 (hierarchical)
    Elapsed: 0.000s  Memory: 386.00M
--- Running XOR for 68/5 ---
"input" in: xor.drc:38
    Polygons (raw): 0 (flat)  0 (hierarchical)
    Elapsed: 0.000s  Memory: 386.00M
"input" in: xor.drc:38
    Polygons (raw): 0 (flat)  0 (hierarchical)
    Elapsed: 0.000s  Memory: 386.00M
"^" in: xor.drc:38
    Polygons (raw): 0 (flat)  0 (hierarchical)
    Elapsed: 0.010s  Memory: 386.00M
XOR differences: 0
"output" in: xor.drc:40
    Polygons (raw): 0 (flat)  0 (hierarchical)
    Elapsed: 0.000s  Memory: 386.00M
--- Running XOR for 69/20 ---
"input" in: xor.drc:38
    Polygons (raw): 488 (flat)  488 (hierarchical)
    Elapsed: 0.000s  Memory: 386.00M
"input" in: xor.drc:38
    Polygons (raw): 542 (flat)  172 (hierarchical)
    Elapsed: 0.000s  Memory: 386.00M
"^" in: xor.drc:38
    Polygons (raw): 0 (flat)  0 (hierarchical)
    Elapsed: 0.000s  Memory: 386.00M
XOR differences: 0
"output" in: xor.drc:40
    Polygons (raw): 0 (flat)  0 (hierarchical)
    Elapsed: 0.000s  Memory: 386.00M
--- Running XOR for 69/44 ---
"input" in: xor.drc:38
    Polygons (raw): 319 (flat)  319 (hierarchical)
    Elapsed: 0.010s  Memory: 386.00M
"input" in: xor.drc:38
    Polygons (raw): 319 (flat)  6 (hierarchical)
    Elapsed: 0.000s  Memory: 386.00M
"^" in: xor.drc:38
    Polygons (raw): 0 (flat)  0 (hierarchical)
    Elapsed: 0.000s  Memory: 386.00M
XOR differences: 0
"output" in: xor.drc:40
    Polygons (raw): 0 (flat)  0 (hierarchical)
    Elapsed: 0.000s  Memory: 386.00M
--- Running XOR for 70/16 ---
"input" in: xor.drc:38
    Polygons (raw): 5 (flat)  5 (hierarchical)
    Elapsed: 0.000s  Memory: 386.00M
"input" in: xor.drc:38
    Polygons (raw): 5 (flat)  5 (hierarchical)
    Elapsed: 0.000s  Memory: 386.00M
"^" in: xor.drc:38
    Polygons (raw): 0 (flat)  0 (hierarchical)
    Elapsed: 0.000s  Memory: 386.00M
XOR differences: 0
"output" in: xor.drc:40
    Polygons (raw): 0 (flat)  0 (hierarchical)
    Elapsed: 0.000s  Memory: 386.00M
--- Running XOR for 70/20 ---
"input" in: xor.drc:38
    Polygons (raw): 120 (flat)  120 (hierarchical)
    Elapsed: 0.000s  Memory: 386.00M
"input" in: xor.drc:38
    Polygons (raw): 211 (flat)  75 (hierarchical)
    Elapsed: 0.010s  Memory: 386.00M
"^" in: xor.drc:38
    Polygons (raw): 5 (flat)  5 (hierarchical)
    Elapsed: 0.000s  Memory: 386.00M
XOR differences: 5
"output" in: xor.drc:40
    Polygons (raw): 5 (flat)  5 (hierarchical)
    Elapsed: 0.000s  Memory: 386.00M
--- Running XOR for 70/44 ---
"input" in: xor.drc:38
    Polygons (raw): 300 (flat)  300 (hierarchical)
    Elapsed: 0.000s  Memory: 386.00M
"input" in: xor.drc:38
    Polygons (raw): 300 (flat)  5 (hierarchical)
    Elapsed: 0.000s  Memory: 386.00M
"^" in: xor.drc:38
    Polygons (raw): 0 (flat)  0 (hierarchical)
    Elapsed: 0.000s  Memory: 386.00M
XOR differences: 0
"output" in: xor.drc:40
    Polygons (raw): 0 (flat)  0 (hierarchical)
    Elapsed: 0.000s  Memory: 386.00M
--- Running XOR for 70/5 ---
"input" in: xor.drc:38
    Polygons (raw): 0 (flat)  0 (hierarchical)
    Elapsed: 0.010s  Memory: 386.00M
"input" in: xor.drc:38
    Polygons (raw): 0 (flat)  0 (hierarchical)
    Elapsed: 0.000s  Memory: 386.00M
"^" in: xor.drc:38
    Polygons (raw): 0 (flat)  0 (hierarchical)
    Elapsed: 0.000s  Memory: 386.00M
XOR differences: 0
"output" in: xor.drc:40
    Polygons (raw): 0 (flat)  0 (hierarchical)
    Elapsed: 0.000s  Memory: 386.00M
--- Running XOR for 71/16 ---
"input" in: xor.drc:38
    Polygons (raw): 6 (flat)  6 (hierarchical)
    Elapsed: 0.000s  Memory: 386.00M
"input" in: xor.drc:38
    Polygons (raw): 6 (flat)  6 (hierarchical)
    Elapsed: 0.000s  Memory: 386.00M
"^" in: xor.drc:38
    Polygons (raw): 0 (flat)  0 (hierarchical)
    Elapsed: 0.000s  Memory: 386.00M
XOR differences: 0
"output" in: xor.drc:40
    Polygons (raw): 0 (flat)  0 (hierarchical)
    Elapsed: 0.000s  Memory: 386.00M
--- Running XOR for 71/20 ---
"input" in: xor.drc:38
    Polygons (raw): 6 (flat)  6 (hierarchical)
    Elapsed: 0.000s  Memory: 386.00M
"input" in: xor.drc:38
    Polygons (raw): 66 (flat)  7 (hierarchical)
    Elapsed: 0.000s  Memory: 386.00M
"^" in: xor.drc:38
    Polygons (raw): 0 (flat)  0 (hierarchical)
    Elapsed: 0.010s  Memory: 386.00M
XOR differences: 0
"output" in: xor.drc:40
    Polygons (raw): 0 (flat)  0 (hierarchical)
    Elapsed: 0.000s  Memory: 386.00M
--- Running XOR for 71/5 ---
"input" in: xor.drc:38
    Polygons (raw): 0 (flat)  0 (hierarchical)
    Elapsed: 0.000s  Memory: 386.00M
"input" in: xor.drc:38
    Polygons (raw): 0 (flat)  0 (hierarchical)
    Elapsed: 0.000s  Memory: 386.00M
"^" in: xor.drc:38
    Polygons (raw): 0 (flat)  0 (hierarchical)
    Elapsed: 0.000s  Memory: 386.00M
XOR differences: 0
"output" in: xor.drc:40
    Polygons (raw): 0 (flat)  0 (hierarchical)
    Elapsed: 0.000s  Memory: 386.00M
--- Running XOR for 78/44 ---
"input" in: xor.drc:38
    Polygons (raw): 348 (flat)  13 (hierarchical)
    Elapsed: 0.000s  Memory: 386.00M
"input" in: xor.drc:38
    Polygons (raw): 348 (flat)  13 (hierarchical)
    Elapsed: 0.000s  Memory: 386.00M
"^" in: xor.drc:38
    Polygons (raw): 0 (flat)  0 (hierarchical)
    Elapsed: 0.010s  Memory: 386.00M
XOR differences: 0
"output" in: xor.drc:40
    Polygons (raw): 0 (flat)  0 (hierarchical)
    Elapsed: 0.000s  Memory: 386.00M
--- Running XOR for 81/4 ---
"input" in: xor.drc:38
    Polygons (raw): 348 (flat)  13 (hierarchical)
    Elapsed: 0.000s  Memory: 386.00M
"input" in: xor.drc:38
    Polygons (raw): 348 (flat)  13 (hierarchical)
    Elapsed: 0.000s  Memory: 386.00M
"^" in: xor.drc:38
    Polygons (raw): 0 (flat)  0 (hierarchical)
    Elapsed: 0.000s  Memory: 386.00M
XOR differences: 0
"output" in: xor.drc:40
    Polygons (raw): 0 (flat)  0 (hierarchical)
    Elapsed: 0.000s  Memory: 386.00M
--- Running XOR for 83/44 ---
"input" in: xor.drc:38
    Polygons (raw): 0 (flat)  0 (hierarchical)
    Elapsed: 0.000s  Memory: 386.00M
"input" in: xor.drc:38
    Polygons (raw): 0 (flat)  0 (hierarchical)
    Elapsed: 0.010s  Memory: 386.00M
"^" in: xor.drc:38
    Polygons (raw): 0 (flat)  0 (hierarchical)
    Elapsed: 0.000s  Memory: 386.00M
XOR differences: 0
"output" in: xor.drc:40
    Polygons (raw): 0 (flat)  0 (hierarchical)
    Elapsed: 0.000s  Memory: 386.00M
--- Running XOR for 93/44 ---
"input" in: xor.drc:38
    Polygons (raw): 751 (flat)  18 (hierarchical)
    Elapsed: 0.000s  Memory: 386.00M
"input" in: xor.drc:38
    Polygons (raw): 751 (flat)  18 (hierarchical)
    Elapsed: 0.000s  Memory: 386.00M
"^" in: xor.drc:38
    Polygons (raw): 0 (flat)  0 (hierarchical)
    Elapsed: 0.010s  Memory: 386.00M
XOR differences: 0
"output" in: xor.drc:40
    Polygons (raw): 0 (flat)  0 (hierarchical)
    Elapsed: 0.000s  Memory: 386.00M
--- Running XOR for 94/20 ---
"input" in: xor.drc:38
    Polygons (raw): 581 (flat)  16 (hierarchical)
    Elapsed: 0.000s  Memory: 386.00M
"input" in: xor.drc:38
    Polygons (raw): 581 (flat)  16 (hierarchical)
    Elapsed: 0.000s  Memory: 386.00M
"^" in: xor.drc:38
    Polygons (raw): 0 (flat)  0 (hierarchical)
    Elapsed: 0.000s  Memory: 386.00M
XOR differences: 0
"output" in: xor.drc:40
    Polygons (raw): 0 (flat)  0 (hierarchical)
    Elapsed: 0.000s  Memory: 386.00M
--- Running XOR for 95/20 ---
"input" in: xor.drc:38
    Polygons (raw): 651 (flat)  15 (hierarchical)
    Elapsed: 0.010s  Memory: 386.00M
"input" in: xor.drc:38
    Polygons (raw): 651 (flat)  15 (hierarchical)
    Elapsed: 0.000s  Memory: 386.00M
"^" in: xor.drc:38
    Polygons (raw): 0 (flat)  0 (hierarchical)
    Elapsed: 0.000s  Memory: 386.00M
XOR differences: 0
"output" in: xor.drc:40
    Polygons (raw): 0 (flat)  0 (hierarchical)
    Elapsed: 0.000s  Memory: 386.00M
Writing report database: /foss/designs/SKY130_SAR-ADC/openlane/adc_clkgen_with_edgedetect/runs/kasleberkas/reports/signoff/adc_clkgen_with_edgedetect.xor.xml ..
Total elapsed: 0.310s  Memory: 386.00M
