First Layout: /foss/designs/SKY130_SAR-ADC/openlane/adc_clkgen_with_edgedetect/runs/kasleberkas/results/signoff/adc_clkgen_with_edgedetect.gds
Second Layout: /foss/designs/SKY130_SAR-ADC/openlane/adc_clkgen_with_edgedetect/runs/kasleberkas/results/signoff/adc_clkgen_with_edgedetect.klayout.gds
Design Name: adc_clkgen_with_edgedetect
Output GDS will be: /foss/designs/SKY130_SAR-ADC/openlane/adc_clkgen_with_edgedetect/runs/kasleberkas/reports/signoff/adc_clkgen_with_edgedetect.xor.xml
Reading /foss/designs/SKY130_SAR-ADC/openlane/adc_clkgen_with_edgedetect/runs/kasleberkas/results/signoff/adc_clkgen_with_edgedetect.gds ..
Reading /foss/designs/SKY130_SAR-ADC/openlane/adc_clkgen_with_edgedetect/runs/kasleberkas/results/signoff/adc_clkgen_with_edgedetect.klayout.gds ..
--- Running XOR for 10/0 ---
"input" in: xor.drc:38
    Polygons (raw): 0 (flat)  0 (hierarchical)
    Elapsed: 0.020s  Memory: 248.00M
"input" in: xor.drc:38
    Polygons (raw): 548 (flat)  4 (hierarchical)
    Elapsed: 0.030s  Memory: 248.00M
"^" in: xor.drc:38
    Polygons (raw): 548 (flat)  4 (hierarchical)
    Elapsed: 0.020s  Memory: 248.00M
XOR differences: 548
"output" in: xor.drc:40
    Polygons (raw): 548 (flat)  4 (hierarchical)
    Elapsed: 0.020s  Memory: 248.00M
--- Running XOR for 11/0 ---
"input" in: xor.drc:38
    Polygons (raw): 0 (flat)  0 (hierarchical)
    Elapsed: 0.020s  Memory: 248.00M
"input" in: xor.drc:38
    Polygons (raw): 162 (flat)  26 (hierarchical)
    Elapsed: 0.020s  Memory: 248.00M
"^" in: xor.drc:38
    Polygons (raw): 162 (flat)  26 (hierarchical)
    Elapsed: 0.010s  Memory: 248.00M
XOR differences: 162
"output" in: xor.drc:40
    Polygons (raw): 162 (flat)  26 (hierarchical)
    Elapsed: 0.010s  Memory: 248.00M
--- Running XOR for 11/1 ---
"input" in: xor.drc:38
    Polygons (raw): 0 (flat)  0 (hierarchical)
    Elapsed: 0.010s  Memory: 248.00M
"input" in: xor.drc:38
    Polygons (raw): 0 (flat)  0 (hierarchical)
    Elapsed: 0.010s  Memory: 248.00M
"^" in: xor.drc:38
    Polygons (raw): 0 (flat)  0 (hierarchical)
    Elapsed: 0.020s  Memory: 248.00M
XOR differences: 0
"output" in: xor.drc:40
    Polygons (raw): 0 (flat)  0 (hierarchical)
    Elapsed: 0.010s  Memory: 248.00M
--- Running XOR for 11/2 ---
"input" in: xor.drc:38
    Polygons (raw): 0 (flat)  0 (hierarchical)
    Elapsed: 0.010s  Memory: 248.00M
"input" in: xor.drc:38
    Polygons (raw): 25 (flat)  25 (hierarchical)
    Elapsed: 0.020s  Memory: 248.00M
"^" in: xor.drc:38
    Polygons (raw): 25 (flat)  25 (hierarchical)
    Elapsed: 0.030s  Memory: 248.00M
XOR differences: 25
"output" in: xor.drc:40
    Polygons (raw): 25 (flat)  25 (hierarchical)
    Elapsed: 0.010s  Memory: 248.00M
--- Running XOR for 122/16 ---
"input" in: xor.drc:38
    Polygons (raw): 698 (flat)  17 (hierarchical)
    Elapsed: 0.020s  Memory: 248.00M
"input" in: xor.drc:38
    Polygons (raw): 698 (flat)  17 (hierarchical)
    Elapsed: 0.020s  Memory: 248.00M
"^" in: xor.drc:38
    Polygons (raw): 0 (flat)  0 (hierarchical)
    Elapsed: 0.050s  Memory: 248.00M
XOR differences: 0
"output" in: xor.drc:40
    Polygons (raw): 0 (flat)  0 (hierarchical)
    Elapsed: 0.020s  Memory: 248.00M
--- Running XOR for 125/44 ---
"input" in: xor.drc:38
    Polygons (raw): 85 (flat)  1 (hierarchical)
    Elapsed: 0.020s  Memory: 248.00M
"input" in: xor.drc:38
    Polygons (raw): 85 (flat)  1 (hierarchical)
    Elapsed: 0.020s  Memory: 248.00M
"^" in: xor.drc:38
    Polygons (raw): 0 (flat)  0 (hierarchical)
    Elapsed: 0.030s  Memory: 248.00M
XOR differences: 0
"output" in: xor.drc:40
    Polygons (raw): 0 (flat)  0 (hierarchical)
    Elapsed: 0.020s  Memory: 248.00M
--- Running XOR for 14/0 ---
"input" in: xor.drc:38
    Polygons (raw): 0 (flat)  0 (hierarchical)
    Elapsed: 0.020s  Memory: 248.00M
"input" in: xor.drc:38
    Polygons (raw): 1 (flat)  1 (hierarchical)
    Elapsed: 0.030s  Memory: 248.00M
"^" in: xor.drc:38
    Polygons (raw): 1 (flat)  1 (hierarchical)
    Elapsed: 0.000s  Memory: 248.00M
XOR differences: 1
"output" in: xor.drc:40
    Polygons (raw): 1 (flat)  1 (hierarchical)
    Elapsed: 0.030s  Memory: 248.00M
--- Running XOR for 235/4 ---
"input" in: xor.drc:38
    Polygons (raw): 86 (flat)  2 (hierarchical)
    Elapsed: 0.020s  Memory: 248.00M
"input" in: xor.drc:38
    Polygons (raw): 85 (flat)  1 (hierarchical)
    Elapsed: 0.020s  Memory: 248.00M
"^" in: xor.drc:38
    Polygons (raw): 2 (flat)  2 (hierarchical)
    Elapsed: 0.040s  Memory: 248.00M
XOR differences: 2
"output" in: xor.drc:40
    Polygons (raw): 2 (flat)  2 (hierarchical)
    Elapsed: 0.020s  Memory: 248.00M
--- Running XOR for 236/0 ---
"input" in: xor.drc:38
    Polygons (raw): 176 (flat)  10 (hierarchical)
    Elapsed: 0.030s  Memory: 248.00M
"input" in: xor.drc:38
    Polygons (raw): 176 (flat)  10 (hierarchical)
    Elapsed: 0.030s  Memory: 248.00M
"^" in: xor.drc:38
    Polygons (raw): 0 (flat)  0 (hierarchical)
    Elapsed: 0.030s  Memory: 248.00M
XOR differences: 0
"output" in: xor.drc:40
    Polygons (raw): 0 (flat)  0 (hierarchical)
    Elapsed: 0.020s  Memory: 248.00M
--- Running XOR for 3/0 ---
"input" in: xor.drc:38
    Polygons (raw): 0 (flat)  0 (hierarchical)
    Elapsed: 0.020s  Memory: 248.00M
"input" in: xor.drc:38
    Polygons (raw): 189 (flat)  1 (hierarchical)
    Elapsed: 0.020s  Memory: 248.00M
"^" in: xor.drc:38
    Polygons (raw): 189 (flat)  1 (hierarchical)
    Elapsed: 0.020s  Memory: 248.00M
XOR differences: 189
"output" in: xor.drc:40
    Polygons (raw): 189 (flat)  1 (hierarchical)
    Elapsed: 0.030s  Memory: 248.00M
--- Running XOR for 4/0 ---
"input" in: xor.drc:38
    Polygons (raw): 0 (flat)  0 (hierarchical)
    Elapsed: 0.030s  Memory: 248.00M
"input" in: xor.drc:38
    Polygons (raw): 189 (flat)  1 (hierarchical)
    Elapsed: 0.020s  Memory: 248.00M
"^" in: xor.drc:38
    Polygons (raw): 189 (flat)  1 (hierarchical)
    Elapsed: 0.030s  Memory: 248.00M
XOR differences: 189
"output" in: xor.drc:40
    Polygons (raw): 189 (flat)  1 (hierarchical)
    Elapsed: 0.020s  Memory: 248.00M
--- Running XOR for 5/0 ---
"input" in: xor.drc:38
    Polygons (raw): 0 (flat)  0 (hierarchical)
    Elapsed: 0.030s  Memory: 248.00M
"input" in: xor.drc:38
    Polygons (raw): 859 (flat)  304 (hierarchical)
    Elapsed: 0.030s  Memory: 248.00M
"^" in: xor.drc:38
    Polygons (raw): 859 (flat)  304 (hierarchical)
    Elapsed: 0.020s  Memory: 248.00M
XOR differences: 859
"output" in: xor.drc:40
    Polygons (raw): 859 (flat)  304 (hierarchical)
    Elapsed: 0.030s  Memory: 248.00M
--- Running XOR for 6/0 ---
"input" in: xor.drc:38
    Polygons (raw): 0 (flat)  0 (hierarchical)
    Elapsed: 0.030s  Memory: 248.00M
"input" in: xor.drc:38
    Polygons (raw): 917 (flat)  6 (hierarchical)
    Elapsed: 0.020s  Memory: 248.00M
"^" in: xor.drc:38
    Polygons (raw): 917 (flat)  6 (hierarchical)
    Elapsed: 0.020s  Memory: 248.00M
XOR differences: 917
"output" in: xor.drc:40
    Polygons (raw): 917 (flat)  6 (hierarchical)
    Elapsed: 0.030s  Memory: 248.00M
--- Running XOR for 64/16 ---
"input" in: xor.drc:38
    Polygons (raw): 698 (flat)  17 (hierarchical)
    Elapsed: 0.030s  Memory: 248.00M
"input" in: xor.drc:38
    Polygons (raw): 698 (flat)  17 (hierarchical)
    Elapsed: 0.020s  Memory: 248.00M
"^" in: xor.drc:38
    Polygons (raw): 0 (flat)  0 (hierarchical)
    Elapsed: 0.040s  Memory: 248.00M
XOR differences: 0
"output" in: xor.drc:40
    Polygons (raw): 0 (flat)  0 (hierarchical)
    Elapsed: 0.020s  Memory: 248.00M
--- Running XOR for 64/20 ---
"input" in: xor.drc:38
    Polygons (raw): 594 (flat)  16 (hierarchical)
    Elapsed: 0.020s  Memory: 248.00M
"input" in: xor.drc:38
    Polygons (raw): 594 (flat)  16 (hierarchical)
    Elapsed: 0.030s  Memory: 248.00M
"^" in: xor.drc:38
    Polygons (raw): 0 (flat)  0 (hierarchical)
    Elapsed: 0.040s  Memory: 249.00M
XOR differences: 0
"output" in: xor.drc:40
    Polygons (raw): 0 (flat)  0 (hierarchical)
    Elapsed: 0.020s  Memory: 249.00M
--- Running XOR for 64/5 ---
"input" in: xor.drc:38
    Polygons (raw): 0 (flat)  0 (hierarchical)
    Elapsed: 0.020s  Memory: 249.00M
"input" in: xor.drc:38
    Polygons (raw): 0 (flat)  0 (hierarchical)
    Elapsed: 0.020s  Memory: 249.00M
"^" in: xor.drc:38
    Polygons (raw): 0 (flat)  0 (hierarchical)
    Elapsed: 0.040s  Memory: 249.00M
XOR differences: 0
"output" in: xor.drc:40
    Polygons (raw): 0 (flat)  0 (hierarchical)
    Elapsed: 0.020s  Memory: 249.00M
--- Running XOR for 64/59 ---
"input" in: xor.drc:38
    Polygons (raw): 0 (flat)  0 (hierarchical)
    Elapsed: 0.010s  Memory: 249.00M
"input" in: xor.drc:38
    Polygons (raw): 0 (flat)  0 (hierarchical)
    Elapsed: 0.030s  Memory: 249.00M
"^" in: xor.drc:38
    Polygons (raw): 0 (flat)  0 (hierarchical)
    Elapsed: 0.020s  Memory: 249.00M
XOR differences: 0
"output" in: xor.drc:40
    Polygons (raw): 0 (flat)  0 (hierarchical)
    Elapsed: 0.010s  Memory: 249.00M
--- Running XOR for 65/20 ---
"input" in: xor.drc:38
    Polygons (raw): 949 (flat)  29 (hierarchical)
    Elapsed: 0.020s  Memory: 249.00M
"input" in: xor.drc:38
    Polygons (raw): 949 (flat)  29 (hierarchical)
    Elapsed: 0.010s  Memory: 249.00M
"^" in: xor.drc:38
    Polygons (raw): 0 (flat)  0 (hierarchical)
    Elapsed: 0.040s  Memory: 249.00M
XOR differences: 0
"output" in: xor.drc:40
    Polygons (raw): 0 (flat)  0 (hierarchical)
    Elapsed: 0.020s  Memory: 249.00M
--- Running XOR for 65/44 ---
"input" in: xor.drc:38
    Polygons (raw): 132 (flat)  2 (hierarchical)
    Elapsed: 0.010s  Memory: 249.00M
"input" in: xor.drc:38
    Polygons (raw): 132 (flat)  2 (hierarchical)
    Elapsed: 0.010s  Memory: 249.00M
"^" in: xor.drc:38
    Polygons (raw): 0 (flat)  0 (hierarchical)
    Elapsed: 0.010s  Memory: 249.00M
XOR differences: 0
"output" in: xor.drc:40
    Polygons (raw): 0 (flat)  0 (hierarchical)
    Elapsed: 0.020s  Memory: 249.00M
--- Running XOR for 66/20 ---
"input" in: xor.drc:38
    Polygons (raw): 2311 (flat)  47 (hierarchical)
    Elapsed: 0.010s  Memory: 249.00M
"input" in: xor.drc:38
    Polygons (raw): 2311 (flat)  47 (hierarchical)
    Elapsed: 0.010s  Memory: 249.00M
"^" in: xor.drc:38
    Polygons (raw): 0 (flat)  0 (hierarchical)
    Elapsed: 0.060s  Memory: 249.00M
XOR differences: 0
"output" in: xor.drc:40
    Polygons (raw): 0 (flat)  0 (hierarchical)
    Elapsed: 0.010s  Memory: 249.00M
--- Running XOR for 66/44 ---
"input" in: xor.drc:38
    Polygons (raw): 4970 (flat)  180 (hierarchical)
    Elapsed: 0.020s  Memory: 249.00M
"input" in: xor.drc:38
    Polygons (raw): 4970 (flat)  180 (hierarchical)
    Elapsed: 0.010s  Memory: 249.00M
"^" in: xor.drc:38
    Polygons (raw): 0 (flat)  0 (hierarchical)
    Elapsed: 0.070s  Memory: 249.00M
XOR differences: 0
"output" in: xor.drc:40
    Polygons (raw): 0 (flat)  0 (hierarchical)
    Elapsed: 0.010s  Memory: 249.00M
--- Running XOR for 67/16 ---
"input" in: xor.drc:38
    Polygons (raw): 213 (flat)  27 (hierarchical)
    Elapsed: 0.020s  Memory: 249.00M
"input" in: xor.drc:38
    Polygons (raw): 213 (flat)  27 (hierarchical)
    Elapsed: 0.010s  Memory: 249.00M
"^" in: xor.drc:38
    Polygons (raw): 0 (flat)  0 (hierarchical)
    Elapsed: 0.020s  Memory: 249.00M
XOR differences: 0
"output" in: xor.drc:40
    Polygons (raw): 0 (flat)  0 (hierarchical)
    Elapsed: 0.010s  Memory: 249.00M
--- Running XOR for 67/20 ---
"input" in: xor.drc:38
    Polygons (raw): 4357 (flat)  278 (hierarchical)
    Elapsed: 0.010s  Memory: 249.00M
"input" in: xor.drc:38
    Polygons (raw): 4168 (flat)  89 (hierarchical)
    Elapsed: 0.010s  Memory: 249.00M
"^" in: xor.drc:38
    Polygons (raw): 125 (flat)  125 (hierarchical)
    Elapsed: 0.070s  Memory: 250.00M
XOR differences: 125
"output" in: xor.drc:40
    Polygons (raw): 125 (flat)  125 (hierarchical)
    Elapsed: 0.010s  Memory: 250.00M
--- Running XOR for 67/44 ---
"input" in: xor.drc:38
    Polygons (raw): 8449 (flat)  383 (hierarchical)
    Elapsed: 0.020s  Memory: 250.00M
"input" in: xor.drc:38
    Polygons (raw): 8260 (flat)  194 (hierarchical)
    Elapsed: 0.010s  Memory: 250.00M
"^" in: xor.drc:38
    Polygons (raw): 189 (flat)  189 (hierarchical)
    Elapsed: 0.170s  Memory: 250.00M
XOR differences: 189
"output" in: xor.drc:40
    Polygons (raw): 189 (flat)  189 (hierarchical)
    Elapsed: 0.020s  Memory: 250.00M
--- Running XOR for 67/5 ---
"input" in: xor.drc:38
    Polygons (raw): 0 (flat)  0 (hierarchical)
    Elapsed: 0.020s  Memory: 250.00M
"input" in: xor.drc:38
    Polygons (raw): 0 (flat)  0 (hierarchical)
    Elapsed: 0.020s  Memory: 250.00M
"^" in: xor.drc:38
    Polygons (raw): 0 (flat)  0 (hierarchical)
    Elapsed: 0.010s  Memory: 250.00M
XOR differences: 0
"output" in: xor.drc:40
    Polygons (raw): 0 (flat)  0 (hierarchical)
    Elapsed: 0.020s  Memory: 250.00M
--- Running XOR for 68/16 ---
"input" in: xor.drc:38
    Polygons (raw): 1698 (flat)  38 (hierarchical)
    Elapsed: 0.030s  Memory: 250.00M
"input" in: xor.drc:38
    Polygons (raw): 1698 (flat)  38 (hierarchical)
    Elapsed: 0.020s  Memory: 250.00M
"^" in: xor.drc:38
    Polygons (raw): 0 (flat)  0 (hierarchical)
    Elapsed: 0.070s  Memory: 250.00M
XOR differences: 0
"output" in: xor.drc:40
    Polygons (raw): 0 (flat)  0 (hierarchical)
    Elapsed: 0.010s  Memory: 250.00M
--- Running XOR for 68/20 ---
"input" in: xor.drc:38
    Polygons (raw): 4141 (flat)  969 (hierarchical)
    Elapsed: 0.010s  Memory: 250.00M
"input" in: xor.drc:38
    Polygons (raw): 3228 (flat)  56 (hierarchical)
    Elapsed: 0.010s  Memory: 250.00M
"^" in: xor.drc:38
    Polygons (raw): 210 (flat)  210 (hierarchical)
    Elapsed: 0.060s  Memory: 250.00M
XOR differences: 210
"output" in: xor.drc:40
    Polygons (raw): 210 (flat)  210 (hierarchical)
    Elapsed: 0.010s  Memory: 250.00M
--- Running XOR for 68/44 ---
"input" in: xor.drc:38
    Polygons (raw): 917 (flat)  917 (hierarchical)
    Elapsed: 0.010s  Memory: 250.00M
"input" in: xor.drc:38
    Polygons (raw): 0 (flat)  0 (hierarchical)
    Elapsed: 0.020s  Memory: 250.00M
"^" in: xor.drc:38
    Polygons (raw): 917 (flat)  917 (hierarchical)
    Elapsed: 0.020s  Memory: 250.00M
XOR differences: 917
"output" in: xor.drc:40
    Polygons (raw): 917 (flat)  917 (hierarchical)
    Elapsed: 0.010s  Memory: 250.00M
--- Running XOR for 68/5 ---
"input" in: xor.drc:38
    Polygons (raw): 0 (flat)  0 (hierarchical)
    Elapsed: 0.010s  Memory: 250.00M
"input" in: xor.drc:38
    Polygons (raw): 0 (flat)  0 (hierarchical)
    Elapsed: 0.010s  Memory: 250.00M
"^" in: xor.drc:38
    Polygons (raw): 0 (flat)  0 (hierarchical)
    Elapsed: 0.020s  Memory: 250.00M
XOR differences: 0
"output" in: xor.drc:40
    Polygons (raw): 0 (flat)  0 (hierarchical)
    Elapsed: 0.010s  Memory: 250.00M
--- Running XOR for 69/20 ---
"input" in: xor.drc:38
    Polygons (raw): 549 (flat)  549 (hierarchical)
    Elapsed: 0.010s  Memory: 250.00M
"input" in: xor.drc:38
    Polygons (raw): 0 (flat)  0 (hierarchical)
    Elapsed: 0.010s  Memory: 250.00M
"^" in: xor.drc:38
    Polygons (raw): 549 (flat)  549 (hierarchical)
    Elapsed: 0.020s  Memory: 250.00M
XOR differences: 549
"output" in: xor.drc:40
    Polygons (raw): 549 (flat)  549 (hierarchical)
    Elapsed: 0.010s  Memory: 250.00M
--- Running XOR for 69/44 ---
"input" in: xor.drc:38
    Polygons (raw): 571 (flat)  571 (hierarchical)
    Elapsed: 0.010s  Memory: 250.00M
"input" in: xor.drc:38
    Polygons (raw): 0 (flat)  0 (hierarchical)
    Elapsed: 0.010s  Memory: 250.00M
"^" in: xor.drc:38
    Polygons (raw): 571 (flat)  571 (hierarchical)
    Elapsed: 0.020s  Memory: 250.00M
XOR differences: 571
"output" in: xor.drc:40
    Polygons (raw): 571 (flat)  571 (hierarchical)
    Elapsed: 0.020s  Memory: 250.00M
--- Running XOR for 7/0 ---
"input" in: xor.drc:38
    Polygons (raw): 0 (flat)  0 (hierarchical)
    Elapsed: 0.010s  Memory: 250.00M
"input" in: xor.drc:38
    Polygons (raw): 825 (flat)  300 (hierarchical)
    Elapsed: 0.010s  Memory: 250.00M
"^" in: xor.drc:38
    Polygons (raw): 825 (flat)  300 (hierarchical)
    Elapsed: 0.010s  Memory: 250.00M
XOR differences: 825
"output" in: xor.drc:40
    Polygons (raw): 825 (flat)  300 (hierarchical)
    Elapsed: 0.010s  Memory: 250.00M
--- Running XOR for 70/16 ---
"input" in: xor.drc:38
    Polygons (raw): 5 (flat)  5 (hierarchical)
    Elapsed: 0.020s  Memory: 250.00M
"input" in: xor.drc:38
    Polygons (raw): 0 (flat)  0 (hierarchical)
    Elapsed: 0.010s  Memory: 250.00M
"^" in: xor.drc:38
    Polygons (raw): 5 (flat)  5 (hierarchical)
    Elapsed: 0.020s  Memory: 250.00M
XOR differences: 5
"output" in: xor.drc:40
    Polygons (raw): 5 (flat)  5 (hierarchical)
    Elapsed: 0.010s  Memory: 250.00M
--- Running XOR for 70/20 ---
"input" in: xor.drc:38
    Polygons (raw): 207 (flat)  207 (hierarchical)
    Elapsed: 0.010s  Memory: 250.00M
"input" in: xor.drc:38
    Polygons (raw): 0 (flat)  0 (hierarchical)
    Elapsed: 0.010s  Memory: 250.00M
"^" in: xor.drc:38
    Polygons (raw): 207 (flat)  207 (hierarchical)
    Elapsed: 0.020s  Memory: 250.00M
XOR differences: 207
"output" in: xor.drc:40
    Polygons (raw): 207 (flat)  207 (hierarchical)
    Elapsed: 0.010s  Memory: 250.00M
--- Running XOR for 70/44 ---
"input" in: xor.drc:38
    Polygons (raw): 548 (flat)  548 (hierarchical)
    Elapsed: 0.010s  Memory: 250.00M
"input" in: xor.drc:38
    Polygons (raw): 0 (flat)  0 (hierarchical)
    Elapsed: 0.020s  Memory: 250.00M
"^" in: xor.drc:38
    Polygons (raw): 548 (flat)  548 (hierarchical)
    Elapsed: 0.010s  Memory: 250.00M
XOR differences: 548
"output" in: xor.drc:40
    Polygons (raw): 548 (flat)  548 (hierarchical)
    Elapsed: 0.020s  Memory: 250.00M
--- Running XOR for 71/16 ---
"input" in: xor.drc:38
    Polygons (raw): 25 (flat)  25 (hierarchical)
    Elapsed: 0.010s  Memory: 250.00M
"input" in: xor.drc:38
    Polygons (raw): 0 (flat)  0 (hierarchical)
    Elapsed: 0.010s  Memory: 250.00M
"^" in: xor.drc:38
    Polygons (raw): 25 (flat)  25 (hierarchical)
    Elapsed: 0.010s  Memory: 250.00M
XOR differences: 25
"output" in: xor.drc:40
    Polygons (raw): 25 (flat)  25 (hierarchical)
    Elapsed: 0.000s  Memory: 250.00M
--- Running XOR for 71/20 ---
"input" in: xor.drc:38
    Polygons (raw): 25 (flat)  25 (hierarchical)
    Elapsed: 0.020s  Memory: 250.00M
"input" in: xor.drc:38
    Polygons (raw): 0 (flat)  0 (hierarchical)
    Elapsed: 0.010s  Memory: 250.00M
"^" in: xor.drc:38
    Polygons (raw): 25 (flat)  25 (hierarchical)
    Elapsed: 0.010s  Memory: 250.00M
XOR differences: 25
"output" in: xor.drc:40
    Polygons (raw): 25 (flat)  25 (hierarchical)
    Elapsed: 0.010s  Memory: 250.00M
--- Running XOR for 78/44 ---
"input" in: xor.drc:38
    Polygons (raw): 339 (flat)  13 (hierarchical)
    Elapsed: 0.010s  Memory: 250.00M
"input" in: xor.drc:38
    Polygons (raw): 339 (flat)  13 (hierarchical)
    Elapsed: 0.020s  Memory: 250.00M
"^" in: xor.drc:38
    Polygons (raw): 0 (flat)  0 (hierarchical)
    Elapsed: 0.020s  Memory: 250.00M
XOR differences: 0
"output" in: xor.drc:40
    Polygons (raw): 0 (flat)  0 (hierarchical)
    Elapsed: 0.010s  Memory: 250.00M
--- Running XOR for 8/0 ---
"input" in: xor.drc:38
    Polygons (raw): 0 (flat)  0 (hierarchical)
    Elapsed: 0.010s  Memory: 250.00M
"input" in: xor.drc:38
    Polygons (raw): 571 (flat)  5 (hierarchical)
    Elapsed: 0.010s  Memory: 250.00M
"^" in: xor.drc:38
    Polygons (raw): 571 (flat)  5 (hierarchical)
    Elapsed: 0.010s  Memory: 250.00M
XOR differences: 571
"output" in: xor.drc:40
    Polygons (raw): 571 (flat)  5 (hierarchical)
    Elapsed: 0.010s  Memory: 250.00M
--- Running XOR for 81/4 ---
"input" in: xor.drc:38
    Polygons (raw): 339 (flat)  13 (hierarchical)
    Elapsed: 0.020s  Memory: 250.00M
"input" in: xor.drc:38
    Polygons (raw): 339 (flat)  13 (hierarchical)
    Elapsed: 0.010s  Memory: 250.00M
"^" in: xor.drc:38
    Polygons (raw): 0 (flat)  0 (hierarchical)
    Elapsed: 0.020s  Memory: 250.00M
XOR differences: 0
"output" in: xor.drc:40
    Polygons (raw): 0 (flat)  0 (hierarchical)
    Elapsed: 0.010s  Memory: 250.00M
--- Running XOR for 83/44 ---
"input" in: xor.drc:38
    Polygons (raw): 0 (flat)  0 (hierarchical)
    Elapsed: 0.020s  Memory: 250.00M
"input" in: xor.drc:38
    Polygons (raw): 0 (flat)  0 (hierarchical)
    Elapsed: 0.010s  Memory: 250.00M
"^" in: xor.drc:38
    Polygons (raw): 0 (flat)  0 (hierarchical)
    Elapsed: 0.010s  Memory: 250.00M
XOR differences: 0
"output" in: xor.drc:40
    Polygons (raw): 0 (flat)  0 (hierarchical)
    Elapsed: 0.010s  Memory: 250.00M
--- Running XOR for 9/0 ---
"input" in: xor.drc:38
    Polygons (raw): 0 (flat)  0 (hierarchical)
    Elapsed: 0.010s  Memory: 250.00M
"input" in: xor.drc:38
    Polygons (raw): 448 (flat)  154 (hierarchical)
    Elapsed: 0.010s  Memory: 250.00M
"^" in: xor.drc:38
    Polygons (raw): 448 (flat)  154 (hierarchical)
    Elapsed: 0.010s  Memory: 250.00M
XOR differences: 448
"output" in: xor.drc:40
    Polygons (raw): 448 (flat)  154 (hierarchical)
    Elapsed: 0.010s  Memory: 250.00M
--- Running XOR for 9/1 ---
"input" in: xor.drc:38
    Polygons (raw): 0 (flat)  0 (hierarchical)
    Elapsed: 0.020s  Memory: 250.00M
"input" in: xor.drc:38
    Polygons (raw): 0 (flat)  0 (hierarchical)
    Elapsed: 0.010s  Memory: 250.00M
"^" in: xor.drc:38
    Polygons (raw): 0 (flat)  0 (hierarchical)
    Elapsed: 0.010s  Memory: 250.00M
XOR differences: 0
"output" in: xor.drc:40
    Polygons (raw): 0 (flat)  0 (hierarchical)
    Elapsed: 0.030s  Memory: 250.00M
--- Running XOR for 9/2 ---
"input" in: xor.drc:38
    Polygons (raw): 0 (flat)  0 (hierarchical)
    Elapsed: 0.020s  Memory: 250.00M
"input" in: xor.drc:38
    Polygons (raw): 5 (flat)  5 (hierarchical)
    Elapsed: 0.020s  Memory: 250.00M
"^" in: xor.drc:38
    Polygons (raw): 5 (flat)  5 (hierarchical)
    Elapsed: 0.000s  Memory: 250.00M
XOR differences: 5
"output" in: xor.drc:40
    Polygons (raw): 5 (flat)  5 (hierarchical)
    Elapsed: 0.010s  Memory: 250.00M
--- Running XOR for 93/44 ---
"input" in: xor.drc:38
    Polygons (raw): 745 (flat)  18 (hierarchical)
    Elapsed: 0.020s  Memory: 250.00M
"input" in: xor.drc:38
    Polygons (raw): 745 (flat)  18 (hierarchical)
    Elapsed: 0.010s  Memory: 250.00M
"^" in: xor.drc:38
    Polygons (raw): 0 (flat)  0 (hierarchical)
    Elapsed: 0.020s  Memory: 250.00M
XOR differences: 0
"output" in: xor.drc:40
    Polygons (raw): 0 (flat)  0 (hierarchical)
    Elapsed: 0.010s  Memory: 250.00M
--- Running XOR for 94/20 ---
"input" in: xor.drc:38
    Polygons (raw): 575 (flat)  16 (hierarchical)
    Elapsed: 0.020s  Memory: 250.00M
"input" in: xor.drc:38
    Polygons (raw): 575 (flat)  16 (hierarchical)
    Elapsed: 0.010s  Memory: 250.00M
"^" in: xor.drc:38
    Polygons (raw): 0 (flat)  0 (hierarchical)
    Elapsed: 0.020s  Memory: 250.00M
XOR differences: 0
"output" in: xor.drc:40
    Polygons (raw): 0 (flat)  0 (hierarchical)
    Elapsed: 0.010s  Memory: 250.00M
--- Running XOR for 95/20 ---
"input" in: xor.drc:38
    Polygons (raw): 601 (flat)  15 (hierarchical)
    Elapsed: 0.020s  Memory: 250.00M
"input" in: xor.drc:38
    Polygons (raw): 601 (flat)  15 (hierarchical)
    Elapsed: 0.010s  Memory: 250.00M
"^" in: xor.drc:38
    Polygons (raw): 0 (flat)  0 (hierarchical)
    Elapsed: 0.020s  Memory: 250.00M
XOR differences: 0
"output" in: xor.drc:40
    Polygons (raw): 0 (flat)  0 (hierarchical)
    Elapsed: 0.010s  Memory: 250.00M
Writing report database: /foss/designs/SKY130_SAR-ADC/openlane/adc_clkgen_with_edgedetect/runs/kasleberkas/reports/signoff/adc_clkgen_with_edgedetect.xor.xml ..
Total elapsed: 3.970s  Memory: 250.00M
