First Layout: /foss/designs/SKY130_SAR-ADC/openlane/adc_clkgen_with_edgedetect/runs/frittatensuppe/results/signoff/adc_clkgen_with_edgedetect.gds
Second Layout: /foss/designs/SKY130_SAR-ADC/openlane/adc_clkgen_with_edgedetect/runs/frittatensuppe/results/signoff/adc_clkgen_with_edgedetect.klayout.gds
Design Name: adc_clkgen_with_edgedetect
Output GDS will be: /foss/designs/SKY130_SAR-ADC/openlane/adc_clkgen_with_edgedetect/runs/frittatensuppe/reports/signoff/adc_clkgen_with_edgedetect.xor.xml
Reading /foss/designs/SKY130_SAR-ADC/openlane/adc_clkgen_with_edgedetect/runs/frittatensuppe/results/signoff/adc_clkgen_with_edgedetect.gds ..
Reading /foss/designs/SKY130_SAR-ADC/openlane/adc_clkgen_with_edgedetect/runs/frittatensuppe/results/signoff/adc_clkgen_with_edgedetect.klayout.gds ..
--- Running XOR for 10/0 ---
"input" in: xor.drc:38
    Polygons (raw): 0 (flat)  0 (hierarchical)
    Elapsed: 0.000s  Memory: 248.00M
"input" in: xor.drc:38
    Polygons (raw): 240 (flat)  4 (hierarchical)
    Elapsed: 0.010s  Memory: 248.00M
"^" in: xor.drc:38
    Polygons (raw): 240 (flat)  4 (hierarchical)
    Elapsed: 0.010s  Memory: 248.00M
XOR differences: 240
"output" in: xor.drc:40
    Polygons (raw): 240 (flat)  4 (hierarchical)
    Elapsed: 0.000s  Memory: 248.00M
--- Running XOR for 11/0 ---
"input" in: xor.drc:38
    Polygons (raw): 0 (flat)  0 (hierarchical)
    Elapsed: 0.010s  Memory: 248.00M
"input" in: xor.drc:38
    Polygons (raw): 64 (flat)  5 (hierarchical)
    Elapsed: 0.000s  Memory: 248.00M
"^" in: xor.drc:38
    Polygons (raw): 64 (flat)  5 (hierarchical)
    Elapsed: 0.000s  Memory: 248.00M
XOR differences: 64
"output" in: xor.drc:40
    Polygons (raw): 64 (flat)  5 (hierarchical)
    Elapsed: 0.010s  Memory: 248.00M
--- Running XOR for 11/1 ---
"input" in: xor.drc:38
    Polygons (raw): 0 (flat)  0 (hierarchical)
    Elapsed: 0.000s  Memory: 248.00M
"input" in: xor.drc:38
    Polygons (raw): 0 (flat)  0 (hierarchical)
    Elapsed: 0.000s  Memory: 248.00M
"^" in: xor.drc:38
    Polygons (raw): 0 (flat)  0 (hierarchical)
    Elapsed: 0.010s  Memory: 248.00M
XOR differences: 0
"output" in: xor.drc:40
    Polygons (raw): 0 (flat)  0 (hierarchical)
    Elapsed: 0.000s  Memory: 248.00M
--- Running XOR for 11/2 ---
"input" in: xor.drc:38
    Polygons (raw): 0 (flat)  0 (hierarchical)
    Elapsed: 0.010s  Memory: 248.00M
"input" in: xor.drc:38
    Polygons (raw): 4 (flat)  4 (hierarchical)
    Elapsed: 0.000s  Memory: 248.00M
"^" in: xor.drc:38
    Polygons (raw): 4 (flat)  4 (hierarchical)
    Elapsed: 0.000s  Memory: 248.00M
XOR differences: 4
"output" in: xor.drc:40
    Polygons (raw): 4 (flat)  4 (hierarchical)
    Elapsed: 0.010s  Memory: 248.00M
--- Running XOR for 122/16 ---
"input" in: xor.drc:38
    Polygons (raw): 746 (flat)  17 (hierarchical)
    Elapsed: 0.000s  Memory: 248.00M
"input" in: xor.drc:38
    Polygons (raw): 746 (flat)  17 (hierarchical)
    Elapsed: 0.010s  Memory: 248.00M
"^" in: xor.drc:38
    Polygons (raw): 0 (flat)  0 (hierarchical)
    Elapsed: 0.010s  Memory: 249.00M
XOR differences: 0
"output" in: xor.drc:40
    Polygons (raw): 0 (flat)  0 (hierarchical)
    Elapsed: 0.010s  Memory: 249.00M
--- Running XOR for 125/44 ---
"input" in: xor.drc:38
    Polygons (raw): 85 (flat)  1 (hierarchical)
    Elapsed: 0.010s  Memory: 249.00M
"input" in: xor.drc:38
    Polygons (raw): 85 (flat)  1 (hierarchical)
    Elapsed: 0.000s  Memory: 249.00M
"^" in: xor.drc:38
    Polygons (raw): 0 (flat)  0 (hierarchical)
    Elapsed: 0.010s  Memory: 249.00M
XOR differences: 0
"output" in: xor.drc:40
    Polygons (raw): 0 (flat)  0 (hierarchical)
    Elapsed: 0.010s  Memory: 249.00M
--- Running XOR for 14/0 ---
"input" in: xor.drc:38
    Polygons (raw): 0 (flat)  0 (hierarchical)
    Elapsed: 0.010s  Memory: 249.00M
"input" in: xor.drc:38
    Polygons (raw): 1 (flat)  1 (hierarchical)
    Elapsed: 0.010s  Memory: 249.00M
"^" in: xor.drc:38
    Polygons (raw): 1 (flat)  1 (hierarchical)
    Elapsed: 0.000s  Memory: 249.00M
XOR differences: 1
"output" in: xor.drc:40
    Polygons (raw): 1 (flat)  1 (hierarchical)
    Elapsed: 0.010s  Memory: 249.00M
--- Running XOR for 235/4 ---
"input" in: xor.drc:38
    Polygons (raw): 86 (flat)  2 (hierarchical)
    Elapsed: 0.010s  Memory: 249.00M
"input" in: xor.drc:38
    Polygons (raw): 85 (flat)  1 (hierarchical)
    Elapsed: 0.000s  Memory: 249.00M
"^" in: xor.drc:38
    Polygons (raw): 4 (flat)  4 (hierarchical)
    Elapsed: 0.010s  Memory: 249.00M
XOR differences: 4
"output" in: xor.drc:40
    Polygons (raw): 4 (flat)  4 (hierarchical)
    Elapsed: 0.010s  Memory: 249.00M
--- Running XOR for 236/0 ---
"input" in: xor.drc:38
    Polygons (raw): 234 (flat)  10 (hierarchical)
    Elapsed: 0.010s  Memory: 249.00M
"input" in: xor.drc:38
    Polygons (raw): 234 (flat)  10 (hierarchical)
    Elapsed: 0.000s  Memory: 249.00M
"^" in: xor.drc:38
    Polygons (raw): 0 (flat)  0 (hierarchical)
    Elapsed: 0.020s  Memory: 249.00M
XOR differences: 0
"output" in: xor.drc:40
    Polygons (raw): 0 (flat)  0 (hierarchical)
    Elapsed: 0.010s  Memory: 249.00M
--- Running XOR for 3/0 ---
"input" in: xor.drc:38
    Polygons (raw): 0 (flat)  0 (hierarchical)
    Elapsed: 0.000s  Memory: 249.00M
"input" in: xor.drc:38
    Polygons (raw): 189 (flat)  1 (hierarchical)
    Elapsed: 0.010s  Memory: 249.00M
"^" in: xor.drc:38
    Polygons (raw): 189 (flat)  1 (hierarchical)
    Elapsed: 0.010s  Memory: 249.00M
XOR differences: 189
"output" in: xor.drc:40
    Polygons (raw): 189 (flat)  1 (hierarchical)
    Elapsed: 0.010s  Memory: 249.00M
--- Running XOR for 4/0 ---
"input" in: xor.drc:38
    Polygons (raw): 0 (flat)  0 (hierarchical)
    Elapsed: 0.010s  Memory: 249.00M
"input" in: xor.drc:38
    Polygons (raw): 189 (flat)  1 (hierarchical)
    Elapsed: 0.010s  Memory: 249.00M
"^" in: xor.drc:38
    Polygons (raw): 189 (flat)  1 (hierarchical)
    Elapsed: 0.000s  Memory: 249.00M
XOR differences: 189
"output" in: xor.drc:40
    Polygons (raw): 189 (flat)  1 (hierarchical)
    Elapsed: 0.010s  Memory: 249.00M
--- Running XOR for 5/0 ---
"input" in: xor.drc:38
    Polygons (raw): 0 (flat)  0 (hierarchical)
    Elapsed: 0.000s  Memory: 249.00M
"input" in: xor.drc:38
    Polygons (raw): 755 (flat)  286 (hierarchical)
    Elapsed: 0.000s  Memory: 249.00M
"^" in: xor.drc:38
    Polygons (raw): 755 (flat)  286 (hierarchical)
    Elapsed: 0.010s  Memory: 249.00M
XOR differences: 755
"output" in: xor.drc:40
    Polygons (raw): 755 (flat)  286 (hierarchical)
    Elapsed: 0.010s  Memory: 249.00M
--- Running XOR for 6/0 ---
"input" in: xor.drc:38
    Polygons (raw): 0 (flat)  0 (hierarchical)
    Elapsed: 0.000s  Memory: 249.00M
"input" in: xor.drc:38
    Polygons (raw): 523 (flat)  6 (hierarchical)
    Elapsed: 0.010s  Memory: 249.00M
"^" in: xor.drc:38
    Polygons (raw): 523 (flat)  6 (hierarchical)
    Elapsed: 0.010s  Memory: 249.00M
XOR differences: 523
"output" in: xor.drc:40
    Polygons (raw): 523 (flat)  6 (hierarchical)
    Elapsed: 0.000s  Memory: 249.00M
--- Running XOR for 64/16 ---
"input" in: xor.drc:38
    Polygons (raw): 746 (flat)  17 (hierarchical)
    Elapsed: 0.010s  Memory: 249.00M
"input" in: xor.drc:38
    Polygons (raw): 746 (flat)  17 (hierarchical)
    Elapsed: 0.010s  Memory: 249.00M
"^" in: xor.drc:38
    Polygons (raw): 0 (flat)  0 (hierarchical)
    Elapsed: 0.010s  Memory: 249.00M
XOR differences: 0
"output" in: xor.drc:40
    Polygons (raw): 0 (flat)  0 (hierarchical)
    Elapsed: 0.000s  Memory: 249.00M
--- Running XOR for 64/20 ---
"input" in: xor.drc:38
    Polygons (raw): 638 (flat)  16 (hierarchical)
    Elapsed: 0.010s  Memory: 249.00M
"input" in: xor.drc:38
    Polygons (raw): 638 (flat)  16 (hierarchical)
    Elapsed: 0.000s  Memory: 249.00M
"^" in: xor.drc:38
    Polygons (raw): 0 (flat)  0 (hierarchical)
    Elapsed: 0.020s  Memory: 249.00M
XOR differences: 0
"output" in: xor.drc:40
    Polygons (raw): 0 (flat)  0 (hierarchical)
    Elapsed: 0.000s  Memory: 249.00M
--- Running XOR for 64/5 ---
"input" in: xor.drc:38
    Polygons (raw): 0 (flat)  0 (hierarchical)
    Elapsed: 0.010s  Memory: 249.00M
"input" in: xor.drc:38
    Polygons (raw): 0 (flat)  0 (hierarchical)
    Elapsed: 0.010s  Memory: 249.00M
"^" in: xor.drc:38
    Polygons (raw): 0 (flat)  0 (hierarchical)
    Elapsed: 0.010s  Memory: 249.00M
XOR differences: 0
"output" in: xor.drc:40
    Polygons (raw): 0 (flat)  0 (hierarchical)
    Elapsed: 0.010s  Memory: 249.00M
--- Running XOR for 64/59 ---
"input" in: xor.drc:38
    Polygons (raw): 0 (flat)  0 (hierarchical)
    Elapsed: 0.010s  Memory: 249.00M
"input" in: xor.drc:38
    Polygons (raw): 0 (flat)  0 (hierarchical)
    Elapsed: 0.010s  Memory: 249.00M
"^" in: xor.drc:38
    Polygons (raw): 0 (flat)  0 (hierarchical)
    Elapsed: 0.000s  Memory: 249.00M
XOR differences: 0
"output" in: xor.drc:40
    Polygons (raw): 0 (flat)  0 (hierarchical)
    Elapsed: 0.000s  Memory: 249.00M
--- Running XOR for 65/20 ---
"input" in: xor.drc:38
    Polygons (raw): 1065 (flat)  29 (hierarchical)
    Elapsed: 0.000s  Memory: 249.00M
"input" in: xor.drc:38
    Polygons (raw): 1065 (flat)  29 (hierarchical)
    Elapsed: 0.010s  Memory: 249.00M
"^" in: xor.drc:38
    Polygons (raw): 0 (flat)  0 (hierarchical)
    Elapsed: 0.010s  Memory: 249.00M
XOR differences: 0
"output" in: xor.drc:40
    Polygons (raw): 0 (flat)  0 (hierarchical)
    Elapsed: 0.010s  Memory: 249.00M
--- Running XOR for 65/44 ---
"input" in: xor.drc:38
    Polygons (raw): 124 (flat)  2 (hierarchical)
    Elapsed: 0.010s  Memory: 249.00M
"input" in: xor.drc:38
    Polygons (raw): 124 (flat)  2 (hierarchical)
    Elapsed: 0.000s  Memory: 249.00M
"^" in: xor.drc:38
    Polygons (raw): 0 (flat)  0 (hierarchical)
    Elapsed: 0.010s  Memory: 249.00M
XOR differences: 0
"output" in: xor.drc:40
    Polygons (raw): 0 (flat)  0 (hierarchical)
    Elapsed: 0.010s  Memory: 249.00M
--- Running XOR for 66/20 ---
"input" in: xor.drc:38
    Polygons (raw): 2427 (flat)  47 (hierarchical)
    Elapsed: 0.010s  Memory: 249.00M
"input" in: xor.drc:38
    Polygons (raw): 2427 (flat)  47 (hierarchical)
    Elapsed: 0.010s  Memory: 249.00M
"^" in: xor.drc:38
    Polygons (raw): 0 (flat)  0 (hierarchical)
    Elapsed: 0.020s  Memory: 249.00M
XOR differences: 0
"output" in: xor.drc:40
    Polygons (raw): 0 (flat)  0 (hierarchical)
    Elapsed: 0.010s  Memory: 249.00M
--- Running XOR for 66/44 ---
"input" in: xor.drc:38
    Polygons (raw): 5420 (flat)  180 (hierarchical)
    Elapsed: 0.010s  Memory: 249.00M
"input" in: xor.drc:38
    Polygons (raw): 5420 (flat)  180 (hierarchical)
    Elapsed: 0.010s  Memory: 249.00M
"^" in: xor.drc:38
    Polygons (raw): 0 (flat)  0 (hierarchical)
    Elapsed: 0.040s  Memory: 249.00M
XOR differences: 0
"output" in: xor.drc:40
    Polygons (raw): 0 (flat)  0 (hierarchical)
    Elapsed: 0.000s  Memory: 249.00M
--- Running XOR for 67/16 ---
"input" in: xor.drc:38
    Polygons (raw): 213 (flat)  27 (hierarchical)
    Elapsed: 0.010s  Memory: 249.00M
"input" in: xor.drc:38
    Polygons (raw): 213 (flat)  27 (hierarchical)
    Elapsed: 0.000s  Memory: 249.00M
"^" in: xor.drc:38
    Polygons (raw): 0 (flat)  0 (hierarchical)
    Elapsed: 0.010s  Memory: 249.00M
XOR differences: 0
"output" in: xor.drc:40
    Polygons (raw): 0 (flat)  0 (hierarchical)
    Elapsed: 0.010s  Memory: 249.00M
--- Running XOR for 67/20 ---
"input" in: xor.drc:38
    Polygons (raw): 4469 (flat)  278 (hierarchical)
    Elapsed: 0.000s  Memory: 249.00M
"input" in: xor.drc:38
    Polygons (raw): 4280 (flat)  89 (hierarchical)
    Elapsed: 0.000s  Memory: 249.00M
"^" in: xor.drc:38
    Polygons (raw): 132 (flat)  132 (hierarchical)
    Elapsed: 0.050s  Memory: 248.00M
XOR differences: 132
"output" in: xor.drc:40
    Polygons (raw): 132 (flat)  132 (hierarchical)
    Elapsed: 0.010s  Memory: 248.00M
--- Running XOR for 67/44 ---
"input" in: xor.drc:38
    Polygons (raw): 8973 (flat)  383 (hierarchical)
    Elapsed: 0.010s  Memory: 248.00M
"input" in: xor.drc:38
    Polygons (raw): 8784 (flat)  194 (hierarchical)
    Elapsed: 0.010s  Memory: 248.00M
"^" in: xor.drc:38
    Polygons (raw): 189 (flat)  189 (hierarchical)
    Elapsed: 0.040s  Memory: 249.00M
XOR differences: 189
"output" in: xor.drc:40
    Polygons (raw): 189 (flat)  189 (hierarchical)
    Elapsed: 0.010s  Memory: 249.00M
--- Running XOR for 67/5 ---
"input" in: xor.drc:38
    Polygons (raw): 0 (flat)  0 (hierarchical)
    Elapsed: 0.010s  Memory: 249.00M
"input" in: xor.drc:38
    Polygons (raw): 0 (flat)  0 (hierarchical)
    Elapsed: 0.020s  Memory: 249.00M
"^" in: xor.drc:38
    Polygons (raw): 0 (flat)  0 (hierarchical)
    Elapsed: 0.000s  Memory: 249.00M
XOR differences: 0
"output" in: xor.drc:40
    Polygons (raw): 0 (flat)  0 (hierarchical)
    Elapsed: 0.010s  Memory: 249.00M
--- Running XOR for 68/16 ---
"input" in: xor.drc:38
    Polygons (raw): 1786 (flat)  38 (hierarchical)
    Elapsed: 0.010s  Memory: 249.00M
"input" in: xor.drc:38
    Polygons (raw): 1786 (flat)  38 (hierarchical)
    Elapsed: 0.010s  Memory: 249.00M
"^" in: xor.drc:38
    Polygons (raw): 0 (flat)  0 (hierarchical)
    Elapsed: 0.020s  Memory: 249.00M
XOR differences: 0
"output" in: xor.drc:40
    Polygons (raw): 0 (flat)  0 (hierarchical)
    Elapsed: 0.000s  Memory: 249.00M
--- Running XOR for 68/20 ---
"input" in: xor.drc:38
    Polygons (raw): 4173 (flat)  913 (hierarchical)
    Elapsed: 0.000s  Memory: 249.00M
"input" in: xor.drc:38
    Polygons (raw): 3316 (flat)  56 (hierarchical)
    Elapsed: 0.010s  Memory: 249.00M
"^" in: xor.drc:38
    Polygons (raw): 205 (flat)  205 (hierarchical)
    Elapsed: 0.040s  Memory: 250.00M
XOR differences: 205
"output" in: xor.drc:40
    Polygons (raw): 205 (flat)  205 (hierarchical)
    Elapsed: 0.000s  Memory: 250.00M
--- Running XOR for 68/44 ---
"input" in: xor.drc:38
    Polygons (raw): 523 (flat)  523 (hierarchical)
    Elapsed: 0.010s  Memory: 250.00M
"input" in: xor.drc:38
    Polygons (raw): 0 (flat)  0 (hierarchical)
    Elapsed: 0.010s  Memory: 250.00M
"^" in: xor.drc:38
    Polygons (raw): 523 (flat)  523 (hierarchical)
    Elapsed: 0.000s  Memory: 250.00M
XOR differences: 523
"output" in: xor.drc:40
    Polygons (raw): 523 (flat)  523 (hierarchical)
    Elapsed: 0.010s  Memory: 250.00M
--- Running XOR for 68/5 ---
"input" in: xor.drc:38
    Polygons (raw): 0 (flat)  0 (hierarchical)
    Elapsed: 0.010s  Memory: 250.00M
"input" in: xor.drc:38
    Polygons (raw): 0 (flat)  0 (hierarchical)
    Elapsed: 0.000s  Memory: 250.00M
"^" in: xor.drc:38
    Polygons (raw): 0 (flat)  0 (hierarchical)
    Elapsed: 0.000s  Memory: 250.00M
XOR differences: 0
"output" in: xor.drc:40
    Polygons (raw): 0 (flat)  0 (hierarchical)
    Elapsed: 0.020s  Memory: 250.00M
--- Running XOR for 69/20 ---
"input" in: xor.drc:38
    Polygons (raw): 506 (flat)  506 (hierarchical)
    Elapsed: 0.000s  Memory: 250.00M
"input" in: xor.drc:38
    Polygons (raw): 0 (flat)  0 (hierarchical)
    Elapsed: 0.010s  Memory: 250.00M
"^" in: xor.drc:38
    Polygons (raw): 506 (flat)  506 (hierarchical)
    Elapsed: 0.000s  Memory: 250.00M
XOR differences: 506
"output" in: xor.drc:40
    Polygons (raw): 506 (flat)  506 (hierarchical)
    Elapsed: 0.010s  Memory: 250.00M
--- Running XOR for 69/44 ---
"input" in: xor.drc:38
    Polygons (raw): 273 (flat)  273 (hierarchical)
    Elapsed: 0.010s  Memory: 250.00M
"input" in: xor.drc:38
    Polygons (raw): 0 (flat)  0 (hierarchical)
    Elapsed: 0.010s  Memory: 250.00M
"^" in: xor.drc:38
    Polygons (raw): 273 (flat)  273 (hierarchical)
    Elapsed: 0.000s  Memory: 250.00M
XOR differences: 273
"output" in: xor.drc:40
    Polygons (raw): 273 (flat)  273 (hierarchical)
    Elapsed: 0.000s  Memory: 250.00M
--- Running XOR for 7/0 ---
"input" in: xor.drc:38
    Polygons (raw): 0 (flat)  0 (hierarchical)
    Elapsed: 0.010s  Memory: 250.00M
"input" in: xor.drc:38
    Polygons (raw): 628 (flat)  256 (hierarchical)
    Elapsed: 0.010s  Memory: 250.00M
"^" in: xor.drc:38
    Polygons (raw): 628 (flat)  256 (hierarchical)
    Elapsed: 0.000s  Memory: 250.00M
XOR differences: 628
"output" in: xor.drc:40
    Polygons (raw): 628 (flat)  256 (hierarchical)
    Elapsed: 0.010s  Memory: 250.00M
--- Running XOR for 70/16 ---
"input" in: xor.drc:38
    Polygons (raw): 5 (flat)  5 (hierarchical)
    Elapsed: 0.010s  Memory: 250.00M
"input" in: xor.drc:38
    Polygons (raw): 0 (flat)  0 (hierarchical)
    Elapsed: 0.010s  Memory: 250.00M
"^" in: xor.drc:38
    Polygons (raw): 5 (flat)  5 (hierarchical)
    Elapsed: 0.000s  Memory: 250.00M
XOR differences: 5
"output" in: xor.drc:40
    Polygons (raw): 5 (flat)  5 (hierarchical)
    Elapsed: 0.000s  Memory: 250.00M
--- Running XOR for 70/20 ---
"input" in: xor.drc:38
    Polygons (raw): 157 (flat)  157 (hierarchical)
    Elapsed: 0.010s  Memory: 250.00M
"input" in: xor.drc:38
    Polygons (raw): 0 (flat)  0 (hierarchical)
    Elapsed: 0.010s  Memory: 250.00M
"^" in: xor.drc:38
    Polygons (raw): 157 (flat)  157 (hierarchical)
    Elapsed: 0.010s  Memory: 250.00M
XOR differences: 157
"output" in: xor.drc:40
    Polygons (raw): 157 (flat)  157 (hierarchical)
    Elapsed: 0.000s  Memory: 250.00M
--- Running XOR for 70/44 ---
"input" in: xor.drc:38
    Polygons (raw): 240 (flat)  240 (hierarchical)
    Elapsed: 0.010s  Memory: 250.00M
"input" in: xor.drc:38
    Polygons (raw): 0 (flat)  0 (hierarchical)
    Elapsed: 0.000s  Memory: 250.00M
"^" in: xor.drc:38
    Polygons (raw): 240 (flat)  240 (hierarchical)
    Elapsed: 0.010s  Memory: 250.00M
XOR differences: 240
"output" in: xor.drc:40
    Polygons (raw): 240 (flat)  240 (hierarchical)
    Elapsed: 0.000s  Memory: 250.00M
--- Running XOR for 71/16 ---
"input" in: xor.drc:38
    Polygons (raw): 4 (flat)  4 (hierarchical)
    Elapsed: 0.010s  Memory: 250.00M
"input" in: xor.drc:38
    Polygons (raw): 0 (flat)  0 (hierarchical)
    Elapsed: 0.010s  Memory: 250.00M
"^" in: xor.drc:38
    Polygons (raw): 4 (flat)  4 (hierarchical)
    Elapsed: 0.010s  Memory: 250.00M
XOR differences: 4
"output" in: xor.drc:40
    Polygons (raw): 4 (flat)  4 (hierarchical)
    Elapsed: 0.000s  Memory: 250.00M
--- Running XOR for 71/20 ---
"input" in: xor.drc:38
    Polygons (raw): 4 (flat)  4 (hierarchical)
    Elapsed: 0.010s  Memory: 250.00M
"input" in: xor.drc:38
    Polygons (raw): 0 (flat)  0 (hierarchical)
    Elapsed: 0.010s  Memory: 250.00M
"^" in: xor.drc:38
    Polygons (raw): 4 (flat)  4 (hierarchical)
    Elapsed: 0.010s  Memory: 250.00M
XOR differences: 4
"output" in: xor.drc:40
    Polygons (raw): 4 (flat)  4 (hierarchical)
    Elapsed: 0.000s  Memory: 250.00M
--- Running XOR for 78/44 ---
"input" in: xor.drc:38
    Polygons (raw): 383 (flat)  13 (hierarchical)
    Elapsed: 0.010s  Memory: 250.00M
"input" in: xor.drc:38
    Polygons (raw): 383 (flat)  13 (hierarchical)
    Elapsed: 0.000s  Memory: 250.00M
"^" in: xor.drc:38
    Polygons (raw): 0 (flat)  0 (hierarchical)
    Elapsed: 0.000s  Memory: 250.00M
XOR differences: 0
"output" in: xor.drc:40
    Polygons (raw): 0 (flat)  0 (hierarchical)
    Elapsed: 0.010s  Memory: 250.00M
--- Running XOR for 8/0 ---
"input" in: xor.drc:38
    Polygons (raw): 0 (flat)  0 (hierarchical)
    Elapsed: 0.010s  Memory: 250.00M
"input" in: xor.drc:38
    Polygons (raw): 273 (flat)  5 (hierarchical)
    Elapsed: 0.000s  Memory: 250.00M
"^" in: xor.drc:38
    Polygons (raw): 273 (flat)  5 (hierarchical)
    Elapsed: 0.010s  Memory: 250.00M
XOR differences: 273
"output" in: xor.drc:40
    Polygons (raw): 273 (flat)  5 (hierarchical)
    Elapsed: 0.010s  Memory: 250.00M
--- Running XOR for 81/4 ---
"input" in: xor.drc:38
    Polygons (raw): 383 (flat)  13 (hierarchical)
    Elapsed: 0.000s  Memory: 250.00M
"input" in: xor.drc:38
    Polygons (raw): 383 (flat)  13 (hierarchical)
    Elapsed: 0.010s  Memory: 250.00M
"^" in: xor.drc:38
    Polygons (raw): 0 (flat)  0 (hierarchical)
    Elapsed: 0.010s  Memory: 250.00M
XOR differences: 0
"output" in: xor.drc:40
    Polygons (raw): 0 (flat)  0 (hierarchical)
    Elapsed: 0.010s  Memory: 250.00M
--- Running XOR for 83/44 ---
"input" in: xor.drc:38
    Polygons (raw): 0 (flat)  0 (hierarchical)
    Elapsed: 0.010s  Memory: 250.00M
"input" in: xor.drc:38
    Polygons (raw): 0 (flat)  0 (hierarchical)
    Elapsed: 0.010s  Memory: 250.00M
"^" in: xor.drc:38
    Polygons (raw): 0 (flat)  0 (hierarchical)
    Elapsed: 0.000s  Memory: 250.00M
XOR differences: 0
"output" in: xor.drc:40
    Polygons (raw): 0 (flat)  0 (hierarchical)
    Elapsed: 0.000s  Memory: 250.00M
--- Running XOR for 9/0 ---
"input" in: xor.drc:38
    Polygons (raw): 0 (flat)  0 (hierarchical)
    Elapsed: 0.010s  Memory: 250.00M
"input" in: xor.drc:38
    Polygons (raw): 236 (flat)  86 (hierarchical)
    Elapsed: 0.000s  Memory: 250.00M
"^" in: xor.drc:38
    Polygons (raw): 236 (flat)  86 (hierarchical)
    Elapsed: 0.010s  Memory: 250.00M
XOR differences: 236
"output" in: xor.drc:40
    Polygons (raw): 236 (flat)  86 (hierarchical)
    Elapsed: 0.010s  Memory: 250.00M
--- Running XOR for 9/1 ---
"input" in: xor.drc:38
    Polygons (raw): 0 (flat)  0 (hierarchical)
    Elapsed: 0.010s  Memory: 250.00M
"input" in: xor.drc:38
    Polygons (raw): 0 (flat)  0 (hierarchical)
    Elapsed: 0.000s  Memory: 250.00M
"^" in: xor.drc:38
    Polygons (raw): 0 (flat)  0 (hierarchical)
    Elapsed: 0.010s  Memory: 250.00M
XOR differences: 0
"output" in: xor.drc:40
    Polygons (raw): 0 (flat)  0 (hierarchical)
    Elapsed: 0.000s  Memory: 250.00M
--- Running XOR for 9/2 ---
"input" in: xor.drc:38
    Polygons (raw): 0 (flat)  0 (hierarchical)
    Elapsed: 0.000s  Memory: 250.00M
"input" in: xor.drc:38
    Polygons (raw): 5 (flat)  5 (hierarchical)
    Elapsed: 0.010s  Memory: 250.00M
"^" in: xor.drc:38
    Polygons (raw): 5 (flat)  5 (hierarchical)
    Elapsed: 0.010s  Memory: 250.00M
XOR differences: 5
"output" in: xor.drc:40
    Polygons (raw): 5 (flat)  5 (hierarchical)
    Elapsed: 0.000s  Memory: 250.00M
--- Running XOR for 93/44 ---
"input" in: xor.drc:38
    Polygons (raw): 785 (flat)  18 (hierarchical)
    Elapsed: 0.000s  Memory: 250.00M
"input" in: xor.drc:38
    Polygons (raw): 785 (flat)  18 (hierarchical)
    Elapsed: 0.000s  Memory: 250.00M
"^" in: xor.drc:38
    Polygons (raw): 0 (flat)  0 (hierarchical)
    Elapsed: 0.010s  Memory: 250.00M
XOR differences: 0
"output" in: xor.drc:40
    Polygons (raw): 0 (flat)  0 (hierarchical)
    Elapsed: 0.010s  Memory: 250.00M
--- Running XOR for 94/20 ---
"input" in: xor.drc:38
    Polygons (raw): 615 (flat)  16 (hierarchical)
    Elapsed: 0.010s  Memory: 250.00M
"input" in: xor.drc:38
    Polygons (raw): 615 (flat)  16 (hierarchical)
    Elapsed: 0.000s  Memory: 250.00M
"^" in: xor.drc:38
    Polygons (raw): 0 (flat)  0 (hierarchical)
    Elapsed: 0.010s  Memory: 250.00M
XOR differences: 0
"output" in: xor.drc:40
    Polygons (raw): 0 (flat)  0 (hierarchical)
    Elapsed: 0.010s  Memory: 250.00M
--- Running XOR for 95/20 ---
"input" in: xor.drc:38
    Polygons (raw): 659 (flat)  15 (hierarchical)
    Elapsed: 0.010s  Memory: 250.00M
"input" in: xor.drc:38
    Polygons (raw): 659 (flat)  15 (hierarchical)
    Elapsed: 0.000s  Memory: 250.00M
"^" in: xor.drc:38
    Polygons (raw): 0 (flat)  0 (hierarchical)
    Elapsed: 0.020s  Memory: 250.00M
XOR differences: 0
"output" in: xor.drc:40
    Polygons (raw): 0 (flat)  0 (hierarchical)
    Elapsed: 0.010s  Memory: 250.00M
Writing report database: /foss/designs/SKY130_SAR-ADC/openlane/adc_clkgen_with_edgedetect/runs/frittatensuppe/reports/signoff/adc_clkgen_with_edgedetect.xor.xml ..
Total elapsed: 1.670s  Memory: 250.00M
