Warning: Equate pins:  cell sky130_fd_pr__nfet_01v8 is a placeholder, treated as a black box.
Warning: Equate pins:  cell sky130_fd_pr__nfet_01v8 is a placeholder, treated as a black box.

Subcircuit pins:
Circuit 1: sky130_fd_pr__nfet_01v8         |Circuit 2: sky130_fd_pr__nfet_01v8         
-------------------------------------------|-------------------------------------------
1                                          |1                                          
2                                          |2                                          
3                                          |3                                          
4                                          |4                                          
---------------------------------------------------------------------------------------
Cell pin lists are equivalent.
Device classes sky130_fd_pr__nfet_01v8 and sky130_fd_pr__nfet_01v8 are equivalent.
Warning: Equate pins:  cell sky130_fd_pr__pfet_01v8_hvt is a placeholder, treated as a black box.
Warning: Equate pins:  cell sky130_fd_pr__pfet_01v8_hvt is a placeholder, treated as a black box.

Subcircuit pins:
Circuit 1: sky130_fd_pr__pfet_01v8_hvt     |Circuit 2: sky130_fd_pr__pfet_01v8_hvt     
-------------------------------------------|-------------------------------------------
1                                          |1                                          
2                                          |2                                          
3                                          |3                                          
4                                          |4                                          
---------------------------------------------------------------------------------------
Cell pin lists are equivalent.
Device classes sky130_fd_pr__pfet_01v8_hvt and sky130_fd_pr__pfet_01v8_hvt are equivalent.
Circuit 2 cell sky130_mm_sc_hd_dlyPoly6ns is a black box; will not flatten Circuit 1
Class sky130_mm_sc_hd_dlyPoly6ns (0):  Merged 2 parallel devices.
Warning: Equate pins:  cell sky130_mm_sc_hd_dlyPoly6ns is a placeholder, treated as a black box.

Subcircuit pins:
Circuit 1: sky130_mm_sc_hd_dlyPoly6ns      |Circuit 2: sky130_mm_sc_hd_dlyPoly6ns      
-------------------------------------------|-------------------------------------------
VPWR                                       |VPWR                                       
in                                         |in                                         
out                                        |out                                        
VGND                                       |VGND                                       
VNB                                        |VNB                                        
VPB                                        |VPB                                        
cap_top                                    |(no matching pin)                          
---------------------------------------------------------------------------------------
Cell pin lists are equivalent.
Device classes sky130_mm_sc_hd_dlyPoly6ns and sky130_mm_sc_hd_dlyPoly6ns are equivalent.

Subcircuit summary:
Circuit 1: sky130_fd_sc_hd__decap_4        |Circuit 2: sky130_fd_sc_hd__decap_4        
-------------------------------------------|-------------------------------------------
sky130_fd_pr__pfet_01v8_hvt (1)            |sky130_fd_pr__pfet_01v8_hvt (1)            
sky130_fd_pr__nfet_01v8 (1)                |sky130_fd_pr__nfet_01v8 (1)                
Number of devices: 2                       |Number of devices: 2                       
Number of nets: 4                          |Number of nets: 4                          
---------------------------------------------------------------------------------------
Circuits match uniquely.
Netlists match uniquely.

Subcircuit pins:
Circuit 1: sky130_fd_sc_hd__decap_4        |Circuit 2: sky130_fd_sc_hd__decap_4        
-------------------------------------------|-------------------------------------------
VPB                                        |VPB                                        
VNB                                        |VNB                                        
VPWR                                       |VPWR                                       
VGND                                       |VGND                                       
---------------------------------------------------------------------------------------
Cell pin lists are equivalent.
Device classes sky130_fd_sc_hd__decap_4 and sky130_fd_sc_hd__decap_4 are equivalent.
Circuit 2 cell sky130_ef_sc_hd__decap_12 is a black box; will not flatten Circuit 1
Warning: Equate pins:  cell sky130_ef_sc_hd__decap_12 is a placeholder, treated as a black box.

Subcircuit pins:
Circuit 1: sky130_ef_sc_hd__decap_12       |Circuit 2: sky130_ef_sc_hd__decap_12       
-------------------------------------------|-------------------------------------------
VGND                                       |VGND                                       
VPWR                                       |VPWR                                       
VNB                                        |VNB                                        
VPB                                        |VPB                                        
---------------------------------------------------------------------------------------
Cell pin lists are equivalent.
Device classes sky130_ef_sc_hd__decap_12 and sky130_ef_sc_hd__decap_12 are equivalent.

Subcircuit summary:
Circuit 1: sky130_fd_sc_hd__decap_3        |Circuit 2: sky130_fd_sc_hd__decap_3        
-------------------------------------------|-------------------------------------------
sky130_fd_pr__pfet_01v8_hvt (1)            |sky130_fd_pr__pfet_01v8_hvt (1)            
sky130_fd_pr__nfet_01v8 (1)                |sky130_fd_pr__nfet_01v8 (1)                
Number of devices: 2                       |Number of devices: 2                       
Number of nets: 4                          |Number of nets: 4                          
---------------------------------------------------------------------------------------
Circuits match uniquely.
Netlists match uniquely.

Subcircuit pins:
Circuit 1: sky130_fd_sc_hd__decap_3        |Circuit 2: sky130_fd_sc_hd__decap_3        
-------------------------------------------|-------------------------------------------
VPB                                        |VPB                                        
VNB                                        |VNB                                        
VPWR                                       |VPWR                                       
VGND                                       |VGND                                       
---------------------------------------------------------------------------------------
Cell pin lists are equivalent.
Device classes sky130_fd_sc_hd__decap_3 and sky130_fd_sc_hd__decap_3 are equivalent.

Subcircuit summary:
Circuit 1: sky130_fd_sc_hd__decap_8        |Circuit 2: sky130_fd_sc_hd__decap_8        
-------------------------------------------|-------------------------------------------
sky130_fd_pr__pfet_01v8_hvt (1)            |sky130_fd_pr__pfet_01v8_hvt (1)            
sky130_fd_pr__nfet_01v8 (1)                |sky130_fd_pr__nfet_01v8 (1)                
Number of devices: 2                       |Number of devices: 2                       
Number of nets: 4                          |Number of nets: 4                          
---------------------------------------------------------------------------------------
Circuits match uniquely.
Netlists match uniquely.

Subcircuit pins:
Circuit 1: sky130_fd_sc_hd__decap_8        |Circuit 2: sky130_fd_sc_hd__decap_8        
-------------------------------------------|-------------------------------------------
VPB                                        |VPB                                        
VNB                                        |VNB                                        
VPWR                                       |VPWR                                       
VGND                                       |VGND                                       
---------------------------------------------------------------------------------------
Cell pin lists are equivalent.
Device classes sky130_fd_sc_hd__decap_8 and sky130_fd_sc_hd__decap_8 are equivalent.

Subcircuit summary:
Circuit 1: sky130_fd_sc_hd__decap_6        |Circuit 2: sky130_fd_sc_hd__decap_6        
-------------------------------------------|-------------------------------------------
sky130_fd_pr__pfet_01v8_hvt (1)            |sky130_fd_pr__pfet_01v8_hvt (1)            
sky130_fd_pr__nfet_01v8 (1)                |sky130_fd_pr__nfet_01v8 (1)                
Number of devices: 2                       |Number of devices: 2                       
Number of nets: 4                          |Number of nets: 4                          
---------------------------------------------------------------------------------------
Circuits match uniquely.
Netlists match uniquely.

Subcircuit pins:
Circuit 1: sky130_fd_sc_hd__decap_6        |Circuit 2: sky130_fd_sc_hd__decap_6        
-------------------------------------------|-------------------------------------------
VPB                                        |VPB                                        
VNB                                        |VNB                                        
VPWR                                       |VPWR                                       
VGND                                       |VGND                                       
---------------------------------------------------------------------------------------
Cell pin lists are equivalent.
Device classes sky130_fd_sc_hd__decap_6 and sky130_fd_sc_hd__decap_6 are equivalent.

Subcircuit summary:
Circuit 1: sky130_fd_sc_hd__buf_1          |Circuit 2: sky130_fd_sc_hd__buf_1          
-------------------------------------------|-------------------------------------------
sky130_fd_pr__pfet_01v8_hvt (2)            |sky130_fd_pr__pfet_01v8_hvt (2)            
sky130_fd_pr__nfet_01v8 (2)                |sky130_fd_pr__nfet_01v8 (2)                
Number of devices: 4                       |Number of devices: 4                       
Number of nets: 7                          |Number of nets: 7                          
---------------------------------------------------------------------------------------
Circuits match uniquely.
Netlists match uniquely.

Subcircuit pins:
Circuit 1: sky130_fd_sc_hd__buf_1          |Circuit 2: sky130_fd_sc_hd__buf_1          
-------------------------------------------|-------------------------------------------
VGND                                       |VGND                                       
X                                          |X                                          
VNB                                        |VNB                                        
A                                          |A                                          
VPWR                                       |VPWR                                       
VPB                                        |VPB                                        
---------------------------------------------------------------------------------------
Cell pin lists are equivalent.
Device classes sky130_fd_sc_hd__buf_1 and sky130_fd_sc_hd__buf_1 are equivalent.

Class sky130_fd_sc_hd__inv_2 (0):  Merged 2 parallel devices.
Class sky130_fd_sc_hd__inv_2 (1):  Merged 2 parallel devices.
Subcircuit summary:
Circuit 1: sky130_fd_sc_hd__inv_2          |Circuit 2: sky130_fd_sc_hd__inv_2          
-------------------------------------------|-------------------------------------------
sky130_fd_pr__pfet_01v8_hvt (2->1)         |sky130_fd_pr__pfet_01v8_hvt (2->1)         
sky130_fd_pr__nfet_01v8 (2->1)             |sky130_fd_pr__nfet_01v8 (2->1)             
Number of devices: 2                       |Number of devices: 2                       
Number of nets: 6                          |Number of nets: 6                          
---------------------------------------------------------------------------------------
Circuits match uniquely.
Netlists match uniquely.

Subcircuit pins:
Circuit 1: sky130_fd_sc_hd__inv_2          |Circuit 2: sky130_fd_sc_hd__inv_2          
-------------------------------------------|-------------------------------------------
VGND                                       |VGND                                       
VNB                                        |VNB                                        
VPWR                                       |VPWR                                       
VPB                                        |VPB                                        
Y                                          |Y                                          
A                                          |A                                          
---------------------------------------------------------------------------------------
Cell pin lists are equivalent.
Device classes sky130_fd_sc_hd__inv_2 and sky130_fd_sc_hd__inv_2 are equivalent.

Class sky130_fd_sc_hd__o21ba_2 (0):  Merged 2 parallel devices.
Class sky130_fd_sc_hd__o21ba_2 (1):  Merged 2 parallel devices.
Subcircuit summary:
Circuit 1: sky130_fd_sc_hd__o21ba_2        |Circuit 2: sky130_fd_sc_hd__o21ba_2        
-------------------------------------------|-------------------------------------------
sky130_fd_pr__nfet_01v8 (6->5)             |sky130_fd_pr__nfet_01v8 (6->5)             
sky130_fd_pr__pfet_01v8_hvt (6->5)         |sky130_fd_pr__pfet_01v8_hvt (6->5)         
Number of devices: 10                      |Number of devices: 10                      
Number of nets: 12                         |Number of nets: 12                         
---------------------------------------------------------------------------------------
Circuits match uniquely.
Netlists match uniquely.

Subcircuit pins:
Circuit 1: sky130_fd_sc_hd__o21ba_2        |Circuit 2: sky130_fd_sc_hd__o21ba_2        
-------------------------------------------|-------------------------------------------
VNB                                        |VNB                                        
VPB                                        |VPB                                        
X                                          |X                                          
A2                                         |A2                                         
A1                                         |A1                                         
B1_N                                       |B1_N                                       
VGND                                       |VGND                                       
VPWR                                       |VPWR                                       
---------------------------------------------------------------------------------------
Cell pin lists are equivalent.
Device classes sky130_fd_sc_hd__o21ba_2 and sky130_fd_sc_hd__o21ba_2 are equivalent.

Class sky130_fd_sc_hd__and2b_2 (0):  Merged 2 parallel devices.
Class sky130_fd_sc_hd__and2b_2 (1):  Merged 2 parallel devices.
Subcircuit summary:
Circuit 1: sky130_fd_sc_hd__and2b_2        |Circuit 2: sky130_fd_sc_hd__and2b_2        
-------------------------------------------|-------------------------------------------
sky130_fd_pr__pfet_01v8_hvt (5->4)         |sky130_fd_pr__pfet_01v8_hvt (5->4)         
sky130_fd_pr__nfet_01v8 (5->4)             |sky130_fd_pr__nfet_01v8 (5->4)             
Number of devices: 8                       |Number of devices: 8                       
Number of nets: 10                         |Number of nets: 10                         
---------------------------------------------------------------------------------------
Circuits match uniquely.
Netlists match uniquely.

Subcircuit pins:
Circuit 1: sky130_fd_sc_hd__and2b_2        |Circuit 2: sky130_fd_sc_hd__and2b_2        
-------------------------------------------|-------------------------------------------
VGND                                       |VGND                                       
X                                          |X                                          
B                                          |B                                          
A_N                                        |A_N                                        
VPWR                                       |VPWR                                       
VPB                                        |VPB                                        
VNB                                        |VNB                                        
---------------------------------------------------------------------------------------
Cell pin lists are equivalent.
Device classes sky130_fd_sc_hd__and2b_2 and sky130_fd_sc_hd__and2b_2 are equivalent.

Class sky130_fd_sc_hd__buf_4 (0):  Merged 6 parallel devices.
Class sky130_fd_sc_hd__buf_4 (1):  Merged 6 parallel devices.
Subcircuit summary:
Circuit 1: sky130_fd_sc_hd__buf_4          |Circuit 2: sky130_fd_sc_hd__buf_4          
-------------------------------------------|-------------------------------------------
sky130_fd_pr__pfet_01v8_hvt (5->2)         |sky130_fd_pr__pfet_01v8_hvt (5->2)         
sky130_fd_pr__nfet_01v8 (5->2)             |sky130_fd_pr__nfet_01v8 (5->2)             
Number of devices: 4                       |Number of devices: 4                       
Number of nets: 7                          |Number of nets: 7                          
---------------------------------------------------------------------------------------
Circuits match uniquely.
Netlists match uniquely.

Subcircuit pins:
Circuit 1: sky130_fd_sc_hd__buf_4          |Circuit 2: sky130_fd_sc_hd__buf_4          
-------------------------------------------|-------------------------------------------
X                                          |X                                          
VGND                                       |VGND                                       
VNB                                        |VNB                                        
VPWR                                       |VPWR                                       
VPB                                        |VPB                                        
A                                          |A                                          
---------------------------------------------------------------------------------------
Cell pin lists are equivalent.
Device classes sky130_fd_sc_hd__buf_4 and sky130_fd_sc_hd__buf_4 are equivalent.

Class adc_clkgen_with_edgedetect (0):  Merged 221 parallel devices.
Class adc_clkgen_with_edgedetect (1):  Merged 221 parallel devices.
Subcircuit summary:
Circuit 1: adc_clkgen_with_edgedetect      |Circuit 2: adc_clkgen_with_edgedetect      
-------------------------------------------|-------------------------------------------
sky130_mm_sc_hd_dlyPoly6ns (85)            |sky130_mm_sc_hd_dlyPoly6ns (85)            
sky130_fd_sc_hd__decap_4 (67->1)           |sky130_fd_sc_hd__decap_4 (67->1)           
sky130_ef_sc_hd__decap_12 (54->1)          |sky130_ef_sc_hd__decap_12 (54->1)          
sky130_fd_sc_hd__decap_3 (80->1)           |sky130_fd_sc_hd__decap_3 (80->1)           
sky130_fd_sc_hd__decap_8 (15->1)           |sky130_fd_sc_hd__decap_8 (15->1)           
sky130_fd_sc_hd__decap_6 (10->1)           |sky130_fd_sc_hd__decap_6 (10->1)           
sky130_fd_sc_hd__buf_1 (3)                 |sky130_fd_sc_hd__buf_1 (3)                 
sky130_fd_sc_hd__inv_2 (1)                 |sky130_fd_sc_hd__inv_2 (1)                 
sky130_fd_sc_hd__o21ba_2 (1)               |sky130_fd_sc_hd__o21ba_2 (1)               
sky130_fd_sc_hd__and2b_2 (1)               |sky130_fd_sc_hd__and2b_2 (1)               
sky130_fd_sc_hd__buf_4 (2)                 |sky130_fd_sc_hd__buf_4 (2)                 
Number of devices: 98                      |Number of devices: 98                      
Number of nets: 183                        |Number of nets: 183                        
---------------------------------------------------------------------------------------
Circuits match uniquely.
Netlists match uniquely.

Subcircuit pins:
Circuit 1: adc_clkgen_with_edgedetect      |Circuit 2: adc_clkgen_with_edgedetect      
-------------------------------------------|-------------------------------------------
VGND                                       |VGND                                       
VPWR                                       |VPWR                                       
start_conv                                 |start_conv                                 
comp_trig                                  |comp_trig                                  
ena_in                                     |ena_in                                     
clk_dig                                    |clk_dig                                    
clk_comp                                   |clk_comp                                   
---------------------------------------------------------------------------------------
Cell pin lists are equivalent.
Device classes adc_clkgen_with_edgedetect and adc_clkgen_with_edgedetect are equivalent.
Circuits match uniquely.
