OpenROAD v2.0-4818-g4174c3ad8 
This program is licensed under the BSD-3 license. See the LICENSE file for details.
Components of this program may be licensed under more restrictive licenses which must be honored.
[INFO ODB-0222] Reading LEF file: /foss/designs/SKY130_SAR-ADC/openlane/adc_core_digital/runs/leberkaskrapfen/tmp/merged.nom.lef
[WARNING ODB-0220] WARNING (LEFPARS-2036): SOURCE statement is obsolete in version 5.6 and later.
The LEF parser will ignore this statement.
To avoid this warning in the future, remove this statement from the LEF file with version 5.6 or later. See file /foss/designs/SKY130_SAR-ADC/openlane/adc_core_digital/runs/leberkaskrapfen/tmp/merged.nom.lef at line 68342.

[INFO ODB-0223]     Created 13 technology layers
[INFO ODB-0224]     Created 25 technology vias
[INFO ODB-0225]     Created 441 library cells
[INFO ODB-0226] Finished LEF file:  /foss/designs/SKY130_SAR-ADC/openlane/adc_core_digital/runs/leberkaskrapfen/tmp/merged.nom.lef
[INFO ODB-0127] Reading DEF file: /foss/designs/SKY130_SAR-ADC/openlane/adc_core_digital/runs/leberkaskrapfen/results/routing/adc_core_digital.def
[INFO ODB-0128] Design: adc_core_digital
[INFO ODB-0130]     Created 195 pins.
[INFO ODB-0131]     Created 3549 components and 17778 component-terminals.
[INFO ODB-0132]     Created 4 special nets and 13580 connections.
[INFO ODB-0133]     Created 1279 nets and 4192 connections.
[INFO ODB-0134] Finished DEF file: /foss/designs/SKY130_SAR-ADC/openlane/adc_core_digital/runs/leberkaskrapfen/results/routing/adc_core_digital.def
[WARNING STA-0357] virtual clock clk_dig can not be propagated.
min_report

===========================================================================
report_checks -path_delay min (Hold)
============================================================================
Startpoint: _1748_ (rising edge-triggered flip-flop)
Endpoint: result_out[15] (output port clocked by clk_dig)
Path Group: clk_dig
Path Type: min

Fanout     Cap    Slew   Delay    Time   Description
-----------------------------------------------------------------------------
                  0.08    0.00    0.00 ^ _1748_/CLK (sky130_fd_sc_hd__dfrtp_2)
                  0.09    0.38    0.38 ^ _1748_/Q (sky130_fd_sc_hd__dfrtp_2)
     2    0.01                           net148 (net)
                  0.09    0.00    0.38 ^ output148/A (sky130_fd_sc_hd__buf_4)
                  0.10    0.16    0.54 ^ output148/X (sky130_fd_sc_hd__buf_4)
     1    0.03                           result_out[15] (net)
                  0.10    0.00    0.54 ^ result_out[15] (out)
                                  0.54   data arrival time

                  0.00    0.00    0.00   clock clk_dig (rise edge)
                          0.00    0.00   clock network delay (ideal)
                          0.25    0.25   clock uncertainty
                          0.00    0.25   clock reconvergence pessimism
                         -4.00   -3.75   output external delay
                                 -3.75   data required time
-----------------------------------------------------------------------------
                                 -3.75   data required time
                                 -0.54   data arrival time
-----------------------------------------------------------------------------
                                  4.29   slack (MET)


Startpoint: _1734_ (rising edge-triggered flip-flop)
Endpoint: result_out[1] (output port clocked by clk_dig)
Path Group: clk_dig
Path Type: min

Fanout     Cap    Slew   Delay    Time   Description
-----------------------------------------------------------------------------
                  0.08    0.00    0.00 ^ _1734_/CLK (sky130_fd_sc_hd__dfrtp_4)
                  0.06    0.39    0.39 ^ _1734_/Q (sky130_fd_sc_hd__dfrtp_4)
     2    0.01                           net149 (net)
                  0.06    0.00    0.39 ^ output149/A (sky130_fd_sc_hd__buf_4)
                  0.10    0.15    0.54 ^ output149/X (sky130_fd_sc_hd__buf_4)
     1    0.03                           result_out[1] (net)
                  0.10    0.00    0.54 ^ result_out[1] (out)
                                  0.54   data arrival time

                  0.00    0.00    0.00   clock clk_dig (rise edge)
                          0.00    0.00   clock network delay (ideal)
                          0.25    0.25   clock uncertainty
                          0.00    0.25   clock reconvergence pessimism
                         -4.00   -3.75   output external delay
                                 -3.75   data required time
-----------------------------------------------------------------------------
                                 -3.75   data required time
                                 -0.54   data arrival time
-----------------------------------------------------------------------------
                                  4.29   slack (MET)


Startpoint: _1745_ (rising edge-triggered flip-flop)
Endpoint: result_out[12] (output port clocked by clk_dig)
Path Group: clk_dig
Path Type: min

Fanout     Cap    Slew   Delay    Time   Description
-----------------------------------------------------------------------------
                  0.08    0.00    0.00 ^ _1745_/CLK (sky130_fd_sc_hd__dfrtp_4)
                  0.06    0.39    0.39 ^ _1745_/Q (sky130_fd_sc_hd__dfrtp_4)
     2    0.01                           net145 (net)
                  0.06    0.00    0.39 ^ output145/A (sky130_fd_sc_hd__buf_4)
                  0.10    0.15    0.55 ^ output145/X (sky130_fd_sc_hd__buf_4)
     1    0.03                           result_out[12] (net)
                  0.10    0.00    0.55 ^ result_out[12] (out)
                                  0.55   data arrival time

                  0.00    0.00    0.00   clock clk_dig (rise edge)
                          0.00    0.00   clock network delay (ideal)
                          0.25    0.25   clock uncertainty
                          0.00    0.25   clock reconvergence pessimism
                         -4.00   -3.75   output external delay
                                 -3.75   data required time
-----------------------------------------------------------------------------
                                 -3.75   data required time
                                 -0.55   data arrival time
-----------------------------------------------------------------------------
                                  4.30   slack (MET)


Startpoint: _1737_ (rising edge-triggered flip-flop)
Endpoint: result_out[4] (output port clocked by clk_dig)
Path Group: clk_dig
Path Type: min

Fanout     Cap    Slew   Delay    Time   Description
-----------------------------------------------------------------------------
                  0.11    0.00    0.00 ^ _1737_/CLK (sky130_fd_sc_hd__dfrtp_4)
                  0.06    0.40    0.40 ^ _1737_/Q (sky130_fd_sc_hd__dfrtp_4)
     2    0.01                           net152 (net)
                  0.06    0.00    0.40 ^ output152/A (sky130_fd_sc_hd__buf_4)
                  0.10    0.15    0.55 ^ output152/X (sky130_fd_sc_hd__buf_4)
     1    0.03                           result_out[4] (net)
                  0.10    0.00    0.55 ^ result_out[4] (out)
                                  0.55   data arrival time

                  0.00    0.00    0.00   clock clk_dig (rise edge)
                          0.00    0.00   clock network delay (ideal)
                          0.25    0.25   clock uncertainty
                          0.00    0.25   clock reconvergence pessimism
                         -4.00   -3.75   output external delay
                                 -3.75   data required time
-----------------------------------------------------------------------------
                                 -3.75   data required time
                                 -0.55   data arrival time
-----------------------------------------------------------------------------
                                  4.30   slack (MET)


Startpoint: _1744_ (rising edge-triggered flip-flop)
Endpoint: result_out[11] (output port clocked by clk_dig)
Path Group: clk_dig
Path Type: min

Fanout     Cap    Slew   Delay    Time   Description
-----------------------------------------------------------------------------
                  0.08    0.00    0.00 ^ _1744_/CLK (sky130_fd_sc_hd__dfrtp_2)
                  0.09    0.38    0.38 ^ _1744_/Q (sky130_fd_sc_hd__dfrtp_2)
     2    0.02                           net144 (net)
                  0.09    0.00    0.38 ^ output144/A (sky130_fd_sc_hd__buf_4)
                  0.11    0.17    0.55 ^ output144/X (sky130_fd_sc_hd__buf_4)
     1    0.03                           result_out[11] (net)
                  0.11    0.00    0.55 ^ result_out[11] (out)
                                  0.55   data arrival time

                  0.00    0.00    0.00   clock clk_dig (rise edge)
                          0.00    0.00   clock network delay (ideal)
                          0.25    0.25   clock uncertainty
                          0.00    0.25   clock reconvergence pessimism
                         -4.00   -3.75   output external delay
                                 -3.75   data required time
-----------------------------------------------------------------------------
                                 -3.75   data required time
                                 -0.55   data arrival time
-----------------------------------------------------------------------------
                                  4.30   slack (MET)


min_report_end
max_report

===========================================================================
report_checks -path_delay max (Setup)
============================================================================
Startpoint: _1698_ (rising edge-triggered flip-flop)
Endpoint: nmatrix_col_out_n[8] (output port clocked by clk_dig)
Path Group: clk_dig
Path Type: max

Fanout     Cap    Slew   Delay    Time   Description
-----------------------------------------------------------------------------
                  0.13    0.00    0.00 ^ _1698_/CLK (sky130_fd_sc_hd__dfrtp_2)
                  0.10    0.51    0.51 v _1698_/Q (sky130_fd_sc_hd__dfrtp_2)
     6    0.03                           cnb.shift_register_r[2] (net)
                  0.10    0.00    0.51 v _0834_/B (sky130_fd_sc_hd__or4_2)
                  0.13    0.74    1.25 v _0834_/X (sky130_fd_sc_hd__or4_2)
     2    0.01                           _0259_ (net)
                  0.13    0.00    1.25 v _0865_/C (sky130_fd_sc_hd__or4_4)
                  0.10    0.56    1.82 v _0865_/X (sky130_fd_sc_hd__or4_4)
     2    0.01                           _0290_ (net)
                  0.10    0.00    1.82 v _0866_/A (sky130_fd_sc_hd__buf_6)
                  0.05    0.18    2.00 v _0866_/X (sky130_fd_sc_hd__buf_6)
    10    0.05                           _0291_ (net)
                  0.05    0.00    2.00 v _1022_/A2 (sky130_fd_sc_hd__o41a_2)
                  0.09    0.54    2.54 v _1022_/X (sky130_fd_sc_hd__o41a_2)
     2    0.01                           _0433_ (net)
                  0.09    0.00    2.54 v _1036_/B1 (sky130_fd_sc_hd__a21oi_4)
                  0.16    0.18    2.72 ^ _1036_/Y (sky130_fd_sc_hd__a21oi_4)
     4    0.02                           _0447_ (net)
                  0.16    0.00    2.72 ^ _1091_/A1_N (sky130_fd_sc_hd__a2bb2o_2)
                  0.07    0.35    3.08 v _1091_/X (sky130_fd_sc_hd__a2bb2o_2)
     3    0.02                           _0498_ (net)
                  0.07    0.00    3.08 v _1108_/S (sky130_fd_sc_hd__mux2_1)
                  0.04    0.20    3.28 ^ _1108_/X (sky130_fd_sc_hd__mux2_1)
     1    0.00                           _0512_ (net)
                  0.04    0.00    3.28 ^ _1109_/C_N (sky130_fd_sc_hd__or3b_4)
                  0.09    0.42    3.70 v _1109_/X (sky130_fd_sc_hd__or3b_4)
     2    0.01                           _0513_ (net)
                  0.09    0.00    3.70 v _1110_/A3 (sky130_fd_sc_hd__a31o_4)
                  0.07    0.31    4.01 v _1110_/X (sky130_fd_sc_hd__a31o_4)
     6    0.03                           _0514_ (net)
                  0.07    0.00    4.01 v _1120_/A1 (sky130_fd_sc_hd__a22o_2)
                  0.08    0.30    4.31 v _1120_/X (sky130_fd_sc_hd__a22o_2)
     4    0.02                           _0524_ (net)
                  0.08    0.00    4.31 v _1128_/B (sky130_fd_sc_hd__or2_2)
                  0.07    0.31    4.63 v _1128_/X (sky130_fd_sc_hd__or2_2)
     1    0.01                           _0531_ (net)
                  0.07    0.00    4.63 v _1129_/A (sky130_fd_sc_hd__buf_6)
                  0.05    0.16    4.79 v _1129_/X (sky130_fd_sc_hd__buf_6)
     8    0.04                           _0532_ (net)
                  0.05    0.00    4.79 v _1267_/B1 (sky130_fd_sc_hd__a221o_2)
                  0.08    0.39    5.18 v _1267_/X (sky130_fd_sc_hd__a221o_2)
     1    0.01                           net45 (net)
                  0.08    0.00    5.18 v output45/A (sky130_fd_sc_hd__buf_4)
                  0.06    0.19    5.38 v output45/X (sky130_fd_sc_hd__buf_4)
     1    0.03                           nmatrix_col_out_n[8] (net)
                  0.06    0.00    5.38 v nmatrix_col_out_n[8] (out)
                                  5.38   data arrival time

                  0.00   20.00   20.00   clock clk_dig (rise edge)
                          0.00   20.00   clock network delay (ideal)
                         -0.25   19.75   clock uncertainty
                          0.00   19.75   clock reconvergence pessimism
                         -4.00   15.75   output external delay
                                 15.75   data required time
-----------------------------------------------------------------------------
                                 15.75   data required time
                                 -5.38   data arrival time
-----------------------------------------------------------------------------
                                 10.37   slack (MET)


Startpoint: _1698_ (rising edge-triggered flip-flop)
Endpoint: pmatrix_rowon_out_n[13] (output port clocked by clk_dig)
Path Group: clk_dig
Path Type: max

Fanout     Cap    Slew   Delay    Time   Description
-----------------------------------------------------------------------------
                  0.13    0.00    0.00 ^ _1698_/CLK (sky130_fd_sc_hd__dfrtp_2)
                  0.10    0.51    0.51 v _1698_/Q (sky130_fd_sc_hd__dfrtp_2)
     6    0.03                           cnb.shift_register_r[2] (net)
                  0.10    0.00    0.51 v _0834_/B (sky130_fd_sc_hd__or4_2)
                  0.13    0.74    1.25 v _0834_/X (sky130_fd_sc_hd__or4_2)
     2    0.01                           _0259_ (net)
                  0.13    0.00    1.25 v _0865_/C (sky130_fd_sc_hd__or4_4)
                  0.10    0.56    1.82 v _0865_/X (sky130_fd_sc_hd__or4_4)
     2    0.01                           _0290_ (net)
                  0.10    0.00    1.82 v _0903_/D1 (sky130_fd_sc_hd__a2111oi_4)
                  0.89    0.74    2.56 ^ _0903_/Y (sky130_fd_sc_hd__a2111oi_4)
     9    0.06                           _0324_ (net)
                  0.89    0.00    2.56 ^ _0916_/A (sky130_fd_sc_hd__or3_2)
                  0.08    0.30    2.87 ^ _0916_/X (sky130_fd_sc_hd__or3_2)
     2    0.01                           _0337_ (net)
                  0.08    0.00    2.87 ^ _0973_/A3 (sky130_fd_sc_hd__a311o_4)
                  0.08    0.23    3.10 ^ _0973_/X (sky130_fd_sc_hd__a311o_4)
     2    0.01                           _0387_ (net)
                  0.08    0.00    3.10 ^ _0984_/A1 (sky130_fd_sc_hd__a21oi_4)
                  0.08    0.10    3.20 v _0984_/Y (sky130_fd_sc_hd__a21oi_4)
     5    0.03                           _0398_ (net)
                  0.08    0.00    3.20 v _1082_/A2 (sky130_fd_sc_hd__o41a_2)
                  0.07    0.51    3.71 v _1082_/X (sky130_fd_sc_hd__o41a_2)
     2    0.01                           _0489_ (net)
                  0.07    0.00    3.71 v _1095_/A2 (sky130_fd_sc_hd__o221a_2)
                  0.05    0.29    4.01 v _1095_/X (sky130_fd_sc_hd__o221a_2)
     1    0.00                           _0502_ (net)
                  0.05    0.00    4.01 v _1099_/B1 (sky130_fd_sc_hd__a211o_4)
                  0.08    0.37    4.38 v _1099_/X (sky130_fd_sc_hd__a211o_4)
     3    0.03                           _0506_ (net)
                  0.08    0.00    4.38 v _1100_/A (sky130_fd_sc_hd__buf_6)
                  0.03    0.15    4.53 v _1100_/X (sky130_fd_sc_hd__buf_6)
     2    0.02                           net60 (net)
                  0.03    0.00    4.53 v fanout162/A (sky130_fd_sc_hd__buf_12)
                  0.05    0.15    4.68 v fanout162/X (sky130_fd_sc_hd__buf_12)
    10    0.07                           net162 (net)
                  0.05    0.00    4.68 v _1469_/B (sky130_fd_sc_hd__and3_2)
                  0.04    0.20    4.87 v _1469_/X (sky130_fd_sc_hd__and3_2)
     1    0.00                           _0071_ (net)
                  0.04    0.00    4.87 v _1470_/A (sky130_fd_sc_hd__buf_2)
                  0.06    0.16    5.03 v _1470_/X (sky130_fd_sc_hd__buf_2)
     3    0.02                           net54 (net)
                  0.06    0.00    5.03 v _1500_/A (sky130_fd_sc_hd__inv_2)
                  0.03    0.06    5.09 ^ _1500_/Y (sky130_fd_sc_hd__inv_2)
     2    0.01                           net116 (net)
                  0.03    0.00    5.09 ^ _1805_/A (sky130_fd_sc_hd__buf_1)
                  0.07    0.10    5.20 ^ _1805_/X (sky130_fd_sc_hd__buf_1)
     1    0.01                           net131 (net)
                  0.07    0.00    5.20 ^ output131/A (sky130_fd_sc_hd__buf_4)
                  0.11    0.18    5.37 ^ output131/X (sky130_fd_sc_hd__buf_4)
     1    0.03                           pmatrix_rowon_out_n[13] (net)
                  0.11    0.00    5.37 ^ pmatrix_rowon_out_n[13] (out)
                                  5.37   data arrival time

                  0.00   20.00   20.00   clock clk_dig (rise edge)
                          0.00   20.00   clock network delay (ideal)
                         -0.25   19.75   clock uncertainty
                          0.00   19.75   clock reconvergence pessimism
                         -4.00   15.75   output external delay
                                 15.75   data required time
-----------------------------------------------------------------------------
                                 15.75   data required time
                                 -5.37   data arrival time
-----------------------------------------------------------------------------
                                 10.38   slack (MET)


Startpoint: _1698_ (rising edge-triggered flip-flop)
Endpoint: nmatrix_rowon_out_n[13] (output port clocked by clk_dig)
Path Group: clk_dig
Path Type: max

Fanout     Cap    Slew   Delay    Time   Description
-----------------------------------------------------------------------------
                  0.13    0.00    0.00 ^ _1698_/CLK (sky130_fd_sc_hd__dfrtp_2)
                  0.10    0.51    0.51 v _1698_/Q (sky130_fd_sc_hd__dfrtp_2)
     6    0.03                           cnb.shift_register_r[2] (net)
                  0.10    0.00    0.51 v _0834_/B (sky130_fd_sc_hd__or4_2)
                  0.13    0.74    1.25 v _0834_/X (sky130_fd_sc_hd__or4_2)
     2    0.01                           _0259_ (net)
                  0.13    0.00    1.25 v _0835_/A (sky130_fd_sc_hd__buf_6)
                  0.05    0.19    1.44 v _0835_/X (sky130_fd_sc_hd__buf_6)
    10    0.04                           _0260_ (net)
                  0.05    0.00    1.44 v _0851_/B (sky130_fd_sc_hd__or2_2)
                  0.07    0.31    1.75 v _0851_/X (sky130_fd_sc_hd__or2_2)
     1    0.01                           _0276_ (net)
                  0.07    0.00    1.75 v _0852_/A (sky130_fd_sc_hd__buf_8)
                  0.05    0.16    1.91 v _0852_/X (sky130_fd_sc_hd__buf_8)
    10    0.05                           _0277_ (net)
                  0.05    0.00    1.92 v _0929_/B (sky130_fd_sc_hd__nor4b_4)
                  0.39    0.43    2.35 ^ _0929_/Y (sky130_fd_sc_hd__nor4b_4)
     6    0.02                           _0347_ (net)
                  0.39    0.00    2.35 ^ _0975_/A (sky130_fd_sc_hd__nor3b_2)
                  0.09    0.11    2.45 v _0975_/Y (sky130_fd_sc_hd__nor3b_2)
     1    0.01                           _0389_ (net)
                  0.09    0.00    2.45 v _0981_/A2 (sky130_fd_sc_hd__a211o_4)
                  0.07    0.40    2.85 v _0981_/X (sky130_fd_sc_hd__a211o_4)
     4    0.02                           _0395_ (net)
                  0.07    0.00    2.85 v _0996_/A2 (sky130_fd_sc_hd__a21o_4)
                  0.07    0.27    3.12 v _0996_/X (sky130_fd_sc_hd__a21o_4)
     6    0.03                           _0409_ (net)
                  0.07    0.00    3.13 v _1063_/B2 (sky130_fd_sc_hd__a221o_4)
                  0.09    0.47    3.60 v _1063_/X (sky130_fd_sc_hd__a221o_4)
     2    0.03                           _0472_ (net)
                  0.09    0.00    3.60 v _1069_/A2 (sky130_fd_sc_hd__a22oi_4)
                  0.23    0.29    3.89 ^ _1069_/Y (sky130_fd_sc_hd__a22oi_4)
     2    0.02                           _0477_ (net)
                  0.23    0.00    3.89 ^ _1466_/B (sky130_fd_sc_hd__xor2_4)
                  0.61    0.56    4.45 ^ _1466_/X (sky130_fd_sc_hd__xor2_4)
    10    0.09                           _0070_ (net)
                  0.61    0.00    4.45 ^ _1487_/B (sky130_fd_sc_hd__or2_2)
                  0.06    0.24    4.69 ^ _1487_/X (sky130_fd_sc_hd__or2_2)
     1    0.01                           _0074_ (net)
                  0.06    0.00    4.69 ^ _1488_/A (sky130_fd_sc_hd__buf_6)
                  0.12    0.17    4.85 ^ _1488_/X (sky130_fd_sc_hd__buf_6)
     9    0.06                           net49 (net)
                  0.12    0.00    4.85 ^ _1491_/B (sky130_fd_sc_hd__or2_2)
                  0.03    0.12    4.98 ^ _1491_/X (sky130_fd_sc_hd__or2_2)
     1    0.00                           _0076_ (net)
                  0.03    0.00    4.98 ^ _1492_/A (sky130_fd_sc_hd__buf_2)
                  0.08    0.13    5.11 ^ _1492_/X (sky130_fd_sc_hd__buf_2)
     2    0.01                           net51 (net)
                  0.08    0.00    5.11 ^ _1790_/A (sky130_fd_sc_hd__buf_1)
                  0.05    0.10    5.21 ^ _1790_/X (sky130_fd_sc_hd__buf_1)
     1    0.00                           net66 (net)
                  0.05    0.00    5.21 ^ output66/A (sky130_fd_sc_hd__buf_4)
                  0.10    0.16    5.37 ^ output66/X (sky130_fd_sc_hd__buf_4)
     1    0.03                           nmatrix_rowon_out_n[13] (net)
                  0.10    0.00    5.37 ^ nmatrix_rowon_out_n[13] (out)
                                  5.37   data arrival time

                  0.00   20.00   20.00   clock clk_dig (rise edge)
                          0.00   20.00   clock network delay (ideal)
                         -0.25   19.75   clock uncertainty
                          0.00   19.75   clock reconvergence pessimism
                         -4.00   15.75   output external delay
                                 15.75   data required time
-----------------------------------------------------------------------------
                                 15.75   data required time
                                 -5.37   data arrival time
-----------------------------------------------------------------------------
                                 10.38   slack (MET)


Startpoint: _1698_ (rising edge-triggered flip-flop)
Endpoint: nmatrix_rowon_out_n[12] (output port clocked by clk_dig)
Path Group: clk_dig
Path Type: max

Fanout     Cap    Slew   Delay    Time   Description
-----------------------------------------------------------------------------
                  0.13    0.00    0.00 ^ _1698_/CLK (sky130_fd_sc_hd__dfrtp_2)
                  0.10    0.51    0.51 v _1698_/Q (sky130_fd_sc_hd__dfrtp_2)
     6    0.03                           cnb.shift_register_r[2] (net)
                  0.10    0.00    0.51 v _0834_/B (sky130_fd_sc_hd__or4_2)
                  0.13    0.74    1.25 v _0834_/X (sky130_fd_sc_hd__or4_2)
     2    0.01                           _0259_ (net)
                  0.13    0.00    1.25 v _0835_/A (sky130_fd_sc_hd__buf_6)
                  0.05    0.19    1.44 v _0835_/X (sky130_fd_sc_hd__buf_6)
    10    0.04                           _0260_ (net)
                  0.05    0.00    1.44 v _0851_/B (sky130_fd_sc_hd__or2_2)
                  0.07    0.31    1.75 v _0851_/X (sky130_fd_sc_hd__or2_2)
     1    0.01                           _0276_ (net)
                  0.07    0.00    1.75 v _0852_/A (sky130_fd_sc_hd__buf_8)
                  0.05    0.16    1.91 v _0852_/X (sky130_fd_sc_hd__buf_8)
    10    0.05                           _0277_ (net)
                  0.05    0.00    1.92 v _0929_/B (sky130_fd_sc_hd__nor4b_4)
                  0.39    0.43    2.35 ^ _0929_/Y (sky130_fd_sc_hd__nor4b_4)
     6    0.02                           _0347_ (net)
                  0.39    0.00    2.35 ^ _0975_/A (sky130_fd_sc_hd__nor3b_2)
                  0.09    0.11    2.45 v _0975_/Y (sky130_fd_sc_hd__nor3b_2)
     1    0.01                           _0389_ (net)
                  0.09    0.00    2.45 v _0981_/A2 (sky130_fd_sc_hd__a211o_4)
                  0.07    0.40    2.85 v _0981_/X (sky130_fd_sc_hd__a211o_4)
     4    0.02                           _0395_ (net)
                  0.07    0.00    2.85 v _0996_/A2 (sky130_fd_sc_hd__a21o_4)
                  0.07    0.27    3.12 v _0996_/X (sky130_fd_sc_hd__a21o_4)
     6    0.03                           _0409_ (net)
                  0.07    0.00    3.13 v _1063_/B2 (sky130_fd_sc_hd__a221o_4)
                  0.09    0.47    3.60 v _1063_/X (sky130_fd_sc_hd__a221o_4)
     2    0.03                           _0472_ (net)
                  0.09    0.00    3.60 v _1069_/A2 (sky130_fd_sc_hd__a22oi_4)
                  0.23    0.29    3.89 ^ _1069_/Y (sky130_fd_sc_hd__a22oi_4)
     2    0.02                           _0477_ (net)
                  0.23    0.00    3.89 ^ _1466_/B (sky130_fd_sc_hd__xor2_4)
                  0.61    0.56    4.45 ^ _1466_/X (sky130_fd_sc_hd__xor2_4)
    10    0.09                           _0070_ (net)
                  0.61    0.00    4.45 ^ _1487_/B (sky130_fd_sc_hd__or2_2)
                  0.06    0.24    4.69 ^ _1487_/X (sky130_fd_sc_hd__or2_2)
     1    0.01                           _0074_ (net)
                  0.06    0.00    4.69 ^ _1488_/A (sky130_fd_sc_hd__buf_6)
                  0.12    0.17    4.85 ^ _1488_/X (sky130_fd_sc_hd__buf_6)
     9    0.06                           net49 (net)
                  0.12    0.00    4.85 ^ _1489_/B (sky130_fd_sc_hd__or2_2)
                  0.03    0.13    4.98 ^ _1489_/X (sky130_fd_sc_hd__or2_2)
     1    0.00                           _0075_ (net)
                  0.03    0.00    4.98 ^ _1490_/A (sky130_fd_sc_hd__buf_1)
                  0.09    0.11    5.10 ^ _1490_/X (sky130_fd_sc_hd__buf_1)
     2    0.01                           net50 (net)
                  0.09    0.00    5.10 ^ _1789_/A (sky130_fd_sc_hd__buf_1)
                  0.05    0.11    5.20 ^ _1789_/X (sky130_fd_sc_hd__buf_1)
     1    0.00                           net65 (net)
                  0.05    0.00    5.20 ^ output65/A (sky130_fd_sc_hd__buf_4)
                  0.10    0.17    5.37 ^ output65/X (sky130_fd_sc_hd__buf_4)
     1    0.03                           nmatrix_rowon_out_n[12] (net)
                  0.10    0.00    5.37 ^ nmatrix_rowon_out_n[12] (out)
                                  5.37   data arrival time

                  0.00   20.00   20.00   clock clk_dig (rise edge)
                          0.00   20.00   clock network delay (ideal)
                         -0.25   19.75   clock uncertainty
                          0.00   19.75   clock reconvergence pessimism
                         -4.00   15.75   output external delay
                                 15.75   data required time
-----------------------------------------------------------------------------
                                 15.75   data required time
                                 -5.37   data arrival time
-----------------------------------------------------------------------------
                                 10.38   slack (MET)


Startpoint: _1698_ (rising edge-triggered flip-flop)
Endpoint: nmatrix_rowon_out_n[14] (output port clocked by clk_dig)
Path Group: clk_dig
Path Type: max

Fanout     Cap    Slew   Delay    Time   Description
-----------------------------------------------------------------------------
                  0.13    0.00    0.00 ^ _1698_/CLK (sky130_fd_sc_hd__dfrtp_2)
                  0.10    0.51    0.51 v _1698_/Q (sky130_fd_sc_hd__dfrtp_2)
     6    0.03                           cnb.shift_register_r[2] (net)
                  0.10    0.00    0.51 v _0834_/B (sky130_fd_sc_hd__or4_2)
                  0.13    0.74    1.25 v _0834_/X (sky130_fd_sc_hd__or4_2)
     2    0.01                           _0259_ (net)
                  0.13    0.00    1.25 v _0835_/A (sky130_fd_sc_hd__buf_6)
                  0.05    0.19    1.44 v _0835_/X (sky130_fd_sc_hd__buf_6)
    10    0.04                           _0260_ (net)
                  0.05    0.00    1.44 v _0851_/B (sky130_fd_sc_hd__or2_2)
                  0.07    0.31    1.75 v _0851_/X (sky130_fd_sc_hd__or2_2)
     1    0.01                           _0276_ (net)
                  0.07    0.00    1.75 v _0852_/A (sky130_fd_sc_hd__buf_8)
                  0.05    0.16    1.91 v _0852_/X (sky130_fd_sc_hd__buf_8)
    10    0.05                           _0277_ (net)
                  0.05    0.00    1.92 v _0929_/B (sky130_fd_sc_hd__nor4b_4)
                  0.39    0.43    2.35 ^ _0929_/Y (sky130_fd_sc_hd__nor4b_4)
     6    0.02                           _0347_ (net)
                  0.39    0.00    2.35 ^ _0975_/A (sky130_fd_sc_hd__nor3b_2)
                  0.09    0.11    2.45 v _0975_/Y (sky130_fd_sc_hd__nor3b_2)
     1    0.01                           _0389_ (net)
                  0.09    0.00    2.45 v _0981_/A2 (sky130_fd_sc_hd__a211o_4)
                  0.07    0.40    2.85 v _0981_/X (sky130_fd_sc_hd__a211o_4)
     4    0.02                           _0395_ (net)
                  0.07    0.00    2.85 v _0996_/A2 (sky130_fd_sc_hd__a21o_4)
                  0.07    0.27    3.12 v _0996_/X (sky130_fd_sc_hd__a21o_4)
     6    0.03                           _0409_ (net)
                  0.07    0.00    3.13 v _1063_/B2 (sky130_fd_sc_hd__a221o_4)
                  0.09    0.47    3.60 v _1063_/X (sky130_fd_sc_hd__a221o_4)
     2    0.03                           _0472_ (net)
                  0.09    0.00    3.60 v _1069_/A2 (sky130_fd_sc_hd__a22oi_4)
                  0.23    0.29    3.89 ^ _1069_/Y (sky130_fd_sc_hd__a22oi_4)
     2    0.02                           _0477_ (net)
                  0.23    0.00    3.89 ^ _1466_/B (sky130_fd_sc_hd__xor2_4)
                  0.61    0.56    4.45 ^ _1466_/X (sky130_fd_sc_hd__xor2_4)
    10    0.09                           _0070_ (net)
                  0.61    0.00    4.45 ^ _1487_/B (sky130_fd_sc_hd__or2_2)
                  0.06    0.24    4.69 ^ _1487_/X (sky130_fd_sc_hd__or2_2)
     1    0.01                           _0074_ (net)
                  0.06    0.00    4.69 ^ _1488_/A (sky130_fd_sc_hd__buf_6)
                  0.12    0.17    4.85 ^ _1488_/X (sky130_fd_sc_hd__buf_6)
     9    0.06                           net49 (net)
                  0.12    0.00    4.86 ^ _1493_/B (sky130_fd_sc_hd__or2_2)
                  0.03    0.12    4.98 ^ _1493_/X (sky130_fd_sc_hd__or2_2)
     1    0.00                           _0077_ (net)
                  0.03    0.00    4.98 ^ _1494_/A (sky130_fd_sc_hd__buf_2)
                  0.07    0.12    5.10 ^ _1494_/X (sky130_fd_sc_hd__buf_2)
     2    0.01                           net52 (net)
                  0.07    0.00    5.10 ^ _1791_/A (sky130_fd_sc_hd__buf_1)
                  0.05    0.09    5.20 ^ _1791_/X (sky130_fd_sc_hd__buf_1)
     1    0.00                           net67 (net)
                  0.05    0.00    5.20 ^ output67/A (sky130_fd_sc_hd__buf_4)
                  0.10    0.16    5.36 ^ output67/X (sky130_fd_sc_hd__buf_4)
     1    0.03                           nmatrix_rowon_out_n[14] (net)
                  0.10    0.00    5.36 ^ nmatrix_rowon_out_n[14] (out)
                                  5.36   data arrival time

                  0.00   20.00   20.00   clock clk_dig (rise edge)
                          0.00   20.00   clock network delay (ideal)
                         -0.25   19.75   clock uncertainty
                          0.00   19.75   clock reconvergence pessimism
                         -4.00   15.75   output external delay
                                 15.75   data required time
-----------------------------------------------------------------------------
                                 15.75   data required time
                                 -5.36   data arrival time
-----------------------------------------------------------------------------
                                 10.39   slack (MET)


max_report_end
check_report

===========================================================================
report_checks -unconstrained
============================================================================
Startpoint: _1698_ (rising edge-triggered flip-flop)
Endpoint: nmatrix_col_out_n[8] (output port clocked by clk_dig)
Path Group: clk_dig
Path Type: max

Fanout     Cap    Slew   Delay    Time   Description
-----------------------------------------------------------------------------
                  0.13    0.00    0.00 ^ _1698_/CLK (sky130_fd_sc_hd__dfrtp_2)
                  0.10    0.51    0.51 v _1698_/Q (sky130_fd_sc_hd__dfrtp_2)
     6    0.03                           cnb.shift_register_r[2] (net)
                  0.10    0.00    0.51 v _0834_/B (sky130_fd_sc_hd__or4_2)
                  0.13    0.74    1.25 v _0834_/X (sky130_fd_sc_hd__or4_2)
     2    0.01                           _0259_ (net)
                  0.13    0.00    1.25 v _0865_/C (sky130_fd_sc_hd__or4_4)
                  0.10    0.56    1.82 v _0865_/X (sky130_fd_sc_hd__or4_4)
     2    0.01                           _0290_ (net)
                  0.10    0.00    1.82 v _0866_/A (sky130_fd_sc_hd__buf_6)
                  0.05    0.18    2.00 v _0866_/X (sky130_fd_sc_hd__buf_6)
    10    0.05                           _0291_ (net)
                  0.05    0.00    2.00 v _1022_/A2 (sky130_fd_sc_hd__o41a_2)
                  0.09    0.54    2.54 v _1022_/X (sky130_fd_sc_hd__o41a_2)
     2    0.01                           _0433_ (net)
                  0.09    0.00    2.54 v _1036_/B1 (sky130_fd_sc_hd__a21oi_4)
                  0.16    0.18    2.72 ^ _1036_/Y (sky130_fd_sc_hd__a21oi_4)
     4    0.02                           _0447_ (net)
                  0.16    0.00    2.72 ^ _1091_/A1_N (sky130_fd_sc_hd__a2bb2o_2)
                  0.07    0.35    3.08 v _1091_/X (sky130_fd_sc_hd__a2bb2o_2)
     3    0.02                           _0498_ (net)
                  0.07    0.00    3.08 v _1108_/S (sky130_fd_sc_hd__mux2_1)
                  0.04    0.20    3.28 ^ _1108_/X (sky130_fd_sc_hd__mux2_1)
     1    0.00                           _0512_ (net)
                  0.04    0.00    3.28 ^ _1109_/C_N (sky130_fd_sc_hd__or3b_4)
                  0.09    0.42    3.70 v _1109_/X (sky130_fd_sc_hd__or3b_4)
     2    0.01                           _0513_ (net)
                  0.09    0.00    3.70 v _1110_/A3 (sky130_fd_sc_hd__a31o_4)
                  0.07    0.31    4.01 v _1110_/X (sky130_fd_sc_hd__a31o_4)
     6    0.03                           _0514_ (net)
                  0.07    0.00    4.01 v _1120_/A1 (sky130_fd_sc_hd__a22o_2)
                  0.08    0.30    4.31 v _1120_/X (sky130_fd_sc_hd__a22o_2)
     4    0.02                           _0524_ (net)
                  0.08    0.00    4.31 v _1128_/B (sky130_fd_sc_hd__or2_2)
                  0.07    0.31    4.63 v _1128_/X (sky130_fd_sc_hd__or2_2)
     1    0.01                           _0531_ (net)
                  0.07    0.00    4.63 v _1129_/A (sky130_fd_sc_hd__buf_6)
                  0.05    0.16    4.79 v _1129_/X (sky130_fd_sc_hd__buf_6)
     8    0.04                           _0532_ (net)
                  0.05    0.00    4.79 v _1267_/B1 (sky130_fd_sc_hd__a221o_2)
                  0.08    0.39    5.18 v _1267_/X (sky130_fd_sc_hd__a221o_2)
     1    0.01                           net45 (net)
                  0.08    0.00    5.18 v output45/A (sky130_fd_sc_hd__buf_4)
                  0.06    0.19    5.38 v output45/X (sky130_fd_sc_hd__buf_4)
     1    0.03                           nmatrix_col_out_n[8] (net)
                  0.06    0.00    5.38 v nmatrix_col_out_n[8] (out)
                                  5.38   data arrival time

                  0.00   20.00   20.00   clock clk_dig (rise edge)
                          0.00   20.00   clock network delay (ideal)
                         -0.25   19.75   clock uncertainty
                          0.00   19.75   clock reconvergence pessimism
                         -4.00   15.75   output external delay
                                 15.75   data required time
-----------------------------------------------------------------------------
                                 15.75   data required time
                                 -5.38   data arrival time
-----------------------------------------------------------------------------
                                 10.37   slack (MET)



===========================================================================
report_checks --slack_max -0.01
============================================================================
No paths found.
check_report_end
check_slew

===========================================================================
 report_check_types -max_slew -max_cap -max_fanout -violators
============================================================================

===========================================================================
max slew violation count 0
max fanout violation count 0
max cap violation count 0
============================================================================
check_slew_end
tns_report

===========================================================================
 report_tns
============================================================================
tns 0.00
tns_report_end
wns_report

===========================================================================
 report_wns
============================================================================
wns 0.00
wns_report_end
worst_slack

===========================================================================
 report_worst_slack -max (Setup)
============================================================================
worst slack 10.37

===========================================================================
 report_worst_slack -min (Hold)
============================================================================
worst slack 4.29
worst_slack_end
clock_skew

===========================================================================
 report_clock_skew
============================================================================
Clock clk_dig
No launch/capture paths found.

clock_skew_end
power_report

===========================================================================
 report_power
============================================================================
Group                  Internal  Switching    Leakage      Total
                          Power      Power      Power      Power (Watts)
----------------------------------------------------------------
Sequential             2.38e-05   2.75e-05   8.33e-10   5.13e-05  38.0%
Combinational          4.69e-05   3.69e-05   6.25e-09   8.38e-05  62.0%
Macro                  0.00e+00   0.00e+00   0.00e+00   0.00e+00   0.0%
Pad                    0.00e+00   0.00e+00   0.00e+00   0.00e+00   0.0%
----------------------------------------------------------------
Total                  7.07e-05   6.44e-05   7.09e-09   1.35e-04 100.0%
                          52.3%      47.7%       0.0%
power_report_end
area_report

===========================================================================
 report_design_area
============================================================================
Design area 13860 u^2 64% utilization.
area_report_end
