
Magic 8.3 revision 324 - Compiled on Mon Oct  3 11:35:54 UTC 2022.
Starting magic under Tcl interpreter
Using the terminal as the console.
Using NULL graphics device.
Processing system .magicrc file
Sourcing design .magicrc for technology sky130A ...
2 Magic internal units = 1 Lambda
Input style sky130(vendor): scaleFactor=2, multiplier=2
The following types are not handled by extraction and will be treated as non-electrical types:
    ubm 
Scaled tech values by 2 / 1 to match internal grid scaling
Loading sky130A Device Generator Menu ...
Using technology "sky130A", version 1.0.291-82-gfa87f8f
Reading LEF data from file /foss/pdk/sky130A/libs.ref/sky130_fd_sc_hd/techlef/sky130_fd_sc_hd__nom.tlef.
This action cannot be undone.
LEF read, Line 78 (Message): Unknown keyword "ANTENNAMODEL" in LEF file; ignoring.
LEF read, Line 79 (Message): Unknown keyword "ANTENNADIFFSIDEAREARATIO" in LEF file; ignoring.
LEF read, Line 112 (Message): Unknown keyword "MINENCLOSEDAREA" in LEF file; ignoring.
LEF read, Line 114 (Message): Unknown keyword "ANTENNAMODEL" in LEF file; ignoring.
LEF read, Line 115 (Message): Unknown keyword "ANTENNADIFFSIDEAREARATIO" in LEF file; ignoring.
LEF read, Line 121 (Message): Unknown keyword "MAXIMUMDENSITY" in LEF file; ignoring.
LEF read, Line 122 (Message): Unknown keyword "DENSITYCHECKWINDOW" in LEF file; ignoring.
LEF read, Line 123 (Message): Unknown keyword "DENSITYCHECKSTEP" in LEF file; ignoring.
LEF read, Line 156 (Message): Unknown keyword "MINENCLOSEDAREA" in LEF file; ignoring.
LEF read, Line 164 (Message): Unknown keyword "ANTENNAMODEL" in LEF file; ignoring.
LEF read, Line 165 (Message): Unknown keyword "ANTENNADIFFSIDEAREARATIO" in LEF file; ignoring.
LEF read, Line 167 (Message): Unknown keyword "MAXIMUMDENSITY" in LEF file; ignoring.
LEF read, Line 168 (Message): Unknown keyword "DENSITYCHECKWINDOW" in LEF file; ignoring.
LEF read, Line 169 (Message): Unknown keyword "DENSITYCHECKSTEP" in LEF file; ignoring.
LEF read, Line 206 (Message): Unknown keyword "ANTENNAMODEL" in LEF file; ignoring.
LEF read, Line 207 (Message): Unknown keyword "ANTENNADIFFSIDEAREARATIO" in LEF file; ignoring.
LEF read, Line 209 (Message): Unknown keyword "MAXIMUMDENSITY" in LEF file; ignoring.
LEF read, Line 210 (Message): Unknown keyword "DENSITYCHECKWINDOW" in LEF file; ignoring.
LEF read, Line 211 (Message): Unknown keyword "DENSITYCHECKSTEP" in LEF file; ignoring.
LEF read, Line 248 (Message): Unknown keyword "ANTENNAMODEL" in LEF file; ignoring.
LEF read, Line 249 (Message): Unknown keyword "ANTENNADIFFSIDEAREARATIO" in LEF file; ignoring.
LEF read, Line 251 (Message): Unknown keyword "MAXIMUMDENSITY" in LEF file; ignoring.
LEF read, Line 252 (Message): Unknown keyword "DENSITYCHECKWINDOW" in LEF file; ignoring.
LEF read, Line 253 (Message): Unknown keyword "DENSITYCHECKSTEP" in LEF file; ignoring.
LEF read, Line 290 (Message): Unknown keyword "ANTENNAMODEL" in LEF file; ignoring.
LEF read, Line 291 (Message): Unknown keyword "ANTENNADIFFSIDEAREARATIO" in LEF file; ignoring.
LEF read: Processed 797 lines.
adc_core_digital: 10000 rects
adc_core_digital: 20000 rects
adc_core_digital: 30000 rects
adc_core_digital: 40000 rects
adc_core_digital: 50000 rects
adc_core_digital: 60000 rects
adc_core_digital: 70000 rects
adc_core_digital: 80000 rects
adc_core_digital: 90000 rects
[INFO]: Writing abstract LEF
Generating LEF output /foss/designs/SKY130_SAR-ADC/openlane/adc_core_digital/runs/leberkaskrapfen/results/signoff/adc_core_digital.lef for cell adc_core_digital:
Diagnostic:  Write LEF header for cell adc_core_digital
Diagnostic:  Writing LEF output for cell adc_core_digital
Warning:  Parent cell lists instance of "sky130_fd_sc_hd__buf_4" at bad file path /foss/designs/SKY130_SAR-ADC/openlane/adc_core_digital/runs/leberkaskrapfen/results/signoff/sky130_fd_sc_hd__buf_4.mag.
The cell exists in the search paths at /foss/pdk/sky130A/libs.ref/sky130_fd_sc_hd/maglef/sky130_fd_sc_hd__buf_4.mag.
The discovered version will be used.
Warning:  Parent cell lists instance of "sky130_fd_sc_hd__buf_1" at bad file path /foss/designs/SKY130_SAR-ADC/openlane/adc_core_digital/runs/leberkaskrapfen/results/signoff/sky130_fd_sc_hd__buf_1.mag.
The cell exists in the search paths at /foss/pdk/sky130A/libs.ref/sky130_fd_sc_hd/maglef/sky130_fd_sc_hd__buf_1.mag.
The discovered version will be used.
Warning:  Parent cell lists instance of "sky130_fd_sc_hd__buf_2" at bad file path /foss/designs/SKY130_SAR-ADC/openlane/adc_core_digital/runs/leberkaskrapfen/results/signoff/sky130_fd_sc_hd__buf_2.mag.
The cell exists in the search paths at /foss/pdk/sky130A/libs.ref/sky130_fd_sc_hd/maglef/sky130_fd_sc_hd__buf_2.mag.
The discovered version will be used.
Warning:  Parent cell lists instance of "sky130_fd_sc_hd__buf_6" at bad file path /foss/designs/SKY130_SAR-ADC/openlane/adc_core_digital/runs/leberkaskrapfen/results/signoff/sky130_fd_sc_hd__buf_6.mag.
The cell exists in the search paths at /foss/pdk/sky130A/libs.ref/sky130_fd_sc_hd/maglef/sky130_fd_sc_hd__buf_6.mag.
The discovered version will be used.
Warning:  Parent cell lists instance of "sky130_fd_sc_hd__buf_12" at bad file path /foss/designs/SKY130_SAR-ADC/openlane/adc_core_digital/runs/leberkaskrapfen/results/signoff/sky130_fd_sc_hd__buf_12.mag.
The cell exists in the search paths at /foss/pdk/sky130A/libs.ref/sky130_fd_sc_hd/maglef/sky130_fd_sc_hd__buf_12.mag.
The discovered version will be used.
Warning:  Parent cell lists instance of "sky130_fd_sc_hd__conb_1" at bad file path /foss/designs/SKY130_SAR-ADC/openlane/adc_core_digital/runs/leberkaskrapfen/results/signoff/sky130_fd_sc_hd__conb_1.mag.
The cell exists in the search paths at /foss/pdk/sky130A/libs.ref/sky130_fd_sc_hd/maglef/sky130_fd_sc_hd__conb_1.mag.
The discovered version will be used.
Warning:  Parent cell lists instance of "sky130_fd_sc_hd__dfrtp_2" at bad file path /foss/designs/SKY130_SAR-ADC/openlane/adc_core_digital/runs/leberkaskrapfen/results/signoff/sky130_fd_sc_hd__dfrtp_2.mag.
The cell exists in the search paths at /foss/pdk/sky130A/libs.ref/sky130_fd_sc_hd/maglef/sky130_fd_sc_hd__dfrtp_2.mag.
The discovered version will be used.
Warning:  Parent cell lists instance of "sky130_fd_sc_hd__dfrtp_4" at bad file path /foss/designs/SKY130_SAR-ADC/openlane/adc_core_digital/runs/leberkaskrapfen/results/signoff/sky130_fd_sc_hd__dfrtp_4.mag.
The cell exists in the search paths at /foss/pdk/sky130A/libs.ref/sky130_fd_sc_hd/maglef/sky130_fd_sc_hd__dfrtp_4.mag.
The discovered version will be used.
Warning:  Parent cell lists instance of "sky130_fd_sc_hd__dfstp_4" at bad file path /foss/designs/SKY130_SAR-ADC/openlane/adc_core_digital/runs/leberkaskrapfen/results/signoff/sky130_fd_sc_hd__dfstp_4.mag.
The cell exists in the search paths at /foss/pdk/sky130A/libs.ref/sky130_fd_sc_hd/maglef/sky130_fd_sc_hd__dfstp_4.mag.
The discovered version will be used.
Warning:  Parent cell lists instance of "sky130_fd_sc_hd__mux2_1" at bad file path /foss/designs/SKY130_SAR-ADC/openlane/adc_core_digital/runs/leberkaskrapfen/results/signoff/sky130_fd_sc_hd__mux2_1.mag.
The cell exists in the search paths at /foss/pdk/sky130A/libs.ref/sky130_fd_sc_hd/maglef/sky130_fd_sc_hd__mux2_1.mag.
The discovered version will be used.
Warning:  Parent cell lists instance of "sky130_fd_sc_hd__o31ai_2" at bad file path /foss/designs/SKY130_SAR-ADC/openlane/adc_core_digital/runs/leberkaskrapfen/results/signoff/sky130_fd_sc_hd__o31ai_2.mag.
The cell exists in the search paths at /foss/pdk/sky130A/libs.ref/sky130_fd_sc_hd/maglef/sky130_fd_sc_hd__o31ai_2.mag.
The discovered version will be used.
Warning:  Parent cell lists instance of "sky130_fd_sc_hd__nand2_2" at bad file path /foss/designs/SKY130_SAR-ADC/openlane/adc_core_digital/runs/leberkaskrapfen/results/signoff/sky130_fd_sc_hd__nand2_2.mag.
The cell exists in the search paths at /foss/pdk/sky130A/libs.ref/sky130_fd_sc_hd/maglef/sky130_fd_sc_hd__nand2_2.mag.
The discovered version will be used.
Warning:  Parent cell lists instance of "sky130_fd_sc_hd__a31o_2" at bad file path /foss/designs/SKY130_SAR-ADC/openlane/adc_core_digital/runs/leberkaskrapfen/results/signoff/sky130_fd_sc_hd__a31o_2.mag.
The cell exists in the search paths at /foss/pdk/sky130A/libs.ref/sky130_fd_sc_hd/maglef/sky130_fd_sc_hd__a31o_2.mag.
The discovered version will be used.
Warning:  Parent cell lists instance of "sky130_fd_sc_hd__and2_2" at bad file path /foss/designs/SKY130_SAR-ADC/openlane/adc_core_digital/runs/leberkaskrapfen/results/signoff/sky130_fd_sc_hd__and2_2.mag.
The cell exists in the search paths at /foss/pdk/sky130A/libs.ref/sky130_fd_sc_hd/maglef/sky130_fd_sc_hd__and2_2.mag.
The discovered version will be used.
Warning:  Parent cell lists instance of "sky130_fd_sc_hd__o22a_2" at bad file path /foss/designs/SKY130_SAR-ADC/openlane/adc_core_digital/runs/leberkaskrapfen/results/signoff/sky130_fd_sc_hd__o22a_2.mag.
The cell exists in the search paths at /foss/pdk/sky130A/libs.ref/sky130_fd_sc_hd/maglef/sky130_fd_sc_hd__o22a_2.mag.
The discovered version will be used.
Warning:  Parent cell lists instance of "sky130_fd_sc_hd__o21ai_2" at bad file path /foss/designs/SKY130_SAR-ADC/openlane/adc_core_digital/runs/leberkaskrapfen/results/signoff/sky130_fd_sc_hd__o21ai_2.mag.
The cell exists in the search paths at /foss/pdk/sky130A/libs.ref/sky130_fd_sc_hd/maglef/sky130_fd_sc_hd__o21ai_2.mag.
The discovered version will be used.
Warning:  Parent cell lists instance of "sky130_fd_sc_hd__o31a_2" at bad file path /foss/designs/SKY130_SAR-ADC/openlane/adc_core_digital/runs/leberkaskrapfen/results/signoff/sky130_fd_sc_hd__o31a_2.mag.
The cell exists in the search paths at /foss/pdk/sky130A/libs.ref/sky130_fd_sc_hd/maglef/sky130_fd_sc_hd__o31a_2.mag.
The discovered version will be used.
Warning:  Parent cell lists instance of "sky130_fd_sc_hd__o311a_2" at bad file path /foss/designs/SKY130_SAR-ADC/openlane/adc_core_digital/runs/leberkaskrapfen/results/signoff/sky130_fd_sc_hd__o311a_2.mag.
The cell exists in the search paths at /foss/pdk/sky130A/libs.ref/sky130_fd_sc_hd/maglef/sky130_fd_sc_hd__o311a_2.mag.
The discovered version will be used.
Warning:  Parent cell lists instance of "sky130_fd_sc_hd__o32a_2" at bad file path /foss/designs/SKY130_SAR-ADC/openlane/adc_core_digital/runs/leberkaskrapfen/results/signoff/sky130_fd_sc_hd__o32a_2.mag.
The cell exists in the search paths at /foss/pdk/sky130A/libs.ref/sky130_fd_sc_hd/maglef/sky130_fd_sc_hd__o32a_2.mag.
The discovered version will be used.
Warning:  Parent cell lists instance of "sky130_fd_sc_hd__a2111o_2" at bad file path /foss/designs/SKY130_SAR-ADC/openlane/adc_core_digital/runs/leberkaskrapfen/results/signoff/sky130_fd_sc_hd__a2111o_2.mag.
The cell exists in the search paths at /foss/pdk/sky130A/libs.ref/sky130_fd_sc_hd/maglef/sky130_fd_sc_hd__a2111o_2.mag.
The discovered version will be used.
Warning:  Parent cell lists instance of "sky130_fd_sc_hd__o21a_2" at bad file path /foss/designs/SKY130_SAR-ADC/openlane/adc_core_digital/runs/leberkaskrapfen/results/signoff/sky130_fd_sc_hd__o21a_2.mag.
The cell exists in the search paths at /foss/pdk/sky130A/libs.ref/sky130_fd_sc_hd/maglef/sky130_fd_sc_hd__o21a_2.mag.
The discovered version will be used.
Warning:  Parent cell lists instance of "sky130_fd_sc_hd__o2bb2a_2" at bad file path /foss/designs/SKY130_SAR-ADC/openlane/adc_core_digital/runs/leberkaskrapfen/results/signoff/sky130_fd_sc_hd__o2bb2a_2.mag.
The cell exists in the search paths at /foss/pdk/sky130A/libs.ref/sky130_fd_sc_hd/maglef/sky130_fd_sc_hd__o2bb2a_2.mag.
The discovered version will be used.
Warning:  Parent cell lists instance of "sky130_fd_sc_hd__or2_2" at bad file path /foss/designs/SKY130_SAR-ADC/openlane/adc_core_digital/runs/leberkaskrapfen/results/signoff/sky130_fd_sc_hd__or2_2.mag.
The cell exists in the search paths at /foss/pdk/sky130A/libs.ref/sky130_fd_sc_hd/maglef/sky130_fd_sc_hd__or2_2.mag.
The discovered version will be used.
Warning:  Parent cell lists instance of "sky130_fd_sc_hd__nor2_2" at bad file path /foss/designs/SKY130_SAR-ADC/openlane/adc_core_digital/runs/leberkaskrapfen/results/signoff/sky130_fd_sc_hd__nor2_2.mag.
The cell exists in the search paths at /foss/pdk/sky130A/libs.ref/sky130_fd_sc_hd/maglef/sky130_fd_sc_hd__nor2_2.mag.
The discovered version will be used.
Warning:  Parent cell lists instance of "sky130_fd_sc_hd__or3_2" at bad file path /foss/designs/SKY130_SAR-ADC/openlane/adc_core_digital/runs/leberkaskrapfen/results/signoff/sky130_fd_sc_hd__or3_2.mag.
The cell exists in the search paths at /foss/pdk/sky130A/libs.ref/sky130_fd_sc_hd/maglef/sky130_fd_sc_hd__or3_2.mag.
The discovered version will be used.
Warning:  Parent cell lists instance of "sky130_fd_sc_hd__a22oi_2" at bad file path /foss/designs/SKY130_SAR-ADC/openlane/adc_core_digital/runs/leberkaskrapfen/results/signoff/sky130_fd_sc_hd__a22oi_2.mag.
The cell exists in the search paths at /foss/pdk/sky130A/libs.ref/sky130_fd_sc_hd/maglef/sky130_fd_sc_hd__a22oi_2.mag.
The discovered version will be used.
Warning:  Parent cell lists instance of "sky130_fd_sc_hd__a211o_2" at bad file path /foss/designs/SKY130_SAR-ADC/openlane/adc_core_digital/runs/leberkaskrapfen/results/signoff/sky130_fd_sc_hd__a211o_2.mag.
The cell exists in the search paths at /foss/pdk/sky130A/libs.ref/sky130_fd_sc_hd/maglef/sky130_fd_sc_hd__a211o_2.mag.
The discovered version will be used.
Warning:  Parent cell lists instance of "sky130_fd_sc_hd__a22o_2" at bad file path /foss/designs/SKY130_SAR-ADC/openlane/adc_core_digital/runs/leberkaskrapfen/results/signoff/sky130_fd_sc_hd__a22o_2.mag.
The cell exists in the search paths at /foss/pdk/sky130A/libs.ref/sky130_fd_sc_hd/maglef/sky130_fd_sc_hd__a22o_2.mag.
The discovered version will be used.
Warning:  Parent cell lists instance of "sky130_fd_sc_hd__o221a_2" at bad file path /foss/designs/SKY130_SAR-ADC/openlane/adc_core_digital/runs/leberkaskrapfen/results/signoff/sky130_fd_sc_hd__o221a_2.mag.
The cell exists in the search paths at /foss/pdk/sky130A/libs.ref/sky130_fd_sc_hd/maglef/sky130_fd_sc_hd__o221a_2.mag.
The discovered version will be used.
Warning:  Parent cell lists instance of "sky130_fd_sc_hd__o211a_2" at bad file path /foss/designs/SKY130_SAR-ADC/openlane/adc_core_digital/runs/leberkaskrapfen/results/signoff/sky130_fd_sc_hd__o211a_2.mag.
The cell exists in the search paths at /foss/pdk/sky130A/libs.ref/sky130_fd_sc_hd/maglef/sky130_fd_sc_hd__o211a_2.mag.
The discovered version will be used.
Warning:  Parent cell lists instance of "sky130_fd_sc_hd__and3_2" at bad file path /foss/designs/SKY130_SAR-ADC/openlane/adc_core_digital/runs/leberkaskrapfen/results/signoff/sky130_fd_sc_hd__and3_2.mag.
The cell exists in the search paths at /foss/pdk/sky130A/libs.ref/sky130_fd_sc_hd/maglef/sky130_fd_sc_hd__and3_2.mag.
The discovered version will be used.
Warning:  Parent cell lists instance of "sky130_fd_sc_hd__a221o_2" at bad file path /foss/designs/SKY130_SAR-ADC/openlane/adc_core_digital/runs/leberkaskrapfen/results/signoff/sky130_fd_sc_hd__a221o_2.mag.
The cell exists in the search paths at /foss/pdk/sky130A/libs.ref/sky130_fd_sc_hd/maglef/sky130_fd_sc_hd__a221o_2.mag.
The discovered version will be used.
Warning:  Parent cell lists instance of "sky130_fd_sc_hd__a21o_2" at bad file path /foss/designs/SKY130_SAR-ADC/openlane/adc_core_digital/runs/leberkaskrapfen/results/signoff/sky130_fd_sc_hd__a21o_2.mag.
The cell exists in the search paths at /foss/pdk/sky130A/libs.ref/sky130_fd_sc_hd/maglef/sky130_fd_sc_hd__a21o_2.mag.
The discovered version will be used.
Warning:  Parent cell lists instance of "sky130_fd_sc_hd__a32o_2" at bad file path /foss/designs/SKY130_SAR-ADC/openlane/adc_core_digital/runs/leberkaskrapfen/results/signoff/sky130_fd_sc_hd__a32o_2.mag.
The cell exists in the search paths at /foss/pdk/sky130A/libs.ref/sky130_fd_sc_hd/maglef/sky130_fd_sc_hd__a32o_2.mag.
The discovered version will be used.
Warning:  Parent cell lists instance of "sky130_fd_sc_hd__nor2_4" at bad file path /foss/designs/SKY130_SAR-ADC/openlane/adc_core_digital/runs/leberkaskrapfen/results/signoff/sky130_fd_sc_hd__nor2_4.mag.
The cell exists in the search paths at /foss/pdk/sky130A/libs.ref/sky130_fd_sc_hd/maglef/sky130_fd_sc_hd__nor2_4.mag.
The discovered version will be used.
Warning:  Parent cell lists instance of "sky130_fd_sc_hd__a21oi_2" at bad file path /foss/designs/SKY130_SAR-ADC/openlane/adc_core_digital/runs/leberkaskrapfen/results/signoff/sky130_fd_sc_hd__a21oi_2.mag.
The cell exists in the search paths at /foss/pdk/sky130A/libs.ref/sky130_fd_sc_hd/maglef/sky130_fd_sc_hd__a21oi_2.mag.
The discovered version will be used.
Warning:  Parent cell lists instance of "sky130_fd_sc_hd__or3b_2" at bad file path /foss/designs/SKY130_SAR-ADC/openlane/adc_core_digital/runs/leberkaskrapfen/results/signoff/sky130_fd_sc_hd__or3b_2.mag.
The cell exists in the search paths at /foss/pdk/sky130A/libs.ref/sky130_fd_sc_hd/maglef/sky130_fd_sc_hd__or3b_2.mag.
The discovered version will be used.
Warning:  Parent cell lists instance of "sky130_fd_sc_hd__nand2_8" at bad file path /foss/designs/SKY130_SAR-ADC/openlane/adc_core_digital/runs/leberkaskrapfen/results/signoff/sky130_fd_sc_hd__nand2_8.mag.
The cell exists in the search paths at /foss/pdk/sky130A/libs.ref/sky130_fd_sc_hd/maglef/sky130_fd_sc_hd__nand2_8.mag.
The discovered version will be used.
Warning:  Parent cell lists instance of "sky130_fd_sc_hd__a21bo_2" at bad file path /foss/designs/SKY130_SAR-ADC/openlane/adc_core_digital/runs/leberkaskrapfen/results/signoff/sky130_fd_sc_hd__a21bo_2.mag.
The cell exists in the search paths at /foss/pdk/sky130A/libs.ref/sky130_fd_sc_hd/maglef/sky130_fd_sc_hd__a21bo_2.mag.
The discovered version will be used.
Warning:  Parent cell lists instance of "sky130_fd_sc_hd__nand2_4" at bad file path /foss/designs/SKY130_SAR-ADC/openlane/adc_core_digital/runs/leberkaskrapfen/results/signoff/sky130_fd_sc_hd__nand2_4.mag.
The cell exists in the search paths at /foss/pdk/sky130A/libs.ref/sky130_fd_sc_hd/maglef/sky130_fd_sc_hd__nand2_4.mag.
The discovered version will be used.
Warning:  Parent cell lists instance of "sky130_fd_sc_hd__inv_2" at bad file path /foss/designs/SKY130_SAR-ADC/openlane/adc_core_digital/runs/leberkaskrapfen/results/signoff/sky130_fd_sc_hd__inv_2.mag.
The cell exists in the search paths at /foss/pdk/sky130A/libs.ref/sky130_fd_sc_hd/maglef/sky130_fd_sc_hd__inv_2.mag.
The discovered version will be used.
Warning:  Parent cell lists instance of "sky130_fd_sc_hd__a21oi_4" at bad file path /foss/designs/SKY130_SAR-ADC/openlane/adc_core_digital/runs/leberkaskrapfen/results/signoff/sky130_fd_sc_hd__a21oi_4.mag.
The cell exists in the search paths at /foss/pdk/sky130A/libs.ref/sky130_fd_sc_hd/maglef/sky130_fd_sc_hd__a21oi_4.mag.
The discovered version will be used.
Warning:  Parent cell lists instance of "sky130_fd_sc_hd__o21ai_4" at bad file path /foss/designs/SKY130_SAR-ADC/openlane/adc_core_digital/runs/leberkaskrapfen/results/signoff/sky130_fd_sc_hd__o21ai_4.mag.
The cell exists in the search paths at /foss/pdk/sky130A/libs.ref/sky130_fd_sc_hd/maglef/sky130_fd_sc_hd__o21ai_4.mag.
The discovered version will be used.
Warning:  Parent cell lists instance of "sky130_fd_sc_hd__or2_4" at bad file path /foss/designs/SKY130_SAR-ADC/openlane/adc_core_digital/runs/leberkaskrapfen/results/signoff/sky130_fd_sc_hd__or2_4.mag.
The cell exists in the search paths at /foss/pdk/sky130A/libs.ref/sky130_fd_sc_hd/maglef/sky130_fd_sc_hd__or2_4.mag.
The discovered version will be used.
Warning:  Parent cell lists instance of "sky130_fd_sc_hd__xor2_4" at bad file path /foss/designs/SKY130_SAR-ADC/openlane/adc_core_digital/runs/leberkaskrapfen/results/signoff/sky130_fd_sc_hd__xor2_4.mag.
The cell exists in the search paths at /foss/pdk/sky130A/libs.ref/sky130_fd_sc_hd/maglef/sky130_fd_sc_hd__xor2_4.mag.
The discovered version will be used.
Warning:  Parent cell lists instance of "sky130_fd_sc_hd__and2_4" at bad file path /foss/designs/SKY130_SAR-ADC/openlane/adc_core_digital/runs/leberkaskrapfen/results/signoff/sky130_fd_sc_hd__and2_4.mag.
The cell exists in the search paths at /foss/pdk/sky130A/libs.ref/sky130_fd_sc_hd/maglef/sky130_fd_sc_hd__and2_4.mag.
The discovered version will be used.
Warning:  Parent cell lists instance of "sky130_fd_sc_hd__xor2_2" at bad file path /foss/designs/SKY130_SAR-ADC/openlane/adc_core_digital/runs/leberkaskrapfen/results/signoff/sky130_fd_sc_hd__xor2_2.mag.
The cell exists in the search paths at /foss/pdk/sky130A/libs.ref/sky130_fd_sc_hd/maglef/sky130_fd_sc_hd__xor2_2.mag.
The discovered version will be used.
Warning:  Parent cell lists instance of "sky130_fd_sc_hd__xnor2_2" at bad file path /foss/designs/SKY130_SAR-ADC/openlane/adc_core_digital/runs/leberkaskrapfen/results/signoff/sky130_fd_sc_hd__xnor2_2.mag.
The cell exists in the search paths at /foss/pdk/sky130A/libs.ref/sky130_fd_sc_hd/maglef/sky130_fd_sc_hd__xnor2_2.mag.
The discovered version will be used.
Warning:  Parent cell lists instance of "sky130_fd_sc_hd__and4_2" at bad file path /foss/designs/SKY130_SAR-ADC/openlane/adc_core_digital/runs/leberkaskrapfen/results/signoff/sky130_fd_sc_hd__and4_2.mag.
The cell exists in the search paths at /foss/pdk/sky130A/libs.ref/sky130_fd_sc_hd/maglef/sky130_fd_sc_hd__and4_2.mag.
The discovered version will be used.
Warning:  Parent cell lists instance of "sky130_fd_sc_hd__nand3b_2" at bad file path /foss/designs/SKY130_SAR-ADC/openlane/adc_core_digital/runs/leberkaskrapfen/results/signoff/sky130_fd_sc_hd__nand3b_2.mag.
The cell exists in the search paths at /foss/pdk/sky130A/libs.ref/sky130_fd_sc_hd/maglef/sky130_fd_sc_hd__nand3b_2.mag.
The discovered version will be used.
Warning:  Parent cell lists instance of "sky130_fd_sc_hd__and3b_2" at bad file path /foss/designs/SKY130_SAR-ADC/openlane/adc_core_digital/runs/leberkaskrapfen/results/signoff/sky130_fd_sc_hd__and3b_2.mag.
The cell exists in the search paths at /foss/pdk/sky130A/libs.ref/sky130_fd_sc_hd/maglef/sky130_fd_sc_hd__and3b_2.mag.
The discovered version will be used.
Warning:  Parent cell lists instance of "sky130_fd_sc_hd__or4_2" at bad file path /foss/designs/SKY130_SAR-ADC/openlane/adc_core_digital/runs/leberkaskrapfen/results/signoff/sky130_fd_sc_hd__or4_2.mag.
The cell exists in the search paths at /foss/pdk/sky130A/libs.ref/sky130_fd_sc_hd/maglef/sky130_fd_sc_hd__or4_2.mag.
The discovered version will be used.
Warning:  Parent cell lists instance of "sky130_fd_sc_hd__o31a_4" at bad file path /foss/designs/SKY130_SAR-ADC/openlane/adc_core_digital/runs/leberkaskrapfen/results/signoff/sky130_fd_sc_hd__o31a_4.mag.
The cell exists in the search paths at /foss/pdk/sky130A/libs.ref/sky130_fd_sc_hd/maglef/sky130_fd_sc_hd__o31a_4.mag.
The discovered version will be used.
Warning:  Parent cell lists instance of "sky130_fd_sc_hd__and4b_2" at bad file path /foss/designs/SKY130_SAR-ADC/openlane/adc_core_digital/runs/leberkaskrapfen/results/signoff/sky130_fd_sc_hd__and4b_2.mag.
The cell exists in the search paths at /foss/pdk/sky130A/libs.ref/sky130_fd_sc_hd/maglef/sky130_fd_sc_hd__and4b_2.mag.
The discovered version will be used.
Warning:  Parent cell lists instance of "sky130_fd_sc_hd__xnor2_4" at bad file path /foss/designs/SKY130_SAR-ADC/openlane/adc_core_digital/runs/leberkaskrapfen/results/signoff/sky130_fd_sc_hd__xnor2_4.mag.
The cell exists in the search paths at /foss/pdk/sky130A/libs.ref/sky130_fd_sc_hd/maglef/sky130_fd_sc_hd__xnor2_4.mag.
The discovered version will be used.
Warning:  Parent cell lists instance of "sky130_fd_sc_hd__or3b_4" at bad file path /foss/designs/SKY130_SAR-ADC/openlane/adc_core_digital/runs/leberkaskrapfen/results/signoff/sky130_fd_sc_hd__or3b_4.mag.
The cell exists in the search paths at /foss/pdk/sky130A/libs.ref/sky130_fd_sc_hd/maglef/sky130_fd_sc_hd__or3b_4.mag.
The discovered version will be used.
Warning:  Parent cell lists instance of "sky130_fd_sc_hd__a211o_4" at bad file path /foss/designs/SKY130_SAR-ADC/openlane/adc_core_digital/runs/leberkaskrapfen/results/signoff/sky130_fd_sc_hd__a211o_4.mag.
The cell exists in the search paths at /foss/pdk/sky130A/libs.ref/sky130_fd_sc_hd/maglef/sky130_fd_sc_hd__a211o_4.mag.
The discovered version will be used.
Warning:  Parent cell lists instance of "sky130_fd_sc_hd__or3_4" at bad file path /foss/designs/SKY130_SAR-ADC/openlane/adc_core_digital/runs/leberkaskrapfen/results/signoff/sky130_fd_sc_hd__or3_4.mag.
The cell exists in the search paths at /foss/pdk/sky130A/libs.ref/sky130_fd_sc_hd/maglef/sky130_fd_sc_hd__or3_4.mag.
The discovered version will be used.
Warning:  Parent cell lists instance of "sky130_fd_sc_hd__a41o_4" at bad file path /foss/designs/SKY130_SAR-ADC/openlane/adc_core_digital/runs/leberkaskrapfen/results/signoff/sky130_fd_sc_hd__a41o_4.mag.
The cell exists in the search paths at /foss/pdk/sky130A/libs.ref/sky130_fd_sc_hd/maglef/sky130_fd_sc_hd__a41o_4.mag.
The discovered version will be used.
Warning:  Parent cell lists instance of "sky130_fd_sc_hd__a31o_4" at bad file path /foss/designs/SKY130_SAR-ADC/openlane/adc_core_digital/runs/leberkaskrapfen/results/signoff/sky130_fd_sc_hd__a31o_4.mag.
The cell exists in the search paths at /foss/pdk/sky130A/libs.ref/sky130_fd_sc_hd/maglef/sky130_fd_sc_hd__a31o_4.mag.
The discovered version will be used.
Warning:  Parent cell lists instance of "sky130_fd_sc_hd__a21o_4" at bad file path /foss/designs/SKY130_SAR-ADC/openlane/adc_core_digital/runs/leberkaskrapfen/results/signoff/sky130_fd_sc_hd__a21o_4.mag.
The cell exists in the search paths at /foss/pdk/sky130A/libs.ref/sky130_fd_sc_hd/maglef/sky130_fd_sc_hd__a21o_4.mag.
The discovered version will be used.
Warning:  Parent cell lists instance of "sky130_fd_sc_hd__inv_6" at bad file path /foss/designs/SKY130_SAR-ADC/openlane/adc_core_digital/runs/leberkaskrapfen/results/signoff/sky130_fd_sc_hd__inv_6.mag.
The cell exists in the search paths at /foss/pdk/sky130A/libs.ref/sky130_fd_sc_hd/maglef/sky130_fd_sc_hd__inv_6.mag.
The discovered version will be used.
Warning:  Parent cell lists instance of "sky130_fd_sc_hd__a22oi_4" at bad file path /foss/designs/SKY130_SAR-ADC/openlane/adc_core_digital/runs/leberkaskrapfen/results/signoff/sky130_fd_sc_hd__a22oi_4.mag.
The cell exists in the search paths at /foss/pdk/sky130A/libs.ref/sky130_fd_sc_hd/maglef/sky130_fd_sc_hd__a22oi_4.mag.
The discovered version will be used.
Warning:  Parent cell lists instance of "sky130_fd_sc_hd__a31oi_4" at bad file path /foss/designs/SKY130_SAR-ADC/openlane/adc_core_digital/runs/leberkaskrapfen/results/signoff/sky130_fd_sc_hd__a31oi_4.mag.
The cell exists in the search paths at /foss/pdk/sky130A/libs.ref/sky130_fd_sc_hd/maglef/sky130_fd_sc_hd__a31oi_4.mag.
The discovered version will be used.
Warning:  Parent cell lists instance of "sky130_fd_sc_hd__a2bb2o_2" at bad file path /foss/designs/SKY130_SAR-ADC/openlane/adc_core_digital/runs/leberkaskrapfen/results/signoff/sky130_fd_sc_hd__a2bb2o_2.mag.
The cell exists in the search paths at /foss/pdk/sky130A/libs.ref/sky130_fd_sc_hd/maglef/sky130_fd_sc_hd__a2bb2o_2.mag.
The discovered version will be used.
Warning:  Parent cell lists instance of "sky130_fd_sc_hd__a311o_4" at bad file path /foss/designs/SKY130_SAR-ADC/openlane/adc_core_digital/runs/leberkaskrapfen/results/signoff/sky130_fd_sc_hd__a311o_4.mag.
The cell exists in the search paths at /foss/pdk/sky130A/libs.ref/sky130_fd_sc_hd/maglef/sky130_fd_sc_hd__a311o_4.mag.
The discovered version will be used.
Warning:  Parent cell lists instance of "sky130_fd_sc_hd__a41o_2" at bad file path /foss/designs/SKY130_SAR-ADC/openlane/adc_core_digital/runs/leberkaskrapfen/results/signoff/sky130_fd_sc_hd__a41o_2.mag.
The cell exists in the search paths at /foss/pdk/sky130A/libs.ref/sky130_fd_sc_hd/maglef/sky130_fd_sc_hd__a41o_2.mag.
The discovered version will be used.
Warning:  Parent cell lists instance of "sky130_fd_sc_hd__a221o_4" at bad file path /foss/designs/SKY130_SAR-ADC/openlane/adc_core_digital/runs/leberkaskrapfen/results/signoff/sky130_fd_sc_hd__a221o_4.mag.
The cell exists in the search paths at /foss/pdk/sky130A/libs.ref/sky130_fd_sc_hd/maglef/sky130_fd_sc_hd__a221o_4.mag.
The discovered version will be used.
Warning:  Parent cell lists instance of "sky130_fd_sc_hd__a221oi_4" at bad file path /foss/designs/SKY130_SAR-ADC/openlane/adc_core_digital/runs/leberkaskrapfen/results/signoff/sky130_fd_sc_hd__a221oi_4.mag.
The cell exists in the search paths at /foss/pdk/sky130A/libs.ref/sky130_fd_sc_hd/maglef/sky130_fd_sc_hd__a221oi_4.mag.
The discovered version will be used.
Warning:  Parent cell lists instance of "sky130_fd_sc_hd__o211ai_4" at bad file path /foss/designs/SKY130_SAR-ADC/openlane/adc_core_digital/runs/leberkaskrapfen/results/signoff/sky130_fd_sc_hd__o211ai_4.mag.
The cell exists in the search paths at /foss/pdk/sky130A/libs.ref/sky130_fd_sc_hd/maglef/sky130_fd_sc_hd__o211ai_4.mag.
The discovered version will be used.
Warning:  Parent cell lists instance of "sky130_fd_sc_hd__or2b_2" at bad file path /foss/designs/SKY130_SAR-ADC/openlane/adc_core_digital/runs/leberkaskrapfen/results/signoff/sky130_fd_sc_hd__or2b_2.mag.
The cell exists in the search paths at /foss/pdk/sky130A/libs.ref/sky130_fd_sc_hd/maglef/sky130_fd_sc_hd__or2b_2.mag.
The discovered version will be used.
Warning:  Parent cell lists instance of "sky130_fd_sc_hd__a311o_2" at bad file path /foss/designs/SKY130_SAR-ADC/openlane/adc_core_digital/runs/leberkaskrapfen/results/signoff/sky130_fd_sc_hd__a311o_2.mag.
The cell exists in the search paths at /foss/pdk/sky130A/libs.ref/sky130_fd_sc_hd/maglef/sky130_fd_sc_hd__a311o_2.mag.
The discovered version will be used.
Warning:  Parent cell lists instance of "sky130_fd_sc_hd__a211oi_4" at bad file path /foss/designs/SKY130_SAR-ADC/openlane/adc_core_digital/runs/leberkaskrapfen/results/signoff/sky130_fd_sc_hd__a211oi_4.mag.
The cell exists in the search paths at /foss/pdk/sky130A/libs.ref/sky130_fd_sc_hd/maglef/sky130_fd_sc_hd__a211oi_4.mag.
The discovered version will be used.
Warning:  Parent cell lists instance of "sky130_fd_sc_hd__and2b_2" at bad file path /foss/designs/SKY130_SAR-ADC/openlane/adc_core_digital/runs/leberkaskrapfen/results/signoff/sky130_fd_sc_hd__and2b_2.mag.
The cell exists in the search paths at /foss/pdk/sky130A/libs.ref/sky130_fd_sc_hd/maglef/sky130_fd_sc_hd__and2b_2.mag.
The discovered version will be used.
Warning:  Parent cell lists instance of "sky130_fd_sc_hd__o221ai_2" at bad file path /foss/designs/SKY130_SAR-ADC/openlane/adc_core_digital/runs/leberkaskrapfen/results/signoff/sky130_fd_sc_hd__o221ai_2.mag.
The cell exists in the search paths at /foss/pdk/sky130A/libs.ref/sky130_fd_sc_hd/maglef/sky130_fd_sc_hd__o221ai_2.mag.
The discovered version will be used.
Warning:  Parent cell lists instance of "sky130_fd_sc_hd__mux2_8" at bad file path /foss/designs/SKY130_SAR-ADC/openlane/adc_core_digital/runs/leberkaskrapfen/results/signoff/sky130_fd_sc_hd__mux2_8.mag.
The cell exists in the search paths at /foss/pdk/sky130A/libs.ref/sky130_fd_sc_hd/maglef/sky130_fd_sc_hd__mux2_8.mag.
The discovered version will be used.
Warning:  Parent cell lists instance of "sky130_fd_sc_hd__buf_8" at bad file path /foss/designs/SKY130_SAR-ADC/openlane/adc_core_digital/runs/leberkaskrapfen/results/signoff/sky130_fd_sc_hd__buf_8.mag.
The cell exists in the search paths at /foss/pdk/sky130A/libs.ref/sky130_fd_sc_hd/maglef/sky130_fd_sc_hd__buf_8.mag.
The discovered version will be used.
Warning:  Parent cell lists instance of "sky130_fd_sc_hd__nand3_4" at bad file path /foss/designs/SKY130_SAR-ADC/openlane/adc_core_digital/runs/leberkaskrapfen/results/signoff/sky130_fd_sc_hd__nand3_4.mag.
The cell exists in the search paths at /foss/pdk/sky130A/libs.ref/sky130_fd_sc_hd/maglef/sky130_fd_sc_hd__nand3_4.mag.
The discovered version will be used.
Warning:  Parent cell lists instance of "sky130_fd_sc_hd__mux2_2" at bad file path /foss/designs/SKY130_SAR-ADC/openlane/adc_core_digital/runs/leberkaskrapfen/results/signoff/sky130_fd_sc_hd__mux2_2.mag.
The cell exists in the search paths at /foss/pdk/sky130A/libs.ref/sky130_fd_sc_hd/maglef/sky130_fd_sc_hd__mux2_2.mag.
The discovered version will be used.
Warning:  Parent cell lists instance of "sky130_fd_sc_hd__nand4_4" at bad file path /foss/designs/SKY130_SAR-ADC/openlane/adc_core_digital/runs/leberkaskrapfen/results/signoff/sky130_fd_sc_hd__nand4_4.mag.
The cell exists in the search paths at /foss/pdk/sky130A/libs.ref/sky130_fd_sc_hd/maglef/sky130_fd_sc_hd__nand4_4.mag.
The discovered version will be used.
Warning:  Parent cell lists instance of "sky130_fd_sc_hd__o2bb2a_4" at bad file path /foss/designs/SKY130_SAR-ADC/openlane/adc_core_digital/runs/leberkaskrapfen/results/signoff/sky130_fd_sc_hd__o2bb2a_4.mag.
The cell exists in the search paths at /foss/pdk/sky130A/libs.ref/sky130_fd_sc_hd/maglef/sky130_fd_sc_hd__o2bb2a_4.mag.
The discovered version will be used.
Warning:  Parent cell lists instance of "sky130_fd_sc_hd__o41a_2" at bad file path /foss/designs/SKY130_SAR-ADC/openlane/adc_core_digital/runs/leberkaskrapfen/results/signoff/sky130_fd_sc_hd__o41a_2.mag.
The cell exists in the search paths at /foss/pdk/sky130A/libs.ref/sky130_fd_sc_hd/maglef/sky130_fd_sc_hd__o41a_2.mag.
The discovered version will be used.
Warning:  Parent cell lists instance of "sky130_fd_sc_hd__o21ba_2" at bad file path /foss/designs/SKY130_SAR-ADC/openlane/adc_core_digital/runs/leberkaskrapfen/results/signoff/sky130_fd_sc_hd__o21ba_2.mag.
The cell exists in the search paths at /foss/pdk/sky130A/libs.ref/sky130_fd_sc_hd/maglef/sky130_fd_sc_hd__o21ba_2.mag.
The discovered version will be used.
Warning:  Parent cell lists instance of "sky130_fd_sc_hd__and4bb_2" at bad file path /foss/designs/SKY130_SAR-ADC/openlane/adc_core_digital/runs/leberkaskrapfen/results/signoff/sky130_fd_sc_hd__and4bb_2.mag.
The cell exists in the search paths at /foss/pdk/sky130A/libs.ref/sky130_fd_sc_hd/maglef/sky130_fd_sc_hd__and4bb_2.mag.
The discovered version will be used.
Warning:  Parent cell lists instance of "sky130_fd_sc_hd__nor3_2" at bad file path /foss/designs/SKY130_SAR-ADC/openlane/adc_core_digital/runs/leberkaskrapfen/results/signoff/sky130_fd_sc_hd__nor3_2.mag.
The cell exists in the search paths at /foss/pdk/sky130A/libs.ref/sky130_fd_sc_hd/maglef/sky130_fd_sc_hd__nor3_2.mag.
The discovered version will be used.
Warning:  Parent cell lists instance of "sky130_fd_sc_hd__nor4_4" at bad file path /foss/designs/SKY130_SAR-ADC/openlane/adc_core_digital/runs/leberkaskrapfen/results/signoff/sky130_fd_sc_hd__nor4_4.mag.
The cell exists in the search paths at /foss/pdk/sky130A/libs.ref/sky130_fd_sc_hd/maglef/sky130_fd_sc_hd__nor4_4.mag.
The discovered version will be used.
Warning:  Parent cell lists instance of "sky130_fd_sc_hd__o21bai_2" at bad file path /foss/designs/SKY130_SAR-ADC/openlane/adc_core_digital/runs/leberkaskrapfen/results/signoff/sky130_fd_sc_hd__o21bai_2.mag.
The cell exists in the search paths at /foss/pdk/sky130A/libs.ref/sky130_fd_sc_hd/maglef/sky130_fd_sc_hd__o21bai_2.mag.
The discovered version will be used.
Warning:  Parent cell lists instance of "sky130_fd_sc_hd__and4bb_4" at bad file path /foss/designs/SKY130_SAR-ADC/openlane/adc_core_digital/runs/leberkaskrapfen/results/signoff/sky130_fd_sc_hd__and4bb_4.mag.
The cell exists in the search paths at /foss/pdk/sky130A/libs.ref/sky130_fd_sc_hd/maglef/sky130_fd_sc_hd__and4bb_4.mag.
The discovered version will be used.
Warning:  Parent cell lists instance of "sky130_fd_sc_hd__o21bai_4" at bad file path /foss/designs/SKY130_SAR-ADC/openlane/adc_core_digital/runs/leberkaskrapfen/results/signoff/sky130_fd_sc_hd__o21bai_4.mag.
The cell exists in the search paths at /foss/pdk/sky130A/libs.ref/sky130_fd_sc_hd/maglef/sky130_fd_sc_hd__o21bai_4.mag.
The discovered version will be used.
Warning:  Parent cell lists instance of "sky130_fd_sc_hd__or4b_2" at bad file path /foss/designs/SKY130_SAR-ADC/openlane/adc_core_digital/runs/leberkaskrapfen/results/signoff/sky130_fd_sc_hd__or4b_2.mag.
The cell exists in the search paths at /foss/pdk/sky130A/libs.ref/sky130_fd_sc_hd/maglef/sky130_fd_sc_hd__or4b_2.mag.
The discovered version will be used.
Warning:  Parent cell lists instance of "sky130_fd_sc_hd__o22a_4" at bad file path /foss/designs/SKY130_SAR-ADC/openlane/adc_core_digital/runs/leberkaskrapfen/results/signoff/sky130_fd_sc_hd__o22a_4.mag.
The cell exists in the search paths at /foss/pdk/sky130A/libs.ref/sky130_fd_sc_hd/maglef/sky130_fd_sc_hd__o22a_4.mag.
The discovered version will be used.
Warning:  Parent cell lists instance of "sky130_fd_sc_hd__a2111oi_2" at bad file path /foss/designs/SKY130_SAR-ADC/openlane/adc_core_digital/runs/leberkaskrapfen/results/signoff/sky130_fd_sc_hd__a2111oi_2.mag.
The cell exists in the search paths at /foss/pdk/sky130A/libs.ref/sky130_fd_sc_hd/maglef/sky130_fd_sc_hd__a2111oi_2.mag.
The discovered version will be used.
Warning:  Parent cell lists instance of "sky130_fd_sc_hd__nor3b_2" at bad file path /foss/designs/SKY130_SAR-ADC/openlane/adc_core_digital/runs/leberkaskrapfen/results/signoff/sky130_fd_sc_hd__nor3b_2.mag.
The cell exists in the search paths at /foss/pdk/sky130A/libs.ref/sky130_fd_sc_hd/maglef/sky130_fd_sc_hd__nor3b_2.mag.
The discovered version will be used.
Warning:  Parent cell lists instance of "sky130_fd_sc_hd__a31oi_2" at bad file path /foss/designs/SKY130_SAR-ADC/openlane/adc_core_digital/runs/leberkaskrapfen/results/signoff/sky130_fd_sc_hd__a31oi_2.mag.
The cell exists in the search paths at /foss/pdk/sky130A/libs.ref/sky130_fd_sc_hd/maglef/sky130_fd_sc_hd__a31oi_2.mag.
The discovered version will be used.
Warning:  Parent cell lists instance of "sky130_fd_sc_hd__o21a_4" at bad file path /foss/designs/SKY130_SAR-ADC/openlane/adc_core_digital/runs/leberkaskrapfen/results/signoff/sky130_fd_sc_hd__o21a_4.mag.
The cell exists in the search paths at /foss/pdk/sky130A/libs.ref/sky130_fd_sc_hd/maglef/sky130_fd_sc_hd__o21a_4.mag.
The discovered version will be used.
Warning:  Parent cell lists instance of "sky130_fd_sc_hd__nor4b_4" at bad file path /foss/designs/SKY130_SAR-ADC/openlane/adc_core_digital/runs/leberkaskrapfen/results/signoff/sky130_fd_sc_hd__nor4b_4.mag.
The cell exists in the search paths at /foss/pdk/sky130A/libs.ref/sky130_fd_sc_hd/maglef/sky130_fd_sc_hd__nor4b_4.mag.
The discovered version will be used.
Warning:  Parent cell lists instance of "sky130_fd_sc_hd__o32ai_4" at bad file path /foss/designs/SKY130_SAR-ADC/openlane/adc_core_digital/runs/leberkaskrapfen/results/signoff/sky130_fd_sc_hd__o32ai_4.mag.
The cell exists in the search paths at /foss/pdk/sky130A/libs.ref/sky130_fd_sc_hd/maglef/sky130_fd_sc_hd__o32ai_4.mag.
The discovered version will be used.
Warning:  Parent cell lists instance of "sky130_fd_sc_hd__o211a_4" at bad file path /foss/designs/SKY130_SAR-ADC/openlane/adc_core_digital/runs/leberkaskrapfen/results/signoff/sky130_fd_sc_hd__o211a_4.mag.
The cell exists in the search paths at /foss/pdk/sky130A/libs.ref/sky130_fd_sc_hd/maglef/sky130_fd_sc_hd__o211a_4.mag.
The discovered version will be used.
Warning:  Parent cell lists instance of "sky130_fd_sc_hd__or4b_4" at bad file path /foss/designs/SKY130_SAR-ADC/openlane/adc_core_digital/runs/leberkaskrapfen/results/signoff/sky130_fd_sc_hd__or4b_4.mag.
The cell exists in the search paths at /foss/pdk/sky130A/libs.ref/sky130_fd_sc_hd/maglef/sky130_fd_sc_hd__or4b_4.mag.
The discovered version will be used.
Warning:  Parent cell lists instance of "sky130_fd_sc_hd__or4_4" at bad file path /foss/designs/SKY130_SAR-ADC/openlane/adc_core_digital/runs/leberkaskrapfen/results/signoff/sky130_fd_sc_hd__or4_4.mag.
The cell exists in the search paths at /foss/pdk/sky130A/libs.ref/sky130_fd_sc_hd/maglef/sky130_fd_sc_hd__or4_4.mag.
The discovered version will be used.
Warning:  Parent cell lists instance of "sky130_fd_sc_hd__a2111oi_4" at bad file path /foss/designs/SKY130_SAR-ADC/openlane/adc_core_digital/runs/leberkaskrapfen/results/signoff/sky130_fd_sc_hd__a2111oi_4.mag.
The cell exists in the search paths at /foss/pdk/sky130A/libs.ref/sky130_fd_sc_hd/maglef/sky130_fd_sc_hd__a2111oi_4.mag.
The discovered version will be used.
Warning:  Parent cell lists instance of "sky130_fd_sc_hd__inv_4" at bad file path /foss/designs/SKY130_SAR-ADC/openlane/adc_core_digital/runs/leberkaskrapfen/results/signoff/sky130_fd_sc_hd__inv_4.mag.
The cell exists in the search paths at /foss/pdk/sky130A/libs.ref/sky130_fd_sc_hd/maglef/sky130_fd_sc_hd__inv_4.mag.
The discovered version will be used.
Warning:  Parent cell lists instance of "sky130_fd_sc_hd__a21boi_4" at bad file path /foss/designs/SKY130_SAR-ADC/openlane/adc_core_digital/runs/leberkaskrapfen/results/signoff/sky130_fd_sc_hd__a21boi_4.mag.
The cell exists in the search paths at /foss/pdk/sky130A/libs.ref/sky130_fd_sc_hd/maglef/sky130_fd_sc_hd__a21boi_4.mag.
The discovered version will be used.
Warning:  Parent cell lists instance of "sky130_fd_sc_hd__o2111ai_4" at bad file path /foss/designs/SKY130_SAR-ADC/openlane/adc_core_digital/runs/leberkaskrapfen/results/signoff/sky130_fd_sc_hd__o2111ai_4.mag.
The cell exists in the search paths at /foss/pdk/sky130A/libs.ref/sky130_fd_sc_hd/maglef/sky130_fd_sc_hd__o2111ai_4.mag.
The discovered version will be used.
Warning:  Parent cell lists instance of "sky130_fd_sc_hd__or2b_4" at bad file path /foss/designs/SKY130_SAR-ADC/openlane/adc_core_digital/runs/leberkaskrapfen/results/signoff/sky130_fd_sc_hd__or2b_4.mag.
The cell exists in the search paths at /foss/pdk/sky130A/libs.ref/sky130_fd_sc_hd/maglef/sky130_fd_sc_hd__or2b_4.mag.
The discovered version will be used.
Warning:  Parent cell lists instance of "sky130_fd_sc_hd__a22o_4" at bad file path /foss/designs/SKY130_SAR-ADC/openlane/adc_core_digital/runs/leberkaskrapfen/results/signoff/sky130_fd_sc_hd__a22o_4.mag.
The cell exists in the search paths at /foss/pdk/sky130A/libs.ref/sky130_fd_sc_hd/maglef/sky130_fd_sc_hd__a22o_4.mag.
The discovered version will be used.
Warning:  Parent cell lists instance of "sky130_fd_sc_hd__and3_4" at bad file path /foss/designs/SKY130_SAR-ADC/openlane/adc_core_digital/runs/leberkaskrapfen/results/signoff/sky130_fd_sc_hd__and3_4.mag.
The cell exists in the search paths at /foss/pdk/sky130A/libs.ref/sky130_fd_sc_hd/maglef/sky130_fd_sc_hd__and3_4.mag.
The discovered version will be used.
Warning:  Parent cell lists instance of "sky130_fd_sc_hd__nor2_8" at bad file path /foss/designs/SKY130_SAR-ADC/openlane/adc_core_digital/runs/leberkaskrapfen/results/signoff/sky130_fd_sc_hd__nor2_8.mag.
The cell exists in the search paths at /foss/pdk/sky130A/libs.ref/sky130_fd_sc_hd/maglef/sky130_fd_sc_hd__nor2_8.mag.
The discovered version will be used.
Warning:  Parent cell lists instance of "sky130_fd_sc_hd__nor3_4" at bad file path /foss/designs/SKY130_SAR-ADC/openlane/adc_core_digital/runs/leberkaskrapfen/results/signoff/sky130_fd_sc_hd__nor3_4.mag.
The cell exists in the search paths at /foss/pdk/sky130A/libs.ref/sky130_fd_sc_hd/maglef/sky130_fd_sc_hd__nor3_4.mag.
The discovered version will be used.
Warning:  Parent cell lists instance of "sky130_fd_sc_hd__tapvpwrvgnd_1" at bad file path /foss/designs/SKY130_SAR-ADC/openlane/adc_core_digital/runs/leberkaskrapfen/results/signoff/sky130_fd_sc_hd__tapvpwrvgnd_1.mag.
The cell exists in the search paths at /foss/pdk/sky130A/libs.ref/sky130_fd_sc_hd/maglef/sky130_fd_sc_hd__tapvpwrvgnd_1.mag.
The discovered version will be used.
Warning:  Parent cell lists instance of "sky130_fd_sc_hd__decap_3" at bad file path /foss/designs/SKY130_SAR-ADC/openlane/adc_core_digital/runs/leberkaskrapfen/results/signoff/sky130_fd_sc_hd__decap_3.mag.
The cell exists in the search paths at /foss/pdk/sky130A/libs.ref/sky130_fd_sc_hd/maglef/sky130_fd_sc_hd__decap_3.mag.
The discovered version will be used.
Warning:  Parent cell lists instance of "sky130_fd_sc_hd__fill_2" at bad file path /foss/designs/SKY130_SAR-ADC/openlane/adc_core_digital/runs/leberkaskrapfen/results/signoff/sky130_fd_sc_hd__fill_2.mag.
The cell exists in the search paths at /foss/pdk/sky130A/libs.ref/sky130_fd_sc_hd/maglef/sky130_fd_sc_hd__fill_2.mag.
The discovered version will be used.
Warning:  Parent cell lists instance of "sky130_fd_sc_hd__fill_1" at bad file path /foss/designs/SKY130_SAR-ADC/openlane/adc_core_digital/runs/leberkaskrapfen/results/signoff/sky130_fd_sc_hd__fill_1.mag.
The cell exists in the search paths at /foss/pdk/sky130A/libs.ref/sky130_fd_sc_hd/maglef/sky130_fd_sc_hd__fill_1.mag.
The discovered version will be used.
Warning:  Parent cell lists instance of "sky130_fd_sc_hd__decap_4" at bad file path /foss/designs/SKY130_SAR-ADC/openlane/adc_core_digital/runs/leberkaskrapfen/results/signoff/sky130_fd_sc_hd__decap_4.mag.
The cell exists in the search paths at /foss/pdk/sky130A/libs.ref/sky130_fd_sc_hd/maglef/sky130_fd_sc_hd__decap_4.mag.
The discovered version will be used.
Warning:  Parent cell lists instance of "sky130_fd_sc_hd__decap_8" at bad file path /foss/designs/SKY130_SAR-ADC/openlane/adc_core_digital/runs/leberkaskrapfen/results/signoff/sky130_fd_sc_hd__decap_8.mag.
The cell exists in the search paths at /foss/pdk/sky130A/libs.ref/sky130_fd_sc_hd/maglef/sky130_fd_sc_hd__decap_8.mag.
The discovered version will be used.
Warning:  Parent cell lists instance of "sky130_fd_sc_hd__decap_6" at bad file path /foss/designs/SKY130_SAR-ADC/openlane/adc_core_digital/runs/leberkaskrapfen/results/signoff/sky130_fd_sc_hd__decap_6.mag.
The cell exists in the search paths at /foss/pdk/sky130A/libs.ref/sky130_fd_sc_hd/maglef/sky130_fd_sc_hd__decap_6.mag.
The discovered version will be used.
Warning:  Parent cell lists instance of "sky130_ef_sc_hd__decap_12" at bad file path /foss/designs/SKY130_SAR-ADC/openlane/adc_core_digital/runs/leberkaskrapfen/results/signoff/sky130_ef_sc_hd__decap_12.mag.
The cell exists in the search paths at /foss/pdk/sky130A/libs.ref/sky130_fd_sc_hd/maglef/sky130_ef_sc_hd__decap_12.mag.
The discovered version will be used.
Warning:  Parent cell lists instance of "sky130_fd_sc_hd__diode_2" at bad file path /foss/designs/SKY130_SAR-ADC/openlane/adc_core_digital/runs/leberkaskrapfen/results/signoff/sky130_fd_sc_hd__diode_2.mag.
The cell exists in the search paths at /foss/pdk/sky130A/libs.ref/sky130_fd_sc_hd/maglef/sky130_fd_sc_hd__diode_2.mag.
The discovered version will be used.
Diagnostic:  Scale value is 0.005000
[INFO]: LEF Write Complete
