First Layout: /foss/designs/SKY130_SAR-ADC/openlane/adc_core_digital/runs/leberkaskrapfen/results/signoff/adc_core_digital.gds
Second Layout: /foss/designs/SKY130_SAR-ADC/openlane/adc_core_digital/runs/leberkaskrapfen/results/signoff/adc_core_digital.klayout.gds
Design Name: adc_core_digital
Output GDS will be: /foss/designs/SKY130_SAR-ADC/openlane/adc_core_digital/runs/leberkaskrapfen/reports/signoff/adc_core_digital.xor.xml
Reading /foss/designs/SKY130_SAR-ADC/openlane/adc_core_digital/runs/leberkaskrapfen/results/signoff/adc_core_digital.gds ..
Reading /foss/designs/SKY130_SAR-ADC/openlane/adc_core_digital/runs/leberkaskrapfen/results/signoff/adc_core_digital.klayout.gds ..
--- Running XOR for 10/0 ---
"input" in: xor.drc:38
    Polygons (raw): 0 (flat)  0 (hierarchical)
    Elapsed: 0.010s  Memory: 259.00M
"input" in: xor.drc:38
    Polygons (raw): 1023 (flat)  5 (hierarchical)
    Elapsed: 0.000s  Memory: 259.00M
"^" in: xor.drc:38
    Polygons (raw): 1023 (flat)  5 (hierarchical)
    Elapsed: 0.000s  Memory: 259.00M
XOR differences: 1023
"output" in: xor.drc:40
    Polygons (raw): 1023 (flat)  5 (hierarchical)
    Elapsed: 0.010s  Memory: 259.00M
--- Running XOR for 11/0 ---
"input" in: xor.drc:38
    Polygons (raw): 0 (flat)  0 (hierarchical)
    Elapsed: 0.000s  Memory: 259.00M
"input" in: xor.drc:38
    Polygons (raw): 455 (flat)  94 (hierarchical)
    Elapsed: 0.000s  Memory: 259.00M
"^" in: xor.drc:38
    Polygons (raw): 455 (flat)  94 (hierarchical)
    Elapsed: 0.000s  Memory: 259.00M
XOR differences: 455
"output" in: xor.drc:40
    Polygons (raw): 455 (flat)  94 (hierarchical)
    Elapsed: 0.010s  Memory: 259.00M
--- Running XOR for 11/1 ---
"input" in: xor.drc:38
    Polygons (raw): 0 (flat)  0 (hierarchical)
    Elapsed: 0.000s  Memory: 259.00M
"input" in: xor.drc:38
    Polygons (raw): 0 (flat)  0 (hierarchical)
    Elapsed: 0.000s  Memory: 259.00M
"^" in: xor.drc:38
    Polygons (raw): 0 (flat)  0 (hierarchical)
    Elapsed: 0.000s  Memory: 259.00M
XOR differences: 0
"output" in: xor.drc:40
    Polygons (raw): 0 (flat)  0 (hierarchical)
    Elapsed: 0.010s  Memory: 259.00M
--- Running XOR for 11/2 ---
"input" in: xor.drc:38
    Polygons (raw): 0 (flat)  0 (hierarchical)
    Elapsed: 0.000s  Memory: 259.00M
"input" in: xor.drc:38
    Polygons (raw): 8 (flat)  8 (hierarchical)
    Elapsed: 0.000s  Memory: 259.00M
"^" in: xor.drc:38
    Polygons (raw): 8 (flat)  8 (hierarchical)
    Elapsed: 0.000s  Memory: 259.00M
XOR differences: 8
"output" in: xor.drc:40
    Polygons (raw): 8 (flat)  8 (hierarchical)
    Elapsed: 0.000s  Memory: 259.00M
--- Running XOR for 122/16 ---
"input" in: xor.drc:38
    Polygons (raw): 3244 (flat)  118 (hierarchical)
    Elapsed: 0.000s  Memory: 259.00M
"input" in: xor.drc:38
    Polygons (raw): 3244 (flat)  118 (hierarchical)
    Elapsed: 0.000s  Memory: 259.00M
"^" in: xor.drc:38
    Polygons (raw): 0 (flat)  0 (hierarchical)
    Elapsed: 0.030s  Memory: 259.00M
XOR differences: 0
"output" in: xor.drc:40
    Polygons (raw): 0 (flat)  0 (hierarchical)
    Elapsed: 0.000s  Memory: 259.00M
--- Running XOR for 14/0 ---
"input" in: xor.drc:38
    Polygons (raw): 0 (flat)  0 (hierarchical)
    Elapsed: 0.000s  Memory: 259.00M
"input" in: xor.drc:38
    Polygons (raw): 1 (flat)  1 (hierarchical)
    Elapsed: 0.000s  Memory: 259.00M
"^" in: xor.drc:38
    Polygons (raw): 1 (flat)  1 (hierarchical)
    Elapsed: 0.000s  Memory: 259.00M
XOR differences: 1
"output" in: xor.drc:40
    Polygons (raw): 1 (flat)  1 (hierarchical)
    Elapsed: 0.000s  Memory: 259.00M
--- Running XOR for 235/4 ---
"input" in: xor.drc:38
    Polygons (raw): 1 (flat)  1 (hierarchical)
    Elapsed: 0.000s  Memory: 259.00M
"input" in: xor.drc:38
    Polygons (raw): 0 (flat)  0 (hierarchical)
    Elapsed: 0.000s  Memory: 259.00M
"^" in: xor.drc:38
    Polygons (raw): 1 (flat)  1 (hierarchical)
    Elapsed: 0.000s  Memory: 259.00M
XOR differences: 1
"output" in: xor.drc:40
    Polygons (raw): 1 (flat)  1 (hierarchical)
    Elapsed: 0.000s  Memory: 259.00M
--- Running XOR for 236/0 ---
"input" in: xor.drc:38
    Polygons (raw): 1995 (flat)  115 (hierarchical)
    Elapsed: 0.000s  Memory: 259.00M
"input" in: xor.drc:38
    Polygons (raw): 1995 (flat)  115 (hierarchical)
    Elapsed: 0.000s  Memory: 259.00M
"^" in: xor.drc:38
    Polygons (raw): 0 (flat)  0 (hierarchical)
    Elapsed: 0.020s  Memory: 260.00M
XOR differences: 0
"output" in: xor.drc:40
    Polygons (raw): 0 (flat)  0 (hierarchical)
    Elapsed: 0.000s  Memory: 260.00M
--- Running XOR for 3/0 ---
"input" in: xor.drc:38
    Polygons (raw): 0 (flat)  0 (hierarchical)
    Elapsed: 0.000s  Memory: 260.00M
"input" in: xor.drc:38
    Polygons (raw): 4064 (flat)  1 (hierarchical)
    Elapsed: 0.000s  Memory: 260.00M
"^" in: xor.drc:38
    Polygons (raw): 4064 (flat)  1 (hierarchical)
    Elapsed: 0.010s  Memory: 260.00M
XOR differences: 4064
"output" in: xor.drc:40
    Polygons (raw): 4064 (flat)  1 (hierarchical)
    Elapsed: 0.000s  Memory: 260.00M
--- Running XOR for 4/0 ---
"input" in: xor.drc:38
    Polygons (raw): 0 (flat)  0 (hierarchical)
    Elapsed: 0.000s  Memory: 260.00M
"input" in: xor.drc:38
    Polygons (raw): 4064 (flat)  1 (hierarchical)
    Elapsed: 0.000s  Memory: 260.00M
"^" in: xor.drc:38
    Polygons (raw): 4064 (flat)  1 (hierarchical)
    Elapsed: 0.010s  Memory: 260.00M
XOR differences: 4064
"output" in: xor.drc:40
    Polygons (raw): 4064 (flat)  1 (hierarchical)
    Elapsed: 0.000s  Memory: 260.00M
--- Running XOR for 5/0 ---
"input" in: xor.drc:38
    Polygons (raw): 0 (flat)  0 (hierarchical)
    Elapsed: 0.000s  Memory: 260.00M
"input" in: xor.drc:38
    Polygons (raw): 17097 (flat)  7558 (hierarchical)
    Elapsed: 0.000s  Memory: 260.00M
"^" in: xor.drc:38
    Polygons (raw): 17097 (flat)  7558 (hierarchical)
    Elapsed: 0.000s  Memory: 260.00M
XOR differences: 17097
"output" in: xor.drc:40
    Polygons (raw): 17097 (flat)  7558 (hierarchical)
    Elapsed: 0.000s  Memory: 261.00M
--- Running XOR for 6/0 ---
"input" in: xor.drc:38
    Polygons (raw): 0 (flat)  0 (hierarchical)
    Elapsed: 0.010s  Memory: 262.00M
"input" in: xor.drc:38
    Polygons (raw): 6359 (flat)  7 (hierarchical)
    Elapsed: 0.000s  Memory: 262.00M
"^" in: xor.drc:38
    Polygons (raw): 6359 (flat)  7 (hierarchical)
    Elapsed: 0.000s  Memory: 262.00M
XOR differences: 6359
"output" in: xor.drc:40
    Polygons (raw): 6359 (flat)  7 (hierarchical)
    Elapsed: 0.010s  Memory: 262.00M
--- Running XOR for 64/16 ---
"input" in: xor.drc:38
    Polygons (raw): 3244 (flat)  118 (hierarchical)
    Elapsed: 0.000s  Memory: 262.00M
"input" in: xor.drc:38
    Polygons (raw): 3244 (flat)  118 (hierarchical)
    Elapsed: 0.000s  Memory: 262.00M
"^" in: xor.drc:38
    Polygons (raw): 0 (flat)  0 (hierarchical)
    Elapsed: 0.020s  Memory: 263.00M
XOR differences: 0
"output" in: xor.drc:40
    Polygons (raw): 0 (flat)  0 (hierarchical)
    Elapsed: 0.000s  Memory: 263.00M
--- Running XOR for 64/20 ---
"input" in: xor.drc:38
    Polygons (raw): 3549 (flat)  118 (hierarchical)
    Elapsed: 0.010s  Memory: 263.00M
"input" in: xor.drc:38
    Polygons (raw): 3549 (flat)  118 (hierarchical)
    Elapsed: 0.000s  Memory: 263.00M
"^" in: xor.drc:38
    Polygons (raw): 0 (flat)  0 (hierarchical)
    Elapsed: 0.030s  Memory: 263.00M
XOR differences: 0
"output" in: xor.drc:40
    Polygons (raw): 0 (flat)  0 (hierarchical)
    Elapsed: 0.000s  Memory: 263.00M
--- Running XOR for 64/5 ---
"input" in: xor.drc:38
    Polygons (raw): 0 (flat)  0 (hierarchical)
    Elapsed: 0.000s  Memory: 263.00M
"input" in: xor.drc:38
    Polygons (raw): 0 (flat)  0 (hierarchical)
    Elapsed: 0.000s  Memory: 263.00M
"^" in: xor.drc:38
    Polygons (raw): 0 (flat)  0 (hierarchical)
    Elapsed: 0.010s  Memory: 263.00M
XOR differences: 0
"output" in: xor.drc:40
    Polygons (raw): 0 (flat)  0 (hierarchical)
    Elapsed: 0.000s  Memory: 263.00M
--- Running XOR for 64/59 ---
"input" in: xor.drc:38
    Polygons (raw): 0 (flat)  0 (hierarchical)
    Elapsed: 0.000s  Memory: 263.00M
"input" in: xor.drc:38
    Polygons (raw): 0 (flat)  0 (hierarchical)
    Elapsed: 0.010s  Memory: 263.00M
"^" in: xor.drc:38
    Polygons (raw): 0 (flat)  0 (hierarchical)
    Elapsed: 0.010s  Memory: 263.00M
XOR differences: 0
"output" in: xor.drc:40
    Polygons (raw): 0 (flat)  0 (hierarchical)
    Elapsed: 0.000s  Memory: 263.00M
--- Running XOR for 65/20 ---
"input" in: xor.drc:38
    Polygons (raw): 5151 (flat)  344 (hierarchical)
    Elapsed: 0.000s  Memory: 263.00M
"input" in: xor.drc:38
    Polygons (raw): 5151 (flat)  344 (hierarchical)
    Elapsed: 0.000s  Memory: 263.00M
"^" in: xor.drc:38
    Polygons (raw): 0 (flat)  0 (hierarchical)
    Elapsed: 0.030s  Memory: 264.00M
XOR differences: 0
"output" in: xor.drc:40
    Polygons (raw): 0 (flat)  0 (hierarchical)
    Elapsed: 0.000s  Memory: 264.00M
--- Running XOR for 65/44 ---
"input" in: xor.drc:38
    Polygons (raw): 616 (flat)  2 (hierarchical)
    Elapsed: 0.000s  Memory: 264.00M
"input" in: xor.drc:38
    Polygons (raw): 616 (flat)  2 (hierarchical)
    Elapsed: 0.000s  Memory: 264.00M
"^" in: xor.drc:38
    Polygons (raw): 0 (flat)  0 (hierarchical)
    Elapsed: 0.000s  Memory: 264.00M
XOR differences: 0
"output" in: xor.drc:40
    Polygons (raw): 0 (flat)  0 (hierarchical)
    Elapsed: 0.000s  Memory: 264.00M
--- Running XOR for 66/15 ---
"input" in: xor.drc:38
    Polygons (raw): 12 (flat)  2 (hierarchical)
    Elapsed: 0.010s  Memory: 264.00M
"input" in: xor.drc:38
    Polygons (raw): 12 (flat)  2 (hierarchical)
    Elapsed: 0.000s  Memory: 264.00M
"^" in: xor.drc:38
    Polygons (raw): 0 (flat)  0 (hierarchical)
    Elapsed: 0.000s  Memory: 264.00M
XOR differences: 0
"output" in: xor.drc:40
    Polygons (raw): 0 (flat)  0 (hierarchical)
    Elapsed: 0.000s  Memory: 264.00M
--- Running XOR for 66/20 ---
"input" in: xor.drc:38
    Polygons (raw): 7570 (flat)  583 (hierarchical)
    Elapsed: 0.010s  Memory: 264.00M
"input" in: xor.drc:38
    Polygons (raw): 7570 (flat)  583 (hierarchical)
    Elapsed: 0.000s  Memory: 264.00M
"^" in: xor.drc:38
    Polygons (raw): 0 (flat)  0 (hierarchical)
    Elapsed: 0.070s  Memory: 264.00M
XOR differences: 0
"output" in: xor.drc:40
    Polygons (raw): 0 (flat)  0 (hierarchical)
    Elapsed: 0.010s  Memory: 264.00M
--- Running XOR for 66/44 ---
"input" in: xor.drc:38
    Polygons (raw): 43605 (flat)  4520 (hierarchical)
    Elapsed: 0.000s  Memory: 264.00M
"input" in: xor.drc:38
    Polygons (raw): 43605 (flat)  4520 (hierarchical)
    Elapsed: 0.000s  Memory: 264.00M
"^" in: xor.drc:38
    Polygons (raw): 0 (flat)  0 (hierarchical)
    Elapsed: 0.150s  Memory: 264.00M
XOR differences: 0
"output" in: xor.drc:40
    Polygons (raw): 0 (flat)  0 (hierarchical)
    Elapsed: 0.000s  Memory: 264.00M
--- Running XOR for 67/16 ---
"input" in: xor.drc:38
    Polygons (raw): 8490 (flat)  920 (hierarchical)
    Elapsed: 0.010s  Memory: 264.00M
"input" in: xor.drc:38
    Polygons (raw): 8490 (flat)  920 (hierarchical)
    Elapsed: 0.000s  Memory: 264.00M
"^" in: xor.drc:38
    Polygons (raw): 0 (flat)  0 (hierarchical)
    Elapsed: 0.030s  Memory: 265.00M
XOR differences: 0
"output" in: xor.drc:40
    Polygons (raw): 0 (flat)  0 (hierarchical)
    Elapsed: 0.000s  Memory: 265.00M
--- Running XOR for 67/20 ---
"input" in: xor.drc:38
    Polygons (raw): 21644 (flat)  5116 (hierarchical)
    Elapsed: 0.000s  Memory: 265.00M
"input" in: xor.drc:38
    Polygons (raw): 17580 (flat)  1052 (hierarchical)
    Elapsed: 0.000s  Memory: 265.00M
"^" in: xor.drc:38
    Polygons (raw): 413 (flat)  413 (hierarchical)
    Elapsed: 0.170s  Memory: 279.00M
XOR differences: 413
"output" in: xor.drc:40
    Polygons (raw): 413 (flat)  413 (hierarchical)
    Elapsed: 0.000s  Memory: 279.00M
--- Running XOR for 67/44 ---
"input" in: xor.drc:38
    Polygons (raw): 39968 (flat)  6654 (hierarchical)
    Elapsed: 0.010s  Memory: 279.00M
"input" in: xor.drc:38
    Polygons (raw): 35904 (flat)  2590 (hierarchical)
    Elapsed: 0.000s  Memory: 279.00M
"^" in: xor.drc:38
    Polygons (raw): 4064 (flat)  4064 (hierarchical)
    Elapsed: 0.120s  Memory: 279.00M
XOR differences: 4064
"output" in: xor.drc:40
    Polygons (raw): 4064 (flat)  4064 (hierarchical)
    Elapsed: 0.000s  Memory: 279.00M
--- Running XOR for 67/5 ---
"input" in: xor.drc:38
    Polygons (raw): 0 (flat)  0 (hierarchical)
    Elapsed: 0.000s  Memory: 279.00M
"input" in: xor.drc:38
    Polygons (raw): 0 (flat)  0 (hierarchical)
    Elapsed: 0.010s  Memory: 279.00M
"^" in: xor.drc:38
    Polygons (raw): 0 (flat)  0 (hierarchical)
    Elapsed: 0.000s  Memory: 279.00M
XOR differences: 0
"output" in: xor.drc:40
    Polygons (raw): 0 (flat)  0 (hierarchical)
    Elapsed: 0.000s  Memory: 279.00M
--- Running XOR for 68/16 ---
"input" in: xor.drc:38
    Polygons (raw): 7153 (flat)  241 (hierarchical)
    Elapsed: 0.010s  Memory: 279.00M
"input" in: xor.drc:38
    Polygons (raw): 7153 (flat)  241 (hierarchical)
    Elapsed: 0.000s  Memory: 279.00M
"^" in: xor.drc:38
    Polygons (raw): 0 (flat)  0 (hierarchical)
    Elapsed: 0.030s  Memory: 279.00M
XOR differences: 0
"output" in: xor.drc:40
    Polygons (raw): 0 (flat)  0 (hierarchical)
    Elapsed: 0.010s  Memory: 279.00M
--- Running XOR for 68/20 ---
"input" in: xor.drc:38
    Polygons (raw): 30581 (flat)  22557 (hierarchical)
    Elapsed: 0.000s  Memory: 279.00M
"input" in: xor.drc:38
    Polygons (raw): 8302 (flat)  278 (hierarchical)
    Elapsed: 0.000s  Memory: 279.00M
"^" in: xor.drc:38
    Polygons (raw): 4340 (flat)  4340 (hierarchical)
    Elapsed: 0.090s  Memory: 279.00M
XOR differences: 4340
"output" in: xor.drc:40
    Polygons (raw): 4340 (flat)  4340 (hierarchical)
    Elapsed: 0.000s  Memory: 279.00M
--- Running XOR for 68/44 ---
"input" in: xor.drc:38
    Polygons (raw): 6359 (flat)  6359 (hierarchical)
    Elapsed: 0.000s  Memory: 279.00M
"input" in: xor.drc:38
    Polygons (raw): 0 (flat)  0 (hierarchical)
    Elapsed: 0.010s  Memory: 279.00M
"^" in: xor.drc:38
    Polygons (raw): 6359 (flat)  6359 (hierarchical)
    Elapsed: 0.000s  Memory: 279.00M
XOR differences: 6359
"output" in: xor.drc:40
    Polygons (raw): 6359 (flat)  6359 (hierarchical)
    Elapsed: 0.000s  Memory: 279.00M
--- Running XOR for 68/5 ---
"input" in: xor.drc:38
    Polygons (raw): 0 (flat)  0 (hierarchical)
    Elapsed: 0.010s  Memory: 279.00M
"input" in: xor.drc:38
    Polygons (raw): 0 (flat)  0 (hierarchical)
    Elapsed: 0.000s  Memory: 279.00M
"^" in: xor.drc:38
    Polygons (raw): 0 (flat)  0 (hierarchical)
    Elapsed: 0.010s  Memory: 279.00M
XOR differences: 0
"output" in: xor.drc:40
    Polygons (raw): 0 (flat)  0 (hierarchical)
    Elapsed: 0.000s  Memory: 279.00M
--- Running XOR for 69/16 ---
"input" in: xor.drc:38
    Polygons (raw): 97 (flat)  97 (hierarchical)
    Elapsed: 0.000s  Memory: 279.00M
"input" in: xor.drc:38
    Polygons (raw): 0 (flat)  0 (hierarchical)
    Elapsed: 0.000s  Memory: 279.00M
"^" in: xor.drc:38
    Polygons (raw): 97 (flat)  97 (hierarchical)
    Elapsed: 0.010s  Memory: 279.00M
XOR differences: 97
"output" in: xor.drc:40
    Polygons (raw): 97 (flat)  97 (hierarchical)
    Elapsed: 0.000s  Memory: 279.00M
--- Running XOR for 69/20 ---
"input" in: xor.drc:38
    Polygons (raw): 11102 (flat)  11102 (hierarchical)
    Elapsed: 0.000s  Memory: 279.00M
"input" in: xor.drc:38
    Polygons (raw): 0 (flat)  0 (hierarchical)
    Elapsed: 0.000s  Memory: 279.00M
"^" in: xor.drc:38
    Polygons (raw): 11102 (flat)  11102 (hierarchical)
    Elapsed: 0.010s  Memory: 279.00M
XOR differences: 11102
"output" in: xor.drc:40
    Polygons (raw): 11102 (flat)  11102 (hierarchical)
    Elapsed: 0.000s  Memory: 279.00M
--- Running XOR for 69/44 ---
"input" in: xor.drc:38
    Polygons (raw): 1807 (flat)  1807 (hierarchical)
    Elapsed: 0.010s  Memory: 279.00M
"input" in: xor.drc:38
    Polygons (raw): 0 (flat)  0 (hierarchical)
    Elapsed: 0.000s  Memory: 279.00M
"^" in: xor.drc:38
    Polygons (raw): 1807 (flat)  1807 (hierarchical)
    Elapsed: 0.000s  Memory: 279.00M
XOR differences: 1807
"output" in: xor.drc:40
    Polygons (raw): 1807 (flat)  1807 (hierarchical)
    Elapsed: 0.000s  Memory: 279.00M
--- Running XOR for 7/0 ---
"input" in: xor.drc:38
    Polygons (raw): 0 (flat)  0 (hierarchical)
    Elapsed: 0.010s  Memory: 279.00M
"input" in: xor.drc:38
    Polygons (raw): 11435 (flat)  4814 (hierarchical)
    Elapsed: 0.000s  Memory: 279.00M
"^" in: xor.drc:38
    Polygons (raw): 11435 (flat)  4814 (hierarchical)
    Elapsed: 0.000s  Memory: 279.00M
XOR differences: 11435
"output" in: xor.drc:40
    Polygons (raw): 11435 (flat)  4814 (hierarchical)
    Elapsed: 0.010s  Memory: 279.00M
--- Running XOR for 7/1 ---
"input" in: xor.drc:38
    Polygons (raw): 0 (flat)  0 (hierarchical)
    Elapsed: 0.000s  Memory: 279.00M
"input" in: xor.drc:38
    Polygons (raw): 0 (flat)  0 (hierarchical)
    Elapsed: 0.000s  Memory: 279.00M
"^" in: xor.drc:38
    Polygons (raw): 0 (flat)  0 (hierarchical)
    Elapsed: 0.000s  Memory: 279.00M
XOR differences: 0
"output" in: xor.drc:40
    Polygons (raw): 0 (flat)  0 (hierarchical)
    Elapsed: 0.010s  Memory: 279.00M
--- Running XOR for 7/2 ---
"input" in: xor.drc:38
    Polygons (raw): 0 (flat)  0 (hierarchical)
    Elapsed: 0.000s  Memory: 279.00M
"input" in: xor.drc:38
    Polygons (raw): 97 (flat)  97 (hierarchical)
    Elapsed: 0.000s  Memory: 279.00M
"^" in: xor.drc:38
    Polygons (raw): 97 (flat)  97 (hierarchical)
    Elapsed: 0.000s  Memory: 279.00M
XOR differences: 97
"output" in: xor.drc:40
    Polygons (raw): 97 (flat)  97 (hierarchical)
    Elapsed: 0.010s  Memory: 279.00M
--- Running XOR for 70/16 ---
"input" in: xor.drc:38
    Polygons (raw): 96 (flat)  96 (hierarchical)
    Elapsed: 0.000s  Memory: 279.00M
"input" in: xor.drc:38
    Polygons (raw): 0 (flat)  0 (hierarchical)
    Elapsed: 0.000s  Memory: 279.00M
"^" in: xor.drc:38
    Polygons (raw): 96 (flat)  96 (hierarchical)
    Elapsed: 0.000s  Memory: 279.00M
XOR differences: 96
"output" in: xor.drc:40
    Polygons (raw): 96 (flat)  96 (hierarchical)
    Elapsed: 0.000s  Memory: 279.00M
--- Running XOR for 70/20 ---
"input" in: xor.drc:38
    Polygons (raw): 3201 (flat)  3201 (hierarchical)
    Elapsed: 0.000s  Memory: 279.00M
"input" in: xor.drc:38
    Polygons (raw): 0 (flat)  0 (hierarchical)
    Elapsed: 0.000s  Memory: 279.00M
"^" in: xor.drc:38
    Polygons (raw): 3201 (flat)  3201 (hierarchical)
    Elapsed: 0.000s  Memory: 279.00M
XOR differences: 3201
"output" in: xor.drc:40
    Polygons (raw): 3201 (flat)  3201 (hierarchical)
    Elapsed: 0.010s  Memory: 281.00M
--- Running XOR for 70/44 ---
"input" in: xor.drc:38
    Polygons (raw): 1023 (flat)  1023 (hierarchical)
    Elapsed: 0.000s  Memory: 281.00M
"input" in: xor.drc:38
    Polygons (raw): 0 (flat)  0 (hierarchical)
    Elapsed: 0.000s  Memory: 281.00M
"^" in: xor.drc:38
    Polygons (raw): 1023 (flat)  1023 (hierarchical)
    Elapsed: 0.010s  Memory: 281.00M
XOR differences: 1023
"output" in: xor.drc:40
    Polygons (raw): 1023 (flat)  1023 (hierarchical)
    Elapsed: 0.000s  Memory: 281.00M
--- Running XOR for 71/16 ---
"input" in: xor.drc:38
    Polygons (raw): 8 (flat)  8 (hierarchical)
    Elapsed: 0.000s  Memory: 281.00M
"input" in: xor.drc:38
    Polygons (raw): 0 (flat)  0 (hierarchical)
    Elapsed: 0.000s  Memory: 281.00M
"^" in: xor.drc:38
    Polygons (raw): 8 (flat)  8 (hierarchical)
    Elapsed: 0.000s  Memory: 281.00M
XOR differences: 8
"output" in: xor.drc:40
    Polygons (raw): 8 (flat)  8 (hierarchical)
    Elapsed: 0.000s  Memory: 281.00M
--- Running XOR for 71/20 ---
"input" in: xor.drc:38
    Polygons (raw): 235 (flat)  235 (hierarchical)
    Elapsed: 0.000s  Memory: 281.00M
"input" in: xor.drc:38
    Polygons (raw): 0 (flat)  0 (hierarchical)
    Elapsed: 0.000s  Memory: 281.00M
"^" in: xor.drc:38
    Polygons (raw): 235 (flat)  235 (hierarchical)
    Elapsed: 0.000s  Memory: 281.00M
XOR differences: 235
"output" in: xor.drc:40
    Polygons (raw): 235 (flat)  235 (hierarchical)
    Elapsed: 0.010s  Memory: 281.00M
--- Running XOR for 78/44 ---
"input" in: xor.drc:38
    Polygons (raw): 3692 (flat)  122 (hierarchical)
    Elapsed: 0.000s  Memory: 281.00M
"input" in: xor.drc:38
    Polygons (raw): 3692 (flat)  122 (hierarchical)
    Elapsed: 0.000s  Memory: 281.00M
"^" in: xor.drc:38
    Polygons (raw): 0 (flat)  0 (hierarchical)
    Elapsed: 0.020s  Memory: 283.00M
XOR differences: 0
"output" in: xor.drc:40
    Polygons (raw): 0 (flat)  0 (hierarchical)
    Elapsed: 0.010s  Memory: 283.00M
--- Running XOR for 8/0 ---
"input" in: xor.drc:38
    Polygons (raw): 0 (flat)  0 (hierarchical)
    Elapsed: 0.000s  Memory: 283.00M
"input" in: xor.drc:38
    Polygons (raw): 1807 (flat)  5 (hierarchical)
    Elapsed: 0.000s  Memory: 283.00M
"^" in: xor.drc:38
    Polygons (raw): 1807 (flat)  5 (hierarchical)
    Elapsed: 0.000s  Memory: 283.00M
XOR differences: 1807
"output" in: xor.drc:40
    Polygons (raw): 1807 (flat)  5 (hierarchical)
    Elapsed: 0.010s  Memory: 283.00M
--- Running XOR for 81/23 ---
"input" in: xor.drc:38
    Polygons (raw): 4 (flat)  1 (hierarchical)
    Elapsed: 0.000s  Memory: 283.00M
"input" in: xor.drc:38
    Polygons (raw): 4 (flat)  1 (hierarchical)
    Elapsed: 0.000s  Memory: 283.00M
"^" in: xor.drc:38
    Polygons (raw): 0 (flat)  0 (hierarchical)
    Elapsed: 0.010s  Memory: 283.00M
XOR differences: 0
"output" in: xor.drc:40
    Polygons (raw): 0 (flat)  0 (hierarchical)
    Elapsed: 0.000s  Memory: 283.00M
--- Running XOR for 81/4 ---
"input" in: xor.drc:38
    Polygons (raw): 3549 (flat)  118 (hierarchical)
    Elapsed: 0.000s  Memory: 283.00M
"input" in: xor.drc:38
    Polygons (raw): 3549 (flat)  118 (hierarchical)
    Elapsed: 0.000s  Memory: 283.00M
"^" in: xor.drc:38
    Polygons (raw): 0 (flat)  0 (hierarchical)
    Elapsed: 0.020s  Memory: 284.00M
XOR differences: 0
"output" in: xor.drc:40
    Polygons (raw): 0 (flat)  0 (hierarchical)
    Elapsed: 0.010s  Memory: 284.00M
--- Running XOR for 83/44 ---
"input" in: xor.drc:38
    Polygons (raw): 0 (flat)  0 (hierarchical)
    Elapsed: 0.000s  Memory: 284.00M
"input" in: xor.drc:38
    Polygons (raw): 0 (flat)  0 (hierarchical)
    Elapsed: 0.000s  Memory: 284.00M
"^" in: xor.drc:38
    Polygons (raw): 0 (flat)  0 (hierarchical)
    Elapsed: 0.010s  Memory: 284.00M
XOR differences: 0
"output" in: xor.drc:40
    Polygons (raw): 0 (flat)  0 (hierarchical)
    Elapsed: 0.000s  Memory: 284.00M
--- Running XOR for 9/0 ---
"input" in: xor.drc:38
    Polygons (raw): 0 (flat)  0 (hierarchical)
    Elapsed: 0.000s  Memory: 284.00M
"input" in: xor.drc:38
    Polygons (raw): 2507 (flat)  1001 (hierarchical)
    Elapsed: 0.010s  Memory: 284.00M
"^" in: xor.drc:38
    Polygons (raw): 2507 (flat)  1001 (hierarchical)
    Elapsed: 0.000s  Memory: 284.00M
XOR differences: 2507
"output" in: xor.drc:40
    Polygons (raw): 2507 (flat)  1001 (hierarchical)
    Elapsed: 0.000s  Memory: 284.00M
--- Running XOR for 9/1 ---
"input" in: xor.drc:38
    Polygons (raw): 0 (flat)  0 (hierarchical)
    Elapsed: 0.010s  Memory: 284.00M
"input" in: xor.drc:38
    Polygons (raw): 0 (flat)  0 (hierarchical)
    Elapsed: 0.000s  Memory: 284.00M
"^" in: xor.drc:38
    Polygons (raw): 0 (flat)  0 (hierarchical)
    Elapsed: 0.000s  Memory: 284.00M
XOR differences: 0
"output" in: xor.drc:40
    Polygons (raw): 0 (flat)  0 (hierarchical)
    Elapsed: 0.000s  Memory: 284.00M
--- Running XOR for 9/2 ---
"input" in: xor.drc:38
    Polygons (raw): 0 (flat)  0 (hierarchical)
    Elapsed: 0.010s  Memory: 284.00M
"input" in: xor.drc:38
    Polygons (raw): 96 (flat)  96 (hierarchical)
    Elapsed: 0.000s  Memory: 284.00M
"^" in: xor.drc:38
    Polygons (raw): 96 (flat)  96 (hierarchical)
    Elapsed: 0.000s  Memory: 284.00M
XOR differences: 96
"output" in: xor.drc:40
    Polygons (raw): 96 (flat)  96 (hierarchical)
    Elapsed: 0.010s  Memory: 284.00M
--- Running XOR for 93/44 ---
"input" in: xor.drc:38
    Polygons (raw): 3857 (flat)  119 (hierarchical)
    Elapsed: 0.000s  Memory: 284.00M
"input" in: xor.drc:38
    Polygons (raw): 3857 (flat)  119 (hierarchical)
    Elapsed: 0.000s  Memory: 284.00M
"^" in: xor.drc:38
    Polygons (raw): 0 (flat)  0 (hierarchical)
    Elapsed: 0.030s  Memory: 285.00M
XOR differences: 0
"output" in: xor.drc:40
    Polygons (raw): 0 (flat)  0 (hierarchical)
    Elapsed: 0.000s  Memory: 285.00M
--- Running XOR for 94/20 ---
"input" in: xor.drc:38
    Polygons (raw): 3857 (flat)  119 (hierarchical)
    Elapsed: 0.000s  Memory: 285.00M
"input" in: xor.drc:38
    Polygons (raw): 3857 (flat)  119 (hierarchical)
    Elapsed: 0.000s  Memory: 285.00M
"^" in: xor.drc:38
    Polygons (raw): 0 (flat)  0 (hierarchical)
    Elapsed: 0.030s  Memory: 285.00M
XOR differences: 0
"output" in: xor.drc:40
    Polygons (raw): 0 (flat)  0 (hierarchical)
    Elapsed: 0.010s  Memory: 285.00M
--- Running XOR for 95/20 ---
"input" in: xor.drc:38
    Polygons (raw): 2177 (flat)  124 (hierarchical)
    Elapsed: 0.000s  Memory: 285.00M
"input" in: xor.drc:38
    Polygons (raw): 2177 (flat)  124 (hierarchical)
    Elapsed: 0.000s  Memory: 285.00M
"^" in: xor.drc:38
    Polygons (raw): 0 (flat)  0 (hierarchical)
    Elapsed: 0.020s  Memory: 285.00M
XOR differences: 0
"output" in: xor.drc:40
    Polygons (raw): 0 (flat)  0 (hierarchical)
    Elapsed: 0.000s  Memory: 285.00M
Writing report database: /foss/designs/SKY130_SAR-ADC/openlane/adc_core_digital/runs/leberkaskrapfen/reports/signoff/adc_core_digital.xor.xml ..
Total elapsed: 1.750s  Memory: 285.00M
