Netgen 1.5.219 compiled on Sun Jul 10 14:21:24 UTC 2022
Warning: netgen command 'format' use fully-qualified name '::netgen::format'
Warning: netgen command 'global' use fully-qualified name '::netgen::global'
Generating JSON file result
Reading netlist file /foss/designs/SKY130_SAR-ADC/openlane/adc_clkgen_with_edgedetect/runs/foobar/results/signoff/adc_clkgen_with_edgedetect.spice
Reading netlist file /foss/designs/SKY130_SAR-ADC/openlane/adc_clkgen_with_edgedetect/runs/foobar/tmp/signoff/20-powered_netlist.v
Warning:  A case-insensitive file has been read and so the	verilog file must be treated case-insensitive to match.
Creating placeholder cell definition for module sky130_fd_sc_hd__decap_3.
Creating placeholder cell definition for module sky130_ef_sc_hd__decap_12.
Creating placeholder cell definition for module sky130_fd_sc_hd__decap_8.
Creating placeholder cell definition for module sky130_fd_sc_hd__fill_1.
Creating placeholder cell definition for module sky130_fd_sc_hd__decap_4.
Creating placeholder cell definition for module sky130_fd_sc_hd__decap_6.
Creating placeholder cell definition for module sky130_fd_sc_hd__fill_2.
Creating placeholder cell definition for module sky130_fd_sc_hd__tapvpwrvgnd_1.
Creating placeholder cell definition for module sky130_fd_sc_hd__inv_2.
Creating placeholder cell definition for module sky130_fd_sc_hd__and2b_2.
Creating placeholder cell definition for module sky130_fd_sc_hd__o21ba_2.
Creating placeholder cell definition for module sky130_mm_sc_hd_dly5ns.
Reading setup file /foss/pdk/sky130A/libs.tech/netgen/sky130A_setup.tcl
Comparison output logged to file /foss/designs/SKY130_SAR-ADC/openlane/adc_clkgen_with_edgedetect/runs/foobar/logs/signoff/23-adc_clkgen_with_edgedetect.lef.log
Logging to file "/foss/designs/SKY130_SAR-ADC/openlane/adc_clkgen_with_edgedetect/runs/foobar/logs/signoff/23-adc_clkgen_with_edgedetect.lef.log" enabled
Circuit sky130_fd_sc_hd__tapvpwrvgnd_1 contains no devices.
Circuit sky130_fd_sc_hd__decap_8 contains no devices.
Circuit sky130_ef_sc_hd__decap_12 contains no devices.
Circuit sky130_mm_sc_hd_dly5ns contains no devices.
Circuit sky130_fd_sc_hd__fill_1 contains no devices.
Circuit sky130_fd_sc_hd__decap_4 contains no devices.
Circuit sky130_fd_sc_hd__decap_3 contains no devices.
Circuit sky130_fd_sc_hd__decap_6 contains no devices.
Circuit sky130_fd_sc_hd__fill_2 contains no devices.
Circuit sky130_fd_sc_hd__o21ba_2 contains no devices.
Circuit sky130_fd_sc_hd__and2b_2 contains no devices.
Circuit sky130_fd_sc_hd__inv_2 contains no devices.

Contents of circuit 1:  Circuit: 'adc_clkgen_with_edgedetect'
Circuit adc_clkgen_with_edgedetect contains 1059 device instances.
  Class: sky130_ef_sc_hd__decap_12 instances: 181
  Class: sky130_fd_sc_hd__inv_2 instances:   1
  Class: sky130_fd_sc_hd__o21ba_2 instances:   1
  Class: sky130_fd_sc_hd__and2b_2 instances:   1
  Class: sky130_fd_sc_hd__decap_3 instances: 150
  Class: sky130_fd_sc_hd__decap_4 instances: 136
  Class: sky130_fd_sc_hd__decap_6 instances:  43
  Class: sky130_fd_sc_hd__decap_8 instances:  95
  Class: sky130_mm_sc_hd_dly5ns instances: 200
  Class: sky130_fd_sc_hd__tapvpwrvgnd_1 instances: 147
  Class: sky130_fd_sc_hd__fill_1 instances:  97
  Class: sky130_fd_sc_hd__fill_2 instances:   7
Circuit contains 208 nets.
Contents of circuit 2:  Circuit: 'adc_clkgen_with_edgedetect'
Circuit adc_clkgen_with_edgedetect contains 1059 device instances.
  Class: sky130_ef_sc_hd__decap_12 instances: 181
  Class: sky130_fd_sc_hd__inv_2 instances:   1
  Class: sky130_fd_sc_hd__o21ba_2 instances:   1
  Class: sky130_fd_sc_hd__and2b_2 instances:   1
  Class: sky130_fd_sc_hd__decap_3 instances: 150
  Class: sky130_fd_sc_hd__decap_4 instances: 136
  Class: sky130_fd_sc_hd__decap_6 instances:  43
  Class: sky130_fd_sc_hd__decap_8 instances:  95
  Class: sky130_mm_sc_hd_dly5ns instances: 200
  Class: sky130_fd_sc_hd__tapvpwrvgnd_1 instances: 147
  Class: sky130_fd_sc_hd__fill_1 instances:  97
  Class: sky130_fd_sc_hd__fill_2 instances:   7
Circuit contains 208 nets.

Circuit was modified by parallel/series device merging.
New circuit summary:

Contents of circuit 1:  Circuit: 'adc_clkgen_with_edgedetect'
Circuit adc_clkgen_with_edgedetect contains 211 device instances.
  Class: sky130_ef_sc_hd__decap_12 instances:   1
  Class: sky130_fd_sc_hd__inv_2 instances:   1
  Class: sky130_fd_sc_hd__o21ba_2 instances:   1
  Class: sky130_fd_sc_hd__and2b_2 instances:   1
  Class: sky130_fd_sc_hd__decap_3 instances:   1
  Class: sky130_fd_sc_hd__decap_4 instances:   1
  Class: sky130_fd_sc_hd__decap_6 instances:   1
  Class: sky130_fd_sc_hd__decap_8 instances:   1
  Class: sky130_mm_sc_hd_dly5ns instances: 200
  Class: sky130_fd_sc_hd__tapvpwrvgnd_1 instances:   1
  Class: sky130_fd_sc_hd__fill_1 instances:   1
  Class: sky130_fd_sc_hd__fill_2 instances:   1
Circuit contains 208 nets.
Contents of circuit 2:  Circuit: 'adc_clkgen_with_edgedetect'
Circuit adc_clkgen_with_edgedetect contains 211 device instances.
  Class: sky130_ef_sc_hd__decap_12 instances:   1
  Class: sky130_fd_sc_hd__inv_2 instances:   1
  Class: sky130_fd_sc_hd__o21ba_2 instances:   1
  Class: sky130_fd_sc_hd__and2b_2 instances:   1
  Class: sky130_fd_sc_hd__decap_3 instances:   1
  Class: sky130_fd_sc_hd__decap_4 instances:   1
  Class: sky130_fd_sc_hd__decap_6 instances:   1
  Class: sky130_fd_sc_hd__decap_8 instances:   1
  Class: sky130_mm_sc_hd_dly5ns instances: 200
  Class: sky130_fd_sc_hd__tapvpwrvgnd_1 instances:   1
  Class: sky130_fd_sc_hd__fill_1 instances:   1
  Class: sky130_fd_sc_hd__fill_2 instances:   1
Circuit contains 208 nets.

Circuit 1 contains 211 devices, Circuit 2 contains 211 devices.
Circuit 1 contains 208 nets,    Circuit 2 contains 208 nets.

Netlists match uniquely.
Result: Circuits match uniquely.
Logging to file "/foss/designs/SKY130_SAR-ADC/openlane/adc_clkgen_with_edgedetect/runs/foobar/logs/signoff/23-adc_clkgen_with_edgedetect.lef.log" disabled
LVS Done.
