[INFO]: Preparing LEF files for the nom corner...
[INFO]: Preparing LEF files for the min corner...
[INFO]: Preparing LEF files for the max corner...
[INFO]: Running Synthesis (log: adc_core_digital/runs/vtoverilog/logs/synthesis/1-synthesis.log)...
[INFO]: Running Single-Corner Static Timing Analysis (log: adc_core_digital/runs/vtoverilog/logs/synthesis/2-sta.log)...
[INFO]: Running Initial Floorplanning (log: adc_core_digital/runs/vtoverilog/logs/floorplan/3-initial_fp.log)...
[WARNING]: Current core area is too small for a power grid. The power grid will be minimized.
[INFO]: Extracting core dimensions...
[INFO]: Set CORE_WIDTH to 154.1, CORE_HEIGHT to 152.32.
[INFO]: Running IO Placement...
[INFO]: Running Tap/Decap Insertion (log: adc_core_digital/runs/vtoverilog/logs/floorplan/5-tap.log)...
[INFO]: Power planning with power {VPWR VPB} and ground {VGND VNB}...
[INFO]: Generating PDN (log: adc_core_digital/runs/vtoverilog/logs/floorplan/6-pdn.log)...
[INFO]: Running Global Placement (log: adc_core_digital/runs/vtoverilog/logs/placement/7-global.log)...
[INFO]: Running Placement Resizer Design Optimizations (log: adc_core_digital/runs/vtoverilog/logs/placement/8-resizer.log)...
[INFO]: Writing Verilog...
[INFO]: Removing Buffers from Ports (If Applicable) (log: adc_core_digital/runs/vtoverilog/logs/placement/10-remove_buffers.log)...
[INFO]: Running Detailed Placement (log: adc_core_digital/runs/vtoverilog/logs/placement/11-detailed.log)...
[INFO]: Running Clock Tree Synthesis (log: adc_core_digital/runs/vtoverilog/logs/cts/12-cts.log)...
[INFO]: Writing Verilog...
[INFO]: Running Placement Resizer Timing Optimizations (log: adc_core_digital/runs/vtoverilog/logs/cts/14-resizer.log)...
[INFO]: Writing Verilog...
[INFO]: Removing Buffers from Ports (If Applicable) (log: adc_core_digital/runs/vtoverilog/logs/placement/16-remove_buffers.log)...
[INFO]: Routing...
[INFO]: Running Global Routing Resizer Timing Optimizations (log: adc_core_digital/runs/vtoverilog/logs/routing/17-resizer.log)...
[INFO]: Writing Verilog...
[INFO]: Removing Buffers from Ports (If Applicable) (log: adc_core_digital/runs/vtoverilog/logs/placement/19-remove_buffers.log)...
[INFO]: Running Detailed Placement (log: adc_core_digital/runs/vtoverilog/logs/routing/20-diode_legalization.log)...
[INFO]: Running Global Routing...
[INFO]: Starting FastRoute Antenna Repair Iterations...
[INFO]: Running Fill Insertion (log: adc_core_digital/runs/vtoverilog/logs/routing/22-fill.log)...
[INFO]: Writing Verilog...
[INFO]: Running Detailed Routing (log: adc_core_digital/runs/vtoverilog/logs/routing/24-detailed.log)...
[INFO]: No DRC violations after detailed routing.
[INFO]: Writing Verilog...
[INFO]: Running parasitics-based static timing analysis...
[INFO]: Running SPEF Extraction at the min process corner (log: adc_core_digital/runs/vtoverilog/logs/signoff/26-parasitics_extraction.min.log)...
[INFO]: Running Multi-Corner Static Timing Analysis at the min process corner (log: adc_core_digital/runs/vtoverilog/logs/signoff/27-parasitics_multi_corner_sta.min.log)...
[INFO]: Running SPEF Extraction at the max process corner (log: adc_core_digital/runs/vtoverilog/logs/signoff/28-parasitics_extraction.max.log)...
[INFO]: Running Multi-Corner Static Timing Analysis at the max process corner (log: adc_core_digital/runs/vtoverilog/logs/signoff/29-parasitics_multi_corner_sta.max.log)...
[INFO]: Running SPEF Extraction at the nom process corner (log: adc_core_digital/runs/vtoverilog/logs/signoff/30-parasitics_extraction.nom.log)...
[INFO]: Running Single-Corner Static Timing Analysis at the nom process corner (log: adc_core_digital/runs/vtoverilog/logs/signoff/31-parasitics_sta.log)...
[INFO]: Running Multi-Corner Static Timing Analysis at the nom process corner (log: adc_core_digital/runs/vtoverilog/logs/signoff/32-parasitics_multi_corner_sta.log)...
[INFO]: Creating IR Drop Report (log: adc_core_digital/runs/vtoverilog/logs/signoff/33-irdrop.log)...
[INFO]: Running Magic to generate various views...
[INFO]: Streaming out GDSII with Magic (log: adc_core_digital/runs/vtoverilog/logs/signoff/34-gdsii.log)...
[INFO]: Generating MAGLEF views...
[INFO]: Streaming out GDSII with KLayout (log: adc_core_digital/runs/vtoverilog/logs/signoff/35-gdsii-klayout.log)...
[INFO]: Running XOR on the layouts using KLayout (log: adc_core_digital/runs/vtoverilog/logs/signoff/36-xor.log)...
[INFO]: Running Magic Spice Export from GDS (log: adc_core_digital/runs/vtoverilog/logs/signoff/37-gds.spice.log)...
[INFO]: Writing Powered Verilog (log: ../../../../dev/null)...
[INFO]: Writing Verilog...
[INFO]: Running GDS LVS...
[INFO]: Running Magic DRC (log: adc_core_digital/runs/vtoverilog/logs/signoff/41-drc.log)...
[INFO]: Converting Magic DRC Violations to Magic Readable Format...
[INFO]: Converting Magic DRC Violations to KLayout XML Database...
[INFO]: No DRC violations after GDS streaming out.
[INFO]: Running OpenROAD Antenna Rule Checker (log: adc_core_digital/runs/vtoverilog/logs/signoff/42-antenna.log)...
[INFO]: Your design uses the advanced power settings, which is not supported by the current integration of CVC. So CVC won't run, however CVC is just a check so it's not critical to your design.
[INFO]: Saving current set of views in 'adc_core_digital/runs/vtoverilog/results/final'...
[INFO]: Saving runtime environment...
[INFO]: Generating final set of reports...
[INFO]: Created manufacturability report at 'adc_core_digital/runs/vtoverilog/reports/manufacturability.rpt'.
[INFO]: Created metrics report at 'adc_core_digital/runs/vtoverilog/reports/metrics.csv'.
[INFO]: There are no max slew, max fanout or max capacitance violations in the design at the typical corner.
[INFO]: There are no hold violations in the design at the typical corner.
[INFO]: There are no setup violations in the design at the typical corner.
[SUCCESS]: Flow complete.
[INFO]: Note that the following warnings have been generated:
