OpenROAD v2.0-3879-g0b8b7ae25 
This program is licensed under the BSD-3 license. See the LICENSE file for details.
Components of this program may be licensed under more restrictive licenses which must be honored.
[INFO ODB-0222] Reading LEF file: /foss/designs/SKY130_SAR-ADC/openlane/adc_clkgen_with_edgedetect/runs/foobar/tmp/merged.unpadded.nom.lef
[INFO ODB-0223]     Created 13 technology layers
[INFO ODB-0224]     Created 25 technology vias
[INFO ODB-0225]     Created 442 library cells
[INFO ODB-0226] Finished LEF file:  /foss/designs/SKY130_SAR-ADC/openlane/adc_clkgen_with_edgedetect/runs/foobar/tmp/merged.unpadded.nom.lef
[INFO ODB-0127] Reading DEF file: /foss/designs/SKY130_SAR-ADC/openlane/adc_clkgen_with_edgedetect/runs/foobar/tmp/floorplan/4-io.def
[INFO ODB-0128] Design: adc_clkgen_with_edgedetect
[INFO ODB-0130]     Created 5 pins.
[INFO ODB-0131]     Created 103 components and 621 component-terminals.
[INFO ODB-0133]     Created 106 nets and 209 connections.
[INFO ODB-0134] Finished DEF file: /foss/designs/SKY130_SAR-ADC/openlane/adc_clkgen_with_edgedetect/runs/foobar/tmp/floorplan/4-io.def
[INFO]: Setting RC values...
[INFO]: Setting signal min routing layer to: met1 and clock min routing layer to met1. 
[INFO]: Setting signal max routing layer to: met4 and clock max routing layer to met4. 
[INFO GPL-0002] DBU: 1000
[INFO GPL-0003] SiteSize: 460 2720
[INFO GPL-0004] CoreAreaLxLy: 5520 10880
[INFO GPL-0005] CoreAreaUxUy: 89240 68000
[INFO GPL-0006] NumInstances: 103
[INFO GPL-0007] NumPlaceInstances: 103
[INFO GPL-0008] NumFixedInstances: 0
[INFO GPL-0009] NumDummyInstances: 0
[INFO GPL-0010] NumNets: 106
[INFO GPL-0011] NumPins: 214
[INFO GPL-0012] DieAreaLxLy: 0 0
[INFO GPL-0013] DieAreaUxUy: 95000 80000
[INFO GPL-0014] CoreAreaLxLy: 5520 10880
[INFO GPL-0015] CoreAreaUxUy: 89240 68000
[INFO GPL-0016] CoreArea: 4782086400
[INFO GPL-0017] NonPlaceInstsArea: 0
[INFO GPL-0018] PlaceInstsArea: 2524921600
[INFO GPL-0019] Util(%): 52.80
[INFO GPL-0020] StdInstsArea: 2524921600
[INFO GPL-0021] MacroInstsArea: 0
[InitialPlace]  Iter: 1 CG residual: 0.00000348 HPWL: 1611880
[InitialPlace]  Iter: 2 CG residual: 0.00001169 HPWL: 1636396
[InitialPlace]  Iter: 3 CG residual: 0.00000269 HPWL: 1651735
[InitialPlace]  Iter: 4 CG residual: 0.00000428 HPWL: 1656153
[InitialPlace]  Iter: 5 CG residual: 0.00000182 HPWL: 1654527
[INFO GPL-0031] FillerInit: NumGCells: 135
[INFO GPL-0032] FillerInit: NumGNets: 106
[INFO GPL-0033] FillerInit: NumGPins: 214
[INFO GPL-0023] TargetDensity: 0.70
[INFO GPL-0024] AveragePlaceInstArea: 24513801
[INFO GPL-0025] IdealBinArea: 35019716
[INFO GPL-0026] IdealBinCnt: 136
[INFO GPL-0027] TotalBinArea: 4782086400
[INFO GPL-0028] BinCnt: 8 8
[INFO GPL-0029] BinSize: 10465 7140
[INFO GPL-0030] NumBins: 64
[NesterovSolve] Iter: 1 overflow: 0.443395 HPWL: 826865
[INFO GPL-0100] worst slack 1e+30
[WARNING GPL-0102] No slacks found. Timing-driven mode disabled.
[NesterovSolve] Snapshot saved at iter = 0
[NesterovSolve] Iter: 10 overflow: 0.397545 HPWL: 847516
[NesterovSolve] Iter: 20 overflow: 0.374939 HPWL: 849102
[NesterovSolve] Iter: 30 overflow: 0.361297 HPWL: 844112
[NesterovSolve] Iter: 40 overflow: 0.344975 HPWL: 840157
[NesterovSolve] Iter: 50 overflow: 0.349696 HPWL: 838443
[NesterovSolve] Iter: 60 overflow: 0.35761 HPWL: 837938
[NesterovSolve] Iter: 70 overflow: 0.375465 HPWL: 837644
[NesterovSolve] Iter: 80 overflow: 0.382904 HPWL: 836824
[NesterovSolve] Iter: 90 overflow: 0.384939 HPWL: 836251
[NesterovSolve] Iter: 100 overflow: 0.385238 HPWL: 836227
[NesterovSolve] Iter: 110 overflow: 0.384121 HPWL: 836288
[NesterovSolve] Iter: 120 overflow: 0.382445 HPWL: 836384
[NesterovSolve] Iter: 130 overflow: 0.381134 HPWL: 836664
[NesterovSolve] Iter: 140 overflow: 0.380646 HPWL: 837553
[NesterovSolve] Iter: 150 overflow: 0.379829 HPWL: 838789
[NesterovSolve] Iter: 160 overflow: 0.374228 HPWL: 840376
[NesterovSolve] Iter: 170 overflow: 0.359628 HPWL: 842102
[NesterovSolve] Iter: 180 overflow: 0.339393 HPWL: 844501
[NesterovSolve] Iter: 190 overflow: 0.325282 HPWL: 846642
[NesterovSolve] Iter: 200 overflow: 0.312852 HPWL: 850902
[NesterovSolve] Iter: 210 overflow: 0.299076 HPWL: 854246
[NesterovSolve] Iter: 220 overflow: 0.277471 HPWL: 858460
[NesterovSolve] Iter: 230 overflow: 0.258147 HPWL: 860226
[NesterovSolve] Iter: 240 overflow: 0.235033 HPWL: 863420
[NesterovSolve] Iter: 250 overflow: 0.216031 HPWL: 864348
[INFO GPL-0075] Routability numCall: 1 inflationIterCnt: 1 bloatIterCnt: 0
[INFO GPL-0036] TileLxLy: 0 0
[INFO GPL-0037] TileSize: 6900 6900
[INFO GPL-0038] TileCnt: 13 11
[INFO GPL-0039] numRoutingLayers: 6
[INFO GPL-0040] NumTiles: 143
[INFO GPL-0063] TotalRouteOverflowH2: 0.0
[INFO GPL-0064] TotalRouteOverflowV2: 0.0
[INFO GPL-0065] OverflowTileCnt2: 0
[INFO GPL-0066] 0.5%RC: 0.9749999940395355
[INFO GPL-0067] 1.0%RC: 0.9666666587193807
[INFO GPL-0068] 2.0%RC: 0.9200000047683716
[INFO GPL-0069] 5.0%RC: 0.8166666676600774
[INFO GPL-0070] 0.5rcK: 1.0
[INFO GPL-0071] 1.0rcK: 1.0
[INFO GPL-0072] 2.0rcK: 0.0
[INFO GPL-0073] 5.0rcK: 0.0
[INFO GPL-0074] FinalRC: 0.9708333
[NesterovSolve] Iter: 260 overflow: 0.196911 HPWL: 864820
[NesterovSolve] Iter: 270 overflow: 0.177939 HPWL: 868186
[NesterovSolve] Iter: 280 overflow: 0.168088 HPWL: 869731
[NesterovSolve] Iter: 290 overflow: 0.149703 HPWL: 871174
[NesterovSolve] Iter: 300 overflow: 0.132065 HPWL: 875666
[NesterovSolve] Iter: 310 overflow: 0.131798 HPWL: 873936
[NesterovSolve] Iter: 320 overflow: 0.110215 HPWL: 878565
[NesterovSolve] Finished with Overflow: 0.097080
###############################################################################
# Created by write_sdc
# Fri Sep  9 12:12:54 2022
###############################################################################
current_design adc_clkgen_with_edgedetect
###############################################################################
# Timing Constraints
###############################################################################
create_clock -name clk -period 10.0000 
set_clock_uncertainty 0.2500 clk
set_input_delay 2.0000 -clock [get_clocks {clk}] -add_delay [get_ports {comp_trig}]
set_input_delay 2.0000 -clock [get_clocks {clk}] -add_delay [get_ports {ena_in}]
set_input_delay 2.0000 -clock [get_clocks {clk}] -add_delay [get_ports {start_conv}]
set_output_delay 2.0000 -clock [get_clocks {clk}] -add_delay [get_ports {clk_comp}]
set_output_delay 2.0000 -clock [get_clocks {clk}] -add_delay [get_ports {clk_dig}]
###############################################################################
# Environment
###############################################################################
set_load -pin_load 0.0334 [get_ports {clk_comp}]
set_load -pin_load 0.0334 [get_ports {clk_dig}]
set_driving_cell -lib_cell sky130_fd_sc_hd__inv_2 -pin {Y} -input_transition_rise 0.0000 -input_transition_fall 0.0000 [get_ports {comp_trig}]
set_driving_cell -lib_cell sky130_fd_sc_hd__inv_2 -pin {Y} -input_transition_rise 0.0000 -input_transition_fall 0.0000 [get_ports {ena_in}]
set_driving_cell -lib_cell sky130_fd_sc_hd__inv_2 -pin {Y} -input_transition_rise 0.0000 -input_transition_fall 0.0000 [get_ports {start_conv}]
set_timing_derate -early 0.9500
set_timing_derate -late 1.0500
###############################################################################
# Design Rules
###############################################################################
set_max_fanout 5.0000 [current_design]
[INFO]: Setting RC values...
min_report

===========================================================================
report_checks -path_delay min (Hold)
============================================================================
No paths found.
min_report_end
max_report

===========================================================================
report_checks -path_delay max (Setup)
============================================================================
No paths found.
max_report_end
check_report

===========================================================================
report_checks -unconstrained
============================================================================
Startpoint: start_conv (input port clocked by clk)
Endpoint: clkgen.delay_100ns_3.genblk1[1].delay_unit/in (internal pin)
Path Group: (none)
Path Type: max

Fanout     Cap    Slew   Delay    Time   Description
-----------------------------------------------------------------------------
                          2.00    2.00 v input external delay
                  0.02    0.01    2.01 v start_conv (in)
     2    0.01                           start_conv (net)
                  0.02    0.00    2.01 v _2_/B (sky130_fd_sc_hd__and2b_2)
                  0.04    0.18    2.19 v _2_/X (sky130_fd_sc_hd__and2b_2)
     1    0.00                           _0_ (net)
                  0.04    0.00    2.19 v _3_/A2 (sky130_fd_sc_hd__o21ba_2)
                  0.04    0.20    2.39 v _3_/X (sky130_fd_sc_hd__o21ba_2)
     1    0.00                           clkgen.delay_100ns_3._intsig_a_[1] (net)
                  0.04    0.00    2.39 v clkgen.delay_100ns_3.genblk1[1].delay_unit/in (sky130_mm_sc_hd_dly5ns)
                                  2.39   data arrival time
-----------------------------------------------------------------------------
(Path is unconstrained)



===========================================================================
report_checks --slack_max -0.01
============================================================================
No paths found.
check_report_end
check_slew

===========================================================================
 report_check_types -max_slew -max_cap -max_fanout -violators
============================================================================

===========================================================================
max slew violation count 0
max fanout violation count 0
max cap violation count 0
============================================================================
check_slew_end
tns_report

===========================================================================
 report_tns
============================================================================
tns 0.00
tns_report_end
wns_report

===========================================================================
 report_wns
============================================================================
wns 0.00
wns_report_end
worst_slack

===========================================================================
 report_worst_slack -max (Setup)
============================================================================
worst slack INF

===========================================================================
 report_worst_slack -min (Hold)
============================================================================
worst slack INF
worst_slack_end
clock_skew

===========================================================================
 report_clock_skew
============================================================================
Clock clk
No launch/capture paths found.

clock_skew_end
power_report

===========================================================================
 report_power
============================================================================
Group                  Internal  Switching    Leakage      Total
                          Power      Power      Power      Power (Watts)
----------------------------------------------------------------
Sequential             0.00e+00   0.00e+00   0.00e+00   0.00e+00   0.0%
Combinational          6.10e-07   3.16e-07   3.26e-10   9.27e-07 100.0%
Macro                  0.00e+00   0.00e+00   0.00e+00   0.00e+00   0.0%
Pad                    0.00e+00   0.00e+00   0.00e+00   0.00e+00   0.0%
----------------------------------------------------------------
Total                  6.10e-07   3.16e-07   3.26e-10   9.27e-07 100.0%
                          65.9%      34.1%       0.0%
power_report_end
area_report

===========================================================================
 report_design_area
============================================================================
Design area 2525 u^2 53% utilization.
area_report_end
