OpenROAD v2.0-4818-g4174c3ad8 
This program is licensed under the BSD-3 license. See the LICENSE file for details.
Components of this program may be licensed under more restrictive licenses which must be honored.
[INFO ODB-0222] Reading LEF file: /foss/designs/SKY130_SAR-ADC/openlane/adc_clkgen_with_edgedetect/runs/kaiserschmarrn/tmp/merged.nom.lef
[WARNING ODB-0220] WARNING (LEFPARS-2036): SOURCE statement is obsolete in version 5.6 and later.
The LEF parser will ignore this statement.
To avoid this warning in the future, remove this statement from the LEF file with version 5.6 or later. See file /foss/designs/SKY130_SAR-ADC/openlane/adc_clkgen_with_edgedetect/runs/kaiserschmarrn/tmp/merged.nom.lef at line 930.

[INFO ODB-0223]     Created 13 technology layers
[INFO ODB-0224]     Created 25 technology vias
[INFO ODB-0225]     Created 442 library cells
[INFO ODB-0226] Finished LEF file:  /foss/designs/SKY130_SAR-ADC/openlane/adc_clkgen_with_edgedetect/runs/kaiserschmarrn/tmp/merged.nom.lef
[INFO ODB-0127] Reading DEF file: /foss/designs/SKY130_SAR-ADC/openlane/adc_clkgen_with_edgedetect/runs/kaiserschmarrn/tmp/floorplan/7-pdn.def
[INFO ODB-0128] Design: adc_clkgen_with_edgedetect
[INFO ODB-0130]     Created 37 pins.
[INFO ODB-0131]     Created 681 components and 3801 component-terminals.
[INFO ODB-0132]     Created 4 special nets and 2472 connections.
[INFO ODB-0133]     Created 542 nets and 1129 connections.
[INFO ODB-0134] Finished DEF file: /foss/designs/SKY130_SAR-ADC/openlane/adc_clkgen_with_edgedetect/runs/kaiserschmarrn/tmp/floorplan/7-pdn.def
[INFO]: Setting RC values...
[INFO]: Setting signal min routing layer to: met1 and clock min routing layer to met1. 
[INFO]: Setting signal max routing layer to: met4 and clock max routing layer to met4. 
[INFO GPL-0002] DBU: 1000
[INFO GPL-0003] SiteSize: 460 2720
[INFO GPL-0004] CoreAreaLxLy: 4140 2720
[INFO GPL-0005] CoreAreaUxUy: 169740 59840
[INFO GPL-0006] NumInstances: 681
[INFO GPL-0007] NumPlaceInstances: 513
[INFO GPL-0008] NumFixedInstances: 168
[INFO GPL-0009] NumDummyInstances: 0
[INFO GPL-0010] NumNets: 542
[INFO GPL-0011] NumPins: 1164
[INFO GPL-0012] DieAreaLxLy: 0 0
[INFO GPL-0013] DieAreaUxUy: 174000 64000
[INFO GPL-0014] CoreAreaLxLy: 4140 2720
[INFO GPL-0015] CoreAreaUxUy: 169740 59840
[INFO GPL-0016] CoreArea: 9459072000
[INFO GPL-0017] NonPlaceInstsArea: 315302400
[INFO GPL-0018] PlaceInstsArea: 5707974400
[INFO GPL-0019] Util(%): 62.42
[INFO GPL-0020] StdInstsArea: 5707974400
[INFO GPL-0021] MacroInstsArea: 0
[InitialPlace]  Iter: 1 CG residual: 0.00651528 HPWL: 6493948
[InitialPlace]  Iter: 2 CG residual: 0.00163893 HPWL: 5943291
[InitialPlace]  Iter: 3 CG residual: 0.00094157 HPWL: 5949555
[InitialPlace]  Iter: 4 CG residual: 0.00077544 HPWL: 5949484
[InitialPlace]  Iter: 5 CG residual: 0.00047952 HPWL: 5945050
[InitialPlace]  Iter: 6 CG residual: 0.00025373 HPWL: 5940616
[InitialPlace]  Iter: 7 CG residual: 0.00020314 HPWL: 5935599
[InitialPlace]  Iter: 8 CG residual: 0.00011234 HPWL: 5935337
[InitialPlace]  Iter: 9 CG residual: 0.00008905 HPWL: 5933628
[InitialPlace]  Iter: 10 CG residual: 0.00006984 HPWL: 5934366
[InitialPlace]  Iter: 11 CG residual: 0.00004703 HPWL: 5934397
[InitialPlace]  Iter: 12 CG residual: 0.00003731 HPWL: 5934423
[InitialPlace]  Iter: 13 CG residual: 0.00002935 HPWL: 5934761
[InitialPlace]  Iter: 14 CG residual: 0.00002433 HPWL: 5935043
[InitialPlace]  Iter: 15 CG residual: 0.00002499 HPWL: 5935308
[InitialPlace]  Iter: 16 CG residual: 0.00001633 HPWL: 5935549
[InitialPlace]  Iter: 17 CG residual: 0.00001716 HPWL: 5935728
[InitialPlace]  Iter: 18 CG residual: 0.00000569 HPWL: 5935882
[INFO GPL-0031] FillerInit: NumGCells: 755
[INFO GPL-0032] FillerInit: NumGNets: 542
[INFO GPL-0033] FillerInit: NumGPins: 1164
[INFO GPL-0023] TargetDensity: 0.90
[INFO GPL-0024] AveragePlaceInstArea: 11126655
[INFO GPL-0025] IdealBinArea: 12362950
[INFO GPL-0026] IdealBinCnt: 765
[INFO GPL-0027] TotalBinArea: 9459072000
[INFO GPL-0028] BinCnt: 16 16
[INFO GPL-0029] BinSize: 10350 3570
[INFO GPL-0030] NumBins: 256
[NesterovSolve] Iter: 1 overflow: 0.692844 HPWL: 1694972
[INFO GPL-0100] worst slack 5.56e-09
[INFO GPL-0103] Weighted 208 nets.
[NesterovSolve] Iter: 10 overflow: 0.687649 HPWL: 1580490
[NesterovSolve] Iter: 20 overflow: 0.681828 HPWL: 1580922
[NesterovSolve] Iter: 30 overflow: 0.676849 HPWL: 1580267
[NesterovSolve] Iter: 40 overflow: 0.672329 HPWL: 1579609
[NesterovSolve] Iter: 50 overflow: 0.668773 HPWL: 1579826
[NesterovSolve] Iter: 60 overflow: 0.666065 HPWL: 1579578
[NesterovSolve] Iter: 70 overflow: 0.665461 HPWL: 1579211
[NesterovSolve] Iter: 80 overflow: 0.665649 HPWL: 1578671
[NesterovSolve] Iter: 90 overflow: 0.664515 HPWL: 1578738
[NesterovSolve] Iter: 100 overflow: 0.663237 HPWL: 1579592
[NesterovSolve] Iter: 110 overflow: 0.664168 HPWL: 1581797
[NesterovSolve] Iter: 120 overflow: 0.664959 HPWL: 1586064
[NesterovSolve] Iter: 130 overflow: 0.660423 HPWL: 1593778
[NesterovSolve] Iter: 140 overflow: 0.651332 HPWL: 1605534
[NesterovSolve] Iter: 150 overflow: 0.636197 HPWL: 1623875
[INFO GPL-0100] worst slack 5.56e-09
[INFO GPL-0103] Weighted 208 nets.
[NesterovSolve] Iter: 160 overflow: 0.625501 HPWL: 1645138
[NesterovSolve] Iter: 170 overflow: 0.615291 HPWL: 1671326
[NesterovSolve] Snapshot saved at iter = 176
[NesterovSolve] Iter: 180 overflow: 0.591393 HPWL: 1689514
[NesterovSolve] Iter: 190 overflow: 0.55516 HPWL: 1711585
[NesterovSolve] Iter: 200 overflow: 0.507532 HPWL: 1736899
[INFO GPL-0100] worst slack 5.56e-09
[INFO GPL-0103] Weighted 208 nets.
[NesterovSolve] Iter: 210 overflow: 0.467714 HPWL: 1773675
[NesterovSolve] Iter: 220 overflow: 0.451898 HPWL: 1802928
[NesterovSolve] Iter: 230 overflow: 0.430539 HPWL: 1834069
[NesterovSolve] Iter: 240 overflow: 0.387728 HPWL: 1880950
[NesterovSolve] Iter: 250 overflow: 0.346113 HPWL: 1894161
[NesterovSolve] Iter: 260 overflow: 0.32419 HPWL: 1894523
[NesterovSolve] Iter: 270 overflow: 0.29295 HPWL: 1903836
[INFO GPL-0100] worst slack 5.55e-09
[INFO GPL-0103] Weighted 208 nets.
[NesterovSolve] Iter: 280 overflow: 0.268066 HPWL: 1931252
[NesterovSolve] Iter: 290 overflow: 0.266548 HPWL: 1948581
[NesterovSolve] Iter: 300 overflow: 0.255983 HPWL: 1911880
[NesterovSolve] Iter: 310 overflow: 0.232827 HPWL: 1967054
[NesterovSolve] Iter: 320 overflow: 0.214414 HPWL: 1946201
[INFO GPL-0100] worst slack 5.55e-09
[INFO GPL-0103] Weighted 208 nets.
[NesterovSolve] Iter: 330 overflow: 0.199927 HPWL: 1953614
[INFO GPL-0075] Routability numCall: 1 inflationIterCnt: 1 bloatIterCnt: 0
[INFO GPL-0036] TileLxLy: 0 0
[INFO GPL-0037] TileSize: 6900 6900
[INFO GPL-0038] TileCnt: 25 9
[INFO GPL-0039] numRoutingLayers: 6
[INFO GPL-0040] NumTiles: 225
[INFO GPL-0063] TotalRouteOverflowH2: 0
[INFO GPL-0064] TotalRouteOverflowV2: 0
[INFO GPL-0065] OverflowTileCnt2: 0
[INFO GPL-0066] 0.5%RC: 0.875
[INFO GPL-0067] 1.0%RC: 0.862500011920929
[INFO GPL-0068] 2.0%RC: 0.8375000134110451
[INFO GPL-0069] 5.0%RC: 0.7973684292090567
[INFO GPL-0070] 0.5rcK: 1
[INFO GPL-0071] 1.0rcK: 1
[INFO GPL-0072] 2.0rcK: 0
[INFO GPL-0073] 5.0rcK: 0
[INFO GPL-0074] FinalRC: 0.86875
[NesterovSolve] Iter: 340 overflow: 0.189347 HPWL: 1932529
[NesterovSolve] Iter: 350 overflow: 0.171886 HPWL: 1959754
[NesterovSolve] Iter: 360 overflow: 0.157204 HPWL: 1970492
[NesterovSolve] Iter: 370 overflow: 0.146218 HPWL: 1957577
[INFO GPL-0100] worst slack 5.55e-09
[INFO GPL-0103] Weighted 208 nets.
[NesterovSolve] Iter: 380 overflow: 0.134752 HPWL: 1939445
[NesterovSolve] Iter: 390 overflow: 0.126668 HPWL: 1961199
[NesterovSolve] Iter: 400 overflow: 0.119001 HPWL: 1987720
[NesterovSolve] Finished with Overflow: 0.098888
[INFO]: Setting RC values...
min_report

===========================================================================
report_checks -path_delay min (Hold)
============================================================================
Startpoint: nsample_n (input port clocked by __VIRTUAL_CLK__)
Endpoint: nsample_n_buf (output port clocked by __VIRTUAL_CLK__)
Path Group: __VIRTUAL_CLK__
Path Type: min

Fanout     Cap    Slew   Delay    Time   Description
-----------------------------------------------------------------------------
                  0.00    0.00    0.00   clock __VIRTUAL_CLK__ (rise edge)
                          0.00    0.00   clock network delay (ideal)
                          2.00    2.00 v input external delay
                  0.02    0.01    2.01 v nsample_n (in)
     1    0.01                           nsample_n (net)
                  0.02    0.00    2.01 v outbuf_6/A (sky130_fd_sc_hd__buf_4)
                  0.06    0.15    2.17 v outbuf_6/X (sky130_fd_sc_hd__buf_4)
     1    0.03                           nsample_n_buf (net)
                  0.06    0.00    2.17 v nsample_n_buf (out)
                                  2.17   data arrival time

                  0.00    0.00    0.00   clock __VIRTUAL_CLK__ (rise edge)
                          0.00    0.00   clock network delay (ideal)
                          0.25    0.25   clock uncertainty
                          0.00    0.25   clock reconvergence pessimism
                         -2.00   -1.75   output external delay
                                 -1.75   data required time
-----------------------------------------------------------------------------
                                 -1.75   data required time
                                 -2.17   data arrival time
-----------------------------------------------------------------------------
                                  3.92   slack (MET)


Startpoint: sample_n (input port clocked by __VIRTUAL_CLK__)
Endpoint: sample_n_buf (output port clocked by __VIRTUAL_CLK__)
Path Group: __VIRTUAL_CLK__
Path Type: min

Fanout     Cap    Slew   Delay    Time   Description
-----------------------------------------------------------------------------
                  0.00    0.00    0.00   clock __VIRTUAL_CLK__ (rise edge)
                          0.00    0.00   clock network delay (ideal)
                          2.00    2.00 v input external delay
                  0.02    0.01    2.01 v sample_n (in)
     1    0.01                           sample_n (net)
                  0.02    0.00    2.01 v outbuf_4/A (sky130_fd_sc_hd__buf_4)
                  0.06    0.15    2.17 v outbuf_4/X (sky130_fd_sc_hd__buf_4)
     1    0.03                           sample_n_buf (net)
                  0.06    0.00    2.17 v sample_n_buf (out)
                                  2.17   data arrival time

                  0.00    0.00    0.00   clock __VIRTUAL_CLK__ (rise edge)
                          0.00    0.00   clock network delay (ideal)
                          0.25    0.25   clock uncertainty
                          0.00    0.25   clock reconvergence pessimism
                         -2.00   -1.75   output external delay
                                 -1.75   data required time
-----------------------------------------------------------------------------
                                 -1.75   data required time
                                 -2.17   data arrival time
-----------------------------------------------------------------------------
                                  3.92   slack (MET)


Startpoint: sample_p (input port clocked by __VIRTUAL_CLK__)
Endpoint: sample_p_buf (output port clocked by __VIRTUAL_CLK__)
Path Group: __VIRTUAL_CLK__
Path Type: min

Fanout     Cap    Slew   Delay    Time   Description
-----------------------------------------------------------------------------
                  0.00    0.00    0.00   clock __VIRTUAL_CLK__ (rise edge)
                          0.00    0.00   clock network delay (ideal)
                          2.00    2.00 v input external delay
                  0.02    0.02    2.02 v sample_p (in)
     1    0.01                           sample_p (net)
                  0.02    0.00    2.02 v outbuf_3/A (sky130_fd_sc_hd__buf_4)
                  0.06    0.15    2.17 v outbuf_3/X (sky130_fd_sc_hd__buf_4)
     1    0.03                           sample_p_buf (net)
                  0.06    0.00    2.17 v sample_p_buf (out)
                                  2.17   data arrival time

                  0.00    0.00    0.00   clock __VIRTUAL_CLK__ (rise edge)
                          0.00    0.00   clock network delay (ideal)
                          0.25    0.25   clock uncertainty
                          0.00    0.25   clock reconvergence pessimism
                         -2.00   -1.75   output external delay
                                 -1.75   data required time
-----------------------------------------------------------------------------
                                 -1.75   data required time
                                 -2.17   data arrival time
-----------------------------------------------------------------------------
                                  3.92   slack (MET)


Startpoint: nsample_p (input port clocked by __VIRTUAL_CLK__)
Endpoint: nsample_p_buf (output port clocked by __VIRTUAL_CLK__)
Path Group: __VIRTUAL_CLK__
Path Type: min

Fanout     Cap    Slew   Delay    Time   Description
-----------------------------------------------------------------------------
                  0.00    0.00    0.00   clock __VIRTUAL_CLK__ (rise edge)
                          0.00    0.00   clock network delay (ideal)
                          2.00    2.00 v input external delay
                  0.02    0.02    2.02 v nsample_p (in)
     1    0.01                           nsample_p (net)
                  0.02    0.00    2.02 v outbuf_5/A (sky130_fd_sc_hd__buf_4)
                  0.06    0.15    2.17 v outbuf_5/X (sky130_fd_sc_hd__buf_4)
     1    0.03                           nsample_p_buf (net)
                  0.06    0.00    2.17 v nsample_p_buf (out)
                                  2.17   data arrival time

                  0.00    0.00    0.00   clock __VIRTUAL_CLK__ (rise edge)
                          0.00    0.00   clock network delay (ideal)
                          0.25    0.25   clock uncertainty
                          0.00    0.25   clock reconvergence pessimism
                         -2.00   -1.75   output external delay
                                 -1.75   data required time
-----------------------------------------------------------------------------
                                 -1.75   data required time
                                 -2.17   data arrival time
-----------------------------------------------------------------------------
                                  3.92   slack (MET)


min_report_end
max_report

===========================================================================
report_checks -path_delay max (Setup)
============================================================================
Startpoint: nsample_p (input port clocked by __VIRTUAL_CLK__)
Endpoint: nsample_p_buf (output port clocked by __VIRTUAL_CLK__)
Path Group: __VIRTUAL_CLK__
Path Type: max

Fanout     Cap    Slew   Delay    Time   Description
-----------------------------------------------------------------------------
                  0.00    0.00    0.00   clock __VIRTUAL_CLK__ (rise edge)
                          0.00    0.00   clock network delay (ideal)
                          2.00    2.00 ^ input external delay
                  0.05    0.04    2.04 ^ nsample_p (in)
     1    0.01                           nsample_p (net)
                  0.05    0.00    2.04 ^ outbuf_5/A (sky130_fd_sc_hd__buf_4)
                  0.10    0.17    2.20 ^ outbuf_5/X (sky130_fd_sc_hd__buf_4)
     1    0.03                           nsample_p_buf (net)
                  0.10    0.00    2.20 ^ nsample_p_buf (out)
                                  2.20   data arrival time

                  0.00   10.00   10.00   clock __VIRTUAL_CLK__ (rise edge)
                          0.00   10.00   clock network delay (ideal)
                         -0.25    9.75   clock uncertainty
                          0.00    9.75   clock reconvergence pessimism
                         -2.00    7.75   output external delay
                                  7.75   data required time
-----------------------------------------------------------------------------
                                  7.75   data required time
                                 -2.20   data arrival time
-----------------------------------------------------------------------------
                                  5.55   slack (MET)


Startpoint: sample_p (input port clocked by __VIRTUAL_CLK__)
Endpoint: sample_p_buf (output port clocked by __VIRTUAL_CLK__)
Path Group: __VIRTUAL_CLK__
Path Type: max

Fanout     Cap    Slew   Delay    Time   Description
-----------------------------------------------------------------------------
                  0.00    0.00    0.00   clock __VIRTUAL_CLK__ (rise edge)
                          0.00    0.00   clock network delay (ideal)
                          2.00    2.00 ^ input external delay
                  0.05    0.04    2.04 ^ sample_p (in)
     1    0.01                           sample_p (net)
                  0.05    0.00    2.04 ^ outbuf_3/A (sky130_fd_sc_hd__buf_4)
                  0.10    0.17    2.20 ^ outbuf_3/X (sky130_fd_sc_hd__buf_4)
     1    0.03                           sample_p_buf (net)
                  0.10    0.00    2.20 ^ sample_p_buf (out)
                                  2.20   data arrival time

                  0.00   10.00   10.00   clock __VIRTUAL_CLK__ (rise edge)
                          0.00   10.00   clock network delay (ideal)
                         -0.25    9.75   clock uncertainty
                          0.00    9.75   clock reconvergence pessimism
                         -2.00    7.75   output external delay
                                  7.75   data required time
-----------------------------------------------------------------------------
                                  7.75   data required time
                                 -2.20   data arrival time
-----------------------------------------------------------------------------
                                  5.55   slack (MET)


Startpoint: sample_n (input port clocked by __VIRTUAL_CLK__)
Endpoint: sample_n_buf (output port clocked by __VIRTUAL_CLK__)
Path Group: __VIRTUAL_CLK__
Path Type: max

Fanout     Cap    Slew   Delay    Time   Description
-----------------------------------------------------------------------------
                  0.00    0.00    0.00   clock __VIRTUAL_CLK__ (rise edge)
                          0.00    0.00   clock network delay (ideal)
                          2.00    2.00 ^ input external delay
                  0.05    0.04    2.04 ^ sample_n (in)
     1    0.01                           sample_n (net)
                  0.05    0.00    2.04 ^ outbuf_4/A (sky130_fd_sc_hd__buf_4)
                  0.10    0.17    2.20 ^ outbuf_4/X (sky130_fd_sc_hd__buf_4)
     1    0.03                           sample_n_buf (net)
                  0.10    0.00    2.20 ^ sample_n_buf (out)
                                  2.20   data arrival time

                  0.00   10.00   10.00   clock __VIRTUAL_CLK__ (rise edge)
                          0.00   10.00   clock network delay (ideal)
                         -0.25    9.75   clock uncertainty
                          0.00    9.75   clock reconvergence pessimism
                         -2.00    7.75   output external delay
                                  7.75   data required time
-----------------------------------------------------------------------------
                                  7.75   data required time
                                 -2.20   data arrival time
-----------------------------------------------------------------------------
                                  5.55   slack (MET)


Startpoint: nsample_n (input port clocked by __VIRTUAL_CLK__)
Endpoint: nsample_n_buf (output port clocked by __VIRTUAL_CLK__)
Path Group: __VIRTUAL_CLK__
Path Type: max

Fanout     Cap    Slew   Delay    Time   Description
-----------------------------------------------------------------------------
                  0.00    0.00    0.00   clock __VIRTUAL_CLK__ (rise edge)
                          0.00    0.00   clock network delay (ideal)
                          2.00    2.00 ^ input external delay
                  0.05    0.03    2.03 ^ nsample_n (in)
     1    0.01                           nsample_n (net)
                  0.05    0.00    2.03 ^ outbuf_6/A (sky130_fd_sc_hd__buf_4)
                  0.10    0.17    2.20 ^ outbuf_6/X (sky130_fd_sc_hd__buf_4)
     1    0.03                           nsample_n_buf (net)
                  0.10    0.00    2.20 ^ nsample_n_buf (out)
                                  2.20   data arrival time

                  0.00   10.00   10.00   clock __VIRTUAL_CLK__ (rise edge)
                          0.00   10.00   clock network delay (ideal)
                         -0.25    9.75   clock uncertainty
                          0.00    9.75   clock reconvergence pessimism
                         -2.00    7.75   output external delay
                                  7.75   data required time
-----------------------------------------------------------------------------
                                  7.75   data required time
                                 -2.20   data arrival time
-----------------------------------------------------------------------------
                                  5.55   slack (MET)


max_report_end
check_report

===========================================================================
report_checks -unconstrained
============================================================================
Startpoint: nsample_p (input port clocked by __VIRTUAL_CLK__)
Endpoint: nsample_p_buf (output port clocked by __VIRTUAL_CLK__)
Path Group: __VIRTUAL_CLK__
Path Type: max

Fanout     Cap    Slew   Delay    Time   Description
-----------------------------------------------------------------------------
                  0.00    0.00    0.00   clock __VIRTUAL_CLK__ (rise edge)
                          0.00    0.00   clock network delay (ideal)
                          2.00    2.00 ^ input external delay
                  0.05    0.04    2.04 ^ nsample_p (in)
     1    0.01                           nsample_p (net)
                  0.05    0.00    2.04 ^ outbuf_5/A (sky130_fd_sc_hd__buf_4)
                  0.10    0.17    2.20 ^ outbuf_5/X (sky130_fd_sc_hd__buf_4)
     1    0.03                           nsample_p_buf (net)
                  0.10    0.00    2.20 ^ nsample_p_buf (out)
                                  2.20   data arrival time

                  0.00   10.00   10.00   clock __VIRTUAL_CLK__ (rise edge)
                          0.00   10.00   clock network delay (ideal)
                         -0.25    9.75   clock uncertainty
                          0.00    9.75   clock reconvergence pessimism
                         -2.00    7.75   output external delay
                                  7.75   data required time
-----------------------------------------------------------------------------
                                  7.75   data required time
                                 -2.20   data arrival time
-----------------------------------------------------------------------------
                                  5.55   slack (MET)



===========================================================================
report_checks --slack_max -0.01
============================================================================
No paths found.
check_report_end
check_slew

===========================================================================
 report_check_types -max_slew -max_cap -max_fanout -violators
============================================================================

===========================================================================
max slew violation count 0
max fanout violation count 0
max cap violation count 0
============================================================================
check_slew_end
tns_report

===========================================================================
 report_tns
============================================================================
tns 0.00
tns_report_end
wns_report

===========================================================================
 report_wns
============================================================================
wns 0.00
wns_report_end
worst_slack

===========================================================================
 report_worst_slack -max (Setup)
============================================================================
worst slack 5.55

===========================================================================
 report_worst_slack -min (Hold)
============================================================================
worst slack 3.92
worst_slack_end
power_report

===========================================================================
 report_power
============================================================================
Group                  Internal  Switching    Leakage      Total
                          Power      Power      Power      Power (Watts)
----------------------------------------------------------------
Sequential             0.00e+00   0.00e+00   0.00e+00   0.00e+00   0.0%
Combinational          1.91e-06   2.80e-06   1.82e-09   4.72e-06 100.0%
Macro                  0.00e+00   0.00e+00   0.00e+00   0.00e+00   0.0%
Pad                    0.00e+00   0.00e+00   0.00e+00   0.00e+00   0.0%
----------------------------------------------------------------
Total                  1.91e-06   2.80e-06   1.82e-09   4.72e-06 100.0%
                          40.6%      59.4%       0.0%
power_report_end
area_report

===========================================================================
 report_design_area
============================================================================
Design area 5866 u^2 62% utilization.
area_report_end
