First Layout: /foss/designs/SKY130_SAR-ADC/openlane/adc_clkgen_with_edgedetect/runs/germknedl/results/signoff/adc_clkgen_with_edgedetect.gds
Second Layout: /foss/designs/SKY130_SAR-ADC/openlane/adc_clkgen_with_edgedetect/runs/germknedl/results/signoff/adc_clkgen_with_edgedetect.klayout.gds
Design Name: adc_clkgen_with_edgedetect
Output GDS will be: /foss/designs/SKY130_SAR-ADC/openlane/adc_clkgen_with_edgedetect/runs/germknedl/reports/signoff/adc_clkgen_with_edgedetect.xor.xml
Reading /foss/designs/SKY130_SAR-ADC/openlane/adc_clkgen_with_edgedetect/runs/germknedl/results/signoff/adc_clkgen_with_edgedetect.gds ..
Reading /foss/designs/SKY130_SAR-ADC/openlane/adc_clkgen_with_edgedetect/runs/germknedl/results/signoff/adc_clkgen_with_edgedetect.klayout.gds ..
--- Running XOR for 10/0 ---
"input" in: xor.drc:38
    Polygons (raw): 0 (flat)  0 (hierarchical)
    Elapsed: 0.010s  Memory: 250.00M
"input" in: xor.drc:38
    Polygons (raw): 538 (flat)  5 (hierarchical)
    Elapsed: 0.000s  Memory: 250.00M
"^" in: xor.drc:38
    Polygons (raw): 538 (flat)  5 (hierarchical)
    Elapsed: 0.010s  Memory: 250.00M
XOR differences: 538
"output" in: xor.drc:40
    Polygons (raw): 538 (flat)  5 (hierarchical)
    Elapsed: 0.010s  Memory: 250.00M
--- Running XOR for 11/0 ---
"input" in: xor.drc:38
    Polygons (raw): 0 (flat)  0 (hierarchical)
    Elapsed: 0.000s  Memory: 250.00M
"input" in: xor.drc:38
    Polygons (raw): 161 (flat)  21 (hierarchical)
    Elapsed: 0.010s  Memory: 250.00M
"^" in: xor.drc:38
    Polygons (raw): 161 (flat)  21 (hierarchical)
    Elapsed: 0.010s  Memory: 250.00M
XOR differences: 161
"output" in: xor.drc:40
    Polygons (raw): 161 (flat)  21 (hierarchical)
    Elapsed: 0.000s  Memory: 250.00M
--- Running XOR for 11/1 ---
"input" in: xor.drc:38
    Polygons (raw): 0 (flat)  0 (hierarchical)
    Elapsed: 0.010s  Memory: 250.00M
"input" in: xor.drc:38
    Polygons (raw): 0 (flat)  0 (hierarchical)
    Elapsed: 0.010s  Memory: 250.00M
"^" in: xor.drc:38
    Polygons (raw): 0 (flat)  0 (hierarchical)
    Elapsed: 0.000s  Memory: 250.00M
XOR differences: 0
"output" in: xor.drc:40
    Polygons (raw): 0 (flat)  0 (hierarchical)
    Elapsed: 0.010s  Memory: 250.00M
--- Running XOR for 11/2 ---
"input" in: xor.drc:38
    Polygons (raw): 0 (flat)  0 (hierarchical)
    Elapsed: 0.000s  Memory: 250.00M
"input" in: xor.drc:38
    Polygons (raw): 12 (flat)  12 (hierarchical)
    Elapsed: 0.010s  Memory: 250.00M
"^" in: xor.drc:38
    Polygons (raw): 12 (flat)  12 (hierarchical)
    Elapsed: 0.010s  Memory: 250.00M
XOR differences: 12
"output" in: xor.drc:40
    Polygons (raw): 12 (flat)  12 (hierarchical)
    Elapsed: 0.000s  Memory: 250.00M
--- Running XOR for 122/16 ---
"input" in: xor.drc:38
    Polygons (raw): 1498 (flat)  22 (hierarchical)
    Elapsed: 0.010s  Memory: 250.00M
"input" in: xor.drc:38
    Polygons (raw): 1498 (flat)  22 (hierarchical)
    Elapsed: 0.010s  Memory: 250.00M
"^" in: xor.drc:38
    Polygons (raw): 0 (flat)  0 (hierarchical)
    Elapsed: 0.010s  Memory: 250.00M
XOR differences: 0
"output" in: xor.drc:40
    Polygons (raw): 0 (flat)  0 (hierarchical)
    Elapsed: 0.000s  Memory: 250.00M
--- Running XOR for 125/44 ---
"input" in: xor.drc:38
    Polygons (raw): 156 (flat)  1 (hierarchical)
    Elapsed: 0.010s  Memory: 250.00M
"input" in: xor.drc:38
    Polygons (raw): 156 (flat)  1 (hierarchical)
    Elapsed: 0.000s  Memory: 250.00M
"^" in: xor.drc:38
    Polygons (raw): 0 (flat)  0 (hierarchical)
    Elapsed: 0.010s  Memory: 250.00M
XOR differences: 0
"output" in: xor.drc:40
    Polygons (raw): 0 (flat)  0 (hierarchical)
    Elapsed: 0.010s  Memory: 250.00M
--- Running XOR for 14/0 ---
"input" in: xor.drc:38
    Polygons (raw): 0 (flat)  0 (hierarchical)
    Elapsed: 0.000s  Memory: 250.00M
"input" in: xor.drc:38
    Polygons (raw): 1 (flat)  1 (hierarchical)
    Elapsed: 0.010s  Memory: 250.00M
"^" in: xor.drc:38
    Polygons (raw): 1 (flat)  1 (hierarchical)
    Elapsed: 0.010s  Memory: 250.00M
XOR differences: 1
"output" in: xor.drc:40
    Polygons (raw): 1 (flat)  1 (hierarchical)
    Elapsed: 0.000s  Memory: 250.00M
--- Running XOR for 235/4 ---
"input" in: xor.drc:38
    Polygons (raw): 157 (flat)  2 (hierarchical)
    Elapsed: 0.010s  Memory: 250.00M
"input" in: xor.drc:38
    Polygons (raw): 156 (flat)  1 (hierarchical)
    Elapsed: 0.010s  Memory: 250.00M
"^" in: xor.drc:38
    Polygons (raw): 7 (flat)  7 (hierarchical)
    Elapsed: 0.000s  Memory: 250.00M
XOR differences: 7
"output" in: xor.drc:40
    Polygons (raw): 7 (flat)  7 (hierarchical)
    Elapsed: 0.010s  Memory: 250.00M
--- Running XOR for 236/0 ---
"input" in: xor.drc:38
    Polygons (raw): 504 (flat)  15 (hierarchical)
    Elapsed: 0.010s  Memory: 250.00M
"input" in: xor.drc:38
    Polygons (raw): 504 (flat)  15 (hierarchical)
    Elapsed: 0.000s  Memory: 250.00M
"^" in: xor.drc:38
    Polygons (raw): 0 (flat)  0 (hierarchical)
    Elapsed: 0.010s  Memory: 250.00M
XOR differences: 0
"output" in: xor.drc:40
    Polygons (raw): 0 (flat)  0 (hierarchical)
    Elapsed: 0.010s  Memory: 250.00M
--- Running XOR for 3/0 ---
"input" in: xor.drc:38
    Polygons (raw): 0 (flat)  0 (hierarchical)
    Elapsed: 0.010s  Memory: 250.00M
"input" in: xor.drc:38
    Polygons (raw): 613 (flat)  1 (hierarchical)
    Elapsed: 0.010s  Memory: 250.00M
"^" in: xor.drc:38
    Polygons (raw): 613 (flat)  1 (hierarchical)
    Elapsed: 0.000s  Memory: 250.00M
XOR differences: 613
"output" in: xor.drc:40
    Polygons (raw): 613 (flat)  1 (hierarchical)
    Elapsed: 0.010s  Memory: 250.00M
--- Running XOR for 4/0 ---
"input" in: xor.drc:38
    Polygons (raw): 0 (flat)  0 (hierarchical)
    Elapsed: 0.000s  Memory: 250.00M
"input" in: xor.drc:38
    Polygons (raw): 613 (flat)  1 (hierarchical)
    Elapsed: 0.010s  Memory: 250.00M
"^" in: xor.drc:38
    Polygons (raw): 613 (flat)  1 (hierarchical)
    Elapsed: 0.010s  Memory: 250.00M
XOR differences: 613
"output" in: xor.drc:40
    Polygons (raw): 613 (flat)  1 (hierarchical)
    Elapsed: 0.000s  Memory: 250.00M
--- Running XOR for 5/0 ---
"input" in: xor.drc:38
    Polygons (raw): 0 (flat)  0 (hierarchical)
    Elapsed: 0.010s  Memory: 250.00M
"input" in: xor.drc:38
    Polygons (raw): 2691 (flat)  1111 (hierarchical)
    Elapsed: 0.010s  Memory: 250.00M
"^" in: xor.drc:38
    Polygons (raw): 2691 (flat)  1111 (hierarchical)
    Elapsed: 0.000s  Memory: 250.00M
XOR differences: 2691
"output" in: xor.drc:40
    Polygons (raw): 2691 (flat)  1111 (hierarchical)
    Elapsed: 0.010s  Memory: 250.00M
--- Running XOR for 6/0 ---
"input" in: xor.drc:38
    Polygons (raw): 0 (flat)  0 (hierarchical)
    Elapsed: 0.010s  Memory: 250.00M
"input" in: xor.drc:38
    Polygons (raw): 1498 (flat)  6 (hierarchical)
    Elapsed: 0.000s  Memory: 250.00M
"^" in: xor.drc:38
    Polygons (raw): 1498 (flat)  6 (hierarchical)
    Elapsed: 0.010s  Memory: 250.00M
XOR differences: 1498
"output" in: xor.drc:40
    Polygons (raw): 1498 (flat)  6 (hierarchical)
    Elapsed: 0.010s  Memory: 250.00M
--- Running XOR for 64/16 ---
"input" in: xor.drc:38
    Polygons (raw): 1498 (flat)  22 (hierarchical)
    Elapsed: 0.000s  Memory: 250.00M
"input" in: xor.drc:38
    Polygons (raw): 1498 (flat)  22 (hierarchical)
    Elapsed: 0.010s  Memory: 250.00M
"^" in: xor.drc:38
    Polygons (raw): 0 (flat)  0 (hierarchical)
    Elapsed: 0.020s  Memory: 250.00M
XOR differences: 0
"output" in: xor.drc:40
    Polygons (raw): 0 (flat)  0 (hierarchical)
    Elapsed: 0.000s  Memory: 250.00M
--- Running XOR for 64/20 ---
"input" in: xor.drc:38
    Polygons (raw): 1301 (flat)  21 (hierarchical)
    Elapsed: 0.010s  Memory: 250.00M
"input" in: xor.drc:38
    Polygons (raw): 1301 (flat)  21 (hierarchical)
    Elapsed: 0.000s  Memory: 250.00M
"^" in: xor.drc:38
    Polygons (raw): 0 (flat)  0 (hierarchical)
    Elapsed: 0.020s  Memory: 250.00M
XOR differences: 0
"output" in: xor.drc:40
    Polygons (raw): 0 (flat)  0 (hierarchical)
    Elapsed: 0.000s  Memory: 250.00M
--- Running XOR for 64/5 ---
"input" in: xor.drc:38
    Polygons (raw): 0 (flat)  0 (hierarchical)
    Elapsed: 0.010s  Memory: 250.00M
"input" in: xor.drc:38
    Polygons (raw): 0 (flat)  0 (hierarchical)
    Elapsed: 0.000s  Memory: 250.00M
"^" in: xor.drc:38
    Polygons (raw): 0 (flat)  0 (hierarchical)
    Elapsed: 0.010s  Memory: 250.00M
XOR differences: 0
"output" in: xor.drc:40
    Polygons (raw): 0 (flat)  0 (hierarchical)
    Elapsed: 0.010s  Memory: 250.00M
--- Running XOR for 64/59 ---
"input" in: xor.drc:38
    Polygons (raw): 0 (flat)  0 (hierarchical)
    Elapsed: 0.000s  Memory: 250.00M
"input" in: xor.drc:38
    Polygons (raw): 0 (flat)  0 (hierarchical)
    Elapsed: 0.010s  Memory: 250.00M
"^" in: xor.drc:38
    Polygons (raw): 0 (flat)  0 (hierarchical)
    Elapsed: 0.010s  Memory: 250.00M
XOR differences: 0
"output" in: xor.drc:40
    Polygons (raw): 0 (flat)  0 (hierarchical)
    Elapsed: 0.000s  Memory: 250.00M
--- Running XOR for 65/20 ---
"input" in: xor.drc:38
    Polygons (raw): 2067 (flat)  37 (hierarchical)
    Elapsed: 0.010s  Memory: 250.00M
"input" in: xor.drc:38
    Polygons (raw): 2067 (flat)  37 (hierarchical)
    Elapsed: 0.010s  Memory: 250.00M
"^" in: xor.drc:38
    Polygons (raw): 0 (flat)  0 (hierarchical)
    Elapsed: 0.020s  Memory: 251.00M
XOR differences: 0
"output" in: xor.drc:40
    Polygons (raw): 0 (flat)  0 (hierarchical)
    Elapsed: 0.000s  Memory: 251.00M
--- Running XOR for 65/44 ---
"input" in: xor.drc:38
    Polygons (raw): 230 (flat)  2 (hierarchical)
    Elapsed: 0.010s  Memory: 251.00M
"input" in: xor.drc:38
    Polygons (raw): 230 (flat)  2 (hierarchical)
    Elapsed: 0.010s  Memory: 251.00M
"^" in: xor.drc:38
    Polygons (raw): 0 (flat)  0 (hierarchical)
    Elapsed: 0.000s  Memory: 251.00M
XOR differences: 0
"output" in: xor.drc:40
    Polygons (raw): 0 (flat)  0 (hierarchical)
    Elapsed: 0.010s  Memory: 251.00M
--- Running XOR for 66/20 ---
"input" in: xor.drc:38
    Polygons (raw): 4658 (flat)  61 (hierarchical)
    Elapsed: 0.010s  Memory: 251.00M
"input" in: xor.drc:38
    Polygons (raw): 4658 (flat)  61 (hierarchical)
    Elapsed: 0.000s  Memory: 251.00M
"^" in: xor.drc:38
    Polygons (raw): 0 (flat)  0 (hierarchical)
    Elapsed: 0.060s  Memory: 251.00M
XOR differences: 0
"output" in: xor.drc:40
    Polygons (raw): 0 (flat)  0 (hierarchical)
    Elapsed: 0.010s  Memory: 251.00M
--- Running XOR for 66/44 ---
"input" in: xor.drc:38
    Polygons (raw): 11050 (flat)  230 (hierarchical)
    Elapsed: 0.010s  Memory: 251.00M
"input" in: xor.drc:38
    Polygons (raw): 11050 (flat)  230 (hierarchical)
    Elapsed: 0.010s  Memory: 251.00M
"^" in: xor.drc:38
    Polygons (raw): 0 (flat)  0 (hierarchical)
    Elapsed: 0.100s  Memory: 251.00M
XOR differences: 0
"output" in: xor.drc:40
    Polygons (raw): 0 (flat)  0 (hierarchical)
    Elapsed: 0.010s  Memory: 251.00M
--- Running XOR for 67/16 ---
"input" in: xor.drc:38
    Polygons (raw): 1604 (flat)  72 (hierarchical)
    Elapsed: 0.010s  Memory: 251.00M
"input" in: xor.drc:38
    Polygons (raw): 1604 (flat)  72 (hierarchical)
    Elapsed: 0.000s  Memory: 251.00M
"^" in: xor.drc:38
    Polygons (raw): 0 (flat)  0 (hierarchical)
    Elapsed: 0.020s  Memory: 251.00M
XOR differences: 0
"output" in: xor.drc:40
    Polygons (raw): 0 (flat)  0 (hierarchical)
    Elapsed: 0.000s  Memory: 251.00M
--- Running XOR for 67/20 ---
"input" in: xor.drc:38
    Polygons (raw): 8843 (flat)  728 (hierarchical)
    Elapsed: 0.010s  Memory: 251.00M
"input" in: xor.drc:38
    Polygons (raw): 8230 (flat)  115 (hierarchical)
    Elapsed: 0.010s  Memory: 251.00M
"^" in: xor.drc:38
    Polygons (raw): 255 (flat)  255 (hierarchical)
    Elapsed: 0.080s  Memory: 256.00M
XOR differences: 255
"output" in: xor.drc:40
    Polygons (raw): 255 (flat)  255 (hierarchical)
    Elapsed: 0.010s  Memory: 256.00M
--- Running XOR for 67/44 ---
"input" in: xor.drc:38
    Polygons (raw): 16675 (flat)  851 (hierarchical)
    Elapsed: 0.010s  Memory: 256.00M
"input" in: xor.drc:38
    Polygons (raw): 16062 (flat)  238 (hierarchical)
    Elapsed: 0.000s  Memory: 256.00M
"^" in: xor.drc:38
    Polygons (raw): 613 (flat)  613 (hierarchical)
    Elapsed: 0.090s  Memory: 256.00M
XOR differences: 613
"output" in: xor.drc:40
    Polygons (raw): 613 (flat)  613 (hierarchical)
    Elapsed: 0.010s  Memory: 256.00M
--- Running XOR for 67/5 ---
"input" in: xor.drc:38
    Polygons (raw): 0 (flat)  0 (hierarchical)
    Elapsed: 0.000s  Memory: 256.00M
"input" in: xor.drc:38
    Polygons (raw): 0 (flat)  0 (hierarchical)
    Elapsed: 0.010s  Memory: 256.00M
"^" in: xor.drc:38
    Polygons (raw): 0 (flat)  0 (hierarchical)
    Elapsed: 0.010s  Memory: 256.00M
XOR differences: 0
"output" in: xor.drc:40
    Polygons (raw): 0 (flat)  0 (hierarchical)
    Elapsed: 0.000s  Memory: 256.00M
--- Running XOR for 68/16 ---
"input" in: xor.drc:38
    Polygons (raw): 3538 (flat)  48 (hierarchical)
    Elapsed: 0.010s  Memory: 256.00M
"input" in: xor.drc:38
    Polygons (raw): 3538 (flat)  48 (hierarchical)
    Elapsed: 0.010s  Memory: 256.00M
"^" in: xor.drc:38
    Polygons (raw): 0 (flat)  0 (hierarchical)
    Elapsed: 0.030s  Memory: 256.00M
XOR differences: 0
"output" in: xor.drc:40
    Polygons (raw): 0 (flat)  0 (hierarchical)
    Elapsed: 0.000s  Memory: 256.00M
--- Running XOR for 68/20 ---
"input" in: xor.drc:38
    Polygons (raw): 9570 (flat)  3445 (hierarchical)
    Elapsed: 0.010s  Memory: 256.00M
"input" in: xor.drc:38
    Polygons (raw): 6190 (flat)  65 (hierarchical)
    Elapsed: 0.010s  Memory: 256.00M
"^" in: xor.drc:38
    Polygons (raw): 688 (flat)  688 (hierarchical)
    Elapsed: 0.060s  Memory: 256.00M
XOR differences: 688
"output" in: xor.drc:40
    Polygons (raw): 688 (flat)  688 (hierarchical)
    Elapsed: 0.000s  Memory: 256.00M
--- Running XOR for 68/44 ---
"input" in: xor.drc:38
    Polygons (raw): 1498 (flat)  1498 (hierarchical)
    Elapsed: 0.010s  Memory: 256.00M
"input" in: xor.drc:38
    Polygons (raw): 0 (flat)  0 (hierarchical)
    Elapsed: 0.010s  Memory: 256.00M
"^" in: xor.drc:38
    Polygons (raw): 1498 (flat)  1498 (hierarchical)
    Elapsed: 0.000s  Memory: 256.00M
XOR differences: 1498
"output" in: xor.drc:40
    Polygons (raw): 1498 (flat)  1498 (hierarchical)
    Elapsed: 0.010s  Memory: 256.00M
--- Running XOR for 68/5 ---
"input" in: xor.drc:38
    Polygons (raw): 0 (flat)  0 (hierarchical)
    Elapsed: 0.010s  Memory: 256.00M
"input" in: xor.drc:38
    Polygons (raw): 0 (flat)  0 (hierarchical)
    Elapsed: 0.000s  Memory: 256.00M
"^" in: xor.drc:38
    Polygons (raw): 0 (flat)  0 (hierarchical)
    Elapsed: 0.010s  Memory: 256.00M
XOR differences: 0
"output" in: xor.drc:40
    Polygons (raw): 0 (flat)  0 (hierarchical)
    Elapsed: 0.010s  Memory: 256.00M
--- Running XOR for 69/16 ---
"input" in: xor.drc:38
    Polygons (raw): 8 (flat)  8 (hierarchical)
    Elapsed: 0.000s  Memory: 256.00M
"input" in: xor.drc:38
    Polygons (raw): 0 (flat)  0 (hierarchical)
    Elapsed: 0.010s  Memory: 256.00M
"^" in: xor.drc:38
    Polygons (raw): 8 (flat)  8 (hierarchical)
    Elapsed: 0.010s  Memory: 256.00M
XOR differences: 8
"output" in: xor.drc:40
    Polygons (raw): 8 (flat)  8 (hierarchical)
    Elapsed: 0.000s  Memory: 256.00M
--- Running XOR for 69/20 ---
"input" in: xor.drc:38
    Polygons (raw): 2030 (flat)  2030 (hierarchical)
    Elapsed: 0.010s  Memory: 256.00M
"input" in: xor.drc:38
    Polygons (raw): 0 (flat)  0 (hierarchical)
    Elapsed: 0.010s  Memory: 256.00M
"^" in: xor.drc:38
    Polygons (raw): 2030 (flat)  2030 (hierarchical)
    Elapsed: 0.000s  Memory: 256.00M
XOR differences: 2030
"output" in: xor.drc:40
    Polygons (raw): 2030 (flat)  2030 (hierarchical)
    Elapsed: 0.010s  Memory: 256.00M
--- Running XOR for 69/44 ---
"input" in: xor.drc:38
    Polygons (raw): 807 (flat)  807 (hierarchical)
    Elapsed: 0.010s  Memory: 256.00M
"input" in: xor.drc:38
    Polygons (raw): 0 (flat)  0 (hierarchical)
    Elapsed: 0.000s  Memory: 256.00M
"^" in: xor.drc:38
    Polygons (raw): 807 (flat)  807 (hierarchical)
    Elapsed: 0.010s  Memory: 256.00M
XOR differences: 807
"output" in: xor.drc:40
    Polygons (raw): 807 (flat)  807 (hierarchical)
    Elapsed: 0.010s  Memory: 256.00M
--- Running XOR for 7/0 ---
"input" in: xor.drc:38
    Polygons (raw): 0 (flat)  0 (hierarchical)
    Elapsed: 0.000s  Memory: 256.00M
"input" in: xor.drc:38
    Polygons (raw): 2303 (flat)  926 (hierarchical)
    Elapsed: 0.010s  Memory: 256.00M
"^" in: xor.drc:38
    Polygons (raw): 2303 (flat)  926 (hierarchical)
    Elapsed: 0.010s  Memory: 256.00M
XOR differences: 2303
"output" in: xor.drc:40
    Polygons (raw): 2303 (flat)  926 (hierarchical)
    Elapsed: 0.000s  Memory: 256.00M
--- Running XOR for 7/1 ---
"input" in: xor.drc:38
    Polygons (raw): 0 (flat)  0 (hierarchical)
    Elapsed: 0.010s  Memory: 256.00M
"input" in: xor.drc:38
    Polygons (raw): 0 (flat)  0 (hierarchical)
    Elapsed: 0.010s  Memory: 256.00M
"^" in: xor.drc:38
    Polygons (raw): 0 (flat)  0 (hierarchical)
    Elapsed: 0.000s  Memory: 256.00M
XOR differences: 0
"output" in: xor.drc:40
    Polygons (raw): 0 (flat)  0 (hierarchical)
    Elapsed: 0.010s  Memory: 256.00M
--- Running XOR for 7/2 ---
"input" in: xor.drc:38
    Polygons (raw): 0 (flat)  0 (hierarchical)
    Elapsed: 0.000s  Memory: 256.00M
"input" in: xor.drc:38
    Polygons (raw): 8 (flat)  8 (hierarchical)
    Elapsed: 0.010s  Memory: 256.00M
"^" in: xor.drc:38
    Polygons (raw): 8 (flat)  8 (hierarchical)
    Elapsed: 0.010s  Memory: 256.00M
XOR differences: 8
"output" in: xor.drc:40
    Polygons (raw): 8 (flat)  8 (hierarchical)
    Elapsed: 0.000s  Memory: 256.00M
--- Running XOR for 70/16 ---
"input" in: xor.drc:38
    Polygons (raw): 27 (flat)  27 (hierarchical)
    Elapsed: 0.010s  Memory: 256.00M
"input" in: xor.drc:38
    Polygons (raw): 0 (flat)  0 (hierarchical)
    Elapsed: 0.010s  Memory: 256.00M
"^" in: xor.drc:38
    Polygons (raw): 27 (flat)  27 (hierarchical)
    Elapsed: 0.000s  Memory: 256.00M
XOR differences: 27
"output" in: xor.drc:40
    Polygons (raw): 27 (flat)  27 (hierarchical)
    Elapsed: 0.010s  Memory: 256.00M
--- Running XOR for 70/20 ---
"input" in: xor.drc:38
    Polygons (raw): 1004 (flat)  1004 (hierarchical)
    Elapsed: 0.000s  Memory: 256.00M
"input" in: xor.drc:38
    Polygons (raw): 0 (flat)  0 (hierarchical)
    Elapsed: 0.010s  Memory: 256.00M
"^" in: xor.drc:38
    Polygons (raw): 1004 (flat)  1004 (hierarchical)
    Elapsed: 0.010s  Memory: 256.00M
XOR differences: 1004
"output" in: xor.drc:40
    Polygons (raw): 1004 (flat)  1004 (hierarchical)
    Elapsed: 0.000s  Memory: 256.00M
--- Running XOR for 70/44 ---
"input" in: xor.drc:38
    Polygons (raw): 538 (flat)  538 (hierarchical)
    Elapsed: 0.000s  Memory: 256.00M
"input" in: xor.drc:38
    Polygons (raw): 0 (flat)  0 (hierarchical)
    Elapsed: 0.010s  Memory: 256.00M
"^" in: xor.drc:38
    Polygons (raw): 538 (flat)  538 (hierarchical)
    Elapsed: 0.000s  Memory: 256.00M
XOR differences: 538
"output" in: xor.drc:40
    Polygons (raw): 538 (flat)  538 (hierarchical)
    Elapsed: 0.010s  Memory: 256.00M
--- Running XOR for 71/16 ---
"input" in: xor.drc:38
    Polygons (raw): 12 (flat)  12 (hierarchical)
    Elapsed: 0.010s  Memory: 256.00M
"input" in: xor.drc:38
    Polygons (raw): 0 (flat)  0 (hierarchical)
    Elapsed: 0.000s  Memory: 256.00M
"^" in: xor.drc:38
    Polygons (raw): 12 (flat)  12 (hierarchical)
    Elapsed: 0.010s  Memory: 256.00M
XOR differences: 12
"output" in: xor.drc:40
    Polygons (raw): 12 (flat)  12 (hierarchical)
    Elapsed: 0.000s  Memory: 256.00M
--- Running XOR for 71/20 ---
"input" in: xor.drc:38
    Polygons (raw): 29 (flat)  29 (hierarchical)
    Elapsed: 0.010s  Memory: 256.00M
"input" in: xor.drc:38
    Polygons (raw): 0 (flat)  0 (hierarchical)
    Elapsed: 0.010s  Memory: 256.00M
"^" in: xor.drc:38
    Polygons (raw): 29 (flat)  29 (hierarchical)
    Elapsed: 0.000s  Memory: 256.00M
XOR differences: 29
"output" in: xor.drc:40
    Polygons (raw): 29 (flat)  29 (hierarchical)
    Elapsed: 0.010s  Memory: 256.00M
--- Running XOR for 78/44 ---
"input" in: xor.drc:38
    Polygons (raw): 833 (flat)  18 (hierarchical)
    Elapsed: 0.010s  Memory: 256.00M
"input" in: xor.drc:38
    Polygons (raw): 833 (flat)  18 (hierarchical)
    Elapsed: 0.000s  Memory: 256.00M
"^" in: xor.drc:38
    Polygons (raw): 0 (flat)  0 (hierarchical)
    Elapsed: 0.020s  Memory: 256.00M
XOR differences: 0
"output" in: xor.drc:40
    Polygons (raw): 0 (flat)  0 (hierarchical)
    Elapsed: 0.000s  Memory: 256.00M
--- Running XOR for 8/0 ---
"input" in: xor.drc:38
    Polygons (raw): 0 (flat)  0 (hierarchical)
    Elapsed: 0.010s  Memory: 256.00M
"input" in: xor.drc:38
    Polygons (raw): 807 (flat)  5 (hierarchical)
    Elapsed: 0.010s  Memory: 256.00M
"^" in: xor.drc:38
    Polygons (raw): 807 (flat)  5 (hierarchical)
    Elapsed: 0.000s  Memory: 256.00M
XOR differences: 807
"output" in: xor.drc:40
    Polygons (raw): 807 (flat)  5 (hierarchical)
    Elapsed: 0.010s  Memory: 256.00M
--- Running XOR for 81/23 ---
"input" in: xor.drc:38
    Polygons (raw): 54 (flat)  1 (hierarchical)
    Elapsed: 0.010s  Memory: 256.00M
"input" in: xor.drc:38
    Polygons (raw): 54 (flat)  1 (hierarchical)
    Elapsed: 0.000s  Memory: 256.00M
"^" in: xor.drc:38
    Polygons (raw): 0 (flat)  0 (hierarchical)
    Elapsed: 0.010s  Memory: 256.00M
XOR differences: 0
"output" in: xor.drc:40
    Polygons (raw): 0 (flat)  0 (hierarchical)
    Elapsed: 0.010s  Memory: 256.00M
--- Running XOR for 81/4 ---
"input" in: xor.drc:38
    Polygons (raw): 833 (flat)  18 (hierarchical)
    Elapsed: 0.000s  Memory: 256.00M
"input" in: xor.drc:38
    Polygons (raw): 833 (flat)  18 (hierarchical)
    Elapsed: 0.010s  Memory: 256.00M
"^" in: xor.drc:38
    Polygons (raw): 0 (flat)  0 (hierarchical)
    Elapsed: 0.010s  Memory: 256.00M
XOR differences: 0
"output" in: xor.drc:40
    Polygons (raw): 0 (flat)  0 (hierarchical)
    Elapsed: 0.010s  Memory: 256.00M
--- Running XOR for 83/44 ---
"input" in: xor.drc:38
    Polygons (raw): 0 (flat)  0 (hierarchical)
    Elapsed: 0.010s  Memory: 256.00M
"input" in: xor.drc:38
    Polygons (raw): 0 (flat)  0 (hierarchical)
    Elapsed: 0.000s  Memory: 256.00M
"^" in: xor.drc:38
    Polygons (raw): 0 (flat)  0 (hierarchical)
    Elapsed: 0.010s  Memory: 256.00M
XOR differences: 0
"output" in: xor.drc:40
    Polygons (raw): 0 (flat)  0 (hierarchical)
    Elapsed: 0.010s  Memory: 256.00M
--- Running XOR for 9/0 ---
"input" in: xor.drc:38
    Polygons (raw): 0 (flat)  0 (hierarchical)
    Elapsed: 0.000s  Memory: 256.00M
"input" in: xor.drc:38
    Polygons (raw): 932 (flat)  383 (hierarchical)
    Elapsed: 0.010s  Memory: 256.00M
"^" in: xor.drc:38
    Polygons (raw): 932 (flat)  383 (hierarchical)
    Elapsed: 0.010s  Memory: 256.00M
XOR differences: 932
"output" in: xor.drc:40
    Polygons (raw): 932 (flat)  383 (hierarchical)
    Elapsed: 0.000s  Memory: 256.00M
--- Running XOR for 9/1 ---
"input" in: xor.drc:38
    Polygons (raw): 0 (flat)  0 (hierarchical)
    Elapsed: 0.010s  Memory: 256.00M
"input" in: xor.drc:38
    Polygons (raw): 0 (flat)  0 (hierarchical)
    Elapsed: 0.010s  Memory: 256.00M
"^" in: xor.drc:38
    Polygons (raw): 0 (flat)  0 (hierarchical)
    Elapsed: 0.000s  Memory: 256.00M
XOR differences: 0
"output" in: xor.drc:40
    Polygons (raw): 0 (flat)  0 (hierarchical)
    Elapsed: 0.010s  Memory: 256.00M
--- Running XOR for 9/2 ---
"input" in: xor.drc:38
    Polygons (raw): 0 (flat)  0 (hierarchical)
    Elapsed: 0.010s  Memory: 256.00M
"input" in: xor.drc:38
    Polygons (raw): 27 (flat)  27 (hierarchical)
    Elapsed: 0.000s  Memory: 256.00M
"^" in: xor.drc:38
    Polygons (raw): 27 (flat)  27 (hierarchical)
    Elapsed: 0.010s  Memory: 256.00M
XOR differences: 27
"output" in: xor.drc:40
    Polygons (raw): 27 (flat)  27 (hierarchical)
    Elapsed: 0.000s  Memory: 256.00M
--- Running XOR for 93/44 ---
"input" in: xor.drc:38
    Polygons (raw): 1572 (flat)  23 (hierarchical)
    Elapsed: 0.010s  Memory: 256.00M
"input" in: xor.drc:38
    Polygons (raw): 1572 (flat)  23 (hierarchical)
    Elapsed: 0.010s  Memory: 256.00M
"^" in: xor.drc:38
    Polygons (raw): 0 (flat)  0 (hierarchical)
    Elapsed: 0.020s  Memory: 256.00M
XOR differences: 0
"output" in: xor.drc:40
    Polygons (raw): 0 (flat)  0 (hierarchical)
    Elapsed: 0.000s  Memory: 256.00M
--- Running XOR for 94/20 ---
"input" in: xor.drc:38
    Polygons (raw): 1260 (flat)  21 (hierarchical)
    Elapsed: 0.010s  Memory: 256.00M
"input" in: xor.drc:38
    Polygons (raw): 1260 (flat)  21 (hierarchical)
    Elapsed: 0.010s  Memory: 256.00M
"^" in: xor.drc:38
    Polygons (raw): 0 (flat)  0 (hierarchical)
    Elapsed: 0.020s  Memory: 256.00M
XOR differences: 0
"output" in: xor.drc:40
    Polygons (raw): 0 (flat)  0 (hierarchical)
    Elapsed: 0.000s  Memory: 256.00M
--- Running XOR for 95/20 ---
"input" in: xor.drc:38
    Polygons (raw): 1230 (flat)  19 (hierarchical)
    Elapsed: 0.010s  Memory: 256.00M
"input" in: xor.drc:38
    Polygons (raw): 1230 (flat)  19 (hierarchical)
    Elapsed: 0.000s  Memory: 256.00M
"^" in: xor.drc:38
    Polygons (raw): 0 (flat)  0 (hierarchical)
    Elapsed: 0.010s  Memory: 256.00M
XOR differences: 0
"output" in: xor.drc:40
    Polygons (raw): 0 (flat)  0 (hierarchical)
    Elapsed: 0.010s  Memory: 256.00M
Writing report database: /foss/designs/SKY130_SAR-ADC/openlane/adc_clkgen_with_edgedetect/runs/germknedl/reports/signoff/adc_clkgen_with_edgedetect.xor.xml ..
Total elapsed: 2.160s  Memory: 256.00M
