OpenROAD v2.0-3879-g0b8b7ae25 
This program is licensed under the BSD-3 license. See the LICENSE file for details.
Components of this program may be licensed under more restrictive licenses which must be honored.
[INFO ODB-0222] Reading LEF file: /foss/designs/SKY130_SAR-ADC/openlane/adc_edge_detect_circuit/runs/foobar2/tmp/merged.unpadded.nom.lef
[INFO ODB-0223]     Created 13 technology layers
[INFO ODB-0224]     Created 25 technology vias
[INFO ODB-0225]     Created 442 library cells
[INFO ODB-0226] Finished LEF file:  /foss/designs/SKY130_SAR-ADC/openlane/adc_edge_detect_circuit/runs/foobar2/tmp/merged.unpadded.nom.lef
[INFO ODB-0127] Reading DEF file: /foss/designs/SKY130_SAR-ADC/openlane/adc_edge_detect_circuit/runs/foobar2/tmp/placement/8-global.def
[INFO ODB-0128] Design: adc_edge_detect_circuit
[INFO ODB-0130]     Created 5 pins.
[INFO ODB-0131]     Created 228 components and 898 component-terminals.
[INFO ODB-0132]     Created 4 special nets and 732 connections.
[INFO ODB-0133]     Created 84 nets and 166 connections.
[INFO ODB-0134] Finished DEF file: /foss/designs/SKY130_SAR-ADC/openlane/adc_edge_detect_circuit/runs/foobar2/tmp/placement/8-global.def
Placement Analysis
---------------------------------
total displacement       1926.2 u
average displacement        8.4 u
max displacement           52.6 u
original HPWL             749.9 u
legalized HPWL           2785.2 u
delta HPWL                  271 %

[INFO DPL-0020] Mirrored 41 instances
[INFO DPL-0021] HPWL before            2785.2 u
[INFO DPL-0022] HPWL after             2461.8 u
[INFO DPL-0023] HPWL delta              -11.6 %
