
===========================================================================
report_checks -path_delay min (Hold)
============================================================================
Startpoint: dlycontrol3_in[4] (input port clocked by __VIRTUAL_CLK__)
Endpoint: clk_comp_out (output port clocked by __VIRTUAL_CLK__)
Path Group: __VIRTUAL_CLK__
Path Type: min

Fanout     Cap    Slew   Delay    Time   Description
-----------------------------------------------------------------------------
                  0.00    0.00    0.00   clock __VIRTUAL_CLK__ (rise edge)
                          0.00    0.00   clock network delay (ideal)
                       200000.00 200000.00 ^ input external delay
                  0.03    0.01 200000.02 ^ dlycontrol3_in[4] (in)
     1    0.00                           dlycontrol3_in[4] (net)
                  0.03    0.00 200000.02 ^ clkgen.delay_155ns_3.genblk1[4].control_invert/A (sky130_fd_sc_hd__inv_2)
                  0.01    0.01 200000.03 v clkgen.delay_155ns_3.genblk1[4].control_invert/Y (sky130_fd_sc_hd__inv_2)
     1    0.00                           clkgen.delay_155ns_3.bypass_enable_w[4] (net)
                  0.01    0.00 200000.03 v clkgen.delay_155ns_3.genblk1[4].bypass_enable/B (sky130_fd_sc_hd__and2_1)
                  0.04    0.13 200000.16 v clkgen.delay_155ns_3.genblk1[4].bypass_enable/X (sky130_fd_sc_hd__and2_1)
     2    0.00                           clkgen.delay_155ns_3.genblk1[4].dly_binary.bypass_in (net)
                  0.04    0.00 200000.16 v clkgen.delay_155ns_3.genblk1[4].dly_binary.out_mux/S (sky130_fd_sc_hd__mux2_1)
                  0.04    0.17 200000.33 ^ clkgen.delay_155ns_3.genblk1[4].dly_binary.out_mux/X (sky130_fd_sc_hd__mux2_1)
     1    0.00                           clkgen.clk_comp_out (net)
                  0.04    0.00 200000.33 ^ outbuf_2/A (sky130_fd_sc_hd__buf_4)
                  0.10    0.15 200000.48 ^ outbuf_2/X (sky130_fd_sc_hd__buf_4)
     1    0.03                           clk_comp_out (net)
                  0.10    0.00 200000.48 ^ clk_comp_out (out)
                               200000.48   data arrival time

                  0.00    0.00    0.00   clock __VIRTUAL_CLK__ (rise edge)
                          0.00    0.00   clock network delay (ideal)
                          0.25    0.25   clock uncertainty
                          0.00    0.25   clock reconvergence pessimism
                       -200000.00 -199999.75   output external delay
                               -199999.75   data required time
-----------------------------------------------------------------------------
                               -199999.75   data required time
                               -200000.48   data arrival time
-----------------------------------------------------------------------------
                               400000.22   slack (MET)


Startpoint: dlycontrol1_in[4] (input port clocked by __VIRTUAL_CLK__)
Endpoint: clk_dig_out (output port clocked by __VIRTUAL_CLK__)
Path Group: __VIRTUAL_CLK__
Path Type: min

Fanout     Cap    Slew   Delay    Time   Description
-----------------------------------------------------------------------------
                  0.00    0.00    0.00   clock __VIRTUAL_CLK__ (rise edge)
                          0.00    0.00   clock network delay (ideal)
                       200000.00 200000.00 v input external delay
                  0.01    0.00 200000.00 v dlycontrol1_in[4] (in)
     1    0.00                           dlycontrol1_in[4] (net)
                  0.01    0.00 200000.00 v clkgen.delay_155ns_1.genblk1[4].control_invert/A (sky130_fd_sc_hd__inv_2)
                  0.01    0.01 200000.02 ^ clkgen.delay_155ns_1.genblk1[4].control_invert/Y (sky130_fd_sc_hd__inv_2)
     1    0.00                           clkgen.delay_155ns_1.bypass_enable_w[4] (net)
                  0.01    0.00 200000.02 ^ clkgen.delay_155ns_1.genblk1[4].bypass_enable/B (sky130_fd_sc_hd__and2_1)
                  0.07    0.12 200000.12 ^ clkgen.delay_155ns_1.genblk1[4].bypass_enable/X (sky130_fd_sc_hd__and2_1)
     2    0.01                           clkgen.delay_155ns_1.genblk1[4].dly_binary.bypass_in (net)
                  0.07    0.00 200000.12 ^ clkgen.delay_155ns_1.genblk1[4].dly_binary.out_mux/S (sky130_fd_sc_hd__mux2_1)
                  0.06    0.31 200000.44 v clkgen.delay_155ns_1.genblk1[4].dly_binary.out_mux/X (sky130_fd_sc_hd__mux2_1)
     1    0.00                           clkgen.delay_155ns_1.genblk1[4].dly_binary.out (net)
                  0.06    0.00 200000.44 v clkgen.clkdig_inverter/A (sky130_fd_sc_hd__inv_2)
                  0.04    0.06 200000.50 ^ clkgen.clkdig_inverter/Y (sky130_fd_sc_hd__inv_2)
     3    0.01                           clkgen.clk_dig_out (net)
                  0.04    0.00 200000.50 ^ outbuf_1/A (sky130_fd_sc_hd__buf_4)
                  0.10    0.15 200000.64 ^ outbuf_1/X (sky130_fd_sc_hd__buf_4)
     1    0.03                           clk_dig_out (net)
                  0.10    0.00 200000.64 ^ clk_dig_out (out)
                               200000.64   data arrival time

                  0.00    0.00    0.00   clock __VIRTUAL_CLK__ (rise edge)
                          0.00    0.00   clock network delay (ideal)
                          0.25    0.25   clock uncertainty
                          0.00    0.25   clock reconvergence pessimism
                       -200000.00 -199999.75   output external delay
                               -199999.75   data required time
-----------------------------------------------------------------------------
                               -199999.75   data required time
                               -200000.64   data arrival time
-----------------------------------------------------------------------------
                               400000.38   slack (MET)


Startpoint: nsample_n_in (input port clocked by __VIRTUAL_CLK__)
Endpoint: nsample_n_out (output port clocked by __VIRTUAL_CLK__)
Path Group: __VIRTUAL_CLK__
Path Type: min

Fanout     Cap    Slew   Delay    Time   Description
-----------------------------------------------------------------------------
                  0.00    0.00    0.00   clock __VIRTUAL_CLK__ (rise edge)
                          0.00    0.00   clock network delay (ideal)
                       200000.00 200000.00 ^ input external delay
                  0.02    0.00 200000.00 ^ nsample_n_in (in)
     1    0.00                           nsample_n_in (net)
                  0.02    0.00 200000.00 ^ sampledly04/A (sky130_fd_sc_hd__dlymetal6s6s_1)
                  0.03    0.22 200000.22 ^ sampledly04/X (sky130_fd_sc_hd__dlymetal6s6s_1)
     1    0.00                           nsample_n_1 (net)
                  0.03    0.00 200000.22 ^ sampledly14/A (sky130_fd_sc_hd__dlymetal6s6s_1)
                  0.03    0.22 200000.44 ^ sampledly14/X (sky130_fd_sc_hd__dlymetal6s6s_1)
     1    0.00                           nsample_n_2 (net)
                  0.03    0.00 200000.44 ^ sampledly24/A (sky130_fd_sc_hd__dlymetal6s6s_1)
                  0.03    0.22 200000.66 ^ sampledly24/X (sky130_fd_sc_hd__dlymetal6s6s_1)
     1    0.00                           nsample_n_3 (net)
                  0.03    0.00 200000.66 ^ sampledly34/A (sky130_fd_sc_hd__dlymetal6s6s_1)
                  0.04    0.22 200000.88 ^ sampledly34/X (sky130_fd_sc_hd__dlymetal6s6s_1)
     1    0.00                           nsample_n_4 (net)
                  0.04    0.00 200000.88 ^ outbuf_6/A (sky130_fd_sc_hd__buf_4)
                  0.10    0.15 200001.02 ^ outbuf_6/X (sky130_fd_sc_hd__buf_4)
     1    0.03                           nsample_n_out (net)
                  0.10    0.00 200001.02 ^ nsample_n_out (out)
                               200001.02   data arrival time

                  0.00    0.00    0.00   clock __VIRTUAL_CLK__ (rise edge)
                          0.00    0.00   clock network delay (ideal)
                          0.25    0.25   clock uncertainty
                          0.00    0.25   clock reconvergence pessimism
                       -200000.00 -199999.75   output external delay
                               -199999.75   data required time
-----------------------------------------------------------------------------
                               -199999.75   data required time
                               -200001.02   data arrival time
-----------------------------------------------------------------------------
                               400000.78   slack (MET)


Startpoint: nsample_p_in (input port clocked by __VIRTUAL_CLK__)
Endpoint: nsample_p_out (output port clocked by __VIRTUAL_CLK__)
Path Group: __VIRTUAL_CLK__
Path Type: min

Fanout     Cap    Slew   Delay    Time   Description
-----------------------------------------------------------------------------
                  0.00    0.00    0.00   clock __VIRTUAL_CLK__ (rise edge)
                          0.00    0.00   clock network delay (ideal)
                       200000.00 200000.00 ^ input external delay
                  0.02    0.00 200000.00 ^ nsample_p_in (in)
     1    0.00                           nsample_p_in (net)
                  0.02    0.00 200000.00 ^ sampledly03/A (sky130_fd_sc_hd__dlymetal6s6s_1)
                  0.03    0.22 200000.22 ^ sampledly03/X (sky130_fd_sc_hd__dlymetal6s6s_1)
     1    0.00                           nsample_p_1 (net)
                  0.03    0.00 200000.22 ^ sampledly13/A (sky130_fd_sc_hd__dlymetal6s6s_1)
                  0.03    0.22 200000.44 ^ sampledly13/X (sky130_fd_sc_hd__dlymetal6s6s_1)
     1    0.00                           nsample_p_2 (net)
                  0.03    0.00 200000.44 ^ sampledly23/A (sky130_fd_sc_hd__dlymetal6s6s_1)
                  0.03    0.22 200000.66 ^ sampledly23/X (sky130_fd_sc_hd__dlymetal6s6s_1)
     1    0.00                           nsample_p_3 (net)
                  0.03    0.00 200000.66 ^ sampledly33/A (sky130_fd_sc_hd__dlymetal6s6s_1)
                  0.04    0.22 200000.88 ^ sampledly33/X (sky130_fd_sc_hd__dlymetal6s6s_1)
     1    0.00                           nsample_p_4 (net)
                  0.04    0.00 200000.88 ^ outbuf_5/A (sky130_fd_sc_hd__buf_4)
                  0.10    0.15 200001.02 ^ outbuf_5/X (sky130_fd_sc_hd__buf_4)
     1    0.03                           nsample_p_out (net)
                  0.10    0.00 200001.02 ^ nsample_p_out (out)
                               200001.02   data arrival time

                  0.00    0.00    0.00   clock __VIRTUAL_CLK__ (rise edge)
                          0.00    0.00   clock network delay (ideal)
                          0.25    0.25   clock uncertainty
                          0.00    0.25   clock reconvergence pessimism
                       -200000.00 -199999.75   output external delay
                               -199999.75   data required time
-----------------------------------------------------------------------------
                               -199999.75   data required time
                               -200001.02   data arrival time
-----------------------------------------------------------------------------
                               400000.78   slack (MET)


Startpoint: sample_n_in (input port clocked by __VIRTUAL_CLK__)
Endpoint: sample_n_out (output port clocked by __VIRTUAL_CLK__)
Path Group: __VIRTUAL_CLK__
Path Type: min

Fanout     Cap    Slew   Delay    Time   Description
-----------------------------------------------------------------------------
                  0.00    0.00    0.00   clock __VIRTUAL_CLK__ (rise edge)
                          0.00    0.00   clock network delay (ideal)
                       200000.00 200000.00 ^ input external delay
                  0.02    0.00 200000.00 ^ sample_n_in (in)
     1    0.00                           sample_n_in (net)
                  0.02    0.00 200000.00 ^ sampledly02/A (sky130_fd_sc_hd__dlymetal6s6s_1)
                  0.03    0.22 200000.22 ^ sampledly02/X (sky130_fd_sc_hd__dlymetal6s6s_1)
     1    0.00                           sample_n_1 (net)
                  0.03    0.00 200000.22 ^ sampledly12/A (sky130_fd_sc_hd__dlymetal6s6s_1)
                  0.03    0.22 200000.44 ^ sampledly12/X (sky130_fd_sc_hd__dlymetal6s6s_1)
     1    0.00                           sample_n_2 (net)
                  0.03    0.00 200000.44 ^ sampledly22/A (sky130_fd_sc_hd__dlymetal6s6s_1)
                  0.03    0.22 200000.66 ^ sampledly22/X (sky130_fd_sc_hd__dlymetal6s6s_1)
     1    0.00                           sample_n_3 (net)
                  0.03    0.00 200000.66 ^ sampledly32/A (sky130_fd_sc_hd__dlymetal6s6s_1)
                  0.04    0.22 200000.88 ^ sampledly32/X (sky130_fd_sc_hd__dlymetal6s6s_1)
     1    0.00                           sample_n_4 (net)
                  0.04    0.00 200000.88 ^ outbuf_4/A (sky130_fd_sc_hd__buf_4)
                  0.10    0.15 200001.02 ^ outbuf_4/X (sky130_fd_sc_hd__buf_4)
     1    0.03                           sample_n_out (net)
                  0.10    0.00 200001.02 ^ sample_n_out (out)
                               200001.02   data arrival time

                  0.00    0.00    0.00   clock __VIRTUAL_CLK__ (rise edge)
                          0.00    0.00   clock network delay (ideal)
                          0.25    0.25   clock uncertainty
                          0.00    0.25   clock reconvergence pessimism
                       -200000.00 -199999.75   output external delay
                               -199999.75   data required time
-----------------------------------------------------------------------------
                               -199999.75   data required time
                               -200001.02   data arrival time
-----------------------------------------------------------------------------
                               400000.78   slack (MET)


