
===========================================================================
report_checks -unconstrained
============================================================================
Startpoint: dlycontrol1_in[0] (input port clocked by __VIRTUAL_CLK__)
Endpoint: clk_comp_out (output port clocked by __VIRTUAL_CLK__)
Path Group: __VIRTUAL_CLK__
Path Type: max

Fanout     Cap    Slew   Delay    Time   Description
-----------------------------------------------------------------------------
                  0.00    0.00    0.00   clock __VIRTUAL_CLK__ (rise edge)
                          0.00    0.00   clock network delay (ideal)
                       200000.00 200000.00 v input external delay
                  0.01    0.00 200000.00 v dlycontrol1_in[0] (in)
     1    0.00                           dlycontrol1_in[0] (net)
                  0.01    0.00 200000.00 v clkgen.delay_155ns_1.genblk1[0].control_invert/A (sky130_fd_sc_hd__inv_2)
                  0.01    0.03 200000.03 ^ clkgen.delay_155ns_1.genblk1[0].control_invert/Y (sky130_fd_sc_hd__inv_2)
     1    0.00                           clkgen.delay_155ns_1.bypass_enable_w[0] (net)
                  0.01    0.00 200000.03 ^ clkgen.delay_155ns_1.genblk1[0].bypass_enable/B (sky130_fd_sc_hd__and2_1)
                  0.07    0.13 200000.16 ^ clkgen.delay_155ns_1.genblk1[0].bypass_enable/X (sky130_fd_sc_hd__and2_1)
     2    0.01                           clkgen.delay_155ns_1.genblk1[0].dly_binary.bypass_in (net)
                  0.07    0.00 200000.16 ^ clkgen.delay_155ns_1.genblk1[0].dly_binary.out_mux/S (sky130_fd_sc_hd__mux2_1)
                  0.06    0.33 200000.50 v clkgen.delay_155ns_1.genblk1[0].dly_binary.out_mux/X (sky130_fd_sc_hd__mux2_1)
     2    0.00                           clkgen.delay_155ns_1.genblk1[0].dly_binary.out (net)
                  0.06    0.00 200000.50 v clkgen.delay_155ns_1.genblk1[1].dly_binary.out_mux/A1 (sky130_fd_sc_hd__mux2_1)
                  0.06    0.31 200000.80 v clkgen.delay_155ns_1.genblk1[1].dly_binary.out_mux/X (sky130_fd_sc_hd__mux2_1)
     2    0.00                           clkgen.delay_155ns_1.genblk1[1].dly_binary.out (net)
                  0.06    0.00 200000.80 v clkgen.delay_155ns_1.genblk1[2].dly_binary.out_mux/A1 (sky130_fd_sc_hd__mux2_1)
                  0.06    0.31 200001.11 v clkgen.delay_155ns_1.genblk1[2].dly_binary.out_mux/X (sky130_fd_sc_hd__mux2_1)
     2    0.00                           clkgen.delay_155ns_1.genblk1[2].dly_binary.out (net)
                  0.06    0.00 200001.11 v clkgen.delay_155ns_1.genblk1[3].dly_binary.out_mux/A1 (sky130_fd_sc_hd__mux2_1)
                  0.06    0.31 200001.41 v clkgen.delay_155ns_1.genblk1[3].dly_binary.out_mux/X (sky130_fd_sc_hd__mux2_1)
     2    0.00                           clkgen.delay_155ns_1.genblk1[3].dly_binary.out (net)
                  0.06    0.00 200001.41 v clkgen.delay_155ns_1.genblk1[4].dly_binary.out_mux/A1 (sky130_fd_sc_hd__mux2_1)
                  0.07    0.32 200001.73 v clkgen.delay_155ns_1.genblk1[4].dly_binary.out_mux/X (sky130_fd_sc_hd__mux2_1)
     1    0.00                           clkgen.delay_155ns_1.genblk1[4].dly_binary.out (net)
                  0.07    0.00 200001.73 v clkgen.clkdig_inverter/A (sky130_fd_sc_hd__inv_2)
                  0.04    0.06 200001.80 ^ clkgen.clkdig_inverter/Y (sky130_fd_sc_hd__inv_2)
     3    0.01                           clkgen.clk_dig_out (net)
                  0.04    0.00 200001.80 ^ clkgen.delay_155ns_2.genblk1[0].dly_binary.out_mux/A1 (sky130_fd_sc_hd__mux2_1)
                  0.05    0.13 200001.92 ^ clkgen.delay_155ns_2.genblk1[0].dly_binary.out_mux/X (sky130_fd_sc_hd__mux2_1)
     2    0.00                           clkgen.delay_155ns_2.genblk1[0].dly_binary.out (net)
                  0.05    0.00 200001.92 ^ clkgen.delay_155ns_2.genblk1[1].dly_binary.out_mux/A1 (sky130_fd_sc_hd__mux2_1)
                  0.05    0.13 200002.05 ^ clkgen.delay_155ns_2.genblk1[1].dly_binary.out_mux/X (sky130_fd_sc_hd__mux2_1)
     2    0.00                           clkgen.delay_155ns_2.genblk1[1].dly_binary.out (net)
                  0.05    0.00 200002.05 ^ clkgen.delay_155ns_2.genblk1[2].dly_binary.out_mux/A1 (sky130_fd_sc_hd__mux2_1)
                  0.05    0.13 200002.19 ^ clkgen.delay_155ns_2.genblk1[2].dly_binary.out_mux/X (sky130_fd_sc_hd__mux2_1)
     2    0.00                           clkgen.delay_155ns_2.genblk1[2].dly_binary.out (net)
                  0.05    0.00 200002.19 ^ clkgen.delay_155ns_2.genblk1[3].dly_binary.out_mux/A1 (sky130_fd_sc_hd__mux2_1)
                  0.05    0.13 200002.31 ^ clkgen.delay_155ns_2.genblk1[3].dly_binary.out_mux/X (sky130_fd_sc_hd__mux2_1)
     2    0.00                           clkgen.delay_155ns_2.genblk1[3].dly_binary.out (net)
                  0.05    0.00 200002.31 ^ clkgen.delay_155ns_2.genblk1[4].dly_binary.out_mux/A1 (sky130_fd_sc_hd__mux2_1)
                  0.04    0.12 200002.44 ^ clkgen.delay_155ns_2.genblk1[4].dly_binary.out_mux/X (sky130_fd_sc_hd__mux2_1)
     1    0.00                           clkgen.clk_dig_delayed_w (net)
                  0.04    0.00 200002.44 ^ clkgen.nor1/A (sky130_fd_sc_hd__nor2b_1)
                  0.04    0.04 200002.47 v clkgen.nor1/Y (sky130_fd_sc_hd__nor2b_1)
     2    0.00                           clkgen.delay_155ns_3.genblk1[0].dly_binary.in (net)
                  0.04    0.00 200002.47 v clkgen.delay_155ns_3.genblk1[0].dly_binary.out_mux/A1 (sky130_fd_sc_hd__mux2_1)
                  0.06    0.31 200002.78 v clkgen.delay_155ns_3.genblk1[0].dly_binary.out_mux/X (sky130_fd_sc_hd__mux2_1)
     2    0.00                           clkgen.delay_155ns_3.genblk1[0].dly_binary.out (net)
                  0.06    0.00 200002.78 v clkgen.delay_155ns_3.genblk1[1].dly_binary.out_mux/A1 (sky130_fd_sc_hd__mux2_1)
                  0.06    0.31 200003.08 v clkgen.delay_155ns_3.genblk1[1].dly_binary.out_mux/X (sky130_fd_sc_hd__mux2_1)
     2    0.00                           clkgen.delay_155ns_3.genblk1[1].dly_binary.out (net)
                  0.06    0.00 200003.08 v clkgen.delay_155ns_3.genblk1[2].dly_binary.out_mux/A1 (sky130_fd_sc_hd__mux2_1)
                  0.06    0.31 200003.39 v clkgen.delay_155ns_3.genblk1[2].dly_binary.out_mux/X (sky130_fd_sc_hd__mux2_1)
     2    0.00                           clkgen.delay_155ns_3.genblk1[2].dly_binary.out (net)
                  0.06    0.00 200003.39 v clkgen.delay_155ns_3.genblk1[3].dly_binary.out_mux/A1 (sky130_fd_sc_hd__mux2_1)
                  0.06    0.31 200003.70 v clkgen.delay_155ns_3.genblk1[3].dly_binary.out_mux/X (sky130_fd_sc_hd__mux2_1)
     2    0.00                           clkgen.delay_155ns_3.genblk1[3].dly_binary.out (net)
                  0.06    0.00 200003.70 v clkgen.delay_155ns_3.genblk1[4].dly_binary.out_mux/A1 (sky130_fd_sc_hd__mux2_1)
                  0.05    0.31 200004.00 v clkgen.delay_155ns_3.genblk1[4].dly_binary.out_mux/X (sky130_fd_sc_hd__mux2_1)
     1    0.00                           clkgen.clk_comp_out (net)
                  0.05    0.00 200004.00 v outbuf_2/A (sky130_fd_sc_hd__buf_4)
                  0.06    0.17 200004.17 v outbuf_2/X (sky130_fd_sc_hd__buf_4)
     1    0.03                           clk_comp_out (net)
                  0.06    0.00 200004.17 v clk_comp_out (out)
                               200004.17   data arrival time

                  0.00 999999.94 999999.94   clock __VIRTUAL_CLK__ (rise edge)
                          0.00 999999.94   clock network delay (ideal)
                         -0.25 999999.75   clock uncertainty
                          0.00 999999.75   clock reconvergence pessimism
                       -200000.00 799999.69   output external delay
                               799999.69   data required time
-----------------------------------------------------------------------------
                               799999.69   data required time
                               -200004.17   data arrival time
-----------------------------------------------------------------------------
                               599995.50   slack (MET)



===========================================================================
report_checks --slack_max -0.01
============================================================================
No paths found.
