Warning: Equate pins:  cell sky130_fd_pr__pfet_01v8 is a placeholder, treated as a black box.
Warning: Equate pins:  cell sky130_fd_pr__pfet_01v8 is a placeholder, treated as a black box.

Subcircuit pins:
Circuit 1: sky130_fd_pr__pfet_01v8         |Circuit 2: sky130_fd_pr__pfet_01v8         
-------------------------------------------|-------------------------------------------
1                                          |1                                          
2                                          |2                                          
3                                          |3                                          
4                                          |4                                          
---------------------------------------------------------------------------------------
Cell pin lists are equivalent.
Device classes sky130_fd_pr__pfet_01v8 and sky130_fd_pr__pfet_01v8 are equivalent.
Warning: Equate pins:  cell sky130_fd_pr__nfet_01v8 is a placeholder, treated as a black box.
Warning: Equate pins:  cell sky130_fd_pr__nfet_01v8 is a placeholder, treated as a black box.

Subcircuit pins:
Circuit 1: sky130_fd_pr__nfet_01v8         |Circuit 2: sky130_fd_pr__nfet_01v8         
-------------------------------------------|-------------------------------------------
1                                          |1                                          
2                                          |2                                          
3                                          |3                                          
4                                          |4                                          
---------------------------------------------------------------------------------------
Cell pin lists are equivalent.
Device classes sky130_fd_pr__nfet_01v8 and sky130_fd_pr__nfet_01v8 are equivalent.

Subcircuit summary:
Circuit 1: adc_array_circuit_150n_8        |Circuit 2: adc_array_circuit_150n_8        
-------------------------------------------|-------------------------------------------
sky130_fd_pr__pfet_01v8 (5)                |sky130_fd_pr__pfet_01v8 (5)                
sky130_fd_pr__nfet_01v8 (5)                |sky130_fd_pr__nfet_01v8 (5)                
Number of devices: 10                      |Number of devices: 10                      
Number of nets: 12                         |Number of nets: 12                         
---------------------------------------------------------------------------------------
Circuits match uniquely.
Netlists match uniquely.

Subcircuit pins:
Circuit 1: adc_array_circuit_150n_8        |Circuit 2: adc_array_circuit_150n_8        
-------------------------------------------|-------------------------------------------
cbot                                       |Cbot                                       
vcom                                       |vcom                                       
sample                                     |sample                                     
sample_n                                   |sample_n                                   
col_n                                      |col_n                                      
row_n                                      |row_n                                      
colon_n                                    |colon_n                                    
VSS                                        |VSS                                        
VDD                                        |VDD                                        
---------------------------------------------------------------------------------------
Cell pin lists are equivalent.
Device classes adc_array_circuit_150n_8 and adc_array_circuit_150n_8 are equivalent.

Cell adc_array_wafflecap_8_8 (0) disconnected node: ctop
Cell adc_array_wafflecap_8_8 (1) disconnected node: ctop
Subcircuit summary:
Circuit 1: adc_array_wafflecap_8_8         |Circuit 2: adc_array_wafflecap_8_8         
-------------------------------------------|-------------------------------------------
adc_array_circuit_150n_8 (1)               |adc_array_circuit_150n_8 (1)               
Number of devices: 1                       |Number of devices: 1                       
Number of nets: 9                          |Number of nets: 9                          
---------------------------------------------------------------------------------------
Circuits match uniquely.
Netlists match uniquely.

Subcircuit pins:
Circuit 1: adc_array_wafflecap_8_8         |Circuit 2: adc_array_wafflecap_8_8         
-------------------------------------------|-------------------------------------------
vdd                                        |VDD                                        
row_n                                      |row_n                                      
col_n                                      |col_n                                      
colon_n                                    |colon_n                                    
sample_n                                   |sample_n                                   
vcom                                       |vcom                                       
sample                                     |sample                                     
VSS                                        |VSS                                        
ctop                                       |ctop                                       
---------------------------------------------------------------------------------------
Cell pin lists are equivalent.
Device classes adc_array_wafflecap_8_8 and adc_array_wafflecap_8_8 are equivalent.
Circuits match uniquely.
