Warning: Equate pins:  cell sky130_fd_pr__nfet_01v8 is a placeholder, treated as a black box.
Warning: Equate pins:  cell sky130_fd_pr__nfet_01v8 is a placeholder, treated as a black box.

Subcircuit pins:
Circuit 1: sky130_fd_pr__nfet_01v8         |Circuit 2: sky130_fd_pr__nfet_01v8         
-------------------------------------------|-------------------------------------------
1                                          |1                                          
2                                          |2                                          
3                                          |3                                          
4                                          |4                                          
---------------------------------------------------------------------------------------
Cell pin lists are equivalent.
Device classes sky130_fd_pr__nfet_01v8 and sky130_fd_pr__nfet_01v8 are equivalent.
Warning: Equate pins:  cell sky130_fd_pr__pfet_01v8 is a placeholder, treated as a black box.
Warning: Equate pins:  cell sky130_fd_pr__pfet_01v8 is a placeholder, treated as a black box.

Subcircuit pins:
Circuit 1: sky130_fd_pr__pfet_01v8         |Circuit 2: sky130_fd_pr__pfet_01v8         
-------------------------------------------|-------------------------------------------
1                                          |1                                          
2                                          |2                                          
3                                          |3                                          
4                                          |4                                          
---------------------------------------------------------------------------------------
Cell pin lists are equivalent.
Device classes sky130_fd_pr__pfet_01v8 and sky130_fd_pr__pfet_01v8 are equivalent.

Cell adc_array_circuit_150n_Drv (0) disconnected node: vcom
Cell adc_array_circuit_150n_Drv (0) disconnected node: col_n
Cell adc_array_circuit_150n_Drv (0) disconnected node: colon_n
Cell adc_array_circuit_150n_Drv (0) disconnected node: row_n
Cell adc_array_circuit_150n_Drv (1) disconnected node: row_n
Cell adc_array_circuit_150n_Drv (1) disconnected node: col_n
Cell adc_array_circuit_150n_Drv (1) disconnected node: colon_n
Cell adc_array_circuit_150n_Drv (1) disconnected node: vcom
Class adc_array_circuit_150n_Drv (0):  Merged 4 parallel devices.
Cell adc_array_circuit_150n_Drv (0) disconnected node: vcom
Cell adc_array_circuit_150n_Drv (0) disconnected node: col_n
Cell adc_array_circuit_150n_Drv (0) disconnected node: colon_n
Cell adc_array_circuit_150n_Drv (0) disconnected node: row_n
Cell adc_array_circuit_150n_Drv (1) disconnected node: row_n
Cell adc_array_circuit_150n_Drv (1) disconnected node: col_n
Cell adc_array_circuit_150n_Drv (1) disconnected node: colon_n
Cell adc_array_circuit_150n_Drv (1) disconnected node: vcom
Subcircuit summary:
Circuit 1: adc_array_circuit_150n_Drv      |Circuit 2: adc_array_circuit_150n_Drv      
-------------------------------------------|-------------------------------------------
sky130_fd_pr__nfet_01v8 (4->2)             |sky130_fd_pr__nfet_01v8 (2)                
sky130_fd_pr__pfet_01v8 (4->2)             |sky130_fd_pr__pfet_01v8 (2)                
Number of devices: 4                       |Number of devices: 4                       
Number of nets: 6                          |Number of nets: 6                          
---------------------------------------------------------------------------------------
Resolving automorphisms by property value.
Resolving automorphisms by pin name.
Netlists match uniquely.
Circuits match correctly.

Subcircuit pins:
Circuit 1: adc_array_circuit_150n_Drv      |Circuit 2: adc_array_circuit_150n_Drv      
-------------------------------------------|-------------------------------------------
VDD                                        |VDD                                        
VSS                                        |VSS                                        
sample_n_i                                 |sample_n_i                                 
sample_i                                   |sample_i                                   
sample_o                                   |sample_o                                   
sample_n_o                                 |sample_n_o                                 
vcom                                       |vcom                                       
col_n                                      |col_n                                      
colon_n                                    |colon_n                                    
row_n                                      |row_n                                      
---------------------------------------------------------------------------------------
Cell pin lists are equivalent.
Device classes adc_array_circuit_150n_Drv and adc_array_circuit_150n_Drv are equivalent.

Cell adc_array_wafflecap_8_Drv (0) disconnected node: ctop
Cell adc_array_wafflecap_8_Drv (1) disconnected node: ctop
Subcircuit summary:
Circuit 1: adc_array_wafflecap_8_Drv       |Circuit 2: adc_array_wafflecap_8_Drv       
-------------------------------------------|-------------------------------------------
adc_array_circuit_150n_Drv (1)             |adc_array_circuit_150n_Drv (1)             
Number of devices: 1                       |Number of devices: 1                       
Number of nets: 10                         |Number of nets: 10                         
---------------------------------------------------------------------------------------
Circuits match uniquely.
Netlists match uniquely.

Subcircuit pins:
Circuit 1: adc_array_wafflecap_8_Drv       |Circuit 2: adc_array_wafflecap_8_Drv       
-------------------------------------------|-------------------------------------------
vdd                                        |VDD                                        
row_n                                      |row_n                                      
col_n                                      |col_n                                      
colon_n                                    |colon_n                                    
sample_n_i                                 |sample_n_i                                 
vcom                                       |vcom                                       
sample_i                                   |sample_i                                   
VSS                                        |VSS                                        
sample_n_o                                 |sample_n_o                                 
sample_o                                   |sample_o                                   
ctop                                       |ctop                                       
---------------------------------------------------------------------------------------
Cell pin lists are equivalent.
Device classes adc_array_wafflecap_8_Drv and adc_array_wafflecap_8_Drv are equivalent.
Circuits match uniquely.
