[INFO]: Preparing LEF files for the nom corner...
[INFO]: Preparing LEF files for the min corner...
[INFO]: Preparing LEF files for the max corner...
[INFO]: Running Synthesis...
[INFO]: Running Single-Corner Static Timing Analysis...
[INFO]: Running Initial Floorplanning...
[INFO]: Extracting core dimensions...
[INFO]: Set CORE_WIDTH to 83.72, CORE_HEIGHT to 57.12.
[INFO]: Running IO Placement...
[INFO]: Running Global Placement...
[INFO]: Running Tap/Decap Insertion...
[INFO]: Power planning with power {VPWR VPB} and ground {VGND VNB}...
[INFO]: Generating PDN...
[INFO]: Running Global Placement...
[INFO]: Skipping Placement Resizer Design Optimizations.
[INFO]: Running Detailed Placement...
[INFO]: Routing...
[INFO]: Skipping Global Routing Resizer Timing Optimizations.
[INFO]: Running Detailed Placement...
[INFO]: Running Fill Insertion...
[INFO]: Running Global Routing...
[INFO]: Writing Verilog...
[INFO]: Running Detailed Routing...
[INFO]: No DRC violations after detailed routing.
[INFO]: Writing Verilog...
[INFO]: Writing Powered Verilog...
[INFO]: Writing Verilog...
[INFO]: Running Magic to generate various views...
[INFO]: Streaming out GDS-II with Magic...
[INFO]: Generating MAGLEF views...
[INFO]: Running Magic Spice Export from LEF...
[INFO]: Running Magic DRC...
[INFO]: Converting Magic DRC Violations to Magic Readable Format...
[INFO]: Converting Magic DRC Violations to Klayout XML Database...
[ERROR]: There are violations in the design after Magic DRC.
[ERROR]: Total Number of violations is 32
[INFO]: Saving current set of views in 'adc_clkgen_with_edgedetect/runs/foobar/results/final'...
[INFO]: Generating final set of reports...
[INFO]: Created manufacturability report at 'adc_clkgen_with_edgedetect/runs/foobar/reports/manufacturability.rpt'.
[INFO]: Created metrics report at 'adc_clkgen_with_edgedetect/runs/foobar/reports/metrics.csv'.
[INFO]: Saving runtime environment...
[ERROR]: Flow failed.
[INFO]: Writing Powered Verilog...
[INFO]: Writing Verilog...
[INFO]: Running LEF LVS...
[INFO]: Running OpenROAD Antenna Rule Checker...
