
===========================================================================
report_checks -unconstrained
============================================================================

======================= Slowest Corner ===================================

Startpoint: _1698_ (rising edge-triggered flip-flop)
Endpoint: pmatrix_col_out_n[29] (output port clocked by clk_dig)
Path Group: clk_dig
Path Type: max
Corner: ss

Fanout     Cap    Slew   Delay    Time   Description
-----------------------------------------------------------------------------
                  0.21    0.00    0.00 ^ _1698_/CLK (sky130_fd_sc_hd__dfrtp_2)
                  0.19    1.05    1.05 v _1698_/Q (sky130_fd_sc_hd__dfrtp_2)
     6    0.03                           cnb.shift_register_r[2] (net)
                  0.19    0.00    1.05 v _0834_/B (sky130_fd_sc_hd__or4_2)
                  0.27    1.74    2.80 v _0834_/X (sky130_fd_sc_hd__or4_2)
     2    0.01                           _0259_ (net)
                  0.27    0.00    2.80 v _0835_/A (sky130_fd_sc_hd__buf_6)
                  0.09    0.37    3.16 v _0835_/X (sky130_fd_sc_hd__buf_6)
    10    0.04                           _0260_ (net)
                  0.09    0.00    3.17 v _0964_/B (sky130_fd_sc_hd__or4_2)
                  0.24    1.63    4.80 v _0964_/X (sky130_fd_sc_hd__or4_2)
     2    0.00                           _0378_ (net)
                  0.24    0.00    4.80 v _0965_/A3 (sky130_fd_sc_hd__o31a_2)
                  0.15    0.74    5.53 v _0965_/X (sky130_fd_sc_hd__o31a_2)
     3    0.02                           _0379_ (net)
                  0.15    0.00    5.54 v _0966_/B (sky130_fd_sc_hd__or2_2)
                  0.13    0.71    6.24 v _0966_/X (sky130_fd_sc_hd__or2_2)
     1    0.01                           _0380_ (net)
                  0.13    0.00    6.25 v _0967_/A (sky130_fd_sc_hd__buf_6)
                  0.10    0.31    6.56 v _0967_/X (sky130_fd_sc_hd__buf_6)
    10    0.06                           _0381_ (net)
                  0.10    0.00    6.56 v _1039_/A (sky130_fd_sc_hd__or4_2)
                  0.21    1.63    8.18 v _1039_/X (sky130_fd_sc_hd__or4_2)
     1    0.00                           _0450_ (net)
                  0.21    0.00    8.18 v _1040_/A1 (sky130_fd_sc_hd__mux2_1)
                  0.17    0.83    9.01 v _1040_/X (sky130_fd_sc_hd__mux2_1)
     2    0.01                           _0451_ (net)
                  0.17    0.00    9.01 v _1176_/B1 (sky130_fd_sc_hd__o21a_2)
                  0.08    0.30    9.31 v _1176_/X (sky130_fd_sc_hd__o21a_2)
     2    0.01                           _0572_ (net)
                  0.08    0.00    9.31 v _1177_/A (sky130_fd_sc_hd__buf_6)
                  0.09    0.28    9.59 v _1177_/X (sky130_fd_sc_hd__buf_6)
    10    0.05                           _0573_ (net)
                  0.09    0.00    9.59 v _1244_/A (sky130_fd_sc_hd__or3b_2)
                  0.16    1.13   10.72 v _1244_/X (sky130_fd_sc_hd__or3b_2)
     1    0.00                           _0619_ (net)
                  0.16    0.00   10.72 v _1245_/B1 (sky130_fd_sc_hd__a221o_2)
                  0.11    0.71   11.43 v _1245_/X (sky130_fd_sc_hd__a221o_2)
     1    0.01                           net101 (net)
                  0.11    0.00   11.43 v output101/A (sky130_fd_sc_hd__buf_4)
                  0.10    0.34   11.77 v output101/X (sky130_fd_sc_hd__buf_4)
     1    0.03                           pmatrix_col_out_n[29] (net)
                  0.10    0.00   11.77 v pmatrix_col_out_n[29] (out)
                                 11.77   data arrival time

                  0.00   20.00   20.00   clock clk_dig (rise edge)
                          0.00   20.00   clock network delay (ideal)
                         -0.25   19.75   clock uncertainty
                          0.00   19.75   clock reconvergence pessimism
                         -4.00   15.75   output external delay
                                 15.75   data required time
-----------------------------------------------------------------------------
                                 15.75   data required time
                                -11.77   data arrival time
-----------------------------------------------------------------------------
                                  3.98   slack (MET)



======================= Typical Corner ===================================

Startpoint: _1698_ (rising edge-triggered flip-flop)
Endpoint: nmatrix_col_out_n[8] (output port clocked by clk_dig)
Path Group: clk_dig
Path Type: max
Corner: tt

Fanout     Cap    Slew   Delay    Time   Description
-----------------------------------------------------------------------------
                  0.13    0.00    0.00 ^ _1698_/CLK (sky130_fd_sc_hd__dfrtp_2)
                  0.10    0.51    0.51 v _1698_/Q (sky130_fd_sc_hd__dfrtp_2)
     6    0.03                           cnb.shift_register_r[2] (net)
                  0.10    0.00    0.51 v _0834_/B (sky130_fd_sc_hd__or4_2)
                  0.13    0.74    1.25 v _0834_/X (sky130_fd_sc_hd__or4_2)
     2    0.01                           _0259_ (net)
                  0.13    0.00    1.25 v _0865_/C (sky130_fd_sc_hd__or4_4)
                  0.10    0.56    1.82 v _0865_/X (sky130_fd_sc_hd__or4_4)
     2    0.01                           _0290_ (net)
                  0.10    0.00    1.82 v _0866_/A (sky130_fd_sc_hd__buf_6)
                  0.05    0.18    2.00 v _0866_/X (sky130_fd_sc_hd__buf_6)
    10    0.05                           _0291_ (net)
                  0.05    0.00    2.00 v _1022_/A2 (sky130_fd_sc_hd__o41a_2)
                  0.09    0.54    2.54 v _1022_/X (sky130_fd_sc_hd__o41a_2)
     2    0.01                           _0433_ (net)
                  0.09    0.00    2.54 v _1036_/B1 (sky130_fd_sc_hd__a21oi_4)
                  0.16    0.18    2.72 ^ _1036_/Y (sky130_fd_sc_hd__a21oi_4)
     4    0.02                           _0447_ (net)
                  0.16    0.00    2.72 ^ _1091_/A1_N (sky130_fd_sc_hd__a2bb2o_2)
                  0.07    0.35    3.08 v _1091_/X (sky130_fd_sc_hd__a2bb2o_2)
     3    0.02                           _0498_ (net)
                  0.07    0.00    3.08 v _1108_/S (sky130_fd_sc_hd__mux2_1)
                  0.04    0.20    3.28 ^ _1108_/X (sky130_fd_sc_hd__mux2_1)
     1    0.00                           _0512_ (net)
                  0.04    0.00    3.28 ^ _1109_/C_N (sky130_fd_sc_hd__or3b_4)
                  0.09    0.42    3.70 v _1109_/X (sky130_fd_sc_hd__or3b_4)
     2    0.01                           _0513_ (net)
                  0.09    0.00    3.70 v _1110_/A3 (sky130_fd_sc_hd__a31o_4)
                  0.07    0.31    4.01 v _1110_/X (sky130_fd_sc_hd__a31o_4)
     6    0.03                           _0514_ (net)
                  0.07    0.00    4.01 v _1120_/A1 (sky130_fd_sc_hd__a22o_2)
                  0.08    0.30    4.31 v _1120_/X (sky130_fd_sc_hd__a22o_2)
     4    0.02                           _0524_ (net)
                  0.08    0.00    4.31 v _1128_/B (sky130_fd_sc_hd__or2_2)
                  0.07    0.31    4.63 v _1128_/X (sky130_fd_sc_hd__or2_2)
     1    0.01                           _0531_ (net)
                  0.07    0.00    4.63 v _1129_/A (sky130_fd_sc_hd__buf_6)
                  0.05    0.16    4.79 v _1129_/X (sky130_fd_sc_hd__buf_6)
     8    0.04                           _0532_ (net)
                  0.05    0.00    4.79 v _1267_/B1 (sky130_fd_sc_hd__a221o_2)
                  0.08    0.39    5.18 v _1267_/X (sky130_fd_sc_hd__a221o_2)
     1    0.01                           net45 (net)
                  0.08    0.00    5.18 v output45/A (sky130_fd_sc_hd__buf_4)
                  0.06    0.19    5.38 v output45/X (sky130_fd_sc_hd__buf_4)
     1    0.03                           nmatrix_col_out_n[8] (net)
                  0.06    0.00    5.38 v nmatrix_col_out_n[8] (out)
                                  5.38   data arrival time

                  0.00   20.00   20.00   clock clk_dig (rise edge)
                          0.00   20.00   clock network delay (ideal)
                         -0.25   19.75   clock uncertainty
                          0.00   19.75   clock reconvergence pessimism
                         -4.00   15.75   output external delay
                                 15.75   data required time
-----------------------------------------------------------------------------
                                 15.75   data required time
                                 -5.38   data arrival time
-----------------------------------------------------------------------------
                                 10.37   slack (MET)



======================= Fastest Corner ===================================

Startpoint: _1698_ (rising edge-triggered flip-flop)
Endpoint: nmatrix_rowon_out_n[13] (output port clocked by clk_dig)
Path Group: clk_dig
Path Type: max
Corner: ff

Fanout     Cap    Slew   Delay    Time   Description
-----------------------------------------------------------------------------
                  0.10    0.00    0.00 ^ _1698_/CLK (sky130_fd_sc_hd__dfrtp_2)
                  0.07    0.32    0.32 v _1698_/Q (sky130_fd_sc_hd__dfrtp_2)
     6    0.03                           cnb.shift_register_r[2] (net)
                  0.07    0.00    0.33 v _0834_/B (sky130_fd_sc_hd__or4_2)
                  0.08    0.42    0.74 v _0834_/X (sky130_fd_sc_hd__or4_2)
     2    0.01                           _0259_ (net)
                  0.08    0.00    0.74 v _0835_/A (sky130_fd_sc_hd__buf_6)
                  0.04    0.12    0.86 v _0835_/X (sky130_fd_sc_hd__buf_6)
    10    0.04                           _0260_ (net)
                  0.04    0.00    0.87 v _0851_/B (sky130_fd_sc_hd__or2_2)
                  0.05    0.18    1.05 v _0851_/X (sky130_fd_sc_hd__or2_2)
     1    0.01                           _0276_ (net)
                  0.05    0.00    1.05 v _0852_/A (sky130_fd_sc_hd__buf_8)
                  0.04    0.11    1.16 v _0852_/X (sky130_fd_sc_hd__buf_8)
    10    0.05                           _0277_ (net)
                  0.04    0.00    1.16 v _0929_/B (sky130_fd_sc_hd__nor4b_4)
                  0.28    0.30    1.46 ^ _0929_/Y (sky130_fd_sc_hd__nor4b_4)
     6    0.02                           _0347_ (net)
                  0.28    0.00    1.46 ^ _0975_/A (sky130_fd_sc_hd__nor3b_2)
                  0.07    0.04    1.50 v _0975_/Y (sky130_fd_sc_hd__nor3b_2)
     1    0.01                           _0389_ (net)
                  0.07    0.00    1.50 v _0981_/A2 (sky130_fd_sc_hd__a211o_4)
                  0.05    0.25    1.75 v _0981_/X (sky130_fd_sc_hd__a211o_4)
     4    0.02                           _0395_ (net)
                  0.05    0.00    1.75 v _0996_/A2 (sky130_fd_sc_hd__a21o_4)
                  0.05    0.18    1.93 v _0996_/X (sky130_fd_sc_hd__a21o_4)
     6    0.03                           _0409_ (net)
                  0.05    0.00    1.93 v _1068_/A1 (sky130_fd_sc_hd__a2111o_2)
                  0.06    0.28    2.21 v _1068_/X (sky130_fd_sc_hd__a2111o_2)
     1    0.01                           _0476_ (net)
                  0.06    0.00    2.21 v _1069_/B2 (sky130_fd_sc_hd__a22oi_4)
                  0.13    0.12    2.33 ^ _1069_/Y (sky130_fd_sc_hd__a22oi_4)
     2    0.02                           _0477_ (net)
                  0.13    0.00    2.33 ^ _1466_/B (sky130_fd_sc_hd__xor2_4)
                  0.46    0.39    2.72 ^ _1466_/X (sky130_fd_sc_hd__xor2_4)
    10    0.09                           _0070_ (net)
                  0.46    0.00    2.73 ^ _1487_/B (sky130_fd_sc_hd__or2_2)
                  0.04    0.12    2.84 ^ _1487_/X (sky130_fd_sc_hd__or2_2)
     1    0.01                           _0074_ (net)
                  0.04    0.00    2.84 ^ _1488_/A (sky130_fd_sc_hd__buf_6)
                  0.09    0.12    2.96 ^ _1488_/X (sky130_fd_sc_hd__buf_6)
     9    0.06                           net49 (net)
                  0.09    0.00    2.96 ^ _1491_/B (sky130_fd_sc_hd__or2_2)
                  0.03    0.08    3.03 ^ _1491_/X (sky130_fd_sc_hd__or2_2)
     1    0.00                           _0076_ (net)
                  0.03    0.00    3.03 ^ _1492_/A (sky130_fd_sc_hd__buf_2)
                  0.06    0.09    3.13 ^ _1492_/X (sky130_fd_sc_hd__buf_2)
     2    0.01                           net51 (net)
                  0.06    0.00    3.13 ^ _1790_/A (sky130_fd_sc_hd__buf_1)
                  0.03    0.06    3.19 ^ _1790_/X (sky130_fd_sc_hd__buf_1)
     1    0.00                           net66 (net)
                  0.03    0.00    3.19 ^ output66/A (sky130_fd_sc_hd__buf_4)
                  0.08    0.11    3.30 ^ output66/X (sky130_fd_sc_hd__buf_4)
     1    0.03                           nmatrix_rowon_out_n[13] (net)
                  0.08    0.00    3.30 ^ nmatrix_rowon_out_n[13] (out)
                                  3.30   data arrival time

                  0.00   20.00   20.00   clock clk_dig (rise edge)
                          0.00   20.00   clock network delay (ideal)
                         -0.25   19.75   clock uncertainty
                          0.00   19.75   clock reconvergence pessimism
                         -4.00   15.75   output external delay
                                 15.75   data required time
-----------------------------------------------------------------------------
                                 15.75   data required time
                                 -3.30   data arrival time
-----------------------------------------------------------------------------
                                 12.45   slack (MET)



===========================================================================
report_checks --slack_max -0.01
============================================================================

======================= Slowest Corner ===================================

No paths found.

======================= Typical Corner ===================================

No paths found.

======================= Fastest Corner ===================================

No paths found.
