
===========================================================================
 report_power
============================================================================


======================= Slowest Corner =================================

Group                  Internal  Switching    Leakage      Total
                          Power      Power      Power      Power (Watts)
----------------------------------------------------------------
Sequential             1.85e-05   2.16e-05   1.55e-06   4.16e-05  37.4%
Combinational          3.48e-05   2.87e-05   6.28e-06   6.97e-05  62.6%
Macro                  0.00e+00   0.00e+00   0.00e+00   0.00e+00   0.0%
Pad                    0.00e+00   0.00e+00   0.00e+00   0.00e+00   0.0%
----------------------------------------------------------------
Total                  5.32e-05   5.02e-05   7.84e-06   1.11e-04 100.0%
                          47.8%      45.1%       7.0%

======================= Typical Corner ===================================

Group                  Internal  Switching    Leakage      Total
                          Power      Power      Power      Power (Watts)
----------------------------------------------------------------
Sequential             2.38e-05   2.75e-05   8.33e-10   5.13e-05  38.0%
Combinational          4.69e-05   3.69e-05   6.19e-09   8.38e-05  62.0%
Macro                  0.00e+00   0.00e+00   0.00e+00   0.00e+00   0.0%
Pad                    0.00e+00   0.00e+00   0.00e+00   0.00e+00   0.0%
----------------------------------------------------------------
Total                  7.07e-05   6.44e-05   7.02e-09   1.35e-04 100.0%
                          52.3%      47.7%       0.0%


======================= Fastest Corner =================================

Group                  Internal  Switching    Leakage      Total
                          Power      Power      Power      Power (Watts)
----------------------------------------------------------------
Sequential             2.74e-05   3.25e-05   1.56e-09   6.00e-05  38.4%
Combinational          5.22e-05   4.38e-05   1.48e-08   9.60e-05  61.6%
Macro                  0.00e+00   0.00e+00   0.00e+00   0.00e+00   0.0%
Pad                    0.00e+00   0.00e+00   0.00e+00   0.00e+00   0.0%
----------------------------------------------------------------
Total                  7.96e-05   7.64e-05   1.64e-08   1.56e-04 100.0%
                          51.0%      48.9%       0.0%
