Instance name,  X location,  Y location,  Voltage 
FILLER_52_276, 133.11, 155.04, 1.8
output146, 133.11, 155.04, 1.8
FILLER_50_277, 133.11, 149.6, 1.8
input1, 133.11, 149.6, 1.8
output130, 133.11, 149.6, 1.8
output36, 133.11, 149.6, 1.8
output39, 133.11, 149.6, 1.8
FILLER_48_265, 133.11, 144.16, 1.8
FILLER_49_274, 133.11, 144.16, 1.8
FILLER_49_281, 133.11, 144.16, 1.8
_1130_, 133.11, 144.16, 1.8
_1733_, 133.11, 144.16, 1.8
output29, 133.11, 144.16, 1.8
FILLER_47_268, 133.11, 138.72, 1.8
_1087_, 133.11, 138.72, 1.8
_1183_, 133.11, 138.72, 1.8
output34, 133.11, 138.72, 1.8
FILLER_45_265, 133.11, 133.28, 1.8
FILLER_46_286, 133.11, 133.28, 1.8
_1035_, 133.11, 133.28, 1.8
_1038_, 133.11, 133.28, 1.8
_1097_, 133.11, 133.28, 1.8
output129, 133.11, 133.28, 1.8
FILLER_43_281, 133.11, 127.84, 1.8
_1086_, 133.11, 127.84, 1.8
_1117_, 133.11, 127.84, 1.8
_1139_, 133.11, 127.84, 1.8
_1157_, 133.11, 127.84, 1.8
_1178_, 133.11, 127.84, 1.8
FILLER_40_271, 133.11, 122.4, 1.8
FILLER_42_280, 133.11, 122.4, 1.8
_1041_, 133.11, 122.4, 1.8
_1054_, 133.11, 122.4, 1.8
_1135_, 133.11, 122.4, 1.8
_1155_, 133.11, 122.4, 1.8
_1088_, 133.11, 116.96, 1.8
_1129_, 133.11, 116.96, 1.8
_1148_, 133.11, 116.96, 1.8
_1168_, 133.11, 116.96, 1.8
FILLER_36_273, 133.11, 111.52, 1.8
FILLER_37_277, 133.11, 111.52, 1.8
_1031_, 133.11, 111.52, 1.8
_1036_, 133.11, 111.52, 1.8
_1114_, 133.11, 111.52, 1.8
_1159_, 133.11, 111.52, 1.8
_1181_, 133.11, 111.52, 1.8
FILLER_34_266, 133.11, 106.08, 1.8
FILLER_35_277, 133.11, 106.08, 1.8
_1056_, 133.11, 106.08, 1.8
_1113_, 133.11, 106.08, 1.8
_1153_, 133.11, 106.08, 1.8
_1154_, 133.11, 106.08, 1.8
FILLER_32_272, 133.11, 100.64, 1.8
FILLER_33_277, 133.11, 100.64, 1.8
FILLER_33_281, 133.11, 100.64, 1.8
FILLER_34_281, 133.11, 100.64, 1.8
_1064_, 133.11, 100.64, 1.8
_1068_, 133.11, 100.64, 1.8
_1166_, 133.11, 100.64, 1.8
FILLER_30_273, 133.11, 95.2, 1.8
_1065_, 133.11, 95.2, 1.8
_1067_, 133.11, 95.2, 1.8
_1090_, 133.11, 95.2, 1.8
FILLER_29_274, 133.11, 89.76, 1.8
FILLER_30_286, 133.11, 89.76, 1.8
_1081_, 133.11, 89.76, 1.8
_1084_, 133.11, 89.76, 1.8
FILLER_27_274, 133.11, 84.32, 1.8
_1040_, 133.11, 84.32, 1.8
_1083_, 133.11, 84.32, 1.8
_1085_, 133.11, 84.32, 1.8
FILLER_25_281, 133.11, 78.88, 1.8
_1024_, 133.11, 78.88, 1.8
_1025_, 133.11, 78.88, 1.8
_1144_, 133.11, 78.88, 1.8
_1430_, 133.11, 78.88, 1.8
_1753_, 133.11, 78.88, 1.8
FILLER_22_276, 133.11, 73.44, 1.8
FILLER_23_277, 133.11, 73.44, 1.8
_1039_, 133.11, 73.44, 1.8
_1048_, 133.11, 73.44, 1.8
_1142_, 133.11, 73.44, 1.8
_1426_, 133.11, 73.44, 1.8
FILLER_21_275, 133.11, 68, 1.8
_1016_, 133.11, 68, 1.8
_1397_, 133.11, 68, 1.8
output83, 133.11, 68, 1.8
output85, 133.11, 68, 1.8
output95, 133.11, 68, 1.8
FILLER_19_277, 133.11, 62.56, 1.8
FILLER_20_285, 133.11, 62.56, 1.8
FILLER_17_275, 133.11, 57.12, 1.8
FILLER_15_273, 133.11, 51.68, 1.8
FILLER_11_270, 133.11, 40.8, 1.8
FILLER_9_273, 133.11, 35.36, 1.8
FILLER_7_274, 133.11, 29.92, 1.8
FILLER_5_270, 133.11, 24.48, 1.8
FILLER_3_273, 133.11, 19.04, 1.8
_1731_, 133.11, 19.04, 1.8
FILLER_0_276, 133.11, 13.6, 1.8
FILLER_1_268, 133.11, 13.6, 1.8
FILLER_1_285, 133.11, 13.6, 1.8
_1726_, 133.11, 13.6, 1.8
_1749_, 133.11, 13.6, 1.8
output42, 133.11, 13.6, 1.8
output63, 133.11, 13.6, 1.8
output86, 133.11, 13.6, 1.8
output93, 133.11, 13.6, 1.8
FILLER_52_185, 96.655, 155.04, 1.8
FILLER_52_193, 96.655, 155.04, 1.8
FILLER_50_192, 96.655, 149.6, 1.8
output105, 96.655, 149.6, 1.8
output58, 96.655, 149.6, 1.8
FILLER_48_191, 96.655, 144.16, 1.8
FILLER_48_197, 96.655, 144.16, 1.8
FILLER_49_205, 96.655, 144.16, 1.8
FILLER_50_209, 96.655, 144.16, 1.8
_0944_, 96.655, 144.16, 1.8
FILLER_47_199, 96.655, 138.72, 1.8
FILLER_47_209, 96.655, 138.72, 1.8
_0893_, 96.655, 138.72, 1.8
_0919_, 96.655, 138.72, 1.8
_0920_, 96.655, 138.72, 1.8
_0940_, 96.655, 138.72, 1.8
_0969_, 96.655, 138.72, 1.8
FILLER_44_190, 96.655, 133.28, 1.8
FILLER_45_190, 96.655, 133.28, 1.8
_0911_, 96.655, 133.28, 1.8
_0918_, 96.655, 133.28, 1.8
_0924_, 96.655, 133.28, 1.8
FILLER_42_197, 96.655, 127.84, 1.8
FILLER_43_195, 96.655, 127.84, 1.8
FILLER_44_204, 96.655, 127.84, 1.8
_0895_, 96.655, 127.84, 1.8
_0925_, 96.655, 127.84, 1.8
_0931_, 96.655, 127.84, 1.8
_0941_, 96.655, 127.84, 1.8
_0971_, 96.655, 127.84, 1.8
FILLER_40_192, 96.655, 122.4, 1.8
FILLER_41_198, 96.655, 122.4, 1.8
FILLER_41_209, 96.655, 122.4, 1.8
_0894_, 96.655, 122.4, 1.8
_0912_, 96.655, 122.4, 1.8
_0913_, 96.655, 122.4, 1.8
_0928_, 96.655, 122.4, 1.8
_0959_, 96.655, 122.4, 1.8
_0970_, 96.655, 122.4, 1.8
FILLER_38_197, 96.655, 116.96, 1.8
FILLER_39_188, 96.655, 116.96, 1.8
FILLER_39_210, 96.655, 116.96, 1.8
_0916_, 96.655, 116.96, 1.8
_0917_, 96.655, 116.96, 1.8
_0960_, 96.655, 116.96, 1.8
_0904_, 96.655, 111.52, 1.8
_0915_, 96.655, 111.52, 1.8
_0973_, 96.655, 111.52, 1.8
_1042_, 96.655, 111.52, 1.8
_1615_, 96.655, 111.52, 1.8
FILLER_34_191, 96.655, 106.08, 1.8
FILLER_34_197, 96.655, 106.08, 1.8
FILLER_35_203, 96.655, 106.08, 1.8
_0975_, 96.655, 106.08, 1.8
_1100_, 96.655, 106.08, 1.8
FILLER_32_192, 96.655, 100.64, 1.8
FILLER_32_197, 96.655, 100.64, 1.8
FILLER_33_189, 96.655, 100.64, 1.8
_0961_, 96.655, 100.64, 1.8
_0976_, 96.655, 100.64, 1.8
_1023_, 96.655, 100.64, 1.8
_0936_, 96.655, 95.2, 1.8
_1066_, 96.655, 95.2, 1.8
_1391_, 96.655, 95.2, 1.8
_1616_, 96.655, 95.2, 1.8
FILLER_28_190, 96.655, 89.76, 1.8
_0906_, 96.655, 89.76, 1.8
_0955_, 96.655, 89.76, 1.8
fanout187, 96.655, 89.76, 1.8
FILLER_26_192, 96.655, 84.32, 1.8
FILLER_28_206, 96.655, 84.32, 1.8
_1013_, 96.655, 84.32, 1.8
_1061_, 96.655, 84.32, 1.8
_1400_, 96.655, 84.32, 1.8
_1406_, 96.655, 84.32, 1.8
_1614_, 96.655, 84.32, 1.8
FILLER_24_189, 96.655, 78.88, 1.8
FILLER_24_197, 96.655, 78.88, 1.8
_1006_, 96.655, 78.88, 1.8
_1007_, 96.655, 78.88, 1.8
_1388_, 96.655, 78.88, 1.8
_1398_, 96.655, 78.88, 1.8
_0954_, 96.655, 73.44, 1.8
_1002_, 96.655, 73.44, 1.8
_1389_, 96.655, 73.44, 1.8
_1392_, 96.655, 73.44, 1.8
_1395_, 96.655, 73.44, 1.8
_1600_, 96.655, 73.44, 1.8
FILLER_21_204, 96.655, 68, 1.8
_1254_, 96.655, 68, 1.8
_1256_, 96.655, 68, 1.8
_1259_, 96.655, 68, 1.8
_1405_, 96.655, 68, 1.8
FILLER_18_197, 96.655, 62.56, 1.8
FILLER_19_186, 96.655, 62.56, 1.8
FILLER_20_205, 96.655, 62.56, 1.8
_1255_, 96.655, 62.56, 1.8
_1266_, 96.655, 62.56, 1.8
_1271_, 96.655, 62.56, 1.8
_1401_, 96.655, 62.56, 1.8
_1403_, 96.655, 62.56, 1.8
FILLER_16_197, 96.655, 57.12, 1.8
FILLER_17_191, 96.655, 57.12, 1.8
FILLER_18_208, 96.655, 57.12, 1.8
_1272_, 96.655, 57.12, 1.8
_1274_, 96.655, 57.12, 1.8
_1276_, 96.655, 57.12, 1.8
_1282_, 96.655, 57.12, 1.8
FILLER_14_190, 96.655, 51.68, 1.8
FILLER_14_197, 96.655, 51.68, 1.8
_1267_, 96.655, 51.68, 1.8
_1283_, 96.655, 51.68, 1.8
_1290_, 96.655, 51.68, 1.8
FILLER_12_192, 96.655, 46.24, 1.8
FILLER_12_197, 96.655, 46.24, 1.8
FILLER_14_209, 96.655, 46.24, 1.8
_1277_, 96.655, 46.24, 1.8
_1278_, 96.655, 46.24, 1.8
_1292_, 96.655, 46.24, 1.8
FILLER_10_197, 96.655, 40.8, 1.8
FILLER_11_191, 96.655, 40.8, 1.8
_1297_, 96.655, 40.8, 1.8
_1300_, 96.655, 40.8, 1.8
_1667_, 96.655, 40.8, 1.8
FILLER_8_193, 96.655, 35.36, 1.8
FILLER_9_209, 96.655, 35.36, 1.8
_1294_, 96.655, 35.36, 1.8
_1299_, 96.655, 35.36, 1.8
_1306_, 96.655, 35.36, 1.8
_1308_, 96.655, 35.36, 1.8
_1565_, 96.655, 35.36, 1.8
FILLER_6_189, 96.655, 29.92, 1.8
FILLER_7_207, 96.655, 29.92, 1.8
_1293_, 96.655, 29.92, 1.8
_1309_, 96.655, 29.92, 1.8
_1356_, 96.655, 29.92, 1.8
FILLER_5_191, 96.655, 24.48, 1.8
_1359_, 96.655, 24.48, 1.8
_1566_, 96.655, 24.48, 1.8
_1630_, 96.655, 24.48, 1.8
_1738_, 96.655, 24.48, 1.8
FILLER_2_189, 96.655, 19.04, 1.8
_1187_, 96.655, 19.04, 1.8
_1374_, 96.655, 19.04, 1.8
_1634_, 96.655, 19.04, 1.8
adc_core_digital_198, 96.655, 19.04, 1.8
FILLER_1_198, 96.655, 13.6, 1.8
_1362_, 96.655, 13.6, 1.8
_1367_, 96.655, 13.6, 1.8
_1372_, 96.655, 13.6, 1.8
_1412_, 96.655, 13.6, 1.8
_1417_, 96.655, 13.6, 1.8
output145, 96.655, 13.6, 1.8
output89, 96.655, 13.6, 1.8
FILLER_52_117, 60.2, 155.04, 1.8
_1457_, 60.2, 155.04, 1.8
FILLER_50_107, 60.2, 149.6, 1.8
_0796_, 60.2, 149.6, 1.8
_0801_, 60.2, 149.6, 1.8
_1454_, 60.2, 149.6, 1.8
_1456_, 60.2, 149.6, 1.8
_1647_, 60.2, 149.6, 1.8
_1723_, 60.2, 149.6, 1.8
FILLER_49_123, 60.2, 144.16, 1.8
_0813_, 60.2, 144.16, 1.8
_1452_, 60.2, 144.16, 1.8
_1458_, 60.2, 144.16, 1.8
FILLER_46_110, 60.2, 138.72, 1.8
FILLER_47_113, 60.2, 138.72, 1.8
_0800_, 60.2, 138.72, 1.8
_0814_, 60.2, 138.72, 1.8
_0832_, 60.2, 138.72, 1.8
_1459_, 60.2, 138.72, 1.8
FILLER_44_115, 60.2, 133.28, 1.8
FILLER_45_123, 60.2, 133.28, 1.8
FILLER_46_124, 60.2, 133.28, 1.8
_0805_, 60.2, 133.28, 1.8
_0807_, 60.2, 133.28, 1.8
_0854_, 60.2, 133.28, 1.8
_0865_, 60.2, 133.28, 1.8
_0875_, 60.2, 133.28, 1.8
FILLER_42_107, 60.2, 127.84, 1.8
_0794_, 60.2, 127.84, 1.8
_0815_, 60.2, 127.84, 1.8
FILLER_40_116, 60.2, 122.4, 1.8
FILLER_41_113, 60.2, 122.4, 1.8
_0833_, 60.2, 122.4, 1.8
_0843_, 60.2, 122.4, 1.8
_0857_, 60.2, 122.4, 1.8
_0863_, 60.2, 122.4, 1.8
FILLER_38_116, 60.2, 116.96, 1.8
FILLER_39_107, 60.2, 116.96, 1.8
FILLER_39_128, 60.2, 116.96, 1.8
_0842_, 60.2, 116.96, 1.8
_0860_, 60.2, 116.96, 1.8
_0885_, 60.2, 116.96, 1.8
_1004_, 60.2, 116.96, 1.8
FILLER_36_118, 60.2, 111.52, 1.8
FILLER_38_127, 60.2, 111.52, 1.8
_0790_, 60.2, 111.52, 1.8
_0869_, 60.2, 111.52, 1.8
_0879_, 60.2, 111.52, 1.8
_0881_, 60.2, 111.52, 1.8
_0883_, 60.2, 111.52, 1.8
FILLER_34_113, 60.2, 106.08, 1.8
FILLER_35_108, 60.2, 106.08, 1.8
FILLER_36_129, 60.2, 106.08, 1.8
_0793_, 60.2, 106.08, 1.8
_0827_, 60.2, 106.08, 1.8
_0844_, 60.2, 106.08, 1.8
_0845_, 60.2, 106.08, 1.8
_0868_, 60.2, 106.08, 1.8
FILLER_33_113, 60.2, 100.64, 1.8
_0816_, 60.2, 100.64, 1.8
_0828_, 60.2, 100.64, 1.8
_0846_, 60.2, 100.64, 1.8
_0773_, 60.2, 95.2, 1.8
_0873_, 60.2, 95.2, 1.8
_0887_, 60.2, 95.2, 1.8
_0983_, 60.2, 95.2, 1.8
_1593_, 60.2, 95.2, 1.8
_1618_, 60.2, 95.2, 1.8
FILLER_29_109, 60.2, 89.76, 1.8
_0888_, 60.2, 89.76, 1.8
_1590_, 60.2, 89.76, 1.8
_1592_, 60.2, 89.76, 1.8
_1706_, 60.2, 89.76, 1.8
FILLER_26_113, 60.2, 84.32, 1.8
FILLER_27_108, 60.2, 84.32, 1.8
FILLER_28_126, 60.2, 84.32, 1.8
_0978_, 60.2, 84.32, 1.8
_1210_, 60.2, 84.32, 1.8
_1596_, 60.2, 84.32, 1.8
_1707_, 60.2, 84.32, 1.8
FILLER_25_113, 60.2, 78.88, 1.8
FILLER_25_127, 60.2, 78.88, 1.8
_1209_, 60.2, 78.88, 1.8
_1588_, 60.2, 78.88, 1.8
_1594_, 60.2, 78.88, 1.8
_1622_, 60.2, 78.88, 1.8
FILLER_23_107, 60.2, 73.44, 1.8
FILLER_23_123, 60.2, 73.44, 1.8
_1228_, 60.2, 73.44, 1.8
_1597_, 60.2, 73.44, 1.8
_1704_, 60.2, 73.44, 1.8
_1708_, 60.2, 73.44, 1.8
FILLER_20_114, 60.2, 68, 1.8
FILLER_21_113, 60.2, 68, 1.8
FILLER_22_129, 60.2, 68, 1.8
_1229_, 60.2, 68, 1.8
_1682_, 60.2, 68, 1.8
_1709_, 60.2, 68, 1.8
_1224_, 60.2, 62.56, 1.8
_1226_, 60.2, 62.56, 1.8
_1685_, 60.2, 62.56, 1.8
FILLER_17_121, 60.2, 57.12, 1.8
_1221_, 60.2, 57.12, 1.8
_1527_, 60.2, 57.12, 1.8
_1528_, 60.2, 57.12, 1.8
_1532_, 60.2, 57.12, 1.8
FILLER_14_106, 60.2, 51.68, 1.8
FILLER_14_118, 60.2, 51.68, 1.8
FILLER_16_120, 60.2, 51.68, 1.8
_1506_, 60.2, 51.68, 1.8
_1534_, 60.2, 51.68, 1.8
_1553_, 60.2, 51.68, 1.8
_1554_, 60.2, 51.68, 1.8
FILLER_12_111, 60.2, 46.24, 1.8
FILLER_13_131, 60.2, 46.24, 1.8
FILLER_14_130, 60.2, 46.24, 1.8
_1507_, 60.2, 46.24, 1.8
_1529_, 60.2, 46.24, 1.8
_1548_, 60.2, 46.24, 1.8
_1551_, 60.2, 46.24, 1.8
FILLER_11_123, 60.2, 40.8, 1.8
_1354_, 60.2, 40.8, 1.8
_1525_, 60.2, 40.8, 1.8
_1526_, 60.2, 40.8, 1.8
_1544_, 60.2, 40.8, 1.8
_1576_, 60.2, 40.8, 1.8
FILLER_9_132, 60.2, 35.36, 1.8
_1485_, 60.2, 35.36, 1.8
_1521_, 60.2, 35.36, 1.8
_1523_, 60.2, 35.36, 1.8
_1557_, 60.2, 35.36, 1.8
_1559_, 60.2, 35.36, 1.8
FILLER_6_106, 60.2, 29.92, 1.8
FILLER_8_120, 60.2, 29.92, 1.8
_1342_, 60.2, 29.92, 1.8
_1347_, 60.2, 29.92, 1.8
_1349_, 60.2, 29.92, 1.8
_1549_, 60.2, 29.92, 1.8
_1555_, 60.2, 29.92, 1.8
_1560_, 60.2, 29.92, 1.8
_1570_, 60.2, 29.92, 1.8
FILLER_4_118, 60.2, 24.48, 1.8
FILLER_5_123, 60.2, 24.48, 1.8
_1333_, 60.2, 24.48, 1.8
_1344_, 60.2, 24.48, 1.8
_1345_, 60.2, 24.48, 1.8
_1556_, 60.2, 24.48, 1.8
_1686_, 60.2, 24.48, 1.8
FILLER_3_117, 60.2, 19.04, 1.8
_1191_, 60.2, 19.04, 1.8
_1195_, 60.2, 19.04, 1.8
_1334_, 60.2, 19.04, 1.8
_1336_, 60.2, 19.04, 1.8
adc_core_digital_196, 60.2, 19.04, 1.8
FILLER_0_121, 60.2, 13.6, 1.8
FILLER_2_124, 60.2, 13.6, 1.8
_1188_, 60.2, 13.6, 1.8
_1189_, 60.2, 13.6, 1.8
_1317_, 60.2, 13.6, 1.8
_1329_, 60.2, 13.6, 1.8
_1478_, 60.2, 13.6, 1.8
_1672_, 60.2, 13.6, 1.8
ANTENNA_9, 23.745, 155.04, 1.8
output40, 23.745, 155.04, 1.8
ANTENNA_5, 23.745, 149.6, 1.8
FILLER_51_49, 23.745, 149.6, 1.8
FILLER_52_44, 23.745, 149.6, 1.8
_1742_, 23.745, 149.6, 1.8
input7, 23.745, 149.6, 1.8
input9, 23.745, 149.6, 1.8
output109, 23.745, 149.6, 1.8
FILLER_49_51, 23.745, 144.16, 1.8
FILLER_50_46, 23.745, 144.16, 1.8
FILLER_47_46, 23.745, 138.72, 1.8
_0839_, 23.745, 138.72, 1.8
fanout182, 23.745, 138.72, 1.8
FILLER_45_44, 23.745, 133.28, 1.8
FILLER_46_50, 23.745, 133.28, 1.8
_0743_, 23.745, 133.28, 1.8
_0783_, 23.745, 133.28, 1.8
fanout181, 23.745, 133.28, 1.8
fanout184, 23.745, 133.28, 1.8
FILLER_43_42, 23.745, 127.84, 1.8
_0745_, 23.745, 127.84, 1.8
_1440_, 23.745, 127.84, 1.8
_1441_, 23.745, 127.84, 1.8
_1640_, 23.745, 127.84, 1.8
FILLER_41_31, 23.745, 122.4, 1.8
_0744_, 23.745, 122.4, 1.8
_0747_, 23.745, 122.4, 1.8
_0792_, 23.745, 122.4, 1.8
_1639_, 23.745, 122.4, 1.8
_1696_, 23.745, 122.4, 1.8
FILLER_38_36, 23.745, 116.96, 1.8
_0822_, 23.745, 116.96, 1.8
_0824_, 23.745, 116.96, 1.8
output79, 23.745, 116.96, 1.8
_0729_, 23.745, 111.52, 1.8
_0746_, 23.745, 111.52, 1.8
_0820_, 23.745, 111.52, 1.8
_1438_, 23.745, 111.52, 1.8
_0735_, 23.745, 106.08, 1.8
_0736_, 23.745, 106.08, 1.8
_0758_, 23.745, 106.08, 1.8
_0819_, 23.745, 106.08, 1.8
_0956_, 23.745, 106.08, 1.8
_1467_, 23.745, 106.08, 1.8
_1469_, 23.745, 106.08, 1.8
FILLER_34_46, 23.745, 100.64, 1.8
_0728_, 23.745, 100.64, 1.8
_0734_, 23.745, 100.64, 1.8
_0738_, 23.745, 100.64, 1.8
_1465_, 23.745, 100.64, 1.8
FILLER_32_49, 23.745, 95.2, 1.8
_0730_, 23.745, 95.2, 1.8
_0731_, 23.745, 95.2, 1.8
_0733_, 23.745, 95.2, 1.8
_0737_, 23.745, 95.2, 1.8
_0767_, 23.745, 95.2, 1.8
FILLER_29_49, 23.745, 89.76, 1.8
_0764_, 23.745, 89.76, 1.8
FILLER_26_35, 23.745, 84.32, 1.8
FILLER_27_52, 23.745, 84.32, 1.8
FILLER_28_40, 23.745, 84.32, 1.8
_0760_, 23.745, 84.32, 1.8
_1700_, 23.745, 84.32, 1.8
FILLER_25_47, 23.745, 78.88, 1.8
_1583_, 23.745, 78.88, 1.8
_1701_, 23.745, 78.88, 1.8
fanout172, 23.745, 78.88, 1.8
fanout174, 23.745, 78.88, 1.8
FILLER_22_39, 23.745, 73.44, 1.8
FILLER_24_42, 23.745, 73.44, 1.8
_1606_, 23.745, 73.44, 1.8
_1657_, 23.745, 73.44, 1.8
_1702_, 23.745, 73.44, 1.8
_1199_, 23.745, 68, 1.8
_1203_, 23.745, 68, 1.8
_1204_, 23.745, 68, 1.8
_1205_, 23.745, 68, 1.8
_1207_, 23.745, 68, 1.8
_1238_, 23.745, 68, 1.8
FILLER_19_52, 23.745, 62.56, 1.8
_1197_, 23.745, 62.56, 1.8
_1200_, 23.745, 62.56, 1.8
_1239_, 23.745, 62.56, 1.8
FILLER_17_32, 23.745, 57.12, 1.8
FILLER_17_50, 23.745, 57.12, 1.8
_1194_, 23.745, 57.12, 1.8
_1201_, 23.745, 57.12, 1.8
_1202_, 23.745, 57.12, 1.8
_1518_, 23.745, 57.12, 1.8
FILLER_15_50, 23.745, 51.68, 1.8
FILLER_16_52, 23.745, 51.68, 1.8
_1198_, 23.745, 51.68, 1.8
_1235_, 23.745, 51.68, 1.8
_1237_, 23.745, 51.68, 1.8
_1514_, 23.745, 51.68, 1.8
FILLER_14_52, 23.745, 46.24, 1.8
_1512_, 23.745, 46.24, 1.8
_1519_, 23.745, 46.24, 1.8
fanout171, 23.745, 46.24, 1.8
_1475_, 23.745, 40.8, 1.8
_1498_, 23.745, 40.8, 1.8
_1520_, 23.745, 40.8, 1.8
_1522_, 23.745, 40.8, 1.8
FILLER_9_40, 23.745, 35.36, 1.8
_1481_, 23.745, 35.36, 1.8
_1499_, 23.745, 35.36, 1.8
_1500_, 23.745, 35.36, 1.8
_1674_, 23.745, 35.36, 1.8
_1323_, 23.745, 29.92, 1.8
_1626_, 23.745, 29.92, 1.8
FILLER_5_49, 23.745, 24.48, 1.8
FILLER_6_51, 23.745, 24.48, 1.8
_1432_, 23.745, 24.48, 1.8
_1433_, 23.745, 24.48, 1.8
_1470_, 23.745, 24.48, 1.8
_1473_, 23.745, 24.48, 1.8
_1676_, 23.745, 24.48, 1.8
_1327_, 23.745, 19.04, 1.8
_1328_, 23.745, 19.04, 1.8
_1337_, 23.745, 19.04, 1.8
_1338_, 23.745, 19.04, 1.8
_1343_, 23.745, 19.04, 1.8
ANTENNA_1, 23.745, 13.6, 1.8
ANTENNA_3, 23.745, 13.6, 1.8
_1318_, 23.745, 13.6, 1.8
output100, 23.745, 13.6, 1.8
output114, 23.745, 13.6, 1.8
output150, 23.745, 13.6, 1.8
output24, 23.745, 13.6, 1.8
output52, 23.745, 13.6, 1.8
PHY_104, 5.52, 155.04, 1.8
PHY_105, 151.34, 155.04, 1.8
_1750_, 151.34, 155.04, 1.8
output138, 14.632, 155.04, 1.8
output37, 14.632, 155.04, 1.8
FILLER_52_57, 35.896, 155.04, 1.8
output88, 35.896, 155.04, 1.8
FILLER_52_85, 48.048, 155.04, 1.8
output91, 48.048, 155.04, 1.8
_0831_, 72.351, 155.04, 1.8
output144, 72.351, 155.04, 1.8
FILLER_52_163, 84.503, 155.04, 1.8
output97, 84.503, 155.04, 1.8
FILLER_52_221, 108.806, 155.04, 1.8
output143, 108.806, 155.04, 1.8
FILLER_52_248, 120.958, 155.04, 1.8
output68, 120.958, 155.04, 1.8
output20, 142.225, 155.04, 1.8
PHY_100, 5.52, 149.6, 1.8
PHY_102, 5.52, 149.6, 1.8
output106, 5.52, 149.6, 1.8
output12, 5.52, 149.6, 1.8
PHY_101, 151.34, 149.6, 1.8
PHY_103, 151.34, 149.6, 1.8
_1734_, 151.34, 149.6, 1.8
ANTENNA_7, 14.632, 149.6, 1.8
ANTENNA_8, 14.632, 149.6, 1.8
FILLER_52_29, 14.632, 149.6, 1.8
output11, 14.632, 149.6, 1.8
output118, 14.632, 149.6, 1.8
output17, 14.632, 149.6, 1.8
output69, 14.632, 149.6, 1.8
FILLER_51_57, 35.896, 149.6, 1.8
FILLER_51_77, 35.896, 149.6, 1.8
_1446_, 35.896, 149.6, 1.8
_1448_, 35.896, 149.6, 1.8
_1449_, 35.896, 149.6, 1.8
_1451_, 35.896, 149.6, 1.8
input2, 35.896, 149.6, 1.8
output51, 35.896, 149.6, 1.8
output77, 35.896, 149.6, 1.8
_0785_, 48.048, 149.6, 1.8
_1644_, 48.048, 149.6, 1.8
fanout190, 48.048, 149.6, 1.8
output28, 48.048, 149.6, 1.8
output96, 48.048, 149.6, 1.8
_1453_, 72.351, 149.6, 1.8
_1646_, 72.351, 149.6, 1.8
fanout191, 72.351, 149.6, 1.8
fanout192, 72.351, 149.6, 1.8
output139, 72.351, 149.6, 1.8
output33, 72.351, 149.6, 1.8
output98, 72.351, 149.6, 1.8
FILLER_51_161, 84.503, 149.6, 1.8
_1455_, 84.503, 149.6, 1.8
_1743_, 84.503, 149.6, 1.8
output87, 84.503, 149.6, 1.8
FILLER_51_217, 108.806, 149.6, 1.8
FILLER_51_230, 108.806, 149.6, 1.8
_1011_, 108.806, 149.6, 1.8
_1722_, 108.806, 149.6, 1.8
output113, 108.806, 149.6, 1.8
output156, 108.806, 149.6, 1.8
FILLER_51_238, 120.958, 149.6, 1.8
FILLER_51_247, 120.958, 149.6, 1.8
FILLER_51_258, 120.958, 149.6, 1.8
_1730_, 120.958, 149.6, 1.8
output50, 120.958, 149.6, 1.8
output60, 120.958, 149.6, 1.8
output76, 120.958, 149.6, 1.8
FILLER_52_305, 142.225, 149.6, 1.8
output123, 142.225, 149.6, 1.8
output132, 142.225, 149.6, 1.8
output65, 142.225, 149.6, 1.8
output66, 142.225, 149.6, 1.8
output94, 142.225, 149.6, 1.8
PHY_96, 5.52, 144.16, 1.8
PHY_98, 5.52, 144.16, 1.8
_0817_, 5.52, 144.16, 1.8
output157, 5.52, 144.16, 1.8
output160, 5.52, 144.16, 1.8
PHY_97, 151.34, 144.16, 1.8
PHY_99, 151.34, 144.16, 1.8
_1184_, 151.34, 144.16, 1.8
ANTENNA_10, 14.632, 144.16, 1.8
input5, 14.632, 144.16, 1.8
output16, 14.632, 144.16, 1.8
FILLER_48_56, 35.896, 144.16, 1.8
FILLER_49_57, 35.896, 144.16, 1.8
FILLER_49_67, 35.896, 144.16, 1.8
_0781_, 35.896, 144.16, 1.8
_1445_, 35.896, 144.16, 1.8
_1447_, 35.896, 144.16, 1.8
_1642_, 35.896, 144.16, 1.8
_1643_, 35.896, 144.16, 1.8
FILLER_49_91, 48.048, 144.16, 1.8
_0787_, 48.048, 144.16, 1.8
_1450_, 48.048, 144.16, 1.8
_1460_, 48.048, 144.16, 1.8
_1461_, 48.048, 144.16, 1.8
output35, 48.048, 144.16, 1.8
_0777_, 72.351, 144.16, 1.8
_0862_, 72.351, 144.16, 1.8
_1645_, 72.351, 144.16, 1.8
FILLER_49_162, 84.503, 144.16, 1.8
_0921_, 84.503, 144.16, 1.8
FILLER_48_218, 108.806, 144.16, 1.8
FILLER_49_215, 108.806, 144.16, 1.8
_0943_, 108.806, 144.16, 1.8
_0949_, 108.806, 144.16, 1.8
_1034_, 108.806, 144.16, 1.8
_1171_, 108.806, 144.16, 1.8
FILLER_48_241, 120.958, 144.16, 1.8
FILLER_48_249, 120.958, 144.16, 1.8
FILLER_48_291, 142.225, 144.16, 1.8
_1079_, 142.225, 144.16, 1.8
output103, 142.225, 144.16, 1.8
output27, 142.225, 144.16, 1.8
output46, 142.225, 144.16, 1.8
output81, 142.225, 144.16, 1.8
PHY_92, 5.52, 138.72, 1.8
PHY_94, 5.52, 138.72, 1.8
output104, 5.52, 138.72, 1.8
output84, 5.52, 138.72, 1.8
FILLER_46_309, 151.34, 138.72, 1.8
PHY_93, 151.34, 138.72, 1.8
PHY_95, 151.34, 138.72, 1.8
FILLER_46_64, 35.896, 138.72, 1.8
FILLER_47_79, 35.896, 138.72, 1.8
_1444_, 35.896, 138.72, 1.8
_1641_, 35.896, 138.72, 1.8
_0851_, 48.048, 138.72, 1.8
_1648_, 48.048, 138.72, 1.8
_1649_, 48.048, 138.72, 1.8
FILLER_47_140, 72.351, 138.72, 1.8
_0778_, 72.351, 138.72, 1.8
_0803_, 72.351, 138.72, 1.8
_0861_, 72.351, 138.72, 1.8
_0891_, 72.351, 138.72, 1.8
_0937_, 72.351, 138.72, 1.8
_0802_, 84.503, 138.72, 1.8
_0804_, 84.503, 138.72, 1.8
_0810_, 84.503, 138.72, 1.8
_0962_, 84.503, 138.72, 1.8
_0966_, 84.503, 138.72, 1.8
_0929_, 108.806, 138.72, 1.8
_0942_, 108.806, 138.72, 1.8
_0945_, 108.806, 138.72, 1.8
_0947_, 108.806, 138.72, 1.8
_0950_, 108.806, 138.72, 1.8
_0952_, 108.806, 138.72, 1.8
FILLER_46_248, 120.958, 138.72, 1.8
_1029_, 120.958, 138.72, 1.8
_1032_, 120.958, 138.72, 1.8
_1037_, 120.958, 138.72, 1.8
ANTENNA_6, 142.225, 138.72, 1.8
output108, 142.225, 138.72, 1.8
output112, 142.225, 138.72, 1.8
output153, 142.225, 138.72, 1.8
output59, 142.225, 138.72, 1.8
PHY_88, 5.52, 133.28, 1.8
PHY_90, 5.52, 133.28, 1.8
output148, 5.52, 133.28, 1.8
output53, 5.52, 133.28, 1.8
FILLER_44_309, 151.34, 133.28, 1.8
FILLER_45_309, 151.34, 133.28, 1.8
PHY_89, 151.34, 133.28, 1.8
PHY_91, 151.34, 133.28, 1.8
FILLER_45_20, 14.632, 133.28, 1.8
FILLER_46_22, 14.632, 133.28, 1.8
FILLER_46_29, 14.632, 133.28, 1.8
_0751_, 14.632, 133.28, 1.8
_1443_, 14.632, 133.28, 1.8
_1721_, 14.632, 133.28, 1.8
_1741_, 14.632, 133.28, 1.8
_1752_, 14.632, 133.28, 1.8
FILLER_45_67, 35.896, 133.28, 1.8
_0789_, 35.896, 133.28, 1.8
_0818_, 35.896, 133.28, 1.8
_0838_, 35.896, 133.28, 1.8
_1442_, 35.896, 133.28, 1.8
FILLER_44_85, 48.048, 133.28, 1.8
FILLER_45_105, 48.048, 133.28, 1.8
FILLER_45_89, 48.048, 133.28, 1.8
FILLER_46_93, 48.048, 133.28, 1.8
_0786_, 48.048, 133.28, 1.8
_0797_, 48.048, 133.28, 1.8
_0852_, 48.048, 133.28, 1.8
_0876_, 48.048, 133.28, 1.8
FILLER_44_135, 72.351, 133.28, 1.8
FILLER_45_142, 72.351, 133.28, 1.8
FILLER_45_153, 72.351, 133.28, 1.8
_0855_, 72.351, 133.28, 1.8
_0864_, 72.351, 133.28, 1.8
_0874_, 72.351, 133.28, 1.8
_0909_, 72.351, 133.28, 1.8
_0938_, 72.351, 133.28, 1.8
FILLER_45_165, 84.503, 133.28, 1.8
FILLER_45_178, 84.503, 133.28, 1.8
FILLER_46_173, 84.503, 133.28, 1.8
_0922_, 84.503, 133.28, 1.8
_0963_, 84.503, 133.28, 1.8
_0967_, 84.503, 133.28, 1.8
_0968_, 84.503, 133.28, 1.8
FILLER_44_223, 108.806, 133.28, 1.8
_0948_, 108.806, 133.28, 1.8
_0951_, 108.806, 133.28, 1.8
_1019_, 108.806, 133.28, 1.8
FILLER_44_247, 120.958, 133.28, 1.8
FILLER_45_243, 120.958, 133.28, 1.8
_1027_, 120.958, 133.28, 1.8
_1028_, 120.958, 133.28, 1.8
_1063_, 120.958, 133.28, 1.8
_1411_, 120.958, 133.28, 1.8
FILLER_45_297, 142.225, 133.28, 1.8
_1145_, 142.225, 133.28, 1.8
_1179_, 142.225, 133.28, 1.8
_1180_, 142.225, 133.28, 1.8
output124, 142.225, 133.28, 1.8
PHY_84, 5.52, 127.84, 1.8
PHY_86, 5.52, 127.84, 1.8
output137, 5.52, 127.84, 1.8
output62, 5.52, 127.84, 1.8
FILLER_42_309, 151.34, 127.84, 1.8
PHY_85, 151.34, 127.84, 1.8
PHY_87, 151.34, 127.84, 1.8
FILLER_43_10, 14.632, 127.84, 1.8
_0742_, 14.632, 127.84, 1.8
_0750_, 14.632, 127.84, 1.8
_1695_, 14.632, 127.84, 1.8
FILLER_43_76, 35.896, 127.84, 1.8
FILLER_44_71, 35.896, 127.84, 1.8
_0739_, 35.896, 127.84, 1.8
_0840_, 35.896, 127.84, 1.8
_0782_, 48.048, 127.84, 1.8
_0788_, 48.048, 127.84, 1.8
_0795_, 48.048, 127.84, 1.8
_0808_, 48.048, 127.84, 1.8
_0841_, 48.048, 127.84, 1.8
FILLER_42_141, 72.351, 127.84, 1.8
FILLER_43_142, 72.351, 127.84, 1.8
FILLER_43_154, 72.351, 127.84, 1.8
FILLER_44_150, 72.351, 127.84, 1.8
_0811_, 72.351, 127.84, 1.8
_0856_, 72.351, 127.84, 1.8
_0877_, 72.351, 127.84, 1.8
_0923_, 72.351, 127.84, 1.8
FILLER_43_169, 84.503, 127.84, 1.8
_0910_, 84.503, 127.84, 1.8
_0927_, 84.503, 127.84, 1.8
_0939_, 84.503, 127.84, 1.8
_0964_, 84.503, 127.84, 1.8
_0972_, 84.503, 127.84, 1.8
FILLER_43_218, 108.806, 127.84, 1.8
_0932_, 108.806, 127.84, 1.8
_0946_, 108.806, 127.84, 1.8
_1021_, 108.806, 127.84, 1.8
FILLER_42_248, 120.958, 127.84, 1.8
FILLER_43_258, 120.958, 127.84, 1.8
_0953_, 120.958, 127.84, 1.8
_1045_, 120.958, 127.84, 1.8
_1118_, 120.958, 127.84, 1.8
_1134_, 120.958, 127.84, 1.8
_1410_, 120.958, 127.84, 1.8
_1419_, 120.958, 127.84, 1.8
FILLER_42_293, 142.225, 127.84, 1.8
FILLER_43_294, 142.225, 127.84, 1.8
FILLER_44_302, 142.225, 127.84, 1.8
_1071_, 142.225, 127.84, 1.8
_1078_, 142.225, 127.84, 1.8
_1115_, 142.225, 127.84, 1.8
FILLER_42_3, 5.52, 122.4, 1.8
PHY_80, 5.52, 122.4, 1.8
PHY_82, 5.52, 122.4, 1.8
_0755_, 5.52, 122.4, 1.8
_1697_, 5.52, 122.4, 1.8
PHY_81, 151.34, 122.4, 1.8
PHY_83, 151.34, 122.4, 1.8
_1747_, 151.34, 122.4, 1.8
FILLER_40_10, 14.632, 122.4, 1.8
_0748_, 14.632, 122.4, 1.8
_0749_, 14.632, 122.4, 1.8
_0752_, 14.632, 122.4, 1.8
FILLER_40_61, 35.896, 122.4, 1.8
FILLER_41_57, 35.896, 122.4, 1.8
_0780_, 35.896, 122.4, 1.8
_0826_, 35.896, 122.4, 1.8
_1463_, 35.896, 122.4, 1.8
FILLER_40_85, 48.048, 122.4, 1.8
_0776_, 48.048, 122.4, 1.8
_0779_, 48.048, 122.4, 1.8
_0784_, 48.048, 122.4, 1.8
_0799_, 48.048, 122.4, 1.8
_0812_, 48.048, 122.4, 1.8
FILLER_40_136, 72.351, 122.4, 1.8
FILLER_40_145, 72.351, 122.4, 1.8
FILLER_42_153, 72.351, 122.4, 1.8
_0850_, 72.351, 122.4, 1.8
_0858_, 72.351, 122.4, 1.8
_0908_, 72.351, 122.4, 1.8
_0890_, 84.503, 122.4, 1.8
_0892_, 84.503, 122.4, 1.8
_0900_, 84.503, 122.4, 1.8
_0902_, 84.503, 122.4, 1.8
_0965_, 84.503, 122.4, 1.8
FILLER_40_224, 108.806, 122.4, 1.8
_0930_, 108.806, 122.4, 1.8
_0933_, 108.806, 122.4, 1.8
_1030_, 108.806, 122.4, 1.8
_1131_, 108.806, 122.4, 1.8
FILLER_40_245, 120.958, 122.4, 1.8
_1055_, 120.958, 122.4, 1.8
_1057_, 120.958, 122.4, 1.8
_1069_, 120.958, 122.4, 1.8
_1070_, 120.958, 122.4, 1.8
FILLER_40_294, 142.225, 122.4, 1.8
FILLER_41_307, 142.225, 122.4, 1.8
FILLER_42_304, 142.225, 122.4, 1.8
_1158_, 142.225, 122.4, 1.8
FILLER_39_3, 5.52, 116.96, 1.8
PHY_76, 5.52, 116.96, 1.8
PHY_78, 5.52, 116.96, 1.8
_1698_, 5.52, 116.96, 1.8
output22, 5.52, 116.96, 1.8
FILLER_38_309, 151.34, 116.96, 1.8
FILLER_39_308, 151.34, 116.96, 1.8
PHY_77, 151.34, 116.96, 1.8
PHY_79, 151.34, 116.96, 1.8
FILLER_38_15, 14.632, 116.96, 1.8
_0753_, 14.632, 116.96, 1.8
_0754_, 14.632, 116.96, 1.8
_0870_, 14.632, 116.96, 1.8
fanout189, 14.632, 116.96, 1.8
FILLER_38_64, 35.896, 116.96, 1.8
FILLER_39_53, 35.896, 116.96, 1.8
_0740_, 35.896, 116.96, 1.8
_1380_, 35.896, 116.96, 1.8
_1437_, 35.896, 116.96, 1.8
_1650_, 35.896, 116.96, 1.8
_0809_, 48.048, 116.96, 1.8
_1462_, 48.048, 116.96, 1.8
fanout164, 48.048, 116.96, 1.8
FILLER_39_143, 72.351, 116.96, 1.8
_0853_, 72.351, 116.96, 1.8
_0859_, 72.351, 116.96, 1.8
_0866_, 72.351, 116.96, 1.8
_0896_, 72.351, 116.96, 1.8
_0897_, 72.351, 116.96, 1.8
FILLER_39_177, 84.503, 116.96, 1.8
FILLER_40_181, 84.503, 116.96, 1.8
_0878_, 84.503, 116.96, 1.8
_0898_, 84.503, 116.96, 1.8
_0901_, 84.503, 116.96, 1.8
_0914_, 84.503, 116.96, 1.8
_0926_, 84.503, 116.96, 1.8
_0934_, 108.806, 116.96, 1.8
_1020_, 108.806, 116.96, 1.8
_1022_, 108.806, 116.96, 1.8
_1043_, 108.806, 116.96, 1.8
FILLER_38_249, 120.958, 116.96, 1.8
_1050_, 120.958, 116.96, 1.8
_1052_, 120.958, 116.96, 1.8
_1053_, 120.958, 116.96, 1.8
_1096_, 120.958, 116.96, 1.8
_1112_, 120.958, 116.96, 1.8
_1080_, 142.225, 116.96, 1.8
_1146_, 142.225, 116.96, 1.8
_1147_, 142.225, 116.96, 1.8
_1156_, 142.225, 116.96, 1.8
PHY_72, 5.52, 111.52, 1.8
PHY_74, 5.52, 111.52, 1.8
output133, 5.52, 111.52, 1.8
output19, 5.52, 111.52, 1.8
FILLER_36_309, 151.34, 111.52, 1.8
PHY_73, 151.34, 111.52, 1.8
PHY_75, 151.34, 111.52, 1.8
FILLER_37_10, 14.632, 111.52, 1.8
FILLER_38_24, 14.632, 111.52, 1.8
_0821_, 14.632, 111.52, 1.8
_0823_, 14.632, 111.52, 1.8
fanout179, 14.632, 111.52, 1.8
_0775_, 35.896, 111.52, 1.8
_1003_, 35.896, 111.52, 1.8
_1637_, 35.896, 111.52, 1.8
_1653_, 35.896, 111.52, 1.8
FILLER_37_82, 48.048, 111.52, 1.8
FILLER_37_99, 48.048, 111.52, 1.8
FILLER_38_95, 48.048, 111.52, 1.8
_0741_, 48.048, 111.52, 1.8
_0798_, 48.048, 111.52, 1.8
_0806_, 48.048, 111.52, 1.8
_0882_, 48.048, 111.52, 1.8
_1466_, 48.048, 111.52, 1.8
FILLER_38_150, 72.351, 111.52, 1.8
_0835_, 72.351, 111.52, 1.8
_0867_, 72.351, 111.52, 1.8
_0886_, 72.351, 111.52, 1.8
_0994_, 72.351, 111.52, 1.8
_0997_, 72.351, 111.52, 1.8
FILLER_37_161, 84.503, 111.52, 1.8
FILLER_37_178, 84.503, 111.52, 1.8
_0899_, 84.503, 111.52, 1.8
_0903_, 84.503, 111.52, 1.8
_0996_, 84.503, 111.52, 1.8
FILLER_37_225, 108.806, 111.52, 1.8
_0907_, 108.806, 111.52, 1.8
_1177_, 108.806, 111.52, 1.8
_1182_, 108.806, 111.52, 1.8
FILLER_36_249, 120.958, 111.52, 1.8
FILLER_38_263, 120.958, 111.52, 1.8
_1076_, 120.958, 111.52, 1.8
_1095_, 120.958, 111.52, 1.8
_1136_, 120.958, 111.52, 1.8
_1169_, 120.958, 111.52, 1.8
_1176_, 120.958, 111.52, 1.8
FILLER_37_291, 142.225, 111.52, 1.8
FILLER_38_303, 142.225, 111.52, 1.8
_1051_, 142.225, 111.52, 1.8
_1072_, 142.225, 111.52, 1.8
_1110_, 142.225, 111.52, 1.8
PHY_68, 5.52, 106.08, 1.8
PHY_70, 5.52, 106.08, 1.8
_0756_, 5.52, 106.08, 1.8
_0757_, 5.52, 106.08, 1.8
_1737_, 5.52, 106.08, 1.8
FILLER_34_309, 151.34, 106.08, 1.8
FILLER_35_311, 151.34, 106.08, 1.8
PHY_69, 151.34, 106.08, 1.8
PHY_71, 151.34, 106.08, 1.8
ANTENNA_4, 14.632, 106.08, 1.8
_0759_, 14.632, 106.08, 1.8
_1699_, 14.632, 106.08, 1.8
_0771_, 35.896, 106.08, 1.8
_0772_, 35.896, 106.08, 1.8
_0825_, 35.896, 106.08, 1.8
_1468_, 35.896, 106.08, 1.8
fanout180, 35.896, 106.08, 1.8
FILLER_35_84, 48.048, 106.08, 1.8
FILLER_36_95, 48.048, 106.08, 1.8
_0884_, 48.048, 106.08, 1.8
_1464_, 48.048, 106.08, 1.8
_1652_, 48.048, 106.08, 1.8
FILLER_35_136, 72.351, 106.08, 1.8
_0834_, 72.351, 106.08, 1.8
_0837_, 72.351, 106.08, 1.8
_0974_, 72.351, 106.08, 1.8
FILLER_34_166, 84.503, 106.08, 1.8
FILLER_36_182, 84.503, 106.08, 1.8
_0880_, 84.503, 106.08, 1.8
_0958_, 84.503, 106.08, 1.8
_0995_, 84.503, 106.08, 1.8
FILLER_36_229, 108.806, 106.08, 1.8
_1099_, 108.806, 106.08, 1.8
_1121_, 108.806, 106.08, 1.8
_1137_, 108.806, 106.08, 1.8
_1175_, 108.806, 106.08, 1.8
FILLER_34_247, 120.958, 106.08, 1.8
FILLER_35_252, 120.958, 106.08, 1.8
FILLER_36_253, 120.958, 106.08, 1.8
_1098_, 120.958, 106.08, 1.8
_1120_, 120.958, 106.08, 1.8
_1140_, 120.958, 106.08, 1.8
_1173_, 120.958, 106.08, 1.8
FILLER_35_289, 142.225, 106.08, 1.8
_1111_, 142.225, 106.08, 1.8
_1116_, 142.225, 106.08, 1.8
_1167_, 142.225, 106.08, 1.8
_1170_, 142.225, 106.08, 1.8
FILLER_34_3, 5.52, 100.64, 1.8
PHY_64, 5.52, 100.64, 1.8
PHY_66, 5.52, 100.64, 1.8
_1608_, 5.52, 100.64, 1.8
_1609_, 5.52, 100.64, 1.8
_1714_, 5.52, 100.64, 1.8
PHY_65, 151.34, 100.64, 1.8
PHY_67, 151.34, 100.64, 1.8
_1748_, 151.34, 100.64, 1.8
FILLER_34_24, 14.632, 100.64, 1.8
FILLER_34_71, 35.896, 100.64, 1.8
_0770_, 35.896, 100.64, 1.8
_0774_, 35.896, 100.64, 1.8
_1439_, 35.896, 100.64, 1.8
_1694_, 35.896, 100.64, 1.8
FILLER_32_85, 48.048, 100.64, 1.8
FILLER_34_95, 48.048, 100.64, 1.8
_0791_, 48.048, 100.64, 1.8
_1610_, 48.048, 100.64, 1.8
_1651_, 48.048, 100.64, 1.8
_0836_, 72.351, 100.64, 1.8
_0979_, 72.351, 100.64, 1.8
_0980_, 72.351, 100.64, 1.8
_0993_, 72.351, 100.64, 1.8
FILLER_33_177, 84.503, 100.64, 1.8
_0957_, 84.503, 100.64, 1.8
_0985_, 84.503, 100.64, 1.8
_0986_, 84.503, 100.64, 1.8
_0991_, 84.503, 100.64, 1.8
_0998_, 84.503, 100.64, 1.8
FILLER_33_219, 108.806, 100.64, 1.8
FILLER_34_226, 108.806, 100.64, 1.8
_0935_, 108.806, 100.64, 1.8
_1017_, 108.806, 100.64, 1.8
_1089_, 108.806, 100.64, 1.8
_1172_, 108.806, 100.64, 1.8
_1073_, 120.958, 100.64, 1.8
_1119_, 120.958, 100.64, 1.8
_1125_, 120.958, 100.64, 1.8
FILLER_34_304, 142.225, 100.64, 1.8
_1091_, 142.225, 100.64, 1.8
_1092_, 142.225, 100.64, 1.8
_1101_, 142.225, 100.64, 1.8
PHY_60, 5.52, 95.2, 1.8
PHY_62, 5.52, 95.2, 1.8
input6, 5.52, 95.2, 1.8
output140, 5.52, 95.2, 1.8
FILLER_30_309, 151.34, 95.2, 1.8
PHY_61, 151.34, 95.2, 1.8
PHY_63, 151.34, 95.2, 1.8
FILLER_31_10, 14.632, 95.2, 1.8
FILLER_31_24, 14.632, 95.2, 1.8
FILLER_32_20, 14.632, 95.2, 1.8
_0732_, 14.632, 95.2, 1.8
_0762_, 14.632, 95.2, 1.8
_0763_, 14.632, 95.2, 1.8
FILLER_31_53, 35.896, 95.2, 1.8
FILLER_31_61, 35.896, 95.2, 1.8
FILLER_32_73, 35.896, 95.2, 1.8
_0769_, 35.896, 95.2, 1.8
_0829_, 35.896, 95.2, 1.8
_1638_, 35.896, 95.2, 1.8
_1693_, 35.896, 95.2, 1.8
FILLER_30_85, 48.048, 95.2, 1.8
_0847_, 48.048, 95.2, 1.8
_1381_, 48.048, 95.2, 1.8
fanout185, 48.048, 95.2, 1.8
_0982_, 72.351, 95.2, 1.8
_0984_, 72.351, 95.2, 1.8
fanout183, 72.351, 95.2, 1.8
FILLER_30_163, 84.503, 95.2, 1.8
FILLER_31_169, 84.503, 95.2, 1.8
_0981_, 84.503, 95.2, 1.8
_0987_, 84.503, 95.2, 1.8
_0988_, 84.503, 95.2, 1.8
_0992_, 84.503, 95.2, 1.8
_1390_, 84.503, 95.2, 1.8
_1018_, 108.806, 95.2, 1.8
_1033_, 108.806, 95.2, 1.8
_1059_, 108.806, 95.2, 1.8
_1162_, 108.806, 95.2, 1.8
fanout188, 108.806, 95.2, 1.8
FILLER_31_238, 120.958, 95.2, 1.8
FILLER_31_254, 120.958, 95.2, 1.8
_1058_, 120.958, 95.2, 1.8
_1123_, 120.958, 95.2, 1.8
_1143_, 120.958, 95.2, 1.8
_1149_, 120.958, 95.2, 1.8
_1150_, 120.958, 95.2, 1.8
FILLER_31_307, 142.225, 95.2, 1.8
FILLER_32_305, 142.225, 95.2, 1.8
_1109_, 142.225, 95.2, 1.8
_1151_, 142.225, 95.2, 1.8
_1152_, 142.225, 95.2, 1.8
_1160_, 142.225, 95.2, 1.8
FILLER_30_3, 5.52, 89.76, 1.8
PHY_56, 5.52, 89.76, 1.8
PHY_58, 5.52, 89.76, 1.8
_1691_, 5.52, 89.76, 1.8
output13, 5.52, 89.76, 1.8
PHY_57, 151.34, 89.76, 1.8
PHY_59, 151.34, 89.76, 1.8
adc_core_digital_193, 151.34, 89.76, 1.8
FILLER_28_10, 14.632, 89.76, 1.8
_0761_, 14.632, 89.76, 1.8
_0765_, 14.632, 89.76, 1.8
FILLER_29_64, 35.896, 89.76, 1.8
_0768_, 35.896, 89.76, 1.8
_0871_, 35.896, 89.76, 1.8
_0872_, 35.896, 89.76, 1.8
_1612_, 35.896, 89.76, 1.8
FILLER_28_80, 48.048, 89.76, 1.8
FILLER_30_96, 48.048, 89.76, 1.8
_0848_, 48.048, 89.76, 1.8
_0889_, 48.048, 89.76, 1.8
_1591_, 48.048, 89.76, 1.8
_1613_, 48.048, 89.76, 1.8
fanout186, 48.048, 89.76, 1.8
FILLER_28_134, 72.351, 89.76, 1.8
FILLER_28_141, 72.351, 89.76, 1.8
_0977_, 72.351, 89.76, 1.8
_0989_, 72.351, 89.76, 1.8
_1619_, 72.351, 89.76, 1.8
FILLER_30_182, 84.503, 89.76, 1.8
_0990_, 84.503, 89.76, 1.8
_1005_, 84.503, 89.76, 1.8
FILLER_28_221, 108.806, 89.76, 1.8
FILLER_29_214, 108.806, 89.76, 1.8
FILLER_29_233, 108.806, 89.76, 1.8
_1105_, 108.806, 89.76, 1.8
_1122_, 108.806, 89.76, 1.8
_1141_, 108.806, 89.76, 1.8
FILLER_29_249, 120.958, 89.76, 1.8
_1074_, 120.958, 89.76, 1.8
_1103_, 120.958, 89.76, 1.8
_1107_, 120.958, 89.76, 1.8
_1165_, 120.958, 89.76, 1.8
FILLER_29_294, 142.225, 89.76, 1.8
_1046_, 142.225, 89.76, 1.8
_1082_, 142.225, 89.76, 1.8
_1161_, 142.225, 89.76, 1.8
PHY_52, 5.52, 84.32, 1.8
PHY_54, 5.52, 84.32, 1.8
adc_core_digital_194, 5.52, 84.32, 1.8
output99, 5.52, 84.32, 1.8
FILLER_26_309, 151.34, 84.32, 1.8
PHY_53, 151.34, 84.32, 1.8
PHY_55, 151.34, 84.32, 1.8
_1409_, 151.34, 84.32, 1.8
_0766_, 14.632, 84.32, 1.8
_1690_, 14.632, 84.32, 1.8
FILLER_27_66, 35.896, 84.32, 1.8
_1580_, 35.896, 84.32, 1.8
_1581_, 35.896, 84.32, 1.8
_1582_, 35.896, 84.32, 1.8
_1585_, 35.896, 84.32, 1.8
_1611_, 35.896, 84.32, 1.8
_0849_, 48.048, 84.32, 1.8
_1216_, 48.048, 84.32, 1.8
_1586_, 48.048, 84.32, 1.8
_1705_, 48.048, 84.32, 1.8
FILLER_26_141, 72.351, 84.32, 1.8
_0905_, 72.351, 84.32, 1.8
_1589_, 72.351, 84.32, 1.8
_1595_, 72.351, 84.32, 1.8
_1617_, 72.351, 84.32, 1.8
_1621_, 72.351, 84.32, 1.8
FILLER_27_163, 84.503, 84.32, 1.8
FILLER_27_173, 84.503, 84.32, 1.8
FILLER_27_182, 84.503, 84.32, 1.8
_0999_, 84.503, 84.32, 1.8
_1012_, 84.503, 84.32, 1.8
_1015_, 84.503, 84.32, 1.8
FILLER_27_218, 108.806, 84.32, 1.8
_1062_, 108.806, 84.32, 1.8
_1106_, 108.806, 84.32, 1.8
_1124_, 108.806, 84.32, 1.8
_1138_, 108.806, 84.32, 1.8
_1407_, 108.806, 84.32, 1.8
FILLER_26_246, 120.958, 84.32, 1.8
FILLER_27_257, 120.958, 84.32, 1.8
_1075_, 120.958, 84.32, 1.8
_1102_, 120.958, 84.32, 1.8
_1104_, 120.958, 84.32, 1.8
_1108_, 120.958, 84.32, 1.8
_1133_, 120.958, 84.32, 1.8
FILLER_28_301, 142.225, 84.32, 1.8
_1047_, 142.225, 84.32, 1.8
_1132_, 142.225, 84.32, 1.8
PHY_48, 5.52, 78.88, 1.8
PHY_50, 5.52, 78.88, 1.8
output15, 5.52, 78.88, 1.8
output30, 5.52, 78.88, 1.8
PHY_49, 151.34, 78.88, 1.8
PHY_51, 151.34, 78.88, 1.8
_1044_, 151.34, 78.88, 1.8
_1732_, 151.34, 78.88, 1.8
FILLER_25_15, 14.632, 78.88, 1.8
FILLER_26_22, 14.632, 78.88, 1.8
_1692_, 14.632, 78.88, 1.8
_1744_, 14.632, 78.88, 1.8
FILLER_25_57, 35.896, 78.88, 1.8
_1244_, 35.896, 78.88, 1.8
_1587_, 35.896, 78.88, 1.8
_1703_, 35.896, 78.88, 1.8
fanout173, 35.896, 78.88, 1.8
FILLER_24_80, 48.048, 78.88, 1.8
FILLER_24_85, 48.048, 78.88, 1.8
_1208_, 48.048, 78.88, 1.8
_1242_, 48.048, 78.88, 1.8
_1243_, 48.048, 78.88, 1.8
_1014_, 72.351, 78.88, 1.8
_1603_, 72.351, 78.88, 1.8
_1620_, 72.351, 78.88, 1.8
fanout177, 72.351, 78.88, 1.8
fanout178, 72.351, 78.88, 1.8
FILLER_25_164, 84.503, 78.88, 1.8
FILLER_25_169, 84.503, 78.88, 1.8
FILLER_26_177, 84.503, 78.88, 1.8
_1000_, 84.503, 78.88, 1.8
FILLER_24_213, 108.806, 78.88, 1.8
FILLER_26_228, 108.806, 78.88, 1.8
_1009_, 108.806, 78.88, 1.8
_1026_, 108.806, 78.88, 1.8
_1060_, 108.806, 78.88, 1.8
_1126_, 108.806, 78.88, 1.8
_1008_, 120.958, 78.88, 1.8
_1077_, 120.958, 78.88, 1.8
_1174_, 120.958, 78.88, 1.8
_1404_, 120.958, 78.88, 1.8
_1128_, 142.225, 78.88, 1.8
_1164_, 142.225, 78.88, 1.8
FILLER_24_3, 5.52, 73.44, 1.8
PHY_44, 5.52, 73.44, 1.8
PHY_46, 5.52, 73.44, 1.8
_1712_, 5.52, 73.44, 1.8
output32, 5.52, 73.44, 1.8
FILLER_22_309, 151.34, 73.44, 1.8
FILLER_23_310, 151.34, 73.44, 1.8
PHY_45, 151.34, 73.44, 1.8
PHY_47, 151.34, 73.44, 1.8
FILLER_23_15, 14.632, 73.44, 1.8
FILLER_24_29, 14.632, 73.44, 1.8
_1604_, 14.632, 73.44, 1.8
_1605_, 14.632, 73.44, 1.8
_1751_, 14.632, 73.44, 1.8
_1213_, 35.896, 73.44, 1.8
_1215_, 35.896, 73.44, 1.8
_1245_, 35.896, 73.44, 1.8
_1584_, 35.896, 73.44, 1.8
_1658_, 35.896, 73.44, 1.8
FILLER_22_85, 48.048, 73.44, 1.8
FILLER_23_93, 48.048, 73.44, 1.8
_1211_, 48.048, 73.44, 1.8
_1214_, 48.048, 73.44, 1.8
_1218_, 48.048, 73.44, 1.8
FILLER_22_141, 72.351, 73.44, 1.8
FILLER_24_151, 72.351, 73.44, 1.8
_1599_, 72.351, 73.44, 1.8
_1602_, 72.351, 73.44, 1.8
_1711_, 72.351, 73.44, 1.8
FILLER_23_179, 84.503, 73.44, 1.8
FILLER_24_178, 84.503, 73.44, 1.8
_1001_, 84.503, 73.44, 1.8
_1387_, 84.503, 73.44, 1.8
_1601_, 84.503, 73.44, 1.8
_1386_, 108.806, 73.44, 1.8
_1393_, 108.806, 73.44, 1.8
_1402_, 108.806, 73.44, 1.8
_1423_, 108.806, 73.44, 1.8
_1429_, 108.806, 73.44, 1.8
_1420_, 120.958, 73.44, 1.8
_1425_, 120.958, 73.44, 1.8
fanout162, 120.958, 73.44, 1.8
FILLER_23_291, 142.225, 73.44, 1.8
FILLER_24_305, 142.225, 73.44, 1.8
_1094_, 142.225, 73.44, 1.8
_1127_, 142.225, 73.44, 1.8
_1185_, 142.225, 73.44, 1.8
_1186_, 142.225, 73.44, 1.8
FILLER_22_3, 5.52, 68, 1.8
PHY_40, 5.52, 68, 1.8
PHY_42, 5.52, 68, 1.8
_1713_, 5.52, 68, 1.8
output126, 5.52, 68, 1.8
PHY_41, 151.34, 68, 1.8
PHY_43, 151.34, 68, 1.8
_1736_, 151.34, 68, 1.8
FILLER_21_10, 14.632, 68, 1.8
_1607_, 14.632, 68, 1.8
_1728_, 14.632, 68, 1.8
FILLER_21_64, 35.896, 68, 1.8
_1206_, 35.896, 68, 1.8
_1659_, 35.896, 68, 1.8
_1661_, 35.896, 68, 1.8
FILLER_21_93, 48.048, 68, 1.8
_1219_, 48.048, 68, 1.8
_1227_, 48.048, 68, 1.8
fanout166, 48.048, 68, 1.8
FILLER_22_154, 72.351, 68, 1.8
_1196_, 72.351, 68, 1.8
_1264_, 72.351, 68, 1.8
_1663_, 72.351, 68, 1.8
_1710_, 72.351, 68, 1.8
FILLER_20_164, 84.503, 68, 1.8
FILLER_21_169, 84.503, 68, 1.8
_1253_, 84.503, 68, 1.8
_1260_, 84.503, 68, 1.8
_1261_, 84.503, 68, 1.8
_1263_, 84.503, 68, 1.8
_1270_, 84.503, 68, 1.8
_1394_, 108.806, 68, 1.8
_1421_, 108.806, 68, 1.8
fanout163, 108.806, 68, 1.8
FILLER_20_248, 120.958, 68, 1.8
FILLER_21_239, 120.958, 68, 1.8
FILLER_22_253, 120.958, 68, 1.8
_1049_, 120.958, 68, 1.8
_1399_, 120.958, 68, 1.8
_1415_, 120.958, 68, 1.8
FILLER_21_304, 142.225, 68, 1.8
FILLER_22_302, 142.225, 68, 1.8
_1093_, 142.225, 68, 1.8
output110, 142.225, 68, 1.8
output56, 142.225, 68, 1.8
output64, 142.225, 68, 1.8
PHY_36, 5.52, 62.56, 1.8
PHY_38, 5.52, 62.56, 1.8
input4, 5.52, 62.56, 1.8
output74, 5.52, 62.56, 1.8
FILLER_18_309, 151.34, 62.56, 1.8
PHY_37, 151.34, 62.56, 1.8
PHY_39, 151.34, 62.56, 1.8
FILLER_18_15, 14.632, 62.56, 1.8
_1656_, 14.632, 62.56, 1.8
FILLER_18_65, 35.896, 62.56, 1.8
_1241_, 35.896, 62.56, 1.8
_1530_, 35.896, 62.56, 1.8
_1217_, 48.048, 62.56, 1.8
_1220_, 48.048, 62.56, 1.8
_1225_, 48.048, 62.56, 1.8
_1249_, 48.048, 62.56, 1.8
_1660_, 48.048, 62.56, 1.8
FILLER_18_136, 72.351, 62.56, 1.8
FILLER_18_141, 72.351, 62.56, 1.8
FILLER_19_142, 72.351, 62.56, 1.8
_1230_, 72.351, 62.56, 1.8
_1232_, 72.351, 62.56, 1.8
_1233_, 72.351, 62.56, 1.8
FILLER_19_164, 84.503, 62.56, 1.8
_1257_, 84.503, 62.56, 1.8
_1258_, 84.503, 62.56, 1.8
_1262_, 84.503, 62.56, 1.8
_1598_, 84.503, 62.56, 1.8
FILLER_19_229, 108.806, 62.56, 1.8
FILLER_20_233, 108.806, 62.56, 1.8
_1385_, 108.806, 62.56, 1.8
_1396_, 108.806, 62.56, 1.8
_1408_, 108.806, 62.56, 1.8
_1427_, 108.806, 62.56, 1.8
_1623_, 108.806, 62.56, 1.8
_1010_, 120.958, 62.56, 1.8
_1413_, 120.958, 62.56, 1.8
_1414_, 120.958, 62.56, 1.8
_1416_, 120.958, 62.56, 1.8
_1422_, 120.958, 62.56, 1.8
_1424_, 120.958, 62.56, 1.8
FILLER_19_293, 142.225, 62.56, 1.8
output127, 142.225, 62.56, 1.8
output161, 142.225, 62.56, 1.8
output49, 142.225, 62.56, 1.8
FILLER_17_7, 5.52, 57.12, 1.8
PHY_32, 5.52, 57.12, 1.8
PHY_34, 5.52, 57.12, 1.8
input3, 5.52, 57.12, 1.8
FILLER_16_309, 151.34, 57.12, 1.8
PHY_33, 151.34, 57.12, 1.8
PHY_35, 151.34, 57.12, 1.8
FILLER_18_29, 14.632, 57.12, 1.8
_1240_, 14.632, 57.12, 1.8
_1683_, 14.632, 57.12, 1.8
FILLER_17_66, 35.896, 57.12, 1.8
_1212_, 35.896, 57.12, 1.8
_1251_, 35.896, 57.12, 1.8
_1503_, 35.896, 57.12, 1.8
_1504_, 35.896, 57.12, 1.8
_1541_, 35.896, 57.12, 1.8
FILLER_18_94, 48.048, 57.12, 1.8
_1222_, 48.048, 57.12, 1.8
_1247_, 48.048, 57.12, 1.8
_1250_, 48.048, 57.12, 1.8
_1531_, 48.048, 57.12, 1.8
FILLER_16_135, 72.351, 57.12, 1.8
_1545_, 72.351, 57.12, 1.8
_1546_, 72.351, 57.12, 1.8
_1662_, 72.351, 57.12, 1.8
FILLER_16_159, 84.503, 57.12, 1.8
FILLER_17_169, 84.503, 57.12, 1.8
FILLER_17_181, 84.503, 57.12, 1.8
FILLER_18_177, 84.503, 57.12, 1.8
_1268_, 84.503, 57.12, 1.8
_1279_, 84.503, 57.12, 1.8
_1281_, 84.503, 57.12, 1.8
_1286_, 84.503, 57.12, 1.8
FILLER_17_221, 108.806, 57.12, 1.8
_0830_, 108.806, 57.12, 1.8
_1265_, 108.806, 57.12, 1.8
_1269_, 108.806, 57.12, 1.8
_1273_, 108.806, 57.12, 1.8
_1384_, 108.806, 57.12, 1.8
FILLER_16_247, 120.958, 57.12, 1.8
FILLER_17_293, 142.225, 57.12, 1.8
FILLER_18_301, 142.225, 57.12, 1.8
output115, 142.225, 57.12, 1.8
output21, 142.225, 57.12, 1.8
PHY_28, 5.52, 51.68, 1.8
PHY_30, 5.52, 51.68, 1.8
output26, 5.52, 51.68, 1.8
output80, 5.52, 51.68, 1.8
FILLER_14_309, 151.34, 51.68, 1.8
PHY_29, 151.34, 51.68, 1.8
PHY_31, 151.34, 51.68, 1.8
FILLER_15_10, 14.632, 51.68, 1.8
_1193_, 14.632, 51.68, 1.8
_1234_, 14.632, 51.68, 1.8
_1654_, 14.632, 51.68, 1.8
_1248_, 35.896, 51.68, 1.8
_1252_, 35.896, 51.68, 1.8
_1501_, 35.896, 51.68, 1.8
_1505_, 35.896, 51.68, 1.8
_1679_, 35.896, 51.68, 1.8
FILLER_15_90, 48.048, 51.68, 1.8
_1246_, 48.048, 51.68, 1.8
_1513_, 48.048, 51.68, 1.8
_1515_, 48.048, 51.68, 1.8
_1533_, 48.048, 51.68, 1.8
_1536_, 48.048, 51.68, 1.8
FILLER_14_141, 72.351, 51.68, 1.8
FILLER_15_139, 72.351, 51.68, 1.8
FILLER_16_148, 72.351, 51.68, 1.8
_1231_, 72.351, 51.68, 1.8
_1288_, 72.351, 51.68, 1.8
_1552_, 72.351, 51.68, 1.8
_1558_, 72.351, 51.68, 1.8
_1684_, 72.351, 51.68, 1.8
FILLER_15_181, 84.503, 51.68, 1.8
_1280_, 84.503, 51.68, 1.8
_1284_, 84.503, 51.68, 1.8
_1285_, 84.503, 51.68, 1.8
_1665_, 84.503, 51.68, 1.8
_1275_, 108.806, 51.68, 1.8
_1289_, 108.806, 51.68, 1.8
_1383_, 108.806, 51.68, 1.8
_1624_, 108.806, 51.68, 1.8
fanout169, 108.806, 51.68, 1.8
fanout170, 108.806, 51.68, 1.8
FILLER_14_243, 120.958, 51.68, 1.8
FILLER_16_301, 142.225, 51.68, 1.8
output107, 142.225, 51.68, 1.8
PHY_24, 5.52, 46.24, 1.8
PHY_26, 5.52, 46.24, 1.8
FILLER_12_309, 151.34, 46.24, 1.8
PHY_25, 151.34, 46.24, 1.8
PHY_27, 151.34, 46.24, 1.8
FILLER_13_15, 14.632, 46.24, 1.8
FILLER_14_29, 14.632, 46.24, 1.8
_1236_, 14.632, 46.24, 1.8
_1655_, 14.632, 46.24, 1.8
FILLER_12_55, 35.896, 46.24, 1.8
FILLER_13_57, 35.896, 46.24, 1.8
FILLER_14_73, 35.896, 46.24, 1.8
_1223_, 35.896, 46.24, 1.8
_1490_, 35.896, 46.24, 1.8
_1492_, 35.896, 46.24, 1.8
_1493_, 35.896, 46.24, 1.8
_1517_, 35.896, 46.24, 1.8
FILLER_13_102, 48.048, 46.24, 1.8
FILLER_14_93, 48.048, 46.24, 1.8
_1502_, 48.048, 46.24, 1.8
_1537_, 48.048, 46.24, 1.8
_1538_, 48.048, 46.24, 1.8
_1540_, 48.048, 46.24, 1.8
_1550_, 48.048, 46.24, 1.8
FILLER_12_135, 72.351, 46.24, 1.8
FILLER_13_145, 72.351, 46.24, 1.8
FILLER_13_157, 72.351, 46.24, 1.8
_1547_, 72.351, 46.24, 1.8
_1561_, 72.351, 46.24, 1.8
_1687_, 72.351, 46.24, 1.8
FILLER_12_168, 84.503, 46.24, 1.8
FILLER_13_179, 84.503, 46.24, 1.8
_1287_, 84.503, 46.24, 1.8
_1291_, 84.503, 46.24, 1.8
_1296_, 84.503, 46.24, 1.8
_1669_, 84.503, 46.24, 1.8
_1382_, 108.806, 46.24, 1.8
_1664_, 108.806, 46.24, 1.8
FILLER_12_242, 120.958, 46.24, 1.8
FILLER_14_301, 142.225, 46.24, 1.8
output47, 142.225, 46.24, 1.8
PHY_20, 5.52, 40.8, 1.8
PHY_22, 5.52, 40.8, 1.8
output159, 5.52, 40.8, 1.8
output25, 5.52, 40.8, 1.8
FILLER_10_309, 151.34, 40.8, 1.8
PHY_21, 151.34, 40.8, 1.8
PHY_23, 151.34, 40.8, 1.8
FILLER_11_10, 14.632, 40.8, 1.8
FILLER_12_29, 14.632, 40.8, 1.8
_1489_, 14.632, 40.8, 1.8
_1497_, 14.632, 40.8, 1.8
_1516_, 14.632, 40.8, 1.8
_1681_, 14.632, 40.8, 1.8
FILLER_11_57, 35.896, 40.8, 1.8
FILLER_12_74, 35.896, 40.8, 1.8
_1479_, 35.896, 40.8, 1.8
_1495_, 35.896, 40.8, 1.8
_1496_, 35.896, 40.8, 1.8
_1535_, 35.896, 40.8, 1.8
FILLER_11_89, 48.048, 40.8, 1.8
_1511_, 48.048, 40.8, 1.8
_1539_, 48.048, 40.8, 1.8
_1577_, 48.048, 40.8, 1.8
_1578_, 48.048, 40.8, 1.8
_1579_, 48.048, 40.8, 1.8
fanout165, 48.048, 40.8, 1.8
_1355_, 72.351, 40.8, 1.8
_1562_, 72.351, 40.8, 1.8
_1563_, 72.351, 40.8, 1.8
fanout175, 72.351, 40.8, 1.8
FILLER_11_164, 84.503, 40.8, 1.8
_1303_, 84.503, 40.8, 1.8
_1542_, 84.503, 40.8, 1.8
_1666_, 84.503, 40.8, 1.8
FILLER_10_214, 108.806, 40.8, 1.8
_1418_, 108.806, 40.8, 1.8
_1688_, 108.806, 40.8, 1.8
fanout167, 108.806, 40.8, 1.8
fanout176, 108.806, 40.8, 1.8
FILLER_10_245, 120.958, 40.8, 1.8
_1301_, 120.958, 40.8, 1.8
_1740_, 120.958, 40.8, 1.8
FILLER_11_293, 142.225, 40.8, 1.8
FILLER_12_301, 142.225, 40.8, 1.8
output122, 142.225, 40.8, 1.8
output57, 142.225, 40.8, 1.8
FILLER_10_3, 5.52, 35.36, 1.8
PHY_16, 5.52, 35.36, 1.8
PHY_18, 5.52, 35.36, 1.8
_1509_, 5.52, 35.36, 1.8
output149, 5.52, 35.36, 1.8
FILLER_8_309, 151.34, 35.36, 1.8
PHY_17, 151.34, 35.36, 1.8
PHY_19, 151.34, 35.36, 1.8
FILLER_10_29, 14.632, 35.36, 1.8
_1346_, 14.632, 35.36, 1.8
_1480_, 14.632, 35.36, 1.8
_1675_, 14.632, 35.36, 1.8
adc_core_digital_195, 14.632, 35.36, 1.8
FILLER_10_67, 35.896, 35.36, 1.8
FILLER_8_53, 35.896, 35.36, 1.8
FILLER_9_57, 35.896, 35.36, 1.8
_1351_, 35.896, 35.36, 1.8
_1353_, 35.896, 35.36, 1.8
_1510_, 35.896, 35.36, 1.8
_1689_, 35.896, 35.36, 1.8
FILLER_10_93, 48.048, 35.36, 1.8
_1350_, 48.048, 35.36, 1.8
_1474_, 48.048, 35.36, 1.8
_1491_, 48.048, 35.36, 1.8
_1508_, 48.048, 35.36, 1.8
_1524_, 48.048, 35.36, 1.8
_1304_, 72.351, 35.36, 1.8
_1569_, 72.351, 35.36, 1.8
_1571_, 72.351, 35.36, 1.8
_1572_, 72.351, 35.36, 1.8
FILLER_9_163, 84.503, 35.36, 1.8
FILLER_9_169, 84.503, 35.36, 1.8
_1302_, 84.503, 35.36, 1.8
_1305_, 84.503, 35.36, 1.8
_1307_, 84.503, 35.36, 1.8
FILLER_8_218, 108.806, 35.36, 1.8
_1298_, 108.806, 35.36, 1.8
_1357_, 108.806, 35.36, 1.8
_1573_, 108.806, 35.36, 1.8
_1629_, 108.806, 35.36, 1.8
fanout168, 108.806, 35.36, 1.8
FILLER_8_243, 120.958, 35.36, 1.8
FILLER_10_301, 142.225, 35.36, 1.8
FILLER_9_293, 142.225, 35.36, 1.8
output101, 142.225, 35.36, 1.8
output147, 142.225, 35.36, 1.8
FILLER_8_3, 5.52, 29.92, 1.8
PHY_12, 5.52, 29.92, 1.8
PHY_14, 5.52, 29.92, 1.8
_1486_, 5.52, 29.92, 1.8
output152, 5.52, 29.92, 1.8
FILLER_6_309, 151.34, 29.92, 1.8
PHY_13, 151.34, 29.92, 1.8
PHY_15, 151.34, 29.92, 1.8
FILLER_6_10, 14.632, 29.92, 1.8
FILLER_7_10, 14.632, 29.92, 1.8
_1476_, 14.632, 29.92, 1.8
_1488_, 14.632, 29.92, 1.8
_1678_, 14.632, 29.92, 1.8
FILLER_8_77, 35.896, 29.92, 1.8
_1190_, 35.896, 29.92, 1.8
_1436_, 35.896, 29.92, 1.8
_1482_, 35.896, 29.92, 1.8
_1484_, 35.896, 29.92, 1.8
_1680_, 35.896, 29.92, 1.8
FILLER_6_85, 48.048, 29.92, 1.8
FILLER_7_92, 48.048, 29.92, 1.8
_1192_, 48.048, 29.92, 1.8
_1348_, 48.048, 29.92, 1.8
_1477_, 48.048, 29.92, 1.8
FILLER_7_139, 72.351, 29.92, 1.8
_1316_, 72.351, 29.92, 1.8
_1567_, 72.351, 29.92, 1.8
_1668_, 72.351, 29.92, 1.8
_1670_, 72.351, 29.92, 1.8
FILLER_7_165, 84.503, 29.92, 1.8
FILLER_7_169, 84.503, 29.92, 1.8
_1295_, 84.503, 29.92, 1.8
_1311_, 84.503, 29.92, 1.8
_1543_, 84.503, 29.92, 1.8
_1564_, 84.503, 29.92, 1.8
_1568_, 84.503, 29.92, 1.8
FILLER_6_220, 108.806, 29.92, 1.8
_1360_, 108.806, 29.92, 1.8
_1379_, 108.806, 29.92, 1.8
FILLER_6_249, 120.958, 29.92, 1.8
FILLER_8_301, 142.225, 29.92, 1.8
output43, 142.225, 29.92, 1.8
PHY_10, 5.52, 24.48, 1.8
PHY_8, 5.52, 24.48, 1.8
output155, 5.52, 24.48, 1.8
output75, 5.52, 24.48, 1.8
FILLER_4_309, 151.34, 24.48, 1.8
PHY_11, 151.34, 24.48, 1.8
PHY_9, 151.34, 24.48, 1.8
FILLER_5_15, 14.632, 24.48, 1.8
_1341_, 14.632, 24.48, 1.8
_1434_, 14.632, 24.48, 1.8
_1472_, 14.632, 24.48, 1.8
_1729_, 14.632, 24.48, 1.8
FILLER_5_77, 35.896, 24.48, 1.8
FILLER_6_68, 35.896, 24.48, 1.8
FILLER_6_79, 35.896, 24.48, 1.8
_1431_, 35.896, 24.48, 1.8
_1487_, 35.896, 24.48, 1.8
_1494_, 35.896, 24.48, 1.8
_1625_, 35.896, 24.48, 1.8
FILLER_5_91, 48.048, 24.48, 1.8
_1330_, 48.048, 24.48, 1.8
_1331_, 48.048, 24.48, 1.8
_1332_, 48.048, 24.48, 1.8
_1340_, 48.048, 24.48, 1.8
_1471_, 48.048, 24.48, 1.8
_1315_, 72.351, 24.48, 1.8
output41, 72.351, 24.48, 1.8
FILLER_5_169, 84.503, 24.48, 1.8
FILLER_6_179, 84.503, 24.48, 1.8
_1310_, 84.503, 24.48, 1.8
_1313_, 84.503, 24.48, 1.8
output102, 84.503, 24.48, 1.8
FILLER_5_218, 108.806, 24.48, 1.8
_1358_, 108.806, 24.48, 1.8
_1375_, 108.806, 24.48, 1.8
_1378_, 108.806, 24.48, 1.8
_1636_, 108.806, 24.48, 1.8
FILLER_4_249, 120.958, 24.48, 1.8
_1373_, 120.958, 24.48, 1.8
_1377_, 120.958, 24.48, 1.8
FILLER_5_293, 142.225, 24.48, 1.8
FILLER_6_301, 142.225, 24.48, 1.8
output10, 142.225, 24.48, 1.8
output23, 142.225, 24.48, 1.8
PHY_4, 5.52, 19.04, 1.8
PHY_6, 5.52, 19.04, 1.8
output111, 5.52, 19.04, 1.8
output14, 5.52, 19.04, 1.8
FILLER_2_309, 151.34, 19.04, 1.8
PHY_5, 151.34, 19.04, 1.8
PHY_7, 151.34, 19.04, 1.8
ANTENNA_2, 14.632, 19.04, 1.8
FILLER_2_10, 14.632, 19.04, 1.8
FILLER_3_15, 14.632, 19.04, 1.8
FILLER_4_22, 14.632, 19.04, 1.8
_1352_, 14.632, 19.04, 1.8
_1739_, 14.632, 19.04, 1.8
_1746_, 14.632, 19.04, 1.8
adc_core_digital_197, 14.632, 19.04, 1.8
FILLER_3_57, 35.896, 19.04, 1.8
_1435_, 35.896, 19.04, 1.8
_1677_, 35.896, 19.04, 1.8
output90, 35.896, 19.04, 1.8
FILLER_3_93, 48.048, 19.04, 1.8
FILLER_4_102, 48.048, 19.04, 1.8
_1335_, 48.048, 19.04, 1.8
_1339_, 48.048, 19.04, 1.8
FILLER_2_136, 72.351, 19.04, 1.8
FILLER_3_153, 72.351, 19.04, 1.8
_1574_, 72.351, 19.04, 1.8
_1575_, 72.351, 19.04, 1.8
_1671_, 72.351, 19.04, 1.8
output48, 72.351, 19.04, 1.8
FILLER_2_160, 84.503, 19.04, 1.8
FILLER_3_163, 84.503, 19.04, 1.8
_1312_, 84.503, 19.04, 1.8
_1314_, 84.503, 19.04, 1.8
_1370_, 84.503, 19.04, 1.8
_1632_, 84.503, 19.04, 1.8
FILLER_3_217, 108.806, 19.04, 1.8
FILLER_3_225, 108.806, 19.04, 1.8
_1364_, 108.806, 19.04, 1.8
_1366_, 108.806, 19.04, 1.8
_1371_, 108.806, 19.04, 1.8
_1428_, 108.806, 19.04, 1.8
_1635_, 108.806, 19.04, 1.8
_1319_, 120.958, 19.04, 1.8
_1376_, 120.958, 19.04, 1.8
_1724_, 120.958, 19.04, 1.8
_1727_, 120.958, 19.04, 1.8
output136, 120.958, 19.04, 1.8
FILLER_3_293, 142.225, 19.04, 1.8
output131, 142.225, 19.04, 1.8
output71, 142.225, 19.04, 1.8
output82, 142.225, 19.04, 1.8
PHY_0, 5.52, 13.6, 1.8
PHY_2, 5.52, 13.6, 1.8
output128, 5.52, 13.6, 1.8
output142, 5.52, 13.6, 1.8
output61, 5.52, 13.6, 1.8
PHY_1, 151.34, 13.6, 1.8
PHY_3, 151.34, 13.6, 1.8
_1725_, 151.34, 13.6, 1.8
_1735_, 14.632, 13.6, 1.8
_1745_, 14.632, 13.6, 1.8
input8, 14.632, 13.6, 1.8
output120, 14.632, 13.6, 1.8
output135, 14.632, 13.6, 1.8
output141, 14.632, 13.6, 1.8
output31, 14.632, 13.6, 1.8
output54, 14.632, 13.6, 1.8
output67, 14.632, 13.6, 1.8
FILLER_0_57, 35.896, 13.6, 1.8
FILLER_2_69, 35.896, 13.6, 1.8
_1324_, 35.896, 13.6, 1.8
_1627_, 35.896, 13.6, 1.8
output151, 35.896, 13.6, 1.8
output45, 35.896, 13.6, 1.8
output70, 35.896, 13.6, 1.8
_1325_, 48.048, 13.6, 1.8
_1326_, 48.048, 13.6, 1.8
_1483_, 48.048, 13.6, 1.8
_1628_, 48.048, 13.6, 1.8
output121, 48.048, 13.6, 1.8
FILLER_0_141, 72.351, 13.6, 1.8
FILLER_0_158, 72.351, 13.6, 1.8
_1163_, 72.351, 13.6, 1.8
_1321_, 72.351, 13.6, 1.8
_1322_, 72.351, 13.6, 1.8
_1673_, 72.351, 13.6, 1.8
_1365_, 84.503, 13.6, 1.8
_1368_, 84.503, 13.6, 1.8
_1369_, 84.503, 13.6, 1.8
_1633_, 84.503, 13.6, 1.8
output55, 84.503, 13.6, 1.8
_1361_, 108.806, 13.6, 1.8
_1631_, 108.806, 13.6, 1.8
output134, 108.806, 13.6, 1.8
output154, 108.806, 13.6, 1.8
output73, 108.806, 13.6, 1.8
FILLER_0_248, 120.958, 13.6, 1.8
_1320_, 120.958, 13.6, 1.8
_1363_, 120.958, 13.6, 1.8
output116, 120.958, 13.6, 1.8
output158, 120.958, 13.6, 1.8
output38, 120.958, 13.6, 1.8
output44, 120.958, 13.6, 1.8
output92, 120.958, 13.6, 1.8
FILLER_0_304, 142.225, 13.6, 1.8
FILLER_1_303, 142.225, 13.6, 1.8
output117, 142.225, 13.6, 1.8
output119, 142.225, 13.6, 1.8
output125, 142.225, 13.6, 1.8
output18, 142.225, 13.6, 1.8
output72, 142.225, 13.6, 1.8
output78, 142.225, 13.6, 1.8

