
===========================================================================
report_checks -path_delay max (Setup)
============================================================================
Startpoint: enable_dlycontrol_in (input port clocked by __VIRTUAL_CLK__)
Endpoint: clk_comp_out (output port clocked by __VIRTUAL_CLK__)
Path Group: __VIRTUAL_CLK__
Path Type: max

Fanout     Cap    Slew   Delay    Time   Description
-----------------------------------------------------------------------------
                  0.00    0.00    0.00   clock __VIRTUAL_CLK__ (rise edge)
                          0.00    0.00   clock network delay (ideal)
                       200000.00 200000.00 ^ input external delay
                  0.16    0.12 200000.11 ^ enable_dlycontrol_in (in)
     8    0.04                           enable_dlycontrol_in (net)
                  0.16    0.00 200000.11 ^ clkgen.delay_155ns_1.enablebuffer/A (sky130_fd_sc_hd__buf_4)
                  0.05    0.16 200000.28 ^ clkgen.delay_155ns_1.enablebuffer/X (sky130_fd_sc_hd__buf_4)
     5    0.01                           clkgen.delay_155ns_1.enable_dlycontrol_w (net)
                  0.05    0.00 200000.28 ^ clkgen.delay_155ns_1.genblk1[0].bypass_enable/A (sky130_fd_sc_hd__and2_1)
                  0.19    0.23 200000.52 ^ clkgen.delay_155ns_1.genblk1[0].bypass_enable/X (sky130_fd_sc_hd__and2_1)
     4    0.02                           clkgen.delay_155ns_1.genblk1[0].dly_binary.bypass_in (net)
                  0.19    0.00 200000.52 ^ clkgen.delay_155ns_1.genblk1[0].dly_binary.out_mux/S (sky130_fd_sc_hd__mux2_1)
                  0.08    0.39 200000.91 v clkgen.delay_155ns_1.genblk1[0].dly_binary.out_mux/X (sky130_fd_sc_hd__mux2_1)
     2    0.01                           clkgen.delay_155ns_1.genblk1[0].dly_binary.out (net)
                  0.08    0.00 200000.91 v clkgen.delay_155ns_1.genblk1[1].dly_binary.out_mux/A1 (sky130_fd_sc_hd__mux2_1)
                  0.07    0.33 200001.23 v clkgen.delay_155ns_1.genblk1[1].dly_binary.out_mux/X (sky130_fd_sc_hd__mux2_1)
     2    0.01                           clkgen.delay_155ns_1.genblk1[1].dly_binary.out (net)
                  0.07    0.00 200001.23 v clkgen.delay_155ns_1.genblk1[2].dly_binary.out_mux/A1 (sky130_fd_sc_hd__mux2_1)
                  0.08    0.35 200001.59 v clkgen.delay_155ns_1.genblk1[2].dly_binary.out_mux/X (sky130_fd_sc_hd__mux2_1)
     2    0.01                           clkgen.delay_155ns_1.genblk1[2].dly_binary.out (net)
                  0.08    0.00 200001.59 v clkgen.delay_155ns_1.genblk1[3].dly_binary.out_mux/A1 (sky130_fd_sc_hd__mux2_1)
                  0.09    0.36 200001.95 v clkgen.delay_155ns_1.genblk1[3].dly_binary.out_mux/X (sky130_fd_sc_hd__mux2_1)
     2    0.01                           clkgen.delay_155ns_1.genblk1[3].dly_binary.out (net)
                  0.09    0.00 200001.95 v clkgen.delay_155ns_1.genblk1[4].dly_binary.out_mux/A1 (sky130_fd_sc_hd__mux2_1)
                  0.08    0.36 200002.31 v clkgen.delay_155ns_1.genblk1[4].dly_binary.out_mux/X (sky130_fd_sc_hd__mux2_1)
     1    0.01                           clkgen.delay_155ns_1.genblk1[4].dly_binary.out (net)
                  0.08    0.00 200002.31 v clkgen.clkdig_inverter/A (sky130_fd_sc_hd__inv_2)
                  0.08    0.10 200002.42 ^ clkgen.clkdig_inverter/Y (sky130_fd_sc_hd__inv_2)
     3    0.02                           clkgen.clk_dig_out (net)
                  0.08    0.00 200002.42 ^ clkgen.delay_155ns_2.genblk1[0].dly_binary.out_mux/A1 (sky130_fd_sc_hd__mux2_1)
                  0.07    0.16 200002.58 ^ clkgen.delay_155ns_2.genblk1[0].dly_binary.out_mux/X (sky130_fd_sc_hd__mux2_1)
     2    0.01                           clkgen.delay_155ns_2.genblk1[0].dly_binary.out (net)
                  0.07    0.00 200002.58 ^ clkgen.delay_155ns_2.genblk1[1].dly_binary.out_mux/A1 (sky130_fd_sc_hd__mux2_1)
                  0.07    0.15 200002.72 ^ clkgen.delay_155ns_2.genblk1[1].dly_binary.out_mux/X (sky130_fd_sc_hd__mux2_1)
     2    0.01                           clkgen.delay_155ns_2.genblk1[1].dly_binary.out (net)
                  0.07    0.00 200002.72 ^ clkgen.delay_155ns_2.genblk1[2].dly_binary.out_mux/A1 (sky130_fd_sc_hd__mux2_1)
                  0.07    0.16 200002.88 ^ clkgen.delay_155ns_2.genblk1[2].dly_binary.out_mux/X (sky130_fd_sc_hd__mux2_1)
     2    0.01                           clkgen.delay_155ns_2.genblk1[2].dly_binary.out (net)
                  0.07    0.00 200002.88 ^ clkgen.delay_155ns_2.genblk1[3].dly_binary.out_mux/A1 (sky130_fd_sc_hd__mux2_1)
                  0.07    0.16 200003.05 ^ clkgen.delay_155ns_2.genblk1[3].dly_binary.out_mux/X (sky130_fd_sc_hd__mux2_1)
     2    0.01                           clkgen.delay_155ns_2.genblk1[3].dly_binary.out (net)
                  0.07    0.00 200003.05 ^ clkgen.delay_155ns_2.genblk1[4].dly_binary.out_mux/A1 (sky130_fd_sc_hd__mux2_1)
                  0.08    0.17 200003.22 ^ clkgen.delay_155ns_2.genblk1[4].dly_binary.out_mux/X (sky130_fd_sc_hd__mux2_1)
     1    0.01                           clkgen.clk_dig_delayed_w (net)
                  0.08    0.00 200003.22 ^ clkgen.nor1/A (sky130_fd_sc_hd__nor2b_1)
                  0.06    0.07 200003.30 v clkgen.nor1/Y (sky130_fd_sc_hd__nor2b_1)
     2    0.01                           clkgen.delay_155ns_3.genblk1[0].dly_binary.in (net)
                  0.06    0.00 200003.30 v clkgen.delay_155ns_3.genblk1[0].dly_binary.out_mux/A1 (sky130_fd_sc_hd__mux2_1)
                  0.07    0.32 200003.61 v clkgen.delay_155ns_3.genblk1[0].dly_binary.out_mux/X (sky130_fd_sc_hd__mux2_1)
     2    0.01                           clkgen.delay_155ns_3.genblk1[0].dly_binary.out (net)
                  0.07    0.00 200003.61 v clkgen.delay_155ns_3.genblk1[1].dly_binary.out_mux/A1 (sky130_fd_sc_hd__mux2_1)
                  0.08    0.35 200003.95 v clkgen.delay_155ns_3.genblk1[1].dly_binary.out_mux/X (sky130_fd_sc_hd__mux2_1)
     2    0.01                           clkgen.delay_155ns_3.genblk1[1].dly_binary.out (net)
                  0.08    0.00 200003.95 v clkgen.delay_155ns_3.genblk1[2].dly_binary.out_mux/A1 (sky130_fd_sc_hd__mux2_1)
                  0.07    0.33 200004.30 v clkgen.delay_155ns_3.genblk1[2].dly_binary.out_mux/X (sky130_fd_sc_hd__mux2_1)
     2    0.01                           clkgen.delay_155ns_3.genblk1[2].dly_binary.out (net)
                  0.07    0.00 200004.30 v clkgen.delay_155ns_3.genblk1[3].dly_binary.out_mux/A1 (sky130_fd_sc_hd__mux2_1)
                  0.07    0.33 200004.62 v clkgen.delay_155ns_3.genblk1[3].dly_binary.out_mux/X (sky130_fd_sc_hd__mux2_1)
     2    0.01                           clkgen.delay_155ns_3.genblk1[3].dly_binary.out (net)
                  0.07    0.00 200004.62 v clkgen.delay_155ns_3.genblk1[4].dly_binary.out_mux/A1 (sky130_fd_sc_hd__mux2_1)
                  0.09    0.36 200004.98 v clkgen.delay_155ns_3.genblk1[4].dly_binary.out_mux/X (sky130_fd_sc_hd__mux2_1)
     1    0.01                           clkgen.clk_comp_out (net)
                  0.09    0.00 200004.98 v outbuf_2/A (sky130_fd_sc_hd__buf_4)
                  0.06    0.20 200005.20 v outbuf_2/X (sky130_fd_sc_hd__buf_4)
     1    0.03                           clk_comp_out (net)
                  0.06    0.00 200005.20 v clk_comp_out (out)
                               200005.20   data arrival time

                  0.00 999999.94 999999.94   clock __VIRTUAL_CLK__ (rise edge)
                          0.00 999999.94   clock network delay (ideal)
                         -0.25 999999.75   clock uncertainty
                          0.00 999999.75   clock reconvergence pessimism
                       -200000.00 799999.69   output external delay
                               799999.69   data required time
-----------------------------------------------------------------------------
                               799999.69   data required time
                               -200005.20   data arrival time
-----------------------------------------------------------------------------
                               599994.50   slack (MET)


Startpoint: enable_dlycontrol_in (input port clocked by __VIRTUAL_CLK__)
Endpoint: clk_dig_out (output port clocked by __VIRTUAL_CLK__)
Path Group: __VIRTUAL_CLK__
Path Type: max

Fanout     Cap    Slew   Delay    Time   Description
-----------------------------------------------------------------------------
                  0.00    0.00    0.00   clock __VIRTUAL_CLK__ (rise edge)
                          0.00    0.00   clock network delay (ideal)
                       200000.00 200000.00 ^ input external delay
                  0.16    0.12 200000.11 ^ enable_dlycontrol_in (in)
     8    0.04                           enable_dlycontrol_in (net)
                  0.16    0.00 200000.11 ^ clkgen.delay_155ns_1.enablebuffer/A (sky130_fd_sc_hd__buf_4)
                  0.05    0.16 200000.28 ^ clkgen.delay_155ns_1.enablebuffer/X (sky130_fd_sc_hd__buf_4)
     5    0.01                           clkgen.delay_155ns_1.enable_dlycontrol_w (net)
                  0.05    0.00 200000.28 ^ clkgen.delay_155ns_1.genblk1[0].bypass_enable/A (sky130_fd_sc_hd__and2_1)
                  0.19    0.23 200000.52 ^ clkgen.delay_155ns_1.genblk1[0].bypass_enable/X (sky130_fd_sc_hd__and2_1)
     4    0.02                           clkgen.delay_155ns_1.genblk1[0].dly_binary.bypass_in (net)
                  0.19    0.00 200000.52 ^ clkgen.delay_155ns_1.genblk1[0].dly_binary.out_mux/S (sky130_fd_sc_hd__mux2_1)
                  0.08    0.39 200000.91 v clkgen.delay_155ns_1.genblk1[0].dly_binary.out_mux/X (sky130_fd_sc_hd__mux2_1)
     2    0.01                           clkgen.delay_155ns_1.genblk1[0].dly_binary.out (net)
                  0.08    0.00 200000.91 v clkgen.delay_155ns_1.genblk1[1].dly_binary.out_mux/A1 (sky130_fd_sc_hd__mux2_1)
                  0.07    0.33 200001.23 v clkgen.delay_155ns_1.genblk1[1].dly_binary.out_mux/X (sky130_fd_sc_hd__mux2_1)
     2    0.01                           clkgen.delay_155ns_1.genblk1[1].dly_binary.out (net)
                  0.07    0.00 200001.23 v clkgen.delay_155ns_1.genblk1[2].dly_binary.out_mux/A1 (sky130_fd_sc_hd__mux2_1)
                  0.08    0.35 200001.59 v clkgen.delay_155ns_1.genblk1[2].dly_binary.out_mux/X (sky130_fd_sc_hd__mux2_1)
     2    0.01                           clkgen.delay_155ns_1.genblk1[2].dly_binary.out (net)
                  0.08    0.00 200001.59 v clkgen.delay_155ns_1.genblk1[3].dly_binary.out_mux/A1 (sky130_fd_sc_hd__mux2_1)
                  0.09    0.36 200001.95 v clkgen.delay_155ns_1.genblk1[3].dly_binary.out_mux/X (sky130_fd_sc_hd__mux2_1)
     2    0.01                           clkgen.delay_155ns_1.genblk1[3].dly_binary.out (net)
                  0.09    0.00 200001.95 v clkgen.delay_155ns_1.genblk1[4].dly_binary.out_mux/A1 (sky130_fd_sc_hd__mux2_1)
                  0.08    0.36 200002.31 v clkgen.delay_155ns_1.genblk1[4].dly_binary.out_mux/X (sky130_fd_sc_hd__mux2_1)
     1    0.01                           clkgen.delay_155ns_1.genblk1[4].dly_binary.out (net)
                  0.08    0.00 200002.31 v clkgen.clkdig_inverter/A (sky130_fd_sc_hd__inv_2)
                  0.08    0.10 200002.42 ^ clkgen.clkdig_inverter/Y (sky130_fd_sc_hd__inv_2)
     3    0.02                           clkgen.clk_dig_out (net)
                  0.08    0.00 200002.42 ^ outbuf_1/A (sky130_fd_sc_hd__buf_4)
                  0.12    0.19 200002.61 ^ outbuf_1/X (sky130_fd_sc_hd__buf_4)
     1    0.03                           clk_dig_out (net)
                  0.12    0.00 200002.61 ^ clk_dig_out (out)
                               200002.61   data arrival time

                  0.00 999999.94 999999.94   clock __VIRTUAL_CLK__ (rise edge)
                          0.00 999999.94   clock network delay (ideal)
                         -0.25 999999.75   clock uncertainty
                          0.00 999999.75   clock reconvergence pessimism
                       -200000.00 799999.69   output external delay
                               799999.69   data required time
-----------------------------------------------------------------------------
                               799999.69   data required time
                               -200002.61   data arrival time
-----------------------------------------------------------------------------
                               599997.12   slack (MET)


Startpoint: nsample_n_in (input port clocked by __VIRTUAL_CLK__)
Endpoint: nsample_n_out (output port clocked by __VIRTUAL_CLK__)
Path Group: __VIRTUAL_CLK__
Path Type: max

Fanout     Cap    Slew   Delay    Time   Description
-----------------------------------------------------------------------------
                  0.00    0.00    0.00   clock __VIRTUAL_CLK__ (rise edge)
                          0.00    0.00   clock network delay (ideal)
                       200000.00 200000.00 ^ input external delay
                  0.04    0.03 200000.03 ^ nsample_n_in (in)
     2    0.01                           nsample_n_in (net)
                  0.04    0.00 200000.03 ^ outbuf_6/A (sky130_fd_sc_hd__buf_4)
                  0.11    0.17 200000.20 ^ outbuf_6/X (sky130_fd_sc_hd__buf_4)
     1    0.03                           nsample_n_out (net)
                  0.11    0.00 200000.20 ^ nsample_n_out (out)
                               200000.20   data arrival time

                  0.00 999999.94 999999.94   clock __VIRTUAL_CLK__ (rise edge)
                          0.00 999999.94   clock network delay (ideal)
                         -0.25 999999.75   clock uncertainty
                          0.00 999999.75   clock reconvergence pessimism
                       -200000.00 799999.69   output external delay
                               799999.69   data required time
-----------------------------------------------------------------------------
                               799999.69   data required time
                               -200000.20   data arrival time
-----------------------------------------------------------------------------
                               599999.50   slack (MET)


Startpoint: nsample_p_in (input port clocked by __VIRTUAL_CLK__)
Endpoint: nsample_p_out (output port clocked by __VIRTUAL_CLK__)
Path Group: __VIRTUAL_CLK__
Path Type: max

Fanout     Cap    Slew   Delay    Time   Description
-----------------------------------------------------------------------------
                  0.00    0.00    0.00   clock __VIRTUAL_CLK__ (rise edge)
                          0.00    0.00   clock network delay (ideal)
                       200000.00 200000.00 ^ input external delay
                  0.05    0.03 200000.03 ^ nsample_p_in (in)
     2    0.01                           nsample_p_in (net)
                  0.05    0.00 200000.03 ^ outbuf_5/A (sky130_fd_sc_hd__buf_4)
                  0.11    0.17 200000.20 ^ outbuf_5/X (sky130_fd_sc_hd__buf_4)
     1    0.03                           nsample_p_out (net)
                  0.11    0.00 200000.20 ^ nsample_p_out (out)
                               200000.20   data arrival time

                  0.00 999999.94 999999.94   clock __VIRTUAL_CLK__ (rise edge)
                          0.00 999999.94   clock network delay (ideal)
                         -0.25 999999.75   clock uncertainty
                          0.00 999999.75   clock reconvergence pessimism
                       -200000.00 799999.69   output external delay
                               799999.69   data required time
-----------------------------------------------------------------------------
                               799999.69   data required time
                               -200000.20   data arrival time
-----------------------------------------------------------------------------
                               599999.50   slack (MET)


Startpoint: sample_n_in (input port clocked by __VIRTUAL_CLK__)
Endpoint: sample_n_out (output port clocked by __VIRTUAL_CLK__)
Path Group: __VIRTUAL_CLK__
Path Type: max

Fanout     Cap    Slew   Delay    Time   Description
-----------------------------------------------------------------------------
                  0.00    0.00    0.00   clock __VIRTUAL_CLK__ (rise edge)
                          0.00    0.00   clock network delay (ideal)
                       200000.00 200000.00 ^ input external delay
                  0.07    0.06 200000.06 ^ sample_n_in (in)
     2    0.02                           sample_n_in (net)
                  0.07    0.00 200000.06 ^ outbuf_4/A (sky130_fd_sc_hd__buf_4)
                  0.11    0.17 200000.23 ^ outbuf_4/X (sky130_fd_sc_hd__buf_4)
     1    0.03                           sample_n_out (net)
                  0.11    0.00 200000.23 ^ sample_n_out (out)
                               200000.23   data arrival time

                  0.00 999999.94 999999.94   clock __VIRTUAL_CLK__ (rise edge)
                          0.00 999999.94   clock network delay (ideal)
                         -0.25 999999.75   clock uncertainty
                          0.00 999999.75   clock reconvergence pessimism
                       -200000.00 799999.69   output external delay
                               799999.69   data required time
-----------------------------------------------------------------------------
                               799999.69   data required time
                               -200000.23   data arrival time
-----------------------------------------------------------------------------
                               599999.44   slack (MET)


