
===========================================================================
report_checks -unconstrained
============================================================================
Startpoint: enable_dlycontrol (input port clocked by __VIRTUAL_CLK__)
Endpoint: clk_comp (output port clocked by __VIRTUAL_CLK__)
Path Group: __VIRTUAL_CLK__
Path Type: max

Fanout     Cap    Slew   Delay    Time   Description
-----------------------------------------------------------------------------
                  0.00    0.00    0.00   clock __VIRTUAL_CLK__ (rise edge)
                          0.00    0.00   clock network delay (ideal)
                       200000.00 200000.00 ^ input external delay
                  0.25    0.19 200000.19 ^ enable_dlycontrol (in)
    10    0.06                           enable_dlycontrol (net)
                  0.25    0.00 200000.19 ^ _183_/A (sky130_fd_sc_hd__buf_1)
                  0.57    0.51 200000.70 ^ _183_/X (sky130_fd_sc_hd__buf_1)
    10    0.05                           _100_ (net)
                  0.57    0.00 200000.70 ^ _184_/A (sky130_fd_sc_hd__buf_1)
                  0.67    0.61 200001.31 ^ _184_/X (sky130_fd_sc_hd__buf_1)
    10    0.06                           _101_ (net)
                  0.67    0.00 200001.31 ^ _191_/A1 (sky130_fd_sc_hd__a21oi_2)
                  0.12    0.12 200001.42 v _191_/Y (sky130_fd_sc_hd__a21oi_2)
     1    0.00                           edgedetect.dly200cell._bypass_[0] (net)
                  0.12    0.00 200001.42 v edgedetect.dly200cell.genblk1[0].mux1/S (sky130_fd_sc_hd__mux2_1)
                  0.07    0.36 200001.80 v edgedetect.dly200cell.genblk1[0].mux1/X (sky130_fd_sc_hd__mux2_1)
     2    0.01                           edgedetect.dly200cell._siga_[1] (net)
                  0.07    0.00 200001.80 v edgedetect.dly200cell.genblk1[1].mux1/A1 (sky130_fd_sc_hd__mux2_1)
                  0.08    0.33 200002.12 v edgedetect.dly200cell.genblk1[1].mux1/X (sky130_fd_sc_hd__mux2_1)
     2    0.01                           edgedetect.dly200cell._siga_[2] (net)
                  0.08    0.00 200002.12 v edgedetect.dly200cell.genblk1[2].mux1/A1 (sky130_fd_sc_hd__mux2_1)
                  0.07    0.33 200002.45 v edgedetect.dly200cell.genblk1[2].mux1/X (sky130_fd_sc_hd__mux2_1)
     2    0.01                           edgedetect.dly200cell._siga_[3] (net)
                  0.07    0.00 200002.45 v edgedetect.dly200cell.genblk1[3].mux1/A1 (sky130_fd_sc_hd__mux2_1)
                  0.07    0.33 200002.80 v edgedetect.dly200cell.genblk1[3].mux1/X (sky130_fd_sc_hd__mux2_1)
     2    0.01                           edgedetect.dly200cell._siga_[4] (net)
                  0.07    0.00 200002.80 v edgedetect.dly200cell.genblk1[4].mux1/A1 (sky130_fd_sc_hd__mux2_1)
                  0.07    0.33 200003.12 v edgedetect.dly200cell.genblk1[4].mux1/X (sky130_fd_sc_hd__mux2_1)
     2    0.00                           edgedetect.dly200cell._siga_[5] (net)
                  0.07    0.00 200003.12 v edgedetect.dly200cell.genblk1[5].mux1/A1 (sky130_fd_sc_hd__mux2_1)
                  0.07    0.33 200003.47 v edgedetect.dly200cell.genblk1[5].mux1/X (sky130_fd_sc_hd__mux2_1)
     2    0.01                           edgedetect.dly200cell._siga_[6] (net)
                  0.07    0.00 200003.47 v edgedetect.dly200cell.genblk1[6].mux1/A1 (sky130_fd_sc_hd__mux2_1)
                  0.07    0.32 200003.78 v edgedetect.dly200cell.genblk1[6].mux1/X (sky130_fd_sc_hd__mux2_1)
     2    0.00                           edgedetect.dly200cell._siga_[7] (net)
                  0.07    0.00 200003.78 v edgedetect.dly200cell.genblk1[7].mux1/A1 (sky130_fd_sc_hd__mux2_1)
                  0.07    0.33 200004.12 v edgedetect.dly200cell.genblk1[7].mux1/X (sky130_fd_sc_hd__mux2_1)
     2    0.01                           edgedetect.dly200cell._siga_[8] (net)
                  0.07    0.00 200004.12 v edgedetect.dly200cell.genblk1[8].mux1/A1 (sky130_fd_sc_hd__mux2_1)
                  0.07    0.32 200004.44 v edgedetect.dly200cell.genblk1[8].mux1/X (sky130_fd_sc_hd__mux2_1)
     2    0.00                           edgedetect.dly200cell._siga_[9] (net)
                  0.07    0.00 200004.44 v edgedetect.dly200cell.genblk1[9].mux1/A1 (sky130_fd_sc_hd__mux2_1)
                  0.07    0.33 200004.78 v edgedetect.dly200cell.genblk1[9].mux1/X (sky130_fd_sc_hd__mux2_1)
     2    0.01                           edgedetect.dly200cell._siga_[10] (net)
                  0.07    0.00 200004.78 v edgedetect.dly200cell.genblk1[10].mux1/A1 (sky130_fd_sc_hd__mux2_1)
                  0.07    0.32 200005.09 v edgedetect.dly200cell.genblk1[10].mux1/X (sky130_fd_sc_hd__mux2_1)
     2    0.00                           edgedetect.dly200cell._siga_[11] (net)
                  0.07    0.00 200005.09 v edgedetect.dly200cell.genblk1[11].mux1/A1 (sky130_fd_sc_hd__mux2_1)
                  0.06    0.32 200005.41 v edgedetect.dly200cell.genblk1[11].mux1/X (sky130_fd_sc_hd__mux2_1)
     2    0.00                           edgedetect.dly200cell._siga_[12] (net)
                  0.06    0.00 200005.41 v edgedetect.dly200cell.genblk1[12].mux1/A1 (sky130_fd_sc_hd__mux2_1)
                  0.07    0.32 200005.73 v edgedetect.dly200cell.genblk1[12].mux1/X (sky130_fd_sc_hd__mux2_1)
     2    0.00                           edgedetect.dly200cell._siga_[13] (net)
                  0.07    0.00 200005.73 v edgedetect.dly200cell.genblk1[13].mux1/A1 (sky130_fd_sc_hd__mux2_1)
                  0.07    0.33 200006.06 v edgedetect.dly200cell.genblk1[13].mux1/X (sky130_fd_sc_hd__mux2_1)
     2    0.01                           edgedetect.dly200cell._siga_[14] (net)
                  0.07    0.00 200006.06 v edgedetect.dly200cell.genblk1[14].mux1/A1 (sky130_fd_sc_hd__mux2_1)
                  0.06    0.32 200006.39 v edgedetect.dly200cell.genblk1[14].mux1/X (sky130_fd_sc_hd__mux2_1)
     2    0.00                           edgedetect.dly200cell._siga_[15] (net)
                  0.06    0.00 200006.39 v edgedetect.dly200cell.genblk1[15].mux1/A1 (sky130_fd_sc_hd__mux2_1)
                  0.10    0.36 200006.75 v edgedetect.dly200cell.genblk1[15].mux1/X (sky130_fd_sc_hd__mux2_1)
     2    0.01                           edgedetect.dly200cell._siga_[16] (net)
                  0.10    0.00 200006.75 v edgedetect.dly200cell.genblk1[16].mux1/A1 (sky130_fd_sc_hd__mux2_1)
                  0.08    0.35 200007.11 v edgedetect.dly200cell.genblk1[16].mux1/X (sky130_fd_sc_hd__mux2_1)
     2    0.01                           edgedetect.dly200cell._siga_[17] (net)
                  0.08    0.00 200007.11 v edgedetect.dly200cell.genblk1[17].mux1/A1 (sky130_fd_sc_hd__mux2_1)
                  0.08    0.35 200007.45 v edgedetect.dly200cell.genblk1[17].mux1/X (sky130_fd_sc_hd__mux2_1)
     2    0.01                           edgedetect.dly200cell._siga_[18] (net)
                  0.08    0.00 200007.45 v edgedetect.dly200cell.genblk1[18].mux1/A1 (sky130_fd_sc_hd__mux2_1)
                  0.07    0.35 200007.80 v edgedetect.dly200cell.genblk1[18].mux1/X (sky130_fd_sc_hd__mux2_1)
     2    0.01                           edgedetect.dly200cell._siga_[19] (net)
                  0.07    0.00 200007.80 v edgedetect.dly200cell.genblk1[19].mux1/A1 (sky130_fd_sc_hd__mux2_1)
                  0.07    0.33 200008.14 v edgedetect.dly200cell.genblk1[19].mux1/X (sky130_fd_sc_hd__mux2_1)
     2    0.01                           edgedetect.dly200cell._siga_[20] (net)
                  0.07    0.00 200008.14 v edgedetect.dly200cell.genblk1[20].mux1/A1 (sky130_fd_sc_hd__mux2_1)
                  0.07    0.33 200008.47 v edgedetect.dly200cell.genblk1[20].mux1/X (sky130_fd_sc_hd__mux2_1)
     2    0.01                           edgedetect.dly200cell._siga_[21] (net)
                  0.07    0.00 200008.47 v edgedetect.dly200cell.genblk1[21].mux1/A1 (sky130_fd_sc_hd__mux2_1)
                  0.07    0.33 200008.80 v edgedetect.dly200cell.genblk1[21].mux1/X (sky130_fd_sc_hd__mux2_1)
     2    0.01                           edgedetect.dly200cell._siga_[22] (net)
                  0.07    0.00 200008.80 v edgedetect.dly200cell.genblk1[22].mux1/A1 (sky130_fd_sc_hd__mux2_1)
                  0.07    0.33 200009.14 v edgedetect.dly200cell.genblk1[22].mux1/X (sky130_fd_sc_hd__mux2_1)
     2    0.01                           edgedetect.dly200cell._siga_[23] (net)
                  0.07    0.00 200009.14 v edgedetect.dly200cell.genblk1[23].mux1/A1 (sky130_fd_sc_hd__mux2_1)
                  0.08    0.35 200009.48 v edgedetect.dly200cell.genblk1[23].mux1/X (sky130_fd_sc_hd__mux2_1)
     2    0.01                           edgedetect.dly200cell._siga_[24] (net)
                  0.08    0.00 200009.48 v edgedetect.dly200cell.genblk1[24].mux1/A1 (sky130_fd_sc_hd__mux2_1)
                  0.09    0.36 200009.86 v edgedetect.dly200cell.genblk1[24].mux1/X (sky130_fd_sc_hd__mux2_1)
     2    0.01                           edgedetect.dly200cell._siga_[25] (net)
                  0.09    0.00 200009.86 v edgedetect.dly200cell.genblk1[25].mux1/A1 (sky130_fd_sc_hd__mux2_1)
                  0.09    0.36 200010.22 v edgedetect.dly200cell.genblk1[25].mux1/X (sky130_fd_sc_hd__mux2_1)
     2    0.01                           edgedetect.dly200cell._siga_[26] (net)
                  0.09    0.00 200010.22 v edgedetect.dly200cell.genblk1[26].mux1/A1 (sky130_fd_sc_hd__mux2_1)
                  0.10    0.38 200010.59 v edgedetect.dly200cell.genblk1[26].mux1/X (sky130_fd_sc_hd__mux2_1)
     2    0.01                           edgedetect.dly200cell._siga_[27] (net)
                  0.10    0.00 200010.59 v edgedetect.dly200cell.genblk1[27].mux1/A1 (sky130_fd_sc_hd__mux2_1)
                  0.10    0.38 200010.97 v edgedetect.dly200cell.genblk1[27].mux1/X (sky130_fd_sc_hd__mux2_1)
     2    0.01                           edgedetect.dly200cell._siga_[28] (net)
                  0.10    0.00 200010.97 v edgedetect.dly200cell.genblk1[28].mux1/A1 (sky130_fd_sc_hd__mux2_1)
                  0.10    0.38 200011.34 v edgedetect.dly200cell.genblk1[28].mux1/X (sky130_fd_sc_hd__mux2_1)
     2    0.01                           edgedetect.dly200cell._siga_[29] (net)
                  0.10    0.00 200011.34 v edgedetect.dly200cell.genblk1[29].mux1/A1 (sky130_fd_sc_hd__mux2_1)
                  0.11    0.39 200011.75 v edgedetect.dly200cell.genblk1[29].mux1/X (sky130_fd_sc_hd__mux2_1)
     2    0.01                           edgedetect.dly200cell._siga_[30] (net)
                  0.11    0.00 200011.75 v edgedetect.dly200cell.genblk1[30].mux1/A1 (sky130_fd_sc_hd__mux2_1)
                  0.11    0.41 200012.16 v edgedetect.dly200cell.genblk1[30].mux1/X (sky130_fd_sc_hd__mux2_1)
     2    0.02                           edgedetect.dly200cell._siga_[31] (net)
                  0.11    0.00 200012.16 v edgedetect.dly200cell.genblk1[31].mux1/A1 (sky130_fd_sc_hd__mux2_1)
                  0.11    0.41 200012.56 v edgedetect.dly200cell.genblk1[31].mux1/X (sky130_fd_sc_hd__mux2_1)
     2    0.02                           edgedetect.dly200cell._siga_[32] (net)
                  0.11    0.00 200012.56 v edgedetect.dly200cell.genblk1[32].mux1/A1 (sky130_fd_sc_hd__mux2_1)
                  0.11    0.41 200012.97 v edgedetect.dly200cell.genblk1[32].mux1/X (sky130_fd_sc_hd__mux2_1)
     3    0.02                           edgedetect.dly200cell._siga_[33] (net)
                  0.11    0.00 200012.97 v edgedetect.dly200cell.genblk1[33].mux1/A1 (sky130_fd_sc_hd__mux2_1)
                  0.11    0.41 200013.38 v edgedetect.dly200cell.genblk1[33].mux1/X (sky130_fd_sc_hd__mux2_1)
     2    0.02                           edgedetect.dly200cell._siga_[34] (net)
                  0.11    0.00 200013.38 v edgedetect.dly200cell.genblk1[34].mux1/A1 (sky130_fd_sc_hd__mux2_1)
                  0.11    0.41 200013.78 v edgedetect.dly200cell.genblk1[34].mux1/X (sky130_fd_sc_hd__mux2_1)
     2    0.02                           edgedetect.dly200cell._siga_[35] (net)
                  0.11    0.00 200013.78 v edgedetect.dly200cell.genblk1[35].mux1/A1 (sky130_fd_sc_hd__mux2_1)
                  0.08    0.36 200014.14 v edgedetect.dly200cell.genblk1[35].mux1/X (sky130_fd_sc_hd__mux2_1)
     2    0.01                           edgedetect.dly200cell._siga_[36] (net)
                  0.08    0.00 200014.14 v edgedetect.dly200cell.genblk1[36].mux1/A1 (sky130_fd_sc_hd__mux2_1)
                  0.07    0.35 200014.50 v edgedetect.dly200cell.genblk1[36].mux1/X (sky130_fd_sc_hd__mux2_1)
     2    0.01                           edgedetect.dly200cell._siga_[37] (net)
                  0.07    0.00 200014.50 v edgedetect.dly200cell.genblk1[37].mux1/A1 (sky130_fd_sc_hd__mux2_1)
                  0.08    0.35 200014.84 v edgedetect.dly200cell.genblk1[37].mux1/X (sky130_fd_sc_hd__mux2_1)
     2    0.01                           edgedetect.dly200cell._siga_[38] (net)
                  0.08    0.00 200014.84 v edgedetect.dly200cell.genblk1[38].mux1/A1 (sky130_fd_sc_hd__mux2_1)
                  0.08    0.36 200015.20 v edgedetect.dly200cell.genblk1[38].mux1/X (sky130_fd_sc_hd__mux2_1)
     2    0.01                           edgedetect.dly200cell._siga_[39] (net)
                  0.08    0.00 200015.20 v edgedetect.dly200cell.genblk1[39].mux1/A1 (sky130_fd_sc_hd__mux2_1)
                  0.12    0.41 200015.61 v edgedetect.dly200cell.genblk1[39].mux1/X (sky130_fd_sc_hd__mux2_1)
     1    0.02                           edgedetect._start_conv_delayed_ (net)
                  0.12    0.00 200015.61 v _429_/A (sky130_fd_sc_hd__inv_2)
                  0.08    0.12 200015.73 ^ _429_/Y (sky130_fd_sc_hd__inv_2)
     1    0.02                           _176_ (net)
                  0.08    0.00 200015.73 ^ _431_/A2 (sky130_fd_sc_hd__a211o_2)
                  0.06    0.16 200015.89 ^ _431_/X (sky130_fd_sc_hd__a211o_2)
     2    0.01                           clkgen._net_1_ (net)
                  0.06    0.00 200015.89 ^ clkgen.delay_100ns_3.genblk1[0].mux1/A1 (sky130_fd_sc_hd__mux2_1)
                  0.07    0.15 200016.03 ^ clkgen.delay_100ns_3.genblk1[0].mux1/X (sky130_fd_sc_hd__mux2_1)
     2    0.01                           clkgen.delay_100ns_3._siga_[1] (net)
                  0.07    0.00 200016.03 ^ clkgen.delay_100ns_3.genblk1[1].mux1/A1 (sky130_fd_sc_hd__mux2_1)
                  0.07    0.15 200016.19 ^ clkgen.delay_100ns_3.genblk1[1].mux1/X (sky130_fd_sc_hd__mux2_1)
     2    0.01                           clkgen.delay_100ns_3._siga_[2] (net)
                  0.07    0.00 200016.19 ^ clkgen.delay_100ns_3.genblk1[2].mux1/A1 (sky130_fd_sc_hd__mux2_1)
                  0.06    0.15 200016.33 ^ clkgen.delay_100ns_3.genblk1[2].mux1/X (sky130_fd_sc_hd__mux2_1)
     2    0.01                           clkgen.delay_100ns_3._siga_[3] (net)
                  0.06    0.00 200016.33 ^ clkgen.delay_100ns_3.genblk1[3].mux1/A1 (sky130_fd_sc_hd__mux2_1)
                  0.06    0.15 200016.47 ^ clkgen.delay_100ns_3.genblk1[3].mux1/X (sky130_fd_sc_hd__mux2_1)
     2    0.01                           clkgen.delay_100ns_3._siga_[4] (net)
                  0.06    0.00 200016.47 ^ clkgen.delay_100ns_3.genblk1[4].mux1/A1 (sky130_fd_sc_hd__mux2_1)
                  0.07    0.16 200016.64 ^ clkgen.delay_100ns_3.genblk1[4].mux1/X (sky130_fd_sc_hd__mux2_1)
     2    0.01                           clkgen.delay_100ns_3._siga_[5] (net)
                  0.07    0.00 200016.64 ^ clkgen.delay_100ns_3.genblk1[5].mux1/A1 (sky130_fd_sc_hd__mux2_1)
                  0.06    0.15 200016.78 ^ clkgen.delay_100ns_3.genblk1[5].mux1/X (sky130_fd_sc_hd__mux2_1)
     2    0.00                           clkgen.delay_100ns_3._siga_[6] (net)
                  0.06    0.00 200016.78 ^ clkgen.delay_100ns_3.genblk1[6].mux1/A1 (sky130_fd_sc_hd__mux2_1)
                  0.06    0.15 200016.92 ^ clkgen.delay_100ns_3.genblk1[6].mux1/X (sky130_fd_sc_hd__mux2_1)
     2    0.00                           clkgen.delay_100ns_3._siga_[7] (net)
                  0.06    0.00 200016.92 ^ clkgen.delay_100ns_3.genblk1[7].mux1/A1 (sky130_fd_sc_hd__mux2_1)
                  0.06    0.15 200017.06 ^ clkgen.delay_100ns_3.genblk1[7].mux1/X (sky130_fd_sc_hd__mux2_1)
     2    0.00                           clkgen.delay_100ns_3._siga_[8] (net)
                  0.06    0.00 200017.06 ^ clkgen.delay_100ns_3.genblk1[8].mux1/A1 (sky130_fd_sc_hd__mux2_1)
                  0.06    0.15 200017.22 ^ clkgen.delay_100ns_3.genblk1[8].mux1/X (sky130_fd_sc_hd__mux2_1)
     2    0.00                           clkgen.delay_100ns_3._siga_[9] (net)
                  0.06    0.00 200017.22 ^ clkgen.delay_100ns_3.genblk1[9].mux1/A1 (sky130_fd_sc_hd__mux2_1)
                  0.06    0.15 200017.36 ^ clkgen.delay_100ns_3.genblk1[9].mux1/X (sky130_fd_sc_hd__mux2_1)
     2    0.01                           clkgen.delay_100ns_3._siga_[10] (net)
                  0.06    0.00 200017.36 ^ clkgen.delay_100ns_3.genblk1[10].mux1/A1 (sky130_fd_sc_hd__mux2_1)
                  0.06    0.15 200017.50 ^ clkgen.delay_100ns_3.genblk1[10].mux1/X (sky130_fd_sc_hd__mux2_1)
     2    0.01                           clkgen.delay_100ns_3._siga_[11] (net)
                  0.06    0.00 200017.50 ^ clkgen.delay_100ns_3.genblk1[11].mux1/A1 (sky130_fd_sc_hd__mux2_1)
                  0.07    0.16 200017.67 ^ clkgen.delay_100ns_3.genblk1[11].mux1/X (sky130_fd_sc_hd__mux2_1)
     2    0.01                           clkgen.delay_100ns_3._siga_[12] (net)
                  0.07    0.00 200017.67 ^ clkgen.delay_100ns_3.genblk1[12].mux1/A1 (sky130_fd_sc_hd__mux2_1)
                  0.07    0.15 200017.81 ^ clkgen.delay_100ns_3.genblk1[12].mux1/X (sky130_fd_sc_hd__mux2_1)
     2    0.01                           clkgen.delay_100ns_3._siga_[13] (net)
                  0.07    0.00 200017.81 ^ clkgen.delay_100ns_3.genblk1[13].mux1/A1 (sky130_fd_sc_hd__mux2_1)
                  0.06    0.15 200017.95 ^ clkgen.delay_100ns_3.genblk1[13].mux1/X (sky130_fd_sc_hd__mux2_1)
     2    0.01                           clkgen.delay_100ns_3._siga_[14] (net)
                  0.06    0.00 200017.95 ^ clkgen.delay_100ns_3.genblk1[14].mux1/A1 (sky130_fd_sc_hd__mux2_1)
                  0.07    0.15 200018.11 ^ clkgen.delay_100ns_3.genblk1[14].mux1/X (sky130_fd_sc_hd__mux2_1)
     2    0.01                           clkgen.delay_100ns_3._siga_[15] (net)
                  0.07    0.00 200018.11 ^ clkgen.delay_100ns_3.genblk1[15].mux1/A1 (sky130_fd_sc_hd__mux2_1)
                  0.06    0.15 200018.25 ^ clkgen.delay_100ns_3.genblk1[15].mux1/X (sky130_fd_sc_hd__mux2_1)
     2    0.00                           clkgen.delay_100ns_3._siga_[16] (net)
                  0.06    0.00 200018.25 ^ clkgen.delay_100ns_3.genblk1[16].mux1/A1 (sky130_fd_sc_hd__mux2_1)
                  0.06    0.15 200018.39 ^ clkgen.delay_100ns_3.genblk1[16].mux1/X (sky130_fd_sc_hd__mux2_1)
     2    0.01                           clkgen.delay_100ns_3._siga_[17] (net)
                  0.06    0.00 200018.39 ^ clkgen.delay_100ns_3.genblk1[17].mux1/A1 (sky130_fd_sc_hd__mux2_1)
                  0.06    0.15 200018.55 ^ clkgen.delay_100ns_3.genblk1[17].mux1/X (sky130_fd_sc_hd__mux2_1)
     2    0.01                           clkgen.delay_100ns_3._siga_[18] (net)
                  0.06    0.00 200018.55 ^ clkgen.delay_100ns_3.genblk1[18].mux1/A1 (sky130_fd_sc_hd__mux2_1)
                  0.06    0.15 200018.69 ^ clkgen.delay_100ns_3.genblk1[18].mux1/X (sky130_fd_sc_hd__mux2_1)
     2    0.00                           clkgen.delay_100ns_3._siga_[19] (net)
                  0.06    0.00 200018.69 ^ clkgen.delay_100ns_3.genblk1[19].mux1/A1 (sky130_fd_sc_hd__mux2_1)
                  0.05    0.13 200018.81 ^ clkgen.delay_100ns_3.genblk1[19].mux1/X (sky130_fd_sc_hd__mux2_1)
     1    0.00                           clkgen.clk_comp (net)
                  0.05    0.00 200018.81 ^ outbuf_2/A (sky130_fd_sc_hd__buf_4)
                  0.10    0.16 200018.97 ^ outbuf_2/X (sky130_fd_sc_hd__buf_4)
     1    0.03                           clk_comp (net)
                  0.10    0.00 200018.97 ^ clk_comp (out)
                               200018.97   data arrival time

                  0.00 999999.94 999999.94   clock __VIRTUAL_CLK__ (rise edge)
                          0.00 999999.94   clock network delay (ideal)
                         -0.25 999999.75   clock uncertainty
                          0.00 999999.75   clock reconvergence pessimism
                       -200000.00 799999.69   output external delay
                               799999.69   data required time
-----------------------------------------------------------------------------
                               799999.69   data required time
                               -200018.97   data arrival time
-----------------------------------------------------------------------------
                               599980.75   slack (MET)



===========================================================================
report_checks --slack_max -0.01
============================================================================
No paths found.
