Instance name,  X location,  Y location,  Voltage 
PHY_52, 5.4, 84.32, 1.8
PHY_54, 5.4, 84.32, 1.8
PHY_53, 91.8, 84.32, 1.8
PHY_55, 91.8, 84.32, 1.8
PHY_48, 5.4, 78.88, 1.8
PHY_50, 5.4, 78.88, 1.8
PHY_49, 91.8, 78.88, 1.8
PHY_51, 91.8, 78.88, 1.8
PHY_44, 5.4, 73.44, 1.8
PHY_46, 5.4, 73.44, 1.8
PHY_45, 91.8, 73.44, 1.8
PHY_47, 91.8, 73.44, 1.8
PHY_40, 5.4, 68, 1.8
PHY_42, 5.4, 68, 1.8
PHY_41, 91.8, 68, 1.8
PHY_43, 91.8, 68, 1.8
PHY_36, 5.4, 62.56, 1.8
PHY_38, 5.4, 62.56, 1.8
PHY_37, 91.8, 62.56, 1.8
PHY_39, 91.8, 62.56, 1.8
PHY_32, 5.4, 57.12, 1.8
PHY_34, 5.4, 57.12, 1.8
PHY_33, 91.8, 57.12, 1.8
PHY_35, 91.8, 57.12, 1.8
PHY_28, 5.4, 51.68, 1.8
PHY_30, 5.4, 51.68, 1.8
_1_, 16.2, 51.68, 1.8
PHY_29, 91.8, 51.68, 1.8
PHY_31, 91.8, 51.68, 1.8
PHY_24, 5.4, 46.24, 1.8
PHY_26, 5.4, 46.24, 1.8
delay_macrocell_0, 5.4, 46.24, 1.8
delay_macrocell_1, 10.8, 46.24, 1.8
_2_, 21.6, 46.24, 1.8
PHY_25, 91.8, 46.24, 1.8
PHY_27, 91.8, 46.24, 1.8
PHY_20, 5.4, 40.8, 1.8
PHY_22, 5.4, 40.8, 1.8
PHY_21, 91.8, 40.8, 1.8
PHY_23, 91.8, 40.8, 1.8
PHY_16, 5.4, 35.36, 1.8
PHY_18, 5.4, 35.36, 1.8
PHY_17, 91.8, 35.36, 1.8
PHY_19, 91.8, 35.36, 1.8
PHY_12, 5.4, 29.92, 1.8
PHY_14, 5.4, 29.92, 1.8
PHY_13, 91.8, 29.92, 1.8
PHY_15, 91.8, 29.92, 1.8
PHY_10, 5.4, 24.48, 1.8
PHY_8, 5.4, 24.48, 1.8
PHY_11, 91.8, 24.48, 1.8
PHY_9, 91.8, 24.48, 1.8
PHY_4, 5.4, 19.04, 1.8
PHY_6, 5.4, 19.04, 1.8
PHY_5, 91.8, 19.04, 1.8
PHY_7, 91.8, 19.04, 1.8
PHY_0, 5.4, 13.6, 1.8
PHY_2, 5.4, 13.6, 1.8
PHY_1, 91.8, 13.6, 1.8
PHY_3, 91.8, 13.6, 1.8

