
===========================================================================
report_checks -unconstrained
============================================================================
Startpoint: start_conv (input port clocked by __VIRTUAL_CLK__)
Endpoint: clkgen.delay_100ns_3.genblk1[1].delay_unit/in (internal pin)
Path Group: (none)
Path Type: max

Fanout     Cap    Slew   Delay    Time   Description
-----------------------------------------------------------------------------
                          2.00    2.00 v input external delay
                  0.01    0.00    2.00 v start_conv (in)
     1    0.00                           start_conv (net)
                  0.01    0.00    2.00 v inbuf_2/A (sky130_fd_sc_hd__buf_1)
                  0.04    0.09    2.09 v inbuf_2/X (sky130_fd_sc_hd__buf_1)
     2    0.00                           edgedetect.delay_200ns._intsig_a_[1] (net)
                  0.04    0.00    2.09 v _1_/B (sky130_fd_sc_hd__and2b_2)
                  0.03    0.19    2.28 v _1_/X (sky130_fd_sc_hd__and2b_2)
     1    0.00                           _0_ (net)
                  0.03    0.00    2.28 v _2_/A2 (sky130_fd_sc_hd__o21ba_2)
                  0.04    0.20    2.47 v _2_/X (sky130_fd_sc_hd__o21ba_2)
     1    0.00                           clkgen.delay_100ns_3._intsig_a_[1] (net)
                  0.04    0.00    2.47 v clkgen.delay_100ns_3.genblk1[1].delay_unit/in (sky130_mm_sc_hd_dlyPoly6ns)
                                  2.47   data arrival time
-----------------------------------------------------------------------------
(Path is unconstrained)



===========================================================================
report_checks --slack_max -0.01
============================================================================
No paths found.
