
26. Executing CHECK pass (checking for obvious problems).
Checking module adc_core_digital...
Warning: Wire adc_core_digital.\sample_switch_out_n is used but has no driver.
Warning: Wire adc_core_digital.\sample_switch_out is used but has no driver.
Warning: Wire adc_core_digital.\sample_matrix_out_n is used but has no driver.
Warning: Wire adc_core_digital.\sample_matrix_out is used but has no driver.
Warning: Wire adc_core_digital.\result_out [15] is used but has no driver.
Warning: Wire adc_core_digital.\result_out [14] is used but has no driver.
Warning: Wire adc_core_digital.\result_out [13] is used but has no driver.
Warning: Wire adc_core_digital.\result_out [12] is used but has no driver.
Warning: Wire adc_core_digital.\result_out [11] is used but has no driver.
Warning: Wire adc_core_digital.\result_out [10] is used but has no driver.
Warning: Wire adc_core_digital.\result_out [9] is used but has no driver.
Warning: Wire adc_core_digital.\result_out [8] is used but has no driver.
Warning: Wire adc_core_digital.\result_out [7] is used but has no driver.
Warning: Wire adc_core_digital.\result_out [6] is used but has no driver.
Warning: Wire adc_core_digital.\result_out [5] is used but has no driver.
Warning: Wire adc_core_digital.\result_out [4] is used but has no driver.
Warning: Wire adc_core_digital.\result_out [3] is used but has no driver.
Warning: Wire adc_core_digital.\result_out [2] is used but has no driver.
Warning: Wire adc_core_digital.\result_out [1] is used but has no driver.
Warning: Wire adc_core_digital.\result_out [0] is used but has no driver.
Warning: Wire adc_core_digital.\pmatrix_rowon_out_n [15] is used but has no driver.
Warning: Wire adc_core_digital.\pmatrix_rowon_out_n [14] is used but has no driver.
Warning: Wire adc_core_digital.\pmatrix_rowon_out_n [13] is used but has no driver.
Warning: Wire adc_core_digital.\pmatrix_rowon_out_n [12] is used but has no driver.
Warning: Wire adc_core_digital.\pmatrix_rowon_out_n [11] is used but has no driver.
Warning: Wire adc_core_digital.\pmatrix_rowon_out_n [10] is used but has no driver.
Warning: Wire adc_core_digital.\pmatrix_rowon_out_n [9] is used but has no driver.
Warning: Wire adc_core_digital.\pmatrix_rowon_out_n [8] is used but has no driver.
Warning: Wire adc_core_digital.\pmatrix_rowon_out_n [7] is used but has no driver.
Warning: Wire adc_core_digital.\pmatrix_rowon_out_n [6] is used but has no driver.
Warning: Wire adc_core_digital.\pmatrix_rowon_out_n [5] is used but has no driver.
Warning: Wire adc_core_digital.\pmatrix_rowon_out_n [4] is used but has no driver.
Warning: Wire adc_core_digital.\pmatrix_rowon_out_n [3] is used but has no driver.
Warning: Wire adc_core_digital.\pmatrix_rowon_out_n [2] is used but has no driver.
Warning: Wire adc_core_digital.\pmatrix_rowon_out_n [1] is used but has no driver.
Warning: Wire adc_core_digital.\pmatrix_rowon_out_n [0] is used but has no driver.
Warning: Wire adc_core_digital.\pmatrix_row_out_n [15] is used but has no driver.
Warning: Wire adc_core_digital.\pmatrix_row_out_n [14] is used but has no driver.
Warning: Wire adc_core_digital.\pmatrix_row_out_n [13] is used but has no driver.
Warning: Wire adc_core_digital.\pmatrix_row_out_n [12] is used but has no driver.
Warning: Wire adc_core_digital.\pmatrix_row_out_n [11] is used but has no driver.
Warning: Wire adc_core_digital.\pmatrix_row_out_n [10] is used but has no driver.
Warning: Wire adc_core_digital.\pmatrix_row_out_n [9] is used but has no driver.
Warning: Wire adc_core_digital.\pmatrix_row_out_n [8] is used but has no driver.
Warning: Wire adc_core_digital.\pmatrix_row_out_n [7] is used but has no driver.
Warning: Wire adc_core_digital.\pmatrix_row_out_n [6] is used but has no driver.
Warning: Wire adc_core_digital.\pmatrix_row_out_n [5] is used but has no driver.
Warning: Wire adc_core_digital.\pmatrix_row_out_n [4] is used but has no driver.
Warning: Wire adc_core_digital.\pmatrix_row_out_n [3] is used but has no driver.
Warning: Wire adc_core_digital.\pmatrix_row_out_n [2] is used but has no driver.
Warning: Wire adc_core_digital.\pmatrix_row_out_n [1] is used but has no driver.
Warning: Wire adc_core_digital.\pmatrix_row_out_n [0] is used but has no driver.
Warning: Wire adc_core_digital.\pmatrix_col_out_n [31] is used but has no driver.
Warning: Wire adc_core_digital.\pmatrix_col_out_n [30] is used but has no driver.
Warning: Wire adc_core_digital.\pmatrix_col_out_n [29] is used but has no driver.
Warning: Wire adc_core_digital.\pmatrix_col_out_n [28] is used but has no driver.
Warning: Wire adc_core_digital.\pmatrix_col_out_n [27] is used but has no driver.
Warning: Wire adc_core_digital.\pmatrix_col_out_n [26] is used but has no driver.
Warning: Wire adc_core_digital.\pmatrix_col_out_n [25] is used but has no driver.
Warning: Wire adc_core_digital.\pmatrix_col_out_n [24] is used but has no driver.
Warning: Wire adc_core_digital.\pmatrix_col_out_n [23] is used but has no driver.
Warning: Wire adc_core_digital.\pmatrix_col_out_n [22] is used but has no driver.
Warning: Wire adc_core_digital.\pmatrix_col_out_n [21] is used but has no driver.
Warning: Wire adc_core_digital.\pmatrix_col_out_n [20] is used but has no driver.
Warning: Wire adc_core_digital.\pmatrix_col_out_n [19] is used but has no driver.
Warning: Wire adc_core_digital.\pmatrix_col_out_n [18] is used but has no driver.
Warning: Wire adc_core_digital.\pmatrix_col_out_n [17] is used but has no driver.
Warning: Wire adc_core_digital.\pmatrix_col_out_n [16] is used but has no driver.
Warning: Wire adc_core_digital.\pmatrix_col_out_n [15] is used but has no driver.
Warning: Wire adc_core_digital.\pmatrix_col_out_n [14] is used but has no driver.
Warning: Wire adc_core_digital.\pmatrix_col_out_n [13] is used but has no driver.
Warning: Wire adc_core_digital.\pmatrix_col_out_n [12] is used but has no driver.
Warning: Wire adc_core_digital.\pmatrix_col_out_n [11] is used but has no driver.
Warning: Wire adc_core_digital.\pmatrix_col_out_n [10] is used but has no driver.
Warning: Wire adc_core_digital.\pmatrix_col_out_n [9] is used but has no driver.
Warning: Wire adc_core_digital.\pmatrix_col_out_n [8] is used but has no driver.
Warning: Wire adc_core_digital.\pmatrix_col_out_n [7] is used but has no driver.
Warning: Wire adc_core_digital.\pmatrix_col_out_n [6] is used but has no driver.
Warning: Wire adc_core_digital.\pmatrix_col_out_n [5] is used but has no driver.
Warning: Wire adc_core_digital.\pmatrix_col_out_n [4] is used but has no driver.
Warning: Wire adc_core_digital.\pmatrix_col_out_n [3] is used but has no driver.
Warning: Wire adc_core_digital.\pmatrix_col_out_n [2] is used but has no driver.
Warning: Wire adc_core_digital.\pmatrix_col_out_n [1] is used but has no driver.
Warning: Wire adc_core_digital.\pmatrix_col_out_n [0] is used but has no driver.
Warning: Wire adc_core_digital.\pmatrix_c0_out_n is used but has no driver.
Warning: Wire adc_core_digital.\pmatrix_bincap_out_n [2] is used but has no driver.
Warning: Wire adc_core_digital.\pmatrix_bincap_out_n [1] is used but has no driver.
Warning: Wire adc_core_digital.\pmatrix_bincap_out_n [0] is used but has no driver.
Warning: Wire adc_core_digital.\nmatrix_rowon_out_n [15] is used but has no driver.
Warning: Wire adc_core_digital.\nmatrix_rowon_out_n [14] is used but has no driver.
Warning: Wire adc_core_digital.\nmatrix_rowon_out_n [13] is used but has no driver.
Warning: Wire adc_core_digital.\nmatrix_rowon_out_n [12] is used but has no driver.
Warning: Wire adc_core_digital.\nmatrix_rowon_out_n [11] is used but has no driver.
Warning: Wire adc_core_digital.\nmatrix_rowon_out_n [10] is used but has no driver.
Warning: Wire adc_core_digital.\nmatrix_rowon_out_n [9] is used but has no driver.
Warning: Wire adc_core_digital.\nmatrix_rowon_out_n [8] is used but has no driver.
Warning: Wire adc_core_digital.\nmatrix_rowon_out_n [7] is used but has no driver.
Warning: Wire adc_core_digital.\nmatrix_rowon_out_n [6] is used but has no driver.
Warning: Wire adc_core_digital.\nmatrix_rowon_out_n [5] is used but has no driver.
Warning: Wire adc_core_digital.\nmatrix_rowon_out_n [4] is used but has no driver.
Warning: Wire adc_core_digital.\nmatrix_rowon_out_n [3] is used but has no driver.
Warning: Wire adc_core_digital.\nmatrix_rowon_out_n [2] is used but has no driver.
Warning: Wire adc_core_digital.\nmatrix_rowon_out_n [1] is used but has no driver.
Warning: Wire adc_core_digital.\nmatrix_rowon_out_n [0] is used but has no driver.
Warning: Wire adc_core_digital.\nmatrix_row_out_n [15] is used but has no driver.
Warning: Wire adc_core_digital.\nmatrix_row_out_n [14] is used but has no driver.
Warning: Wire adc_core_digital.\nmatrix_row_out_n [13] is used but has no driver.
Warning: Wire adc_core_digital.\nmatrix_row_out_n [12] is used but has no driver.
Warning: Wire adc_core_digital.\nmatrix_row_out_n [11] is used but has no driver.
Warning: Wire adc_core_digital.\nmatrix_row_out_n [10] is used but has no driver.
Warning: Wire adc_core_digital.\nmatrix_row_out_n [9] is used but has no driver.
Warning: Wire adc_core_digital.\nmatrix_row_out_n [8] is used but has no driver.
Warning: Wire adc_core_digital.\nmatrix_row_out_n [7] is used but has no driver.
Warning: Wire adc_core_digital.\nmatrix_row_out_n [6] is used but has no driver.
Warning: Wire adc_core_digital.\nmatrix_row_out_n [5] is used but has no driver.
Warning: Wire adc_core_digital.\nmatrix_row_out_n [4] is used but has no driver.
Warning: Wire adc_core_digital.\nmatrix_row_out_n [3] is used but has no driver.
Warning: Wire adc_core_digital.\nmatrix_row_out_n [2] is used but has no driver.
Warning: Wire adc_core_digital.\nmatrix_row_out_n [1] is used but has no driver.
Warning: Wire adc_core_digital.\nmatrix_row_out_n [0] is used but has no driver.
Warning: Wire adc_core_digital.\nmatrix_col_out_n [31] is used but has no driver.
Warning: Wire adc_core_digital.\nmatrix_col_out_n [30] is used but has no driver.
Warning: Wire adc_core_digital.\nmatrix_col_out_n [29] is used but has no driver.
Warning: Wire adc_core_digital.\nmatrix_col_out_n [28] is used but has no driver.
Warning: Wire adc_core_digital.\nmatrix_col_out_n [27] is used but has no driver.
Warning: Wire adc_core_digital.\nmatrix_col_out_n [26] is used but has no driver.
Warning: Wire adc_core_digital.\nmatrix_col_out_n [25] is used but has no driver.
Warning: Wire adc_core_digital.\nmatrix_col_out_n [24] is used but has no driver.
Warning: Wire adc_core_digital.\nmatrix_col_out_n [23] is used but has no driver.
Warning: Wire adc_core_digital.\nmatrix_col_out_n [22] is used but has no driver.
Warning: Wire adc_core_digital.\nmatrix_col_out_n [21] is used but has no driver.
Warning: Wire adc_core_digital.\nmatrix_col_out_n [20] is used but has no driver.
Warning: Wire adc_core_digital.\nmatrix_col_out_n [19] is used but has no driver.
Warning: Wire adc_core_digital.\nmatrix_col_out_n [18] is used but has no driver.
Warning: Wire adc_core_digital.\nmatrix_col_out_n [17] is used but has no driver.
Warning: Wire adc_core_digital.\nmatrix_col_out_n [16] is used but has no driver.
Warning: Wire adc_core_digital.\nmatrix_col_out_n [15] is used but has no driver.
Warning: Wire adc_core_digital.\nmatrix_col_out_n [14] is used but has no driver.
Warning: Wire adc_core_digital.\nmatrix_col_out_n [13] is used but has no driver.
Warning: Wire adc_core_digital.\nmatrix_col_out_n [12] is used but has no driver.
Warning: Wire adc_core_digital.\nmatrix_col_out_n [11] is used but has no driver.
Warning: Wire adc_core_digital.\nmatrix_col_out_n [10] is used but has no driver.
Warning: Wire adc_core_digital.\nmatrix_col_out_n [9] is used but has no driver.
Warning: Wire adc_core_digital.\nmatrix_col_out_n [8] is used but has no driver.
Warning: Wire adc_core_digital.\nmatrix_col_out_n [7] is used but has no driver.
Warning: Wire adc_core_digital.\nmatrix_col_out_n [6] is used but has no driver.
Warning: Wire adc_core_digital.\nmatrix_col_out_n [5] is used but has no driver.
Warning: Wire adc_core_digital.\nmatrix_col_out_n [4] is used but has no driver.
Warning: Wire adc_core_digital.\nmatrix_col_out_n [3] is used but has no driver.
Warning: Wire adc_core_digital.\nmatrix_col_out_n [2] is used but has no driver.
Warning: Wire adc_core_digital.\nmatrix_col_out_n [1] is used but has no driver.
Warning: Wire adc_core_digital.\nmatrix_col_out_n [0] is used but has no driver.
Warning: Wire adc_core_digital.\nmatrix_c0_out_n is used but has no driver.
Warning: Wire adc_core_digital.\nmatrix_bincap_out_n [2] is used but has no driver.
Warning: Wire adc_core_digital.\nmatrix_bincap_out_n [1] is used but has no driver.
Warning: Wire adc_core_digital.\nmatrix_bincap_out_n [0] is used but has no driver.
Warning: Wire adc_core_digital.\enable_loop_out is used but has no driver.
Warning: Wire adc_core_digital.\conv_finished_out is used but has no driver.
Found and reported 158 problems.
