
27. Printing statistics.

=== adc_core_digital ===

   Number of wires:                890
   Number of wire bits:           1061
   Number of public wires:         162
   Number of public wire bits:     333
   Number of memories:               0
   Number of memory bits:            0
   Number of processes:              0
   Number of cells:               1026
     sky130_fd_sc_hd__a211o_2       10
     sky130_fd_sc_hd__a211o_4        1
     sky130_fd_sc_hd__a211oi_2       2
     sky130_fd_sc_hd__a211oi_4       1
     sky130_fd_sc_hd__a21bo_2        2
     sky130_fd_sc_hd__a21boi_2       6
     sky130_fd_sc_hd__a21o_2        30
     sky130_fd_sc_hd__a21oi_2       28
     sky130_fd_sc_hd__a21oi_4        2
     sky130_fd_sc_hd__a221o_2        7
     sky130_fd_sc_hd__a221oi_2       1
     sky130_fd_sc_hd__a221oi_4       1
     sky130_fd_sc_hd__a22o_2        29
     sky130_fd_sc_hd__a22o_4         1
     sky130_fd_sc_hd__a22oi_2        3
     sky130_fd_sc_hd__a2bb2o_2       3
     sky130_fd_sc_hd__a311o_2        4
     sky130_fd_sc_hd__a31o_2        38
     sky130_fd_sc_hd__a31oi_2        2
     sky130_fd_sc_hd__a32o_2         3
     sky130_fd_sc_hd__and2_2        39
     sky130_fd_sc_hd__and2b_2        4
     sky130_fd_sc_hd__and3_2        30
     sky130_fd_sc_hd__and3_4         1
     sky130_fd_sc_hd__and3b_2        6
     sky130_fd_sc_hd__and4_2         5
     sky130_fd_sc_hd__and4b_2        4
     sky130_fd_sc_hd__buf_1         75
     sky130_fd_sc_hd__buf_2         58
     sky130_fd_sc_hd__buf_4          5
     sky130_fd_sc_hd__buf_6          5
     sky130_fd_sc_hd__conb_1         6
     sky130_fd_sc_hd__dfrtp_2      102
     sky130_fd_sc_hd__dfstp_2        3
     sky130_fd_sc_hd__inv_2         26
     sky130_fd_sc_hd__mux2_1         1
     sky130_fd_sc_hd__mux2_2        48
     sky130_fd_sc_hd__mux2_4         1
     sky130_fd_sc_hd__nand2_2       49
     sky130_fd_sc_hd__nand3_2        5
     sky130_fd_sc_hd__nand3b_2       2
     sky130_fd_sc_hd__nand4_2        2
     sky130_fd_sc_hd__nor2_2        58
     sky130_fd_sc_hd__nor2_4         2
     sky130_fd_sc_hd__nor3_2        11
     sky130_fd_sc_hd__nor3b_2        1
     sky130_fd_sc_hd__nor4_2         4
     sky130_fd_sc_hd__nor4_4         1
     sky130_fd_sc_hd__o2111a_2       6
     sky130_fd_sc_hd__o211a_2       10
     sky130_fd_sc_hd__o211ai_2       2
     sky130_fd_sc_hd__o21a_2        23
     sky130_fd_sc_hd__o21a_4         1
     sky130_fd_sc_hd__o21ai_2       33
     sky130_fd_sc_hd__o21ba_2        5
     sky130_fd_sc_hd__o21bai_2       1
     sky130_fd_sc_hd__o221a_2        5
     sky130_fd_sc_hd__o22a_2        20
     sky130_fd_sc_hd__o22ai_2        8
     sky130_fd_sc_hd__o2bb2a_2       1
     sky130_fd_sc_hd__o31a_2        15
     sky130_fd_sc_hd__o31ai_2        4
     sky130_fd_sc_hd__o31ai_4        2
     sky130_fd_sc_hd__o32a_2         3
     sky130_fd_sc_hd__o32ai_2        1
     sky130_fd_sc_hd__o41a_2         3
     sky130_fd_sc_hd__or2_2         36
     sky130_fd_sc_hd__or2_4          2
     sky130_fd_sc_hd__or2b_2         4
     sky130_fd_sc_hd__or3_2         18
     sky130_fd_sc_hd__or3_4          4
     sky130_fd_sc_hd__or3b_2        17
     sky130_fd_sc_hd__or3b_4         1
     sky130_fd_sc_hd__or4_2          7
     sky130_fd_sc_hd__or4_4          9
     sky130_fd_sc_hd__or4b_2         4
     sky130_fd_sc_hd__or4b_4         1
     sky130_fd_sc_hd__xnor2_2       37
     sky130_fd_sc_hd__xor2_2        15

   Chip area for module '\adc_core_digital': 10686.499200

