
===========================================================================
report_checks -path_delay min (Hold)
============================================================================
Startpoint: _1737_ (rising edge-triggered flip-flop)
Endpoint: result_out[4] (output port clocked by clk_dig)
Path Group: clk_dig
Path Type: min

Fanout     Cap    Slew   Delay    Time   Description
-----------------------------------------------------------------------------
                  0.47    0.00    0.00 ^ _1737_/CLK (sky130_fd_sc_hd__dfrtp_2)
                  0.18    0.51    0.51 ^ _1737_/Q (sky130_fd_sc_hd__dfrtp_2)
     2    0.03                           result_out[4] (net)
                  0.18    0.00    0.51 ^ result_out[4] (out)
                                  0.51   data arrival time

                  0.00    0.00    0.00   clock clk_dig (rise edge)
                          0.00    0.00   clock network delay (ideal)
                          0.25    0.25   clock uncertainty
                          0.00    0.25   clock reconvergence pessimism
                         -4.00   -3.75   output external delay
                                 -3.75   data required time
-----------------------------------------------------------------------------
                                 -3.75   data required time
                                 -0.51   data arrival time
-----------------------------------------------------------------------------
                                  4.26   slack (MET)


Startpoint: _1738_ (rising edge-triggered flip-flop)
Endpoint: result_out[5] (output port clocked by clk_dig)
Path Group: clk_dig
Path Type: min

Fanout     Cap    Slew   Delay    Time   Description
-----------------------------------------------------------------------------
                  0.47    0.00    0.00 ^ _1738_/CLK (sky130_fd_sc_hd__dfrtp_2)
                  0.18    0.51    0.51 ^ _1738_/Q (sky130_fd_sc_hd__dfrtp_2)
     2    0.03                           result_out[5] (net)
                  0.18    0.00    0.51 ^ result_out[5] (out)
                                  0.51   data arrival time

                  0.00    0.00    0.00   clock clk_dig (rise edge)
                          0.00    0.00   clock network delay (ideal)
                          0.25    0.25   clock uncertainty
                          0.00    0.25   clock reconvergence pessimism
                         -4.00   -3.75   output external delay
                                 -3.75   data required time
-----------------------------------------------------------------------------
                                 -3.75   data required time
                                 -0.51   data arrival time
-----------------------------------------------------------------------------
                                  4.26   slack (MET)


Startpoint: _1740_ (rising edge-triggered flip-flop)
Endpoint: result_out[7] (output port clocked by clk_dig)
Path Group: clk_dig
Path Type: min

Fanout     Cap    Slew   Delay    Time   Description
-----------------------------------------------------------------------------
                  0.47    0.00    0.00 ^ _1740_/CLK (sky130_fd_sc_hd__dfrtp_2)
                  0.18    0.51    0.51 ^ _1740_/Q (sky130_fd_sc_hd__dfrtp_2)
     2    0.03                           result_out[7] (net)
                  0.18    0.00    0.51 ^ result_out[7] (out)
                                  0.51   data arrival time

                  0.00    0.00    0.00   clock clk_dig (rise edge)
                          0.00    0.00   clock network delay (ideal)
                          0.25    0.25   clock uncertainty
                          0.00    0.25   clock reconvergence pessimism
                         -4.00   -3.75   output external delay
                                 -3.75   data required time
-----------------------------------------------------------------------------
                                 -3.75   data required time
                                 -0.51   data arrival time
-----------------------------------------------------------------------------
                                  4.26   slack (MET)


Startpoint: _1741_ (rising edge-triggered flip-flop)
Endpoint: result_out[8] (output port clocked by clk_dig)
Path Group: clk_dig
Path Type: min

Fanout     Cap    Slew   Delay    Time   Description
-----------------------------------------------------------------------------
                  0.47    0.00    0.00 ^ _1741_/CLK (sky130_fd_sc_hd__dfrtp_2)
                  0.18    0.51    0.51 ^ _1741_/Q (sky130_fd_sc_hd__dfrtp_2)
     2    0.03                           result_out[8] (net)
                  0.18    0.00    0.51 ^ result_out[8] (out)
                                  0.51   data arrival time

                  0.00    0.00    0.00   clock clk_dig (rise edge)
                          0.00    0.00   clock network delay (ideal)
                          0.25    0.25   clock uncertainty
                          0.00    0.25   clock reconvergence pessimism
                         -4.00   -3.75   output external delay
                                 -3.75   data required time
-----------------------------------------------------------------------------
                                 -3.75   data required time
                                 -0.51   data arrival time
-----------------------------------------------------------------------------
                                  4.26   slack (MET)


Startpoint: _1743_ (rising edge-triggered flip-flop)
Endpoint: result_out[10] (output port clocked by clk_dig)
Path Group: clk_dig
Path Type: min

Fanout     Cap    Slew   Delay    Time   Description
-----------------------------------------------------------------------------
                  0.47    0.00    0.00 ^ _1743_/CLK (sky130_fd_sc_hd__dfrtp_2)
                  0.18    0.51    0.51 ^ _1743_/Q (sky130_fd_sc_hd__dfrtp_2)
     2    0.04                           result_out[10] (net)
                  0.18    0.00    0.51 ^ result_out[10] (out)
                                  0.51   data arrival time

                  0.00    0.00    0.00   clock clk_dig (rise edge)
                          0.00    0.00   clock network delay (ideal)
                          0.25    0.25   clock uncertainty
                          0.00    0.25   clock reconvergence pessimism
                         -4.00   -3.75   output external delay
                                 -3.75   data required time
-----------------------------------------------------------------------------
                                 -3.75   data required time
                                 -0.51   data arrival time
-----------------------------------------------------------------------------
                                  4.26   slack (MET)


