
===========================================================================
 report_check_types -max_slew -max_cap -max_fanout -violators
============================================================================
max slew

Pin                                    Limit    Slew   Slack
------------------------------------------------------------
rst_n                                   1.50    1.74   -0.25 (VIOLATED)
_1610_/RESET_B                          1.50    1.74   -0.24 (VIOLATED)
_1611_/RESET_B                          1.50    1.74   -0.24 (VIOLATED)
_1612_/RESET_B                          1.50    1.74   -0.24 (VIOLATED)
_1613_/RESET_B                          1.50    1.74   -0.24 (VIOLATED)
_1614_/RESET_B                          1.50    1.74   -0.24 (VIOLATED)
_1615_/RESET_B                          1.50    1.74   -0.24 (VIOLATED)
_1616_/RESET_B                          1.50    1.74   -0.24 (VIOLATED)
_1617_/RESET_B                          1.50    1.74   -0.24 (VIOLATED)
_1618_/RESET_B                          1.50    1.74   -0.24 (VIOLATED)
_1619_/RESET_B                          1.50    1.74   -0.24 (VIOLATED)
_1620_/RESET_B                          1.50    1.74   -0.24 (VIOLATED)
_1621_/RESET_B                          1.50    1.74   -0.24 (VIOLATED)
_1622_/RESET_B                          1.50    1.74   -0.24 (VIOLATED)
_1623_/RESET_B                          1.50    1.74   -0.24 (VIOLATED)
_1624_/RESET_B                          1.50    1.74   -0.24 (VIOLATED)
_1625_/RESET_B                          1.50    1.74   -0.24 (VIOLATED)
_1626_/RESET_B                          1.50    1.74   -0.24 (VIOLATED)
_1627_/RESET_B                          1.50    1.74   -0.24 (VIOLATED)
_1629_/RESET_B                          1.50    1.74   -0.24 (VIOLATED)
_1630_/RESET_B                          1.50    1.74   -0.24 (VIOLATED)
_1631_/RESET_B                          1.50    1.74   -0.24 (VIOLATED)
_1632_/RESET_B                          1.50    1.74   -0.24 (VIOLATED)
_1633_/RESET_B                          1.50    1.74   -0.24 (VIOLATED)
_1634_/RESET_B                          1.50    1.74   -0.24 (VIOLATED)
_1635_/RESET_B                          1.50    1.74   -0.24 (VIOLATED)
_1636_/RESET_B                          1.50    1.74   -0.24 (VIOLATED)
_1638_/RESET_B                          1.50    1.74   -0.24 (VIOLATED)
_1639_/RESET_B                          1.50    1.74   -0.24 (VIOLATED)
_1640_/RESET_B                          1.50    1.74   -0.24 (VIOLATED)
_1641_/RESET_B                          1.50    1.74   -0.24 (VIOLATED)
_1642_/RESET_B                          1.50    1.74   -0.24 (VIOLATED)
_1643_/RESET_B                          1.50    1.74   -0.24 (VIOLATED)
_1644_/RESET_B                          1.50    1.74   -0.24 (VIOLATED)
_1645_/RESET_B                          1.50    1.74   -0.24 (VIOLATED)
_1646_/RESET_B                          1.50    1.74   -0.24 (VIOLATED)
_1647_/RESET_B                          1.50    1.74   -0.24 (VIOLATED)
_1648_/RESET_B                          1.50    1.74   -0.24 (VIOLATED)
_1649_/RESET_B                          1.50    1.74   -0.24 (VIOLATED)
_1650_/RESET_B                          1.50    1.74   -0.24 (VIOLATED)
_1651_/RESET_B                          1.50    1.74   -0.24 (VIOLATED)
_1652_/RESET_B                          1.50    1.74   -0.24 (VIOLATED)
_1653_/RESET_B                          1.50    1.74   -0.24 (VIOLATED)
_1654_/RESET_B                          1.50    1.74   -0.24 (VIOLATED)
_1655_/RESET_B                          1.50    1.74   -0.24 (VIOLATED)
_1656_/RESET_B                          1.50    1.74   -0.24 (VIOLATED)
_1657_/RESET_B                          1.50    1.74   -0.24 (VIOLATED)
_1658_/RESET_B                          1.50    1.74   -0.24 (VIOLATED)
_1659_/RESET_B                          1.50    1.74   -0.24 (VIOLATED)
_1660_/RESET_B                          1.50    1.74   -0.24 (VIOLATED)
_1661_/RESET_B                          1.50    1.74   -0.24 (VIOLATED)
_1662_/RESET_B                          1.50    1.74   -0.24 (VIOLATED)
_1663_/RESET_B                          1.50    1.74   -0.24 (VIOLATED)
_1664_/RESET_B                          1.50    1.74   -0.24 (VIOLATED)
_1665_/RESET_B                          1.50    1.74   -0.24 (VIOLATED)
_1666_/RESET_B                          1.50    1.74   -0.24 (VIOLATED)
_1667_/RESET_B                          1.50    1.74   -0.24 (VIOLATED)
_1668_/RESET_B                          1.50    1.74   -0.24 (VIOLATED)
_1669_/RESET_B                          1.50    1.74   -0.24 (VIOLATED)
_1670_/RESET_B                          1.50    1.74   -0.24 (VIOLATED)
_1671_/RESET_B                          1.50    1.74   -0.24 (VIOLATED)
_1672_/RESET_B                          1.50    1.74   -0.24 (VIOLATED)
_1673_/RESET_B                          1.50    1.74   -0.24 (VIOLATED)
_1674_/RESET_B                          1.50    1.74   -0.24 (VIOLATED)
_1675_/RESET_B                          1.50    1.74   -0.24 (VIOLATED)
_1676_/RESET_B                          1.50    1.74   -0.24 (VIOLATED)
_1677_/RESET_B                          1.50    1.74   -0.24 (VIOLATED)
_1678_/RESET_B                          1.50    1.74   -0.24 (VIOLATED)
_1679_/RESET_B                          1.50    1.74   -0.24 (VIOLATED)
_1680_/RESET_B                          1.50    1.74   -0.24 (VIOLATED)
_1681_/RESET_B                          1.50    1.74   -0.24 (VIOLATED)
_1682_/RESET_B                          1.50    1.74   -0.24 (VIOLATED)
_1683_/RESET_B                          1.50    1.74   -0.24 (VIOLATED)
_1684_/RESET_B                          1.50    1.74   -0.24 (VIOLATED)
_1685_/RESET_B                          1.50    1.74   -0.24 (VIOLATED)
_1686_/RESET_B                          1.50    1.74   -0.24 (VIOLATED)
_1687_/RESET_B                          1.50    1.74   -0.24 (VIOLATED)
_1688_/RESET_B                          1.50    1.74   -0.24 (VIOLATED)
_1689_/RESET_B                          1.50    1.74   -0.24 (VIOLATED)
_1691_/RESET_B                          1.50    1.74   -0.24 (VIOLATED)
_1692_/RESET_B                          1.50    1.74   -0.24 (VIOLATED)
_1693_/RESET_B                          1.50    1.74   -0.24 (VIOLATED)
_1694_/RESET_B                          1.50    1.74   -0.24 (VIOLATED)
_1695_/RESET_B                          1.50    1.74   -0.24 (VIOLATED)
_1696_/RESET_B                          1.50    1.74   -0.24 (VIOLATED)
_1697_/RESET_B                          1.50    1.74   -0.24 (VIOLATED)
_1698_/RESET_B                          1.50    1.74   -0.24 (VIOLATED)
_1699_/RESET_B                          1.50    1.74   -0.24 (VIOLATED)
_1700_/RESET_B                          1.50    1.74   -0.24 (VIOLATED)
_1701_/RESET_B                          1.50    1.74   -0.24 (VIOLATED)
_1702_/RESET_B                          1.50    1.74   -0.24 (VIOLATED)
_1703_/RESET_B                          1.50    1.74   -0.24 (VIOLATED)
_1704_/RESET_B                          1.50    1.74   -0.24 (VIOLATED)
_1705_/RESET_B                          1.50    1.74   -0.24 (VIOLATED)
_1706_/RESET_B                          1.50    1.74   -0.24 (VIOLATED)
_1707_/RESET_B                          1.50    1.74   -0.24 (VIOLATED)
_1708_/RESET_B                          1.50    1.74   -0.24 (VIOLATED)
_1709_/RESET_B                          1.50    1.74   -0.24 (VIOLATED)
_1710_/RESET_B                          1.50    1.74   -0.24 (VIOLATED)
_1711_/RESET_B                          1.50    1.74   -0.24 (VIOLATED)
_1712_/RESET_B                          1.50    1.74   -0.24 (VIOLATED)
_1713_/RESET_B                          1.50    1.74   -0.24 (VIOLATED)
_1714_/RESET_B                          1.50    1.74   -0.24 (VIOLATED)
_1628_/SET_B                            1.50    1.74   -0.24 (VIOLATED)
_1637_/SET_B                            1.50    1.74   -0.24 (VIOLATED)
_1690_/SET_B                            1.50    1.74   -0.24 (VIOLATED)

max fanout

Pin                                   Limit Fanout  Slack
---------------------------------------------------------
rst_n                                    10    105    -95 (VIOLATED)
clk_dig_in                               10     58    -48 (VIOLATED)
_1623_/Q                                 10     48    -38 (VIOLATED)
_1637_/Q                                 10     11        (VIOLATED)

max capacitance

Pin                                    Limit     Cap   Slack
------------------------------------------------------------
rst_n                                   0.33    0.39   -0.06 (VIOLATED)


===========================================================================
max slew violation count 106
max fanout violation count 4
max cap violation count 1
============================================================================
