
===========================================================================
report_checks -path_delay max (Setup)
============================================================================
Startpoint: _1639_ (rising edge-triggered flip-flop)
Endpoint: pmatrix_rowon_out_n[1] (output port clocked by clk_dig)
Path Group: clk_dig
Path Type: max

Fanout     Cap    Slew   Delay    Time   Description
-----------------------------------------------------------------------------
                  0.52    0.00    0.00 ^ _1639_/CLK (sky130_fd_sc_hd__dfrtp_2)
                  0.10    0.60    0.60 v _1639_/Q (sky130_fd_sc_hd__dfrtp_2)
     7    0.03                           cnb.shift_register_r[2] (net)
                  0.10    0.00    0.60 v _0783_/A (sky130_fd_sc_hd__or3_4)
                  0.07    0.42    1.02 v _0783_/X (sky130_fd_sc_hd__or3_4)
     1    0.00                           _0230_ (net)
                  0.07    0.01    1.02 v _0784_/A (sky130_fd_sc_hd__buf_6)
                  0.04    0.15    1.17 v _0784_/X (sky130_fd_sc_hd__buf_6)
    10    0.03                           _0231_ (net)
                  0.04    0.00    1.17 v _0798_/A (sky130_fd_sc_hd__or4_4)
                  0.08    0.54    1.71 v _0798_/X (sky130_fd_sc_hd__or4_4)
     1    0.00                           _0245_ (net)
                  0.08    0.00    1.71 v _0799_/A (sky130_fd_sc_hd__buf_2)
                  0.07    0.18    1.89 v _0799_/X (sky130_fd_sc_hd__buf_2)
    10    0.02                           _0246_ (net)
                  0.07    0.00    1.90 v _0858_/A1 (sky130_fd_sc_hd__o22a_2)
                  0.05    0.27    2.16 v _0858_/X (sky130_fd_sc_hd__o22a_2)
     3    0.01                           _0299_ (net)
                  0.05    0.00    2.16 v _0859_/C (sky130_fd_sc_hd__and3_4)
                  0.04    0.19    2.35 v _0859_/X (sky130_fd_sc_hd__and3_4)
     2    0.01                           _0300_ (net)
                  0.04    0.00    2.36 v _0901_/A (sky130_fd_sc_hd__or4_4)
                  0.09    0.56    2.91 v _0901_/X (sky130_fd_sc_hd__or4_4)
     2    0.01                           _0338_ (net)
                  0.09    0.01    2.92 v _0903_/A2 (sky130_fd_sc_hd__o21a_4)
                  0.07    0.26    3.18 v _0903_/X (sky130_fd_sc_hd__o21a_4)
     9    0.03                           _0340_ (net)
                  0.07    0.00    3.18 v _0981_/A1 (sky130_fd_sc_hd__o211a_2)
                  0.05    0.28    3.46 v _0981_/X (sky130_fd_sc_hd__o211a_2)
     2    0.00                           _0413_ (net)
                  0.05    0.00    3.47 v _1390_/A (sky130_fd_sc_hd__or3_4)
                  0.08    0.41    3.88 v _1390_/X (sky130_fd_sc_hd__or3_4)
     1    0.01                           _0720_ (net)
                  0.08    0.01    3.89 v _1391_/B (sky130_fd_sc_hd__xor2_2)
                  0.31    0.30    4.19 ^ _1391_/X (sky130_fd_sc_hd__xor2_2)
     6    0.02                           _0721_ (net)
                  0.31    0.00    4.19 ^ _1393_/A (sky130_fd_sc_hd__buf_4)
                  0.12    0.25    4.44 ^ _1393_/X (sky130_fd_sc_hd__buf_4)
    10    0.04                           _0722_ (net)
                  0.12    0.00    4.44 ^ _1415_/A (sky130_fd_sc_hd__and2_2)
                  0.04    0.16    4.60 ^ _1415_/X (sky130_fd_sc_hd__and2_2)
     1    0.00                           _0053_ (net)
                  0.04    0.00    4.60 ^ _1416_/A (sky130_fd_sc_hd__buf_1)
                  0.42    0.33    4.93 ^ _1416_/X (sky130_fd_sc_hd__buf_1)
     2    0.04                           pmatrix_row_out_n[2] (net)
                  0.42    0.00    4.93 ^ _1737_/A (sky130_fd_sc_hd__buf_2)
                  0.20    0.29    5.22 ^ _1737_/X (sky130_fd_sc_hd__buf_2)
     1    0.03                           pmatrix_rowon_out_n[1] (net)
                  0.20    0.00    5.22 ^ pmatrix_rowon_out_n[1] (out)
                                  5.22   data arrival time

                  0.00   20.00   20.00   clock clk_dig (rise edge)
                          0.00   20.00   clock network delay (ideal)
                         -0.25   19.75   clock uncertainty
                          0.00   19.75   clock reconvergence pessimism
                         -4.00   15.75   output external delay
                                 15.75   data required time
-----------------------------------------------------------------------------
                                 15.75   data required time
                                 -5.22   data arrival time
-----------------------------------------------------------------------------
                                 10.53   slack (MET)


Startpoint: _1639_ (rising edge-triggered flip-flop)
Endpoint: nmatrix_rowon_out_n[1] (output port clocked by clk_dig)
Path Group: clk_dig
Path Type: max

Fanout     Cap    Slew   Delay    Time   Description
-----------------------------------------------------------------------------
                  0.52    0.00    0.00 ^ _1639_/CLK (sky130_fd_sc_hd__dfrtp_2)
                  0.10    0.60    0.60 v _1639_/Q (sky130_fd_sc_hd__dfrtp_2)
     7    0.03                           cnb.shift_register_r[2] (net)
                  0.10    0.00    0.60 v _0783_/A (sky130_fd_sc_hd__or3_4)
                  0.07    0.42    1.02 v _0783_/X (sky130_fd_sc_hd__or3_4)
     1    0.00                           _0230_ (net)
                  0.07    0.01    1.02 v _0784_/A (sky130_fd_sc_hd__buf_6)
                  0.04    0.15    1.17 v _0784_/X (sky130_fd_sc_hd__buf_6)
    10    0.03                           _0231_ (net)
                  0.04    0.00    1.17 v _0798_/A (sky130_fd_sc_hd__or4_4)
                  0.08    0.54    1.71 v _0798_/X (sky130_fd_sc_hd__or4_4)
     1    0.00                           _0245_ (net)
                  0.08    0.00    1.71 v _0799_/A (sky130_fd_sc_hd__buf_2)
                  0.07    0.18    1.89 v _0799_/X (sky130_fd_sc_hd__buf_2)
    10    0.02                           _0246_ (net)
                  0.07    0.00    1.90 v _0858_/A1 (sky130_fd_sc_hd__o22a_2)
                  0.05    0.27    2.16 v _0858_/X (sky130_fd_sc_hd__o22a_2)
     3    0.01                           _0299_ (net)
                  0.05    0.00    2.16 v _0859_/C (sky130_fd_sc_hd__and3_4)
                  0.04    0.19    2.35 v _0859_/X (sky130_fd_sc_hd__and3_4)
     2    0.01                           _0300_ (net)
                  0.04    0.00    2.36 v _0901_/A (sky130_fd_sc_hd__or4_4)
                  0.09    0.56    2.91 v _0901_/X (sky130_fd_sc_hd__or4_4)
     2    0.01                           _0338_ (net)
                  0.09    0.01    2.92 v _0903_/A2 (sky130_fd_sc_hd__o21a_4)
                  0.07    0.26    3.18 v _0903_/X (sky130_fd_sc_hd__o21a_4)
     9    0.03                           _0340_ (net)
                  0.07    0.00    3.18 v _0981_/A1 (sky130_fd_sc_hd__o211a_2)
                  0.05    0.28    3.46 v _0981_/X (sky130_fd_sc_hd__o211a_2)
     2    0.00                           _0413_ (net)
                  0.05    0.00    3.47 v _1390_/A (sky130_fd_sc_hd__or3_4)
                  0.08    0.41    3.88 v _1390_/X (sky130_fd_sc_hd__or3_4)
     1    0.01                           _0720_ (net)
                  0.08    0.01    3.89 v _1391_/B (sky130_fd_sc_hd__xor2_2)
                  0.11    0.20    4.09 v _1391_/X (sky130_fd_sc_hd__xor2_2)
     6    0.02                           _0721_ (net)
                  0.11    0.00    4.09 v _1393_/A (sky130_fd_sc_hd__buf_4)
                  0.06    0.20    4.30 v _1393_/X (sky130_fd_sc_hd__buf_4)
    10    0.04                           _0722_ (net)
                  0.06    0.00    4.30 v _1394_/C (sky130_fd_sc_hd__nor3_2)
                  0.61    0.46    4.76 ^ _1394_/Y (sky130_fd_sc_hd__nor3_2)
     2    0.04                           nmatrix_row_out_n[2] (net)
                  0.61    0.00    4.77 ^ _1722_/A (sky130_fd_sc_hd__buf_2)
                  0.20    0.32    5.09 ^ _1722_/X (sky130_fd_sc_hd__buf_2)
     1    0.03                           nmatrix_rowon_out_n[1] (net)
                  0.20    0.00    5.09 ^ nmatrix_rowon_out_n[1] (out)
                                  5.09   data arrival time

                  0.00   20.00   20.00   clock clk_dig (rise edge)
                          0.00   20.00   clock network delay (ideal)
                         -0.25   19.75   clock uncertainty
                          0.00   19.75   clock reconvergence pessimism
                         -4.00   15.75   output external delay
                                 15.75   data required time
-----------------------------------------------------------------------------
                                 15.75   data required time
                                 -5.09   data arrival time
-----------------------------------------------------------------------------
                                 10.66   slack (MET)


Startpoint: _1639_ (rising edge-triggered flip-flop)
Endpoint: nmatrix_rowon_out_n[6] (output port clocked by clk_dig)
Path Group: clk_dig
Path Type: max

Fanout     Cap    Slew   Delay    Time   Description
-----------------------------------------------------------------------------
                  0.52    0.00    0.00 ^ _1639_/CLK (sky130_fd_sc_hd__dfrtp_2)
                  0.10    0.60    0.60 v _1639_/Q (sky130_fd_sc_hd__dfrtp_2)
     7    0.03                           cnb.shift_register_r[2] (net)
                  0.10    0.00    0.60 v _0783_/A (sky130_fd_sc_hd__or3_4)
                  0.07    0.42    1.02 v _0783_/X (sky130_fd_sc_hd__or3_4)
     1    0.00                           _0230_ (net)
                  0.07    0.01    1.02 v _0784_/A (sky130_fd_sc_hd__buf_6)
                  0.04    0.15    1.17 v _0784_/X (sky130_fd_sc_hd__buf_6)
    10    0.03                           _0231_ (net)
                  0.04    0.00    1.17 v _0798_/A (sky130_fd_sc_hd__or4_4)
                  0.08    0.54    1.71 v _0798_/X (sky130_fd_sc_hd__or4_4)
     1    0.00                           _0245_ (net)
                  0.08    0.00    1.71 v _0799_/A (sky130_fd_sc_hd__buf_2)
                  0.07    0.18    1.89 v _0799_/X (sky130_fd_sc_hd__buf_2)
    10    0.02                           _0246_ (net)
                  0.07    0.00    1.90 v _0858_/A1 (sky130_fd_sc_hd__o22a_2)
                  0.05    0.27    2.16 v _0858_/X (sky130_fd_sc_hd__o22a_2)
     3    0.01                           _0299_ (net)
                  0.05    0.00    2.16 v _0859_/C (sky130_fd_sc_hd__and3_4)
                  0.04    0.19    2.35 v _0859_/X (sky130_fd_sc_hd__and3_4)
     2    0.01                           _0300_ (net)
                  0.04    0.00    2.36 v _0901_/A (sky130_fd_sc_hd__or4_4)
                  0.09    0.56    2.91 v _0901_/X (sky130_fd_sc_hd__or4_4)
     2    0.01                           _0338_ (net)
                  0.09    0.01    2.92 v _0903_/A2 (sky130_fd_sc_hd__o21a_4)
                  0.07    0.26    3.18 v _0903_/X (sky130_fd_sc_hd__o21a_4)
     9    0.03                           _0340_ (net)
                  0.07    0.00    3.18 v _0981_/A1 (sky130_fd_sc_hd__o211a_2)
                  0.05    0.28    3.46 v _0981_/X (sky130_fd_sc_hd__o211a_2)
     2    0.00                           _0413_ (net)
                  0.05    0.00    3.47 v _1390_/A (sky130_fd_sc_hd__or3_4)
                  0.08    0.41    3.88 v _1390_/X (sky130_fd_sc_hd__or3_4)
     1    0.01                           _0720_ (net)
                  0.08    0.01    3.89 v _1391_/B (sky130_fd_sc_hd__xor2_2)
                  0.11    0.20    4.09 v _1391_/X (sky130_fd_sc_hd__xor2_2)
     6    0.02                           _0721_ (net)
                  0.11    0.00    4.09 v _1393_/A (sky130_fd_sc_hd__buf_4)
                  0.06    0.20    4.30 v _1393_/X (sky130_fd_sc_hd__buf_4)
    10    0.04                           _0722_ (net)
                  0.06    0.00    4.30 v _1402_/A3 (sky130_fd_sc_hd__a31oi_2)
                  0.50    0.45    4.76 ^ _1402_/Y (sky130_fd_sc_hd__a31oi_2)
     2    0.04                           nmatrix_row_out_n[7] (net)
                  0.50    0.00    4.76 ^ _1727_/A (sky130_fd_sc_hd__buf_2)
                  0.20    0.30    5.06 ^ _1727_/X (sky130_fd_sc_hd__buf_2)
     1    0.03                           nmatrix_rowon_out_n[6] (net)
                  0.20    0.00    5.06 ^ nmatrix_rowon_out_n[6] (out)
                                  5.06   data arrival time

                  0.00   20.00   20.00   clock clk_dig (rise edge)
                          0.00   20.00   clock network delay (ideal)
                         -0.25   19.75   clock uncertainty
                          0.00   19.75   clock reconvergence pessimism
                         -4.00   15.75   output external delay
                                 15.75   data required time
-----------------------------------------------------------------------------
                                 15.75   data required time
                                 -5.06   data arrival time
-----------------------------------------------------------------------------
                                 10.69   slack (MET)


Startpoint: _1639_ (rising edge-triggered flip-flop)
Endpoint: pmatrix_rowon_out_n[0] (output port clocked by clk_dig)
Path Group: clk_dig
Path Type: max

Fanout     Cap    Slew   Delay    Time   Description
-----------------------------------------------------------------------------
                  0.52    0.00    0.00 ^ _1639_/CLK (sky130_fd_sc_hd__dfrtp_2)
                  0.10    0.60    0.60 v _1639_/Q (sky130_fd_sc_hd__dfrtp_2)
     7    0.03                           cnb.shift_register_r[2] (net)
                  0.10    0.00    0.60 v _0783_/A (sky130_fd_sc_hd__or3_4)
                  0.07    0.42    1.02 v _0783_/X (sky130_fd_sc_hd__or3_4)
     1    0.00                           _0230_ (net)
                  0.07    0.01    1.02 v _0784_/A (sky130_fd_sc_hd__buf_6)
                  0.04    0.15    1.17 v _0784_/X (sky130_fd_sc_hd__buf_6)
    10    0.03                           _0231_ (net)
                  0.04    0.00    1.17 v _0798_/A (sky130_fd_sc_hd__or4_4)
                  0.08    0.54    1.71 v _0798_/X (sky130_fd_sc_hd__or4_4)
     1    0.00                           _0245_ (net)
                  0.08    0.00    1.71 v _0799_/A (sky130_fd_sc_hd__buf_2)
                  0.07    0.18    1.89 v _0799_/X (sky130_fd_sc_hd__buf_2)
    10    0.02                           _0246_ (net)
                  0.07    0.00    1.90 v _0858_/A1 (sky130_fd_sc_hd__o22a_2)
                  0.05    0.27    2.16 v _0858_/X (sky130_fd_sc_hd__o22a_2)
     3    0.01                           _0299_ (net)
                  0.05    0.00    2.16 v _0859_/C (sky130_fd_sc_hd__and3_4)
                  0.04    0.19    2.35 v _0859_/X (sky130_fd_sc_hd__and3_4)
     2    0.01                           _0300_ (net)
                  0.04    0.00    2.36 v _0901_/A (sky130_fd_sc_hd__or4_4)
                  0.09    0.56    2.91 v _0901_/X (sky130_fd_sc_hd__or4_4)
     2    0.01                           _0338_ (net)
                  0.09    0.01    2.92 v _0903_/A2 (sky130_fd_sc_hd__o21a_4)
                  0.07    0.26    3.18 v _0903_/X (sky130_fd_sc_hd__o21a_4)
     9    0.03                           _0340_ (net)
                  0.07    0.00    3.18 v _0981_/A1 (sky130_fd_sc_hd__o211a_2)
                  0.05    0.28    3.46 v _0981_/X (sky130_fd_sc_hd__o211a_2)
     2    0.00                           _0413_ (net)
                  0.05    0.00    3.47 v _1390_/A (sky130_fd_sc_hd__or3_4)
                  0.08    0.41    3.88 v _1390_/X (sky130_fd_sc_hd__or3_4)
     1    0.01                           _0720_ (net)
                  0.08    0.01    3.89 v _1391_/B (sky130_fd_sc_hd__xor2_2)
                  0.31    0.30    4.19 ^ _1391_/X (sky130_fd_sc_hd__xor2_2)
     6    0.02                           _0721_ (net)
                  0.31    0.00    4.19 ^ _1393_/A (sky130_fd_sc_hd__buf_4)
                  0.12    0.25    4.44 ^ _1393_/X (sky130_fd_sc_hd__buf_4)
    10    0.04                           _0722_ (net)
                  0.12    0.00    4.44 ^ _1413_/B (sky130_fd_sc_hd__and3_2)
                  0.04    0.19    4.63 ^ _1413_/X (sky130_fd_sc_hd__and3_2)
     1    0.00                           _0052_ (net)
                  0.04    0.00    4.63 ^ _1414_/A (sky130_fd_sc_hd__buf_2)
                  0.18    0.18    4.82 ^ _1414_/X (sky130_fd_sc_hd__buf_2)
     2    0.04                           pmatrix_row_out_n[1] (net)
                  0.18    0.00    4.82 ^ _1736_/A (sky130_fd_sc_hd__buf_2)
                  0.20    0.24    5.06 ^ _1736_/X (sky130_fd_sc_hd__buf_2)
     1    0.03                           pmatrix_rowon_out_n[0] (net)
                  0.20    0.00    5.06 ^ pmatrix_rowon_out_n[0] (out)
                                  5.06   data arrival time

                  0.00   20.00   20.00   clock clk_dig (rise edge)
                          0.00   20.00   clock network delay (ideal)
                         -0.25   19.75   clock uncertainty
                          0.00   19.75   clock reconvergence pessimism
                         -4.00   15.75   output external delay
                                 15.75   data required time
-----------------------------------------------------------------------------
                                 15.75   data required time
                                 -5.06   data arrival time
-----------------------------------------------------------------------------
                                 10.69   slack (MET)


Startpoint: _1639_ (rising edge-triggered flip-flop)
Endpoint: nmatrix_rowon_out_n[2] (output port clocked by clk_dig)
Path Group: clk_dig
Path Type: max

Fanout     Cap    Slew   Delay    Time   Description
-----------------------------------------------------------------------------
                  0.52    0.00    0.00 ^ _1639_/CLK (sky130_fd_sc_hd__dfrtp_2)
                  0.10    0.60    0.60 v _1639_/Q (sky130_fd_sc_hd__dfrtp_2)
     7    0.03                           cnb.shift_register_r[2] (net)
                  0.10    0.00    0.60 v _0783_/A (sky130_fd_sc_hd__or3_4)
                  0.07    0.42    1.02 v _0783_/X (sky130_fd_sc_hd__or3_4)
     1    0.00                           _0230_ (net)
                  0.07    0.01    1.02 v _0784_/A (sky130_fd_sc_hd__buf_6)
                  0.04    0.15    1.17 v _0784_/X (sky130_fd_sc_hd__buf_6)
    10    0.03                           _0231_ (net)
                  0.04    0.00    1.17 v _0798_/A (sky130_fd_sc_hd__or4_4)
                  0.08    0.54    1.71 v _0798_/X (sky130_fd_sc_hd__or4_4)
     1    0.00                           _0245_ (net)
                  0.08    0.00    1.71 v _0799_/A (sky130_fd_sc_hd__buf_2)
                  0.07    0.18    1.89 v _0799_/X (sky130_fd_sc_hd__buf_2)
    10    0.02                           _0246_ (net)
                  0.07    0.00    1.90 v _0858_/A1 (sky130_fd_sc_hd__o22a_2)
                  0.05    0.27    2.16 v _0858_/X (sky130_fd_sc_hd__o22a_2)
     3    0.01                           _0299_ (net)
                  0.05    0.00    2.16 v _0859_/C (sky130_fd_sc_hd__and3_4)
                  0.04    0.19    2.35 v _0859_/X (sky130_fd_sc_hd__and3_4)
     2    0.01                           _0300_ (net)
                  0.04    0.00    2.36 v _0901_/A (sky130_fd_sc_hd__or4_4)
                  0.09    0.56    2.91 v _0901_/X (sky130_fd_sc_hd__or4_4)
     2    0.01                           _0338_ (net)
                  0.09    0.01    2.92 v _0903_/A2 (sky130_fd_sc_hd__o21a_4)
                  0.07    0.26    3.18 v _0903_/X (sky130_fd_sc_hd__o21a_4)
     9    0.03                           _0340_ (net)
                  0.07    0.00    3.18 v _0981_/A1 (sky130_fd_sc_hd__o211a_2)
                  0.05    0.28    3.46 v _0981_/X (sky130_fd_sc_hd__o211a_2)
     2    0.00                           _0413_ (net)
                  0.05    0.00    3.47 v _1390_/A (sky130_fd_sc_hd__or3_4)
                  0.08    0.41    3.88 v _1390_/X (sky130_fd_sc_hd__or3_4)
     1    0.01                           _0720_ (net)
                  0.08    0.01    3.89 v _1391_/B (sky130_fd_sc_hd__xor2_2)
                  0.11    0.20    4.09 v _1391_/X (sky130_fd_sc_hd__xor2_2)
     6    0.02                           _0721_ (net)
                  0.11    0.00    4.09 v _1395_/A2 (sky130_fd_sc_hd__a211oi_2)
                  0.64    0.61    4.70 ^ _1395_/Y (sky130_fd_sc_hd__a211oi_2)
     2    0.04                           nmatrix_row_out_n[3] (net)
                  0.64    0.00    4.70 ^ _1723_/A (sky130_fd_sc_hd__buf_2)
                  0.20    0.33    5.03 ^ _1723_/X (sky130_fd_sc_hd__buf_2)
     1    0.03                           nmatrix_rowon_out_n[2] (net)
                  0.20    0.00    5.03 ^ nmatrix_rowon_out_n[2] (out)
                                  5.03   data arrival time

                  0.00   20.00   20.00   clock clk_dig (rise edge)
                          0.00   20.00   clock network delay (ideal)
                         -0.25   19.75   clock uncertainty
                          0.00   19.75   clock reconvergence pessimism
                         -4.00   15.75   output external delay
                                 15.75   data required time
-----------------------------------------------------------------------------
                                 15.75   data required time
                                 -5.03   data arrival time
-----------------------------------------------------------------------------
                                 10.72   slack (MET)


