OpenROAD v2.0-4818-g4174c3ad8 
This program is licensed under the BSD-3 license. See the LICENSE file for details.
Components of this program may be licensed under more restrictive licenses which must be honored.
[INFO ODB-0222] Reading LEF file: /foss/designs/SKY130_SAR-ADC/openlane/adc_clkgen_with_edgedetect/runs/kaiserschmarrn/tmp/merged.nom.lef
[WARNING ODB-0220] WARNING (LEFPARS-2036): SOURCE statement is obsolete in version 5.6 and later.
The LEF parser will ignore this statement.
To avoid this warning in the future, remove this statement from the LEF file with version 5.6 or later. See file /foss/designs/SKY130_SAR-ADC/openlane/adc_clkgen_with_edgedetect/runs/kaiserschmarrn/tmp/merged.nom.lef at line 930.

[INFO ODB-0223]     Created 13 technology layers
[INFO ODB-0224]     Created 25 technology vias
[INFO ODB-0225]     Created 442 library cells
[INFO ODB-0226] Finished LEF file:  /foss/designs/SKY130_SAR-ADC/openlane/adc_clkgen_with_edgedetect/runs/kaiserschmarrn/tmp/merged.nom.lef
[INFO ODB-0127] Reading DEF file: /foss/designs/SKY130_SAR-ADC/openlane/adc_clkgen_with_edgedetect/runs/kaiserschmarrn/tmp/floorplan/4-io.def
[INFO ODB-0128] Design: adc_clkgen_with_edgedetect
[INFO ODB-0130]     Created 35 pins.
[INFO ODB-0131]     Created 594 components and 4182 component-terminals.
[INFO ODB-0133]     Created 623 nets and 1806 connections.
[INFO ODB-0134] Finished DEF file: /foss/designs/SKY130_SAR-ADC/openlane/adc_clkgen_with_edgedetect/runs/kaiserschmarrn/tmp/floorplan/4-io.def
[INFO]: Setting RC values...
[INFO]: Setting signal min routing layer to: met1 and clock min routing layer to met1. 
[INFO]: Setting signal max routing layer to: met4 and clock max routing layer to met4. 
[INFO GPL-0002] DBU: 1000
[INFO GPL-0003] SiteSize: 460 2720
[INFO GPL-0004] CoreAreaLxLy: 4140 2720
[INFO GPL-0005] CoreAreaUxUy: 179860 73440
[INFO GPL-0006] NumInstances: 594
[INFO GPL-0007] NumPlaceInstances: 594
[INFO GPL-0008] NumFixedInstances: 0
[INFO GPL-0009] NumDummyInstances: 0
[INFO GPL-0010] NumNets: 623
[INFO GPL-0011] NumPins: 1841
[INFO GPL-0012] DieAreaLxLy: 0 0
[INFO GPL-0013] DieAreaUxUy: 184000 78000
[INFO GPL-0014] CoreAreaLxLy: 4140 2720
[INFO GPL-0015] CoreAreaUxUy: 179860 73440
[INFO GPL-0016] CoreArea: 12426918400
[INFO GPL-0017] NonPlaceInstsArea: 0
[INFO GPL-0018] PlaceInstsArea: 6770243200
[INFO GPL-0019] Util(%): 54.48
[INFO GPL-0020] StdInstsArea: 6770243200
[INFO GPL-0021] MacroInstsArea: 0
[InitialPlace]  Iter: 1 CG residual: 0.00000006 HPWL: 7924420
[InitialPlace]  Iter: 2 CG residual: 0.00000010 HPWL: 7327090
[InitialPlace]  Iter: 3 CG residual: 0.00000010 HPWL: 7080856
[InitialPlace]  Iter: 4 CG residual: 0.00000011 HPWL: 7100300
[InitialPlace]  Iter: 5 CG residual: 0.00000012 HPWL: 7099589
[INFO GPL-0031] FillerInit: NumGCells: 832
[INFO GPL-0032] FillerInit: NumGNets: 623
[INFO GPL-0033] FillerInit: NumGPins: 1841
[INFO GPL-0023] TargetDensity: 0.75
[INFO GPL-0024] AveragePlaceInstArea: 11397715
[INFO GPL-0025] IdealBinArea: 15196953
[INFO GPL-0026] IdealBinCnt: 817
[INFO GPL-0027] TotalBinArea: 12426918400
[INFO GPL-0028] BinCnt: 16 16
[INFO GPL-0029] BinSize: 10983 4420
[INFO GPL-0030] NumBins: 256
[NesterovSolve] Iter: 1 overflow: 0.938389 HPWL: 2881834
[NesterovSolve] Iter: 10 overflow: 0.907337 HPWL: 3286000
[NesterovSolve] Iter: 20 overflow: 0.89021 HPWL: 3431067
[NesterovSolve] Iter: 30 overflow: 0.886861 HPWL: 3454044
[NesterovSolve] Iter: 40 overflow: 0.88291 HPWL: 3456685
[NesterovSolve] Iter: 50 overflow: 0.880633 HPWL: 3469374
[NesterovSolve] Iter: 60 overflow: 0.881414 HPWL: 3467950
[NesterovSolve] Iter: 70 overflow: 0.883781 HPWL: 3456693
[NesterovSolve] Iter: 80 overflow: 0.884917 HPWL: 3451246
[NesterovSolve] Iter: 90 overflow: 0.88438 HPWL: 3454616
[NesterovSolve] Iter: 100 overflow: 0.882666 HPWL: 3461585
[NesterovSolve] Iter: 110 overflow: 0.879953 HPWL: 3469013
[NesterovSolve] Iter: 120 overflow: 0.876535 HPWL: 3478226
[NesterovSolve] Iter: 130 overflow: 0.872303 HPWL: 3490781
[NesterovSolve] Iter: 140 overflow: 0.865184 HPWL: 3510951
[NesterovSolve] Iter: 150 overflow: 0.85985 HPWL: 3544968
[NesterovSolve] Iter: 160 overflow: 0.851846 HPWL: 3596503
[NesterovSolve] Iter: 170 overflow: 0.842383 HPWL: 3668719
[NesterovSolve] Iter: 180 overflow: 0.816766 HPWL: 3763927
[NesterovSolve] Iter: 190 overflow: 0.80862 HPWL: 3892619
[NesterovSolve] Iter: 200 overflow: 0.793895 HPWL: 4083360
[INFO GPL-0100] worst slack 0.0006
[INFO GPL-0103] Weighted 60 nets.
[NesterovSolve] Iter: 210 overflow: 0.76375 HPWL: 4280458
[NesterovSolve] Iter: 220 overflow: 0.746837 HPWL: 4570898
[NesterovSolve] Iter: 230 overflow: 0.710218 HPWL: 4811944
[NesterovSolve] Iter: 240 overflow: 0.695149 HPWL: 5084858
[NesterovSolve] Iter: 250 overflow: 0.656617 HPWL: 5341833
[INFO GPL-0100] worst slack 0.0006
[INFO GPL-0103] Weighted 60 nets.
[NesterovSolve] Iter: 260 overflow: 0.615148 HPWL: 5618687
[NesterovSolve] Snapshot saved at iter = 265
[NesterovSolve] Iter: 270 overflow: 0.571721 HPWL: 5872424
[NesterovSolve] Iter: 280 overflow: 0.525667 HPWL: 6141152
[INFO GPL-0100] worst slack 0.0006
[INFO GPL-0103] Weighted 60 nets.
[NesterovSolve] Iter: 290 overflow: 0.471557 HPWL: 6438235
[NesterovSolve] Iter: 300 overflow: 0.422221 HPWL: 6642738
[NesterovSolve] Iter: 310 overflow: 0.380848 HPWL: 6923084
[NesterovSolve] Iter: 320 overflow: 0.340911 HPWL: 7164292
[NesterovSolve] Iter: 330 overflow: 0.309156 HPWL: 7313524
[INFO GPL-0100] worst slack 0.0006
[INFO GPL-0103] Weighted 60 nets.
[NesterovSolve] Iter: 340 overflow: 0.275157 HPWL: 7490210
[NesterovSolve] Iter: 350 overflow: 0.239966 HPWL: 7637753
[NesterovSolve] Iter: 360 overflow: 0.20179 HPWL: 7781747
[INFO GPL-0100] worst slack 0.0006
[INFO GPL-0103] Weighted 60 nets.
[INFO GPL-0075] Routability numCall: 1 inflationIterCnt: 1 bloatIterCnt: 0
[INFO GPL-0036] TileLxLy: 0 0
[INFO GPL-0037] TileSize: 6900 6900
[INFO GPL-0038] TileCnt: 26 11
[INFO GPL-0039] numRoutingLayers: 6
[INFO GPL-0040] NumTiles: 286
[INFO GPL-0063] TotalRouteOverflowH2: 0
[INFO GPL-0064] TotalRouteOverflowV2: 0
[INFO GPL-0065] OverflowTileCnt2: 0
[INFO GPL-0066] 0.5%RC: 1
[INFO GPL-0067] 1.0%RC: 1
[INFO GPL-0068] 2.0%RC: 1
[INFO GPL-0069] 5.0%RC: 0.978846148802684
[INFO GPL-0070] 0.5rcK: 1
[INFO GPL-0071] 1.0rcK: 1
[INFO GPL-0072] 2.0rcK: 0
[INFO GPL-0073] 5.0rcK: 0
[INFO GPL-0074] FinalRC: 1
[NesterovSolve] Iter: 370 overflow: 0.171434 HPWL: 7976388
[NesterovSolve] Iter: 380 overflow: 0.150237 HPWL: 8186479
[INFO GPL-0100] worst slack 0.0006
[INFO GPL-0103] Weighted 60 nets.
[NesterovSolve] Iter: 390 overflow: 0.128733 HPWL: 8308936
[NesterovSolve] Iter: 400 overflow: 0.101416 HPWL: 8406257
[NesterovSolve] Finished with Overflow: 0.095405
[INFO]: Setting RC values...
min_report

===========================================================================
report_checks -path_delay min (Hold)
============================================================================
Startpoint: nsample_n (input port clocked by __VIRTUAL_CLK__)
Endpoint: nsample_n_buf (output port clocked by __VIRTUAL_CLK__)
Path Group: __VIRTUAL_CLK__
Path Type: min

Fanout     Cap    Slew   Delay    Time   Description
-----------------------------------------------------------------------------
                  0.00    0.00    0.00   clock __VIRTUAL_CLK__ (rise edge)
                          0.00    0.00   clock network delay (ideal)
                       200000.00 200000.00 ^ input external delay
                  0.05    0.03 200000.03 ^ nsample_n (in)
     1    0.01                           nsample_n (net)
                  0.05    0.00 200000.03 ^ outbuf_6/A (sky130_fd_sc_hd__buf_4)
                  0.10    0.15 200000.17 ^ outbuf_6/X (sky130_fd_sc_hd__buf_4)
     1    0.03                           nsample_n_buf (net)
                  0.10    0.00 200000.17 ^ nsample_n_buf (out)
                               200000.17   data arrival time

                  0.00    0.00    0.00   clock __VIRTUAL_CLK__ (rise edge)
                          0.00    0.00   clock network delay (ideal)
                          0.25    0.25   clock uncertainty
                          0.00    0.25   clock reconvergence pessimism
                       -200000.00 -199999.75   output external delay
                               -199999.75   data required time
-----------------------------------------------------------------------------
                               -199999.75   data required time
                               -200000.17   data arrival time
-----------------------------------------------------------------------------
                               399999.91   slack (MET)


Startpoint: nsample_p (input port clocked by __VIRTUAL_CLK__)
Endpoint: nsample_p_buf (output port clocked by __VIRTUAL_CLK__)
Path Group: __VIRTUAL_CLK__
Path Type: min

Fanout     Cap    Slew   Delay    Time   Description
-----------------------------------------------------------------------------
                  0.00    0.00    0.00   clock __VIRTUAL_CLK__ (rise edge)
                          0.00    0.00   clock network delay (ideal)
                       200000.00 200000.00 ^ input external delay
                  0.05    0.03 200000.03 ^ nsample_p (in)
     1    0.01                           nsample_p (net)
                  0.05    0.00 200000.03 ^ outbuf_5/A (sky130_fd_sc_hd__buf_4)
                  0.10    0.15 200000.17 ^ outbuf_5/X (sky130_fd_sc_hd__buf_4)
     1    0.03                           nsample_p_buf (net)
                  0.10    0.00 200000.17 ^ nsample_p_buf (out)
                               200000.17   data arrival time

                  0.00    0.00    0.00   clock __VIRTUAL_CLK__ (rise edge)
                          0.00    0.00   clock network delay (ideal)
                          0.25    0.25   clock uncertainty
                          0.00    0.25   clock reconvergence pessimism
                       -200000.00 -199999.75   output external delay
                               -199999.75   data required time
-----------------------------------------------------------------------------
                               -199999.75   data required time
                               -200000.17   data arrival time
-----------------------------------------------------------------------------
                               399999.91   slack (MET)


Startpoint: sample_n (input port clocked by __VIRTUAL_CLK__)
Endpoint: sample_n_buf (output port clocked by __VIRTUAL_CLK__)
Path Group: __VIRTUAL_CLK__
Path Type: min

Fanout     Cap    Slew   Delay    Time   Description
-----------------------------------------------------------------------------
                  0.00    0.00    0.00   clock __VIRTUAL_CLK__ (rise edge)
                          0.00    0.00   clock network delay (ideal)
                       200000.00 200000.00 ^ input external delay
                  0.05    0.03 200000.03 ^ sample_n (in)
     1    0.01                           sample_n (net)
                  0.05    0.00 200000.03 ^ outbuf_4/A (sky130_fd_sc_hd__buf_4)
                  0.10    0.15 200000.17 ^ outbuf_4/X (sky130_fd_sc_hd__buf_4)
     1    0.03                           sample_n_buf (net)
                  0.10    0.00 200000.17 ^ sample_n_buf (out)
                               200000.17   data arrival time

                  0.00    0.00    0.00   clock __VIRTUAL_CLK__ (rise edge)
                          0.00    0.00   clock network delay (ideal)
                          0.25    0.25   clock uncertainty
                          0.00    0.25   clock reconvergence pessimism
                       -200000.00 -199999.75   output external delay
                               -199999.75   data required time
-----------------------------------------------------------------------------
                               -199999.75   data required time
                               -200000.17   data arrival time
-----------------------------------------------------------------------------
                               399999.91   slack (MET)


Startpoint: sample_p (input port clocked by __VIRTUAL_CLK__)
Endpoint: sample_p_buf (output port clocked by __VIRTUAL_CLK__)
Path Group: __VIRTUAL_CLK__
Path Type: min

Fanout     Cap    Slew   Delay    Time   Description
-----------------------------------------------------------------------------
                  0.00    0.00    0.00   clock __VIRTUAL_CLK__ (rise edge)
                          0.00    0.00   clock network delay (ideal)
                       200000.00 200000.00 ^ input external delay
                  0.05    0.03 200000.03 ^ sample_p (in)
     1    0.01                           sample_p (net)
                  0.05    0.00 200000.03 ^ outbuf_3/A (sky130_fd_sc_hd__buf_4)
                  0.10    0.15 200000.17 ^ outbuf_3/X (sky130_fd_sc_hd__buf_4)
     1    0.03                           sample_p_buf (net)
                  0.10    0.00 200000.17 ^ sample_p_buf (out)
                               200000.17   data arrival time

                  0.00    0.00    0.00   clock __VIRTUAL_CLK__ (rise edge)
                          0.00    0.00   clock network delay (ideal)
                          0.25    0.25   clock uncertainty
                          0.00    0.25   clock reconvergence pessimism
                       -200000.00 -199999.75   output external delay
                               -199999.75   data required time
-----------------------------------------------------------------------------
                               -199999.75   data required time
                               -200000.17   data arrival time
-----------------------------------------------------------------------------
                               399999.91   slack (MET)


Startpoint: dlycontrol3[2] (input port clocked by __VIRTUAL_CLK__)
Endpoint: clk_comp (output port clocked by __VIRTUAL_CLK__)
Path Group: __VIRTUAL_CLK__
Path Type: min

Fanout     Cap    Slew   Delay    Time   Description
-----------------------------------------------------------------------------
                  0.00    0.00    0.00   clock __VIRTUAL_CLK__ (rise edge)
                          0.00    0.00   clock network delay (ideal)
                       200000.00 200000.00 v input external delay
                  0.08    0.06 200000.06 v dlycontrol3[2] (in)
    10    0.04                           dlycontrol3[2] (net)
                  0.08    0.00 200000.06 v _324_/B (sky130_fd_sc_hd__nor2_2)
                  0.10    0.10 200000.16 ^ _324_/Y (sky130_fd_sc_hd__nor2_2)
     2    0.01                           _145_ (net)
                  0.10    0.00 200000.16 ^ _328_/B (sky130_fd_sc_hd__or2_2)
                  0.03    0.12 200000.28 ^ _328_/X (sky130_fd_sc_hd__or2_2)
     1    0.00                           _147_ (net)
                  0.03    0.00 200000.28 ^ _329_/A (sky130_fd_sc_hd__buf_1)
                  0.11    0.12 200000.39 ^ _329_/X (sky130_fd_sc_hd__buf_1)
     2    0.01                           clkgen.delay_100ns_3._bypass_[19] (net)
                  0.11    0.00 200000.39 ^ clkgen.delay_100ns_3.genblk1[19].mux1/S (sky130_fd_sc_hd__mux2_1)
                  0.05    0.12 200000.52 ^ clkgen.delay_100ns_3.genblk1[19].mux1/X (sky130_fd_sc_hd__mux2_1)
     1    0.00                           clkgen.clk_comp (net)
                  0.05    0.00 200000.52 ^ outbuf_2/A (sky130_fd_sc_hd__buf_4)
                  0.10    0.15 200000.66 ^ outbuf_2/X (sky130_fd_sc_hd__buf_4)
     1    0.03                           clk_comp (net)
                  0.10    0.00 200000.66 ^ clk_comp (out)
                               200000.66   data arrival time

                  0.00    0.00    0.00   clock __VIRTUAL_CLK__ (rise edge)
                          0.00    0.00   clock network delay (ideal)
                          0.25    0.25   clock uncertainty
                          0.00    0.25   clock reconvergence pessimism
                       -200000.00 -199999.75   output external delay
                               -199999.75   data required time
-----------------------------------------------------------------------------
                               -199999.75   data required time
                               -200000.66   data arrival time
-----------------------------------------------------------------------------
                               400000.41   slack (MET)


min_report_end
max_report

===========================================================================
report_checks -path_delay max (Setup)
============================================================================
Startpoint: dlycontrol4[3] (input port clocked by __VIRTUAL_CLK__)
Endpoint: clk_comp (output port clocked by __VIRTUAL_CLK__)
Path Group: __VIRTUAL_CLK__
Path Type: max

Fanout     Cap    Slew   Delay    Time   Description
-----------------------------------------------------------------------------
                  0.00    0.00    0.00   clock __VIRTUAL_CLK__ (rise edge)
                          0.00    0.00   clock network delay (ideal)
                       200000.00 200000.00 v input external delay
                  0.03    0.01 200000.02 v dlycontrol4[3] (in)
     3    0.01                           dlycontrol4[3] (net)
                  0.03    0.00 200000.02 v _186_/A (sky130_fd_sc_hd__buf_1)
                  0.15    0.19 200000.20 v _186_/X (sky130_fd_sc_hd__buf_1)
    10    0.03                           _103_ (net)
                  0.15    0.00 200000.20 v _187_/A (sky130_fd_sc_hd__or2_2)
                  0.06    0.35 200000.55 v _187_/X (sky130_fd_sc_hd__or2_2)
     2    0.00                           _104_ (net)
                  0.06    0.00 200000.55 v _189_/A2 (sky130_fd_sc_hd__a21o_2)
                  0.03    0.22 200000.77 v _189_/X (sky130_fd_sc_hd__a21o_2)
     1    0.00                           _106_ (net)
                  0.03    0.00 200000.77 v _190_/A (sky130_fd_sc_hd__buf_1)
                  0.09    0.15 200000.92 v _190_/X (sky130_fd_sc_hd__buf_1)
     4    0.01                           _063_ (net)
                  0.09    0.00 200000.92 v _191_/B1 (sky130_fd_sc_hd__a21oi_2)
                  0.10    0.12 200001.03 ^ _191_/Y (sky130_fd_sc_hd__a21oi_2)
     1    0.00                           edgedetect.dly200cell._bypass_[0] (net)
                  0.10    0.00 200001.03 ^ edgedetect.dly200cell.genblk1[0].mux1/S (sky130_fd_sc_hd__mux2_1)
                  0.06    0.35 200001.39 v edgedetect.dly200cell.genblk1[0].mux1/X (sky130_fd_sc_hd__mux2_1)
     2    0.00                           edgedetect.dly200cell._siga_[1] (net)
                  0.06    0.00 200001.39 v edgedetect.dly200cell.genblk1[1].mux1/A1 (sky130_fd_sc_hd__mux2_1)
                  0.07    0.32 200001.70 v edgedetect.dly200cell.genblk1[1].mux1/X (sky130_fd_sc_hd__mux2_1)
     2    0.01                           edgedetect.dly200cell._siga_[2] (net)
                  0.07    0.00 200001.70 v edgedetect.dly200cell.genblk1[2].mux1/A1 (sky130_fd_sc_hd__mux2_1)
                  0.06    0.32 200002.02 v edgedetect.dly200cell.genblk1[2].mux1/X (sky130_fd_sc_hd__mux2_1)
     2    0.00                           edgedetect.dly200cell._siga_[3] (net)
                  0.06    0.00 200002.02 v edgedetect.dly200cell.genblk1[3].mux1/A1 (sky130_fd_sc_hd__mux2_1)
                  0.07    0.32 200002.34 v edgedetect.dly200cell.genblk1[3].mux1/X (sky130_fd_sc_hd__mux2_1)
     2    0.00                           edgedetect.dly200cell._siga_[4] (net)
                  0.07    0.00 200002.34 v edgedetect.dly200cell.genblk1[4].mux1/A1 (sky130_fd_sc_hd__mux2_1)
                  0.06    0.32 200002.66 v edgedetect.dly200cell.genblk1[4].mux1/X (sky130_fd_sc_hd__mux2_1)
     2    0.00                           edgedetect.dly200cell._siga_[5] (net)
                  0.06    0.00 200002.66 v edgedetect.dly200cell.genblk1[5].mux1/A1 (sky130_fd_sc_hd__mux2_1)
                  0.06    0.32 200002.98 v edgedetect.dly200cell.genblk1[5].mux1/X (sky130_fd_sc_hd__mux2_1)
     2    0.00                           edgedetect.dly200cell._siga_[6] (net)
                  0.06    0.00 200002.98 v edgedetect.dly200cell.genblk1[6].mux1/A1 (sky130_fd_sc_hd__mux2_1)
                  0.06    0.32 200003.30 v edgedetect.dly200cell.genblk1[6].mux1/X (sky130_fd_sc_hd__mux2_1)
     2    0.00                           edgedetect.dly200cell._siga_[7] (net)
                  0.06    0.00 200003.30 v edgedetect.dly200cell.genblk1[7].mux1/A1 (sky130_fd_sc_hd__mux2_1)
                  0.06    0.32 200003.62 v edgedetect.dly200cell.genblk1[7].mux1/X (sky130_fd_sc_hd__mux2_1)
     2    0.00                           edgedetect.dly200cell._siga_[8] (net)
                  0.06    0.00 200003.62 v edgedetect.dly200cell.genblk1[8].mux1/A1 (sky130_fd_sc_hd__mux2_1)
                  0.06    0.32 200003.94 v edgedetect.dly200cell.genblk1[8].mux1/X (sky130_fd_sc_hd__mux2_1)
     2    0.00                           edgedetect.dly200cell._siga_[9] (net)
                  0.06    0.00 200003.94 v edgedetect.dly200cell.genblk1[9].mux1/A1 (sky130_fd_sc_hd__mux2_1)
                  0.06    0.32 200004.27 v edgedetect.dly200cell.genblk1[9].mux1/X (sky130_fd_sc_hd__mux2_1)
     2    0.00                           edgedetect.dly200cell._siga_[10] (net)
                  0.06    0.00 200004.27 v edgedetect.dly200cell.genblk1[10].mux1/A1 (sky130_fd_sc_hd__mux2_1)
                  0.06    0.32 200004.58 v edgedetect.dly200cell.genblk1[10].mux1/X (sky130_fd_sc_hd__mux2_1)
     2    0.00                           edgedetect.dly200cell._siga_[11] (net)
                  0.06    0.00 200004.58 v edgedetect.dly200cell.genblk1[11].mux1/A1 (sky130_fd_sc_hd__mux2_1)
                  0.06    0.32 200004.91 v edgedetect.dly200cell.genblk1[11].mux1/X (sky130_fd_sc_hd__mux2_1)
     2    0.00                           edgedetect.dly200cell._siga_[12] (net)
                  0.06    0.00 200004.91 v edgedetect.dly200cell.genblk1[12].mux1/A1 (sky130_fd_sc_hd__mux2_1)
                  0.06    0.32 200005.22 v edgedetect.dly200cell.genblk1[12].mux1/X (sky130_fd_sc_hd__mux2_1)
     2    0.00                           edgedetect.dly200cell._siga_[13] (net)
                  0.06    0.00 200005.22 v edgedetect.dly200cell.genblk1[13].mux1/A1 (sky130_fd_sc_hd__mux2_1)
                  0.06    0.32 200005.55 v edgedetect.dly200cell.genblk1[13].mux1/X (sky130_fd_sc_hd__mux2_1)
     2    0.00                           edgedetect.dly200cell._siga_[14] (net)
                  0.06    0.00 200005.55 v edgedetect.dly200cell.genblk1[14].mux1/A1 (sky130_fd_sc_hd__mux2_1)
                  0.06    0.32 200005.86 v edgedetect.dly200cell.genblk1[14].mux1/X (sky130_fd_sc_hd__mux2_1)
     2    0.00                           edgedetect.dly200cell._siga_[15] (net)
                  0.06    0.00 200005.86 v edgedetect.dly200cell.genblk1[15].mux1/A1 (sky130_fd_sc_hd__mux2_1)
                  0.09    0.35 200006.22 v edgedetect.dly200cell.genblk1[15].mux1/X (sky130_fd_sc_hd__mux2_1)
     2    0.01                           edgedetect.dly200cell._siga_[16] (net)
                  0.09    0.00 200006.22 v edgedetect.dly200cell.genblk1[16].mux1/A1 (sky130_fd_sc_hd__mux2_1)
                  0.06    0.32 200006.53 v edgedetect.dly200cell.genblk1[16].mux1/X (sky130_fd_sc_hd__mux2_1)
     2    0.00                           edgedetect.dly200cell._siga_[17] (net)
                  0.06    0.00 200006.53 v edgedetect.dly200cell.genblk1[17].mux1/A1 (sky130_fd_sc_hd__mux2_1)
                  0.06    0.32 200006.86 v edgedetect.dly200cell.genblk1[17].mux1/X (sky130_fd_sc_hd__mux2_1)
     2    0.00                           edgedetect.dly200cell._siga_[18] (net)
                  0.06    0.00 200006.86 v edgedetect.dly200cell.genblk1[18].mux1/A1 (sky130_fd_sc_hd__mux2_1)
                  0.07    0.32 200007.17 v edgedetect.dly200cell.genblk1[18].mux1/X (sky130_fd_sc_hd__mux2_1)
     2    0.01                           edgedetect.dly200cell._siga_[19] (net)
                  0.07    0.00 200007.17 v edgedetect.dly200cell.genblk1[19].mux1/A1 (sky130_fd_sc_hd__mux2_1)
                  0.06    0.32 200007.50 v edgedetect.dly200cell.genblk1[19].mux1/X (sky130_fd_sc_hd__mux2_1)
     2    0.00                           edgedetect.dly200cell._siga_[20] (net)
                  0.06    0.00 200007.50 v edgedetect.dly200cell.genblk1[20].mux1/A1 (sky130_fd_sc_hd__mux2_1)
                  0.06    0.32 200007.81 v edgedetect.dly200cell.genblk1[20].mux1/X (sky130_fd_sc_hd__mux2_1)
     2    0.00                           edgedetect.dly200cell._siga_[21] (net)
                  0.06    0.00 200007.81 v edgedetect.dly200cell.genblk1[21].mux1/A1 (sky130_fd_sc_hd__mux2_1)
                  0.06    0.32 200008.14 v edgedetect.dly200cell.genblk1[21].mux1/X (sky130_fd_sc_hd__mux2_1)
     2    0.00                           edgedetect.dly200cell._siga_[22] (net)
                  0.06    0.00 200008.14 v edgedetect.dly200cell.genblk1[22].mux1/A1 (sky130_fd_sc_hd__mux2_1)
                  0.06    0.32 200008.45 v edgedetect.dly200cell.genblk1[22].mux1/X (sky130_fd_sc_hd__mux2_1)
     2    0.00                           edgedetect.dly200cell._siga_[23] (net)
                  0.06    0.00 200008.45 v edgedetect.dly200cell.genblk1[23].mux1/A1 (sky130_fd_sc_hd__mux2_1)
                  0.06    0.32 200008.78 v edgedetect.dly200cell.genblk1[23].mux1/X (sky130_fd_sc_hd__mux2_1)
     2    0.00                           edgedetect.dly200cell._siga_[24] (net)
                  0.06    0.00 200008.78 v edgedetect.dly200cell.genblk1[24].mux1/A1 (sky130_fd_sc_hd__mux2_1)
                  0.07    0.32 200009.09 v edgedetect.dly200cell.genblk1[24].mux1/X (sky130_fd_sc_hd__mux2_1)
     2    0.00                           edgedetect.dly200cell._siga_[25] (net)
                  0.07    0.00 200009.09 v edgedetect.dly200cell.genblk1[25].mux1/A1 (sky130_fd_sc_hd__mux2_1)
                  0.06    0.32 200009.42 v edgedetect.dly200cell.genblk1[25].mux1/X (sky130_fd_sc_hd__mux2_1)
     2    0.00                           edgedetect.dly200cell._siga_[26] (net)
                  0.06    0.00 200009.42 v edgedetect.dly200cell.genblk1[26].mux1/A1 (sky130_fd_sc_hd__mux2_1)
                  0.06    0.32 200009.73 v edgedetect.dly200cell.genblk1[26].mux1/X (sky130_fd_sc_hd__mux2_1)
     2    0.00                           edgedetect.dly200cell._siga_[27] (net)
                  0.06    0.00 200009.73 v edgedetect.dly200cell.genblk1[27].mux1/A1 (sky130_fd_sc_hd__mux2_1)
                  0.07    0.32 200010.06 v edgedetect.dly200cell.genblk1[27].mux1/X (sky130_fd_sc_hd__mux2_1)
     2    0.00                           edgedetect.dly200cell._siga_[28] (net)
                  0.07    0.00 200010.06 v edgedetect.dly200cell.genblk1[28].mux1/A1 (sky130_fd_sc_hd__mux2_1)
                  0.06    0.32 200010.38 v edgedetect.dly200cell.genblk1[28].mux1/X (sky130_fd_sc_hd__mux2_1)
     2    0.00                           edgedetect.dly200cell._siga_[29] (net)
                  0.06    0.00 200010.38 v edgedetect.dly200cell.genblk1[29].mux1/A1 (sky130_fd_sc_hd__mux2_1)
                  0.06    0.32 200010.70 v edgedetect.dly200cell.genblk1[29].mux1/X (sky130_fd_sc_hd__mux2_1)
     2    0.00                           edgedetect.dly200cell._siga_[30] (net)
                  0.06    0.00 200010.70 v edgedetect.dly200cell.genblk1[30].mux1/A1 (sky130_fd_sc_hd__mux2_1)
                  0.06    0.32 200011.02 v edgedetect.dly200cell.genblk1[30].mux1/X (sky130_fd_sc_hd__mux2_1)
     2    0.00                           edgedetect.dly200cell._siga_[31] (net)
                  0.06    0.00 200011.02 v edgedetect.dly200cell.genblk1[31].mux1/A1 (sky130_fd_sc_hd__mux2_1)
                  0.06    0.32 200011.34 v edgedetect.dly200cell.genblk1[31].mux1/X (sky130_fd_sc_hd__mux2_1)
     2    0.00                           edgedetect.dly200cell._siga_[32] (net)
                  0.06    0.00 200011.34 v edgedetect.dly200cell.genblk1[32].mux1/A1 (sky130_fd_sc_hd__mux2_1)
                  0.06    0.32 200011.66 v edgedetect.dly200cell.genblk1[32].mux1/X (sky130_fd_sc_hd__mux2_1)
     2    0.00                           edgedetect.dly200cell._siga_[33] (net)
                  0.06    0.00 200011.66 v edgedetect.dly200cell.genblk1[33].mux1/A1 (sky130_fd_sc_hd__mux2_1)
                  0.06    0.32 200011.98 v edgedetect.dly200cell.genblk1[33].mux1/X (sky130_fd_sc_hd__mux2_1)
     2    0.00                           edgedetect.dly200cell._siga_[34] (net)
                  0.06    0.00 200011.98 v edgedetect.dly200cell.genblk1[34].mux1/A1 (sky130_fd_sc_hd__mux2_1)
                  0.06    0.32 200012.30 v edgedetect.dly200cell.genblk1[34].mux1/X (sky130_fd_sc_hd__mux2_1)
     2    0.00                           edgedetect.dly200cell._siga_[35] (net)
                  0.06    0.00 200012.30 v edgedetect.dly200cell.genblk1[35].mux1/A1 (sky130_fd_sc_hd__mux2_1)
                  0.07    0.32 200012.61 v edgedetect.dly200cell.genblk1[35].mux1/X (sky130_fd_sc_hd__mux2_1)
     2    0.00                           edgedetect.dly200cell._siga_[36] (net)
                  0.07    0.00 200012.61 v edgedetect.dly200cell.genblk1[36].mux1/A1 (sky130_fd_sc_hd__mux2_1)
                  0.06    0.32 200012.94 v edgedetect.dly200cell.genblk1[36].mux1/X (sky130_fd_sc_hd__mux2_1)
     2    0.00                           edgedetect.dly200cell._siga_[37] (net)
                  0.06    0.00 200012.94 v edgedetect.dly200cell.genblk1[37].mux1/A1 (sky130_fd_sc_hd__mux2_1)
                  0.06    0.32 200013.25 v edgedetect.dly200cell.genblk1[37].mux1/X (sky130_fd_sc_hd__mux2_1)
     2    0.00                           edgedetect.dly200cell._siga_[38] (net)
                  0.06    0.00 200013.25 v edgedetect.dly200cell.genblk1[38].mux1/A1 (sky130_fd_sc_hd__mux2_1)
                  0.06    0.32 200013.58 v edgedetect.dly200cell.genblk1[38].mux1/X (sky130_fd_sc_hd__mux2_1)
     2    0.00                           edgedetect.dly200cell._siga_[39] (net)
                  0.06    0.00 200013.58 v edgedetect.dly200cell.genblk1[39].mux1/A1 (sky130_fd_sc_hd__mux2_1)
                  0.07    0.32 200013.89 v edgedetect.dly200cell.genblk1[39].mux1/X (sky130_fd_sc_hd__mux2_1)
     1    0.00                           edgedetect._start_conv_delayed_ (net)
                  0.07    0.00 200013.89 v _429_/A (sky130_fd_sc_hd__inv_2)
                  0.03    0.04 200013.94 ^ _429_/Y (sky130_fd_sc_hd__inv_2)
     1    0.00                           _176_ (net)
                  0.03    0.00 200013.94 ^ _431_/A2 (sky130_fd_sc_hd__a211o_2)
                  0.05    0.15 200014.09 ^ _431_/X (sky130_fd_sc_hd__a211o_2)
     2    0.01                           clkgen._net_1_ (net)
                  0.05    0.00 200014.09 ^ clkgen.delay_100ns_3.genblk1[0].mux1/A1 (sky130_fd_sc_hd__mux2_1)
                  0.06    0.15 200014.23 ^ clkgen.delay_100ns_3.genblk1[0].mux1/X (sky130_fd_sc_hd__mux2_1)
     2    0.00                           clkgen.delay_100ns_3._siga_[1] (net)
                  0.06    0.00 200014.23 ^ clkgen.delay_100ns_3.genblk1[1].mux1/A1 (sky130_fd_sc_hd__mux2_1)
                  0.06    0.15 200014.38 ^ clkgen.delay_100ns_3.genblk1[1].mux1/X (sky130_fd_sc_hd__mux2_1)
     2    0.00                           clkgen.delay_100ns_3._siga_[2] (net)
                  0.06    0.00 200014.38 ^ clkgen.delay_100ns_3.genblk1[2].mux1/A1 (sky130_fd_sc_hd__mux2_1)
                  0.06    0.13 200014.52 ^ clkgen.delay_100ns_3.genblk1[2].mux1/X (sky130_fd_sc_hd__mux2_1)
     2    0.00                           clkgen.delay_100ns_3._siga_[3] (net)
                  0.06    0.00 200014.52 ^ clkgen.delay_100ns_3.genblk1[3].mux1/A1 (sky130_fd_sc_hd__mux2_1)
                  0.06    0.15 200014.66 ^ clkgen.delay_100ns_3.genblk1[3].mux1/X (sky130_fd_sc_hd__mux2_1)
     2    0.00                           clkgen.delay_100ns_3._siga_[4] (net)
                  0.06    0.00 200014.66 ^ clkgen.delay_100ns_3.genblk1[4].mux1/A1 (sky130_fd_sc_hd__mux2_1)
                  0.06    0.15 200014.80 ^ clkgen.delay_100ns_3.genblk1[4].mux1/X (sky130_fd_sc_hd__mux2_1)
     2    0.01                           clkgen.delay_100ns_3._siga_[5] (net)
                  0.06    0.00 200014.80 ^ clkgen.delay_100ns_3.genblk1[5].mux1/A1 (sky130_fd_sc_hd__mux2_1)
                  0.05    0.13 200014.94 ^ clkgen.delay_100ns_3.genblk1[5].mux1/X (sky130_fd_sc_hd__mux2_1)
     2    0.00                           clkgen.delay_100ns_3._siga_[6] (net)
                  0.05    0.00 200014.94 ^ clkgen.delay_100ns_3.genblk1[6].mux1/A1 (sky130_fd_sc_hd__mux2_1)
                  0.06    0.13 200015.06 ^ clkgen.delay_100ns_3.genblk1[6].mux1/X (sky130_fd_sc_hd__mux2_1)
     2    0.00                           clkgen.delay_100ns_3._siga_[7] (net)
                  0.06    0.00 200015.06 ^ clkgen.delay_100ns_3.genblk1[7].mux1/A1 (sky130_fd_sc_hd__mux2_1)
                  0.06    0.15 200015.20 ^ clkgen.delay_100ns_3.genblk1[7].mux1/X (sky130_fd_sc_hd__mux2_1)
     2    0.00                           clkgen.delay_100ns_3._siga_[8] (net)
                  0.06    0.00 200015.20 ^ clkgen.delay_100ns_3.genblk1[8].mux1/A1 (sky130_fd_sc_hd__mux2_1)
                  0.06    0.15 200015.36 ^ clkgen.delay_100ns_3.genblk1[8].mux1/X (sky130_fd_sc_hd__mux2_1)
     2    0.00                           clkgen.delay_100ns_3._siga_[9] (net)
                  0.06    0.00 200015.36 ^ clkgen.delay_100ns_3.genblk1[9].mux1/A1 (sky130_fd_sc_hd__mux2_1)
                  0.06    0.15 200015.50 ^ clkgen.delay_100ns_3.genblk1[9].mux1/X (sky130_fd_sc_hd__mux2_1)
     2    0.00                           clkgen.delay_100ns_3._siga_[10] (net)
                  0.06    0.00 200015.50 ^ clkgen.delay_100ns_3.genblk1[10].mux1/A1 (sky130_fd_sc_hd__mux2_1)
                  0.05    0.15 200015.64 ^ clkgen.delay_100ns_3.genblk1[10].mux1/X (sky130_fd_sc_hd__mux2_1)
     2    0.00                           clkgen.delay_100ns_3._siga_[11] (net)
                  0.05    0.00 200015.64 ^ clkgen.delay_100ns_3.genblk1[11].mux1/A1 (sky130_fd_sc_hd__mux2_1)
                  0.06    0.15 200015.80 ^ clkgen.delay_100ns_3.genblk1[11].mux1/X (sky130_fd_sc_hd__mux2_1)
     2    0.01                           clkgen.delay_100ns_3._siga_[12] (net)
                  0.06    0.00 200015.80 ^ clkgen.delay_100ns_3.genblk1[12].mux1/A1 (sky130_fd_sc_hd__mux2_1)
                  0.06    0.15 200015.94 ^ clkgen.delay_100ns_3.genblk1[12].mux1/X (sky130_fd_sc_hd__mux2_1)
     2    0.00                           clkgen.delay_100ns_3._siga_[13] (net)
                  0.06    0.00 200015.94 ^ clkgen.delay_100ns_3.genblk1[13].mux1/A1 (sky130_fd_sc_hd__mux2_1)
                  0.05    0.13 200016.06 ^ clkgen.delay_100ns_3.genblk1[13].mux1/X (sky130_fd_sc_hd__mux2_1)
     2    0.00                           clkgen.delay_100ns_3._siga_[14] (net)
                  0.05    0.00 200016.06 ^ clkgen.delay_100ns_3.genblk1[14].mux1/A1 (sky130_fd_sc_hd__mux2_1)
                  0.05    0.13 200016.20 ^ clkgen.delay_100ns_3.genblk1[14].mux1/X (sky130_fd_sc_hd__mux2_1)
     2    0.00                           clkgen.delay_100ns_3._siga_[15] (net)
                  0.05    0.00 200016.20 ^ clkgen.delay_100ns_3.genblk1[15].mux1/A1 (sky130_fd_sc_hd__mux2_1)
                  0.05    0.13 200016.33 ^ clkgen.delay_100ns_3.genblk1[15].mux1/X (sky130_fd_sc_hd__mux2_1)
     2    0.00                           clkgen.delay_100ns_3._siga_[16] (net)
                  0.05    0.00 200016.33 ^ clkgen.delay_100ns_3.genblk1[16].mux1/A1 (sky130_fd_sc_hd__mux2_1)
                  0.05    0.13 200016.45 ^ clkgen.delay_100ns_3.genblk1[16].mux1/X (sky130_fd_sc_hd__mux2_1)
     2    0.00                           clkgen.delay_100ns_3._siga_[17] (net)
                  0.05    0.00 200016.45 ^ clkgen.delay_100ns_3.genblk1[17].mux1/A1 (sky130_fd_sc_hd__mux2_1)
                  0.06    0.15 200016.61 ^ clkgen.delay_100ns_3.genblk1[17].mux1/X (sky130_fd_sc_hd__mux2_1)
     2    0.00                           clkgen.delay_100ns_3._siga_[18] (net)
                  0.06    0.00 200016.61 ^ clkgen.delay_100ns_3.genblk1[18].mux1/A1 (sky130_fd_sc_hd__mux2_1)
                  0.06    0.15 200016.75 ^ clkgen.delay_100ns_3.genblk1[18].mux1/X (sky130_fd_sc_hd__mux2_1)
     2    0.00                           clkgen.delay_100ns_3._siga_[19] (net)
                  0.06    0.00 200016.75 ^ clkgen.delay_100ns_3.genblk1[19].mux1/A1 (sky130_fd_sc_hd__mux2_1)
                  0.06    0.15 200016.89 ^ clkgen.delay_100ns_3.genblk1[19].mux1/X (sky130_fd_sc_hd__mux2_1)
     1    0.00                           clkgen.clk_comp (net)
                  0.06    0.00 200016.89 ^ outbuf_2/A (sky130_fd_sc_hd__buf_4)
                  0.10    0.17 200017.06 ^ outbuf_2/X (sky130_fd_sc_hd__buf_4)
     1    0.03                           clk_comp (net)
                  0.10    0.00 200017.06 ^ clk_comp (out)
                               200017.06   data arrival time

                  0.00 999999.94 999999.94   clock __VIRTUAL_CLK__ (rise edge)
                          0.00 999999.94   clock network delay (ideal)
                         -0.25 999999.75   clock uncertainty
                          0.00 999999.75   clock reconvergence pessimism
                       -200000.00 799999.69   output external delay
                               799999.69   data required time
-----------------------------------------------------------------------------
                               799999.69   data required time
                               -200017.06   data arrival time
-----------------------------------------------------------------------------
                               599982.62   slack (MET)


Startpoint: enable_dlycontrol (input port clocked by __VIRTUAL_CLK__)
Endpoint: clk_dig (output port clocked by __VIRTUAL_CLK__)
Path Group: __VIRTUAL_CLK__
Path Type: max

Fanout     Cap    Slew   Delay    Time   Description
-----------------------------------------------------------------------------
                  0.00    0.00    0.00   clock __VIRTUAL_CLK__ (rise edge)
                          0.00    0.00   clock network delay (ideal)
                       200000.00 200000.00 ^ input external delay
                  0.18    0.13 200000.12 ^ enable_dlycontrol (in)
    10    0.04                           enable_dlycontrol (net)
                  0.18    0.00 200000.12 ^ _183_/A (sky130_fd_sc_hd__buf_1)
                  0.40    0.38 200000.52 ^ _183_/X (sky130_fd_sc_hd__buf_1)
    10    0.03                           _100_ (net)
                  0.40    0.00 200000.52 ^ _220_/A (sky130_fd_sc_hd__buf_1)
                  0.61    0.55 200001.06 ^ _220_/X (sky130_fd_sc_hd__buf_1)
    10    0.05                           _119_ (net)
                  0.61    0.00 200001.06 ^ _386_/B1 (sky130_fd_sc_hd__o21ai_2)
                  0.14    0.16 200001.22 v _386_/Y (sky130_fd_sc_hd__o21ai_2)
     2    0.01                           clkgen.delay_100ns_1._bypass_[1] (net)
                  0.14    0.00 200001.22 v clkgen.delay_100ns_1.genblk1[1].mux1/S (sky130_fd_sc_hd__mux2_1)
                  0.07    0.36 200001.59 v clkgen.delay_100ns_1.genblk1[1].mux1/X (sky130_fd_sc_hd__mux2_1)
     2    0.00                           clkgen.delay_100ns_1._siga_[2] (net)
                  0.07    0.00 200001.59 v clkgen.delay_100ns_1.genblk1[2].mux1/A1 (sky130_fd_sc_hd__mux2_1)
                  0.06    0.32 200001.91 v clkgen.delay_100ns_1.genblk1[2].mux1/X (sky130_fd_sc_hd__mux2_1)
     2    0.00                           clkgen.delay_100ns_1._siga_[3] (net)
                  0.06    0.00 200001.91 v clkgen.delay_100ns_1.genblk1[3].mux1/A1 (sky130_fd_sc_hd__mux2_1)
                  0.06    0.32 200002.23 v clkgen.delay_100ns_1.genblk1[3].mux1/X (sky130_fd_sc_hd__mux2_1)
     2    0.00                           clkgen.delay_100ns_1._siga_[4] (net)
                  0.06    0.00 200002.23 v clkgen.delay_100ns_1.genblk1[4].mux1/A1 (sky130_fd_sc_hd__mux2_1)
                  0.06    0.32 200002.55 v clkgen.delay_100ns_1.genblk1[4].mux1/X (sky130_fd_sc_hd__mux2_1)
     2    0.00                           clkgen.delay_100ns_1._siga_[5] (net)
                  0.06    0.00 200002.55 v clkgen.delay_100ns_1.genblk1[5].mux1/A1 (sky130_fd_sc_hd__mux2_1)
                  0.06    0.32 200002.88 v clkgen.delay_100ns_1.genblk1[5].mux1/X (sky130_fd_sc_hd__mux2_1)
     2    0.00                           clkgen.delay_100ns_1._siga_[6] (net)
                  0.06    0.00 200002.88 v clkgen.delay_100ns_1.genblk1[6].mux1/A1 (sky130_fd_sc_hd__mux2_1)
                  0.06    0.32 200003.19 v clkgen.delay_100ns_1.genblk1[6].mux1/X (sky130_fd_sc_hd__mux2_1)
     2    0.00                           clkgen.delay_100ns_1._siga_[7] (net)
                  0.06    0.00 200003.19 v clkgen.delay_100ns_1.genblk1[7].mux1/A1 (sky130_fd_sc_hd__mux2_1)
                  0.07    0.32 200003.50 v clkgen.delay_100ns_1.genblk1[7].mux1/X (sky130_fd_sc_hd__mux2_1)
     2    0.00                           clkgen.delay_100ns_1._siga_[8] (net)
                  0.07    0.00 200003.50 v clkgen.delay_100ns_1.genblk1[8].mux1/A1 (sky130_fd_sc_hd__mux2_1)
                  0.06    0.32 200003.83 v clkgen.delay_100ns_1.genblk1[8].mux1/X (sky130_fd_sc_hd__mux2_1)
     2    0.00                           clkgen.delay_100ns_1._siga_[9] (net)
                  0.06    0.00 200003.83 v clkgen.delay_100ns_1.genblk1[9].mux1/A1 (sky130_fd_sc_hd__mux2_1)
                  0.06    0.32 200004.14 v clkgen.delay_100ns_1.genblk1[9].mux1/X (sky130_fd_sc_hd__mux2_1)
     2    0.00                           clkgen.delay_100ns_1._siga_[10] (net)
                  0.06    0.00 200004.14 v clkgen.delay_100ns_1.genblk1[10].mux1/A1 (sky130_fd_sc_hd__mux2_1)
                  0.06    0.32 200004.47 v clkgen.delay_100ns_1.genblk1[10].mux1/X (sky130_fd_sc_hd__mux2_1)
     2    0.00                           clkgen.delay_100ns_1._siga_[11] (net)
                  0.06    0.00 200004.47 v clkgen.delay_100ns_1.genblk1[11].mux1/A1 (sky130_fd_sc_hd__mux2_1)
                  0.07    0.32 200004.78 v clkgen.delay_100ns_1.genblk1[11].mux1/X (sky130_fd_sc_hd__mux2_1)
     2    0.00                           clkgen.delay_100ns_1._siga_[12] (net)
                  0.07    0.00 200004.78 v clkgen.delay_100ns_1.genblk1[12].mux1/A1 (sky130_fd_sc_hd__mux2_1)
                  0.06    0.32 200005.11 v clkgen.delay_100ns_1.genblk1[12].mux1/X (sky130_fd_sc_hd__mux2_1)
     2    0.00                           clkgen.delay_100ns_1._siga_[13] (net)
                  0.06    0.00 200005.11 v clkgen.delay_100ns_1.genblk1[13].mux1/A1 (sky130_fd_sc_hd__mux2_1)
                  0.06    0.32 200005.42 v clkgen.delay_100ns_1.genblk1[13].mux1/X (sky130_fd_sc_hd__mux2_1)
     2    0.00                           clkgen.delay_100ns_1._siga_[14] (net)
                  0.06    0.00 200005.42 v clkgen.delay_100ns_1.genblk1[14].mux1/A1 (sky130_fd_sc_hd__mux2_1)
                  0.06    0.32 200005.75 v clkgen.delay_100ns_1.genblk1[14].mux1/X (sky130_fd_sc_hd__mux2_1)
     2    0.00                           clkgen.delay_100ns_1._siga_[15] (net)
                  0.06    0.00 200005.75 v clkgen.delay_100ns_1.genblk1[15].mux1/A1 (sky130_fd_sc_hd__mux2_1)
                  0.06    0.32 200006.06 v clkgen.delay_100ns_1.genblk1[15].mux1/X (sky130_fd_sc_hd__mux2_1)
     2    0.00                           clkgen.delay_100ns_1._siga_[16] (net)
                  0.06    0.00 200006.06 v clkgen.delay_100ns_1.genblk1[16].mux1/A1 (sky130_fd_sc_hd__mux2_1)
                  0.06    0.32 200006.39 v clkgen.delay_100ns_1.genblk1[16].mux1/X (sky130_fd_sc_hd__mux2_1)
     2    0.00                           clkgen.delay_100ns_1._siga_[17] (net)
                  0.06    0.00 200006.39 v clkgen.delay_100ns_1.genblk1[17].mux1/A1 (sky130_fd_sc_hd__mux2_1)
                  0.07    0.32 200006.70 v clkgen.delay_100ns_1.genblk1[17].mux1/X (sky130_fd_sc_hd__mux2_1)
     2    0.00                           clkgen.delay_100ns_1._siga_[18] (net)
                  0.07    0.00 200006.70 v clkgen.delay_100ns_1.genblk1[18].mux1/A1 (sky130_fd_sc_hd__mux2_1)
                  0.06    0.32 200007.03 v clkgen.delay_100ns_1.genblk1[18].mux1/X (sky130_fd_sc_hd__mux2_1)
     2    0.00                           clkgen.delay_100ns_1._siga_[19] (net)
                  0.06    0.00 200007.03 v clkgen.delay_100ns_1.genblk1[19].mux1/A1 (sky130_fd_sc_hd__mux2_1)
                  0.07    0.32 200007.34 v clkgen.delay_100ns_1.genblk1[19].mux1/X (sky130_fd_sc_hd__mux2_1)
     1    0.00                           clkgen._ndecision_finish_delayed_ (net)
                  0.07    0.00 200007.34 v _432_/A (sky130_fd_sc_hd__inv_2)
                  0.04    0.07 200007.42 ^ _432_/Y (sky130_fd_sc_hd__inv_2)
     3    0.01                           clkgen.clk_dig (net)
                  0.04    0.00 200007.42 ^ outbuf_1/A (sky130_fd_sc_hd__buf_4)
                  0.10    0.16 200007.58 ^ outbuf_1/X (sky130_fd_sc_hd__buf_4)
     1    0.03                           clk_dig (net)
                  0.10    0.00 200007.58 ^ clk_dig (out)
                               200007.58   data arrival time

                  0.00 999999.94 999999.94   clock __VIRTUAL_CLK__ (rise edge)
                          0.00 999999.94   clock network delay (ideal)
                         -0.25 999999.75   clock uncertainty
                          0.00 999999.75   clock reconvergence pessimism
                       -200000.00 799999.69   output external delay
                               799999.69   data required time
-----------------------------------------------------------------------------
                               799999.69   data required time
                               -200007.58   data arrival time
-----------------------------------------------------------------------------
                               599992.12   slack (MET)


Startpoint: nsample_n (input port clocked by __VIRTUAL_CLK__)
Endpoint: nsample_n_buf (output port clocked by __VIRTUAL_CLK__)
Path Group: __VIRTUAL_CLK__
Path Type: max

Fanout     Cap    Slew   Delay    Time   Description
-----------------------------------------------------------------------------
                  0.00    0.00    0.00   clock __VIRTUAL_CLK__ (rise edge)
                          0.00    0.00   clock network delay (ideal)
                       200000.00 200000.00 ^ input external delay
                  0.05    0.04 200000.05 ^ nsample_n (in)
     1    0.01                           nsample_n (net)
                  0.05    0.00 200000.05 ^ outbuf_6/A (sky130_fd_sc_hd__buf_4)
                  0.10    0.16 200000.20 ^ outbuf_6/X (sky130_fd_sc_hd__buf_4)
     1    0.03                           nsample_n_buf (net)
                  0.10    0.00 200000.20 ^ nsample_n_buf (out)
                               200000.20   data arrival time

                  0.00 999999.94 999999.94   clock __VIRTUAL_CLK__ (rise edge)
                          0.00 999999.94   clock network delay (ideal)
                         -0.25 999999.75   clock uncertainty
                          0.00 999999.75   clock reconvergence pessimism
                       -200000.00 799999.69   output external delay
                               799999.69   data required time
-----------------------------------------------------------------------------
                               799999.69   data required time
                               -200000.20   data arrival time
-----------------------------------------------------------------------------
                               599999.50   slack (MET)


Startpoint: nsample_p (input port clocked by __VIRTUAL_CLK__)
Endpoint: nsample_p_buf (output port clocked by __VIRTUAL_CLK__)
Path Group: __VIRTUAL_CLK__
Path Type: max

Fanout     Cap    Slew   Delay    Time   Description
-----------------------------------------------------------------------------
                  0.00    0.00    0.00   clock __VIRTUAL_CLK__ (rise edge)
                          0.00    0.00   clock network delay (ideal)
                       200000.00 200000.00 ^ input external delay
                  0.05    0.04 200000.05 ^ nsample_p (in)
     1    0.01                           nsample_p (net)
                  0.05    0.00 200000.05 ^ outbuf_5/A (sky130_fd_sc_hd__buf_4)
                  0.10    0.16 200000.20 ^ outbuf_5/X (sky130_fd_sc_hd__buf_4)
     1    0.03                           nsample_p_buf (net)
                  0.10    0.00 200000.20 ^ nsample_p_buf (out)
                               200000.20   data arrival time

                  0.00 999999.94 999999.94   clock __VIRTUAL_CLK__ (rise edge)
                          0.00 999999.94   clock network delay (ideal)
                         -0.25 999999.75   clock uncertainty
                          0.00 999999.75   clock reconvergence pessimism
                       -200000.00 799999.69   output external delay
                               799999.69   data required time
-----------------------------------------------------------------------------
                               799999.69   data required time
                               -200000.20   data arrival time
-----------------------------------------------------------------------------
                               599999.50   slack (MET)


Startpoint: sample_n (input port clocked by __VIRTUAL_CLK__)
Endpoint: sample_n_buf (output port clocked by __VIRTUAL_CLK__)
Path Group: __VIRTUAL_CLK__
Path Type: max

Fanout     Cap    Slew   Delay    Time   Description
-----------------------------------------------------------------------------
                  0.00    0.00    0.00   clock __VIRTUAL_CLK__ (rise edge)
                          0.00    0.00   clock network delay (ideal)
                       200000.00 200000.00 ^ input external delay
                  0.05    0.04 200000.05 ^ sample_n (in)
     1    0.01                           sample_n (net)
                  0.05    0.00 200000.05 ^ outbuf_4/A (sky130_fd_sc_hd__buf_4)
                  0.10    0.16 200000.20 ^ outbuf_4/X (sky130_fd_sc_hd__buf_4)
     1    0.03                           sample_n_buf (net)
                  0.10    0.00 200000.20 ^ sample_n_buf (out)
                               200000.20   data arrival time

                  0.00 999999.94 999999.94   clock __VIRTUAL_CLK__ (rise edge)
                          0.00 999999.94   clock network delay (ideal)
                         -0.25 999999.75   clock uncertainty
                          0.00 999999.75   clock reconvergence pessimism
                       -200000.00 799999.69   output external delay
                               799999.69   data required time
-----------------------------------------------------------------------------
                               799999.69   data required time
                               -200000.20   data arrival time
-----------------------------------------------------------------------------
                               599999.50   slack (MET)


max_report_end
check_report

===========================================================================
report_checks -unconstrained
============================================================================
Startpoint: dlycontrol4[3] (input port clocked by __VIRTUAL_CLK__)
Endpoint: clk_comp (output port clocked by __VIRTUAL_CLK__)
Path Group: __VIRTUAL_CLK__
Path Type: max

Fanout     Cap    Slew   Delay    Time   Description
-----------------------------------------------------------------------------
                  0.00    0.00    0.00   clock __VIRTUAL_CLK__ (rise edge)
                          0.00    0.00   clock network delay (ideal)
                       200000.00 200000.00 v input external delay
                  0.03    0.01 200000.02 v dlycontrol4[3] (in)
     3    0.01                           dlycontrol4[3] (net)
                  0.03    0.00 200000.02 v _186_/A (sky130_fd_sc_hd__buf_1)
                  0.15    0.19 200000.20 v _186_/X (sky130_fd_sc_hd__buf_1)
    10    0.03                           _103_ (net)
                  0.15    0.00 200000.20 v _187_/A (sky130_fd_sc_hd__or2_2)
                  0.06    0.35 200000.55 v _187_/X (sky130_fd_sc_hd__or2_2)
     2    0.00                           _104_ (net)
                  0.06    0.00 200000.55 v _189_/A2 (sky130_fd_sc_hd__a21o_2)
                  0.03    0.22 200000.77 v _189_/X (sky130_fd_sc_hd__a21o_2)
     1    0.00                           _106_ (net)
                  0.03    0.00 200000.77 v _190_/A (sky130_fd_sc_hd__buf_1)
                  0.09    0.15 200000.92 v _190_/X (sky130_fd_sc_hd__buf_1)
     4    0.01                           _063_ (net)
                  0.09    0.00 200000.92 v _191_/B1 (sky130_fd_sc_hd__a21oi_2)
                  0.10    0.12 200001.03 ^ _191_/Y (sky130_fd_sc_hd__a21oi_2)
     1    0.00                           edgedetect.dly200cell._bypass_[0] (net)
                  0.10    0.00 200001.03 ^ edgedetect.dly200cell.genblk1[0].mux1/S (sky130_fd_sc_hd__mux2_1)
                  0.06    0.35 200001.39 v edgedetect.dly200cell.genblk1[0].mux1/X (sky130_fd_sc_hd__mux2_1)
     2    0.00                           edgedetect.dly200cell._siga_[1] (net)
                  0.06    0.00 200001.39 v edgedetect.dly200cell.genblk1[1].mux1/A1 (sky130_fd_sc_hd__mux2_1)
                  0.07    0.32 200001.70 v edgedetect.dly200cell.genblk1[1].mux1/X (sky130_fd_sc_hd__mux2_1)
     2    0.01                           edgedetect.dly200cell._siga_[2] (net)
                  0.07    0.00 200001.70 v edgedetect.dly200cell.genblk1[2].mux1/A1 (sky130_fd_sc_hd__mux2_1)
                  0.06    0.32 200002.02 v edgedetect.dly200cell.genblk1[2].mux1/X (sky130_fd_sc_hd__mux2_1)
     2    0.00                           edgedetect.dly200cell._siga_[3] (net)
                  0.06    0.00 200002.02 v edgedetect.dly200cell.genblk1[3].mux1/A1 (sky130_fd_sc_hd__mux2_1)
                  0.07    0.32 200002.34 v edgedetect.dly200cell.genblk1[3].mux1/X (sky130_fd_sc_hd__mux2_1)
     2    0.00                           edgedetect.dly200cell._siga_[4] (net)
                  0.07    0.00 200002.34 v edgedetect.dly200cell.genblk1[4].mux1/A1 (sky130_fd_sc_hd__mux2_1)
                  0.06    0.32 200002.66 v edgedetect.dly200cell.genblk1[4].mux1/X (sky130_fd_sc_hd__mux2_1)
     2    0.00                           edgedetect.dly200cell._siga_[5] (net)
                  0.06    0.00 200002.66 v edgedetect.dly200cell.genblk1[5].mux1/A1 (sky130_fd_sc_hd__mux2_1)
                  0.06    0.32 200002.98 v edgedetect.dly200cell.genblk1[5].mux1/X (sky130_fd_sc_hd__mux2_1)
     2    0.00                           edgedetect.dly200cell._siga_[6] (net)
                  0.06    0.00 200002.98 v edgedetect.dly200cell.genblk1[6].mux1/A1 (sky130_fd_sc_hd__mux2_1)
                  0.06    0.32 200003.30 v edgedetect.dly200cell.genblk1[6].mux1/X (sky130_fd_sc_hd__mux2_1)
     2    0.00                           edgedetect.dly200cell._siga_[7] (net)
                  0.06    0.00 200003.30 v edgedetect.dly200cell.genblk1[7].mux1/A1 (sky130_fd_sc_hd__mux2_1)
                  0.06    0.32 200003.62 v edgedetect.dly200cell.genblk1[7].mux1/X (sky130_fd_sc_hd__mux2_1)
     2    0.00                           edgedetect.dly200cell._siga_[8] (net)
                  0.06    0.00 200003.62 v edgedetect.dly200cell.genblk1[8].mux1/A1 (sky130_fd_sc_hd__mux2_1)
                  0.06    0.32 200003.94 v edgedetect.dly200cell.genblk1[8].mux1/X (sky130_fd_sc_hd__mux2_1)
     2    0.00                           edgedetect.dly200cell._siga_[9] (net)
                  0.06    0.00 200003.94 v edgedetect.dly200cell.genblk1[9].mux1/A1 (sky130_fd_sc_hd__mux2_1)
                  0.06    0.32 200004.27 v edgedetect.dly200cell.genblk1[9].mux1/X (sky130_fd_sc_hd__mux2_1)
     2    0.00                           edgedetect.dly200cell._siga_[10] (net)
                  0.06    0.00 200004.27 v edgedetect.dly200cell.genblk1[10].mux1/A1 (sky130_fd_sc_hd__mux2_1)
                  0.06    0.32 200004.58 v edgedetect.dly200cell.genblk1[10].mux1/X (sky130_fd_sc_hd__mux2_1)
     2    0.00                           edgedetect.dly200cell._siga_[11] (net)
                  0.06    0.00 200004.58 v edgedetect.dly200cell.genblk1[11].mux1/A1 (sky130_fd_sc_hd__mux2_1)
                  0.06    0.32 200004.91 v edgedetect.dly200cell.genblk1[11].mux1/X (sky130_fd_sc_hd__mux2_1)
     2    0.00                           edgedetect.dly200cell._siga_[12] (net)
                  0.06    0.00 200004.91 v edgedetect.dly200cell.genblk1[12].mux1/A1 (sky130_fd_sc_hd__mux2_1)
                  0.06    0.32 200005.22 v edgedetect.dly200cell.genblk1[12].mux1/X (sky130_fd_sc_hd__mux2_1)
     2    0.00                           edgedetect.dly200cell._siga_[13] (net)
                  0.06    0.00 200005.22 v edgedetect.dly200cell.genblk1[13].mux1/A1 (sky130_fd_sc_hd__mux2_1)
                  0.06    0.32 200005.55 v edgedetect.dly200cell.genblk1[13].mux1/X (sky130_fd_sc_hd__mux2_1)
     2    0.00                           edgedetect.dly200cell._siga_[14] (net)
                  0.06    0.00 200005.55 v edgedetect.dly200cell.genblk1[14].mux1/A1 (sky130_fd_sc_hd__mux2_1)
                  0.06    0.32 200005.86 v edgedetect.dly200cell.genblk1[14].mux1/X (sky130_fd_sc_hd__mux2_1)
     2    0.00                           edgedetect.dly200cell._siga_[15] (net)
                  0.06    0.00 200005.86 v edgedetect.dly200cell.genblk1[15].mux1/A1 (sky130_fd_sc_hd__mux2_1)
                  0.09    0.35 200006.22 v edgedetect.dly200cell.genblk1[15].mux1/X (sky130_fd_sc_hd__mux2_1)
     2    0.01                           edgedetect.dly200cell._siga_[16] (net)
                  0.09    0.00 200006.22 v edgedetect.dly200cell.genblk1[16].mux1/A1 (sky130_fd_sc_hd__mux2_1)
                  0.06    0.32 200006.53 v edgedetect.dly200cell.genblk1[16].mux1/X (sky130_fd_sc_hd__mux2_1)
     2    0.00                           edgedetect.dly200cell._siga_[17] (net)
                  0.06    0.00 200006.53 v edgedetect.dly200cell.genblk1[17].mux1/A1 (sky130_fd_sc_hd__mux2_1)
                  0.06    0.32 200006.86 v edgedetect.dly200cell.genblk1[17].mux1/X (sky130_fd_sc_hd__mux2_1)
     2    0.00                           edgedetect.dly200cell._siga_[18] (net)
                  0.06    0.00 200006.86 v edgedetect.dly200cell.genblk1[18].mux1/A1 (sky130_fd_sc_hd__mux2_1)
                  0.07    0.32 200007.17 v edgedetect.dly200cell.genblk1[18].mux1/X (sky130_fd_sc_hd__mux2_1)
     2    0.01                           edgedetect.dly200cell._siga_[19] (net)
                  0.07    0.00 200007.17 v edgedetect.dly200cell.genblk1[19].mux1/A1 (sky130_fd_sc_hd__mux2_1)
                  0.06    0.32 200007.50 v edgedetect.dly200cell.genblk1[19].mux1/X (sky130_fd_sc_hd__mux2_1)
     2    0.00                           edgedetect.dly200cell._siga_[20] (net)
                  0.06    0.00 200007.50 v edgedetect.dly200cell.genblk1[20].mux1/A1 (sky130_fd_sc_hd__mux2_1)
                  0.06    0.32 200007.81 v edgedetect.dly200cell.genblk1[20].mux1/X (sky130_fd_sc_hd__mux2_1)
     2    0.00                           edgedetect.dly200cell._siga_[21] (net)
                  0.06    0.00 200007.81 v edgedetect.dly200cell.genblk1[21].mux1/A1 (sky130_fd_sc_hd__mux2_1)
                  0.06    0.32 200008.14 v edgedetect.dly200cell.genblk1[21].mux1/X (sky130_fd_sc_hd__mux2_1)
     2    0.00                           edgedetect.dly200cell._siga_[22] (net)
                  0.06    0.00 200008.14 v edgedetect.dly200cell.genblk1[22].mux1/A1 (sky130_fd_sc_hd__mux2_1)
                  0.06    0.32 200008.45 v edgedetect.dly200cell.genblk1[22].mux1/X (sky130_fd_sc_hd__mux2_1)
     2    0.00                           edgedetect.dly200cell._siga_[23] (net)
                  0.06    0.00 200008.45 v edgedetect.dly200cell.genblk1[23].mux1/A1 (sky130_fd_sc_hd__mux2_1)
                  0.06    0.32 200008.78 v edgedetect.dly200cell.genblk1[23].mux1/X (sky130_fd_sc_hd__mux2_1)
     2    0.00                           edgedetect.dly200cell._siga_[24] (net)
                  0.06    0.00 200008.78 v edgedetect.dly200cell.genblk1[24].mux1/A1 (sky130_fd_sc_hd__mux2_1)
                  0.07    0.32 200009.09 v edgedetect.dly200cell.genblk1[24].mux1/X (sky130_fd_sc_hd__mux2_1)
     2    0.00                           edgedetect.dly200cell._siga_[25] (net)
                  0.07    0.00 200009.09 v edgedetect.dly200cell.genblk1[25].mux1/A1 (sky130_fd_sc_hd__mux2_1)
                  0.06    0.32 200009.42 v edgedetect.dly200cell.genblk1[25].mux1/X (sky130_fd_sc_hd__mux2_1)
     2    0.00                           edgedetect.dly200cell._siga_[26] (net)
                  0.06    0.00 200009.42 v edgedetect.dly200cell.genblk1[26].mux1/A1 (sky130_fd_sc_hd__mux2_1)
                  0.06    0.32 200009.73 v edgedetect.dly200cell.genblk1[26].mux1/X (sky130_fd_sc_hd__mux2_1)
     2    0.00                           edgedetect.dly200cell._siga_[27] (net)
                  0.06    0.00 200009.73 v edgedetect.dly200cell.genblk1[27].mux1/A1 (sky130_fd_sc_hd__mux2_1)
                  0.07    0.32 200010.06 v edgedetect.dly200cell.genblk1[27].mux1/X (sky130_fd_sc_hd__mux2_1)
     2    0.00                           edgedetect.dly200cell._siga_[28] (net)
                  0.07    0.00 200010.06 v edgedetect.dly200cell.genblk1[28].mux1/A1 (sky130_fd_sc_hd__mux2_1)
                  0.06    0.32 200010.38 v edgedetect.dly200cell.genblk1[28].mux1/X (sky130_fd_sc_hd__mux2_1)
     2    0.00                           edgedetect.dly200cell._siga_[29] (net)
                  0.06    0.00 200010.38 v edgedetect.dly200cell.genblk1[29].mux1/A1 (sky130_fd_sc_hd__mux2_1)
                  0.06    0.32 200010.70 v edgedetect.dly200cell.genblk1[29].mux1/X (sky130_fd_sc_hd__mux2_1)
     2    0.00                           edgedetect.dly200cell._siga_[30] (net)
                  0.06    0.00 200010.70 v edgedetect.dly200cell.genblk1[30].mux1/A1 (sky130_fd_sc_hd__mux2_1)
                  0.06    0.32 200011.02 v edgedetect.dly200cell.genblk1[30].mux1/X (sky130_fd_sc_hd__mux2_1)
     2    0.00                           edgedetect.dly200cell._siga_[31] (net)
                  0.06    0.00 200011.02 v edgedetect.dly200cell.genblk1[31].mux1/A1 (sky130_fd_sc_hd__mux2_1)
                  0.06    0.32 200011.34 v edgedetect.dly200cell.genblk1[31].mux1/X (sky130_fd_sc_hd__mux2_1)
     2    0.00                           edgedetect.dly200cell._siga_[32] (net)
                  0.06    0.00 200011.34 v edgedetect.dly200cell.genblk1[32].mux1/A1 (sky130_fd_sc_hd__mux2_1)
                  0.06    0.32 200011.66 v edgedetect.dly200cell.genblk1[32].mux1/X (sky130_fd_sc_hd__mux2_1)
     2    0.00                           edgedetect.dly200cell._siga_[33] (net)
                  0.06    0.00 200011.66 v edgedetect.dly200cell.genblk1[33].mux1/A1 (sky130_fd_sc_hd__mux2_1)
                  0.06    0.32 200011.98 v edgedetect.dly200cell.genblk1[33].mux1/X (sky130_fd_sc_hd__mux2_1)
     2    0.00                           edgedetect.dly200cell._siga_[34] (net)
                  0.06    0.00 200011.98 v edgedetect.dly200cell.genblk1[34].mux1/A1 (sky130_fd_sc_hd__mux2_1)
                  0.06    0.32 200012.30 v edgedetect.dly200cell.genblk1[34].mux1/X (sky130_fd_sc_hd__mux2_1)
     2    0.00                           edgedetect.dly200cell._siga_[35] (net)
                  0.06    0.00 200012.30 v edgedetect.dly200cell.genblk1[35].mux1/A1 (sky130_fd_sc_hd__mux2_1)
                  0.07    0.32 200012.61 v edgedetect.dly200cell.genblk1[35].mux1/X (sky130_fd_sc_hd__mux2_1)
     2    0.00                           edgedetect.dly200cell._siga_[36] (net)
                  0.07    0.00 200012.61 v edgedetect.dly200cell.genblk1[36].mux1/A1 (sky130_fd_sc_hd__mux2_1)
                  0.06    0.32 200012.94 v edgedetect.dly200cell.genblk1[36].mux1/X (sky130_fd_sc_hd__mux2_1)
     2    0.00                           edgedetect.dly200cell._siga_[37] (net)
                  0.06    0.00 200012.94 v edgedetect.dly200cell.genblk1[37].mux1/A1 (sky130_fd_sc_hd__mux2_1)
                  0.06    0.32 200013.25 v edgedetect.dly200cell.genblk1[37].mux1/X (sky130_fd_sc_hd__mux2_1)
     2    0.00                           edgedetect.dly200cell._siga_[38] (net)
                  0.06    0.00 200013.25 v edgedetect.dly200cell.genblk1[38].mux1/A1 (sky130_fd_sc_hd__mux2_1)
                  0.06    0.32 200013.58 v edgedetect.dly200cell.genblk1[38].mux1/X (sky130_fd_sc_hd__mux2_1)
     2    0.00                           edgedetect.dly200cell._siga_[39] (net)
                  0.06    0.00 200013.58 v edgedetect.dly200cell.genblk1[39].mux1/A1 (sky130_fd_sc_hd__mux2_1)
                  0.07    0.32 200013.89 v edgedetect.dly200cell.genblk1[39].mux1/X (sky130_fd_sc_hd__mux2_1)
     1    0.00                           edgedetect._start_conv_delayed_ (net)
                  0.07    0.00 200013.89 v _429_/A (sky130_fd_sc_hd__inv_2)
                  0.03    0.04 200013.94 ^ _429_/Y (sky130_fd_sc_hd__inv_2)
     1    0.00                           _176_ (net)
                  0.03    0.00 200013.94 ^ _431_/A2 (sky130_fd_sc_hd__a211o_2)
                  0.05    0.15 200014.09 ^ _431_/X (sky130_fd_sc_hd__a211o_2)
     2    0.01                           clkgen._net_1_ (net)
                  0.05    0.00 200014.09 ^ clkgen.delay_100ns_3.genblk1[0].mux1/A1 (sky130_fd_sc_hd__mux2_1)
                  0.06    0.15 200014.23 ^ clkgen.delay_100ns_3.genblk1[0].mux1/X (sky130_fd_sc_hd__mux2_1)
     2    0.00                           clkgen.delay_100ns_3._siga_[1] (net)
                  0.06    0.00 200014.23 ^ clkgen.delay_100ns_3.genblk1[1].mux1/A1 (sky130_fd_sc_hd__mux2_1)
                  0.06    0.15 200014.38 ^ clkgen.delay_100ns_3.genblk1[1].mux1/X (sky130_fd_sc_hd__mux2_1)
     2    0.00                           clkgen.delay_100ns_3._siga_[2] (net)
                  0.06    0.00 200014.38 ^ clkgen.delay_100ns_3.genblk1[2].mux1/A1 (sky130_fd_sc_hd__mux2_1)
                  0.06    0.13 200014.52 ^ clkgen.delay_100ns_3.genblk1[2].mux1/X (sky130_fd_sc_hd__mux2_1)
     2    0.00                           clkgen.delay_100ns_3._siga_[3] (net)
                  0.06    0.00 200014.52 ^ clkgen.delay_100ns_3.genblk1[3].mux1/A1 (sky130_fd_sc_hd__mux2_1)
                  0.06    0.15 200014.66 ^ clkgen.delay_100ns_3.genblk1[3].mux1/X (sky130_fd_sc_hd__mux2_1)
     2    0.00                           clkgen.delay_100ns_3._siga_[4] (net)
                  0.06    0.00 200014.66 ^ clkgen.delay_100ns_3.genblk1[4].mux1/A1 (sky130_fd_sc_hd__mux2_1)
                  0.06    0.15 200014.80 ^ clkgen.delay_100ns_3.genblk1[4].mux1/X (sky130_fd_sc_hd__mux2_1)
     2    0.01                           clkgen.delay_100ns_3._siga_[5] (net)
                  0.06    0.00 200014.80 ^ clkgen.delay_100ns_3.genblk1[5].mux1/A1 (sky130_fd_sc_hd__mux2_1)
                  0.05    0.13 200014.94 ^ clkgen.delay_100ns_3.genblk1[5].mux1/X (sky130_fd_sc_hd__mux2_1)
     2    0.00                           clkgen.delay_100ns_3._siga_[6] (net)
                  0.05    0.00 200014.94 ^ clkgen.delay_100ns_3.genblk1[6].mux1/A1 (sky130_fd_sc_hd__mux2_1)
                  0.06    0.13 200015.06 ^ clkgen.delay_100ns_3.genblk1[6].mux1/X (sky130_fd_sc_hd__mux2_1)
     2    0.00                           clkgen.delay_100ns_3._siga_[7] (net)
                  0.06    0.00 200015.06 ^ clkgen.delay_100ns_3.genblk1[7].mux1/A1 (sky130_fd_sc_hd__mux2_1)
                  0.06    0.15 200015.20 ^ clkgen.delay_100ns_3.genblk1[7].mux1/X (sky130_fd_sc_hd__mux2_1)
     2    0.00                           clkgen.delay_100ns_3._siga_[8] (net)
                  0.06    0.00 200015.20 ^ clkgen.delay_100ns_3.genblk1[8].mux1/A1 (sky130_fd_sc_hd__mux2_1)
                  0.06    0.15 200015.36 ^ clkgen.delay_100ns_3.genblk1[8].mux1/X (sky130_fd_sc_hd__mux2_1)
     2    0.00                           clkgen.delay_100ns_3._siga_[9] (net)
                  0.06    0.00 200015.36 ^ clkgen.delay_100ns_3.genblk1[9].mux1/A1 (sky130_fd_sc_hd__mux2_1)
                  0.06    0.15 200015.50 ^ clkgen.delay_100ns_3.genblk1[9].mux1/X (sky130_fd_sc_hd__mux2_1)
     2    0.00                           clkgen.delay_100ns_3._siga_[10] (net)
                  0.06    0.00 200015.50 ^ clkgen.delay_100ns_3.genblk1[10].mux1/A1 (sky130_fd_sc_hd__mux2_1)
                  0.05    0.15 200015.64 ^ clkgen.delay_100ns_3.genblk1[10].mux1/X (sky130_fd_sc_hd__mux2_1)
     2    0.00                           clkgen.delay_100ns_3._siga_[11] (net)
                  0.05    0.00 200015.64 ^ clkgen.delay_100ns_3.genblk1[11].mux1/A1 (sky130_fd_sc_hd__mux2_1)
                  0.06    0.15 200015.80 ^ clkgen.delay_100ns_3.genblk1[11].mux1/X (sky130_fd_sc_hd__mux2_1)
     2    0.01                           clkgen.delay_100ns_3._siga_[12] (net)
                  0.06    0.00 200015.80 ^ clkgen.delay_100ns_3.genblk1[12].mux1/A1 (sky130_fd_sc_hd__mux2_1)
                  0.06    0.15 200015.94 ^ clkgen.delay_100ns_3.genblk1[12].mux1/X (sky130_fd_sc_hd__mux2_1)
     2    0.00                           clkgen.delay_100ns_3._siga_[13] (net)
                  0.06    0.00 200015.94 ^ clkgen.delay_100ns_3.genblk1[13].mux1/A1 (sky130_fd_sc_hd__mux2_1)
                  0.05    0.13 200016.06 ^ clkgen.delay_100ns_3.genblk1[13].mux1/X (sky130_fd_sc_hd__mux2_1)
     2    0.00                           clkgen.delay_100ns_3._siga_[14] (net)
                  0.05    0.00 200016.06 ^ clkgen.delay_100ns_3.genblk1[14].mux1/A1 (sky130_fd_sc_hd__mux2_1)
                  0.05    0.13 200016.20 ^ clkgen.delay_100ns_3.genblk1[14].mux1/X (sky130_fd_sc_hd__mux2_1)
     2    0.00                           clkgen.delay_100ns_3._siga_[15] (net)
                  0.05    0.00 200016.20 ^ clkgen.delay_100ns_3.genblk1[15].mux1/A1 (sky130_fd_sc_hd__mux2_1)
                  0.05    0.13 200016.33 ^ clkgen.delay_100ns_3.genblk1[15].mux1/X (sky130_fd_sc_hd__mux2_1)
     2    0.00                           clkgen.delay_100ns_3._siga_[16] (net)
                  0.05    0.00 200016.33 ^ clkgen.delay_100ns_3.genblk1[16].mux1/A1 (sky130_fd_sc_hd__mux2_1)
                  0.05    0.13 200016.45 ^ clkgen.delay_100ns_3.genblk1[16].mux1/X (sky130_fd_sc_hd__mux2_1)
     2    0.00                           clkgen.delay_100ns_3._siga_[17] (net)
                  0.05    0.00 200016.45 ^ clkgen.delay_100ns_3.genblk1[17].mux1/A1 (sky130_fd_sc_hd__mux2_1)
                  0.06    0.15 200016.61 ^ clkgen.delay_100ns_3.genblk1[17].mux1/X (sky130_fd_sc_hd__mux2_1)
     2    0.00                           clkgen.delay_100ns_3._siga_[18] (net)
                  0.06    0.00 200016.61 ^ clkgen.delay_100ns_3.genblk1[18].mux1/A1 (sky130_fd_sc_hd__mux2_1)
                  0.06    0.15 200016.75 ^ clkgen.delay_100ns_3.genblk1[18].mux1/X (sky130_fd_sc_hd__mux2_1)
     2    0.00                           clkgen.delay_100ns_3._siga_[19] (net)
                  0.06    0.00 200016.75 ^ clkgen.delay_100ns_3.genblk1[19].mux1/A1 (sky130_fd_sc_hd__mux2_1)
                  0.06    0.15 200016.89 ^ clkgen.delay_100ns_3.genblk1[19].mux1/X (sky130_fd_sc_hd__mux2_1)
     1    0.00                           clkgen.clk_comp (net)
                  0.06    0.00 200016.89 ^ outbuf_2/A (sky130_fd_sc_hd__buf_4)
                  0.10    0.17 200017.06 ^ outbuf_2/X (sky130_fd_sc_hd__buf_4)
     1    0.03                           clk_comp (net)
                  0.10    0.00 200017.06 ^ clk_comp (out)
                               200017.06   data arrival time

                  0.00 999999.94 999999.94   clock __VIRTUAL_CLK__ (rise edge)
                          0.00 999999.94   clock network delay (ideal)
                         -0.25 999999.75   clock uncertainty
                          0.00 999999.75   clock reconvergence pessimism
                       -200000.00 799999.69   output external delay
                               799999.69   data required time
-----------------------------------------------------------------------------
                               799999.69   data required time
                               -200017.06   data arrival time
-----------------------------------------------------------------------------
                               599982.62   slack (MET)



===========================================================================
report_checks --slack_max -0.01
============================================================================
No paths found.
check_report_end
check_slew

===========================================================================
 report_check_types -max_slew -max_cap -max_fanout -violators
============================================================================

===========================================================================
max slew violation count 0
max fanout violation count 0
max cap violation count 0
============================================================================
check_slew_end
tns_report

===========================================================================
 report_tns
============================================================================
tns 0.00
tns_report_end
wns_report

===========================================================================
 report_wns
============================================================================
wns 0.00
wns_report_end
worst_slack

===========================================================================
 report_worst_slack -max (Setup)
============================================================================
worst slack 599982.62

===========================================================================
 report_worst_slack -min (Hold)
============================================================================
worst slack 399999.91
worst_slack_end
power_report

===========================================================================
 report_power
============================================================================
Group                  Internal  Switching    Leakage      Total
                          Power      Power      Power      Power (Watts)
----------------------------------------------------------------
Sequential             0.00e+00   0.00e+00   0.00e+00   0.00e+00   0.0%
Combinational          1.08e-09   9.13e-10   1.91e-09   3.91e-09 100.0%
Macro                  0.00e+00   0.00e+00   0.00e+00   0.00e+00   0.0%
Pad                    0.00e+00   0.00e+00   0.00e+00   0.00e+00   0.0%
----------------------------------------------------------------
Total                  1.08e-09   9.13e-10   1.91e-09   3.91e-09 100.0%
                          27.7%      23.4%      48.9%
power_report_end
area_report

===========================================================================
 report_design_area
============================================================================
Design area 6770 u^2 54% utilization.
area_report_end
