OpenROAD v2.0-4818-g4174c3ad8 
This program is licensed under the BSD-3 license. See the LICENSE file for details.
Components of this program may be licensed under more restrictive licenses which must be honored.
[INFO ODB-0222] Reading LEF file: /foss/designs/SKY130_SAR-ADC/openlane/adc_clkgen_with_edgedetect/runs/kaiserschmarrn/tmp/merged.nom.lef
[WARNING ODB-0220] WARNING (LEFPARS-2036): SOURCE statement is obsolete in version 5.6 and later.
The LEF parser will ignore this statement.
To avoid this warning in the future, remove this statement from the LEF file with version 5.6 or later. See file /foss/designs/SKY130_SAR-ADC/openlane/adc_clkgen_with_edgedetect/runs/kaiserschmarrn/tmp/merged.nom.lef at line 930.

[INFO ODB-0223]     Created 13 technology layers
[INFO ODB-0224]     Created 25 technology vias
[INFO ODB-0225]     Created 442 library cells
[INFO ODB-0226] Finished LEF file:  /foss/designs/SKY130_SAR-ADC/openlane/adc_clkgen_with_edgedetect/runs/kaiserschmarrn/tmp/merged.nom.lef
[INFO ODB-0127] Reading DEF file: /foss/designs/SKY130_SAR-ADC/openlane/adc_clkgen_with_edgedetect/runs/kaiserschmarrn/tmp/floorplan/7-pdn.def
[INFO ODB-0128] Design: adc_clkgen_with_edgedetect
[INFO ODB-0130]     Created 37 pins.
[INFO ODB-0131]     Created 814 components and 4726 component-terminals.
[INFO ODB-0132]     Created 4 special nets and 2920 connections.
[INFO ODB-0133]     Created 623 nets and 1806 connections.
[INFO ODB-0134] Finished DEF file: /foss/designs/SKY130_SAR-ADC/openlane/adc_clkgen_with_edgedetect/runs/kaiserschmarrn/tmp/floorplan/7-pdn.def
[INFO]: Setting RC values...
[INFO]: Setting signal min routing layer to: met1 and clock min routing layer to met1. 
[INFO]: Setting signal max routing layer to: met4 and clock max routing layer to met4. 
[INFO GPL-0002] DBU: 1000
[INFO GPL-0003] SiteSize: 460 2720
[INFO GPL-0004] CoreAreaLxLy: 4140 2720
[INFO GPL-0005] CoreAreaUxUy: 179860 73440
[INFO GPL-0006] NumInstances: 814
[INFO GPL-0007] NumPlaceInstances: 594
[INFO GPL-0008] NumFixedInstances: 220
[INFO GPL-0009] NumDummyInstances: 0
[INFO GPL-0010] NumNets: 623
[INFO GPL-0011] NumPins: 1841
[INFO GPL-0012] DieAreaLxLy: 0 0
[INFO GPL-0013] DieAreaUxUy: 184000 78000
[INFO GPL-0014] CoreAreaLxLy: 4140 2720
[INFO GPL-0015] CoreAreaUxUy: 179860 73440
[INFO GPL-0016] CoreArea: 12426918400
[INFO GPL-0017] NonPlaceInstsArea: 405388800
[INFO GPL-0018] PlaceInstsArea: 6770243200
[INFO GPL-0019] Util(%): 56.32
[INFO GPL-0020] StdInstsArea: 6770243200
[INFO GPL-0021] MacroInstsArea: 0
[InitialPlace]  Iter: 1 CG residual: 0.00000006 HPWL: 13169867
[InitialPlace]  Iter: 2 CG residual: 0.00000010 HPWL: 7327090
[InitialPlace]  Iter: 3 CG residual: 0.00000010 HPWL: 7080856
[InitialPlace]  Iter: 4 CG residual: 0.00000011 HPWL: 7100300
[InitialPlace]  Iter: 5 CG residual: 0.00000012 HPWL: 7099589
[INFO GPL-0031] FillerInit: NumGCells: 803
[INFO GPL-0032] FillerInit: NumGNets: 623
[INFO GPL-0033] FillerInit: NumGPins: 1841
[INFO GPL-0023] TargetDensity: 0.75
[INFO GPL-0024] AveragePlaceInstArea: 11397715
[INFO GPL-0025] IdealBinArea: 15196953
[INFO GPL-0026] IdealBinCnt: 817
[INFO GPL-0027] TotalBinArea: 12426918400
[INFO GPL-0028] BinCnt: 16 16
[INFO GPL-0029] BinSize: 10983 4420
[INFO GPL-0030] NumBins: 256
[NesterovSolve] Iter: 1 overflow: 0.942024 HPWL: 2881990
[NesterovSolve] Iter: 10 overflow: 0.911351 HPWL: 3286965
[NesterovSolve] Iter: 20 overflow: 0.894449 HPWL: 3430554
[NesterovSolve] Iter: 30 overflow: 0.891104 HPWL: 3454091
[NesterovSolve] Iter: 40 overflow: 0.887273 HPWL: 3456982
[NesterovSolve] Iter: 50 overflow: 0.885134 HPWL: 3469745
[NesterovSolve] Iter: 60 overflow: 0.885767 HPWL: 3468106
[NesterovSolve] Iter: 70 overflow: 0.88813 HPWL: 3456933
[NesterovSolve] Iter: 80 overflow: 0.889272 HPWL: 3451598
[NesterovSolve] Iter: 90 overflow: 0.888737 HPWL: 3455016
[NesterovSolve] Iter: 100 overflow: 0.887001 HPWL: 3461805
[NesterovSolve] Iter: 110 overflow: 0.884377 HPWL: 3469331
[NesterovSolve] Iter: 120 overflow: 0.880878 HPWL: 3478558
[NesterovSolve] Iter: 130 overflow: 0.876731 HPWL: 3491170
[NesterovSolve] Iter: 140 overflow: 0.870445 HPWL: 3511428
[NesterovSolve] Iter: 150 overflow: 0.865155 HPWL: 3545902
[NesterovSolve] Iter: 160 overflow: 0.857779 HPWL: 3599212
[NesterovSolve] Iter: 170 overflow: 0.847398 HPWL: 3673520
[NesterovSolve] Iter: 180 overflow: 0.820894 HPWL: 3769817
[NesterovSolve] Iter: 190 overflow: 0.813911 HPWL: 3901778
[NesterovSolve] Iter: 200 overflow: 0.796125 HPWL: 4094464
[INFO GPL-0100] worst slack 0.0006
[INFO GPL-0103] Weighted 60 nets.
[NesterovSolve] Iter: 210 overflow: 0.767109 HPWL: 4291831
[NesterovSolve] Iter: 220 overflow: 0.749473 HPWL: 4588708
[NesterovSolve] Iter: 230 overflow: 0.715154 HPWL: 4833166
[NesterovSolve] Iter: 240 overflow: 0.693671 HPWL: 5118716
[NesterovSolve] Iter: 250 overflow: 0.659984 HPWL: 5387434
[INFO GPL-0100] worst slack 0.0006
[INFO GPL-0103] Weighted 60 nets.
[NesterovSolve] Iter: 260 overflow: 0.616328 HPWL: 5645792
[NesterovSolve] Snapshot saved at iter = 265
[NesterovSolve] Iter: 270 overflow: 0.573361 HPWL: 5917304
[NesterovSolve] Iter: 280 overflow: 0.524098 HPWL: 6215642
[INFO GPL-0100] worst slack 0.0006
[INFO GPL-0103] Weighted 60 nets.
[NesterovSolve] Iter: 290 overflow: 0.475511 HPWL: 6491086
[NesterovSolve] Iter: 300 overflow: 0.425917 HPWL: 6717363
[NesterovSolve] Iter: 310 overflow: 0.383257 HPWL: 7011265
[NesterovSolve] Iter: 320 overflow: 0.338499 HPWL: 7231389
[NesterovSolve] Iter: 330 overflow: 0.306063 HPWL: 7386540
[INFO GPL-0100] worst slack 0.0006
[INFO GPL-0103] Weighted 60 nets.
[NesterovSolve] Iter: 340 overflow: 0.278113 HPWL: 7576648
[NesterovSolve] Iter: 350 overflow: 0.244874 HPWL: 7736135
[NesterovSolve] Iter: 360 overflow: 0.203016 HPWL: 7871472
[INFO GPL-0100] worst slack 0.0006
[INFO GPL-0103] Weighted 60 nets.
[INFO GPL-0075] Routability numCall: 1 inflationIterCnt: 1 bloatIterCnt: 0
[INFO GPL-0036] TileLxLy: 0 0
[INFO GPL-0037] TileSize: 6900 6900
[INFO GPL-0038] TileCnt: 26 11
[INFO GPL-0039] numRoutingLayers: 6
[INFO GPL-0040] NumTiles: 286
[INFO GPL-0063] TotalRouteOverflowH2: 0
[INFO GPL-0064] TotalRouteOverflowV2: 0
[INFO GPL-0065] OverflowTileCnt2: 0
[INFO GPL-0066] 0.5%RC: 1
[INFO GPL-0067] 1.0%RC: 1
[INFO GPL-0068] 2.0%RC: 1
[INFO GPL-0069] 5.0%RC: 0.9899999976158143
[INFO GPL-0070] 0.5rcK: 1
[INFO GPL-0071] 1.0rcK: 1
[INFO GPL-0072] 2.0rcK: 0
[INFO GPL-0073] 5.0rcK: 0
[INFO GPL-0074] FinalRC: 1
[NesterovSolve] Iter: 370 overflow: 0.171859 HPWL: 8068636
[NesterovSolve] Iter: 380 overflow: 0.151118 HPWL: 8235125
[INFO GPL-0100] worst slack 0.0006
[INFO GPL-0103] Weighted 60 nets.
[NesterovSolve] Iter: 390 overflow: 0.125989 HPWL: 8367049
[NesterovSolve] Iter: 400 overflow: 0.0985333 HPWL: 8452288
[NesterovSolve] Finished with Overflow: 0.098533
[INFO]: Setting RC values...
min_report

===========================================================================
report_checks -path_delay min (Hold)
============================================================================
Startpoint: nsample_n (input port clocked by __VIRTUAL_CLK__)
Endpoint: nsample_n_buf (output port clocked by __VIRTUAL_CLK__)
Path Group: __VIRTUAL_CLK__
Path Type: min

Fanout     Cap    Slew   Delay    Time   Description
-----------------------------------------------------------------------------
                  0.00    0.00    0.00   clock __VIRTUAL_CLK__ (rise edge)
                          0.00    0.00   clock network delay (ideal)
                       200000.00 200000.00 ^ input external delay
                  0.05    0.03 200000.03 ^ nsample_n (in)
     1    0.01                           nsample_n (net)
                  0.05    0.00 200000.03 ^ outbuf_6/A (sky130_fd_sc_hd__buf_4)
                  0.10    0.15 200000.17 ^ outbuf_6/X (sky130_fd_sc_hd__buf_4)
     1    0.03                           nsample_n_buf (net)
                  0.10    0.00 200000.17 ^ nsample_n_buf (out)
                               200000.17   data arrival time

                  0.00    0.00    0.00   clock __VIRTUAL_CLK__ (rise edge)
                          0.00    0.00   clock network delay (ideal)
                          0.25    0.25   clock uncertainty
                          0.00    0.25   clock reconvergence pessimism
                       -200000.00 -199999.75   output external delay
                               -199999.75   data required time
-----------------------------------------------------------------------------
                               -199999.75   data required time
                               -200000.17   data arrival time
-----------------------------------------------------------------------------
                               399999.91   slack (MET)


Startpoint: nsample_p (input port clocked by __VIRTUAL_CLK__)
Endpoint: nsample_p_buf (output port clocked by __VIRTUAL_CLK__)
Path Group: __VIRTUAL_CLK__
Path Type: min

Fanout     Cap    Slew   Delay    Time   Description
-----------------------------------------------------------------------------
                  0.00    0.00    0.00   clock __VIRTUAL_CLK__ (rise edge)
                          0.00    0.00   clock network delay (ideal)
                       200000.00 200000.00 ^ input external delay
                  0.05    0.03 200000.03 ^ nsample_p (in)
     1    0.01                           nsample_p (net)
                  0.05    0.00 200000.03 ^ outbuf_5/A (sky130_fd_sc_hd__buf_4)
                  0.10    0.15 200000.17 ^ outbuf_5/X (sky130_fd_sc_hd__buf_4)
     1    0.03                           nsample_p_buf (net)
                  0.10    0.00 200000.17 ^ nsample_p_buf (out)
                               200000.17   data arrival time

                  0.00    0.00    0.00   clock __VIRTUAL_CLK__ (rise edge)
                          0.00    0.00   clock network delay (ideal)
                          0.25    0.25   clock uncertainty
                          0.00    0.25   clock reconvergence pessimism
                       -200000.00 -199999.75   output external delay
                               -199999.75   data required time
-----------------------------------------------------------------------------
                               -199999.75   data required time
                               -200000.17   data arrival time
-----------------------------------------------------------------------------
                               399999.91   slack (MET)


Startpoint: sample_n (input port clocked by __VIRTUAL_CLK__)
Endpoint: sample_n_buf (output port clocked by __VIRTUAL_CLK__)
Path Group: __VIRTUAL_CLK__
Path Type: min

Fanout     Cap    Slew   Delay    Time   Description
-----------------------------------------------------------------------------
                  0.00    0.00    0.00   clock __VIRTUAL_CLK__ (rise edge)
                          0.00    0.00   clock network delay (ideal)
                       200000.00 200000.00 ^ input external delay
                  0.05    0.03 200000.03 ^ sample_n (in)
     1    0.01                           sample_n (net)
                  0.05    0.00 200000.03 ^ outbuf_4/A (sky130_fd_sc_hd__buf_4)
                  0.10    0.15 200000.17 ^ outbuf_4/X (sky130_fd_sc_hd__buf_4)
     1    0.03                           sample_n_buf (net)
                  0.10    0.00 200000.17 ^ sample_n_buf (out)
                               200000.17   data arrival time

                  0.00    0.00    0.00   clock __VIRTUAL_CLK__ (rise edge)
                          0.00    0.00   clock network delay (ideal)
                          0.25    0.25   clock uncertainty
                          0.00    0.25   clock reconvergence pessimism
                       -200000.00 -199999.75   output external delay
                               -199999.75   data required time
-----------------------------------------------------------------------------
                               -199999.75   data required time
                               -200000.17   data arrival time
-----------------------------------------------------------------------------
                               399999.91   slack (MET)


Startpoint: sample_p (input port clocked by __VIRTUAL_CLK__)
Endpoint: sample_p_buf (output port clocked by __VIRTUAL_CLK__)
Path Group: __VIRTUAL_CLK__
Path Type: min

Fanout     Cap    Slew   Delay    Time   Description
-----------------------------------------------------------------------------
                  0.00    0.00    0.00   clock __VIRTUAL_CLK__ (rise edge)
                          0.00    0.00   clock network delay (ideal)
                       200000.00 200000.00 ^ input external delay
                  0.05    0.03 200000.03 ^ sample_p (in)
     1    0.01                           sample_p (net)
                  0.05    0.00 200000.03 ^ outbuf_3/A (sky130_fd_sc_hd__buf_4)
                  0.10    0.15 200000.17 ^ outbuf_3/X (sky130_fd_sc_hd__buf_4)
     1    0.03                           sample_p_buf (net)
                  0.10    0.00 200000.17 ^ sample_p_buf (out)
                               200000.17   data arrival time

                  0.00    0.00    0.00   clock __VIRTUAL_CLK__ (rise edge)
                          0.00    0.00   clock network delay (ideal)
                          0.25    0.25   clock uncertainty
                          0.00    0.25   clock reconvergence pessimism
                       -200000.00 -199999.75   output external delay
                               -199999.75   data required time
-----------------------------------------------------------------------------
                               -199999.75   data required time
                               -200000.17   data arrival time
-----------------------------------------------------------------------------
                               399999.91   slack (MET)


Startpoint: dlycontrol3[2] (input port clocked by __VIRTUAL_CLK__)
Endpoint: clk_comp (output port clocked by __VIRTUAL_CLK__)
Path Group: __VIRTUAL_CLK__
Path Type: min

Fanout     Cap    Slew   Delay    Time   Description
-----------------------------------------------------------------------------
                  0.00    0.00    0.00   clock __VIRTUAL_CLK__ (rise edge)
                          0.00    0.00   clock network delay (ideal)
                       200000.00 200000.00 v input external delay
                  0.08    0.06 200000.06 v dlycontrol3[2] (in)
    10    0.04                           dlycontrol3[2] (net)
                  0.08    0.00 200000.06 v _324_/B (sky130_fd_sc_hd__nor2_2)
                  0.10    0.10 200000.16 ^ _324_/Y (sky130_fd_sc_hd__nor2_2)
     2    0.01                           _145_ (net)
                  0.10    0.00 200000.16 ^ _328_/B (sky130_fd_sc_hd__or2_2)
                  0.03    0.12 200000.28 ^ _328_/X (sky130_fd_sc_hd__or2_2)
     1    0.00                           _147_ (net)
                  0.03    0.00 200000.28 ^ _329_/A (sky130_fd_sc_hd__buf_1)
                  0.11    0.12 200000.39 ^ _329_/X (sky130_fd_sc_hd__buf_1)
     2    0.01                           clkgen.delay_100ns_3._bypass_[19] (net)
                  0.11    0.00 200000.39 ^ clkgen.delay_100ns_3.genblk1[19].mux1/S (sky130_fd_sc_hd__mux2_1)
                  0.05    0.10 200000.50 ^ clkgen.delay_100ns_3.genblk1[19].mux1/X (sky130_fd_sc_hd__mux2_1)
     1    0.00                           clkgen.clk_comp (net)
                  0.05    0.00 200000.50 ^ outbuf_2/A (sky130_fd_sc_hd__buf_4)
                  0.10    0.15 200000.64 ^ outbuf_2/X (sky130_fd_sc_hd__buf_4)
     1    0.03                           clk_comp (net)
                  0.10    0.00 200000.64 ^ clk_comp (out)
                               200000.64   data arrival time

                  0.00    0.00    0.00   clock __VIRTUAL_CLK__ (rise edge)
                          0.00    0.00   clock network delay (ideal)
                          0.25    0.25   clock uncertainty
                          0.00    0.25   clock reconvergence pessimism
                       -200000.00 -199999.75   output external delay
                               -199999.75   data required time
-----------------------------------------------------------------------------
                               -199999.75   data required time
                               -200000.64   data arrival time
-----------------------------------------------------------------------------
                               400000.38   slack (MET)


min_report_end
max_report

===========================================================================
report_checks -path_delay max (Setup)
============================================================================
Startpoint: enable_dlycontrol (input port clocked by __VIRTUAL_CLK__)
Endpoint: clk_comp (output port clocked by __VIRTUAL_CLK__)
Path Group: __VIRTUAL_CLK__
Path Type: max

Fanout     Cap    Slew   Delay    Time   Description
-----------------------------------------------------------------------------
                  0.00    0.00    0.00   clock __VIRTUAL_CLK__ (rise edge)
                          0.00    0.00   clock network delay (ideal)
                       200000.00 200000.00 ^ input external delay
                  0.21    0.15 200000.14 ^ enable_dlycontrol (in)
    10    0.04                           enable_dlycontrol (net)
                  0.21    0.00 200000.14 ^ _183_/A (sky130_fd_sc_hd__buf_1)
                  0.43    0.41 200000.55 ^ _183_/X (sky130_fd_sc_hd__buf_1)
    10    0.04                           _100_ (net)
                  0.43    0.00 200000.55 ^ _184_/A (sky130_fd_sc_hd__buf_1)
                  0.66    0.60 200001.16 ^ _184_/X (sky130_fd_sc_hd__buf_1)
    10    0.06                           _101_ (net)
                  0.66    0.00 200001.16 ^ _191_/A1 (sky130_fd_sc_hd__a21oi_2)
                  0.11    0.10 200001.25 v _191_/Y (sky130_fd_sc_hd__a21oi_2)
     1    0.00                           edgedetect.dly200cell._bypass_[0] (net)
                  0.11    0.00 200001.25 v edgedetect.dly200cell.genblk1[0].mux1/S (sky130_fd_sc_hd__mux2_1)
                  0.06    0.35 200001.59 v edgedetect.dly200cell.genblk1[0].mux1/X (sky130_fd_sc_hd__mux2_1)
     2    0.00                           edgedetect.dly200cell._siga_[1] (net)
                  0.06    0.00 200001.59 v edgedetect.dly200cell.genblk1[1].mux1/A1 (sky130_fd_sc_hd__mux2_1)
                  0.07    0.32 200001.92 v edgedetect.dly200cell.genblk1[1].mux1/X (sky130_fd_sc_hd__mux2_1)
     2    0.00                           edgedetect.dly200cell._siga_[2] (net)
                  0.07    0.00 200001.92 v edgedetect.dly200cell.genblk1[2].mux1/A1 (sky130_fd_sc_hd__mux2_1)
                  0.06    0.32 200002.23 v edgedetect.dly200cell.genblk1[2].mux1/X (sky130_fd_sc_hd__mux2_1)
     2    0.00                           edgedetect.dly200cell._siga_[3] (net)
                  0.06    0.00 200002.23 v edgedetect.dly200cell.genblk1[3].mux1/A1 (sky130_fd_sc_hd__mux2_1)
                  0.07    0.32 200002.56 v edgedetect.dly200cell.genblk1[3].mux1/X (sky130_fd_sc_hd__mux2_1)
     2    0.00                           edgedetect.dly200cell._siga_[4] (net)
                  0.07    0.00 200002.56 v edgedetect.dly200cell.genblk1[4].mux1/A1 (sky130_fd_sc_hd__mux2_1)
                  0.06    0.32 200002.88 v edgedetect.dly200cell.genblk1[4].mux1/X (sky130_fd_sc_hd__mux2_1)
     2    0.00                           edgedetect.dly200cell._siga_[5] (net)
                  0.06    0.00 200002.88 v edgedetect.dly200cell.genblk1[5].mux1/A1 (sky130_fd_sc_hd__mux2_1)
                  0.06    0.32 200003.20 v edgedetect.dly200cell.genblk1[5].mux1/X (sky130_fd_sc_hd__mux2_1)
     2    0.00                           edgedetect.dly200cell._siga_[6] (net)
                  0.06    0.00 200003.20 v edgedetect.dly200cell.genblk1[6].mux1/A1 (sky130_fd_sc_hd__mux2_1)
                  0.06    0.32 200003.52 v edgedetect.dly200cell.genblk1[6].mux1/X (sky130_fd_sc_hd__mux2_1)
     2    0.00                           edgedetect.dly200cell._siga_[7] (net)
                  0.06    0.00 200003.52 v edgedetect.dly200cell.genblk1[7].mux1/A1 (sky130_fd_sc_hd__mux2_1)
                  0.06    0.32 200003.84 v edgedetect.dly200cell.genblk1[7].mux1/X (sky130_fd_sc_hd__mux2_1)
     2    0.00                           edgedetect.dly200cell._siga_[8] (net)
                  0.06    0.00 200003.84 v edgedetect.dly200cell.genblk1[8].mux1/A1 (sky130_fd_sc_hd__mux2_1)
                  0.06    0.32 200004.16 v edgedetect.dly200cell.genblk1[8].mux1/X (sky130_fd_sc_hd__mux2_1)
     2    0.00                           edgedetect.dly200cell._siga_[9] (net)
                  0.06    0.00 200004.16 v edgedetect.dly200cell.genblk1[9].mux1/A1 (sky130_fd_sc_hd__mux2_1)
                  0.06    0.32 200004.48 v edgedetect.dly200cell.genblk1[9].mux1/X (sky130_fd_sc_hd__mux2_1)
     2    0.00                           edgedetect.dly200cell._siga_[10] (net)
                  0.06    0.00 200004.48 v edgedetect.dly200cell.genblk1[10].mux1/A1 (sky130_fd_sc_hd__mux2_1)
                  0.06    0.32 200004.80 v edgedetect.dly200cell.genblk1[10].mux1/X (sky130_fd_sc_hd__mux2_1)
     2    0.00                           edgedetect.dly200cell._siga_[11] (net)
                  0.06    0.00 200004.80 v edgedetect.dly200cell.genblk1[11].mux1/A1 (sky130_fd_sc_hd__mux2_1)
                  0.06    0.32 200005.12 v edgedetect.dly200cell.genblk1[11].mux1/X (sky130_fd_sc_hd__mux2_1)
     2    0.00                           edgedetect.dly200cell._siga_[12] (net)
                  0.06    0.00 200005.12 v edgedetect.dly200cell.genblk1[12].mux1/A1 (sky130_fd_sc_hd__mux2_1)
                  0.06    0.32 200005.44 v edgedetect.dly200cell.genblk1[12].mux1/X (sky130_fd_sc_hd__mux2_1)
     2    0.00                           edgedetect.dly200cell._siga_[13] (net)
                  0.06    0.00 200005.44 v edgedetect.dly200cell.genblk1[13].mux1/A1 (sky130_fd_sc_hd__mux2_1)
                  0.06    0.32 200005.77 v edgedetect.dly200cell.genblk1[13].mux1/X (sky130_fd_sc_hd__mux2_1)
     2    0.00                           edgedetect.dly200cell._siga_[14] (net)
                  0.06    0.00 200005.77 v edgedetect.dly200cell.genblk1[14].mux1/A1 (sky130_fd_sc_hd__mux2_1)
                  0.06    0.32 200006.08 v edgedetect.dly200cell.genblk1[14].mux1/X (sky130_fd_sc_hd__mux2_1)
     2    0.00                           edgedetect.dly200cell._siga_[15] (net)
                  0.06    0.00 200006.08 v edgedetect.dly200cell.genblk1[15].mux1/A1 (sky130_fd_sc_hd__mux2_1)
                  0.09    0.35 200006.44 v edgedetect.dly200cell.genblk1[15].mux1/X (sky130_fd_sc_hd__mux2_1)
     2    0.01                           edgedetect.dly200cell._siga_[16] (net)
                  0.09    0.00 200006.44 v edgedetect.dly200cell.genblk1[16].mux1/A1 (sky130_fd_sc_hd__mux2_1)
                  0.06    0.32 200006.75 v edgedetect.dly200cell.genblk1[16].mux1/X (sky130_fd_sc_hd__mux2_1)
     2    0.00                           edgedetect.dly200cell._siga_[17] (net)
                  0.06    0.00 200006.75 v edgedetect.dly200cell.genblk1[17].mux1/A1 (sky130_fd_sc_hd__mux2_1)
                  0.06    0.32 200007.08 v edgedetect.dly200cell.genblk1[17].mux1/X (sky130_fd_sc_hd__mux2_1)
     2    0.00                           edgedetect.dly200cell._siga_[18] (net)
                  0.06    0.00 200007.08 v edgedetect.dly200cell.genblk1[18].mux1/A1 (sky130_fd_sc_hd__mux2_1)
                  0.07    0.32 200007.39 v edgedetect.dly200cell.genblk1[18].mux1/X (sky130_fd_sc_hd__mux2_1)
     2    0.00                           edgedetect.dly200cell._siga_[19] (net)
                  0.07    0.00 200007.39 v edgedetect.dly200cell.genblk1[19].mux1/A1 (sky130_fd_sc_hd__mux2_1)
                  0.07    0.32 200007.72 v edgedetect.dly200cell.genblk1[19].mux1/X (sky130_fd_sc_hd__mux2_1)
     2    0.00                           edgedetect.dly200cell._siga_[20] (net)
                  0.07    0.00 200007.72 v edgedetect.dly200cell.genblk1[20].mux1/A1 (sky130_fd_sc_hd__mux2_1)
                  0.06    0.32 200008.03 v edgedetect.dly200cell.genblk1[20].mux1/X (sky130_fd_sc_hd__mux2_1)
     2    0.00                           edgedetect.dly200cell._siga_[21] (net)
                  0.06    0.00 200008.03 v edgedetect.dly200cell.genblk1[21].mux1/A1 (sky130_fd_sc_hd__mux2_1)
                  0.06    0.32 200008.36 v edgedetect.dly200cell.genblk1[21].mux1/X (sky130_fd_sc_hd__mux2_1)
     2    0.00                           edgedetect.dly200cell._siga_[22] (net)
                  0.06    0.00 200008.36 v edgedetect.dly200cell.genblk1[22].mux1/A1 (sky130_fd_sc_hd__mux2_1)
                  0.06    0.32 200008.67 v edgedetect.dly200cell.genblk1[22].mux1/X (sky130_fd_sc_hd__mux2_1)
     2    0.00                           edgedetect.dly200cell._siga_[23] (net)
                  0.06    0.00 200008.67 v edgedetect.dly200cell.genblk1[23].mux1/A1 (sky130_fd_sc_hd__mux2_1)
                  0.06    0.32 200009.00 v edgedetect.dly200cell.genblk1[23].mux1/X (sky130_fd_sc_hd__mux2_1)
     2    0.00                           edgedetect.dly200cell._siga_[24] (net)
                  0.06    0.00 200009.00 v edgedetect.dly200cell.genblk1[24].mux1/A1 (sky130_fd_sc_hd__mux2_1)
                  0.06    0.32 200009.31 v edgedetect.dly200cell.genblk1[24].mux1/X (sky130_fd_sc_hd__mux2_1)
     2    0.00                           edgedetect.dly200cell._siga_[25] (net)
                  0.06    0.00 200009.31 v edgedetect.dly200cell.genblk1[25].mux1/A1 (sky130_fd_sc_hd__mux2_1)
                  0.06    0.32 200009.64 v edgedetect.dly200cell.genblk1[25].mux1/X (sky130_fd_sc_hd__mux2_1)
     2    0.00                           edgedetect.dly200cell._siga_[26] (net)
                  0.06    0.00 200009.64 v edgedetect.dly200cell.genblk1[26].mux1/A1 (sky130_fd_sc_hd__mux2_1)
                  0.06    0.32 200009.95 v edgedetect.dly200cell.genblk1[26].mux1/X (sky130_fd_sc_hd__mux2_1)
     2    0.00                           edgedetect.dly200cell._siga_[27] (net)
                  0.06    0.00 200009.95 v edgedetect.dly200cell.genblk1[27].mux1/A1 (sky130_fd_sc_hd__mux2_1)
                  0.06    0.32 200010.28 v edgedetect.dly200cell.genblk1[27].mux1/X (sky130_fd_sc_hd__mux2_1)
     2    0.00                           edgedetect.dly200cell._siga_[28] (net)
                  0.06    0.00 200010.28 v edgedetect.dly200cell.genblk1[28].mux1/A1 (sky130_fd_sc_hd__mux2_1)
                  0.06    0.32 200010.59 v edgedetect.dly200cell.genblk1[28].mux1/X (sky130_fd_sc_hd__mux2_1)
     2    0.00                           edgedetect.dly200cell._siga_[29] (net)
                  0.06    0.00 200010.59 v edgedetect.dly200cell.genblk1[29].mux1/A1 (sky130_fd_sc_hd__mux2_1)
                  0.06    0.32 200010.92 v edgedetect.dly200cell.genblk1[29].mux1/X (sky130_fd_sc_hd__mux2_1)
     2    0.00                           edgedetect.dly200cell._siga_[30] (net)
                  0.06    0.00 200010.92 v edgedetect.dly200cell.genblk1[30].mux1/A1 (sky130_fd_sc_hd__mux2_1)
                  0.06    0.32 200011.23 v edgedetect.dly200cell.genblk1[30].mux1/X (sky130_fd_sc_hd__mux2_1)
     2    0.00                           edgedetect.dly200cell._siga_[31] (net)
                  0.06    0.00 200011.23 v edgedetect.dly200cell.genblk1[31].mux1/A1 (sky130_fd_sc_hd__mux2_1)
                  0.06    0.32 200011.56 v edgedetect.dly200cell.genblk1[31].mux1/X (sky130_fd_sc_hd__mux2_1)
     2    0.00                           edgedetect.dly200cell._siga_[32] (net)
                  0.06    0.00 200011.56 v edgedetect.dly200cell.genblk1[32].mux1/A1 (sky130_fd_sc_hd__mux2_1)
                  0.06    0.32 200011.88 v edgedetect.dly200cell.genblk1[32].mux1/X (sky130_fd_sc_hd__mux2_1)
     2    0.00                           edgedetect.dly200cell._siga_[33] (net)
                  0.06    0.00 200011.88 v edgedetect.dly200cell.genblk1[33].mux1/A1 (sky130_fd_sc_hd__mux2_1)
                  0.06    0.32 200012.19 v edgedetect.dly200cell.genblk1[33].mux1/X (sky130_fd_sc_hd__mux2_1)
     2    0.00                           edgedetect.dly200cell._siga_[34] (net)
                  0.06    0.00 200012.19 v edgedetect.dly200cell.genblk1[34].mux1/A1 (sky130_fd_sc_hd__mux2_1)
                  0.06    0.32 200012.52 v edgedetect.dly200cell.genblk1[34].mux1/X (sky130_fd_sc_hd__mux2_1)
     2    0.00                           edgedetect.dly200cell._siga_[35] (net)
                  0.06    0.00 200012.52 v edgedetect.dly200cell.genblk1[35].mux1/A1 (sky130_fd_sc_hd__mux2_1)
                  0.06    0.32 200012.83 v edgedetect.dly200cell.genblk1[35].mux1/X (sky130_fd_sc_hd__mux2_1)
     2    0.00                           edgedetect.dly200cell._siga_[36] (net)
                  0.06    0.00 200012.83 v edgedetect.dly200cell.genblk1[36].mux1/A1 (sky130_fd_sc_hd__mux2_1)
                  0.06    0.32 200013.16 v edgedetect.dly200cell.genblk1[36].mux1/X (sky130_fd_sc_hd__mux2_1)
     2    0.00                           edgedetect.dly200cell._siga_[37] (net)
                  0.06    0.00 200013.16 v edgedetect.dly200cell.genblk1[37].mux1/A1 (sky130_fd_sc_hd__mux2_1)
                  0.06    0.32 200013.47 v edgedetect.dly200cell.genblk1[37].mux1/X (sky130_fd_sc_hd__mux2_1)
     2    0.00                           edgedetect.dly200cell._siga_[38] (net)
                  0.06    0.00 200013.47 v edgedetect.dly200cell.genblk1[38].mux1/A1 (sky130_fd_sc_hd__mux2_1)
                  0.06    0.32 200013.80 v edgedetect.dly200cell.genblk1[38].mux1/X (sky130_fd_sc_hd__mux2_1)
     2    0.00                           edgedetect.dly200cell._siga_[39] (net)
                  0.06    0.00 200013.80 v edgedetect.dly200cell.genblk1[39].mux1/A1 (sky130_fd_sc_hd__mux2_1)
                  0.07    0.32 200014.11 v edgedetect.dly200cell.genblk1[39].mux1/X (sky130_fd_sc_hd__mux2_1)
     1    0.00                           edgedetect._start_conv_delayed_ (net)
                  0.07    0.00 200014.11 v _429_/A (sky130_fd_sc_hd__inv_2)
                  0.03    0.06 200014.17 ^ _429_/Y (sky130_fd_sc_hd__inv_2)
     1    0.00                           _176_ (net)
                  0.03    0.00 200014.17 ^ _431_/A2 (sky130_fd_sc_hd__a211o_2)
                  0.05    0.13 200014.31 ^ _431_/X (sky130_fd_sc_hd__a211o_2)
     2    0.01                           clkgen._net_1_ (net)
                  0.05    0.00 200014.31 ^ clkgen.delay_100ns_3.genblk1[0].mux1/A1 (sky130_fd_sc_hd__mux2_1)
                  0.06    0.15 200014.45 ^ clkgen.delay_100ns_3.genblk1[0].mux1/X (sky130_fd_sc_hd__mux2_1)
     2    0.00                           clkgen.delay_100ns_3._siga_[1] (net)
                  0.06    0.00 200014.45 ^ clkgen.delay_100ns_3.genblk1[1].mux1/A1 (sky130_fd_sc_hd__mux2_1)
                  0.06    0.15 200014.59 ^ clkgen.delay_100ns_3.genblk1[1].mux1/X (sky130_fd_sc_hd__mux2_1)
     2    0.00                           clkgen.delay_100ns_3._siga_[2] (net)
                  0.06    0.00 200014.59 ^ clkgen.delay_100ns_3.genblk1[2].mux1/A1 (sky130_fd_sc_hd__mux2_1)
                  0.06    0.15 200014.73 ^ clkgen.delay_100ns_3.genblk1[2].mux1/X (sky130_fd_sc_hd__mux2_1)
     2    0.00                           clkgen.delay_100ns_3._siga_[3] (net)
                  0.06    0.00 200014.73 ^ clkgen.delay_100ns_3.genblk1[3].mux1/A1 (sky130_fd_sc_hd__mux2_1)
                  0.06    0.15 200014.89 ^ clkgen.delay_100ns_3.genblk1[3].mux1/X (sky130_fd_sc_hd__mux2_1)
     2    0.00                           clkgen.delay_100ns_3._siga_[4] (net)
                  0.06    0.00 200014.89 ^ clkgen.delay_100ns_3.genblk1[4].mux1/A1 (sky130_fd_sc_hd__mux2_1)
                  0.06    0.15 200015.03 ^ clkgen.delay_100ns_3.genblk1[4].mux1/X (sky130_fd_sc_hd__mux2_1)
     2    0.01                           clkgen.delay_100ns_3._siga_[5] (net)
                  0.06    0.00 200015.03 ^ clkgen.delay_100ns_3.genblk1[5].mux1/A1 (sky130_fd_sc_hd__mux2_1)
                  0.05    0.13 200015.16 ^ clkgen.delay_100ns_3.genblk1[5].mux1/X (sky130_fd_sc_hd__mux2_1)
     2    0.00                           clkgen.delay_100ns_3._siga_[6] (net)
                  0.05    0.00 200015.16 ^ clkgen.delay_100ns_3.genblk1[6].mux1/A1 (sky130_fd_sc_hd__mux2_1)
                  0.05    0.13 200015.30 ^ clkgen.delay_100ns_3.genblk1[6].mux1/X (sky130_fd_sc_hd__mux2_1)
     2    0.00                           clkgen.delay_100ns_3._siga_[7] (net)
                  0.05    0.00 200015.30 ^ clkgen.delay_100ns_3.genblk1[7].mux1/A1 (sky130_fd_sc_hd__mux2_1)
                  0.06    0.15 200015.44 ^ clkgen.delay_100ns_3.genblk1[7].mux1/X (sky130_fd_sc_hd__mux2_1)
     2    0.00                           clkgen.delay_100ns_3._siga_[8] (net)
                  0.06    0.00 200015.44 ^ clkgen.delay_100ns_3.genblk1[8].mux1/A1 (sky130_fd_sc_hd__mux2_1)
                  0.06    0.13 200015.58 ^ clkgen.delay_100ns_3.genblk1[8].mux1/X (sky130_fd_sc_hd__mux2_1)
     2    0.00                           clkgen.delay_100ns_3._siga_[9] (net)
                  0.06    0.00 200015.58 ^ clkgen.delay_100ns_3.genblk1[9].mux1/A1 (sky130_fd_sc_hd__mux2_1)
                  0.06    0.15 200015.72 ^ clkgen.delay_100ns_3.genblk1[9].mux1/X (sky130_fd_sc_hd__mux2_1)
     2    0.01                           clkgen.delay_100ns_3._siga_[10] (net)
                  0.06    0.00 200015.72 ^ clkgen.delay_100ns_3.genblk1[10].mux1/A1 (sky130_fd_sc_hd__mux2_1)
                  0.06    0.15 200015.86 ^ clkgen.delay_100ns_3.genblk1[10].mux1/X (sky130_fd_sc_hd__mux2_1)
     2    0.00                           clkgen.delay_100ns_3._siga_[11] (net)
                  0.06    0.00 200015.86 ^ clkgen.delay_100ns_3.genblk1[11].mux1/A1 (sky130_fd_sc_hd__mux2_1)
                  0.06    0.15 200016.00 ^ clkgen.delay_100ns_3.genblk1[11].mux1/X (sky130_fd_sc_hd__mux2_1)
     2    0.01                           clkgen.delay_100ns_3._siga_[12] (net)
                  0.06    0.00 200016.00 ^ clkgen.delay_100ns_3.genblk1[12].mux1/A1 (sky130_fd_sc_hd__mux2_1)
                  0.06    0.15 200016.16 ^ clkgen.delay_100ns_3.genblk1[12].mux1/X (sky130_fd_sc_hd__mux2_1)
     2    0.00                           clkgen.delay_100ns_3._siga_[13] (net)
                  0.06    0.00 200016.16 ^ clkgen.delay_100ns_3.genblk1[13].mux1/A1 (sky130_fd_sc_hd__mux2_1)
                  0.05    0.13 200016.28 ^ clkgen.delay_100ns_3.genblk1[13].mux1/X (sky130_fd_sc_hd__mux2_1)
     2    0.00                           clkgen.delay_100ns_3._siga_[14] (net)
                  0.05    0.00 200016.28 ^ clkgen.delay_100ns_3.genblk1[14].mux1/A1 (sky130_fd_sc_hd__mux2_1)
                  0.05    0.13 200016.42 ^ clkgen.delay_100ns_3.genblk1[14].mux1/X (sky130_fd_sc_hd__mux2_1)
     2    0.00                           clkgen.delay_100ns_3._siga_[15] (net)
                  0.05    0.00 200016.42 ^ clkgen.delay_100ns_3.genblk1[15].mux1/A1 (sky130_fd_sc_hd__mux2_1)
                  0.06    0.13 200016.55 ^ clkgen.delay_100ns_3.genblk1[15].mux1/X (sky130_fd_sc_hd__mux2_1)
     2    0.00                           clkgen.delay_100ns_3._siga_[16] (net)
                  0.06    0.00 200016.55 ^ clkgen.delay_100ns_3.genblk1[16].mux1/A1 (sky130_fd_sc_hd__mux2_1)
                  0.05    0.13 200016.67 ^ clkgen.delay_100ns_3.genblk1[16].mux1/X (sky130_fd_sc_hd__mux2_1)
     2    0.00                           clkgen.delay_100ns_3._siga_[17] (net)
                  0.05    0.00 200016.67 ^ clkgen.delay_100ns_3.genblk1[17].mux1/A1 (sky130_fd_sc_hd__mux2_1)
                  0.06    0.15 200016.83 ^ clkgen.delay_100ns_3.genblk1[17].mux1/X (sky130_fd_sc_hd__mux2_1)
     2    0.00                           clkgen.delay_100ns_3._siga_[18] (net)
                  0.06    0.00 200016.83 ^ clkgen.delay_100ns_3.genblk1[18].mux1/A1 (sky130_fd_sc_hd__mux2_1)
                  0.06    0.15 200016.97 ^ clkgen.delay_100ns_3.genblk1[18].mux1/X (sky130_fd_sc_hd__mux2_1)
     2    0.00                           clkgen.delay_100ns_3._siga_[19] (net)
                  0.06    0.00 200016.97 ^ clkgen.delay_100ns_3.genblk1[19].mux1/A1 (sky130_fd_sc_hd__mux2_1)
                  0.05    0.13 200017.09 ^ clkgen.delay_100ns_3.genblk1[19].mux1/X (sky130_fd_sc_hd__mux2_1)
     1    0.00                           clkgen.clk_comp (net)
                  0.05    0.00 200017.09 ^ outbuf_2/A (sky130_fd_sc_hd__buf_4)
                  0.10    0.17 200017.28 ^ outbuf_2/X (sky130_fd_sc_hd__buf_4)
     1    0.03                           clk_comp (net)
                  0.10    0.00 200017.28 ^ clk_comp (out)
                               200017.28   data arrival time

                  0.00 999999.94 999999.94   clock __VIRTUAL_CLK__ (rise edge)
                          0.00 999999.94   clock network delay (ideal)
                         -0.25 999999.75   clock uncertainty
                          0.00 999999.75   clock reconvergence pessimism
                       -200000.00 799999.69   output external delay
                               799999.69   data required time
-----------------------------------------------------------------------------
                               799999.69   data required time
                               -200017.28   data arrival time
-----------------------------------------------------------------------------
                               599982.44   slack (MET)


Startpoint: enable_dlycontrol (input port clocked by __VIRTUAL_CLK__)
Endpoint: clk_dig (output port clocked by __VIRTUAL_CLK__)
Path Group: __VIRTUAL_CLK__
Path Type: max

Fanout     Cap    Slew   Delay    Time   Description
-----------------------------------------------------------------------------
                  0.00    0.00    0.00   clock __VIRTUAL_CLK__ (rise edge)
                          0.00    0.00   clock network delay (ideal)
                       200000.00 200000.00 ^ input external delay
                  0.21    0.15 200000.14 ^ enable_dlycontrol (in)
    10    0.04                           enable_dlycontrol (net)
                  0.21    0.00 200000.14 ^ _183_/A (sky130_fd_sc_hd__buf_1)
                  0.43    0.41 200000.55 ^ _183_/X (sky130_fd_sc_hd__buf_1)
    10    0.04                           _100_ (net)
                  0.43    0.00 200000.55 ^ _220_/A (sky130_fd_sc_hd__buf_1)
                  0.65    0.58 200001.14 ^ _220_/X (sky130_fd_sc_hd__buf_1)
    10    0.06                           _119_ (net)
                  0.65    0.00 200001.14 ^ _386_/B1 (sky130_fd_sc_hd__o21ai_2)
                  0.14    0.16 200001.30 v _386_/Y (sky130_fd_sc_hd__o21ai_2)
     2    0.01                           clkgen.delay_100ns_1._bypass_[1] (net)
                  0.14    0.00 200001.30 v clkgen.delay_100ns_1.genblk1[1].mux1/S (sky130_fd_sc_hd__mux2_1)
                  0.07    0.38 200001.67 v clkgen.delay_100ns_1.genblk1[1].mux1/X (sky130_fd_sc_hd__mux2_1)
     2    0.00                           clkgen.delay_100ns_1._siga_[2] (net)
                  0.07    0.00 200001.67 v clkgen.delay_100ns_1.genblk1[2].mux1/A1 (sky130_fd_sc_hd__mux2_1)
                  0.06    0.32 200002.00 v clkgen.delay_100ns_1.genblk1[2].mux1/X (sky130_fd_sc_hd__mux2_1)
     2    0.00                           clkgen.delay_100ns_1._siga_[3] (net)
                  0.06    0.00 200002.00 v clkgen.delay_100ns_1.genblk1[3].mux1/A1 (sky130_fd_sc_hd__mux2_1)
                  0.06    0.32 200002.31 v clkgen.delay_100ns_1.genblk1[3].mux1/X (sky130_fd_sc_hd__mux2_1)
     2    0.00                           clkgen.delay_100ns_1._siga_[4] (net)
                  0.06    0.00 200002.31 v clkgen.delay_100ns_1.genblk1[4].mux1/A1 (sky130_fd_sc_hd__mux2_1)
                  0.06    0.32 200002.64 v clkgen.delay_100ns_1.genblk1[4].mux1/X (sky130_fd_sc_hd__mux2_1)
     2    0.00                           clkgen.delay_100ns_1._siga_[5] (net)
                  0.06    0.00 200002.64 v clkgen.delay_100ns_1.genblk1[5].mux1/A1 (sky130_fd_sc_hd__mux2_1)
                  0.07    0.32 200002.95 v clkgen.delay_100ns_1.genblk1[5].mux1/X (sky130_fd_sc_hd__mux2_1)
     2    0.00                           clkgen.delay_100ns_1._siga_[6] (net)
                  0.07    0.00 200002.95 v clkgen.delay_100ns_1.genblk1[6].mux1/A1 (sky130_fd_sc_hd__mux2_1)
                  0.06    0.32 200003.28 v clkgen.delay_100ns_1.genblk1[6].mux1/X (sky130_fd_sc_hd__mux2_1)
     2    0.00                           clkgen.delay_100ns_1._siga_[7] (net)
                  0.06    0.00 200003.28 v clkgen.delay_100ns_1.genblk1[7].mux1/A1 (sky130_fd_sc_hd__mux2_1)
                  0.07    0.32 200003.59 v clkgen.delay_100ns_1.genblk1[7].mux1/X (sky130_fd_sc_hd__mux2_1)
     2    0.01                           clkgen.delay_100ns_1._siga_[8] (net)
                  0.07    0.00 200003.59 v clkgen.delay_100ns_1.genblk1[8].mux1/A1 (sky130_fd_sc_hd__mux2_1)
                  0.06    0.32 200003.92 v clkgen.delay_100ns_1.genblk1[8].mux1/X (sky130_fd_sc_hd__mux2_1)
     2    0.00                           clkgen.delay_100ns_1._siga_[9] (net)
                  0.06    0.00 200003.92 v clkgen.delay_100ns_1.genblk1[9].mux1/A1 (sky130_fd_sc_hd__mux2_1)
                  0.06    0.32 200004.23 v clkgen.delay_100ns_1.genblk1[9].mux1/X (sky130_fd_sc_hd__mux2_1)
     2    0.00                           clkgen.delay_100ns_1._siga_[10] (net)
                  0.06    0.00 200004.23 v clkgen.delay_100ns_1.genblk1[10].mux1/A1 (sky130_fd_sc_hd__mux2_1)
                  0.06    0.32 200004.56 v clkgen.delay_100ns_1.genblk1[10].mux1/X (sky130_fd_sc_hd__mux2_1)
     2    0.00                           clkgen.delay_100ns_1._siga_[11] (net)
                  0.06    0.00 200004.56 v clkgen.delay_100ns_1.genblk1[11].mux1/A1 (sky130_fd_sc_hd__mux2_1)
                  0.07    0.32 200004.88 v clkgen.delay_100ns_1.genblk1[11].mux1/X (sky130_fd_sc_hd__mux2_1)
     2    0.00                           clkgen.delay_100ns_1._siga_[12] (net)
                  0.07    0.00 200004.88 v clkgen.delay_100ns_1.genblk1[12].mux1/A1 (sky130_fd_sc_hd__mux2_1)
                  0.06    0.32 200005.20 v clkgen.delay_100ns_1.genblk1[12].mux1/X (sky130_fd_sc_hd__mux2_1)
     2    0.00                           clkgen.delay_100ns_1._siga_[13] (net)
                  0.06    0.00 200005.20 v clkgen.delay_100ns_1.genblk1[13].mux1/A1 (sky130_fd_sc_hd__mux2_1)
                  0.06    0.32 200005.52 v clkgen.delay_100ns_1.genblk1[13].mux1/X (sky130_fd_sc_hd__mux2_1)
     2    0.00                           clkgen.delay_100ns_1._siga_[14] (net)
                  0.06    0.00 200005.52 v clkgen.delay_100ns_1.genblk1[14].mux1/A1 (sky130_fd_sc_hd__mux2_1)
                  0.06    0.32 200005.83 v clkgen.delay_100ns_1.genblk1[14].mux1/X (sky130_fd_sc_hd__mux2_1)
     2    0.00                           clkgen.delay_100ns_1._siga_[15] (net)
                  0.06    0.00 200005.83 v clkgen.delay_100ns_1.genblk1[15].mux1/A1 (sky130_fd_sc_hd__mux2_1)
                  0.06    0.32 200006.16 v clkgen.delay_100ns_1.genblk1[15].mux1/X (sky130_fd_sc_hd__mux2_1)
     2    0.00                           clkgen.delay_100ns_1._siga_[16] (net)
                  0.06    0.00 200006.16 v clkgen.delay_100ns_1.genblk1[16].mux1/A1 (sky130_fd_sc_hd__mux2_1)
                  0.06    0.32 200006.47 v clkgen.delay_100ns_1.genblk1[16].mux1/X (sky130_fd_sc_hd__mux2_1)
     2    0.00                           clkgen.delay_100ns_1._siga_[17] (net)
                  0.06    0.00 200006.47 v clkgen.delay_100ns_1.genblk1[17].mux1/A1 (sky130_fd_sc_hd__mux2_1)
                  0.06    0.32 200006.80 v clkgen.delay_100ns_1.genblk1[17].mux1/X (sky130_fd_sc_hd__mux2_1)
     2    0.00                           clkgen.delay_100ns_1._siga_[18] (net)
                  0.06    0.00 200006.80 v clkgen.delay_100ns_1.genblk1[18].mux1/A1 (sky130_fd_sc_hd__mux2_1)
                  0.06    0.32 200007.11 v clkgen.delay_100ns_1.genblk1[18].mux1/X (sky130_fd_sc_hd__mux2_1)
     2    0.00                           clkgen.delay_100ns_1._siga_[19] (net)
                  0.06    0.00 200007.11 v clkgen.delay_100ns_1.genblk1[19].mux1/A1 (sky130_fd_sc_hd__mux2_1)
                  0.07    0.32 200007.44 v clkgen.delay_100ns_1.genblk1[19].mux1/X (sky130_fd_sc_hd__mux2_1)
     1    0.00                           clkgen._ndecision_finish_delayed_ (net)
                  0.07    0.00 200007.44 v _432_/A (sky130_fd_sc_hd__inv_2)
                  0.04    0.07 200007.52 ^ _432_/Y (sky130_fd_sc_hd__inv_2)
     3    0.01                           clkgen.clk_dig (net)
                  0.04    0.00 200007.52 ^ outbuf_1/A (sky130_fd_sc_hd__buf_4)
                  0.10    0.16 200007.67 ^ outbuf_1/X (sky130_fd_sc_hd__buf_4)
     1    0.03                           clk_dig (net)
                  0.10    0.00 200007.67 ^ clk_dig (out)
                               200007.67   data arrival time

                  0.00 999999.94 999999.94   clock __VIRTUAL_CLK__ (rise edge)
                          0.00 999999.94   clock network delay (ideal)
                         -0.25 999999.75   clock uncertainty
                          0.00 999999.75   clock reconvergence pessimism
                       -200000.00 799999.69   output external delay
                               799999.69   data required time
-----------------------------------------------------------------------------
                               799999.69   data required time
                               -200007.67   data arrival time
-----------------------------------------------------------------------------
                               599992.00   slack (MET)


Startpoint: nsample_n (input port clocked by __VIRTUAL_CLK__)
Endpoint: nsample_n_buf (output port clocked by __VIRTUAL_CLK__)
Path Group: __VIRTUAL_CLK__
Path Type: max

Fanout     Cap    Slew   Delay    Time   Description
-----------------------------------------------------------------------------
                  0.00    0.00    0.00   clock __VIRTUAL_CLK__ (rise edge)
                          0.00    0.00   clock network delay (ideal)
                       200000.00 200000.00 ^ input external delay
                  0.05    0.04 200000.05 ^ nsample_n (in)
     1    0.01                           nsample_n (net)
                  0.05    0.00 200000.05 ^ outbuf_6/A (sky130_fd_sc_hd__buf_4)
                  0.10    0.16 200000.20 ^ outbuf_6/X (sky130_fd_sc_hd__buf_4)
     1    0.03                           nsample_n_buf (net)
                  0.10    0.00 200000.20 ^ nsample_n_buf (out)
                               200000.20   data arrival time

                  0.00 999999.94 999999.94   clock __VIRTUAL_CLK__ (rise edge)
                          0.00 999999.94   clock network delay (ideal)
                         -0.25 999999.75   clock uncertainty
                          0.00 999999.75   clock reconvergence pessimism
                       -200000.00 799999.69   output external delay
                               799999.69   data required time
-----------------------------------------------------------------------------
                               799999.69   data required time
                               -200000.20   data arrival time
-----------------------------------------------------------------------------
                               599999.50   slack (MET)


Startpoint: nsample_p (input port clocked by __VIRTUAL_CLK__)
Endpoint: nsample_p_buf (output port clocked by __VIRTUAL_CLK__)
Path Group: __VIRTUAL_CLK__
Path Type: max

Fanout     Cap    Slew   Delay    Time   Description
-----------------------------------------------------------------------------
                  0.00    0.00    0.00   clock __VIRTUAL_CLK__ (rise edge)
                          0.00    0.00   clock network delay (ideal)
                       200000.00 200000.00 ^ input external delay
                  0.05    0.04 200000.05 ^ nsample_p (in)
     1    0.01                           nsample_p (net)
                  0.05    0.00 200000.05 ^ outbuf_5/A (sky130_fd_sc_hd__buf_4)
                  0.10    0.16 200000.20 ^ outbuf_5/X (sky130_fd_sc_hd__buf_4)
     1    0.03                           nsample_p_buf (net)
                  0.10    0.00 200000.20 ^ nsample_p_buf (out)
                               200000.20   data arrival time

                  0.00 999999.94 999999.94   clock __VIRTUAL_CLK__ (rise edge)
                          0.00 999999.94   clock network delay (ideal)
                         -0.25 999999.75   clock uncertainty
                          0.00 999999.75   clock reconvergence pessimism
                       -200000.00 799999.69   output external delay
                               799999.69   data required time
-----------------------------------------------------------------------------
                               799999.69   data required time
                               -200000.20   data arrival time
-----------------------------------------------------------------------------
                               599999.50   slack (MET)


Startpoint: sample_n (input port clocked by __VIRTUAL_CLK__)
Endpoint: sample_n_buf (output port clocked by __VIRTUAL_CLK__)
Path Group: __VIRTUAL_CLK__
Path Type: max

Fanout     Cap    Slew   Delay    Time   Description
-----------------------------------------------------------------------------
                  0.00    0.00    0.00   clock __VIRTUAL_CLK__ (rise edge)
                          0.00    0.00   clock network delay (ideal)
                       200000.00 200000.00 ^ input external delay
                  0.05    0.04 200000.05 ^ sample_n (in)
     1    0.01                           sample_n (net)
                  0.05    0.00 200000.05 ^ outbuf_4/A (sky130_fd_sc_hd__buf_4)
                  0.10    0.16 200000.20 ^ outbuf_4/X (sky130_fd_sc_hd__buf_4)
     1    0.03                           sample_n_buf (net)
                  0.10    0.00 200000.20 ^ sample_n_buf (out)
                               200000.20   data arrival time

                  0.00 999999.94 999999.94   clock __VIRTUAL_CLK__ (rise edge)
                          0.00 999999.94   clock network delay (ideal)
                         -0.25 999999.75   clock uncertainty
                          0.00 999999.75   clock reconvergence pessimism
                       -200000.00 799999.69   output external delay
                               799999.69   data required time
-----------------------------------------------------------------------------
                               799999.69   data required time
                               -200000.20   data arrival time
-----------------------------------------------------------------------------
                               599999.50   slack (MET)


max_report_end
check_report

===========================================================================
report_checks -unconstrained
============================================================================
Startpoint: enable_dlycontrol (input port clocked by __VIRTUAL_CLK__)
Endpoint: clk_comp (output port clocked by __VIRTUAL_CLK__)
Path Group: __VIRTUAL_CLK__
Path Type: max

Fanout     Cap    Slew   Delay    Time   Description
-----------------------------------------------------------------------------
                  0.00    0.00    0.00   clock __VIRTUAL_CLK__ (rise edge)
                          0.00    0.00   clock network delay (ideal)
                       200000.00 200000.00 ^ input external delay
                  0.21    0.15 200000.14 ^ enable_dlycontrol (in)
    10    0.04                           enable_dlycontrol (net)
                  0.21    0.00 200000.14 ^ _183_/A (sky130_fd_sc_hd__buf_1)
                  0.43    0.41 200000.55 ^ _183_/X (sky130_fd_sc_hd__buf_1)
    10    0.04                           _100_ (net)
                  0.43    0.00 200000.55 ^ _184_/A (sky130_fd_sc_hd__buf_1)
                  0.66    0.60 200001.16 ^ _184_/X (sky130_fd_sc_hd__buf_1)
    10    0.06                           _101_ (net)
                  0.66    0.00 200001.16 ^ _191_/A1 (sky130_fd_sc_hd__a21oi_2)
                  0.11    0.10 200001.25 v _191_/Y (sky130_fd_sc_hd__a21oi_2)
     1    0.00                           edgedetect.dly200cell._bypass_[0] (net)
                  0.11    0.00 200001.25 v edgedetect.dly200cell.genblk1[0].mux1/S (sky130_fd_sc_hd__mux2_1)
                  0.06    0.35 200001.59 v edgedetect.dly200cell.genblk1[0].mux1/X (sky130_fd_sc_hd__mux2_1)
     2    0.00                           edgedetect.dly200cell._siga_[1] (net)
                  0.06    0.00 200001.59 v edgedetect.dly200cell.genblk1[1].mux1/A1 (sky130_fd_sc_hd__mux2_1)
                  0.07    0.32 200001.92 v edgedetect.dly200cell.genblk1[1].mux1/X (sky130_fd_sc_hd__mux2_1)
     2    0.00                           edgedetect.dly200cell._siga_[2] (net)
                  0.07    0.00 200001.92 v edgedetect.dly200cell.genblk1[2].mux1/A1 (sky130_fd_sc_hd__mux2_1)
                  0.06    0.32 200002.23 v edgedetect.dly200cell.genblk1[2].mux1/X (sky130_fd_sc_hd__mux2_1)
     2    0.00                           edgedetect.dly200cell._siga_[3] (net)
                  0.06    0.00 200002.23 v edgedetect.dly200cell.genblk1[3].mux1/A1 (sky130_fd_sc_hd__mux2_1)
                  0.07    0.32 200002.56 v edgedetect.dly200cell.genblk1[3].mux1/X (sky130_fd_sc_hd__mux2_1)
     2    0.00                           edgedetect.dly200cell._siga_[4] (net)
                  0.07    0.00 200002.56 v edgedetect.dly200cell.genblk1[4].mux1/A1 (sky130_fd_sc_hd__mux2_1)
                  0.06    0.32 200002.88 v edgedetect.dly200cell.genblk1[4].mux1/X (sky130_fd_sc_hd__mux2_1)
     2    0.00                           edgedetect.dly200cell._siga_[5] (net)
                  0.06    0.00 200002.88 v edgedetect.dly200cell.genblk1[5].mux1/A1 (sky130_fd_sc_hd__mux2_1)
                  0.06    0.32 200003.20 v edgedetect.dly200cell.genblk1[5].mux1/X (sky130_fd_sc_hd__mux2_1)
     2    0.00                           edgedetect.dly200cell._siga_[6] (net)
                  0.06    0.00 200003.20 v edgedetect.dly200cell.genblk1[6].mux1/A1 (sky130_fd_sc_hd__mux2_1)
                  0.06    0.32 200003.52 v edgedetect.dly200cell.genblk1[6].mux1/X (sky130_fd_sc_hd__mux2_1)
     2    0.00                           edgedetect.dly200cell._siga_[7] (net)
                  0.06    0.00 200003.52 v edgedetect.dly200cell.genblk1[7].mux1/A1 (sky130_fd_sc_hd__mux2_1)
                  0.06    0.32 200003.84 v edgedetect.dly200cell.genblk1[7].mux1/X (sky130_fd_sc_hd__mux2_1)
     2    0.00                           edgedetect.dly200cell._siga_[8] (net)
                  0.06    0.00 200003.84 v edgedetect.dly200cell.genblk1[8].mux1/A1 (sky130_fd_sc_hd__mux2_1)
                  0.06    0.32 200004.16 v edgedetect.dly200cell.genblk1[8].mux1/X (sky130_fd_sc_hd__mux2_1)
     2    0.00                           edgedetect.dly200cell._siga_[9] (net)
                  0.06    0.00 200004.16 v edgedetect.dly200cell.genblk1[9].mux1/A1 (sky130_fd_sc_hd__mux2_1)
                  0.06    0.32 200004.48 v edgedetect.dly200cell.genblk1[9].mux1/X (sky130_fd_sc_hd__mux2_1)
     2    0.00                           edgedetect.dly200cell._siga_[10] (net)
                  0.06    0.00 200004.48 v edgedetect.dly200cell.genblk1[10].mux1/A1 (sky130_fd_sc_hd__mux2_1)
                  0.06    0.32 200004.80 v edgedetect.dly200cell.genblk1[10].mux1/X (sky130_fd_sc_hd__mux2_1)
     2    0.00                           edgedetect.dly200cell._siga_[11] (net)
                  0.06    0.00 200004.80 v edgedetect.dly200cell.genblk1[11].mux1/A1 (sky130_fd_sc_hd__mux2_1)
                  0.06    0.32 200005.12 v edgedetect.dly200cell.genblk1[11].mux1/X (sky130_fd_sc_hd__mux2_1)
     2    0.00                           edgedetect.dly200cell._siga_[12] (net)
                  0.06    0.00 200005.12 v edgedetect.dly200cell.genblk1[12].mux1/A1 (sky130_fd_sc_hd__mux2_1)
                  0.06    0.32 200005.44 v edgedetect.dly200cell.genblk1[12].mux1/X (sky130_fd_sc_hd__mux2_1)
     2    0.00                           edgedetect.dly200cell._siga_[13] (net)
                  0.06    0.00 200005.44 v edgedetect.dly200cell.genblk1[13].mux1/A1 (sky130_fd_sc_hd__mux2_1)
                  0.06    0.32 200005.77 v edgedetect.dly200cell.genblk1[13].mux1/X (sky130_fd_sc_hd__mux2_1)
     2    0.00                           edgedetect.dly200cell._siga_[14] (net)
                  0.06    0.00 200005.77 v edgedetect.dly200cell.genblk1[14].mux1/A1 (sky130_fd_sc_hd__mux2_1)
                  0.06    0.32 200006.08 v edgedetect.dly200cell.genblk1[14].mux1/X (sky130_fd_sc_hd__mux2_1)
     2    0.00                           edgedetect.dly200cell._siga_[15] (net)
                  0.06    0.00 200006.08 v edgedetect.dly200cell.genblk1[15].mux1/A1 (sky130_fd_sc_hd__mux2_1)
                  0.09    0.35 200006.44 v edgedetect.dly200cell.genblk1[15].mux1/X (sky130_fd_sc_hd__mux2_1)
     2    0.01                           edgedetect.dly200cell._siga_[16] (net)
                  0.09    0.00 200006.44 v edgedetect.dly200cell.genblk1[16].mux1/A1 (sky130_fd_sc_hd__mux2_1)
                  0.06    0.32 200006.75 v edgedetect.dly200cell.genblk1[16].mux1/X (sky130_fd_sc_hd__mux2_1)
     2    0.00                           edgedetect.dly200cell._siga_[17] (net)
                  0.06    0.00 200006.75 v edgedetect.dly200cell.genblk1[17].mux1/A1 (sky130_fd_sc_hd__mux2_1)
                  0.06    0.32 200007.08 v edgedetect.dly200cell.genblk1[17].mux1/X (sky130_fd_sc_hd__mux2_1)
     2    0.00                           edgedetect.dly200cell._siga_[18] (net)
                  0.06    0.00 200007.08 v edgedetect.dly200cell.genblk1[18].mux1/A1 (sky130_fd_sc_hd__mux2_1)
                  0.07    0.32 200007.39 v edgedetect.dly200cell.genblk1[18].mux1/X (sky130_fd_sc_hd__mux2_1)
     2    0.00                           edgedetect.dly200cell._siga_[19] (net)
                  0.07    0.00 200007.39 v edgedetect.dly200cell.genblk1[19].mux1/A1 (sky130_fd_sc_hd__mux2_1)
                  0.07    0.32 200007.72 v edgedetect.dly200cell.genblk1[19].mux1/X (sky130_fd_sc_hd__mux2_1)
     2    0.00                           edgedetect.dly200cell._siga_[20] (net)
                  0.07    0.00 200007.72 v edgedetect.dly200cell.genblk1[20].mux1/A1 (sky130_fd_sc_hd__mux2_1)
                  0.06    0.32 200008.03 v edgedetect.dly200cell.genblk1[20].mux1/X (sky130_fd_sc_hd__mux2_1)
     2    0.00                           edgedetect.dly200cell._siga_[21] (net)
                  0.06    0.00 200008.03 v edgedetect.dly200cell.genblk1[21].mux1/A1 (sky130_fd_sc_hd__mux2_1)
                  0.06    0.32 200008.36 v edgedetect.dly200cell.genblk1[21].mux1/X (sky130_fd_sc_hd__mux2_1)
     2    0.00                           edgedetect.dly200cell._siga_[22] (net)
                  0.06    0.00 200008.36 v edgedetect.dly200cell.genblk1[22].mux1/A1 (sky130_fd_sc_hd__mux2_1)
                  0.06    0.32 200008.67 v edgedetect.dly200cell.genblk1[22].mux1/X (sky130_fd_sc_hd__mux2_1)
     2    0.00                           edgedetect.dly200cell._siga_[23] (net)
                  0.06    0.00 200008.67 v edgedetect.dly200cell.genblk1[23].mux1/A1 (sky130_fd_sc_hd__mux2_1)
                  0.06    0.32 200009.00 v edgedetect.dly200cell.genblk1[23].mux1/X (sky130_fd_sc_hd__mux2_1)
     2    0.00                           edgedetect.dly200cell._siga_[24] (net)
                  0.06    0.00 200009.00 v edgedetect.dly200cell.genblk1[24].mux1/A1 (sky130_fd_sc_hd__mux2_1)
                  0.06    0.32 200009.31 v edgedetect.dly200cell.genblk1[24].mux1/X (sky130_fd_sc_hd__mux2_1)
     2    0.00                           edgedetect.dly200cell._siga_[25] (net)
                  0.06    0.00 200009.31 v edgedetect.dly200cell.genblk1[25].mux1/A1 (sky130_fd_sc_hd__mux2_1)
                  0.06    0.32 200009.64 v edgedetect.dly200cell.genblk1[25].mux1/X (sky130_fd_sc_hd__mux2_1)
     2    0.00                           edgedetect.dly200cell._siga_[26] (net)
                  0.06    0.00 200009.64 v edgedetect.dly200cell.genblk1[26].mux1/A1 (sky130_fd_sc_hd__mux2_1)
                  0.06    0.32 200009.95 v edgedetect.dly200cell.genblk1[26].mux1/X (sky130_fd_sc_hd__mux2_1)
     2    0.00                           edgedetect.dly200cell._siga_[27] (net)
                  0.06    0.00 200009.95 v edgedetect.dly200cell.genblk1[27].mux1/A1 (sky130_fd_sc_hd__mux2_1)
                  0.06    0.32 200010.28 v edgedetect.dly200cell.genblk1[27].mux1/X (sky130_fd_sc_hd__mux2_1)
     2    0.00                           edgedetect.dly200cell._siga_[28] (net)
                  0.06    0.00 200010.28 v edgedetect.dly200cell.genblk1[28].mux1/A1 (sky130_fd_sc_hd__mux2_1)
                  0.06    0.32 200010.59 v edgedetect.dly200cell.genblk1[28].mux1/X (sky130_fd_sc_hd__mux2_1)
     2    0.00                           edgedetect.dly200cell._siga_[29] (net)
                  0.06    0.00 200010.59 v edgedetect.dly200cell.genblk1[29].mux1/A1 (sky130_fd_sc_hd__mux2_1)
                  0.06    0.32 200010.92 v edgedetect.dly200cell.genblk1[29].mux1/X (sky130_fd_sc_hd__mux2_1)
     2    0.00                           edgedetect.dly200cell._siga_[30] (net)
                  0.06    0.00 200010.92 v edgedetect.dly200cell.genblk1[30].mux1/A1 (sky130_fd_sc_hd__mux2_1)
                  0.06    0.32 200011.23 v edgedetect.dly200cell.genblk1[30].mux1/X (sky130_fd_sc_hd__mux2_1)
     2    0.00                           edgedetect.dly200cell._siga_[31] (net)
                  0.06    0.00 200011.23 v edgedetect.dly200cell.genblk1[31].mux1/A1 (sky130_fd_sc_hd__mux2_1)
                  0.06    0.32 200011.56 v edgedetect.dly200cell.genblk1[31].mux1/X (sky130_fd_sc_hd__mux2_1)
     2    0.00                           edgedetect.dly200cell._siga_[32] (net)
                  0.06    0.00 200011.56 v edgedetect.dly200cell.genblk1[32].mux1/A1 (sky130_fd_sc_hd__mux2_1)
                  0.06    0.32 200011.88 v edgedetect.dly200cell.genblk1[32].mux1/X (sky130_fd_sc_hd__mux2_1)
     2    0.00                           edgedetect.dly200cell._siga_[33] (net)
                  0.06    0.00 200011.88 v edgedetect.dly200cell.genblk1[33].mux1/A1 (sky130_fd_sc_hd__mux2_1)
                  0.06    0.32 200012.19 v edgedetect.dly200cell.genblk1[33].mux1/X (sky130_fd_sc_hd__mux2_1)
     2    0.00                           edgedetect.dly200cell._siga_[34] (net)
                  0.06    0.00 200012.19 v edgedetect.dly200cell.genblk1[34].mux1/A1 (sky130_fd_sc_hd__mux2_1)
                  0.06    0.32 200012.52 v edgedetect.dly200cell.genblk1[34].mux1/X (sky130_fd_sc_hd__mux2_1)
     2    0.00                           edgedetect.dly200cell._siga_[35] (net)
                  0.06    0.00 200012.52 v edgedetect.dly200cell.genblk1[35].mux1/A1 (sky130_fd_sc_hd__mux2_1)
                  0.06    0.32 200012.83 v edgedetect.dly200cell.genblk1[35].mux1/X (sky130_fd_sc_hd__mux2_1)
     2    0.00                           edgedetect.dly200cell._siga_[36] (net)
                  0.06    0.00 200012.83 v edgedetect.dly200cell.genblk1[36].mux1/A1 (sky130_fd_sc_hd__mux2_1)
                  0.06    0.32 200013.16 v edgedetect.dly200cell.genblk1[36].mux1/X (sky130_fd_sc_hd__mux2_1)
     2    0.00                           edgedetect.dly200cell._siga_[37] (net)
                  0.06    0.00 200013.16 v edgedetect.dly200cell.genblk1[37].mux1/A1 (sky130_fd_sc_hd__mux2_1)
                  0.06    0.32 200013.47 v edgedetect.dly200cell.genblk1[37].mux1/X (sky130_fd_sc_hd__mux2_1)
     2    0.00                           edgedetect.dly200cell._siga_[38] (net)
                  0.06    0.00 200013.47 v edgedetect.dly200cell.genblk1[38].mux1/A1 (sky130_fd_sc_hd__mux2_1)
                  0.06    0.32 200013.80 v edgedetect.dly200cell.genblk1[38].mux1/X (sky130_fd_sc_hd__mux2_1)
     2    0.00                           edgedetect.dly200cell._siga_[39] (net)
                  0.06    0.00 200013.80 v edgedetect.dly200cell.genblk1[39].mux1/A1 (sky130_fd_sc_hd__mux2_1)
                  0.07    0.32 200014.11 v edgedetect.dly200cell.genblk1[39].mux1/X (sky130_fd_sc_hd__mux2_1)
     1    0.00                           edgedetect._start_conv_delayed_ (net)
                  0.07    0.00 200014.11 v _429_/A (sky130_fd_sc_hd__inv_2)
                  0.03    0.06 200014.17 ^ _429_/Y (sky130_fd_sc_hd__inv_2)
     1    0.00                           _176_ (net)
                  0.03    0.00 200014.17 ^ _431_/A2 (sky130_fd_sc_hd__a211o_2)
                  0.05    0.13 200014.31 ^ _431_/X (sky130_fd_sc_hd__a211o_2)
     2    0.01                           clkgen._net_1_ (net)
                  0.05    0.00 200014.31 ^ clkgen.delay_100ns_3.genblk1[0].mux1/A1 (sky130_fd_sc_hd__mux2_1)
                  0.06    0.15 200014.45 ^ clkgen.delay_100ns_3.genblk1[0].mux1/X (sky130_fd_sc_hd__mux2_1)
     2    0.00                           clkgen.delay_100ns_3._siga_[1] (net)
                  0.06    0.00 200014.45 ^ clkgen.delay_100ns_3.genblk1[1].mux1/A1 (sky130_fd_sc_hd__mux2_1)
                  0.06    0.15 200014.59 ^ clkgen.delay_100ns_3.genblk1[1].mux1/X (sky130_fd_sc_hd__mux2_1)
     2    0.00                           clkgen.delay_100ns_3._siga_[2] (net)
                  0.06    0.00 200014.59 ^ clkgen.delay_100ns_3.genblk1[2].mux1/A1 (sky130_fd_sc_hd__mux2_1)
                  0.06    0.15 200014.73 ^ clkgen.delay_100ns_3.genblk1[2].mux1/X (sky130_fd_sc_hd__mux2_1)
     2    0.00                           clkgen.delay_100ns_3._siga_[3] (net)
                  0.06    0.00 200014.73 ^ clkgen.delay_100ns_3.genblk1[3].mux1/A1 (sky130_fd_sc_hd__mux2_1)
                  0.06    0.15 200014.89 ^ clkgen.delay_100ns_3.genblk1[3].mux1/X (sky130_fd_sc_hd__mux2_1)
     2    0.00                           clkgen.delay_100ns_3._siga_[4] (net)
                  0.06    0.00 200014.89 ^ clkgen.delay_100ns_3.genblk1[4].mux1/A1 (sky130_fd_sc_hd__mux2_1)
                  0.06    0.15 200015.03 ^ clkgen.delay_100ns_3.genblk1[4].mux1/X (sky130_fd_sc_hd__mux2_1)
     2    0.01                           clkgen.delay_100ns_3._siga_[5] (net)
                  0.06    0.00 200015.03 ^ clkgen.delay_100ns_3.genblk1[5].mux1/A1 (sky130_fd_sc_hd__mux2_1)
                  0.05    0.13 200015.16 ^ clkgen.delay_100ns_3.genblk1[5].mux1/X (sky130_fd_sc_hd__mux2_1)
     2    0.00                           clkgen.delay_100ns_3._siga_[6] (net)
                  0.05    0.00 200015.16 ^ clkgen.delay_100ns_3.genblk1[6].mux1/A1 (sky130_fd_sc_hd__mux2_1)
                  0.05    0.13 200015.30 ^ clkgen.delay_100ns_3.genblk1[6].mux1/X (sky130_fd_sc_hd__mux2_1)
     2    0.00                           clkgen.delay_100ns_3._siga_[7] (net)
                  0.05    0.00 200015.30 ^ clkgen.delay_100ns_3.genblk1[7].mux1/A1 (sky130_fd_sc_hd__mux2_1)
                  0.06    0.15 200015.44 ^ clkgen.delay_100ns_3.genblk1[7].mux1/X (sky130_fd_sc_hd__mux2_1)
     2    0.00                           clkgen.delay_100ns_3._siga_[8] (net)
                  0.06    0.00 200015.44 ^ clkgen.delay_100ns_3.genblk1[8].mux1/A1 (sky130_fd_sc_hd__mux2_1)
                  0.06    0.13 200015.58 ^ clkgen.delay_100ns_3.genblk1[8].mux1/X (sky130_fd_sc_hd__mux2_1)
     2    0.00                           clkgen.delay_100ns_3._siga_[9] (net)
                  0.06    0.00 200015.58 ^ clkgen.delay_100ns_3.genblk1[9].mux1/A1 (sky130_fd_sc_hd__mux2_1)
                  0.06    0.15 200015.72 ^ clkgen.delay_100ns_3.genblk1[9].mux1/X (sky130_fd_sc_hd__mux2_1)
     2    0.01                           clkgen.delay_100ns_3._siga_[10] (net)
                  0.06    0.00 200015.72 ^ clkgen.delay_100ns_3.genblk1[10].mux1/A1 (sky130_fd_sc_hd__mux2_1)
                  0.06    0.15 200015.86 ^ clkgen.delay_100ns_3.genblk1[10].mux1/X (sky130_fd_sc_hd__mux2_1)
     2    0.00                           clkgen.delay_100ns_3._siga_[11] (net)
                  0.06    0.00 200015.86 ^ clkgen.delay_100ns_3.genblk1[11].mux1/A1 (sky130_fd_sc_hd__mux2_1)
                  0.06    0.15 200016.00 ^ clkgen.delay_100ns_3.genblk1[11].mux1/X (sky130_fd_sc_hd__mux2_1)
     2    0.01                           clkgen.delay_100ns_3._siga_[12] (net)
                  0.06    0.00 200016.00 ^ clkgen.delay_100ns_3.genblk1[12].mux1/A1 (sky130_fd_sc_hd__mux2_1)
                  0.06    0.15 200016.16 ^ clkgen.delay_100ns_3.genblk1[12].mux1/X (sky130_fd_sc_hd__mux2_1)
     2    0.00                           clkgen.delay_100ns_3._siga_[13] (net)
                  0.06    0.00 200016.16 ^ clkgen.delay_100ns_3.genblk1[13].mux1/A1 (sky130_fd_sc_hd__mux2_1)
                  0.05    0.13 200016.28 ^ clkgen.delay_100ns_3.genblk1[13].mux1/X (sky130_fd_sc_hd__mux2_1)
     2    0.00                           clkgen.delay_100ns_3._siga_[14] (net)
                  0.05    0.00 200016.28 ^ clkgen.delay_100ns_3.genblk1[14].mux1/A1 (sky130_fd_sc_hd__mux2_1)
                  0.05    0.13 200016.42 ^ clkgen.delay_100ns_3.genblk1[14].mux1/X (sky130_fd_sc_hd__mux2_1)
     2    0.00                           clkgen.delay_100ns_3._siga_[15] (net)
                  0.05    0.00 200016.42 ^ clkgen.delay_100ns_3.genblk1[15].mux1/A1 (sky130_fd_sc_hd__mux2_1)
                  0.06    0.13 200016.55 ^ clkgen.delay_100ns_3.genblk1[15].mux1/X (sky130_fd_sc_hd__mux2_1)
     2    0.00                           clkgen.delay_100ns_3._siga_[16] (net)
                  0.06    0.00 200016.55 ^ clkgen.delay_100ns_3.genblk1[16].mux1/A1 (sky130_fd_sc_hd__mux2_1)
                  0.05    0.13 200016.67 ^ clkgen.delay_100ns_3.genblk1[16].mux1/X (sky130_fd_sc_hd__mux2_1)
     2    0.00                           clkgen.delay_100ns_3._siga_[17] (net)
                  0.05    0.00 200016.67 ^ clkgen.delay_100ns_3.genblk1[17].mux1/A1 (sky130_fd_sc_hd__mux2_1)
                  0.06    0.15 200016.83 ^ clkgen.delay_100ns_3.genblk1[17].mux1/X (sky130_fd_sc_hd__mux2_1)
     2    0.00                           clkgen.delay_100ns_3._siga_[18] (net)
                  0.06    0.00 200016.83 ^ clkgen.delay_100ns_3.genblk1[18].mux1/A1 (sky130_fd_sc_hd__mux2_1)
                  0.06    0.15 200016.97 ^ clkgen.delay_100ns_3.genblk1[18].mux1/X (sky130_fd_sc_hd__mux2_1)
     2    0.00                           clkgen.delay_100ns_3._siga_[19] (net)
                  0.06    0.00 200016.97 ^ clkgen.delay_100ns_3.genblk1[19].mux1/A1 (sky130_fd_sc_hd__mux2_1)
                  0.05    0.13 200017.09 ^ clkgen.delay_100ns_3.genblk1[19].mux1/X (sky130_fd_sc_hd__mux2_1)
     1    0.00                           clkgen.clk_comp (net)
                  0.05    0.00 200017.09 ^ outbuf_2/A (sky130_fd_sc_hd__buf_4)
                  0.10    0.17 200017.28 ^ outbuf_2/X (sky130_fd_sc_hd__buf_4)
     1    0.03                           clk_comp (net)
                  0.10    0.00 200017.28 ^ clk_comp (out)
                               200017.28   data arrival time

                  0.00 999999.94 999999.94   clock __VIRTUAL_CLK__ (rise edge)
                          0.00 999999.94   clock network delay (ideal)
                         -0.25 999999.75   clock uncertainty
                          0.00 999999.75   clock reconvergence pessimism
                       -200000.00 799999.69   output external delay
                               799999.69   data required time
-----------------------------------------------------------------------------
                               799999.69   data required time
                               -200017.28   data arrival time
-----------------------------------------------------------------------------
                               599982.44   slack (MET)



===========================================================================
report_checks --slack_max -0.01
============================================================================
No paths found.
check_report_end
check_slew

===========================================================================
 report_check_types -max_slew -max_cap -max_fanout -violators
============================================================================

===========================================================================
max slew violation count 0
max fanout violation count 0
max cap violation count 0
============================================================================
check_slew_end
tns_report

===========================================================================
 report_tns
============================================================================
tns 0.00
tns_report_end
wns_report

===========================================================================
 report_wns
============================================================================
wns 0.00
wns_report_end
worst_slack

===========================================================================
 report_worst_slack -max (Setup)
============================================================================
worst slack 599982.44

===========================================================================
 report_worst_slack -min (Hold)
============================================================================
worst slack 399999.91
worst_slack_end
power_report

===========================================================================
 report_power
============================================================================
Group                  Internal  Switching    Leakage      Total
                          Power      Power      Power      Power (Watts)
----------------------------------------------------------------
Sequential             0.00e+00   0.00e+00   0.00e+00   0.00e+00   0.0%
Combinational          1.08e-09   9.15e-10   2.08e-09   4.08e-09 100.0%
Macro                  0.00e+00   0.00e+00   0.00e+00   0.00e+00   0.0%
Pad                    0.00e+00   0.00e+00   0.00e+00   0.00e+00   0.0%
----------------------------------------------------------------
Total                  1.08e-09   9.15e-10   2.08e-09   4.08e-09 100.0%
                          26.6%      22.4%      51.0%
power_report_end
area_report

===========================================================================
 report_design_area
============================================================================
Design area 6980 u^2 56% utilization.
area_report_end
