
===========================================================================
report_checks -unconstrained
============================================================================

======================= Slowest Corner ===================================

Startpoint: nsample_p (input port clocked by __VIRTUAL_CLK__)
Endpoint: nsample_p_buf (output port clocked by __VIRTUAL_CLK__)
Path Group: __VIRTUAL_CLK__
Path Type: max
Corner: ss

Fanout     Cap    Slew   Delay    Time   Description
-----------------------------------------------------------------------------
                  0.00    0.00    0.00   clock __VIRTUAL_CLK__ (rise edge)
                          0.00    0.00   clock network delay (ideal)
                          2.00    2.00 ^ input external delay
                  0.10    0.07    2.07 ^ nsample_p (in)
     1    0.01                           nsample_p (net)
                  0.10    0.00    2.07 ^ outbuf_5/A (sky130_fd_sc_hd__buf_4)
                  0.16    0.31    2.38 ^ outbuf_5/X (sky130_fd_sc_hd__buf_4)
     1    0.03                           nsample_p_buf (net)
                  0.16    0.00    2.38 ^ nsample_p_buf (out)
                                  2.38   data arrival time

                  0.00   10.00   10.00   clock __VIRTUAL_CLK__ (rise edge)
                          0.00   10.00   clock network delay (ideal)
                         -0.25    9.75   clock uncertainty
                          0.00    9.75   clock reconvergence pessimism
                         -2.00    7.75   output external delay
                                  7.75   data required time
-----------------------------------------------------------------------------
                                  7.75   data required time
                                 -2.38   data arrival time
-----------------------------------------------------------------------------
                                  5.37   slack (MET)



======================= Typical Corner ===================================

Startpoint: nsample_p (input port clocked by __VIRTUAL_CLK__)
Endpoint: nsample_p_buf (output port clocked by __VIRTUAL_CLK__)
Path Group: __VIRTUAL_CLK__
Path Type: max
Corner: tt

Fanout     Cap    Slew   Delay    Time   Description
-----------------------------------------------------------------------------
                  0.00    0.00    0.00   clock __VIRTUAL_CLK__ (rise edge)
                          0.00    0.00   clock network delay (ideal)
                          2.00    2.00 ^ input external delay
                  0.06    0.05    2.05 ^ nsample_p (in)
     1    0.01                           nsample_p (net)
                  0.06    0.00    2.05 ^ outbuf_5/A (sky130_fd_sc_hd__buf_4)
                  0.10    0.17    2.21 ^ outbuf_5/X (sky130_fd_sc_hd__buf_4)
     1    0.03                           nsample_p_buf (net)
                  0.10    0.00    2.21 ^ nsample_p_buf (out)
                                  2.21   data arrival time

                  0.00   10.00   10.00   clock __VIRTUAL_CLK__ (rise edge)
                          0.00   10.00   clock network delay (ideal)
                         -0.25    9.75   clock uncertainty
                          0.00    9.75   clock reconvergence pessimism
                         -2.00    7.75   output external delay
                                  7.75   data required time
-----------------------------------------------------------------------------
                                  7.75   data required time
                                 -2.21   data arrival time
-----------------------------------------------------------------------------
                                  5.54   slack (MET)



======================= Fastest Corner ===================================

Startpoint: nsample_p (input port clocked by __VIRTUAL_CLK__)
Endpoint: nsample_p_buf (output port clocked by __VIRTUAL_CLK__)
Path Group: __VIRTUAL_CLK__
Path Type: max
Corner: ff

Fanout     Cap    Slew   Delay    Time   Description
-----------------------------------------------------------------------------
                  0.00    0.00    0.00   clock __VIRTUAL_CLK__ (rise edge)
                          0.00    0.00   clock network delay (ideal)
                          2.00    2.00 ^ input external delay
                  0.05    0.03    2.03 ^ nsample_p (in)
     1    0.01                           nsample_p (net)
                  0.05    0.00    2.03 ^ outbuf_5/A (sky130_fd_sc_hd__buf_4)
                  0.08    0.12    2.15 ^ outbuf_5/X (sky130_fd_sc_hd__buf_4)
     1    0.03                           nsample_p_buf (net)
                  0.08    0.00    2.15 ^ nsample_p_buf (out)
                                  2.15   data arrival time

                  0.00   10.00   10.00   clock __VIRTUAL_CLK__ (rise edge)
                          0.00   10.00   clock network delay (ideal)
                         -0.25    9.75   clock uncertainty
                          0.00    9.75   clock reconvergence pessimism
                         -2.00    7.75   output external delay
                                  7.75   data required time
-----------------------------------------------------------------------------
                                  7.75   data required time
                                 -2.15   data arrival time
-----------------------------------------------------------------------------
                                  5.60   slack (MET)



===========================================================================
report_checks --slack_max -0.01
============================================================================

======================= Slowest Corner ===================================

No paths found.

======================= Typical Corner ===================================

No paths found.

======================= Fastest Corner ===================================

No paths found.
