Instance name,  X location,  Y location,  Voltage 
FILLER_20_306, 148.14, 59.84, 1.8
inbuf_1, 148.14, 59.84, 1.8
outbuf_5, 148.14, 59.84, 1.8
FILLER_18_306, 148.14, 54.4, 1.8
FILLER_18_313, 148.14, 54.4, 1.8
FILLER_19_303, 148.14, 54.4, 1.8
FILLER_19_316, 148.14, 54.4, 1.8
FILLER_20_319, 148.14, 54.4, 1.8
_266_, 148.14, 54.4, 1.8
_277_, 148.14, 54.4, 1.8
_372_, 148.14, 54.4, 1.8
_373_, 148.14, 54.4, 1.8
inbuf_2, 148.14, 54.4, 1.8
FILLER_16_306, 148.14, 48.96, 1.8
FILLER_17_302, 148.14, 48.96, 1.8
FILLER_17_316, 148.14, 48.96, 1.8
FILLER_17_323, 148.14, 48.96, 1.8
FILLER_18_320, 148.14, 48.96, 1.8
_217_, 148.14, 48.96, 1.8
_218_, 148.14, 48.96, 1.8
_318_, 148.14, 48.96, 1.8
_379_, 148.14, 48.96, 1.8
clkgen.delay_100ns_1.genblk2\[2\].mux1, 148.14, 48.96, 1.8
FILLER_16_322, 148.14, 43.52, 1.8
clkgen.delay_100ns_1.genblk2\[1\].delay_unit, 148.14, 43.52, 1.8
clkgen.delay_100ns_1.genblk2\[2\].and1, 148.14, 43.52, 1.8
clkgen.delay_100ns_1.genblk2\[2\].delay_unit, 148.14, 43.52, 1.8
FILLER_12_301, 148.14, 38.08, 1.8
FILLER_13_300, 148.14, 38.08, 1.8
FILLER_13_307, 148.14, 38.08, 1.8
FILLER_13_311, 148.14, 38.08, 1.8
FILLER_13_322, 148.14, 38.08, 1.8
_278_, 148.14, 38.08, 1.8
clkgen.delay_100ns_1.genblk2\[1\].and1, 148.14, 38.08, 1.8
clkgen.delay_100ns_3.genblk2\[13\].and1, 148.14, 38.08, 1.8
FILLER_10_312, 148.14, 32.64, 1.8
FILLER_11_304, 148.14, 32.64, 1.8
FILLER_12_315, 148.14, 32.64, 1.8
FILLER_12_322, 148.14, 32.64, 1.8
_382_, 148.14, 32.64, 1.8
clkgen.delay_100ns_3.genblk2\[13\].delay_unit, 148.14, 32.64, 1.8
FILLER_8_300, 148.14, 27.2, 1.8
FILLER_8_307, 148.14, 27.2, 1.8
FILLER_9_311, 148.14, 27.2, 1.8
_347_, 148.14, 27.2, 1.8
clkgen.delay_100ns_3.genblk2\[12\].mux1, 148.14, 27.2, 1.8
clkgen.delay_100ns_3.genblk2\[15\].delay_unit, 148.14, 27.2, 1.8
clkgen.delay_100ns_3.genblk2\[16\].delay_unit, 148.14, 27.2, 1.8
edgedetect.dly200cell.genblk2\[23\].and1, 148.14, 27.2, 1.8
FILLER_6_307, 148.14, 21.76, 1.8
FILLER_7_311, 148.14, 21.76, 1.8
clkgen.delay_100ns_3.genblk2\[16\].mux1, 148.14, 21.76, 1.8
FILLER_4_305, 148.14, 16.32, 1.8
FILLER_5_302, 148.14, 16.32, 1.8
FILLER_5_318, 148.14, 16.32, 1.8
clkgen.delay_100ns_3.genblk2\[17\].delay_unit, 148.14, 16.32, 1.8
clkgen.delay_100ns_3.genblk2\[18\].delay_unit, 148.14, 16.32, 1.8
edgedetect.dly200cell.genblk2\[19\].and1, 148.14, 16.32, 1.8
edgedetect.dly200cell.genblk2\[21\].and1, 148.14, 16.32, 1.8
FILLER_2_308, 148.14, 10.88, 1.8
FILLER_3_305, 148.14, 10.88, 1.8
FILLER_3_318, 148.14, 10.88, 1.8
FILLER_4_314, 148.14, 10.88, 1.8
FILLER_4_323, 148.14, 10.88, 1.8
clkgen.delay_100ns_3.genblk2\[19\].delay_unit, 148.14, 10.88, 1.8
edgedetect.dly200cell.genblk2\[12\].and1, 148.14, 10.88, 1.8
edgedetect.dly200cell.genblk2\[16\].mux1, 148.14, 10.88, 1.8
edgedetect.dly200cell.genblk2\[18\].and1, 148.14, 10.88, 1.8
FILLER_0_319, 148.14, 5.44, 1.8
FILLER_2_321, 148.14, 5.44, 1.8
edgedetect.dly200cell.genblk2\[10\].and1, 148.14, 5.44, 1.8
edgedetect.dly200cell.genblk2\[13\].and1, 148.14, 5.44, 1.8
edgedetect.dly200cell.genblk2\[15\].mux1, 148.14, 5.44, 1.8
edgedetect.dly200cell.genblk2\[9\].and1, 148.14, 5.44, 1.8
outbuf_6, 148.14, 5.44, 1.8
FILLER_20_254, 124.14, 59.84, 1.8
_275_, 124.14, 59.84, 1.8
_276_, 124.14, 59.84, 1.8
FILLER_18_249, 124.14, 54.4, 1.8
FILLER_18_256, 124.14, 54.4, 1.8
FILLER_19_254, 124.14, 54.4, 1.8
FILLER_19_261, 124.14, 54.4, 1.8
FILLER_19_268, 124.14, 54.4, 1.8
FILLER_20_261, 124.14, 54.4, 1.8
FILLER_20_268, 124.14, 54.4, 1.8
_221_, 124.14, 54.4, 1.8
_226_, 124.14, 54.4, 1.8
_321_, 124.14, 54.4, 1.8
_365_, 124.14, 54.4, 1.8
_369_, 124.14, 54.4, 1.8
_370_, 124.14, 54.4, 1.8
_375_, 124.14, 54.4, 1.8
_376_, 124.14, 54.4, 1.8
FILLER_16_260, 124.14, 48.96, 1.8
FILLER_17_260, 124.14, 48.96, 1.8
FILLER_17_267, 124.14, 48.96, 1.8
FILLER_18_263, 124.14, 48.96, 1.8
FILLER_18_270, 124.14, 48.96, 1.8
_220_, 124.14, 48.96, 1.8
_265_, 124.14, 48.96, 1.8
_383_, 124.14, 48.96, 1.8
clkgen.delay_100ns_1.genblk2\[5\].mux1, 124.14, 48.96, 1.8
FILLER_14_252, 124.14, 43.52, 1.8
FILLER_15_256, 124.14, 43.52, 1.8
_248_, 124.14, 43.52, 1.8
clkgen.delay_100ns_1.genblk2\[4\].delay_unit, 124.14, 43.52, 1.8
clkgen.delay_100ns_1.genblk2\[4\].mux1, 124.14, 43.52, 1.8
clkgen.delay_100ns_1.genblk2\[6\].and1, 124.14, 43.52, 1.8
edgedetect.dly200cell.genblk2\[25\].and1, 124.14, 43.52, 1.8
FILLER_13_256, 124.14, 38.08, 1.8
FILLER_13_263, 124.14, 38.08, 1.8
FILLER_14_263, 124.14, 38.08, 1.8
FILLER_14_272, 124.14, 38.08, 1.8
_285_, 124.14, 38.08, 1.8
clkgen.delay_100ns_1.genblk2\[3\].delay_unit, 124.14, 38.08, 1.8
clkgen.delay_100ns_1.genblk2\[4\].and1, 124.14, 38.08, 1.8
edgedetect.dly200cell.genblk2\[26\].and1, 124.14, 38.08, 1.8
edgedetect.dly200cell.genblk2\[26\].delay_unit, 124.14, 38.08, 1.8
FILLER_11_260, 124.14, 32.64, 1.8
FILLER_11_273, 124.14, 32.64, 1.8
edgedetect.dly200cell.genblk2\[25\].delay_unit, 124.14, 32.64, 1.8
edgedetect.dly200cell.genblk2\[25\].mux1, 124.14, 32.64, 1.8
edgedetect.dly200cell.genblk2\[26\].mux1, 124.14, 32.64, 1.8
FILLER_8_259, 124.14, 27.2, 1.8
FILLER_9_256, 124.14, 27.2, 1.8
clkgen.delay_100ns_3.genblk2\[11\].and1, 124.14, 27.2, 1.8
edgedetect.dly200cell.genblk2\[24\].delay_unit, 124.14, 27.2, 1.8
FILLER_7_260, 124.14, 21.76, 1.8
FILLER_8_268, 124.14, 21.76, 1.8
clkgen.delay_100ns_3.genblk2\[5\].and1, 124.14, 21.76, 1.8
clkgen.delay_100ns_3.genblk2\[9\].and1, 124.14, 21.76, 1.8
edgedetect.dly200cell.genblk2\[19\].mux1, 124.14, 21.76, 1.8
edgedetect.dly200cell.genblk2\[23\].delay_unit, 124.14, 21.76, 1.8
FILLER_5_249, 124.14, 16.32, 1.8
FILLER_5_261, 124.14, 16.32, 1.8
FILLER_6_263, 124.14, 16.32, 1.8
edgedetect.dly200cell.genblk2\[18\].mux1, 124.14, 16.32, 1.8
edgedetect.dly200cell.genblk2\[19\].delay_unit, 124.14, 16.32, 1.8
edgedetect.dly200cell.genblk2\[20\].mux1, 124.14, 16.32, 1.8
edgedetect.dly200cell.genblk2\[21\].delay_unit, 124.14, 16.32, 1.8
FILLER_2_258, 124.14, 10.88, 1.8
edgedetect.dly200cell.genblk2\[18\].delay_unit, 124.14, 10.88, 1.8
FILLER_1_256, 124.14, 5.44, 1.8
FILLER_2_271, 124.14, 5.44, 1.8
clkgen.delay_100ns_3.genblk2\[6\].and1, 124.14, 5.44, 1.8
edgedetect.dly200cell.genblk2\[12\].mux1, 124.14, 5.44, 1.8
edgedetect.dly200cell.genblk2\[13\].delay_unit, 124.14, 5.44, 1.8
edgedetect.dly200cell.genblk2\[14\].delay_unit, 124.14, 5.44, 1.8
FILLER_20_199, 100.14, 59.84, 1.8
FILLER_20_206, 100.14, 59.84, 1.8
_246_, 100.14, 59.84, 1.8
_288_, 100.14, 59.84, 1.8
FILLER_18_203, 100.14, 54.4, 1.8
FILLER_19_199, 100.14, 54.4, 1.8
FILLER_19_206, 100.14, 54.4, 1.8
FILLER_19_213, 100.14, 54.4, 1.8
FILLER_19_220, 100.14, 54.4, 1.8
FILLER_20_213, 100.14, 54.4, 1.8
_203_, 100.14, 54.4, 1.8
_237_, 100.14, 54.4, 1.8
_262_, 100.14, 54.4, 1.8
_267_, 100.14, 54.4, 1.8
_268_, 100.14, 54.4, 1.8
_367_, 100.14, 54.4, 1.8
_405_, 100.14, 54.4, 1.8
outbuf_3, 100.14, 54.4, 1.8
FILLER_16_198, 100.14, 48.96, 1.8
FILLER_16_205, 100.14, 48.96, 1.8
FILLER_17_199, 100.14, 48.96, 1.8
FILLER_17_206, 100.14, 48.96, 1.8
FILLER_17_216, 100.14, 48.96, 1.8
FILLER_18_210, 100.14, 48.96, 1.8
_222_, 100.14, 48.96, 1.8
_224_, 100.14, 48.96, 1.8
_263_, 100.14, 48.96, 1.8
_363_, 100.14, 48.96, 1.8
_404_, 100.14, 48.96, 1.8
FILLER_15_207, 100.14, 43.52, 1.8
FILLER_16_212, 100.14, 43.52, 1.8
FILLER_16_218, 100.14, 43.52, 1.8
_324_, 100.14, 43.52, 1.8
clkgen.delay_100ns_1.genblk2\[6\].delay_unit, 100.14, 43.52, 1.8
clkgen.delay_100ns_1.genblk2\[8\].and1, 100.14, 43.52, 1.8
FILLER_12_208, 100.14, 38.08, 1.8
FILLER_13_201, 100.14, 38.08, 1.8
FILLER_13_214, 100.14, 38.08, 1.8
FILLER_13_221, 100.14, 38.08, 1.8
_386_, 100.14, 38.08, 1.8
clkgen.delay_100ns_1.genblk2\[7\].delay_unit, 100.14, 38.08, 1.8
clkgen.delay_100ns_1.genblk2\[8\].mux1, 100.14, 38.08, 1.8
edgedetect.dly200cell.genblk2\[28\].and1, 100.14, 38.08, 1.8
edgedetect.dly200cell.genblk2\[28\].mux1, 100.14, 38.08, 1.8
FILLER_10_200, 100.14, 32.64, 1.8
FILLER_11_216, 100.14, 32.64, 1.8
FILLER_12_218, 100.14, 32.64, 1.8
_286_, 100.14, 32.64, 1.8
clkgen.delay_100ns_3.genblk2\[11\].mux1, 100.14, 32.64, 1.8
edgedetect.dly200cell.genblk2\[27\].delay_unit, 100.14, 32.64, 1.8
edgedetect.dly200cell.genblk2\[31\].and1, 100.14, 32.64, 1.8
FILLER_10_209, 100.14, 27.2, 1.8
FILLER_8_203, 100.14, 27.2, 1.8
FILLER_9_198, 100.14, 27.2, 1.8
clkgen.delay_100ns_3.genblk2\[10\].delay_unit, 100.14, 27.2, 1.8
clkgen.delay_100ns_3.genblk2\[11\].delay_unit, 100.14, 27.2, 1.8
FILLER_6_199, 100.14, 21.76, 1.8
FILLER_6_208, 100.14, 21.76, 1.8
FILLER_7_198, 100.14, 21.76, 1.8
FILLER_8_218, 100.14, 21.76, 1.8
_392_, 100.14, 21.76, 1.8
clkgen.delay_100ns_3.genblk2\[10\].and1, 100.14, 21.76, 1.8
clkgen.delay_100ns_3.genblk2\[7\].and1, 100.14, 21.76, 1.8
clkgen.delay_100ns_3.genblk2\[8\].delay_unit, 100.14, 21.76, 1.8
clkgen.delay_100ns_3.genblk2\[9\].mux1, 100.14, 21.76, 1.8
FILLER_4_196, 100.14, 16.32, 1.8
FILLER_5_221, 100.14, 16.32, 1.8
_247_, 100.14, 16.32, 1.8
clkgen.delay_100ns_3.genblk2\[5\].mux1, 100.14, 16.32, 1.8
clkgen.delay_100ns_3.genblk2\[7\].delay_unit, 100.14, 16.32, 1.8
clkgen.delay_100ns_3.genblk2\[7\].mux1, 100.14, 16.32, 1.8
FILLER_2_197, 100.14, 10.88, 1.8
FILLER_2_205, 100.14, 10.88, 1.8
FILLER_3_198, 100.14, 10.88, 1.8
_264_, 100.14, 10.88, 1.8
clkgen.delay_100ns_3.genblk2\[5\].delay_unit, 100.14, 10.88, 1.8
clkgen.delay_100ns_3.genblk2\[6\].delay_unit, 100.14, 10.88, 1.8
FILLER_0_214, 100.14, 5.44, 1.8
FILLER_1_202, 100.14, 5.44, 1.8
edgedetect.dly200cell.genblk2\[10\].delay_unit, 100.14, 5.44, 1.8
edgedetect.dly200cell.genblk2\[10\].mux1, 100.14, 5.44, 1.8
edgedetect.dly200cell.genblk2\[11\].delay_unit, 100.14, 5.44, 1.8
outbuf_4, 100.14, 5.44, 1.8
FILLER_20_149, 76.14, 59.84, 1.8
_303_, 76.14, 59.84, 1.8
FILLER_18_144, 76.14, 54.4, 1.8
FILLER_18_151, 76.14, 54.4, 1.8
FILLER_18_156, 76.14, 54.4, 1.8
FILLER_19_144, 76.14, 54.4, 1.8
FILLER_19_156, 76.14, 54.4, 1.8
FILLER_19_166, 76.14, 54.4, 1.8
FILLER_20_161, 76.14, 54.4, 1.8
FILLER_20_168, 76.14, 54.4, 1.8
_240_, 76.14, 54.4, 1.8
_299_, 76.14, 54.4, 1.8
_358_, 76.14, 54.4, 1.8
_395_, 76.14, 54.4, 1.8
_403_, 76.14, 54.4, 1.8
FILLER_16_150, 76.14, 48.96, 1.8
FILLER_16_156, 76.14, 48.96, 1.8
FILLER_17_152, 76.14, 48.96, 1.8
FILLER_17_159, 76.14, 48.96, 1.8
FILLER_17_167, 76.14, 48.96, 1.8
FILLER_18_162, 76.14, 48.96, 1.8
FILLER_18_169, 76.14, 48.96, 1.8
_207_, 76.14, 48.96, 1.8
_259_, 76.14, 48.96, 1.8
_289_, 76.14, 48.96, 1.8
_293_, 76.14, 48.96, 1.8
_307_, 76.14, 48.96, 1.8
edgedetect.dly200cell.genblk2\[7\].and1, 76.14, 48.96, 1.8
FILLER_14_156, 76.14, 43.52, 1.8
FILLER_15_148, 76.14, 43.52, 1.8
FILLER_15_157, 76.14, 43.52, 1.8
FILLER_16_164, 76.14, 43.52, 1.8
_290_, 76.14, 43.52, 1.8
clkgen.delay_100ns_1.genblk2\[10\].mux1, 76.14, 43.52, 1.8
clkgen.delay_100ns_3.genblk2\[3\].and1, 76.14, 43.52, 1.8
edgedetect.dly200cell.genblk2\[30\].and1, 76.14, 43.52, 1.8
edgedetect.dly200cell.genblk2\[8\].and1, 76.14, 43.52, 1.8
FILLER_12_147, 76.14, 38.08, 1.8
FILLER_12_156, 76.14, 38.08, 1.8
FILLER_13_146, 76.14, 38.08, 1.8
clkgen.delay_100ns_1.genblk2\[10\].delay_unit, 76.14, 38.08, 1.8
clkgen.delay_100ns_1.genblk2\[9\].delay_unit, 76.14, 38.08, 1.8
FILLER_10_148, 76.14, 32.64, 1.8
FILLER_10_156, 76.14, 32.64, 1.8
FILLER_11_144, 76.14, 32.64, 1.8
FILLER_12_162, 76.14, 32.64, 1.8
_287_, 76.14, 32.64, 1.8
edgedetect.dly200cell.genblk2\[30\].delay_unit, 76.14, 32.64, 1.8
edgedetect.dly200cell.genblk2\[30\].mux1, 76.14, 32.64, 1.8
FILLER_8_150, 76.14, 27.2, 1.8
FILLER_9_152, 76.14, 27.2, 1.8
edgedetect.dly200cell.genblk2\[31\].mux1, 76.14, 27.2, 1.8
edgedetect.dly200cell.genblk2\[32\].delay_unit, 76.14, 27.2, 1.8
FILLER_6_147, 76.14, 21.76, 1.8
FILLER_7_152, 76.14, 21.76, 1.8
FILLER_8_161, 76.14, 21.76, 1.8
_390_, 76.14, 21.76, 1.8
edgedetect.dly200cell.genblk2\[31\].delay_unit, 76.14, 21.76, 1.8
edgedetect.dly200cell.genblk2\[33\].delay_unit, 76.14, 21.76, 1.8
FILLER_5_155, 76.14, 16.32, 1.8
edgedetect.dly200cell.genblk2\[34\].delay_unit, 76.14, 16.32, 1.8
edgedetect.dly200cell.genblk2\[35\].delay_unit, 76.14, 16.32, 1.8
edgedetect.dly200cell.genblk2\[36\].mux1, 76.14, 16.32, 1.8
FILLER_2_147, 76.14, 10.88, 1.8
FILLER_3_154, 76.14, 10.88, 1.8
FILLER_4_161, 76.14, 10.88, 1.8
_291_, 76.14, 10.88, 1.8
clkgen.delay_100ns_3.genblk2\[3\].delay_unit, 76.14, 10.88, 1.8
edgedetect.dly200cell.genblk2\[35\].mux1, 76.14, 10.88, 1.8
FILLER_0_152, 76.14, 5.44, 1.8
FILLER_0_156, 76.14, 5.44, 1.8
FILLER_0_169, 76.14, 5.44, 1.8
FILLER_1_154, 76.14, 5.44, 1.8
FILLER_2_167, 76.14, 5.44, 1.8
clkgen.delay_100ns_3.genblk2\[2\].mux1, 76.14, 5.44, 1.8
edgedetect.dly200cell.genblk2\[7\].mux1, 76.14, 5.44, 1.8
edgedetect.dly200cell.genblk2\[8\].delay_unit, 76.14, 5.44, 1.8
FILLER_20_99, 52.14, 59.84, 1.8
_301_, 52.14, 59.84, 1.8
_397_, 52.14, 59.84, 1.8
FILLER_18_99, 52.14, 54.4, 1.8
FILLER_19_100, 52.14, 54.4, 1.8
FILLER_19_107, 52.14, 54.4, 1.8
FILLER_19_114, 52.14, 54.4, 1.8
FILLER_20_106, 52.14, 54.4, 1.8
FILLER_20_113, 52.14, 54.4, 1.8
_215_, 52.14, 54.4, 1.8
_257_, 52.14, 54.4, 1.8
_296_, 52.14, 54.4, 1.8
_302_, 52.14, 54.4, 1.8
_316_, 52.14, 54.4, 1.8
_401_, 52.14, 54.4, 1.8
FILLER_16_99, 52.14, 48.96, 1.8
FILLER_17_105, 52.14, 48.96, 1.8
FILLER_17_112, 52.14, 48.96, 1.8
FILLER_17_93, 52.14, 48.96, 1.8
FILLER_18_108, 52.14, 48.96, 1.8
FILLER_18_115, 52.14, 48.96, 1.8
_208_, 52.14, 48.96, 1.8
_209_, 52.14, 48.96, 1.8
_210_, 52.14, 48.96, 1.8
_213_, 52.14, 48.96, 1.8
_214_, 52.14, 48.96, 1.8
_357_, 52.14, 48.96, 1.8
edgedetect.dly200cell.genblk2\[5\].and1, 52.14, 48.96, 1.8
FILLER_14_101, 52.14, 43.52, 1.8
FILLER_15_110, 52.14, 43.52, 1.8
FILLER_15_97, 52.14, 43.52, 1.8
FILLER_16_108, 52.14, 43.52, 1.8
clkgen.delay_100ns_1.genblk2\[12\].and1, 52.14, 43.52, 1.8
clkgen.delay_100ns_1.genblk2\[19\].and1, 52.14, 43.52, 1.8
clkgen.delay_100ns_3.genblk2\[1\].and1, 52.14, 43.52, 1.8
edgedetect.dly200cell.genblk2\[37\].and1, 52.14, 43.52, 1.8
edgedetect.dly200cell.genblk2\[38\].and1, 52.14, 43.52, 1.8
FILLER_12_94, 52.14, 38.08, 1.8
FILLER_13_106, 52.14, 38.08, 1.8
FILLER_13_113, 52.14, 38.08, 1.8
FILLER_13_93, 52.14, 38.08, 1.8
FILLER_14_111, 52.14, 38.08, 1.8
_310_, 52.14, 38.08, 1.8
clkgen.delay_100ns_1.genblk2\[11\].and1, 52.14, 38.08, 1.8
clkgen.delay_100ns_1.genblk2\[11\].delay_unit, 52.14, 38.08, 1.8
clkgen.delay_100ns_1.genblk2\[16\].and1, 52.14, 38.08, 1.8
clkgen.delay_100ns_1.genblk2\[18\].and1, 52.14, 38.08, 1.8
clkgen.delay_100ns_2.genblk2\[11\].mux1, 52.14, 38.08, 1.8
FILLER_10_94, 52.14, 32.64, 1.8
FILLER_11_103, 52.14, 32.64, 1.8
FILLER_11_112, 52.14, 32.64, 1.8
FILLER_12_105, 52.14, 32.64, 1.8
clkgen.delay_100ns_1.genblk2\[12\].delay_unit, 52.14, 32.64, 1.8
clkgen.delay_100ns_1.genblk2\[13\].and1, 52.14, 32.64, 1.8
clkgen.delay_100ns_1.genblk2\[14\].and1, 52.14, 32.64, 1.8
clkgen.delay_100ns_1.genblk2\[15\].and1, 52.14, 32.64, 1.8
clkgen.delay_100ns_2.genblk2\[13\].mux1, 52.14, 32.64, 1.8
FILLER_10_106, 52.14, 27.2, 1.8
FILLER_8_99, 52.14, 27.2, 1.8
FILLER_9_103, 52.14, 27.2, 1.8
_292_, 52.14, 27.2, 1.8
clkgen.delay_100ns_1.genblk2\[13\].delay_unit, 52.14, 27.2, 1.8
clkgen.delay_100ns_1.genblk2\[15\].mux1, 52.14, 27.2, 1.8
clkgen.delay_100ns_2.genblk2\[14\].mux1, 52.14, 27.2, 1.8
edgedetect.dly200cell.genblk2\[35\].and1, 52.14, 27.2, 1.8
FILLER_7_103, 52.14, 21.76, 1.8
FILLER_8_108, 52.14, 21.76, 1.8
clkgen.delay_100ns_1.genblk2\[14\].delay_unit, 52.14, 21.76, 1.8
clkgen.delay_100ns_1.genblk2\[17\].mux1, 52.14, 21.76, 1.8
clkgen.delay_100ns_1.genblk2\[19\].mux1, 52.14, 21.76, 1.8
edgedetect.dly200cell.genblk2\[38\].mux1, 52.14, 21.76, 1.8
FILLER_4_100, 52.14, 16.32, 1.8
FILLER_4_94, 52.14, 16.32, 1.8
FILLER_5_103, 52.14, 16.32, 1.8
FILLER_6_105, 52.14, 16.32, 1.8
_360_, 52.14, 16.32, 1.8
clkgen.delay_100ns_1.genblk2\[16\].delay_unit, 52.14, 16.32, 1.8
clkgen.delay_100ns_1.genblk2\[18\].delay_unit, 52.14, 16.32, 1.8
clkgen.delay_100ns_1.genblk2\[18\].mux1, 52.14, 16.32, 1.8
clkgen.delay_100ns_3.genblk2\[1\].delay_unit, 52.14, 10.88, 1.8
clkgen.delay_100ns_3.genblk2\[1\].mux1, 52.14, 10.88, 1.8
FILLER_1_93, 52.14, 5.44, 1.8
FILLER_2_105, 52.14, 5.44, 1.8
edgedetect.dly200cell.genblk2\[1\].delay_unit, 52.14, 5.44, 1.8
edgedetect.dly200cell.genblk2\[37\].delay_unit, 52.14, 5.44, 1.8
edgedetect.dly200cell.genblk2\[5\].delay_unit, 52.14, 5.44, 1.8
FILLER_20_46, 28.14, 59.84, 1.8
_202_, 28.14, 59.84, 1.8
_399_, 28.14, 59.84, 1.8
FILLER_18_47, 28.14, 54.4, 1.8
FILLER_19_40, 28.14, 54.4, 1.8
FILLER_19_52, 28.14, 54.4, 1.8
FILLER_19_59, 28.14, 54.4, 1.8
FILLER_19_63, 28.14, 54.4, 1.8
FILLER_20_53, 28.14, 54.4, 1.8
_234_, 28.14, 54.4, 1.8
_245_, 28.14, 54.4, 1.8
_298_, 28.14, 54.4, 1.8
_300_, 28.14, 54.4, 1.8
_398_, 28.14, 54.4, 1.8
_400_, 28.14, 54.4, 1.8
ANTENNA_6, 28.14, 48.96, 1.8
ANTENNA_7, 28.14, 48.96, 1.8
FILLER_16_49, 28.14, 48.96, 1.8
FILLER_17_46, 28.14, 48.96, 1.8
FILLER_17_53, 28.14, 48.96, 1.8
FILLER_17_63, 28.14, 48.96, 1.8
FILLER_18_54, 28.14, 48.96, 1.8
FILLER_18_61, 28.14, 48.96, 1.8
_232_, 28.14, 48.96, 1.8
_233_, 28.14, 48.96, 1.8
_297_, 28.14, 48.96, 1.8
_334_, 28.14, 48.96, 1.8
_345_, 28.14, 48.96, 1.8
edgedetect.dly200cell.genblk2\[2\].and1, 28.14, 48.96, 1.8
FILLER_15_45, 28.14, 43.52, 1.8
FILLER_15_54, 28.14, 43.52, 1.8
FILLER_16_58, 28.14, 43.52, 1.8
_228_, 28.14, 43.52, 1.8
clkgen.delay_100ns_2.genblk2\[9\].and1, 28.14, 43.52, 1.8
clkgen.delay_100ns_2.genblk2\[9\].mux1, 28.14, 43.52, 1.8
edgedetect.dly200cell.genblk2\[3\].and1, 28.14, 43.52, 1.8
FILLER_12_43, 28.14, 38.08, 1.8
FILLER_13_43, 28.14, 38.08, 1.8
FILLER_13_51, 28.14, 38.08, 1.8
FILLER_13_63, 28.14, 38.08, 1.8
FILLER_14_62, 28.14, 38.08, 1.8
_329_, 28.14, 38.08, 1.8
clkgen.delay_100ns_2.genblk2\[11\].and1, 28.14, 38.08, 1.8
clkgen.delay_100ns_2.genblk2\[15\].and1, 28.14, 38.08, 1.8
FILLER_11_47, 28.14, 32.64, 1.8
FILLER_12_55, 28.14, 32.64, 1.8
FILLER_12_64, 28.14, 32.64, 1.8
clkgen.delay_100ns_2.genblk2\[12\].delay_unit, 28.14, 32.64, 1.8
clkgen.delay_100ns_2.genblk2\[13\].and1, 28.14, 32.64, 1.8
clkgen.delay_100ns_2.genblk2\[14\].and1, 28.14, 32.64, 1.8
FILLER_10_59, 28.14, 27.2, 1.8
FILLER_9_42, 28.14, 27.2, 1.8
FILLER_9_55, 28.14, 27.2, 1.8
clkgen.delay_100ns_2.genblk2\[14\].delay_unit, 28.14, 27.2, 1.8
clkgen.delay_100ns_2.genblk2\[3\].mux1, 28.14, 27.2, 1.8
FILLER_6_44, 28.14, 21.76, 1.8
FILLER_7_46, 28.14, 21.76, 1.8
FILLER_8_59, 28.14, 21.76, 1.8
clkgen.delay_100ns_2.genblk2\[16\].delay_unit, 28.14, 21.76, 1.8
clkgen.delay_100ns_2.genblk2\[16\].mux1, 28.14, 21.76, 1.8
clkgen.delay_100ns_2.genblk2\[17\].delay_unit, 28.14, 21.76, 1.8
clkgen.delay_100ns_2.genblk2\[17\].mux1, 28.14, 16.32, 1.8
FILLER_2_43, 28.14, 10.88, 1.8
FILLER_3_55, 28.14, 10.88, 1.8
FILLER_4_59, 28.14, 10.88, 1.8
edgedetect.dly200cell.genblk2\[39\].delay_unit, 28.14, 10.88, 1.8
edgedetect.dly200cell.genblk2\[4\].mux1, 28.14, 10.88, 1.8
FILLER_1_47, 28.14, 5.44, 1.8
FILLER_1_63, 28.14, 5.44, 1.8
FILLER_2_56, 28.14, 5.44, 1.8
edgedetect.dly200cell.genblk2\[0\].delay_unit, 28.14, 5.44, 1.8
edgedetect.dly200cell.genblk2\[3\].delay_unit, 28.14, 5.44, 1.8
edgedetect.dly200cell.genblk2\[5\].mux1, 28.14, 5.44, 1.8
PHY_40, 4.14, 59.84, 1.8
PHY_41, 169.74, 59.84, 1.8
FILLER_20_15, 16.14, 59.84, 1.8
FILLER_20_22, 16.14, 59.84, 1.8
_235_, 16.14, 59.84, 1.8
_335_, 16.14, 59.84, 1.8
FILLER_20_68, 40.14, 59.84, 1.8
FILLER_20_75, 40.14, 59.84, 1.8
_333_, 40.14, 59.84, 1.8
FILLER_20_120, 64.14, 59.84, 1.8
FILLER_20_130, 64.14, 59.84, 1.8
_396_, 64.14, 59.84, 1.8
FILLER_20_175, 88.14, 59.84, 1.8
FILLER_20_182, 88.14, 59.84, 1.8
_238_, 88.14, 59.84, 1.8
_346_, 88.14, 59.84, 1.8
FILLER_20_226, 112.14, 59.84, 1.8
ANTENNA_13, 136.14, 59.84, 1.8
FILLER_20_275, 136.14, 59.84, 1.8
_236_, 136.14, 59.84, 1.8
FILLER_20_326, 158.94, 59.84, 1.8
_355_, 158.94, 59.84, 1.8
FILLER_19_12, 4.14, 54.4, 1.8
FILLER_19_3, 4.14, 54.4, 1.8
FILLER_20_8, 4.14, 54.4, 1.8
PHY_36, 4.14, 54.4, 1.8
PHY_38, 4.14, 54.4, 1.8
_239_, 4.14, 54.4, 1.8
_243_, 4.14, 54.4, 1.8
_244_, 4.14, 54.4, 1.8
FILLER_18_354, 169.74, 54.4, 1.8
FILLER_19_351, 169.74, 54.4, 1.8
PHY_37, 169.74, 54.4, 1.8
PHY_39, 169.74, 54.4, 1.8
_306_, 169.74, 54.4, 1.8
FILLER_18_18, 16.14, 54.4, 1.8
FILLER_19_19, 16.14, 54.4, 1.8
FILLER_19_26, 16.14, 54.4, 1.8
FILLER_19_33, 16.14, 54.4, 1.8
FILLER_20_37, 16.14, 54.4, 1.8
_241_, 16.14, 54.4, 1.8
_339_, 16.14, 54.4, 1.8
_340_, 16.14, 54.4, 1.8
_343_, 16.14, 54.4, 1.8
_344_, 16.14, 54.4, 1.8
edgedetect.dly200cell.genblk2\[1\].and1, 16.14, 54.4, 1.8
FILLER_18_68, 40.14, 54.4, 1.8
FILLER_18_75, 40.14, 54.4, 1.8
FILLER_19_74, 40.14, 54.4, 1.8
FILLER_19_83, 40.14, 54.4, 1.8
FILLER_19_90, 40.14, 54.4, 1.8
FILLER_20_82, 40.14, 54.4, 1.8
FILLER_20_89, 40.14, 54.4, 1.8
_205_, 40.14, 54.4, 1.8
_216_, 40.14, 54.4, 1.8
_227_, 40.14, 54.4, 1.8
_230_, 40.14, 54.4, 1.8
_331_, 40.14, 54.4, 1.8
_332_, 40.14, 54.4, 1.8
FILLER_18_122, 64.14, 54.4, 1.8
FILLER_19_130, 64.14, 54.4, 1.8
FILLER_19_137, 64.14, 54.4, 1.8
FILLER_20_142, 64.14, 54.4, 1.8
_211_, 64.14, 54.4, 1.8
_212_, 64.14, 54.4, 1.8
_258_, 64.14, 54.4, 1.8
_311_, 64.14, 54.4, 1.8
_313_, 64.14, 54.4, 1.8
_314_, 64.14, 54.4, 1.8
_402_, 64.14, 54.4, 1.8
FILLER_18_176, 88.14, 54.4, 1.8
FILLER_19_173, 88.14, 54.4, 1.8
FILLER_19_180, 88.14, 54.4, 1.8
FILLER_19_192, 88.14, 54.4, 1.8
FILLER_20_192, 88.14, 54.4, 1.8
_304_, 88.14, 54.4, 1.8
_326_, 88.14, 54.4, 1.8
_336_, 88.14, 54.4, 1.8
_337_, 88.14, 54.4, 1.8
_359_, 88.14, 54.4, 1.8
_394_, 88.14, 54.4, 1.8
FILLER_18_223, 112.14, 54.4, 1.8
FILLER_18_230, 112.14, 54.4, 1.8
FILLER_19_229, 112.14, 54.4, 1.8
FILLER_19_237, 112.14, 54.4, 1.8
FILLER_19_244, 112.14, 54.4, 1.8
FILLER_20_238, 112.14, 54.4, 1.8
FILLER_20_245, 112.14, 54.4, 1.8
_269_, 112.14, 54.4, 1.8
_270_, 112.14, 54.4, 1.8
_322_, 112.14, 54.4, 1.8
_323_, 112.14, 54.4, 1.8
_348_, 112.14, 54.4, 1.8
_364_, 112.14, 54.4, 1.8
_368_, 112.14, 54.4, 1.8
ANTENNA_1, 136.14, 54.4, 1.8
ANTENNA_8, 136.14, 54.4, 1.8
FILLER_18_285, 136.14, 54.4, 1.8
FILLER_19_275, 136.14, 54.4, 1.8
FILLER_19_296, 136.14, 54.4, 1.8
_271_, 136.14, 54.4, 1.8
_272_, 136.14, 54.4, 1.8
_279_, 136.14, 54.4, 1.8
_319_, 136.14, 54.4, 1.8
_366_, 136.14, 54.4, 1.8
_371_, 136.14, 54.4, 1.8
_377_, 136.14, 54.4, 1.8
FILLER_18_329, 158.94, 54.4, 1.8
FILLER_19_328, 158.94, 54.4, 1.8
FILLER_19_335, 158.94, 54.4, 1.8
FILLER_19_344, 158.94, 54.4, 1.8
FILLER_20_338, 158.94, 54.4, 1.8
FILLER_20_347, 158.94, 54.4, 1.8
_206_, 158.94, 54.4, 1.8
_254_, 158.94, 54.4, 1.8
_255_, 158.94, 54.4, 1.8
_256_, 158.94, 54.4, 1.8
_352_, 158.94, 54.4, 1.8
_356_, 158.94, 54.4, 1.8
inbuf_3, 158.94, 54.4, 1.8
ANTENNA_2, 4.14, 48.96, 1.8
FILLER_17_12, 4.14, 48.96, 1.8
FILLER_17_3, 4.14, 48.96, 1.8
PHY_32, 4.14, 48.96, 1.8
PHY_34, 4.14, 48.96, 1.8
_338_, 4.14, 48.96, 1.8
clkgen.delay_100ns_2.genblk2\[0\].and1, 4.14, 48.96, 1.8
clkgen.delay_100ns_2.genblk2\[19\].and1, 4.14, 48.96, 1.8
FILLER_16_353, 169.74, 48.96, 1.8
FILLER_17_351, 169.74, 48.96, 1.8
PHY_33, 169.74, 48.96, 1.8
PHY_35, 169.74, 48.96, 1.8
ANTENNA_10, 16.14, 48.96, 1.8
ANTENNA_3, 16.14, 48.96, 1.8
ANTENNA_4, 16.14, 48.96, 1.8
ANTENNA_5, 16.14, 48.96, 1.8
FILLER_16_22, 16.14, 48.96, 1.8
FILLER_17_21, 16.14, 48.96, 1.8
FILLER_18_27, 16.14, 48.96, 1.8
_242_, 16.14, 48.96, 1.8
_341_, 16.14, 48.96, 1.8
_342_, 16.14, 48.96, 1.8
clkgen.delay_100ns_2.genblk2\[2\].and1, 16.14, 48.96, 1.8
clkgen.delay_100ns_2.genblk2\[4\].and1, 16.14, 48.96, 1.8
edgedetect.dly200cell.genblk2\[0\].and1, 16.14, 48.96, 1.8
FILLER_16_67, 40.14, 48.96, 1.8
FILLER_16_76, 40.14, 48.96, 1.8
FILLER_17_74, 40.14, 48.96, 1.8
FILLER_17_86, 40.14, 48.96, 1.8
FILLER_18_83, 40.14, 48.96, 1.8
FILLER_18_90, 40.14, 48.96, 1.8
_229_, 40.14, 48.96, 1.8
_327_, 40.14, 48.96, 1.8
_328_, 40.14, 48.96, 1.8
_330_, 40.14, 48.96, 1.8
clkgen.delay_100ns_2.genblk2\[10\].and1, 40.14, 48.96, 1.8
edgedetect.dly200cell.genblk2\[4\].and1, 40.14, 48.96, 1.8
FILLER_16_121, 64.14, 48.96, 1.8
FILLER_16_130, 64.14, 48.96, 1.8
FILLER_17_119, 64.14, 48.96, 1.8
FILLER_17_125, 64.14, 48.96, 1.8
FILLER_17_135, 64.14, 48.96, 1.8
FILLER_17_142, 64.14, 48.96, 1.8
FILLER_18_131, 64.14, 48.96, 1.8
_295_, 64.14, 48.96, 1.8
_308_, 64.14, 48.96, 1.8
_309_, 64.14, 48.96, 1.8
_312_, 64.14, 48.96, 1.8
FILLER_16_171, 88.14, 48.96, 1.8
FILLER_16_180, 88.14, 48.96, 1.8
FILLER_17_177, 88.14, 48.96, 1.8
FILLER_17_192, 88.14, 48.96, 1.8
FILLER_18_183, 88.14, 48.96, 1.8
FILLER_18_190, 88.14, 48.96, 1.8
_225_, 88.14, 48.96, 1.8
_260_, 88.14, 48.96, 1.8
_305_, 88.14, 48.96, 1.8
_388_, 88.14, 48.96, 1.8
clkgen.delay_100ns_3.genblk2\[4\].and1, 88.14, 48.96, 1.8
FILLER_16_228, 112.14, 48.96, 1.8
FILLER_17_226, 112.14, 48.96, 1.8
FILLER_17_240, 112.14, 48.96, 1.8
FILLER_18_237, 112.14, 48.96, 1.8
_223_, 112.14, 48.96, 1.8
clkgen.delay_100ns_1.genblk2\[5\].and1, 112.14, 48.96, 1.8
clkgen.delay_100ns_1.genblk2\[6\].mux1, 112.14, 48.96, 1.8
clkgen.delay_100ns_1.genblk2\[7\].and1, 112.14, 48.96, 1.8
FILLER_16_285, 136.14, 48.96, 1.8
FILLER_17_274, 136.14, 48.96, 1.8
FILLER_17_281, 136.14, 48.96, 1.8
FILLER_17_288, 136.14, 48.96, 1.8
FILLER_17_295, 136.14, 48.96, 1.8
FILLER_18_292, 136.14, 48.96, 1.8
FILLER_18_299, 136.14, 48.96, 1.8
_219_, 136.14, 48.96, 1.8
_273_, 136.14, 48.96, 1.8
_274_, 136.14, 48.96, 1.8
_374_, 136.14, 48.96, 1.8
_378_, 136.14, 48.96, 1.8
_380_, 136.14, 48.96, 1.8
_381_, 136.14, 48.96, 1.8
FILLER_16_335, 158.94, 48.96, 1.8
FILLER_17_330, 158.94, 48.96, 1.8
FILLER_17_337, 158.94, 48.96, 1.8
FILLER_17_344, 158.94, 48.96, 1.8
FILLER_18_338, 158.94, 48.96, 1.8
FILLER_18_347, 158.94, 48.96, 1.8
_252_, 158.94, 48.96, 1.8
_317_, 158.94, 48.96, 1.8
_351_, 158.94, 48.96, 1.8
_353_, 158.94, 48.96, 1.8
_354_, 158.94, 48.96, 1.8
clkgen.delay_100ns_1.genblk2\[1\].mux1, 158.94, 48.96, 1.8
FILLER_15_3, 4.14, 43.52, 1.8
FILLER_16_3, 4.14, 43.52, 1.8
PHY_28, 4.14, 43.52, 1.8
PHY_30, 4.14, 43.52, 1.8
clkgen.delay_100ns_2.genblk2\[1\].and1, 4.14, 43.52, 1.8
clkgen.delay_100ns_2.genblk2\[7\].delay_unit, 4.14, 43.52, 1.8
FILLER_14_354, 169.74, 43.52, 1.8
FILLER_15_354, 169.74, 43.52, 1.8
PHY_29, 169.74, 43.52, 1.8
PHY_31, 169.74, 43.52, 1.8
_251_, 169.74, 43.52, 1.8
_350_, 169.74, 43.52, 1.8
FILLER_14_16, 16.14, 43.52, 1.8
FILLER_15_32, 16.14, 43.52, 1.8
clkgen.delay_100ns_2.genblk2\[7\].mux1, 16.14, 43.52, 1.8
clkgen.delay_100ns_2.genblk2\[8\].mux1, 16.14, 43.52, 1.8
clkgen.delay_100ns_3.genblk2\[0\].and1, 16.14, 43.52, 1.8
FILLER_15_74, 40.14, 43.52, 1.8
FILLER_15_88, 40.14, 43.52, 1.8
FILLER_16_85, 40.14, 43.52, 1.8
clkgen.delay_100ns_2.genblk2\[10\].delay_unit, 40.14, 43.52, 1.8
clkgen.delay_100ns_2.genblk2\[10\].mux1, 40.14, 43.52, 1.8
edgedetect.dly200cell.genblk2\[39\].and1, 40.14, 43.52, 1.8
FILLER_15_121, 64.14, 43.52, 1.8
FILLER_15_132, 64.14, 43.52, 1.8
FILLER_15_139, 64.14, 43.52, 1.8
FILLER_16_139, 64.14, 43.52, 1.8
_294_, 64.14, 43.52, 1.8
clkgen.delay_100ns_1.genblk2\[17\].and1, 64.14, 43.52, 1.8
clkgen.delay_100ns_3.genblk2\[2\].and1, 64.14, 43.52, 1.8
edgedetect.dly200cell.genblk2\[36\].and1, 64.14, 43.52, 1.8
FILLER_15_170, 88.14, 43.52, 1.8
FILLER_15_192, 88.14, 43.52, 1.8
FILLER_16_187, 88.14, 43.52, 1.8
_261_, 88.14, 43.52, 1.8
_325_, 88.14, 43.52, 1.8
_393_, 88.14, 43.52, 1.8
clkgen.delay_100ns_1.genblk2\[9\].mux1, 88.14, 43.52, 1.8
FILLER_15_241, 112.14, 43.52, 1.8
clkgen.delay_100ns_1.genblk2\[5\].delay_unit, 112.14, 43.52, 1.8
FILLER_15_285, 136.14, 43.52, 1.8
FILLER_15_292, 136.14, 43.52, 1.8
FILLER_15_299, 136.14, 43.52, 1.8
FILLER_16_292, 136.14, 43.52, 1.8
FILLER_16_299, 136.14, 43.52, 1.8
_249_, 136.14, 43.52, 1.8
_281_, 136.14, 43.52, 1.8
_282_, 136.14, 43.52, 1.8
_320_, 136.14, 43.52, 1.8
clkgen.delay_100ns_1.genblk2\[3\].mux1, 136.14, 43.52, 1.8
FILLER_14_328, 158.94, 43.52, 1.8
FILLER_14_335, 158.94, 43.52, 1.8
FILLER_15_338, 158.94, 43.52, 1.8
FILLER_15_347, 158.94, 43.52, 1.8
_250_, 158.94, 43.52, 1.8
clkgen.delay_100ns_1.genblk2\[0\].and1, 158.94, 43.52, 1.8
clkgen.delay_100ns_1.genblk2\[0\].mux1, 158.94, 43.52, 1.8
FILLER_13_3, 4.14, 38.08, 1.8
FILLER_14_3, 4.14, 38.08, 1.8
PHY_24, 4.14, 38.08, 1.8
PHY_26, 4.14, 38.08, 1.8
clkgen.delay_100ns_2.genblk2\[7\].and1, 4.14, 38.08, 1.8
clkgen.delay_100ns_2.genblk2\[8\].and1, 4.14, 38.08, 1.8
FILLER_12_349, 169.74, 38.08, 1.8
PHY_25, 169.74, 38.08, 1.8
PHY_27, 169.74, 38.08, 1.8
FILLER_12_16, 16.14, 38.08, 1.8
FILLER_13_14, 16.14, 38.08, 1.8
FILLER_14_32, 16.14, 38.08, 1.8
clkgen.delay_100ns_2.genblk2\[6\].mux1, 16.14, 38.08, 1.8
clkgen.delay_100ns_2.genblk2\[8\].delay_unit, 16.14, 38.08, 1.8
clkgen.delay_100ns_2.genblk2\[9\].delay_unit, 16.14, 38.08, 1.8
FILLER_12_73, 40.14, 38.08, 1.8
clkgen.delay_100ns_2.genblk2\[11\].delay_unit, 40.14, 38.08, 1.8
clkgen.delay_100ns_2.genblk2\[12\].and1, 40.14, 38.08, 1.8
clkgen.delay_100ns_2.genblk2\[12\].mux1, 40.14, 38.08, 1.8
FILLER_13_136, 64.14, 38.08, 1.8
FILLER_14_140, 64.14, 38.08, 1.8
clkgen.delay_100ns_1.genblk2\[10\].and1, 64.14, 38.08, 1.8
clkgen.delay_100ns_1.genblk2\[12\].mux1, 64.14, 38.08, 1.8
FILLER_12_175, 88.14, 38.08, 1.8
FILLER_13_175, 88.14, 38.08, 1.8
FILLER_13_192, 88.14, 38.08, 1.8
FILLER_14_186, 88.14, 38.08, 1.8
_387_, 88.14, 38.08, 1.8
clkgen.delay_100ns_1.genblk2\[8\].delay_unit, 88.14, 38.08, 1.8
clkgen.delay_100ns_1.genblk2\[9\].and1, 88.14, 38.08, 1.8
FILLER_13_234, 112.14, 38.08, 1.8
FILLER_13_243, 112.14, 38.08, 1.8
FILLER_14_245, 112.14, 38.08, 1.8
clkgen.delay_100ns_1.genblk2\[7\].mux1, 112.14, 38.08, 1.8
edgedetect.dly200cell.genblk2\[27\].and1, 112.14, 38.08, 1.8
FILLER_12_275, 136.14, 38.08, 1.8
FILLER_13_293, 136.14, 38.08, 1.8
FILLER_14_291, 136.14, 38.08, 1.8
FILLER_14_298, 136.14, 38.08, 1.8
_283_, 136.14, 38.08, 1.8
_384_, 136.14, 38.08, 1.8
clkgen.delay_100ns_1.genblk2\[3\].and1, 136.14, 38.08, 1.8
FILLER_12_331, 158.94, 38.08, 1.8
FILLER_14_347, 158.94, 38.08, 1.8
_253_, 158.94, 38.08, 1.8
_280_, 158.94, 38.08, 1.8
clkgen.delay_100ns_1.genblk2\[0\].delay_unit, 158.94, 38.08, 1.8
clkgen.delay_100ns_3.genblk2\[15\].and1, 158.94, 38.08, 1.8
FILLER_11_3, 4.14, 32.64, 1.8
FILLER_11_9, 4.14, 32.64, 1.8
FILLER_12_3, 4.14, 32.64, 1.8
PHY_20, 4.14, 32.64, 1.8
PHY_22, 4.14, 32.64, 1.8
_231_, 4.14, 32.64, 1.8
clkgen.delay_100ns_2.genblk2\[5\].and1, 4.14, 32.64, 1.8
clkgen.delay_100ns_2.genblk2\[6\].and1, 4.14, 32.64, 1.8
FILLER_10_353, 169.74, 32.64, 1.8
FILLER_11_354, 169.74, 32.64, 1.8
PHY_21, 169.74, 32.64, 1.8
PHY_23, 169.74, 32.64, 1.8
_349_, 169.74, 32.64, 1.8
FILLER_10_16, 16.14, 32.64, 1.8
FILLER_11_18, 16.14, 32.64, 1.8
clkgen.delay_100ns_2.genblk2\[4\].mux1, 16.14, 32.64, 1.8
clkgen.delay_100ns_2.genblk2\[5\].mux1, 16.14, 32.64, 1.8
clkgen.delay_100ns_2.genblk2\[6\].delay_unit, 16.14, 32.64, 1.8
FILLER_11_90, 40.14, 32.64, 1.8
FILLER_12_86, 40.14, 32.64, 1.8
clkgen.delay_100ns_2.genblk2\[13\].delay_unit, 40.14, 32.64, 1.8
FILLER_11_121, 64.14, 32.64, 1.8
FILLER_11_136, 64.14, 32.64, 1.8
FILLER_12_134, 64.14, 32.64, 1.8
_389_, 64.14, 32.64, 1.8
clkgen.delay_100ns_1.genblk2\[11\].mux1, 64.14, 32.64, 1.8
clkgen.delay_100ns_1.genblk2\[13\].mux1, 64.14, 32.64, 1.8
FILLER_10_171, 88.14, 32.64, 1.8
FILLER_11_173, 88.14, 32.64, 1.8
FILLER_11_187, 88.14, 32.64, 1.8
FILLER_12_194, 88.14, 32.64, 1.8
edgedetect.dly200cell.genblk2\[28\].delay_unit, 88.14, 32.64, 1.8
edgedetect.dly200cell.genblk2\[29\].and1, 88.14, 32.64, 1.8
edgedetect.dly200cell.genblk2\[29\].delay_unit, 88.14, 32.64, 1.8
edgedetect.dly200cell.genblk2\[29\].mux1, 88.14, 32.64, 1.8
FILLER_11_230, 112.14, 32.64, 1.8
FILLER_11_243, 112.14, 32.64, 1.8
FILLER_12_246, 112.14, 32.64, 1.8
edgedetect.dly200cell.genblk2\[27\].mux1, 112.14, 32.64, 1.8
FILLER_10_280, 136.14, 32.64, 1.8
FILLER_11_286, 136.14, 32.64, 1.8
FILLER_11_295, 136.14, 32.64, 1.8
FILLER_12_287, 136.14, 32.64, 1.8
FILLER_12_294, 136.14, 32.64, 1.8
_284_, 136.14, 32.64, 1.8
_385_, 136.14, 32.64, 1.8
clkgen.delay_100ns_3.genblk2\[12\].and1, 136.14, 32.64, 1.8
edgedetect.dly200cell.genblk2\[22\].and1, 136.14, 32.64, 1.8
edgedetect.dly200cell.genblk2\[24\].mux1, 136.14, 32.64, 1.8
FILLER_10_325, 158.94, 32.64, 1.8
FILLER_11_338, 158.94, 32.64, 1.8
FILLER_11_347, 158.94, 32.64, 1.8
FILLER_12_338, 158.94, 32.64, 1.8
clkgen.delay_100ns_3.genblk2\[13\].mux1, 158.94, 32.64, 1.8
clkgen.delay_100ns_3.genblk2\[14\].and1, 158.94, 32.64, 1.8
clkgen.delay_100ns_3.genblk2\[17\].and1, 158.94, 32.64, 1.8
FILLER_10_3, 4.14, 27.2, 1.8
FILLER_9_13, 4.14, 27.2, 1.8
FILLER_9_3, 4.14, 27.2, 1.8
PHY_16, 4.14, 27.2, 1.8
PHY_18, 4.14, 27.2, 1.8
clkgen.delay_100ns_2.genblk2\[18\].and1, 4.14, 27.2, 1.8
clkgen.delay_100ns_2.genblk2\[3\].and1, 4.14, 27.2, 1.8
FILLER_8_353, 169.74, 27.2, 1.8
FILLER_9_352, 169.74, 27.2, 1.8
PHY_17, 169.74, 27.2, 1.8
PHY_19, 169.74, 27.2, 1.8
FILLER_8_16, 16.14, 27.2, 1.8
clkgen.delay_100ns_2.genblk2\[2\].mux1, 16.14, 27.2, 1.8
clkgen.delay_100ns_2.genblk2\[4\].delay_unit, 16.14, 27.2, 1.8
clkgen.delay_100ns_2.genblk2\[5\].delay_unit, 16.14, 27.2, 1.8
FILLER_9_90, 40.14, 27.2, 1.8
clkgen.delay_100ns_2.genblk2\[15\].delay_unit, 40.14, 27.2, 1.8
FILLER_10_135, 64.14, 27.2, 1.8
clkgen.delay_100ns_1.genblk2\[14\].mux1, 64.14, 27.2, 1.8
clkgen.delay_100ns_1.genblk2\[15\].delay_unit, 64.14, 27.2, 1.8
FILLER_9_183, 88.14, 27.2, 1.8
edgedetect.dly200cell.genblk2\[32\].mux1, 88.14, 27.2, 1.8
FILLER_10_245, 112.14, 27.2, 1.8
FILLER_8_230, 112.14, 27.2, 1.8
FILLER_9_229, 112.14, 27.2, 1.8
FILLER_9_242, 112.14, 27.2, 1.8
clkgen.delay_100ns_3.genblk2\[10\].mux1, 112.14, 27.2, 1.8
clkgen.delay_100ns_3.genblk2\[9\].delay_unit, 112.14, 27.2, 1.8
FILLER_9_290, 136.14, 27.2, 1.8
FILLER_9_299, 136.14, 27.2, 1.8
clkgen.delay_100ns_3.genblk2\[12\].delay_unit, 136.14, 27.2, 1.8
edgedetect.dly200cell.genblk2\[23\].mux1, 136.14, 27.2, 1.8
edgedetect.dly200cell.genblk2\[24\].and1, 136.14, 27.2, 1.8
FILLER_8_336, 158.94, 27.2, 1.8
FILLER_9_343, 158.94, 27.2, 1.8
clkgen.delay_100ns_3.genblk2\[14\].mux1, 158.94, 27.2, 1.8
clkgen.delay_100ns_3.genblk2\[16\].and1, 158.94, 27.2, 1.8
FILLER_7_8, 4.14, 21.76, 1.8
FILLER_8_3, 4.14, 21.76, 1.8
PHY_12, 4.14, 21.76, 1.8
PHY_14, 4.14, 21.76, 1.8
_315_, 4.14, 21.76, 1.8
clkgen.delay_100ns_2.genblk2\[16\].and1, 4.14, 21.76, 1.8
clkgen.delay_100ns_2.genblk2\[17\].and1, 4.14, 21.76, 1.8
FILLER_6_353, 169.74, 21.76, 1.8
PHY_13, 169.74, 21.76, 1.8
PHY_15, 169.74, 21.76, 1.8
FILLER_6_16, 16.14, 21.76, 1.8
FILLER_7_17, 16.14, 21.76, 1.8
clkgen.delay_100ns_2.genblk2\[1\].mux1, 16.14, 21.76, 1.8
clkgen.delay_100ns_2.genblk2\[2\].delay_unit, 16.14, 21.76, 1.8
clkgen.delay_100ns_2.genblk2\[3\].delay_unit, 16.14, 21.76, 1.8
FILLER_6_73, 40.14, 21.76, 1.8
FILLER_7_90, 40.14, 21.76, 1.8
clkgen.delay_100ns_2.genblk2\[15\].mux1, 40.14, 21.76, 1.8
FILLER_8_137, 64.14, 21.76, 1.8
clkgen.delay_100ns_1.genblk2\[16\].mux1, 64.14, 21.76, 1.8
clkgen.delay_100ns_1.genblk2\[17\].delay_unit, 64.14, 21.76, 1.8
FILLER_8_190, 88.14, 21.76, 1.8
edgedetect.dly200cell.genblk2\[33\].mux1, 88.14, 21.76, 1.8
edgedetect.dly200cell.genblk2\[34\].mux1, 88.14, 21.76, 1.8
FILLER_6_229, 112.14, 21.76, 1.8
FILLER_7_232, 112.14, 21.76, 1.8
FILLER_7_245, 112.14, 21.76, 1.8
clkgen.delay_100ns_3.genblk2\[8\].mux1, 112.14, 21.76, 1.8
FILLER_6_276, 136.14, 21.76, 1.8
FILLER_7_295, 136.14, 21.76, 1.8
FILLER_8_291, 136.14, 21.76, 1.8
edgedetect.dly200cell.genblk2\[20\].and1, 136.14, 21.76, 1.8
edgedetect.dly200cell.genblk2\[22\].delay_unit, 136.14, 21.76, 1.8
edgedetect.dly200cell.genblk2\[22\].mux1, 136.14, 21.76, 1.8
FILLER_7_326, 158.94, 21.76, 1.8
clkgen.delay_100ns_3.genblk2\[14\].delay_unit, 158.94, 21.76, 1.8
clkgen.delay_100ns_3.genblk2\[15\].mux1, 158.94, 21.76, 1.8
FILLER_5_3, 4.14, 16.32, 1.8
FILLER_6_3, 4.14, 16.32, 1.8
PHY_10, 4.14, 16.32, 1.8
PHY_8, 4.14, 16.32, 1.8
clkgen.delay_100ns_2.genblk2\[0\].mux1, 4.14, 16.32, 1.8
clkgen.delay_100ns_2.genblk2\[1\].delay_unit, 4.14, 16.32, 1.8
FILLER_4_353, 169.74, 16.32, 1.8
FILLER_5_354, 169.74, 16.32, 1.8
PHY_11, 169.74, 16.32, 1.8
PHY_9, 169.74, 16.32, 1.8
_362_, 169.74, 16.32, 1.8
FILLER_4_16, 16.14, 16.32, 1.8
FILLER_5_31, 16.14, 16.32, 1.8
FILLER_6_32, 16.14, 16.32, 1.8
clkgen.delay_100ns_2.genblk2\[18\].delay_unit, 16.14, 16.32, 1.8
clkgen.delay_100ns_2.genblk2\[18\].mux1, 16.14, 16.32, 1.8
clkgen.delay_100ns_2.genblk2\[19\].mux1, 16.14, 16.32, 1.8
FILLER_5_74, 40.14, 16.32, 1.8
FILLER_6_86, 40.14, 16.32, 1.8
clkgen.delay_100ns_1.genblk2\[19\].delay_unit, 40.14, 16.32, 1.8
edgedetect.dly200cell.genblk2\[38\].delay_unit, 40.14, 16.32, 1.8
FILLER_4_129, 64.14, 16.32, 1.8
FILLER_5_125, 64.14, 16.32, 1.8
FILLER_6_134, 64.14, 16.32, 1.8
edgedetect.dly200cell.genblk2\[36\].delay_unit, 64.14, 16.32, 1.8
edgedetect.dly200cell.genblk2\[6\].mux1, 64.14, 16.32, 1.8
FILLER_4_174, 88.14, 16.32, 1.8
FILLER_5_192, 88.14, 16.32, 1.8
FILLER_6_183, 88.14, 16.32, 1.8
FILLER_6_192, 88.14, 16.32, 1.8
_391_, 88.14, 16.32, 1.8
edgedetect.dly200cell.genblk2\[32\].and1, 88.14, 16.32, 1.8
edgedetect.dly200cell.genblk2\[33\].and1, 88.14, 16.32, 1.8
FILLER_5_234, 112.14, 16.32, 1.8
FILLER_5_243, 112.14, 16.32, 1.8
clkgen.delay_100ns_3.genblk2\[6\].mux1, 112.14, 16.32, 1.8
clkgen.delay_100ns_3.genblk2\[8\].and1, 112.14, 16.32, 1.8
edgedetect.dly200cell.genblk2\[20\].delay_unit, 112.14, 16.32, 1.8
FILLER_4_274, 136.14, 16.32, 1.8
FILLER_4_280, 136.14, 16.32, 1.8
FILLER_5_293, 136.14, 16.32, 1.8
edgedetect.dly200cell.genblk2\[11\].and1, 136.14, 16.32, 1.8
edgedetect.dly200cell.genblk2\[21\].mux1, 136.14, 16.32, 1.8
FILLER_5_347, 158.94, 16.32, 1.8
clkgen.delay_100ns_3.genblk2\[17\].mux1, 158.94, 16.32, 1.8
clkgen.delay_100ns_3.genblk2\[18\].mux1, 158.94, 16.32, 1.8
FILLER_3_13, 4.14, 10.88, 1.8
FILLER_4_3, 4.14, 10.88, 1.8
PHY_4, 4.14, 10.88, 1.8
PHY_6, 4.14, 10.88, 1.8
_204_, 4.14, 10.88, 1.8
outbuf_1, 4.14, 10.88, 1.8
FILLER_2_350, 169.74, 10.88, 1.8
FILLER_3_354, 169.74, 10.88, 1.8
PHY_5, 169.74, 10.88, 1.8
PHY_7, 169.74, 10.88, 1.8
_361_, 169.74, 10.88, 1.8
ANTENNA_14, 16.14, 10.88, 1.8
FILLER_3_26, 16.14, 10.88, 1.8
clkgen.delay_100ns_2.genblk2\[0\].delay_unit, 16.14, 10.88, 1.8
clkgen.delay_100ns_3.genblk2\[0\].delay_unit, 16.14, 10.88, 1.8
clkgen.delay_100ns_3.genblk2\[0\].mux1, 16.14, 10.88, 1.8
edgedetect.dly200cell.genblk2\[0\].mux1, 16.14, 10.88, 1.8
FILLER_3_90, 40.14, 10.88, 1.8
FILLER_3_125, 64.14, 10.88, 1.8
FILLER_4_140, 64.14, 10.88, 1.8
clkgen.delay_100ns_3.genblk2\[2\].delay_unit, 64.14, 10.88, 1.8
edgedetect.dly200cell.genblk2\[34\].and1, 64.14, 10.88, 1.8
FILLER_3_183, 88.14, 10.88, 1.8
FILLER_4_183, 88.14, 10.88, 1.8
clkgen.delay_100ns_3.genblk2\[3\].mux1, 88.14, 10.88, 1.8
clkgen.delay_100ns_3.genblk2\[4\].delay_unit, 88.14, 10.88, 1.8
clkgen.delay_100ns_3.genblk2\[4\].mux1, 88.14, 10.88, 1.8
FILLER_2_229, 112.14, 10.88, 1.8
FILLER_3_227, 112.14, 10.88, 1.8
FILLER_3_240, 112.14, 10.88, 1.8
FILLER_4_245, 112.14, 10.88, 1.8
edgedetect.dly200cell.genblk2\[11\].mux1, 112.14, 10.88, 1.8
edgedetect.dly200cell.genblk2\[12\].delay_unit, 112.14, 10.88, 1.8
FILLER_2_280, 136.14, 10.88, 1.8
FILLER_3_276, 136.14, 10.88, 1.8
FILLER_4_292, 136.14, 10.88, 1.8
edgedetect.dly200cell.genblk2\[16\].delay_unit, 136.14, 10.88, 1.8
edgedetect.dly200cell.genblk2\[17\].delay_unit, 136.14, 10.88, 1.8
edgedetect.dly200cell.genblk2\[17\].mux1, 136.14, 10.88, 1.8
FILLER_2_330, 158.94, 10.88, 1.8
FILLER_3_347, 158.94, 10.88, 1.8
clkgen.delay_100ns_3.genblk2\[19\].mux1, 158.94, 10.88, 1.8
edgedetect.dly200cell.genblk2\[16\].and1, 158.94, 10.88, 1.8
edgedetect.dly200cell.genblk2\[17\].and1, 158.94, 10.88, 1.8
ANTENNA_11, 4.14, 5.44, 1.8
FILLER_1_3, 4.14, 5.44, 1.8
FILLER_2_3, 4.14, 5.44, 1.8
PHY_0, 4.14, 5.44, 1.8
PHY_2, 4.14, 5.44, 1.8
clkgen.delay_100ns_2.genblk2\[19\].delay_unit, 4.14, 5.44, 1.8
edgedetect.dly200cell.genblk2\[1\].mux1, 4.14, 5.44, 1.8
edgedetect.dly200cell.genblk2\[6\].and1, 4.14, 5.44, 1.8
FILLER_0_349, 169.74, 5.44, 1.8
FILLER_1_349, 169.74, 5.44, 1.8
PHY_1, 169.74, 5.44, 1.8
PHY_3, 169.74, 5.44, 1.8
ANTENNA_12, 16.14, 5.44, 1.8
FILLER_0_32, 16.14, 5.44, 1.8
FILLER_1_33, 16.14, 5.44, 1.8
edgedetect.dly200cell.genblk2\[2\].delay_unit, 16.14, 5.44, 1.8
edgedetect.dly200cell.genblk2\[2\].mux1, 16.14, 5.44, 1.8
edgedetect.dly200cell.genblk2\[39\].mux1, 16.14, 5.44, 1.8
edgedetect.dly200cell.genblk2\[3\].mux1, 16.14, 5.44, 1.8
FILLER_0_90, 40.14, 5.44, 1.8
FILLER_2_85, 40.14, 5.44, 1.8
edgedetect.dly200cell.genblk2\[4\].delay_unit, 40.14, 5.44, 1.8
FILLER_0_121, 64.14, 5.44, 1.8
FILLER_1_125, 64.14, 5.44, 1.8
FILLER_2_134, 64.14, 5.44, 1.8
edgedetect.dly200cell.genblk2\[37\].mux1, 64.14, 5.44, 1.8
edgedetect.dly200cell.genblk2\[6\].delay_unit, 64.14, 5.44, 1.8
edgedetect.dly200cell.genblk2\[7\].delay_unit, 64.14, 5.44, 1.8
FILLER_0_183, 88.14, 5.44, 1.8
FILLER_1_183, 88.14, 5.44, 1.8
FILLER_1_187, 88.14, 5.44, 1.8
edgedetect.dly200cell.genblk2\[8\].mux1, 88.14, 5.44, 1.8
edgedetect.dly200cell.genblk2\[9\].delay_unit, 88.14, 5.44, 1.8
edgedetect.dly200cell.genblk2\[9\].mux1, 88.14, 5.44, 1.8
FILLER_0_245, 112.14, 5.44, 1.8
FILLER_1_231, 112.14, 5.44, 1.8
edgedetect.dly200cell.genblk2\[13\].mux1, 112.14, 5.44, 1.8
FILLER_0_276, 136.14, 5.44, 1.8
FILLER_0_280, 136.14, 5.44, 1.8
FILLER_1_286, 136.14, 5.44, 1.8
FILLER_1_299, 136.14, 5.44, 1.8
edgedetect.dly200cell.genblk2\[14\].mux1, 136.14, 5.44, 1.8
edgedetect.dly200cell.genblk2\[15\].delay_unit, 136.14, 5.44, 1.8
ANTENNA_9, 158.94, 5.44, 1.8
FILLER_0_328, 158.94, 5.44, 1.8
FILLER_0_337, 158.94, 5.44, 1.8
FILLER_1_340, 158.94, 5.44, 1.8
clkgen.delay_100ns_3.genblk2\[18\].and1, 158.94, 5.44, 1.8
clkgen.delay_100ns_3.genblk2\[19\].and1, 158.94, 5.44, 1.8
edgedetect.dly200cell.genblk2\[14\].and1, 158.94, 5.44, 1.8
edgedetect.dly200cell.genblk2\[15\].and1, 158.94, 5.44, 1.8
outbuf_2, 158.94, 5.44, 1.8

