OpenROAD v2.0-3879-g0b8b7ae25 
This program is licensed under the BSD-3 license. See the LICENSE file for details.
Components of this program may be licensed under more restrictive licenses which must be honored.
[INFO ODB-0222] Reading LEF file: /foss/designs/SKY130_SAR-ADC/openlane/adc_edge_detect_circuit/runs/foobar2/tmp/merged.nom.lef
[INFO ODB-0223]     Created 13 technology layers
[INFO ODB-0224]     Created 25 technology vias
[INFO ODB-0225]     Created 442 library cells
[INFO ODB-0226] Finished LEF file:  /foss/designs/SKY130_SAR-ADC/openlane/adc_edge_detect_circuit/runs/foobar2/tmp/merged.nom.lef
if {[info exists ::env(CLOCK_PORT)] && $::env(CLOCK_PORT) != ""} {
    create_clock [get_ports $::env(CLOCK_PORT)]  -name $::env(CLOCK_PORT)  -period $::env(CLOCK_PERIOD)
} else {
    create_clock -name __VIRTUAL_CLK__ -period $::env(CLOCK_PERIOD)
    set ::env(CLOCK_PORT) __VIRTUAL_CLK__
}
[WARNING STA-0337] port 'clk' not found.
set input_delay_value [expr $::env(CLOCK_PERIOD) * $::env(IO_PCT)]
set output_delay_value [expr $::env(CLOCK_PERIOD) * $::env(IO_PCT)]
puts "\[INFO\]: Setting output delay to: $output_delay_value"
[INFO]: Setting output delay to: 2.0
puts "\[INFO\]: Setting input delay to: $input_delay_value"
[INFO]: Setting input delay to: 2.0
set_max_fanout $::env(SYNTH_MAX_FANOUT) [current_design]
set clk_input [get_port $::env(CLOCK_PORT)]
[WARNING STA-0337] port 'clk' not found.
set clk_indx [lsearch [all_inputs] $clk_input]
set all_inputs_wo_clk [lreplace [all_inputs] $clk_indx $clk_indx ""]
#set rst_input [get_port resetn]
#set rst_indx [lsearch [all_inputs] $rst_input]
#set all_inputs_wo_clk_rst [lreplace $all_inputs_wo_clk $rst_indx $rst_indx ""]
set all_inputs_wo_clk_rst $all_inputs_wo_clk
# correct resetn
set_input_delay $input_delay_value  -clock [get_clocks $::env(CLOCK_PORT)] $all_inputs_wo_clk_rst
#set_input_delay 0.0 -clock [get_clocks $::env(CLOCK_PORT)] {resetn}
set_output_delay $output_delay_value  -clock [get_clocks $::env(CLOCK_PORT)] [all_outputs]
if { ![info exists ::env(SYNTH_CLK_DRIVING_CELL)] } {
    set ::env(SYNTH_CLK_DRIVING_CELL) $::env(SYNTH_DRIVING_CELL)
}
if { ![info exists ::env(SYNTH_CLK_DRIVING_CELL_PIN)] } {
    set ::env(SYNTH_CLK_DRIVING_CELL_PIN) $::env(SYNTH_DRIVING_CELL_PIN)
}
set_driving_cell -lib_cell $::env(SYNTH_DRIVING_CELL) -pin $::env(SYNTH_DRIVING_CELL_PIN) $all_inputs_wo_clk_rst
set_driving_cell -lib_cell $::env(SYNTH_CLK_DRIVING_CELL) -pin $::env(SYNTH_CLK_DRIVING_CELL_PIN) $clk_input
set cap_load [expr $::env(SYNTH_CAP_LOAD) / 1000.0]
puts "\[INFO\]: Setting load to: $cap_load"
[INFO]: Setting load to: 0.033442
set_load  $cap_load [all_outputs]
puts "\[INFO\]: Setting clock uncertainity to: $::env(SYNTH_CLOCK_UNCERTAINITY)"
[INFO]: Setting clock uncertainity to: 0.25
set_clock_uncertainty $::env(SYNTH_CLOCK_UNCERTAINITY) [get_clocks $::env(CLOCK_PORT)]
puts "\[INFO\]: Setting clock transition to: $::env(SYNTH_CLOCK_TRANSITION)"
[INFO]: Setting clock transition to: 0.15
set_clock_transition $::env(SYNTH_CLOCK_TRANSITION) [get_clocks $::env(CLOCK_PORT)]
[WARNING STA-0559] transition time can not be specified for virtual clocks.
puts "\[INFO\]: Setting timing derate to: [expr {$::env(SYNTH_TIMING_DERATE) * 10}] %"
[INFO]: Setting timing derate to: 0.5 %
set_timing_derate -early [expr {1-$::env(SYNTH_TIMING_DERATE)}]
set_timing_derate -late [expr {1+$::env(SYNTH_TIMING_DERATE)}]
min_report

===========================================================================
report_checks -path_delay min (Hold)
============================================================================
Startpoint: ena_in (input port clocked by clk)
Endpoint: ena_out (output port clocked by clk)
Path Group: clk
Path Type: min

Fanout     Cap    Slew   Delay    Time   Description
-----------------------------------------------------------------------------
                  0.00    0.00    0.00   clock clk (rise edge)
                          0.00    0.00   clock network delay (ideal)
                          2.00    2.00 ^ input external delay
                  0.02    0.01    2.01 ^ ena_in (in)
     1    0.00                           ena_in (net)
                  0.02    0.00    2.01 ^ _2_/B1 (sky130_fd_sc_hd__a21o_2)
                  0.20    0.16    2.17 ^ _2_/X (sky130_fd_sc_hd__a21o_2)
     1    0.03                           ena_out (net)
                  0.20    0.00    2.17 ^ ena_out (out)
                                  2.17   data arrival time

                  0.00    0.00    0.00   clock clk (rise edge)
                          0.00    0.00   clock network delay (ideal)
                          0.25    0.25   clock uncertainty
                          0.00    0.25   clock reconvergence pessimism
                         -2.00   -1.75   output external delay
                                 -1.75   data required time
-----------------------------------------------------------------------------
                                 -1.75   data required time
                                 -2.17   data arrival time
-----------------------------------------------------------------------------
                                  3.92   slack (MET)


min_report_end
max_report

===========================================================================
report_checks -path_delay max (Setup)
============================================================================
Startpoint: ena_in (input port clocked by clk)
Endpoint: ena_out (output port clocked by clk)
Path Group: clk
Path Type: max

Fanout     Cap    Slew   Delay    Time   Description
-----------------------------------------------------------------------------
                  0.00    0.00    0.00   clock clk (rise edge)
                          0.00    0.00   clock network delay (ideal)
                          2.00    2.00 v input external delay
                  0.01    0.01    2.01 v ena_in (in)
     1    0.00                           ena_in (net)
                  0.01    0.00    2.01 v _2_/B1 (sky130_fd_sc_hd__a21o_2)
                  0.13    0.25    2.26 v _2_/X (sky130_fd_sc_hd__a21o_2)
     1    0.03                           ena_out (net)
                  0.13    0.00    2.26 v ena_out (out)
                                  2.26   data arrival time

                  0.00   10.00   10.00   clock clk (rise edge)
                          0.00   10.00   clock network delay (ideal)
                         -0.25    9.75   clock uncertainty
                          0.00    9.75   clock reconvergence pessimism
                         -2.00    7.75   output external delay
                                  7.75   data required time
-----------------------------------------------------------------------------
                                  7.75   data required time
                                 -2.26   data arrival time
-----------------------------------------------------------------------------
                                  5.49   slack (MET)


max_report_end
check_report

===========================================================================
report_checks -unconstrained
============================================================================
Startpoint: ena_in (input port clocked by clk)
Endpoint: ena_out (output port clocked by clk)
Path Group: clk
Path Type: max

Fanout     Cap    Slew   Delay    Time   Description
-----------------------------------------------------------------------------
                  0.00    0.00    0.00   clock clk (rise edge)
                          0.00    0.00   clock network delay (ideal)
                          2.00    2.00 v input external delay
                  0.01    0.01    2.01 v ena_in (in)
     1    0.00                           ena_in (net)
                  0.01    0.00    2.01 v _2_/B1 (sky130_fd_sc_hd__a21o_2)
                  0.13    0.25    2.26 v _2_/X (sky130_fd_sc_hd__a21o_2)
     1    0.03                           ena_out (net)
                  0.13    0.00    2.26 v ena_out (out)
                                  2.26   data arrival time

                  0.00   10.00   10.00   clock clk (rise edge)
                          0.00   10.00   clock network delay (ideal)
                         -0.25    9.75   clock uncertainty
                          0.00    9.75   clock reconvergence pessimism
                         -2.00    7.75   output external delay
                                  7.75   data required time
-----------------------------------------------------------------------------
                                  7.75   data required time
                                 -2.26   data arrival time
-----------------------------------------------------------------------------
                                  5.49   slack (MET)



===========================================================================
report_checks --slack_max -0.01
============================================================================
No paths found.
check_report_end
check_slew

===========================================================================
 report_check_types -max_slew -max_cap -max_fanout -violators
============================================================================

===========================================================================
max slew violation count 0
max fanout violation count 0
max cap violation count 0
============================================================================
check_slew_end
tns_report

===========================================================================
 report_tns
============================================================================
tns 0.00
tns_report_end
wns_report

===========================================================================
 report_wns
============================================================================
wns 0.00
wns_report_end
worst_slack

===========================================================================
 report_worst_slack -max (Setup)
============================================================================
worst slack 5.49

===========================================================================
 report_worst_slack -min (Hold)
============================================================================
worst slack 3.92
worst_slack_end
clock_skew

===========================================================================
 report_clock_skew
============================================================================
Clock clk
No launch/capture paths found.

clock_skew_end
power_report

===========================================================================
 report_power
============================================================================
Group                  Internal  Switching    Leakage      Total
                          Power      Power      Power      Power (Watts)
----------------------------------------------------------------
Sequential             0.00e+00   0.00e+00   0.00e+00   0.00e+00   0.0%
Combinational          2.76e-07   7.35e-07   2.60e-10   1.01e-06 100.0%
Macro                  0.00e+00   0.00e+00   0.00e+00   0.00e+00   0.0%
Pad                    0.00e+00   0.00e+00   0.00e+00   0.00e+00   0.0%
----------------------------------------------------------------
Total                  2.76e-07   7.35e-07   2.60e-10   1.01e-06 100.0%
                          27.3%      72.7%       0.0%
power_report_end
area_report

===========================================================================
 report_design_area
============================================================================
Design area 2014 u^2 100% utilization.
area_report_end
