Instance name,  X location,  Y location,  Voltage 
FILLER_8_331, 156.46, 27.2, 1.8
FILLER_9_335, 156.46, 27.2, 1.8
PHY_19, 156.46, 27.2, 1.8
FILLER_6_331, 156.46, 21.76, 1.8
FILLER_7_335, 156.46, 21.76, 1.8
PHY_15, 156.46, 21.76, 1.8
PHY_17, 156.46, 21.76, 1.8
FILLER_4_336, 156.46, 16.32, 1.8
FILLER_5_335, 156.46, 16.32, 1.8
PHY_11, 156.46, 16.32, 1.8
PHY_13, 156.46, 16.32, 1.8
FILLER_2_336, 156.46, 10.88, 1.8
FILLER_3_338, 156.46, 10.88, 1.8
PHY_7, 156.46, 10.88, 1.8
PHY_9, 156.46, 10.88, 1.8
PHY_1, 156.46, 5.44, 1.8
PHY_3, 156.46, 5.44, 1.8
PHY_5, 156.46, 5.44, 1.8
outbuf_2, 156.46, 5.44, 1.8
FILLER_9_307, 144.46, 27.2, 1.8
FILLER_7_305, 144.46, 21.76, 1.8
FILLER_4_307, 144.46, 16.32, 1.8
FILLER_5_305, 144.46, 16.32, 1.8
edgedetect.delay_200ns.genblk1\[3\].delay_unit, 144.46, 16.32, 1.8
FILLER_2_307, 144.46, 10.88, 1.8
FILLER_3_300, 144.46, 10.88, 1.8
clkgen.delay_100ns_3.genblk1\[16\].delay_unit, 144.46, 10.88, 1.8
edgedetect.delay_200ns.genblk1\[1\].delay_unit, 144.46, 10.88, 1.8
FILLER_0_307, 144.46, 5.44, 1.8
FILLER_0_323, 144.46, 5.44, 1.8
FILLER_1_305, 144.46, 5.44, 1.8
FILLER_1_311, 144.46, 5.44, 1.8
clkgen.delay_100ns_3.genblk1\[17\].delay_unit, 144.46, 5.44, 1.8
FILLER_8_274, 132.46, 27.2, 1.8
FILLER_9_276, 132.46, 27.2, 1.8
clkgen.delay_100ns_1.genblk1\[17\].delay_unit, 132.46, 27.2, 1.8
clkgen.delay_100ns_2.genblk1\[1\].delay_unit, 132.46, 27.2, 1.8
FILLER_6_274, 132.46, 21.76, 1.8
FILLER_7_276, 132.46, 21.76, 1.8
clkgen.delay_100ns_2.genblk1\[2\].delay_unit, 132.46, 21.76, 1.8
edgedetect.delay_200ns.genblk1\[5\].delay_unit, 132.46, 21.76, 1.8
FILLER_4_274, 132.46, 16.32, 1.8
FILLER_5_276, 132.46, 16.32, 1.8
edgedetect.delay_200ns.genblk1\[6\].delay_unit, 132.46, 16.32, 1.8
edgedetect.delay_200ns.genblk1\[8\].delay_unit, 132.46, 16.32, 1.8
clkgen.delay_100ns_3.genblk1\[15\].delay_unit, 132.46, 10.88, 1.8
FILLER_0_276, 132.46, 5.44, 1.8
FILLER_1_276, 132.46, 5.44, 1.8
edgedetect.delay_200ns.genblk1\[2\].delay_unit, 132.46, 5.44, 1.8
edgedetect.delay_200ns.genblk1\[4\].delay_unit, 132.46, 5.44, 1.8
clkgen.delay_100ns_1.genblk1\[16\].delay_unit, 120.46, 27.2, 1.8
clkgen.delay_100ns_2.genblk1\[3\].delay_unit, 120.46, 27.2, 1.8
clkgen.delay_100ns_2.genblk1\[4\].delay_unit, 120.46, 21.76, 1.8
edgedetect.delay_200ns.genblk1\[9\].delay_unit, 120.46, 21.76, 1.8
edgedetect.delay_200ns.genblk1\[10\].delay_unit, 120.46, 16.32, 1.8
edgedetect.delay_200ns.genblk1\[12\].delay_unit, 120.46, 16.32, 1.8
clkgen.delay_100ns_3.genblk1\[14\].delay_unit, 120.46, 10.88, 1.8
clkgen.delay_100ns_3.genblk1\[13\].delay_unit, 120.46, 5.44, 1.8
edgedetect.delay_200ns.genblk1\[7\].delay_unit, 120.46, 5.44, 1.8
FILLER_9_245, 108.46, 27.2, 1.8
FILLER_7_243, 108.46, 21.76, 1.8
FILLER_8_245, 108.46, 21.76, 1.8
FILLER_5_243, 108.46, 16.32, 1.8
FILLER_6_245, 108.46, 16.32, 1.8
FILLER_4_245, 108.46, 10.88, 1.8
clkgen.delay_100ns_3.genblk1\[12\].delay_unit, 108.46, 10.88, 1.8
FILLER_0_245, 108.46, 5.44, 1.8
FILLER_9_214, 96.46, 27.2, 1.8
clkgen.delay_100ns_2.genblk1\[5\].delay_unit, 96.46, 27.2, 1.8
FILLER_7_214, 96.46, 21.76, 1.8
FILLER_8_212, 96.46, 21.76, 1.8
clkgen.delay_100ns_1.genblk1\[15\].delay_unit, 96.46, 21.76, 1.8
edgedetect.delay_200ns.genblk1\[14\].delay_unit, 96.46, 21.76, 1.8
FILLER_5_214, 96.46, 16.32, 1.8
FILLER_6_212, 96.46, 16.32, 1.8
edgedetect.delay_200ns.genblk1\[15\].delay_unit, 96.46, 16.32, 1.8
edgedetect.delay_200ns.genblk1\[16\].delay_unit, 96.46, 16.32, 1.8
FILLER_3_199, 96.46, 10.88, 1.8
FILLER_3_207, 96.46, 10.88, 1.8
FILLER_4_212, 96.46, 10.88, 1.8
clkgen.delay_100ns_3.genblk1\[11\].delay_unit, 96.46, 10.88, 1.8
edgedetect.delay_200ns.genblk1\[19\].delay_unit, 96.46, 10.88, 1.8
FILLER_0_214, 96.46, 5.44, 1.8
FILLER_1_217, 96.46, 5.44, 1.8
FILLER_2_212, 96.46, 5.44, 1.8
FILLER_2_218, 96.46, 5.44, 1.8
edgedetect.delay_200ns.genblk1\[11\].delay_unit, 96.46, 5.44, 1.8
edgedetect.delay_200ns.genblk1\[13\].delay_unit, 96.46, 5.44, 1.8
FILLER_9_183, 84.46, 27.2, 1.8
clkgen.delay_100ns_2.genblk1\[6\].delay_unit, 84.46, 27.2, 1.8
FILLER_7_181, 84.46, 21.76, 1.8
FILLER_8_183, 84.46, 21.76, 1.8
edgedetect.delay_200ns.genblk1\[18\].delay_unit, 84.46, 21.76, 1.8
edgedetect.delay_200ns.genblk1\[20\].delay_unit, 84.46, 21.76, 1.8
FILLER_5_181, 84.46, 16.32, 1.8
FILLER_6_183, 84.46, 16.32, 1.8
clkgen.delay_100ns_2.genblk1\[7\].delay_unit, 84.46, 16.32, 1.8
edgedetect.delay_200ns.genblk1\[21\].delay_unit, 84.46, 16.32, 1.8
FILLER_3_177, 84.46, 10.88, 1.8
FILLER_4_183, 84.46, 10.88, 1.8
clkgen.delay_100ns_3.genblk1\[9\].delay_unit, 84.46, 10.88, 1.8
edgedetect.delay_200ns.genblk1\[23\].delay_unit, 84.46, 10.88, 1.8
FILLER_0_183, 84.46, 5.44, 1.8
FILLER_1_182, 84.46, 5.44, 1.8
FILLER_1_187, 84.46, 5.44, 1.8
clkgen.delay_100ns_3.genblk1\[10\].delay_unit, 84.46, 5.44, 1.8
edgedetect.delay_200ns.genblk1\[17\].delay_unit, 84.46, 5.44, 1.8
FILLER_8_150, 72.46, 27.2, 1.8
FILLER_9_152, 72.46, 27.2, 1.8
clkgen.delay_100ns_2.genblk1\[8\].delay_unit, 72.46, 27.2, 1.8
FILLER_6_150, 72.46, 21.76, 1.8
FILLER_7_152, 72.46, 21.76, 1.8
clkgen.delay_100ns_1.genblk1\[14\].delay_unit, 72.46, 21.76, 1.8
edgedetect.delay_200ns.genblk1\[24\].delay_unit, 72.46, 21.76, 1.8
FILLER_5_152, 72.46, 16.32, 1.8
clkgen.delay_100ns_2.genblk1\[10\].delay_unit, 72.46, 16.32, 1.8
clkgen.delay_100ns_2.genblk1\[9\].delay_unit, 72.46, 16.32, 1.8
FILLER_2_147, 72.46, 10.88, 1.8
edgedetect.delay_200ns.genblk1\[27\].delay_unit, 72.46, 10.88, 1.8
FILLER_0_152, 72.46, 5.44, 1.8
FILLER_1_152, 72.46, 5.44, 1.8
FILLER_2_168, 72.46, 5.44, 1.8
clkgen.delay_100ns_3.genblk1\[8\].delay_unit, 72.46, 5.44, 1.8
edgedetect.delay_200ns.genblk1\[22\].delay_unit, 72.46, 5.44, 1.8
FILLER_8_121, 60.46, 27.2, 1.8
FILLER_9_121, 60.46, 27.2, 1.8
clkgen.delay_100ns_2.genblk1\[11\].delay_unit, 60.46, 27.2, 1.8
edgedetect.delay_200ns.genblk1\[25\].delay_unit, 60.46, 27.2, 1.8
FILLER_6_121, 60.46, 21.76, 1.8
clkgen.delay_100ns_2.genblk1\[12\].delay_unit, 60.46, 21.76, 1.8
edgedetect.delay_200ns.genblk1\[29\].delay_unit, 60.46, 21.76, 1.8
inbuf_3, 60.46, 21.76, 1.8
FILLER_5_118, 60.46, 16.32, 1.8
edgedetect.delay_200ns.genblk1\[30\].delay_unit, 60.46, 16.32, 1.8
FILLER_2_118, 60.46, 10.88, 1.8
FILLER_3_137, 60.46, 10.88, 1.8
clkgen.delay_100ns_3.genblk1\[6\].delay_unit, 60.46, 10.88, 1.8
clkgen.delay_100ns_3.genblk1\[7\].delay_unit, 60.46, 10.88, 1.8
FILLER_0_121, 60.46, 5.44, 1.8
FILLER_1_119, 60.46, 5.44, 1.8
edgedetect.delay_200ns.genblk1\[26\].delay_unit, 60.46, 5.44, 1.8
edgedetect.delay_200ns.genblk1\[28\].delay_unit, 60.46, 5.44, 1.8
clkgen.delay_100ns_2.genblk1\[13\].delay_unit, 48.46, 27.2, 1.8
clkgen.delay_100ns_2.genblk1\[14\].delay_unit, 48.46, 27.2, 1.8
FILLER_7_113, 48.46, 21.76, 1.8
clkgen.delay_100ns_1.genblk1\[2\].delay_unit, 48.46, 21.76, 1.8
FILLER_4_102, 48.46, 16.32, 1.8
FILLER_4_94, 48.46, 16.32, 1.8
clkgen.delay_100ns_3.genblk1\[5\].delay_unit, 48.46, 10.88, 1.8
clkgen.delay_100ns_2.genblk1\[15\].delay_unit, 48.46, 5.44, 1.8
edgedetect.delay_200ns.genblk1\[31\].delay_unit, 48.46, 5.44, 1.8
FILLER_9_90, 36.46, 27.2, 1.8
clkgen.delay_100ns_1.genblk1\[5\].delay_unit, 36.46, 27.2, 1.8
clkgen.delay_100ns_1.genblk1\[1\].delay_unit, 36.46, 21.76, 1.8
clkgen.delay_100ns_1.genblk1\[4\].delay_unit, 36.46, 21.76, 1.8
FILLER_5_75, 36.46, 16.32, 1.8
clkgen.delay_100ns_1.genblk1\[3\].delay_unit, 36.46, 16.32, 1.8
clkgen.delay_100ns_3.genblk1\[3\].delay_unit, 36.46, 10.88, 1.8
clkgen.delay_100ns_3.genblk1\[4\].delay_unit, 36.46, 10.88, 1.8
FILLER_0_90, 36.46, 5.44, 1.8
FILLER_1_90, 36.46, 5.44, 1.8
FILLER_9_59, 24.46, 27.2, 1.8
clkgen.delay_100ns_1.genblk1\[6\].delay_unit, 24.46, 27.2, 1.8
FILLER_8_62, 24.46, 21.76, 1.8
FILLER_4_46, 24.46, 16.32, 1.8
FILLER_5_57, 24.46, 16.32, 1.8
FILLER_6_62, 24.46, 16.32, 1.8
clkgen.delay_100ns_1.genblk1\[7\].delay_unit, 24.46, 10.88, 1.8
FILLER_0_59, 24.46, 5.44, 1.8
FILLER_1_53, 24.46, 5.44, 1.8
FILLER_2_59, 24.46, 5.44, 1.8
clkgen.delay_100ns_2.genblk1\[16\].delay_unit, 24.46, 5.44, 1.8
edgedetect.delay_200ns.genblk1\[32\].delay_unit, 24.46, 5.44, 1.8
FILLER_9_27, 12.46, 27.2, 1.8
_3_, 12.46, 27.2, 1.8
clkgen.delay_100ns_1.genblk1\[12\].delay_unit, 12.46, 27.2, 1.8
FILLER_7_31, 12.46, 21.76, 1.8
FILLER_8_32, 12.46, 21.76, 1.8
clkgen.delay_100ns_1.genblk1\[10\].delay_unit, 12.46, 21.76, 1.8
clkgen.delay_100ns_1.genblk1\[8\].delay_unit, 12.46, 21.76, 1.8
FILLER_4_25, 12.46, 16.32, 1.8
FILLER_5_27, 12.46, 16.32, 1.8
FILLER_6_27, 12.46, 16.32, 1.8
FILLER_6_32, 12.46, 16.32, 1.8
clkgen.delay_100ns_1.genblk1\[11\].delay_unit, 12.46, 16.32, 1.8
clkgen.delay_100ns_1.genblk1\[9\].delay_unit, 12.46, 16.32, 1.8
FILLER_2_18, 12.46, 10.88, 1.8
FILLER_3_31, 12.46, 10.88, 1.8
FILLER_4_32, 12.46, 10.88, 1.8
_1_, 12.46, 10.88, 1.8
_2_, 12.46, 10.88, 1.8
clkgen.delay_100ns_3.genblk1\[2\].delay_unit, 12.46, 10.88, 1.8
inbuf_1, 12.46, 10.88, 1.8
FILLER_0_27, 12.46, 5.44, 1.8
clkgen.delay_100ns_3.genblk1\[1\].delay_unit, 12.46, 5.44, 1.8
edgedetect.delay_200ns.genblk1\[33\].delay_unit, 12.46, 5.44, 1.8
edgedetect.delay_200ns.genblk1\[34\].delay_unit, 12.46, 5.44, 1.8
PHY_16, 0.46, 27.2, 1.8
PHY_18, 0.46, 27.2, 1.8
FILLER_7_3, 0.46, 21.76, 1.8
FILLER_8_11, 0.46, 21.76, 1.8
PHY_12, 0.46, 21.76, 1.8
PHY_14, 0.46, 21.76, 1.8
clkgen.delay_100ns_1.genblk1\[13\].delay_unit, 0.46, 21.76, 1.8
outbuf_1, 0.46, 21.76, 1.8
PHY_10, 0.46, 16.32, 1.8
PHY_8, 0.46, 16.32, 1.8
FILLER_3_3, 0.46, 10.88, 1.8
FILLER_4_3, 0.46, 10.88, 1.8
PHY_4, 0.46, 10.88, 1.8
PHY_6, 0.46, 10.88, 1.8
clkgen.delay_100ns_2.genblk1\[17\].delay_unit, 0.46, 10.88, 1.8
inbuf_2, 0.46, 10.88, 1.8
PHY_0, 0.46, 5.44, 1.8
PHY_2, 0.46, 5.44, 1.8

