Warning - class CORE ANTENNACELL is not found. This message can be ignored if not in the antenna-avoid flow
  No sinks on this net
  No sinks on this net

Net - comp_trig
  inbuf_3  (sky130_fd_sc_hd__buf_1)  A
[1]  met3:
  PAR:    6.30  Ratio:    0.00       (Area)
  PAR:   36.00  Ratio:  400.00       (S.Area)
  CAR:   10.86  Ratio:    0.00       (C.Area)
  CAR:   59.03  Ratio:    0.00       (C.S.Area)

[1]  met2:
  PAR:    4.39  Ratio:    0.00       (Area)
  PAR:   22.44  Ratio:  400.00       (S.Area)
  CAR:    4.56  Ratio:    0.00       (C.Area)
  CAR:   23.03  Ratio:    0.00       (C.S.Area)

[1]  met1:
  PAR:    0.10  Ratio:    0.00       (Area)
  PAR:    0.50  Ratio:  400.00       (S.Area)
  CAR:    0.17  Ratio:    0.00       (C.Area)
  CAR:    0.59  Ratio:    0.00       (C.S.Area)

[1]  li1:
  PAR:    0.07  Ratio:    0.00       (Area)
  PAR:    0.09  Ratio:   75.00       (S.Area)
  CAR:    0.07  Ratio:    0.00       (C.Area)
  CAR:    0.09  Ratio:    0.00       (C.S.Area)

[1]  M2M3_PR:
  PAR:    0.20  Ratio:    6.00       (Area)
  CAR:    0.47  Ratio:    0.00       (C.Area)

[1]  M1M2_PR:
  PAR:    0.11  Ratio:    6.00       (Area)
  CAR:    0.26  Ratio:    0.00       (C.Area)

[1]  L1M1_PR_MR:
  PAR:    0.15  Ratio:    3.00       (Area)
  CAR:    0.15  Ratio:    0.00       (C.Area)


Net - ena_in
  inbuf_1  (sky130_fd_sc_hd__buf_1)  A
[1]  met3:
  PAR:    6.30  Ratio:    0.00       (Area)
  PAR:   36.00  Ratio:  400.00       (S.Area)
  CAR:   16.19  Ratio:    0.00       (C.Area)
  CAR:   85.67  Ratio:    0.00       (C.S.Area)

[1]  met2:
  PAR:    9.72  Ratio:    0.00       (Area)
  PAR:   49.09  Ratio:  400.00       (S.Area)
  CAR:    9.89  Ratio:    0.00       (C.Area)
  CAR:   49.67  Ratio:    0.00       (C.S.Area)

[1]  met1:
  PAR:    0.10  Ratio:    0.00       (Area)
  PAR:    0.50  Ratio:  400.00       (S.Area)
  CAR:    0.17  Ratio:    0.00       (C.Area)
  CAR:    0.59  Ratio:    0.00       (C.S.Area)

[1]  li1:
  PAR:    0.07  Ratio:    0.00       (Area)
  PAR:    0.09  Ratio:   75.00       (S.Area)
  CAR:    0.07  Ratio:    0.00       (C.Area)
  CAR:    0.09  Ratio:    0.00       (C.S.Area)

[1]  M2M3_PR:
  PAR:    0.20  Ratio:    6.00       (Area)
  CAR:    0.47  Ratio:    0.00       (C.Area)

[1]  M1M2_PR:
  PAR:    0.11  Ratio:    6.00       (Area)
  CAR:    0.26  Ratio:    0.00       (C.Area)

[1]  L1M1_PR_MR:
  PAR:    0.15  Ratio:    3.00       (Area)
  CAR:    0.15  Ratio:    0.00       (C.Area)


Net - start_conv
  inbuf_2  (sky130_fd_sc_hd__buf_1)  A
[1]  met3:
  PAR:    6.30  Ratio:    0.00       (Area)
  PAR:   36.00  Ratio:  400.00       (S.Area)
  CAR:    8.20  Ratio:    0.00       (C.Area)
  CAR:   45.70  Ratio:    0.00       (C.S.Area)

[1]  met2:
  PAR:    1.72  Ratio:    0.00       (Area)
  PAR:    9.12  Ratio:  400.00       (S.Area)
  CAR:    1.90  Ratio:    0.00       (C.Area)
  CAR:    9.70  Ratio:    0.00       (C.S.Area)

[1]  met1:
  PAR:    0.10  Ratio:    0.00       (Area)
  PAR:    0.50  Ratio:  400.00       (S.Area)
  CAR:    0.17  Ratio:    0.00       (C.Area)
  CAR:    0.59  Ratio:    0.00       (C.S.Area)

[1]  li1:
  PAR:    0.07  Ratio:    0.00       (Area)
  PAR:    0.09  Ratio:   75.00       (S.Area)
  CAR:    0.07  Ratio:    0.00       (C.Area)
  CAR:    0.09  Ratio:    0.00       (C.S.Area)

[1]  M2M3_PR:
  PAR:    0.20  Ratio:    6.00       (Area)
  CAR:    0.47  Ratio:    0.00       (C.Area)

[1]  M1M2_PR:
  PAR:    0.11  Ratio:    6.00       (Area)
  CAR:    0.26  Ratio:    0.00       (C.Area)

[1]  L1M1_PR_MR:
  PAR:    0.15  Ratio:    3.00       (Area)
  CAR:    0.15  Ratio:    0.00       (C.Area)


Net - _0_
  _3_  (sky130_fd_sc_hd__o21ba_2)  A2
[1]  met2:
  PAR:    1.41  Ratio:    0.00       (Area)
  PAR:    7.22  Ratio: 2778.20       (S.Area)
  CAR:    1.55  Ratio:    0.00       (C.Area)
  CAR:    7.69  Ratio:    0.00       (C.S.Area)

[1]  met1:
  PAR:    0.08  Ratio:    0.00       (Area)
  PAR:    0.40  Ratio:  400.00       (S.Area)
  CAR:    0.14  Ratio:    0.00       (C.Area)
  CAR:    0.46  Ratio:    0.00       (C.S.Area)

[1]  li1:
  PAR:    0.06  Ratio:    0.00       (Area)
  PAR:    0.07  Ratio:   75.00       (S.Area)
  CAR:    0.06  Ratio:    0.00       (C.Area)
  CAR:    0.07  Ratio:    0.00       (C.S.Area)

[1]  M1M2_PR:
  PAR:    0.09  Ratio:    6.00       (Area)
  CAR:    0.21  Ratio:    0.00       (C.Area)

[1]  L1M1_PR_MR:
  PAR:    0.12  Ratio:    3.00       (Area)
  CAR:    0.12  Ratio:    0.00       (C.Area)


Net - clkgen.clk_comp
  outbuf_2  (sky130_fd_sc_hd__buf_4)  A
[1]  met2:
  PAR:    2.11  Ratio:    0.00       (Area)
  PAR:   10.80  Ratio: 2744.72       (S.Area)
  CAR:    2.25  Ratio:    0.00       (C.Area)
  CAR:   11.26  Ratio:    0.00       (C.S.Area)

[1]  met1:
  PAR:    0.08  Ratio:    0.00       (Area)
  PAR:    0.40  Ratio:  400.00       (S.Area)
  CAR:    0.14  Ratio:    0.00       (C.Area)
  CAR:    0.46  Ratio:    0.00       (C.S.Area)

[1]  li1:
  PAR:    0.06  Ratio:    0.00       (Area)
  PAR:    0.07  Ratio:   75.00       (S.Area)
  CAR:    0.06  Ratio:    0.00       (C.Area)
  CAR:    0.07  Ratio:    0.00       (C.S.Area)

[1]  M1M2_PR:
  PAR:    0.09  Ratio:    6.00       (Area)
  CAR:    0.21  Ratio:    0.00       (C.Area)

[1]  L1M1_PR_MR:
  PAR:    0.12  Ratio:    3.00       (Area)
  CAR:    0.12  Ratio:    0.00       (C.Area)


Net - clkgen.clk_dig
  outbuf_1  (sky130_fd_sc_hd__buf_4)  A
[1]  met2:
  PAR:    0.37  Ratio:    0.00       (Area)
  PAR:    1.90  Ratio: 2778.20       (S.Area)
  CAR:    6.94  Ratio:    0.00       (C.Area)
  CAR:   34.95  Ratio:    0.00       (C.S.Area)

[1]  met1:
  PAR:    6.32  Ratio:    0.00       (Area)
  PAR:   32.02  Ratio:  400.00       (S.Area)
  CAR:    6.38  Ratio:    0.00       (C.Area)
  CAR:   32.08  Ratio:    0.00       (C.S.Area)

[1]  li1:
  PAR:    0.06  Ratio:    0.00       (Area)
  PAR:    0.07  Ratio:   75.00       (S.Area)
  CAR:    0.06  Ratio:    0.00       (C.Area)
  CAR:    0.07  Ratio:    0.00       (C.S.Area)

[1]  M1M2_PR:
  PAR:    0.09  Ratio:    6.00       (Area)
  CAR:    0.21  Ratio:    0.00       (C.Area)

[1]  L1M1_PR_MR:
  PAR:    0.12  Ratio:    3.00       (Area)
  CAR:    0.12  Ratio:    0.00       (C.Area)

  clkgen.delay_100ns_2.genblk1\[1\].delay_unit  (sky130_mm_sc_hd_dlyPoly6ns)  in
[1]  met2:
  PAR:    0.37  Ratio:    0.00       (Area)
  PAR:    1.90  Ratio: 2778.20       (S.Area)
  CAR:    0.56  Ratio:    0.00       (C.Area)
  CAR:    2.87  Ratio:    0.00       (C.S.Area)

[1]  met1:
  PAR:    0.18  Ratio:    0.00       (Area)
  PAR:    0.96  Ratio:  400.00       (S.Area)
  CAR:    0.19  Ratio:    0.00       (C.Area)
  CAR:    0.96  Ratio:    0.00       (C.S.Area)

[1]  li1:
  PAR:    0.00  Ratio:    0.00       (Area)
  PAR:    0.00  Ratio:   75.00       (S.Area)
  CAR:    0.00  Ratio:    0.00       (C.Area)
  CAR:    0.00  Ratio:    0.00       (C.S.Area)

[1]  M1M2_PR:
  PAR:    0.01  Ratio:    6.00       (Area)
  CAR:    0.02  Ratio:    0.00       (C.Area)

[1]  L1M1_PR_MR:
  PAR:    0.01  Ratio:    3.00       (Area)
  CAR:    0.01  Ratio:    0.00       (C.Area)


Net - clkgen.comp_trig
  clkgen.delay_100ns_1.genblk1\[1\].delay_unit  (sky130_mm_sc_hd_dlyPoly6ns)  in
[1]  met1:
  PAR:    0.40  Ratio:    0.00       (Area)
  PAR:    2.07  Ratio: 2736.24       (S.Area)
  CAR:    0.40  Ratio:    0.00       (C.Area)
  CAR:    2.07  Ratio:    0.00       (C.S.Area)

[1]  li1:
  PAR:    0.00  Ratio:    0.00       (Area)
  PAR:    0.00  Ratio:   75.00       (S.Area)
  CAR:    0.00  Ratio:    0.00       (C.Area)
  CAR:    0.00  Ratio:    0.00       (C.S.Area)

[1]  L1M1_PR_MR:
  PAR:    0.01  Ratio:    3.00       (Area)
  CAR:    0.01  Ratio:    0.00       (C.Area)


Net - clkgen.comp_trig_delayed
  _1_  (sky130_fd_sc_hd__inv_2)  A
[1]  met2:
  PAR:    0.96  Ratio:    0.00       (Area)
  PAR:    4.84  Ratio: 2744.72       (S.Area)
  CAR:    1.55  Ratio:    0.00       (C.Area)
  CAR:    7.87  Ratio:    0.00       (C.S.Area)

[1]  met1:
  PAR:    0.56  Ratio:    0.00       (Area)
  PAR:    3.00  Ratio:  400.00       (S.Area)
  CAR:    0.59  Ratio:    0.00       (C.Area)
  CAR:    3.03  Ratio:    0.00       (C.S.Area)

[1]  li1:
  PAR:    0.03  Ratio:    0.00       (Area)
  PAR:    0.03  Ratio:   75.00       (S.Area)
  CAR:    0.03  Ratio:    0.00       (C.Area)
  CAR:    0.03  Ratio:    0.00       (C.S.Area)

[1]  M1M2_PR:
  PAR:    0.05  Ratio:    6.00       (Area)
  CAR:    0.10  Ratio:    0.00       (C.Area)

[1]  L1M1_PR_MR:
  PAR:    0.06  Ratio:    3.00       (Area)
  CAR:    0.06  Ratio:    0.00       (C.Area)


Net - clkgen.delay_100ns_1._intsig_a_\[10\]
  clkgen.delay_100ns_1.genblk1\[10\].delay_unit  (sky130_mm_sc_hd_dlyPoly6ns)  in
[1]  met2:
  PAR:    0.07  Ratio:    0.00       (Area)
  PAR:    0.35  Ratio: 2744.72       (S.Area)
  CAR:    0.08  Ratio:    0.00       (C.Area)
  CAR:    0.38  Ratio:    0.00       (C.S.Area)

[1]  met1:
  PAR:    0.00  Ratio:    0.00       (Area)
  PAR:    0.02  Ratio:  400.00       (S.Area)
  CAR:    0.01  Ratio:    0.00       (C.Area)
  CAR:    0.02  Ratio:    0.00       (C.S.Area)

[1]  li1:
  PAR:    0.00  Ratio:    0.00       (Area)
  PAR:    0.00  Ratio:   75.00       (S.Area)
  CAR:    0.00  Ratio:    0.00       (C.Area)
  CAR:    0.00  Ratio:    0.00       (C.S.Area)

[1]  M1M2_PR:
  PAR:    0.00  Ratio:    6.00       (Area)
  CAR:    0.01  Ratio:    0.00       (C.Area)

[1]  L1M1_PR_MR:
  PAR:    0.01  Ratio:    3.00       (Area)
  CAR:    0.01  Ratio:    0.00       (C.Area)


Net - clkgen.delay_100ns_1._intsig_a_\[11\]
  clkgen.delay_100ns_1.genblk1\[11\].delay_unit  (sky130_mm_sc_hd_dlyPoly6ns)  in
[1]  met2:
  PAR:    0.07  Ratio:    0.00       (Area)
  PAR:    0.38  Ratio: 2744.72       (S.Area)
  CAR:    0.08  Ratio:    0.00       (C.Area)
  CAR:    0.40  Ratio:    0.00       (C.S.Area)

[1]  met1:
  PAR:    0.00  Ratio:    0.00       (Area)
  PAR:    0.02  Ratio:  400.00       (S.Area)
  CAR:    0.01  Ratio:    0.00       (C.Area)
  CAR:    0.02  Ratio:    0.00       (C.S.Area)

[1]  li1:
  PAR:    0.00  Ratio:    0.00       (Area)
  PAR:    0.00  Ratio:   75.00       (S.Area)
  CAR:    0.00  Ratio:    0.00       (C.Area)
  CAR:    0.00  Ratio:    0.00       (C.S.Area)

[1]  M1M2_PR:
  PAR:    0.00  Ratio:    6.00       (Area)
  CAR:    0.01  Ratio:    0.00       (C.Area)

[1]  L1M1_PR_MR:
  PAR:    0.01  Ratio:    3.00       (Area)
  CAR:    0.01  Ratio:    0.00       (C.Area)


Net - clkgen.delay_100ns_1._intsig_a_\[12\]
  clkgen.delay_100ns_1.genblk1\[12\].delay_unit  (sky130_mm_sc_hd_dlyPoly6ns)  in
[1]  met2:
  PAR:    0.16  Ratio:    0.00       (Area)
  PAR:    0.80  Ratio: 2744.72       (S.Area)
  CAR:    0.17  Ratio:    0.00       (C.Area)
  CAR:    0.83  Ratio:    0.00       (C.S.Area)

[1]  met1:
  PAR:    0.00  Ratio:    0.00       (Area)
  PAR:    0.02  Ratio:  400.00       (S.Area)
  CAR:    0.01  Ratio:    0.00       (C.Area)
  CAR:    0.02  Ratio:    0.00       (C.S.Area)

[1]  li1:
  PAR:    0.00  Ratio:    0.00       (Area)
  PAR:    0.00  Ratio:   75.00       (S.Area)
  CAR:    0.00  Ratio:    0.00       (C.Area)
  CAR:    0.00  Ratio:    0.00       (C.S.Area)

[1]  M1M2_PR:
  PAR:    0.00  Ratio:    6.00       (Area)
  CAR:    0.01  Ratio:    0.00       (C.Area)

[1]  L1M1_PR_MR:
  PAR:    0.01  Ratio:    3.00       (Area)
  CAR:    0.01  Ratio:    0.00       (C.Area)


Net - clkgen.delay_100ns_1._intsig_a_\[13\]
  clkgen.delay_100ns_1.genblk1\[13\].delay_unit  (sky130_mm_sc_hd_dlyPoly6ns)  in
[1]  met2:
  PAR:    0.10  Ratio:    0.00       (Area)
  PAR:    0.52  Ratio: 2744.72       (S.Area)
  CAR:    0.11  Ratio:    0.00       (C.Area)
  CAR:    0.54  Ratio:    0.00       (C.S.Area)

[1]  met1:
  PAR:    0.00  Ratio:    0.00       (Area)
  PAR:    0.02  Ratio:  400.00       (S.Area)
  CAR:    0.01  Ratio:    0.00       (C.Area)
  CAR:    0.02  Ratio:    0.00       (C.S.Area)

[1]  li1:
  PAR:    0.00  Ratio:    0.00       (Area)
  PAR:    0.00  Ratio:   75.00       (S.Area)
  CAR:    0.00  Ratio:    0.00       (C.Area)
  CAR:    0.00  Ratio:    0.00       (C.S.Area)

[1]  M1M2_PR:
  PAR:    0.00  Ratio:    6.00       (Area)
  CAR:    0.01  Ratio:    0.00       (C.Area)

[1]  L1M1_PR_MR:
  PAR:    0.01  Ratio:    3.00       (Area)
  CAR:    0.01  Ratio:    0.00       (C.Area)


Net - clkgen.delay_100ns_1._intsig_a_\[14\]
  clkgen.delay_100ns_1.genblk1\[14\].delay_unit  (sky130_mm_sc_hd_dlyPoly6ns)  in
[1]  met2:
  PAR:    0.10  Ratio:    0.00       (Area)
  PAR:    0.50  Ratio: 2744.72       (S.Area)
  CAR:    0.10  Ratio:    0.00       (C.Area)
  CAR:    0.52  Ratio:    0.00       (C.S.Area)

[1]  met1:
  PAR:    0.00  Ratio:    0.00       (Area)
  PAR:    0.02  Ratio:  400.00       (S.Area)
  CAR:    0.01  Ratio:    0.00       (C.Area)
  CAR:    0.02  Ratio:    0.00       (C.S.Area)

[1]  li1:
  PAR:    0.00  Ratio:    0.00       (Area)
  PAR:    0.00  Ratio:   75.00       (S.Area)
  CAR:    0.00  Ratio:    0.00       (C.Area)
  CAR:    0.00  Ratio:    0.00       (C.S.Area)

[1]  M1M2_PR:
  PAR:    0.00  Ratio:    6.00       (Area)
  CAR:    0.01  Ratio:    0.00       (C.Area)

[1]  L1M1_PR_MR:
  PAR:    0.01  Ratio:    3.00       (Area)
  CAR:    0.01  Ratio:    0.00       (C.Area)


Net - clkgen.delay_100ns_1._intsig_a_\[15\]
  clkgen.delay_100ns_1.genblk1\[15\].delay_unit  (sky130_mm_sc_hd_dlyPoly6ns)  in
[1]  met2:
  PAR:    0.10  Ratio:    0.00       (Area)
  PAR:    0.52  Ratio: 2744.72       (S.Area)
  CAR:    0.11  Ratio:    0.00       (C.Area)
  CAR:    0.54  Ratio:    0.00       (C.S.Area)

[1]  met1:
  PAR:    0.00  Ratio:    0.00       (Area)
  PAR:    0.02  Ratio:  400.00       (S.Area)
  CAR:    0.01  Ratio:    0.00       (C.Area)
  CAR:    0.02  Ratio:    0.00       (C.S.Area)

[1]  li1:
  PAR:    0.00  Ratio:    0.00       (Area)
  PAR:    0.00  Ratio:   75.00       (S.Area)
  CAR:    0.00  Ratio:    0.00       (C.Area)
  CAR:    0.00  Ratio:    0.00       (C.S.Area)

[1]  M1M2_PR:
  PAR:    0.00  Ratio:    6.00       (Area)
  CAR:    0.01  Ratio:    0.00       (C.Area)

[1]  L1M1_PR_MR:
  PAR:    0.01  Ratio:    3.00       (Area)
  CAR:    0.01  Ratio:    0.00       (C.Area)


Net - clkgen.delay_100ns_1._intsig_a_\[16\]
  clkgen.delay_100ns_1.genblk1\[16\].delay_unit  (sky130_mm_sc_hd_dlyPoly6ns)  in
[1]  met2:
  PAR:    0.07  Ratio:    0.00       (Area)
  PAR:    0.38  Ratio: 2744.72       (S.Area)
  CAR:    0.08  Ratio:    0.00       (C.Area)
  CAR:    0.40  Ratio:    0.00       (C.S.Area)

[1]  met1:
  PAR:    0.00  Ratio:    0.00       (Area)
  PAR:    0.02  Ratio:  400.00       (S.Area)
  CAR:    0.01  Ratio:    0.00       (C.Area)
  CAR:    0.02  Ratio:    0.00       (C.S.Area)

[1]  li1:
  PAR:    0.00  Ratio:    0.00       (Area)
  PAR:    0.00  Ratio:   75.00       (S.Area)
  CAR:    0.00  Ratio:    0.00       (C.Area)
  CAR:    0.00  Ratio:    0.00       (C.S.Area)

[1]  M1M2_PR:
  PAR:    0.00  Ratio:    6.00       (Area)
  CAR:    0.01  Ratio:    0.00       (C.Area)

[1]  L1M1_PR_MR:
  PAR:    0.01  Ratio:    3.00       (Area)
  CAR:    0.01  Ratio:    0.00       (C.Area)


Net - clkgen.delay_100ns_1._intsig_a_\[17\]
  clkgen.delay_100ns_1.genblk1\[17\].delay_unit  (sky130_mm_sc_hd_dlyPoly6ns)  in
[1]  met2:
  PAR:    0.46  Ratio:    0.00       (Area)
  PAR:    2.29  Ratio: 2744.72       (S.Area)
  CAR:    0.46  Ratio:    0.00       (C.Area)
  CAR:    2.32  Ratio:    0.00       (C.S.Area)

[1]  met1:
  PAR:    0.00  Ratio:    0.00       (Area)
  PAR:    0.02  Ratio:  400.00       (S.Area)
  CAR:    0.01  Ratio:    0.00       (C.Area)
  CAR:    0.02  Ratio:    0.00       (C.S.Area)

[1]  li1:
  PAR:    0.00  Ratio:    0.00       (Area)
  PAR:    0.00  Ratio:   75.00       (S.Area)
  CAR:    0.00  Ratio:    0.00       (C.Area)
  CAR:    0.00  Ratio:    0.00       (C.S.Area)

[1]  M1M2_PR:
  PAR:    0.00  Ratio:    6.00       (Area)
  CAR:    0.01  Ratio:    0.00       (C.Area)

[1]  L1M1_PR_MR:
  PAR:    0.01  Ratio:    3.00       (Area)
  CAR:    0.01  Ratio:    0.00       (C.Area)


Net - clkgen.delay_100ns_1._intsig_a_\[2\]
  clkgen.delay_100ns_1.genblk1\[2\].delay_unit  (sky130_mm_sc_hd_dlyPoly6ns)  in
[1]  met3:
  PAR:    0.58  Ratio:    0.00       (Area)
  PAR:    3.17  Ratio: 2744.72       (S.Area)
  CAR:    0.72  Ratio:    0.00       (C.Area)
  CAR:    3.90  Ratio:    0.00       (C.S.Area)

[1]  met2:
  PAR:    0.06  Ratio:    0.00       (Area)
  PAR:    0.33  Ratio:  400.00       (S.Area)
  CAR:    0.14  Ratio:    0.00       (C.Area)
  CAR:    0.72  Ratio:    0.00       (C.S.Area)

[1]  met1:
  PAR:    0.07  Ratio:    0.00       (Area)
  PAR:    0.39  Ratio:  400.00       (S.Area)
  CAR:    0.08  Ratio:    0.00       (C.Area)
  CAR:    0.39  Ratio:    0.00       (C.S.Area)

[1]  li1:
  PAR:    0.00  Ratio:    0.00       (Area)
  PAR:    0.00  Ratio:   75.00       (S.Area)
  CAR:    0.00  Ratio:    0.00       (C.Area)
  CAR:    0.00  Ratio:    0.00       (C.S.Area)

[1]  M2M3_PR:
  PAR:    0.01  Ratio:    6.00       (Area)
  CAR:    0.02  Ratio:    0.00       (C.Area)

[1]  M1M2_PR:
  PAR:    0.00  Ratio:    6.00       (Area)
  CAR:    0.01  Ratio:    0.00       (C.Area)

[1]  L1M1_PR_MR:
  PAR:    0.01  Ratio:    3.00       (Area)
  CAR:    0.01  Ratio:    0.00       (C.Area)


Net - clkgen.delay_100ns_1._intsig_a_\[3\]
  clkgen.delay_100ns_1.genblk1\[3\].delay_unit  (sky130_mm_sc_hd_dlyPoly6ns)  in
[1]  met2:
  PAR:    0.47  Ratio:    0.00       (Area)
  PAR:    2.36  Ratio: 2744.72       (S.Area)
  CAR:    0.48  Ratio:    0.00       (C.Area)
  CAR:    2.39  Ratio:    0.00       (C.S.Area)

[1]  met1:
  PAR:    0.00  Ratio:    0.00       (Area)
  PAR:    0.02  Ratio:  400.00       (S.Area)
  CAR:    0.01  Ratio:    0.00       (C.Area)
  CAR:    0.02  Ratio:    0.00       (C.S.Area)

[1]  li1:
  PAR:    0.00  Ratio:    0.00       (Area)
  PAR:    0.00  Ratio:   75.00       (S.Area)
  CAR:    0.00  Ratio:    0.00       (C.Area)
  CAR:    0.00  Ratio:    0.00       (C.S.Area)

[1]  M1M2_PR:
  PAR:    0.00  Ratio:    6.00       (Area)
  CAR:    0.01  Ratio:    0.00       (C.Area)

[1]  L1M1_PR_MR:
  PAR:    0.01  Ratio:    3.00       (Area)
  CAR:    0.01  Ratio:    0.00       (C.Area)


Net - clkgen.delay_100ns_1._intsig_a_\[4\]
  clkgen.delay_100ns_1.genblk1\[4\].delay_unit  (sky130_mm_sc_hd_dlyPoly6ns)  in
[1]  met2:
  PAR:    0.31  Ratio:    0.00       (Area)
  PAR:    1.54  Ratio: 2744.72       (S.Area)
  CAR:    0.31  Ratio:    0.00       (C.Area)
  CAR:    1.56  Ratio:    0.00       (C.S.Area)

[1]  met1:
  PAR:    0.00  Ratio:    0.00       (Area)
  PAR:    0.02  Ratio:  400.00       (S.Area)
  CAR:    0.01  Ratio:    0.00       (C.Area)
  CAR:    0.02  Ratio:    0.00       (C.S.Area)

[1]  li1:
  PAR:    0.00  Ratio:    0.00       (Area)
  PAR:    0.00  Ratio:   75.00       (S.Area)
  CAR:    0.00  Ratio:    0.00       (C.Area)
  CAR:    0.00  Ratio:    0.00       (C.S.Area)

[1]  M1M2_PR:
  PAR:    0.00  Ratio:    6.00       (Area)
  CAR:    0.01  Ratio:    0.00       (C.Area)

[1]  L1M1_PR_MR:
  PAR:    0.01  Ratio:    3.00       (Area)
  CAR:    0.01  Ratio:    0.00       (C.Area)


Net - clkgen.delay_100ns_1._intsig_a_\[5\]
  clkgen.delay_100ns_1.genblk1\[5\].delay_unit  (sky130_mm_sc_hd_dlyPoly6ns)  in
[1]  met2:
  PAR:    0.21  Ratio:    0.00       (Area)
  PAR:    1.06  Ratio: 2744.72       (S.Area)
  CAR:    0.26  Ratio:    0.00       (C.Area)
  CAR:    1.31  Ratio:    0.00       (C.S.Area)

[1]  met1:
  PAR:    0.05  Ratio:    0.00       (Area)
  PAR:    0.25  Ratio:  400.00       (S.Area)
  CAR:    0.05  Ratio:    0.00       (C.Area)
  CAR:    0.25  Ratio:    0.00       (C.S.Area)

[1]  li1:
  PAR:    0.00  Ratio:    0.00       (Area)
  PAR:    0.00  Ratio:   75.00       (S.Area)
  CAR:    0.00  Ratio:    0.00       (C.Area)
  CAR:    0.00  Ratio:    0.00       (C.S.Area)

[1]  M1M2_PR:
  PAR:    0.00  Ratio:    6.00       (Area)
  CAR:    0.01  Ratio:    0.00       (C.Area)

[1]  L1M1_PR_MR:
  PAR:    0.01  Ratio:    3.00       (Area)
  CAR:    0.01  Ratio:    0.00       (C.Area)


Net - clkgen.delay_100ns_1._intsig_a_\[6\]
  clkgen.delay_100ns_1.genblk1\[6\].delay_unit  (sky130_mm_sc_hd_dlyPoly6ns)  in
[1]  met2:
  PAR:    0.10  Ratio:    0.00       (Area)
  PAR:    0.52  Ratio: 2744.72       (S.Area)
  CAR:    0.11  Ratio:    0.00       (C.Area)
  CAR:    0.54  Ratio:    0.00       (C.S.Area)

[1]  met1:
  PAR:    0.00  Ratio:    0.00       (Area)
  PAR:    0.02  Ratio:  400.00       (S.Area)
  CAR:    0.01  Ratio:    0.00       (C.Area)
  CAR:    0.02  Ratio:    0.00       (C.S.Area)

[1]  li1:
  PAR:    0.00  Ratio:    0.00       (Area)
  PAR:    0.00  Ratio:   75.00       (S.Area)
  CAR:    0.00  Ratio:    0.00       (C.Area)
  CAR:    0.00  Ratio:    0.00       (C.S.Area)

[1]  M1M2_PR:
  PAR:    0.00  Ratio:    6.00       (Area)
  CAR:    0.01  Ratio:    0.00       (C.Area)

[1]  L1M1_PR_MR:
  PAR:    0.01  Ratio:    3.00       (Area)
  CAR:    0.01  Ratio:    0.00       (C.Area)


Net - clkgen.delay_100ns_1._intsig_a_\[7\]
  clkgen.delay_100ns_1.genblk1\[7\].delay_unit  (sky130_mm_sc_hd_dlyPoly6ns)  in
[1]  met2:
  PAR:    0.07  Ratio:    0.00       (Area)
  PAR:    0.38  Ratio: 2744.72       (S.Area)
  CAR:    0.08  Ratio:    0.00       (C.Area)
  CAR:    0.40  Ratio:    0.00       (C.S.Area)

[1]  met1:
  PAR:    0.00  Ratio:    0.00       (Area)
  PAR:    0.02  Ratio:  400.00       (S.Area)
  CAR:    0.01  Ratio:    0.00       (C.Area)
  CAR:    0.02  Ratio:    0.00       (C.S.Area)

[1]  li1:
  PAR:    0.00  Ratio:    0.00       (Area)
  PAR:    0.00  Ratio:   75.00       (S.Area)
  CAR:    0.00  Ratio:    0.00       (C.Area)
  CAR:    0.00  Ratio:    0.00       (C.S.Area)

[1]  M1M2_PR:
  PAR:    0.00  Ratio:    6.00       (Area)
  CAR:    0.01  Ratio:    0.00       (C.Area)

[1]  L1M1_PR_MR:
  PAR:    0.01  Ratio:    3.00       (Area)
  CAR:    0.01  Ratio:    0.00       (C.Area)


Net - clkgen.delay_100ns_1._intsig_a_\[8\]
  clkgen.delay_100ns_1.genblk1\[8\].delay_unit  (sky130_mm_sc_hd_dlyPoly6ns)  in
[1]  met2:
  PAR:    0.38  Ratio:    0.00       (Area)
  PAR:    1.95  Ratio: 2744.72       (S.Area)
  CAR:    0.58  Ratio:    0.00       (C.Area)
  CAR:    2.96  Ratio:    0.00       (C.S.Area)

[1]  met1:
  PAR:    0.19  Ratio:    0.00       (Area)
  PAR:    1.01  Ratio:  400.00       (S.Area)
  CAR:    0.20  Ratio:    0.00       (C.Area)
  CAR:    1.01  Ratio:    0.00       (C.S.Area)

[1]  li1:
  PAR:    0.00  Ratio:    0.00       (Area)
  PAR:    0.00  Ratio:   75.00       (S.Area)
  CAR:    0.00  Ratio:    0.00       (C.Area)
  CAR:    0.00  Ratio:    0.00       (C.S.Area)

[1]  M1M2_PR:
  PAR:    0.00  Ratio:    6.00       (Area)
  CAR:    0.01  Ratio:    0.00       (C.Area)

[1]  L1M1_PR_MR:
  PAR:    0.01  Ratio:    3.00       (Area)
  CAR:    0.01  Ratio:    0.00       (C.Area)


Net - clkgen.delay_100ns_1._intsig_a_\[9\]
  clkgen.delay_100ns_1.genblk1\[9\].delay_unit  (sky130_mm_sc_hd_dlyPoly6ns)  in
[1]  met2:
  PAR:    0.17  Ratio:    0.00       (Area)
  PAR:    0.89  Ratio: 2744.72       (S.Area)
  CAR:    0.18  Ratio:    0.00       (C.Area)
  CAR:    0.91  Ratio:    0.00       (C.S.Area)

[1]  met1:
  PAR:    0.00  Ratio:    0.00       (Area)
  PAR:    0.02  Ratio:  400.00       (S.Area)
  CAR:    0.01  Ratio:    0.00       (C.Area)
  CAR:    0.02  Ratio:    0.00       (C.S.Area)

[1]  li1:
  PAR:    0.00  Ratio:    0.00       (Area)
  PAR:    0.00  Ratio:   75.00       (S.Area)
  CAR:    0.00  Ratio:    0.00       (C.Area)
  CAR:    0.00  Ratio:    0.00       (C.S.Area)

[1]  M1M2_PR:
  PAR:    0.00  Ratio:    6.00       (Area)
  CAR:    0.01  Ratio:    0.00       (C.Area)

[1]  L1M1_PR_MR:
  PAR:    0.01  Ratio:    3.00       (Area)
  CAR:    0.01  Ratio:    0.00       (C.Area)


Net - clkgen.delay_100ns_2._intsig_a_\[10\]
  clkgen.delay_100ns_2.genblk1\[10\].delay_unit  (sky130_mm_sc_hd_dlyPoly6ns)  in
[1]  met2:
  PAR:    0.16  Ratio:    0.00       (Area)
  PAR:    0.80  Ratio: 2744.72       (S.Area)
  CAR:    0.18  Ratio:    0.00       (C.Area)
  CAR:    0.92  Ratio:    0.00       (C.S.Area)

[1]  met1:
  PAR:    0.02  Ratio:    0.00       (Area)
  PAR:    0.11  Ratio:  400.00       (S.Area)
  CAR:    0.02  Ratio:    0.00       (C.Area)
  CAR:    0.11  Ratio:    0.00       (C.S.Area)

[1]  li1:
  PAR:    0.00  Ratio:    0.00       (Area)
  PAR:    0.00  Ratio:   75.00       (S.Area)
  CAR:    0.00  Ratio:    0.00       (C.Area)
  CAR:    0.00  Ratio:    0.00       (C.S.Area)

[1]  M1M2_PR:
  PAR:    0.00  Ratio:    6.00       (Area)
  CAR:    0.01  Ratio:    0.00       (C.Area)

[1]  L1M1_PR_MR:
  PAR:    0.01  Ratio:    3.00       (Area)
  CAR:    0.01  Ratio:    0.00       (C.Area)


Net - clkgen.delay_100ns_2._intsig_a_\[11\]
  clkgen.delay_100ns_2.genblk1\[11\].delay_unit  (sky130_mm_sc_hd_dlyPoly6ns)  in
[1]  met2:
  PAR:    0.22  Ratio:    0.00       (Area)
  PAR:    1.11  Ratio: 2744.72       (S.Area)
  CAR:    0.22  Ratio:    0.00       (C.Area)
  CAR:    1.14  Ratio:    0.00       (C.S.Area)

[1]  met1:
  PAR:    0.00  Ratio:    0.00       (Area)
  PAR:    0.02  Ratio:  400.00       (S.Area)
  CAR:    0.01  Ratio:    0.00       (C.Area)
  CAR:    0.02  Ratio:    0.00       (C.S.Area)

[1]  li1:
  PAR:    0.00  Ratio:    0.00       (Area)
  PAR:    0.00  Ratio:   75.00       (S.Area)
  CAR:    0.00  Ratio:    0.00       (C.Area)
  CAR:    0.00  Ratio:    0.00       (C.S.Area)

[1]  M1M2_PR:
  PAR:    0.00  Ratio:    6.00       (Area)
  CAR:    0.01  Ratio:    0.00       (C.Area)

[1]  L1M1_PR_MR:
  PAR:    0.01  Ratio:    3.00       (Area)
  CAR:    0.01  Ratio:    0.00       (C.Area)


Net - clkgen.delay_100ns_2._intsig_a_\[12\]
  clkgen.delay_100ns_2.genblk1\[12\].delay_unit  (sky130_mm_sc_hd_dlyPoly6ns)  in
[1]  met2:
  PAR:    0.16  Ratio:    0.00       (Area)
  PAR:    0.83  Ratio: 2744.72       (S.Area)
  CAR:    0.17  Ratio:    0.00       (C.Area)
  CAR:    0.85  Ratio:    0.00       (C.S.Area)

[1]  met1:
  PAR:    0.00  Ratio:    0.00       (Area)
  PAR:    0.02  Ratio:  400.00       (S.Area)
  CAR:    0.01  Ratio:    0.00       (C.Area)
  CAR:    0.02  Ratio:    0.00       (C.S.Area)

[1]  li1:
  PAR:    0.00  Ratio:    0.00       (Area)
  PAR:    0.00  Ratio:   75.00       (S.Area)
  CAR:    0.00  Ratio:    0.00       (C.Area)
  CAR:    0.00  Ratio:    0.00       (C.S.Area)

[1]  M1M2_PR:
  PAR:    0.00  Ratio:    6.00       (Area)
  CAR:    0.01  Ratio:    0.00       (C.Area)

[1]  L1M1_PR_MR:
  PAR:    0.01  Ratio:    3.00       (Area)
  CAR:    0.01  Ratio:    0.00       (C.Area)


Net - clkgen.delay_100ns_2._intsig_a_\[13\]
  clkgen.delay_100ns_2.genblk1\[13\].delay_unit  (sky130_mm_sc_hd_dlyPoly6ns)  in
[1]  met2:
  PAR:    0.07  Ratio:    0.00       (Area)
  PAR:    0.38  Ratio: 2744.72       (S.Area)
  CAR:    0.08  Ratio:    0.00       (C.Area)
  CAR:    0.40  Ratio:    0.00       (C.S.Area)

[1]  met1:
  PAR:    0.00  Ratio:    0.00       (Area)
  PAR:    0.02  Ratio:  400.00       (S.Area)
  CAR:    0.01  Ratio:    0.00       (C.Area)
  CAR:    0.02  Ratio:    0.00       (C.S.Area)

[1]  li1:
  PAR:    0.00  Ratio:    0.00       (Area)
  PAR:    0.00  Ratio:   75.00       (S.Area)
  CAR:    0.00  Ratio:    0.00       (C.Area)
  CAR:    0.00  Ratio:    0.00       (C.S.Area)

[1]  M1M2_PR:
  PAR:    0.00  Ratio:    6.00       (Area)
  CAR:    0.01  Ratio:    0.00       (C.Area)

[1]  L1M1_PR_MR:
  PAR:    0.01  Ratio:    3.00       (Area)
  CAR:    0.01  Ratio:    0.00       (C.Area)


Net - clkgen.delay_100ns_2._intsig_a_\[14\]
  clkgen.delay_100ns_2.genblk1\[14\].delay_unit  (sky130_mm_sc_hd_dlyPoly6ns)  in
[1]  met2:
  PAR:    0.10  Ratio:    0.00       (Area)
  PAR:    0.52  Ratio: 2744.72       (S.Area)
  CAR:    0.11  Ratio:    0.00       (C.Area)
  CAR:    0.54  Ratio:    0.00       (C.S.Area)

[1]  met1:
  PAR:    0.00  Ratio:    0.00       (Area)
  PAR:    0.02  Ratio:  400.00       (S.Area)
  CAR:    0.01  Ratio:    0.00       (C.Area)
  CAR:    0.02  Ratio:    0.00       (C.S.Area)

[1]  li1:
  PAR:    0.00  Ratio:    0.00       (Area)
  PAR:    0.00  Ratio:   75.00       (S.Area)
  CAR:    0.00  Ratio:    0.00       (C.Area)
  CAR:    0.00  Ratio:    0.00       (C.S.Area)

[1]  M1M2_PR:
  PAR:    0.00  Ratio:    6.00       (Area)
  CAR:    0.01  Ratio:    0.00       (C.Area)

[1]  L1M1_PR_MR:
  PAR:    0.01  Ratio:    3.00       (Area)
  CAR:    0.01  Ratio:    0.00       (C.Area)


Net - clkgen.delay_100ns_2._intsig_a_\[15\]
  clkgen.delay_100ns_2.genblk1\[15\].delay_unit  (sky130_mm_sc_hd_dlyPoly6ns)  in
[1]  met2:
  PAR:    0.07  Ratio:    0.00       (Area)
  PAR:    0.38  Ratio: 2744.72       (S.Area)
  CAR:    0.08  Ratio:    0.00       (C.Area)
  CAR:    0.40  Ratio:    0.00       (C.S.Area)

[1]  met1:
  PAR:    0.00  Ratio:    0.00       (Area)
  PAR:    0.02  Ratio:  400.00       (S.Area)
  CAR:    0.01  Ratio:    0.00       (C.Area)
  CAR:    0.02  Ratio:    0.00       (C.S.Area)

[1]  li1:
  PAR:    0.00  Ratio:    0.00       (Area)
  PAR:    0.00  Ratio:   75.00       (S.Area)
  CAR:    0.00  Ratio:    0.00       (C.Area)
  CAR:    0.00  Ratio:    0.00       (C.S.Area)

[1]  M1M2_PR:
  PAR:    0.00  Ratio:    6.00       (Area)
  CAR:    0.01  Ratio:    0.00       (C.Area)

[1]  L1M1_PR_MR:
  PAR:    0.01  Ratio:    3.00       (Area)
  CAR:    0.01  Ratio:    0.00       (C.Area)


Net - clkgen.delay_100ns_2._intsig_a_\[16\]
  clkgen.delay_100ns_2.genblk1\[16\].delay_unit  (sky130_mm_sc_hd_dlyPoly6ns)  in
[1]  met2:
  PAR:    0.10  Ratio:    0.00       (Area)
  PAR:    0.52  Ratio: 2744.72       (S.Area)
  CAR:    0.30  Ratio:    0.00       (C.Area)
  CAR:    1.53  Ratio:    0.00       (C.S.Area)

[1]  met1:
  PAR:    0.20  Ratio:    0.00       (Area)
  PAR:    1.01  Ratio:  400.00       (S.Area)
  CAR:    0.20  Ratio:    0.00       (C.Area)
  CAR:    1.01  Ratio:    0.00       (C.S.Area)

[1]  li1:
  PAR:    0.00  Ratio:    0.00       (Area)
  PAR:    0.00  Ratio:   75.00       (S.Area)
  CAR:    0.00  Ratio:    0.00       (C.Area)
  CAR:    0.00  Ratio:    0.00       (C.S.Area)

[1]  M1M2_PR:
  PAR:    0.00  Ratio:    6.00       (Area)
  CAR:    0.01  Ratio:    0.00       (C.Area)

[1]  L1M1_PR_MR:
  PAR:    0.01  Ratio:    3.00       (Area)
  CAR:    0.01  Ratio:    0.00       (C.Area)


Net - clkgen.delay_100ns_2._intsig_a_\[17\]
  clkgen.delay_100ns_2.genblk1\[17\].delay_unit  (sky130_mm_sc_hd_dlyPoly6ns)  in
[1]  met3:
  PAR:    1.08  Ratio:    0.00       (Area)
  PAR:    5.84  Ratio: 2744.72       (S.Area)
  CAR:    1.51  Ratio:    0.00       (C.Area)
  CAR:    8.02  Ratio:    0.00       (C.S.Area)

[1]  met2:
  PAR:    0.41  Ratio:    0.00       (Area)
  PAR:    2.06  Ratio:  400.00       (S.Area)
  CAR:    0.43  Ratio:    0.00       (C.Area)
  CAR:    2.18  Ratio:    0.00       (C.S.Area)

[1]  met1:
  PAR:    0.02  Ratio:    0.00       (Area)
  PAR:    0.11  Ratio:  400.00       (S.Area)
  CAR:    0.02  Ratio:    0.00       (C.Area)
  CAR:    0.11  Ratio:    0.00       (C.S.Area)

[1]  li1:
  PAR:    0.00  Ratio:    0.00       (Area)
  PAR:    0.00  Ratio:   75.00       (S.Area)
  CAR:    0.00  Ratio:    0.00       (C.Area)
  CAR:    0.00  Ratio:    0.00       (C.S.Area)

[1]  M2M3_PR:
  PAR:    0.01  Ratio:    6.00       (Area)
  CAR:    0.02  Ratio:    0.00       (C.Area)

[1]  M1M2_PR:
  PAR:    0.00  Ratio:    6.00       (Area)
  CAR:    0.01  Ratio:    0.00       (C.Area)

[1]  L1M1_PR_MR:
  PAR:    0.01  Ratio:    3.00       (Area)
  CAR:    0.01  Ratio:    0.00       (C.Area)


Net - clkgen.delay_100ns_2._intsig_a_\[2\]
  clkgen.delay_100ns_2.genblk1\[2\].delay_unit  (sky130_mm_sc_hd_dlyPoly6ns)  in
[1]  met2:
  PAR:    0.10  Ratio:    0.00       (Area)
  PAR:    0.52  Ratio: 2744.72       (S.Area)
  CAR:    0.11  Ratio:    0.00       (C.Area)
  CAR:    0.54  Ratio:    0.00       (C.S.Area)

[1]  met1:
  PAR:    0.00  Ratio:    0.00       (Area)
  PAR:    0.02  Ratio:  400.00       (S.Area)
  CAR:    0.01  Ratio:    0.00       (C.Area)
  CAR:    0.02  Ratio:    0.00       (C.S.Area)

[1]  li1:
  PAR:    0.00  Ratio:    0.00       (Area)
  PAR:    0.00  Ratio:   75.00       (S.Area)
  CAR:    0.00  Ratio:    0.00       (C.Area)
  CAR:    0.00  Ratio:    0.00       (C.S.Area)

[1]  M1M2_PR:
  PAR:    0.00  Ratio:    6.00       (Area)
  CAR:    0.01  Ratio:    0.00       (C.Area)

[1]  L1M1_PR_MR:
  PAR:    0.01  Ratio:    3.00       (Area)
  CAR:    0.01  Ratio:    0.00       (C.Area)


Net - clkgen.delay_100ns_2._intsig_a_\[3\]
  clkgen.delay_100ns_2.genblk1\[3\].delay_unit  (sky130_mm_sc_hd_dlyPoly6ns)  in
[1]  met2:
  PAR:    0.31  Ratio:    0.00       (Area)
  PAR:    1.61  Ratio: 2744.72       (S.Area)
  CAR:    0.32  Ratio:    0.00       (C.Area)
  CAR:    1.63  Ratio:    0.00       (C.S.Area)

[1]  met1:
  PAR:    0.00  Ratio:    0.00       (Area)
  PAR:    0.02  Ratio:  400.00       (S.Area)
  CAR:    0.01  Ratio:    0.00       (C.Area)
  CAR:    0.02  Ratio:    0.00       (C.S.Area)

[1]  li1:
  PAR:    0.00  Ratio:    0.00       (Area)
  PAR:    0.00  Ratio:   75.00       (S.Area)
  CAR:    0.00  Ratio:    0.00       (C.Area)
  CAR:    0.00  Ratio:    0.00       (C.S.Area)

[1]  M1M2_PR:
  PAR:    0.00  Ratio:    6.00       (Area)
  CAR:    0.01  Ratio:    0.00       (C.Area)

[1]  L1M1_PR_MR:
  PAR:    0.01  Ratio:    3.00       (Area)
  CAR:    0.01  Ratio:    0.00       (C.Area)


Net - clkgen.delay_100ns_2._intsig_a_\[4\]
  clkgen.delay_100ns_2.genblk1\[4\].delay_unit  (sky130_mm_sc_hd_dlyPoly6ns)  in
[1]  met2:
  PAR:    0.07  Ratio:    0.00       (Area)
  PAR:    0.38  Ratio: 2744.72       (S.Area)
  CAR:    0.08  Ratio:    0.00       (C.Area)
  CAR:    0.40  Ratio:    0.00       (C.S.Area)

[1]  met1:
  PAR:    0.00  Ratio:    0.00       (Area)
  PAR:    0.02  Ratio:  400.00       (S.Area)
  CAR:    0.01  Ratio:    0.00       (C.Area)
  CAR:    0.02  Ratio:    0.00       (C.S.Area)

[1]  li1:
  PAR:    0.00  Ratio:    0.00       (Area)
  PAR:    0.00  Ratio:   75.00       (S.Area)
  CAR:    0.00  Ratio:    0.00       (C.Area)
  CAR:    0.00  Ratio:    0.00       (C.S.Area)

[1]  M1M2_PR:
  PAR:    0.00  Ratio:    6.00       (Area)
  CAR:    0.01  Ratio:    0.00       (C.Area)

[1]  L1M1_PR_MR:
  PAR:    0.01  Ratio:    3.00       (Area)
  CAR:    0.01  Ratio:    0.00       (C.Area)


Net - clkgen.delay_100ns_2._intsig_a_\[5\]
  clkgen.delay_100ns_2.genblk1\[5\].delay_unit  (sky130_mm_sc_hd_dlyPoly6ns)  in
[1]  met2:
  PAR:    0.10  Ratio:    0.00       (Area)
  PAR:    0.52  Ratio: 2744.72       (S.Area)
  CAR:    0.11  Ratio:    0.00       (C.Area)
  CAR:    0.54  Ratio:    0.00       (C.S.Area)

[1]  met1:
  PAR:    0.00  Ratio:    0.00       (Area)
  PAR:    0.02  Ratio:  400.00       (S.Area)
  CAR:    0.01  Ratio:    0.00       (C.Area)
  CAR:    0.02  Ratio:    0.00       (C.S.Area)

[1]  li1:
  PAR:    0.00  Ratio:    0.00       (Area)
  PAR:    0.00  Ratio:   75.00       (S.Area)
  CAR:    0.00  Ratio:    0.00       (C.Area)
  CAR:    0.00  Ratio:    0.00       (C.S.Area)

[1]  M1M2_PR:
  PAR:    0.00  Ratio:    6.00       (Area)
  CAR:    0.01  Ratio:    0.00       (C.Area)

[1]  L1M1_PR_MR:
  PAR:    0.01  Ratio:    3.00       (Area)
  CAR:    0.01  Ratio:    0.00       (C.Area)


Net - clkgen.delay_100ns_2._intsig_a_\[6\]
  clkgen.delay_100ns_2.genblk1\[6\].delay_unit  (sky130_mm_sc_hd_dlyPoly6ns)  in
[1]  met1:
  PAR:    0.12  Ratio:    0.00       (Area)
  PAR:    0.65  Ratio: 2744.72       (S.Area)
  CAR:    0.12  Ratio:    0.00       (C.Area)
  CAR:    0.65  Ratio:    0.00       (C.S.Area)

[1]  li1:
  PAR:    0.00  Ratio:    0.00       (Area)
  PAR:    0.00  Ratio:   75.00       (S.Area)
  CAR:    0.00  Ratio:    0.00       (C.Area)
  CAR:    0.00  Ratio:    0.00       (C.S.Area)

[1]  L1M1_PR_MR:
  PAR:    0.01  Ratio:    3.00       (Area)
  CAR:    0.01  Ratio:    0.00       (C.Area)


Net - clkgen.delay_100ns_2._intsig_a_\[7\]
  clkgen.delay_100ns_2.genblk1\[7\].delay_unit  (sky130_mm_sc_hd_dlyPoly6ns)  in
[1]  met2:
  PAR:    0.10  Ratio:    0.00       (Area)
  PAR:    0.52  Ratio: 2744.72       (S.Area)
  CAR:    0.11  Ratio:    0.00       (C.Area)
  CAR:    0.54  Ratio:    0.00       (C.S.Area)

[1]  met1:
  PAR:    0.00  Ratio:    0.00       (Area)
  PAR:    0.02  Ratio:  400.00       (S.Area)
  CAR:    0.01  Ratio:    0.00       (C.Area)
  CAR:    0.02  Ratio:    0.00       (C.S.Area)

[1]  li1:
  PAR:    0.00  Ratio:    0.00       (Area)
  PAR:    0.00  Ratio:   75.00       (S.Area)
  CAR:    0.00  Ratio:    0.00       (C.Area)
  CAR:    0.00  Ratio:    0.00       (C.S.Area)

[1]  M1M2_PR:
  PAR:    0.00  Ratio:    6.00       (Area)
  CAR:    0.01  Ratio:    0.00       (C.Area)

[1]  L1M1_PR_MR:
  PAR:    0.01  Ratio:    3.00       (Area)
  CAR:    0.01  Ratio:    0.00       (C.Area)


Net - clkgen.delay_100ns_2._intsig_a_\[8\]
  clkgen.delay_100ns_2.genblk1\[8\].delay_unit  (sky130_mm_sc_hd_dlyPoly6ns)  in
[1]  met2:
  PAR:    0.10  Ratio:    0.00       (Area)
  PAR:    0.52  Ratio: 2744.72       (S.Area)
  CAR:    0.11  Ratio:    0.00       (C.Area)
  CAR:    0.54  Ratio:    0.00       (C.S.Area)

[1]  met1:
  PAR:    0.00  Ratio:    0.00       (Area)
  PAR:    0.02  Ratio:  400.00       (S.Area)
  CAR:    0.01  Ratio:    0.00       (C.Area)
  CAR:    0.02  Ratio:    0.00       (C.S.Area)

[1]  li1:
  PAR:    0.00  Ratio:    0.00       (Area)
  PAR:    0.00  Ratio:   75.00       (S.Area)
  CAR:    0.00  Ratio:    0.00       (C.Area)
  CAR:    0.00  Ratio:    0.00       (C.S.Area)

[1]  M1M2_PR:
  PAR:    0.00  Ratio:    6.00       (Area)
  CAR:    0.01  Ratio:    0.00       (C.Area)

[1]  L1M1_PR_MR:
  PAR:    0.01  Ratio:    3.00       (Area)
  CAR:    0.01  Ratio:    0.00       (C.Area)


Net - clkgen.delay_100ns_2._intsig_a_\[9\]
  clkgen.delay_100ns_2.genblk1\[9\].delay_unit  (sky130_mm_sc_hd_dlyPoly6ns)  in
[1]  met2:
  PAR:    0.17  Ratio:    0.00       (Area)
  PAR:    0.89  Ratio: 2744.72       (S.Area)
  CAR:    0.18  Ratio:    0.00       (C.Area)
  CAR:    0.91  Ratio:    0.00       (C.S.Area)

[1]  met1:
  PAR:    0.00  Ratio:    0.00       (Area)
  PAR:    0.02  Ratio:  400.00       (S.Area)
  CAR:    0.01  Ratio:    0.00       (C.Area)
  CAR:    0.02  Ratio:    0.00       (C.S.Area)

[1]  li1:
  PAR:    0.00  Ratio:    0.00       (Area)
  PAR:    0.00  Ratio:   75.00       (S.Area)
  CAR:    0.00  Ratio:    0.00       (C.Area)
  CAR:    0.00  Ratio:    0.00       (C.S.Area)

[1]  M1M2_PR:
  PAR:    0.00  Ratio:    6.00       (Area)
  CAR:    0.01  Ratio:    0.00       (C.Area)

[1]  L1M1_PR_MR:
  PAR:    0.01  Ratio:    3.00       (Area)
  CAR:    0.01  Ratio:    0.00       (C.Area)


Net - clkgen.delay_100ns_2.out
  _3_  (sky130_fd_sc_hd__o21ba_2)  B1_N
[1]  met2:
  PAR:    7.67  Ratio:    0.00       (Area)
  PAR:   38.62  Ratio: 2744.72       (S.Area)
  CAR:    7.94  Ratio:    0.00       (C.Area)
  CAR:   39.53  Ratio:    0.00       (C.S.Area)

[1]  met1:
  PAR:    0.16  Ratio:    0.00       (Area)
  PAR:    0.78  Ratio:  400.00       (S.Area)
  CAR:    0.27  Ratio:    0.00       (C.Area)
  CAR:    0.91  Ratio:    0.00       (C.S.Area)

[1]  li1:
  PAR:    0.11  Ratio:    0.00       (Area)
  PAR:    0.13  Ratio:   75.00       (S.Area)
  CAR:    0.11  Ratio:    0.00       (C.Area)
  CAR:    0.13  Ratio:    0.00       (C.S.Area)

[1]  M1M2_PR:
  PAR:    0.18  Ratio:    6.00       (Area)
  CAR:    0.41  Ratio:    0.00       (C.Area)

[1]  L1M1_PR_MR:
  PAR:    0.23  Ratio:    3.00       (Area)
  CAR:    0.23  Ratio:    0.00       (C.Area)


Net - clkgen.delay_100ns_3._intsig_a_\[10\]
  clkgen.delay_100ns_3.genblk1\[10\].delay_unit  (sky130_mm_sc_hd_dlyPoly6ns)  in
[1]  met2:
  PAR:    0.07  Ratio:    0.00       (Area)
  PAR:    0.38  Ratio: 2744.72       (S.Area)
  CAR:    0.08  Ratio:    0.00       (C.Area)
  CAR:    0.40  Ratio:    0.00       (C.S.Area)

[1]  met1:
  PAR:    0.00  Ratio:    0.00       (Area)
  PAR:    0.02  Ratio:  400.00       (S.Area)
  CAR:    0.01  Ratio:    0.00       (C.Area)
  CAR:    0.02  Ratio:    0.00       (C.S.Area)

[1]  li1:
  PAR:    0.00  Ratio:    0.00       (Area)
  PAR:    0.00  Ratio:   75.00       (S.Area)
  CAR:    0.00  Ratio:    0.00       (C.Area)
  CAR:    0.00  Ratio:    0.00       (C.S.Area)

[1]  M1M2_PR:
  PAR:    0.00  Ratio:    6.00       (Area)
  CAR:    0.01  Ratio:    0.00       (C.Area)

[1]  L1M1_PR_MR:
  PAR:    0.01  Ratio:    3.00       (Area)
  CAR:    0.01  Ratio:    0.00       (C.Area)


Net - clkgen.delay_100ns_3._intsig_a_\[11\]
  clkgen.delay_100ns_3.genblk1\[11\].delay_unit  (sky130_mm_sc_hd_dlyPoly6ns)  in
[1]  met2:
  PAR:    0.10  Ratio:    0.00       (Area)
  PAR:    0.52  Ratio: 2744.72       (S.Area)
  CAR:    0.12  Ratio:    0.00       (C.Area)
  CAR:    0.63  Ratio:    0.00       (C.S.Area)

[1]  met1:
  PAR:    0.02  Ratio:    0.00       (Area)
  PAR:    0.11  Ratio:  400.00       (S.Area)
  CAR:    0.02  Ratio:    0.00       (C.Area)
  CAR:    0.11  Ratio:    0.00       (C.S.Area)

[1]  li1:
  PAR:    0.00  Ratio:    0.00       (Area)
  PAR:    0.00  Ratio:   75.00       (S.Area)
  CAR:    0.00  Ratio:    0.00       (C.Area)
  CAR:    0.00  Ratio:    0.00       (C.S.Area)

[1]  M1M2_PR:
  PAR:    0.00  Ratio:    6.00       (Area)
  CAR:    0.01  Ratio:    0.00       (C.Area)

[1]  L1M1_PR_MR:
  PAR:    0.01  Ratio:    3.00       (Area)
  CAR:    0.01  Ratio:    0.00       (C.Area)


Net - clkgen.delay_100ns_3._intsig_a_\[12\]
  clkgen.delay_100ns_3.genblk1\[12\].delay_unit  (sky130_mm_sc_hd_dlyPoly6ns)  in
[1]  met2:
  PAR:    0.07  Ratio:    0.00       (Area)
  PAR:    0.38  Ratio: 2744.72       (S.Area)
  CAR:    0.08  Ratio:    0.00       (C.Area)
  CAR:    0.40  Ratio:    0.00       (C.S.Area)

[1]  met1:
  PAR:    0.00  Ratio:    0.00       (Area)
  PAR:    0.02  Ratio:  400.00       (S.Area)
  CAR:    0.01  Ratio:    0.00       (C.Area)
  CAR:    0.02  Ratio:    0.00       (C.S.Area)

[1]  li1:
  PAR:    0.00  Ratio:    0.00       (Area)
  PAR:    0.00  Ratio:   75.00       (S.Area)
  CAR:    0.00  Ratio:    0.00       (C.Area)
  CAR:    0.00  Ratio:    0.00       (C.S.Area)

[1]  M1M2_PR:
  PAR:    0.00  Ratio:    6.00       (Area)
  CAR:    0.01  Ratio:    0.00       (C.Area)

[1]  L1M1_PR_MR:
  PAR:    0.01  Ratio:    3.00       (Area)
  CAR:    0.01  Ratio:    0.00       (C.Area)


Net - clkgen.delay_100ns_3._intsig_a_\[13\]
  clkgen.delay_100ns_3.genblk1\[13\].delay_unit  (sky130_mm_sc_hd_dlyPoly6ns)  in
[1]  met2:
  PAR:    0.10  Ratio:    0.00       (Area)
  PAR:    0.52  Ratio: 2744.72       (S.Area)
  CAR:    0.30  Ratio:    0.00       (C.Area)
  CAR:    1.53  Ratio:    0.00       (C.S.Area)

[1]  met1:
  PAR:    0.20  Ratio:    0.00       (Area)
  PAR:    1.01  Ratio:  400.00       (S.Area)
  CAR:    0.20  Ratio:    0.00       (C.Area)
  CAR:    1.01  Ratio:    0.00       (C.S.Area)

[1]  li1:
  PAR:    0.00  Ratio:    0.00       (Area)
  PAR:    0.00  Ratio:   75.00       (S.Area)
  CAR:    0.00  Ratio:    0.00       (C.Area)
  CAR:    0.00  Ratio:    0.00       (C.S.Area)

[1]  M1M2_PR:
  PAR:    0.00  Ratio:    6.00       (Area)
  CAR:    0.01  Ratio:    0.00       (C.Area)

[1]  L1M1_PR_MR:
  PAR:    0.01  Ratio:    3.00       (Area)
  CAR:    0.01  Ratio:    0.00       (C.Area)


Net - clkgen.delay_100ns_3._intsig_a_\[14\]
  clkgen.delay_100ns_3.genblk1\[14\].delay_unit  (sky130_mm_sc_hd_dlyPoly6ns)  in
[1]  met2:
  PAR:    0.10  Ratio:    0.00       (Area)
  PAR:    0.50  Ratio: 2744.72       (S.Area)
  CAR:    0.10  Ratio:    0.00       (C.Area)
  CAR:    0.52  Ratio:    0.00       (C.S.Area)

[1]  met1:
  PAR:    0.00  Ratio:    0.00       (Area)
  PAR:    0.02  Ratio:  400.00       (S.Area)
  CAR:    0.01  Ratio:    0.00       (C.Area)
  CAR:    0.02  Ratio:    0.00       (C.S.Area)

[1]  li1:
  PAR:    0.00  Ratio:    0.00       (Area)
  PAR:    0.00  Ratio:   75.00       (S.Area)
  CAR:    0.00  Ratio:    0.00       (C.Area)
  CAR:    0.00  Ratio:    0.00       (C.S.Area)

[1]  M1M2_PR:
  PAR:    0.00  Ratio:    6.00       (Area)
  CAR:    0.01  Ratio:    0.00       (C.Area)

[1]  L1M1_PR_MR:
  PAR:    0.01  Ratio:    3.00       (Area)
  CAR:    0.01  Ratio:    0.00       (C.Area)


Net - clkgen.delay_100ns_3._intsig_a_\[15\]
  clkgen.delay_100ns_3.genblk1\[15\].delay_unit  (sky130_mm_sc_hd_dlyPoly6ns)  in
[1]  met2:
  PAR:    0.17  Ratio:    0.00       (Area)
  PAR:    0.85  Ratio: 2744.72       (S.Area)
  CAR:    0.19  Ratio:    0.00       (C.Area)
  CAR:    0.97  Ratio:    0.00       (C.S.Area)

[1]  met1:
  PAR:    0.02  Ratio:    0.00       (Area)
  PAR:    0.11  Ratio:  400.00       (S.Area)
  CAR:    0.02  Ratio:    0.00       (C.Area)
  CAR:    0.11  Ratio:    0.00       (C.S.Area)

[1]  li1:
  PAR:    0.00  Ratio:    0.00       (Area)
  PAR:    0.00  Ratio:   75.00       (S.Area)
  CAR:    0.00  Ratio:    0.00       (C.Area)
  CAR:    0.00  Ratio:    0.00       (C.S.Area)

[1]  M1M2_PR:
  PAR:    0.00  Ratio:    6.00       (Area)
  CAR:    0.01  Ratio:    0.00       (C.Area)

[1]  L1M1_PR_MR:
  PAR:    0.01  Ratio:    3.00       (Area)
  CAR:    0.01  Ratio:    0.00       (C.Area)


Net - clkgen.delay_100ns_3._intsig_a_\[16\]
  clkgen.delay_100ns_3.genblk1\[16\].delay_unit  (sky130_mm_sc_hd_dlyPoly6ns)  in
[1]  met2:
  PAR:    0.23  Ratio:    0.00       (Area)
  PAR:    1.13  Ratio: 2744.72       (S.Area)
  CAR:    0.23  Ratio:    0.00       (C.Area)
  CAR:    1.16  Ratio:    0.00       (C.S.Area)

[1]  met1:
  PAR:    0.00  Ratio:    0.00       (Area)
  PAR:    0.02  Ratio:  400.00       (S.Area)
  CAR:    0.01  Ratio:    0.00       (C.Area)
  CAR:    0.02  Ratio:    0.00       (C.S.Area)

[1]  li1:
  PAR:    0.00  Ratio:    0.00       (Area)
  PAR:    0.00  Ratio:   75.00       (S.Area)
  CAR:    0.00  Ratio:    0.00       (C.Area)
  CAR:    0.00  Ratio:    0.00       (C.S.Area)

[1]  M1M2_PR:
  PAR:    0.00  Ratio:    6.00       (Area)
  CAR:    0.01  Ratio:    0.00       (C.Area)

[1]  L1M1_PR_MR:
  PAR:    0.01  Ratio:    3.00       (Area)
  CAR:    0.01  Ratio:    0.00       (C.Area)


Net - clkgen.delay_100ns_3._intsig_a_\[17\]
  clkgen.delay_100ns_3.genblk1\[17\].delay_unit  (sky130_mm_sc_hd_dlyPoly6ns)  in
[1]  met2:
  PAR:    0.44  Ratio:    0.00       (Area)
  PAR:    2.27  Ratio: 2744.72       (S.Area)
  CAR:    0.45  Ratio:    0.00       (C.Area)
  CAR:    2.29  Ratio:    0.00       (C.S.Area)

[1]  met1:
  PAR:    0.00  Ratio:    0.00       (Area)
  PAR:    0.02  Ratio:  400.00       (S.Area)
  CAR:    0.01  Ratio:    0.00       (C.Area)
  CAR:    0.02  Ratio:    0.00       (C.S.Area)

[1]  li1:
  PAR:    0.00  Ratio:    0.00       (Area)
  PAR:    0.00  Ratio:   75.00       (S.Area)
  CAR:    0.00  Ratio:    0.00       (C.Area)
  CAR:    0.00  Ratio:    0.00       (C.S.Area)

[1]  M1M2_PR:
  PAR:    0.00  Ratio:    6.00       (Area)
  CAR:    0.01  Ratio:    0.00       (C.Area)

[1]  L1M1_PR_MR:
  PAR:    0.01  Ratio:    3.00       (Area)
  CAR:    0.01  Ratio:    0.00       (C.Area)


Net - clkgen.delay_100ns_3._intsig_a_\[1\]
  clkgen.delay_100ns_3.genblk1\[1\].delay_unit  (sky130_mm_sc_hd_dlyPoly6ns)  in
[1]  met3:
  PAR:    1.87  Ratio:    0.00       (Area)
  PAR:   10.04  Ratio: 2778.20       (S.Area)
  CAR:    2.70  Ratio:    0.00       (C.Area)
  CAR:   14.22  Ratio:    0.00       (C.S.Area)

[1]  met2:
  PAR:    0.83  Ratio:    0.00       (Area)
  PAR:    4.15  Ratio:  400.00       (S.Area)
  CAR:    0.83  Ratio:    0.00       (C.Area)
  CAR:    4.18  Ratio:    0.00       (C.S.Area)

[1]  met1:
  PAR:    0.00  Ratio:    0.00       (Area)
  PAR:    0.02  Ratio:  400.00       (S.Area)
  CAR:    0.01  Ratio:    0.00       (C.Area)
  CAR:    0.02  Ratio:    0.00       (C.S.Area)

[1]  li1:
  PAR:    0.00  Ratio:    0.00       (Area)
  PAR:    0.00  Ratio:   75.00       (S.Area)
  CAR:    0.00  Ratio:    0.00       (C.Area)
  CAR:    0.00  Ratio:    0.00       (C.S.Area)

[1]  M2M3_PR:
  PAR:    0.01  Ratio:    6.00       (Area)
  CAR:    0.02  Ratio:    0.00       (C.Area)

[1]  M1M2_PR:
  PAR:    0.00  Ratio:    6.00       (Area)
  CAR:    0.01  Ratio:    0.00       (C.Area)

[1]  L1M1_PR_MR:
  PAR:    0.01  Ratio:    3.00       (Area)
  CAR:    0.01  Ratio:    0.00       (C.Area)


Net - clkgen.delay_100ns_3._intsig_a_\[2\]
  clkgen.delay_100ns_3.genblk1\[2\].delay_unit  (sky130_mm_sc_hd_dlyPoly6ns)  in
[1]  met3:
  PAR:    2.31  Ratio:    0.00       (Area)
  PAR:   12.38  Ratio: 2744.72       (S.Area)
  CAR:    3.57  Ratio:    0.00       (C.Area)
  CAR:   18.75  Ratio:    0.00       (C.S.Area)

[1]  met2:
  PAR:    1.23  Ratio:    0.00       (Area)
  PAR:    6.19  Ratio:  400.00       (S.Area)
  CAR:    1.27  Ratio:    0.00       (C.Area)
  CAR:    6.37  Ratio:    0.00       (C.S.Area)

[1]  met1:
  PAR:    0.03  Ratio:    0.00       (Area)
  PAR:    0.18  Ratio:  400.00       (S.Area)
  CAR:    0.03  Ratio:    0.00       (C.Area)
  CAR:    0.18  Ratio:    0.00       (C.S.Area)

[1]  li1:
  PAR:    0.00  Ratio:    0.00       (Area)
  PAR:    0.00  Ratio:   75.00       (S.Area)
  CAR:    0.00  Ratio:    0.00       (C.Area)
  CAR:    0.00  Ratio:    0.00       (C.S.Area)

[1]  M2M3_PR:
  PAR:    0.01  Ratio:    6.00       (Area)
  CAR:    0.02  Ratio:    0.00       (C.Area)

[1]  M1M2_PR:
  PAR:    0.00  Ratio:    6.00       (Area)
  CAR:    0.01  Ratio:    0.00       (C.Area)

[1]  L1M1_PR_MR:
  PAR:    0.01  Ratio:    3.00       (Area)
  CAR:    0.01  Ratio:    0.00       (C.Area)


Net - clkgen.delay_100ns_3._intsig_a_\[3\]
  clkgen.delay_100ns_3.genblk1\[3\].delay_unit  (sky130_mm_sc_hd_dlyPoly6ns)  in
[1]  met2:
  PAR:    0.31  Ratio:    0.00       (Area)
  PAR:    1.56  Ratio: 2744.72       (S.Area)
  CAR:    0.32  Ratio:    0.00       (C.Area)
  CAR:    1.58  Ratio:    0.00       (C.S.Area)

[1]  met1:
  PAR:    0.00  Ratio:    0.00       (Area)
  PAR:    0.02  Ratio:  400.00       (S.Area)
  CAR:    0.01  Ratio:    0.00       (C.Area)
  CAR:    0.02  Ratio:    0.00       (C.S.Area)

[1]  li1:
  PAR:    0.00  Ratio:    0.00       (Area)
  PAR:    0.00  Ratio:   75.00       (S.Area)
  CAR:    0.00  Ratio:    0.00       (C.Area)
  CAR:    0.00  Ratio:    0.00       (C.S.Area)

[1]  M1M2_PR:
  PAR:    0.00  Ratio:    6.00       (Area)
  CAR:    0.01  Ratio:    0.00       (C.Area)

[1]  L1M1_PR_MR:
  PAR:    0.01  Ratio:    3.00       (Area)
  CAR:    0.01  Ratio:    0.00       (C.Area)


Net - clkgen.delay_100ns_3._intsig_a_\[4\]
  clkgen.delay_100ns_3.genblk1\[4\].delay_unit  (sky130_mm_sc_hd_dlyPoly6ns)  in
[1]  met2:
  PAR:    0.15  Ratio:    0.00       (Area)
  PAR:    0.78  Ratio: 2744.72       (S.Area)
  CAR:    0.16  Ratio:    0.00       (C.Area)
  CAR:    0.80  Ratio:    0.00       (C.S.Area)

[1]  met1:
  PAR:    0.00  Ratio:    0.00       (Area)
  PAR:    0.02  Ratio:  400.00       (S.Area)
  CAR:    0.01  Ratio:    0.00       (C.Area)
  CAR:    0.02  Ratio:    0.00       (C.S.Area)

[1]  li1:
  PAR:    0.00  Ratio:    0.00       (Area)
  PAR:    0.00  Ratio:   75.00       (S.Area)
  CAR:    0.00  Ratio:    0.00       (C.Area)
  CAR:    0.00  Ratio:    0.00       (C.S.Area)

[1]  M1M2_PR:
  PAR:    0.00  Ratio:    6.00       (Area)
  CAR:    0.01  Ratio:    0.00       (C.Area)

[1]  L1M1_PR_MR:
  PAR:    0.01  Ratio:    3.00       (Area)
  CAR:    0.01  Ratio:    0.00       (C.Area)


Net - clkgen.delay_100ns_3._intsig_a_\[5\]
  clkgen.delay_100ns_3.genblk1\[5\].delay_unit  (sky130_mm_sc_hd_dlyPoly6ns)  in
[1]  met2:
  PAR:    0.09  Ratio:    0.00       (Area)
  PAR:    0.48  Ratio: 2744.72       (S.Area)
  CAR:    0.09  Ratio:    0.00       (C.Area)
  CAR:    0.51  Ratio:    0.00       (C.S.Area)

[1]  met1:
  PAR:    0.00  Ratio:    0.00       (Area)
  PAR:    0.02  Ratio:  400.00       (S.Area)
  CAR:    0.01  Ratio:    0.00       (C.Area)
  CAR:    0.02  Ratio:    0.00       (C.S.Area)

[1]  li1:
  PAR:    0.00  Ratio:    0.00       (Area)
  PAR:    0.00  Ratio:   75.00       (S.Area)
  CAR:    0.00  Ratio:    0.00       (C.Area)
  CAR:    0.00  Ratio:    0.00       (C.S.Area)

[1]  M1M2_PR:
  PAR:    0.00  Ratio:    6.00       (Area)
  CAR:    0.01  Ratio:    0.00       (C.Area)

[1]  L1M1_PR_MR:
  PAR:    0.01  Ratio:    3.00       (Area)
  CAR:    0.01  Ratio:    0.00       (C.Area)


Net - clkgen.delay_100ns_3._intsig_a_\[6\]
  clkgen.delay_100ns_3.genblk1\[6\].delay_unit  (sky130_mm_sc_hd_dlyPoly6ns)  in
[1]  met2:
  PAR:    0.32  Ratio:    0.00       (Area)
  PAR:    1.61  Ratio: 2744.72       (S.Area)
  CAR:    0.33  Ratio:    0.00       (C.Area)
  CAR:    1.63  Ratio:    0.00       (C.S.Area)

[1]  met1:
  PAR:    0.00  Ratio:    0.00       (Area)
  PAR:    0.02  Ratio:  400.00       (S.Area)
  CAR:    0.01  Ratio:    0.00       (C.Area)
  CAR:    0.02  Ratio:    0.00       (C.S.Area)

[1]  li1:
  PAR:    0.00  Ratio:    0.00       (Area)
  PAR:    0.00  Ratio:   75.00       (S.Area)
  CAR:    0.00  Ratio:    0.00       (C.Area)
  CAR:    0.00  Ratio:    0.00       (C.S.Area)

[1]  M1M2_PR:
  PAR:    0.00  Ratio:    6.00       (Area)
  CAR:    0.01  Ratio:    0.00       (C.Area)

[1]  L1M1_PR_MR:
  PAR:    0.01  Ratio:    3.00       (Area)
  CAR:    0.01  Ratio:    0.00       (C.Area)


Net - clkgen.delay_100ns_3._intsig_a_\[7\]
  clkgen.delay_100ns_3.genblk1\[7\].delay_unit  (sky130_mm_sc_hd_dlyPoly6ns)  in
[1]  met2:
  PAR:    0.16  Ratio:    0.00       (Area)
  PAR:    0.80  Ratio: 2744.72       (S.Area)
  CAR:    0.17  Ratio:    0.00       (C.Area)
  CAR:    0.83  Ratio:    0.00       (C.S.Area)

[1]  met1:
  PAR:    0.00  Ratio:    0.00       (Area)
  PAR:    0.02  Ratio:  400.00       (S.Area)
  CAR:    0.01  Ratio:    0.00       (C.Area)
  CAR:    0.02  Ratio:    0.00       (C.S.Area)

[1]  li1:
  PAR:    0.00  Ratio:    0.00       (Area)
  PAR:    0.00  Ratio:   75.00       (S.Area)
  CAR:    0.00  Ratio:    0.00       (C.Area)
  CAR:    0.00  Ratio:    0.00       (C.S.Area)

[1]  M1M2_PR:
  PAR:    0.00  Ratio:    6.00       (Area)
  CAR:    0.01  Ratio:    0.00       (C.Area)

[1]  L1M1_PR_MR:
  PAR:    0.01  Ratio:    3.00       (Area)
  CAR:    0.01  Ratio:    0.00       (C.Area)


Net - clkgen.delay_100ns_3._intsig_a_\[8\]
  clkgen.delay_100ns_3.genblk1\[8\].delay_unit  (sky130_mm_sc_hd_dlyPoly6ns)  in
[1]  met2:
  PAR:    0.10  Ratio:    0.00       (Area)
  PAR:    0.52  Ratio: 2744.72       (S.Area)
  CAR:    0.11  Ratio:    0.00       (C.Area)
  CAR:    0.54  Ratio:    0.00       (C.S.Area)

[1]  met1:
  PAR:    0.00  Ratio:    0.00       (Area)
  PAR:    0.02  Ratio:  400.00       (S.Area)
  CAR:    0.01  Ratio:    0.00       (C.Area)
  CAR:    0.02  Ratio:    0.00       (C.S.Area)

[1]  li1:
  PAR:    0.00  Ratio:    0.00       (Area)
  PAR:    0.00  Ratio:   75.00       (S.Area)
  CAR:    0.00  Ratio:    0.00       (C.Area)
  CAR:    0.00  Ratio:    0.00       (C.S.Area)

[1]  M1M2_PR:
  PAR:    0.00  Ratio:    6.00       (Area)
  CAR:    0.01  Ratio:    0.00       (C.Area)

[1]  L1M1_PR_MR:
  PAR:    0.01  Ratio:    3.00       (Area)
  CAR:    0.01  Ratio:    0.00       (C.Area)


Net - clkgen.delay_100ns_3._intsig_a_\[9\]
  clkgen.delay_100ns_3.genblk1\[9\].delay_unit  (sky130_mm_sc_hd_dlyPoly6ns)  in
[1]  met2:
  PAR:    0.17  Ratio:    0.00       (Area)
  PAR:    0.85  Ratio: 2744.72       (S.Area)
  CAR:    0.18  Ratio:    0.00       (C.Area)
  CAR:    0.88  Ratio:    0.00       (C.S.Area)

[1]  met1:
  PAR:    0.00  Ratio:    0.00       (Area)
  PAR:    0.02  Ratio:  400.00       (S.Area)
  CAR:    0.01  Ratio:    0.00       (C.Area)
  CAR:    0.02  Ratio:    0.00       (C.S.Area)

[1]  li1:
  PAR:    0.00  Ratio:    0.00       (Area)
  PAR:    0.00  Ratio:   75.00       (S.Area)
  CAR:    0.00  Ratio:    0.00       (C.Area)
  CAR:    0.00  Ratio:    0.00       (C.S.Area)

[1]  M1M2_PR:
  PAR:    0.00  Ratio:    6.00       (Area)
  CAR:    0.01  Ratio:    0.00       (C.Area)

[1]  L1M1_PR_MR:
  PAR:    0.01  Ratio:    3.00       (Area)
  CAR:    0.01  Ratio:    0.00       (C.Area)


Net - edgedetect.delay_200ns._intsig_a_\[10\]
  edgedetect.delay_200ns.genblk1\[10\].delay_unit  (sky130_mm_sc_hd_dlyPoly6ns)  in
[1]  met2:
  PAR:    1.09  Ratio:    0.00       (Area)
  PAR:    5.52  Ratio: 2744.72       (S.Area)
  CAR:    1.11  Ratio:    0.00       (C.Area)
  CAR:    5.63  Ratio:    0.00       (C.S.Area)

[1]  met1:
  PAR:    0.02  Ratio:    0.00       (Area)
  PAR:    0.11  Ratio:  400.00       (S.Area)
  CAR:    0.02  Ratio:    0.00       (C.Area)
  CAR:    0.11  Ratio:    0.00       (C.S.Area)

[1]  li1:
  PAR:    0.00  Ratio:    0.00       (Area)
  PAR:    0.00  Ratio:   75.00       (S.Area)
  CAR:    0.00  Ratio:    0.00       (C.Area)
  CAR:    0.00  Ratio:    0.00       (C.S.Area)

[1]  M1M2_PR:
  PAR:    0.00  Ratio:    6.00       (Area)
  CAR:    0.01  Ratio:    0.00       (C.Area)

[1]  L1M1_PR_MR:
  PAR:    0.01  Ratio:    3.00       (Area)
  CAR:    0.01  Ratio:    0.00       (C.Area)


Net - edgedetect.delay_200ns._intsig_a_\[11\]
  edgedetect.delay_200ns.genblk1\[11\].delay_unit  (sky130_mm_sc_hd_dlyPoly6ns)  in
[1]  met2:
  PAR:    1.18  Ratio:    0.00       (Area)
  PAR:    5.97  Ratio: 2744.72       (S.Area)
  CAR:    1.20  Ratio:    0.00       (C.Area)
  CAR:    6.09  Ratio:    0.00       (C.S.Area)

[1]  met1:
  PAR:    0.02  Ratio:    0.00       (Area)
  PAR:    0.11  Ratio:  400.00       (S.Area)
  CAR:    0.02  Ratio:    0.00       (C.Area)
  CAR:    0.11  Ratio:    0.00       (C.S.Area)

[1]  li1:
  PAR:    0.00  Ratio:    0.00       (Area)
  PAR:    0.00  Ratio:   75.00       (S.Area)
  CAR:    0.00  Ratio:    0.00       (C.Area)
  CAR:    0.00  Ratio:    0.00       (C.S.Area)

[1]  M1M2_PR:
  PAR:    0.00  Ratio:    6.00       (Area)
  CAR:    0.01  Ratio:    0.00       (C.Area)

[1]  L1M1_PR_MR:
  PAR:    0.01  Ratio:    3.00       (Area)
  CAR:    0.01  Ratio:    0.00       (C.Area)


Net - edgedetect.delay_200ns._intsig_a_\[12\]
  edgedetect.delay_200ns.genblk1\[12\].delay_unit  (sky130_mm_sc_hd_dlyPoly6ns)  in
[1]  met2:
  PAR:    1.13  Ratio:    0.00       (Area)
  PAR:    5.67  Ratio: 2744.72       (S.Area)
  CAR:    1.14  Ratio:    0.00       (C.Area)
  CAR:    5.69  Ratio:    0.00       (C.S.Area)

[1]  met1:
  PAR:    0.00  Ratio:    0.00       (Area)
  PAR:    0.02  Ratio:  400.00       (S.Area)
  CAR:    0.01  Ratio:    0.00       (C.Area)
  CAR:    0.02  Ratio:    0.00       (C.S.Area)

[1]  li1:
  PAR:    0.00  Ratio:    0.00       (Area)
  PAR:    0.00  Ratio:   75.00       (S.Area)
  CAR:    0.00  Ratio:    0.00       (C.Area)
  CAR:    0.00  Ratio:    0.00       (C.S.Area)

[1]  M1M2_PR:
  PAR:    0.00  Ratio:    6.00       (Area)
  CAR:    0.01  Ratio:    0.00       (C.Area)

[1]  L1M1_PR_MR:
  PAR:    0.01  Ratio:    3.00       (Area)
  CAR:    0.01  Ratio:    0.00       (C.Area)


Net - edgedetect.delay_200ns._intsig_a_\[13\]
  edgedetect.delay_200ns.genblk1\[13\].delay_unit  (sky130_mm_sc_hd_dlyPoly6ns)  in
[1]  met2:
  PAR:    1.23  Ratio:    0.00       (Area)
  PAR:    6.20  Ratio: 2744.72       (S.Area)
  CAR:    1.24  Ratio:    0.00       (C.Area)
  CAR:    6.22  Ratio:    0.00       (C.S.Area)

[1]  met1:
  PAR:    0.00  Ratio:    0.00       (Area)
  PAR:    0.02  Ratio:  400.00       (S.Area)
  CAR:    0.01  Ratio:    0.00       (C.Area)
  CAR:    0.02  Ratio:    0.00       (C.S.Area)

[1]  li1:
  PAR:    0.00  Ratio:    0.00       (Area)
  PAR:    0.00  Ratio:   75.00       (S.Area)
  CAR:    0.00  Ratio:    0.00       (C.Area)
  CAR:    0.00  Ratio:    0.00       (C.S.Area)

[1]  M1M2_PR:
  PAR:    0.00  Ratio:    6.00       (Area)
  CAR:    0.01  Ratio:    0.00       (C.Area)

[1]  L1M1_PR_MR:
  PAR:    0.01  Ratio:    3.00       (Area)
  CAR:    0.01  Ratio:    0.00       (C.Area)


Net - edgedetect.delay_200ns._intsig_a_\[14\]
  edgedetect.delay_200ns.genblk1\[14\].delay_unit  (sky130_mm_sc_hd_dlyPoly6ns)  in
[1]  met3:
  PAR:    0.77  Ratio:    0.00       (Area)
  PAR:    4.20  Ratio: 2744.72       (S.Area)
  CAR:    1.87  Ratio:    0.00       (C.Area)
  CAR:    9.74  Ratio:    0.00       (C.S.Area)

[1]  met2:
  PAR:    1.08  Ratio:    0.00       (Area)
  PAR:    5.43  Ratio:  400.00       (S.Area)
  CAR:    1.10  Ratio:    0.00       (C.Area)
  CAR:    5.54  Ratio:    0.00       (C.S.Area)

[1]  met1:
  PAR:    0.02  Ratio:    0.00       (Area)
  PAR:    0.11  Ratio:  400.00       (S.Area)
  CAR:    0.02  Ratio:    0.00       (C.Area)
  CAR:    0.11  Ratio:    0.00       (C.S.Area)

[1]  li1:
  PAR:    0.00  Ratio:    0.00       (Area)
  PAR:    0.00  Ratio:   75.00       (S.Area)
  CAR:    0.00  Ratio:    0.00       (C.Area)
  CAR:    0.00  Ratio:    0.00       (C.S.Area)

[1]  M2M3_PR:
  PAR:    0.01  Ratio:    6.00       (Area)
  CAR:    0.02  Ratio:    0.00       (C.Area)

[1]  M1M2_PR:
  PAR:    0.00  Ratio:    6.00       (Area)
  CAR:    0.01  Ratio:    0.00       (C.Area)

[1]  L1M1_PR_MR:
  PAR:    0.01  Ratio:    3.00       (Area)
  CAR:    0.01  Ratio:    0.00       (C.Area)


Net - edgedetect.delay_200ns._intsig_a_\[15\]
  edgedetect.delay_200ns.genblk1\[15\].delay_unit  (sky130_mm_sc_hd_dlyPoly6ns)  in
[1]  met2:
  PAR:    0.77  Ratio:    0.00       (Area)
  PAR:    3.87  Ratio: 2744.72       (S.Area)
  CAR:    0.78  Ratio:    0.00       (C.Area)
  CAR:    3.90  Ratio:    0.00       (C.S.Area)

[1]  met1:
  PAR:    0.00  Ratio:    0.00       (Area)
  PAR:    0.02  Ratio:  400.00       (S.Area)
  CAR:    0.01  Ratio:    0.00       (C.Area)
  CAR:    0.02  Ratio:    0.00       (C.S.Area)

[1]  li1:
  PAR:    0.00  Ratio:    0.00       (Area)
  PAR:    0.00  Ratio:   75.00       (S.Area)
  CAR:    0.00  Ratio:    0.00       (C.Area)
  CAR:    0.00  Ratio:    0.00       (C.S.Area)

[1]  M1M2_PR:
  PAR:    0.00  Ratio:    6.00       (Area)
  CAR:    0.01  Ratio:    0.00       (C.Area)

[1]  L1M1_PR_MR:
  PAR:    0.01  Ratio:    3.00       (Area)
  CAR:    0.01  Ratio:    0.00       (C.Area)


Net - edgedetect.delay_200ns._intsig_a_\[16\]
  edgedetect.delay_200ns.genblk1\[16\].delay_unit  (sky130_mm_sc_hd_dlyPoly6ns)  in
[1]  met2:
  PAR:    0.28  Ratio:    0.00       (Area)
  PAR:    1.43  Ratio: 2744.72       (S.Area)
  CAR:    0.42  Ratio:    0.00       (C.Area)
  CAR:    2.17  Ratio:    0.00       (C.S.Area)

[1]  met1:
  PAR:    0.14  Ratio:    0.00       (Area)
  PAR:    0.73  Ratio:  400.00       (S.Area)
  CAR:    0.15  Ratio:    0.00       (C.Area)
  CAR:    0.73  Ratio:    0.00       (C.S.Area)

[1]  li1:
  PAR:    0.00  Ratio:    0.00       (Area)
  PAR:    0.00  Ratio:   75.00       (S.Area)
  CAR:    0.00  Ratio:    0.00       (C.Area)
  CAR:    0.00  Ratio:    0.00       (C.S.Area)

[1]  M1M2_PR:
  PAR:    0.00  Ratio:    6.00       (Area)
  CAR:    0.01  Ratio:    0.00       (C.Area)

[1]  L1M1_PR_MR:
  PAR:    0.01  Ratio:    3.00       (Area)
  CAR:    0.01  Ratio:    0.00       (C.Area)


Net - edgedetect.delay_200ns._intsig_a_\[17\]
  edgedetect.delay_200ns.genblk1\[17\].delay_unit  (sky130_mm_sc_hd_dlyPoly6ns)  in
[1]  met2:
  PAR:    0.97  Ratio:    0.00       (Area)
  PAR:    4.90  Ratio: 2744.72       (S.Area)
  CAR:    0.98  Ratio:    0.00       (C.Area)
  CAR:    4.92  Ratio:    0.00       (C.S.Area)

[1]  met1:
  PAR:    0.00  Ratio:    0.00       (Area)
  PAR:    0.02  Ratio:  400.00       (S.Area)
  CAR:    0.01  Ratio:    0.00       (C.Area)
  CAR:    0.02  Ratio:    0.00       (C.S.Area)

[1]  li1:
  PAR:    0.00  Ratio:    0.00       (Area)
  PAR:    0.00  Ratio:   75.00       (S.Area)
  CAR:    0.00  Ratio:    0.00       (C.Area)
  CAR:    0.00  Ratio:    0.00       (C.S.Area)

[1]  M1M2_PR:
  PAR:    0.00  Ratio:    6.00       (Area)
  CAR:    0.01  Ratio:    0.00       (C.Area)

[1]  L1M1_PR_MR:
  PAR:    0.01  Ratio:    3.00       (Area)
  CAR:    0.01  Ratio:    0.00       (C.Area)


Net - edgedetect.delay_200ns._intsig_a_\[18\]
  edgedetect.delay_200ns.genblk1\[18\].delay_unit  (sky130_mm_sc_hd_dlyPoly6ns)  in
[1]  met2:
  PAR:    1.38  Ratio:    0.00       (Area)
  PAR:    6.90  Ratio: 2744.72       (S.Area)
  CAR:    1.38  Ratio:    0.00       (C.Area)
  CAR:    6.92  Ratio:    0.00       (C.S.Area)

[1]  met1:
  PAR:    0.00  Ratio:    0.00       (Area)
  PAR:    0.02  Ratio:  400.00       (S.Area)
  CAR:    0.01  Ratio:    0.00       (C.Area)
  CAR:    0.02  Ratio:    0.00       (C.S.Area)

[1]  li1:
  PAR:    0.00  Ratio:    0.00       (Area)
  PAR:    0.00  Ratio:   75.00       (S.Area)
  CAR:    0.00  Ratio:    0.00       (C.Area)
  CAR:    0.00  Ratio:    0.00       (C.S.Area)

[1]  M1M2_PR:
  PAR:    0.00  Ratio:    6.00       (Area)
  CAR:    0.01  Ratio:    0.00       (C.Area)

[1]  L1M1_PR_MR:
  PAR:    0.01  Ratio:    3.00       (Area)
  CAR:    0.01  Ratio:    0.00       (C.Area)


Net - edgedetect.delay_200ns._intsig_a_\[19\]
  edgedetect.delay_200ns.genblk1\[19\].delay_unit  (sky130_mm_sc_hd_dlyPoly6ns)  in
[1]  met2:
  PAR:    1.13  Ratio:    0.00       (Area)
  PAR:    5.65  Ratio: 2744.72       (S.Area)
  CAR:    1.13  Ratio:    0.00       (C.Area)
  CAR:    5.67  Ratio:    0.00       (C.S.Area)

[1]  met1:
  PAR:    0.00  Ratio:    0.00       (Area)
  PAR:    0.02  Ratio:  400.00       (S.Area)
  CAR:    0.01  Ratio:    0.00       (C.Area)
  CAR:    0.02  Ratio:    0.00       (C.S.Area)

[1]  li1:
  PAR:    0.00  Ratio:    0.00       (Area)
  PAR:    0.00  Ratio:   75.00       (S.Area)
  CAR:    0.00  Ratio:    0.00       (C.Area)
  CAR:    0.00  Ratio:    0.00       (C.S.Area)

[1]  M1M2_PR:
  PAR:    0.00  Ratio:    6.00       (Area)
  CAR:    0.01  Ratio:    0.00       (C.Area)

[1]  L1M1_PR_MR:
  PAR:    0.01  Ratio:    3.00       (Area)
  CAR:    0.01  Ratio:    0.00       (C.Area)


Net - edgedetect.delay_200ns._intsig_a_\[1\]
  _2_  (sky130_fd_sc_hd__and2b_2)  B
[1]  met2:
  PAR:    0.70  Ratio:    0.00       (Area)
  PAR:    3.54  Ratio: 2736.24       (S.Area)
  CAR:    3.53  Ratio:    0.00       (C.Area)
  CAR:   18.78  Ratio:    0.00       (C.S.Area)

[1]  met1:
  PAR:    2.71  Ratio:    0.00       (Area)
  PAR:   15.11  Ratio:  400.00       (S.Area)
  CAR:    2.83  Ratio:    0.00       (C.Area)
  CAR:   15.25  Ratio:    0.00       (C.S.Area)

[1]  li1:
  PAR:    0.11  Ratio:    0.00       (Area)
  PAR:    0.13  Ratio:   75.00       (S.Area)
  CAR:    0.11  Ratio:    0.00       (C.Area)
  CAR:    0.13  Ratio:    0.00       (C.S.Area)

[1]  M1M2_PR:
  PAR:    0.36  Ratio:    6.00       (Area)
  CAR:    0.59  Ratio:    0.00       (C.Area)

[1]  L1M1_PR_MR:
  PAR:    0.23  Ratio:    3.00       (Area)
  CAR:    0.23  Ratio:    0.00       (C.Area)

  edgedetect.delay_200ns.genblk1\[1\].delay_unit  (sky130_mm_sc_hd_dlyPoly6ns)  in
[1]  met2:
  PAR:    0.70  Ratio:    0.00       (Area)
  PAR:    3.54  Ratio: 2736.24       (S.Area)
  CAR:    3.42  Ratio:    0.00       (C.Area)
  CAR:   18.67  Ratio:    0.00       (C.S.Area)

[1]  met1:
  PAR:    0.00  Ratio:    0.00       (Area)
  PAR:    0.02  Ratio:  400.00       (S.Area)
  CAR:    0.01  Ratio:    0.00       (C.Area)
  CAR:    0.02  Ratio:    0.00       (C.S.Area)

[1]  li1:
  PAR:    0.00  Ratio:    0.00       (Area)
  PAR:    0.00  Ratio:   75.00       (S.Area)
  CAR:    0.00  Ratio:    0.00       (C.Area)
  CAR:    0.00  Ratio:    0.00       (C.S.Area)

[1]  M1M2_PR:
  PAR:    0.00  Ratio:    6.00       (Area)
  CAR:    0.01  Ratio:    0.00       (C.Area)

[1]  L1M1_PR_MR:
  PAR:    0.01  Ratio:    3.00       (Area)
  CAR:    0.01  Ratio:    0.00       (C.Area)


Net - edgedetect.delay_200ns._intsig_a_\[20\]
  edgedetect.delay_200ns.genblk1\[20\].delay_unit  (sky130_mm_sc_hd_dlyPoly6ns)  in
[1]  met2:
  PAR:    0.91  Ratio:    0.00       (Area)
  PAR:    4.58  Ratio: 2744.72       (S.Area)
  CAR:    0.92  Ratio:    0.00       (C.Area)
  CAR:    4.61  Ratio:    0.00       (C.S.Area)

[1]  met1:
  PAR:    0.00  Ratio:    0.00       (Area)
  PAR:    0.02  Ratio:  400.00       (S.Area)
  CAR:    0.01  Ratio:    0.00       (C.Area)
  CAR:    0.02  Ratio:    0.00       (C.S.Area)

[1]  li1:
  PAR:    0.00  Ratio:    0.00       (Area)
  PAR:    0.00  Ratio:   75.00       (S.Area)
  CAR:    0.00  Ratio:    0.00       (C.Area)
  CAR:    0.00  Ratio:    0.00       (C.S.Area)

[1]  M1M2_PR:
  PAR:    0.00  Ratio:    6.00       (Area)
  CAR:    0.01  Ratio:    0.00       (C.Area)

[1]  L1M1_PR_MR:
  PAR:    0.01  Ratio:    3.00       (Area)
  CAR:    0.01  Ratio:    0.00       (C.Area)


Net - edgedetect.delay_200ns._intsig_a_\[21\]
  edgedetect.delay_200ns.genblk1\[21\].delay_unit  (sky130_mm_sc_hd_dlyPoly6ns)  in
[1]  met2:
  PAR:    1.01  Ratio:    0.00       (Area)
  PAR:    5.05  Ratio: 2744.72       (S.Area)
  CAR:    1.02  Ratio:    0.00       (C.Area)
  CAR:    5.08  Ratio:    0.00       (C.S.Area)

[1]  met1:
  PAR:    0.00  Ratio:    0.00       (Area)
  PAR:    0.02  Ratio:  400.00       (S.Area)
  CAR:    0.01  Ratio:    0.00       (C.Area)
  CAR:    0.02  Ratio:    0.00       (C.S.Area)

[1]  li1:
  PAR:    0.00  Ratio:    0.00       (Area)
  PAR:    0.00  Ratio:   75.00       (S.Area)
  CAR:    0.00  Ratio:    0.00       (C.Area)
  CAR:    0.00  Ratio:    0.00       (C.S.Area)

[1]  M1M2_PR:
  PAR:    0.00  Ratio:    6.00       (Area)
  CAR:    0.01  Ratio:    0.00       (C.Area)

[1]  L1M1_PR_MR:
  PAR:    0.01  Ratio:    3.00       (Area)
  CAR:    0.01  Ratio:    0.00       (C.Area)


Net - edgedetect.delay_200ns._intsig_a_\[22\]
  edgedetect.delay_200ns.genblk1\[22\].delay_unit  (sky130_mm_sc_hd_dlyPoly6ns)  in
[1]  met2:
  PAR:    1.09  Ratio:    0.00       (Area)
  PAR:    5.49  Ratio: 2744.72       (S.Area)
  CAR:    1.10  Ratio:    0.00       (C.Area)
  CAR:    5.51  Ratio:    0.00       (C.S.Area)

[1]  met1:
  PAR:    0.00  Ratio:    0.00       (Area)
  PAR:    0.02  Ratio:  400.00       (S.Area)
  CAR:    0.01  Ratio:    0.00       (C.Area)
  CAR:    0.02  Ratio:    0.00       (C.S.Area)

[1]  li1:
  PAR:    0.00  Ratio:    0.00       (Area)
  PAR:    0.00  Ratio:   75.00       (S.Area)
  CAR:    0.00  Ratio:    0.00       (C.Area)
  CAR:    0.00  Ratio:    0.00       (C.S.Area)

[1]  M1M2_PR:
  PAR:    0.00  Ratio:    6.00       (Area)
  CAR:    0.01  Ratio:    0.00       (C.Area)

[1]  L1M1_PR_MR:
  PAR:    0.01  Ratio:    3.00       (Area)
  CAR:    0.01  Ratio:    0.00       (C.Area)


Net - edgedetect.delay_200ns._intsig_a_\[23\]
  edgedetect.delay_200ns.genblk1\[23\].delay_unit  (sky130_mm_sc_hd_dlyPoly6ns)  in
[1]  met2:
  PAR:    0.91  Ratio:    0.00       (Area)
  PAR:    4.62  Ratio: 2744.72       (S.Area)
  CAR:    1.23  Ratio:    0.00       (C.Area)
  CAR:    6.27  Ratio:    0.00       (C.S.Area)

[1]  met1:
  PAR:    0.32  Ratio:    0.00       (Area)
  PAR:    1.65  Ratio:  400.00       (S.Area)
  CAR:    0.32  Ratio:    0.00       (C.Area)
  CAR:    1.65  Ratio:    0.00       (C.S.Area)

[1]  li1:
  PAR:    0.00  Ratio:    0.00       (Area)
  PAR:    0.00  Ratio:   75.00       (S.Area)
  CAR:    0.00  Ratio:    0.00       (C.Area)
  CAR:    0.00  Ratio:    0.00       (C.S.Area)

[1]  M1M2_PR:
  PAR:    0.00  Ratio:    6.00       (Area)
  CAR:    0.01  Ratio:    0.00       (C.Area)

[1]  L1M1_PR_MR:
  PAR:    0.01  Ratio:    3.00       (Area)
  CAR:    0.01  Ratio:    0.00       (C.Area)


Net - edgedetect.delay_200ns._intsig_a_\[24\]
  edgedetect.delay_200ns.genblk1\[24\].delay_unit  (sky130_mm_sc_hd_dlyPoly6ns)  in
[1]  met3:
  PAR:    0.47  Ratio:    0.00       (Area)
  PAR:    2.59  Ratio: 2744.72       (S.Area)
  CAR:    1.05  Ratio:    0.00       (C.Area)
  CAR:    5.56  Ratio:    0.00       (C.S.Area)

[1]  met2:
  PAR:    0.33  Ratio:    0.00       (Area)
  PAR:    1.66  Ratio:  400.00       (S.Area)
  CAR:    0.58  Ratio:    0.00       (C.Area)
  CAR:    2.97  Ratio:    0.00       (C.S.Area)

[1]  met1:
  PAR:    0.25  Ratio:    0.00       (Area)
  PAR:    1.31  Ratio:  400.00       (S.Area)
  CAR:    0.25  Ratio:    0.00       (C.Area)
  CAR:    1.31  Ratio:    0.00       (C.S.Area)

[1]  li1:
  PAR:    0.00  Ratio:    0.00       (Area)
  PAR:    0.00  Ratio:   75.00       (S.Area)
  CAR:    0.00  Ratio:    0.00       (C.Area)
  CAR:    0.00  Ratio:    0.00       (C.S.Area)

[1]  M2M3_PR:
  PAR:    0.01  Ratio:    6.00       (Area)
  CAR:    0.02  Ratio:    0.00       (C.Area)

[1]  M1M2_PR:
  PAR:    0.00  Ratio:    6.00       (Area)
  CAR:    0.01  Ratio:    0.00       (C.Area)

[1]  L1M1_PR_MR:
  PAR:    0.01  Ratio:    3.00       (Area)
  CAR:    0.01  Ratio:    0.00       (C.Area)


Net - edgedetect.delay_200ns._intsig_a_\[25\]
  edgedetect.delay_200ns.genblk1\[25\].delay_unit  (sky130_mm_sc_hd_dlyPoly6ns)  in
[1]  met2:
  PAR:    1.31  Ratio:    0.00       (Area)
  PAR:    6.66  Ratio: 2744.72       (S.Area)
  CAR:    1.32  Ratio:    0.00       (C.Area)
  CAR:    6.68  Ratio:    0.00       (C.S.Area)

[1]  met1:
  PAR:    0.00  Ratio:    0.00       (Area)
  PAR:    0.02  Ratio:  400.00       (S.Area)
  CAR:    0.01  Ratio:    0.00       (C.Area)
  CAR:    0.02  Ratio:    0.00       (C.S.Area)

[1]  li1:
  PAR:    0.00  Ratio:    0.00       (Area)
  PAR:    0.00  Ratio:   75.00       (S.Area)
  CAR:    0.00  Ratio:    0.00       (C.Area)
  CAR:    0.00  Ratio:    0.00       (C.S.Area)

[1]  M1M2_PR:
  PAR:    0.00  Ratio:    6.00       (Area)
  CAR:    0.01  Ratio:    0.00       (C.Area)

[1]  L1M1_PR_MR:
  PAR:    0.01  Ratio:    3.00       (Area)
  CAR:    0.01  Ratio:    0.00       (C.Area)


Net - edgedetect.delay_200ns._intsig_a_\[26\]
  edgedetect.delay_200ns.genblk1\[26\].delay_unit  (sky130_mm_sc_hd_dlyPoly6ns)  in
[1]  met2:
  PAR:    1.16  Ratio:    0.00       (Area)
  PAR:    5.88  Ratio: 2744.72       (S.Area)
  CAR:    1.17  Ratio:    0.00       (C.Area)
  CAR:    5.90  Ratio:    0.00       (C.S.Area)

[1]  met1:
  PAR:    0.00  Ratio:    0.00       (Area)
  PAR:    0.02  Ratio:  400.00       (S.Area)
  CAR:    0.01  Ratio:    0.00       (C.Area)
  CAR:    0.02  Ratio:    0.00       (C.S.Area)

[1]  li1:
  PAR:    0.00  Ratio:    0.00       (Area)
  PAR:    0.00  Ratio:   75.00       (S.Area)
  CAR:    0.00  Ratio:    0.00       (C.Area)
  CAR:    0.00  Ratio:    0.00       (C.S.Area)

[1]  M1M2_PR:
  PAR:    0.00  Ratio:    6.00       (Area)
  CAR:    0.01  Ratio:    0.00       (C.Area)

[1]  L1M1_PR_MR:
  PAR:    0.01  Ratio:    3.00       (Area)
  CAR:    0.01  Ratio:    0.00       (C.Area)


Net - edgedetect.delay_200ns._intsig_a_\[27\]
  edgedetect.delay_200ns.genblk1\[27\].delay_unit  (sky130_mm_sc_hd_dlyPoly6ns)  in
[1]  met2:
  PAR:    0.58  Ratio:    0.00       (Area)
  PAR:    2.93  Ratio: 2744.72       (S.Area)
  CAR:    0.65  Ratio:    0.00       (C.Area)
  CAR:    3.32  Ratio:    0.00       (C.S.Area)

[1]  met1:
  PAR:    0.07  Ratio:    0.00       (Area)
  PAR:    0.39  Ratio:  400.00       (S.Area)
  CAR:    0.08  Ratio:    0.00       (C.Area)
  CAR:    0.39  Ratio:    0.00       (C.S.Area)

[1]  li1:
  PAR:    0.00  Ratio:    0.00       (Area)
  PAR:    0.00  Ratio:   75.00       (S.Area)
  CAR:    0.00  Ratio:    0.00       (C.Area)
  CAR:    0.00  Ratio:    0.00       (C.S.Area)

[1]  M1M2_PR:
  PAR:    0.00  Ratio:    6.00       (Area)
  CAR:    0.01  Ratio:    0.00       (C.Area)

[1]  L1M1_PR_MR:
  PAR:    0.01  Ratio:    3.00       (Area)
  CAR:    0.01  Ratio:    0.00       (C.Area)


Net - edgedetect.delay_200ns._intsig_a_\[28\]
  edgedetect.delay_200ns.genblk1\[28\].delay_unit  (sky130_mm_sc_hd_dlyPoly6ns)  in
[1]  met2:
  PAR:    0.97  Ratio:    0.00       (Area)
  PAR:    4.88  Ratio: 2744.72       (S.Area)
  CAR:    0.98  Ratio:    0.00       (C.Area)
  CAR:    4.91  Ratio:    0.00       (C.S.Area)

[1]  met1:
  PAR:    0.00  Ratio:    0.00       (Area)
  PAR:    0.02  Ratio:  400.00       (S.Area)
  CAR:    0.01  Ratio:    0.00       (C.Area)
  CAR:    0.02  Ratio:    0.00       (C.S.Area)

[1]  li1:
  PAR:    0.00  Ratio:    0.00       (Area)
  PAR:    0.00  Ratio:   75.00       (S.Area)
  CAR:    0.00  Ratio:    0.00       (C.Area)
  CAR:    0.00  Ratio:    0.00       (C.S.Area)

[1]  M1M2_PR:
  PAR:    0.00  Ratio:    6.00       (Area)
  CAR:    0.01  Ratio:    0.00       (C.Area)

[1]  L1M1_PR_MR:
  PAR:    0.01  Ratio:    3.00       (Area)
  CAR:    0.01  Ratio:    0.00       (C.Area)


Net - edgedetect.delay_200ns._intsig_a_\[29\]
  edgedetect.delay_200ns.genblk1\[29\].delay_unit  (sky130_mm_sc_hd_dlyPoly6ns)  in
[1]  met2:
  PAR:    0.34  Ratio:    0.00       (Area)
  PAR:    1.74  Ratio: 2744.72       (S.Area)
  CAR:    0.47  Ratio:    0.00       (C.Area)
  CAR:    2.41  Ratio:    0.00       (C.S.Area)

[1]  met1:
  PAR:    0.13  Ratio:    0.00       (Area)
  PAR:    0.66  Ratio:  400.00       (S.Area)
  CAR:    0.13  Ratio:    0.00       (C.Area)
  CAR:    0.67  Ratio:    0.00       (C.S.Area)

[1]  li1:
  PAR:    0.00  Ratio:    0.00       (Area)
  PAR:    0.00  Ratio:   75.00       (S.Area)
  CAR:    0.00  Ratio:    0.00       (C.Area)
  CAR:    0.00  Ratio:    0.00       (C.S.Area)

[1]  M1M2_PR:
  PAR:    0.00  Ratio:    6.00       (Area)
  CAR:    0.01  Ratio:    0.00       (C.Area)

[1]  L1M1_PR_MR:
  PAR:    0.01  Ratio:    3.00       (Area)
  CAR:    0.01  Ratio:    0.00       (C.Area)


Net - edgedetect.delay_200ns._intsig_a_\[2\]
  edgedetect.delay_200ns.genblk1\[2\].delay_unit  (sky130_mm_sc_hd_dlyPoly6ns)  in
[1]  met2:
  PAR:    0.07  Ratio:    0.00       (Area)
  PAR:    0.35  Ratio: 2744.72       (S.Area)
  CAR:    0.08  Ratio:    0.00       (C.Area)
  CAR:    0.38  Ratio:    0.00       (C.S.Area)

[1]  met1:
  PAR:    0.00  Ratio:    0.00       (Area)
  PAR:    0.02  Ratio:  400.00       (S.Area)
  CAR:    0.01  Ratio:    0.00       (C.Area)
  CAR:    0.02  Ratio:    0.00       (C.S.Area)

[1]  li1:
  PAR:    0.00  Ratio:    0.00       (Area)
  PAR:    0.00  Ratio:   75.00       (S.Area)
  CAR:    0.00  Ratio:    0.00       (C.Area)
  CAR:    0.00  Ratio:    0.00       (C.S.Area)

[1]  M1M2_PR:
  PAR:    0.00  Ratio:    6.00       (Area)
  CAR:    0.01  Ratio:    0.00       (C.Area)

[1]  L1M1_PR_MR:
  PAR:    0.01  Ratio:    3.00       (Area)
  CAR:    0.01  Ratio:    0.00       (C.Area)


Net - edgedetect.delay_200ns._intsig_a_\[30\]
  edgedetect.delay_200ns.genblk1\[30\].delay_unit  (sky130_mm_sc_hd_dlyPoly6ns)  in
[1]  met2:
  PAR:    0.68  Ratio:    0.00       (Area)
  PAR:    3.44  Ratio: 2744.72       (S.Area)
  CAR:    0.88  Ratio:    0.00       (C.Area)
  CAR:    4.45  Ratio:    0.00       (C.S.Area)

[1]  met1:
  PAR:    0.20  Ratio:    0.00       (Area)
  PAR:    1.01  Ratio:  400.00       (S.Area)
  CAR:    0.20  Ratio:    0.00       (C.Area)
  CAR:    1.01  Ratio:    0.00       (C.S.Area)

[1]  li1:
  PAR:    0.00  Ratio:    0.00       (Area)
  PAR:    0.00  Ratio:   75.00       (S.Area)
  CAR:    0.00  Ratio:    0.00       (C.Area)
  CAR:    0.00  Ratio:    0.00       (C.S.Area)

[1]  M1M2_PR:
  PAR:    0.00  Ratio:    6.00       (Area)
  CAR:    0.01  Ratio:    0.00       (C.Area)

[1]  L1M1_PR_MR:
  PAR:    0.01  Ratio:    3.00       (Area)
  CAR:    0.01  Ratio:    0.00       (C.Area)


Net - edgedetect.delay_200ns._intsig_a_\[31\]
  edgedetect.delay_200ns.genblk1\[31\].delay_unit  (sky130_mm_sc_hd_dlyPoly6ns)  in
[1]  met2:
  PAR:    0.84  Ratio:    0.00       (Area)
  PAR:    4.32  Ratio: 2744.72       (S.Area)
  CAR:    1.16  Ratio:    0.00       (C.Area)
  CAR:    5.96  Ratio:    0.00       (C.S.Area)

[1]  met1:
  PAR:    0.32  Ratio:    0.00       (Area)
  PAR:    1.63  Ratio:  400.00       (S.Area)
  CAR:    0.32  Ratio:    0.00       (C.Area)
  CAR:    1.63  Ratio:    0.00       (C.S.Area)

[1]  li1:
  PAR:    0.00  Ratio:    0.00       (Area)
  PAR:    0.00  Ratio:   75.00       (S.Area)
  CAR:    0.00  Ratio:    0.00       (C.Area)
  CAR:    0.00  Ratio:    0.00       (C.S.Area)

[1]  M1M2_PR:
  PAR:    0.00  Ratio:    6.00       (Area)
  CAR:    0.01  Ratio:    0.00       (C.Area)

[1]  L1M1_PR_MR:
  PAR:    0.01  Ratio:    3.00       (Area)
  CAR:    0.01  Ratio:    0.00       (C.Area)


Net - edgedetect.delay_200ns._intsig_a_\[32\]
  edgedetect.delay_200ns.genblk1\[32\].delay_unit  (sky130_mm_sc_hd_dlyPoly6ns)  in
[1]  met2:
  PAR:    1.08  Ratio:    0.00       (Area)
  PAR:    5.39  Ratio: 2744.72       (S.Area)
  CAR:    1.08  Ratio:    0.00       (C.Area)
  CAR:    5.41  Ratio:    0.00       (C.S.Area)

[1]  met1:
  PAR:    0.00  Ratio:    0.00       (Area)
  PAR:    0.02  Ratio:  400.00       (S.Area)
  CAR:    0.01  Ratio:    0.00       (C.Area)
  CAR:    0.02  Ratio:    0.00       (C.S.Area)

[1]  li1:
  PAR:    0.00  Ratio:    0.00       (Area)
  PAR:    0.00  Ratio:   75.00       (S.Area)
  CAR:    0.00  Ratio:    0.00       (C.Area)
  CAR:    0.00  Ratio:    0.00       (C.S.Area)

[1]  M1M2_PR:
  PAR:    0.00  Ratio:    6.00       (Area)
  CAR:    0.01  Ratio:    0.00       (C.Area)

[1]  L1M1_PR_MR:
  PAR:    0.01  Ratio:    3.00       (Area)
  CAR:    0.01  Ratio:    0.00       (C.Area)


Net - edgedetect.delay_200ns._intsig_a_\[33\]
  edgedetect.delay_200ns.genblk1\[33\].delay_unit  (sky130_mm_sc_hd_dlyPoly6ns)  in
[1]  met2:
  PAR:    1.30  Ratio:    0.00       (Area)
  PAR:    6.63  Ratio: 2744.72       (S.Area)
  CAR:    1.31  Ratio:    0.00       (C.Area)
  CAR:    6.65  Ratio:    0.00       (C.S.Area)

[1]  met1:
  PAR:    0.00  Ratio:    0.00       (Area)
  PAR:    0.02  Ratio:  400.00       (S.Area)
  CAR:    0.01  Ratio:    0.00       (C.Area)
  CAR:    0.02  Ratio:    0.00       (C.S.Area)

[1]  li1:
  PAR:    0.00  Ratio:    0.00       (Area)
  PAR:    0.00  Ratio:   75.00       (S.Area)
  CAR:    0.00  Ratio:    0.00       (C.Area)
  CAR:    0.00  Ratio:    0.00       (C.S.Area)

[1]  M1M2_PR:
  PAR:    0.00  Ratio:    6.00       (Area)
  CAR:    0.01  Ratio:    0.00       (C.Area)

[1]  L1M1_PR_MR:
  PAR:    0.01  Ratio:    3.00       (Area)
  CAR:    0.01  Ratio:    0.00       (C.Area)


Net - edgedetect.delay_200ns._intsig_a_\[34\]
  edgedetect.delay_200ns.genblk1\[34\].delay_unit  (sky130_mm_sc_hd_dlyPoly6ns)  in
[1]  met2:
  PAR:    1.23  Ratio:    0.00       (Area)
  PAR:    6.18  Ratio: 2744.72       (S.Area)
  CAR:    1.24  Ratio:    0.00       (C.Area)
  CAR:    6.20  Ratio:    0.00       (C.S.Area)

[1]  met1:
  PAR:    0.00  Ratio:    0.00       (Area)
  PAR:    0.02  Ratio:  400.00       (S.Area)
  CAR:    0.01  Ratio:    0.00       (C.Area)
  CAR:    0.02  Ratio:    0.00       (C.S.Area)

[1]  li1:
  PAR:    0.00  Ratio:    0.00       (Area)
  PAR:    0.00  Ratio:   75.00       (S.Area)
  CAR:    0.00  Ratio:    0.00       (C.Area)
  CAR:    0.00  Ratio:    0.00       (C.S.Area)

[1]  M1M2_PR:
  PAR:    0.00  Ratio:    6.00       (Area)
  CAR:    0.01  Ratio:    0.00       (C.Area)

[1]  L1M1_PR_MR:
  PAR:    0.01  Ratio:    3.00       (Area)
  CAR:    0.01  Ratio:    0.00       (C.Area)


Net - edgedetect.delay_200ns._intsig_a_\[3\]
  edgedetect.delay_200ns.genblk1\[3\].delay_unit  (sky130_mm_sc_hd_dlyPoly6ns)  in
[1]  met2:
  PAR:    0.07  Ratio:    0.00       (Area)
  PAR:    0.38  Ratio: 2744.72       (S.Area)
  CAR:    0.08  Ratio:    0.00       (C.Area)
  CAR:    0.40  Ratio:    0.00       (C.S.Area)

[1]  met1:
  PAR:    0.00  Ratio:    0.00       (Area)
  PAR:    0.02  Ratio:  400.00       (S.Area)
  CAR:    0.01  Ratio:    0.00       (C.Area)
  CAR:    0.02  Ratio:    0.00       (C.S.Area)

[1]  li1:
  PAR:    0.00  Ratio:    0.00       (Area)
  PAR:    0.00  Ratio:   75.00       (S.Area)
  CAR:    0.00  Ratio:    0.00       (C.Area)
  CAR:    0.00  Ratio:    0.00       (C.S.Area)

[1]  M1M2_PR:
  PAR:    0.00  Ratio:    6.00       (Area)
  CAR:    0.01  Ratio:    0.00       (C.Area)

[1]  L1M1_PR_MR:
  PAR:    0.01  Ratio:    3.00       (Area)
  CAR:    0.01  Ratio:    0.00       (C.Area)


Net - edgedetect.delay_200ns._intsig_a_\[4\]
  edgedetect.delay_200ns.genblk1\[4\].delay_unit  (sky130_mm_sc_hd_dlyPoly6ns)  in
[1]  met2:
  PAR:    1.22  Ratio:    0.00       (Area)
  PAR:    6.13  Ratio: 2744.72       (S.Area)
  CAR:    1.23  Ratio:    0.00       (C.Area)
  CAR:    6.16  Ratio:    0.00       (C.S.Area)

[1]  met1:
  PAR:    0.00  Ratio:    0.00       (Area)
  PAR:    0.02  Ratio:  400.00       (S.Area)
  CAR:    0.01  Ratio:    0.00       (C.Area)
  CAR:    0.02  Ratio:    0.00       (C.S.Area)

[1]  li1:
  PAR:    0.00  Ratio:    0.00       (Area)
  PAR:    0.00  Ratio:   75.00       (S.Area)
  CAR:    0.00  Ratio:    0.00       (C.Area)
  CAR:    0.00  Ratio:    0.00       (C.S.Area)

[1]  M1M2_PR:
  PAR:    0.00  Ratio:    6.00       (Area)
  CAR:    0.01  Ratio:    0.00       (C.Area)

[1]  L1M1_PR_MR:
  PAR:    0.01  Ratio:    3.00       (Area)
  CAR:    0.01  Ratio:    0.00       (C.Area)


Net - edgedetect.delay_200ns._intsig_a_\[5\]
  edgedetect.delay_200ns.genblk1\[5\].delay_unit  (sky130_mm_sc_hd_dlyPoly6ns)  in
[1]  met2:
  PAR:    1.03  Ratio:    0.00       (Area)
  PAR:    5.20  Ratio: 2744.72       (S.Area)
  CAR:    1.03  Ratio:    0.00       (C.Area)
  CAR:    5.22  Ratio:    0.00       (C.S.Area)

[1]  met1:
  PAR:    0.00  Ratio:    0.00       (Area)
  PAR:    0.02  Ratio:  400.00       (S.Area)
  CAR:    0.01  Ratio:    0.00       (C.Area)
  CAR:    0.02  Ratio:    0.00       (C.S.Area)

[1]  li1:
  PAR:    0.00  Ratio:    0.00       (Area)
  PAR:    0.00  Ratio:   75.00       (S.Area)
  CAR:    0.00  Ratio:    0.00       (C.Area)
  CAR:    0.00  Ratio:    0.00       (C.S.Area)

[1]  M1M2_PR:
  PAR:    0.00  Ratio:    6.00       (Area)
  CAR:    0.01  Ratio:    0.00       (C.Area)

[1]  L1M1_PR_MR:
  PAR:    0.01  Ratio:    3.00       (Area)
  CAR:    0.01  Ratio:    0.00       (C.Area)


Net - edgedetect.delay_200ns._intsig_a_\[6\]
  edgedetect.delay_200ns.genblk1\[6\].delay_unit  (sky130_mm_sc_hd_dlyPoly6ns)  in
[1]  met2:
  PAR:    0.41  Ratio:    0.00       (Area)
  PAR:    2.07  Ratio: 2744.72       (S.Area)
  CAR:    0.42  Ratio:    0.00       (C.Area)
  CAR:    2.10  Ratio:    0.00       (C.S.Area)

[1]  met1:
  PAR:    0.00  Ratio:    0.00       (Area)
  PAR:    0.02  Ratio:  400.00       (S.Area)
  CAR:    0.01  Ratio:    0.00       (C.Area)
  CAR:    0.02  Ratio:    0.00       (C.S.Area)

[1]  li1:
  PAR:    0.00  Ratio:    0.00       (Area)
  PAR:    0.00  Ratio:   75.00       (S.Area)
  CAR:    0.00  Ratio:    0.00       (C.Area)
  CAR:    0.00  Ratio:    0.00       (C.S.Area)

[1]  M1M2_PR:
  PAR:    0.00  Ratio:    6.00       (Area)
  CAR:    0.01  Ratio:    0.00       (C.Area)

[1]  L1M1_PR_MR:
  PAR:    0.01  Ratio:    3.00       (Area)
  CAR:    0.01  Ratio:    0.00       (C.Area)


Net - edgedetect.delay_200ns._intsig_a_\[7\]
  edgedetect.delay_200ns.genblk1\[7\].delay_unit  (sky130_mm_sc_hd_dlyPoly6ns)  in
[1]  met2:
  PAR:    1.49  Ratio:    0.00       (Area)
  PAR:    7.46  Ratio: 2744.72       (S.Area)
  CAR:    1.51  Ratio:    0.00       (C.Area)
  CAR:    7.57  Ratio:    0.00       (C.S.Area)

[1]  met1:
  PAR:    0.02  Ratio:    0.00       (Area)
  PAR:    0.11  Ratio:  400.00       (S.Area)
  CAR:    0.02  Ratio:    0.00       (C.Area)
  CAR:    0.11  Ratio:    0.00       (C.S.Area)

[1]  li1:
  PAR:    0.00  Ratio:    0.00       (Area)
  PAR:    0.00  Ratio:   75.00       (S.Area)
  CAR:    0.00  Ratio:    0.00       (C.Area)
  CAR:    0.00  Ratio:    0.00       (C.S.Area)

[1]  M1M2_PR:
  PAR:    0.00  Ratio:    6.00       (Area)
  CAR:    0.01  Ratio:    0.00       (C.Area)

[1]  L1M1_PR_MR:
  PAR:    0.01  Ratio:    3.00       (Area)
  CAR:    0.01  Ratio:    0.00       (C.Area)


Net - edgedetect.delay_200ns._intsig_a_\[8\]
  edgedetect.delay_200ns.genblk1\[8\].delay_unit  (sky130_mm_sc_hd_dlyPoly6ns)  in
[1]  met2:
  PAR:    1.32  Ratio:    0.00       (Area)
  PAR:    6.64  Ratio: 2744.72       (S.Area)
  CAR:    1.32  Ratio:    0.00       (C.Area)
  CAR:    6.66  Ratio:    0.00       (C.S.Area)

[1]  met1:
  PAR:    0.00  Ratio:    0.00       (Area)
  PAR:    0.02  Ratio:  400.00       (S.Area)
  CAR:    0.01  Ratio:    0.00       (C.Area)
  CAR:    0.02  Ratio:    0.00       (C.S.Area)

[1]  li1:
  PAR:    0.00  Ratio:    0.00       (Area)
  PAR:    0.00  Ratio:   75.00       (S.Area)
  CAR:    0.00  Ratio:    0.00       (C.Area)
  CAR:    0.00  Ratio:    0.00       (C.S.Area)

[1]  M1M2_PR:
  PAR:    0.00  Ratio:    6.00       (Area)
  CAR:    0.01  Ratio:    0.00       (C.Area)

[1]  L1M1_PR_MR:
  PAR:    0.01  Ratio:    3.00       (Area)
  CAR:    0.01  Ratio:    0.00       (C.Area)


Net - edgedetect.delay_200ns._intsig_a_\[9\]
  edgedetect.delay_200ns.genblk1\[9\].delay_unit  (sky130_mm_sc_hd_dlyPoly6ns)  in
[1]  met2:
  PAR:    0.91  Ratio:    0.00       (Area)
  PAR:    4.58  Ratio: 2744.72       (S.Area)
  CAR:    0.92  Ratio:    0.00       (C.Area)
  CAR:    4.61  Ratio:    0.00       (C.S.Area)

[1]  met1:
  PAR:    0.00  Ratio:    0.00       (Area)
  PAR:    0.02  Ratio:  400.00       (S.Area)
  CAR:    0.01  Ratio:    0.00       (C.Area)
  CAR:    0.02  Ratio:    0.00       (C.S.Area)

[1]  li1:
  PAR:    0.00  Ratio:    0.00       (Area)
  PAR:    0.00  Ratio:   75.00       (S.Area)
  CAR:    0.00  Ratio:    0.00       (C.Area)
  CAR:    0.00  Ratio:    0.00       (C.S.Area)

[1]  M1M2_PR:
  PAR:    0.00  Ratio:    6.00       (Area)
  CAR:    0.01  Ratio:    0.00       (C.Area)

[1]  L1M1_PR_MR:
  PAR:    0.01  Ratio:    3.00       (Area)
  CAR:    0.01  Ratio:    0.00       (C.Area)


Net - edgedetect.delay_200ns.out
  _2_  (sky130_fd_sc_hd__and2b_2)  A_N
[1]  met3:
  PAR:   21.69  Ratio:    0.00       (Area)
  PAR:  116.47  Ratio: 2744.72       (S.Area)
  CAR:   48.98  Ratio:    0.00       (C.Area)
  CAR:  254.05  Ratio:    0.00       (C.S.Area)

[1]  met2:
  PAR:   27.02  Ratio:    0.00       (Area)
  PAR:  136.67  Ratio:  400.00       (S.Area)
  CAR:   27.29  Ratio:    0.00       (C.Area)
  CAR:  137.58  Ratio:    0.00       (C.S.Area)

[1]  met1:
  PAR:    0.16  Ratio:    0.00       (Area)
  PAR:    0.78  Ratio:  400.00       (S.Area)
  CAR:    0.27  Ratio:    0.00       (C.Area)
  CAR:    0.91  Ratio:    0.00       (C.S.Area)

[1]  li1:
  PAR:    0.11  Ratio:    0.00       (Area)
  PAR:    0.13  Ratio:   75.00       (S.Area)
  CAR:    0.11  Ratio:    0.00       (C.Area)
  CAR:    0.13  Ratio:    0.00       (C.S.Area)

[1]  M2M3_PR:
  PAR:    0.32  Ratio:    6.00       (Area)
  CAR:    0.73  Ratio:    0.00       (C.Area)

[1]  M1M2_PR:
  PAR:    0.18  Ratio:    6.00       (Area)
  CAR:    0.41  Ratio:    0.00       (C.Area)

[1]  L1M1_PR_MR:
  PAR:    0.23  Ratio:    3.00       (Area)
  CAR:    0.23  Ratio:    0.00       (C.Area)


Net - edgedetect.ena_in
  _3_  (sky130_fd_sc_hd__o21ba_2)  A1
[1]  met2:
  PAR:    4.30  Ratio:    0.00       (Area)
  PAR:   21.65  Ratio: 2736.24       (S.Area)
  CAR:    4.43  Ratio:    0.00       (C.Area)
  CAR:   22.11  Ratio:    0.00       (C.S.Area)

[1]  met1:
  PAR:    0.08  Ratio:    0.00       (Area)
  PAR:    0.40  Ratio:  400.00       (S.Area)
  CAR:    0.14  Ratio:    0.00       (C.Area)
  CAR:    0.46  Ratio:    0.00       (C.S.Area)

[1]  li1:
  PAR:    0.06  Ratio:    0.00       (Area)
  PAR:    0.07  Ratio:   75.00       (S.Area)
  CAR:    0.06  Ratio:    0.00       (C.Area)
  CAR:    0.07  Ratio:    0.00       (C.S.Area)

[1]  M1M2_PR:
  PAR:    0.09  Ratio:    6.00       (Area)
  CAR:    0.21  Ratio:    0.00       (C.Area)

[1]  L1M1_PR_MR:
  PAR:    0.12  Ratio:    3.00       (Area)
  CAR:    0.12  Ratio:    0.00       (C.Area)

Number of pins violated: 0
Number of nets violated: 0
Total number of unspecial nets: 96
