OpenROAD v2.0-4818-g4174c3ad8 
This program is licensed under the BSD-3 license. See the LICENSE file for details.
Components of this program may be licensed under more restrictive licenses which must be honored.
[INFO ODB-0222] Reading LEF file: /foss/designs/SKY130_SAR-ADC/openlane/adc_clkgen_with_edgedetect/runs/kaiserschmarrn/tmp/merged.nom.lef
[WARNING ODB-0220] WARNING (LEFPARS-2036): SOURCE statement is obsolete in version 5.6 and later.
The LEF parser will ignore this statement.
To avoid this warning in the future, remove this statement from the LEF file with version 5.6 or later. See file /foss/designs/SKY130_SAR-ADC/openlane/adc_clkgen_with_edgedetect/runs/kaiserschmarrn/tmp/merged.nom.lef at line 930.

[INFO ODB-0223]     Created 13 technology layers
[INFO ODB-0224]     Created 25 technology vias
[INFO ODB-0225]     Created 442 library cells
[INFO ODB-0226] Finished LEF file:  /foss/designs/SKY130_SAR-ADC/openlane/adc_clkgen_with_edgedetect/runs/kaiserschmarrn/tmp/merged.nom.lef
[INFO ODB-0127] Reading DEF file: /foss/designs/SKY130_SAR-ADC/openlane/adc_clkgen_with_edgedetect/runs/kaiserschmarrn/results/routing/adc_clkgen_with_edgedetect.def
[INFO ODB-0128] Design: adc_clkgen_with_edgedetect
[INFO ODB-0130]     Created 37 pins.
[INFO ODB-0131]     Created 1816 components and 8746 component-terminals.
[INFO ODB-0132]     Created 4 special nets and 6928 connections.
[INFO ODB-0133]     Created 623 nets and 1818 connections.
[INFO ODB-0134] Finished DEF file: /foss/designs/SKY130_SAR-ADC/openlane/adc_clkgen_with_edgedetect/runs/kaiserschmarrn/results/routing/adc_clkgen_with_edgedetect.def
Net dlycontrol3[1]
  _290_/C (sky130_fd_sc_hd__and3_2)
    met3
    PAR:  159.62  Ratio:    0.00 (Area)
    PAR:  870.35* Ratio:  400.00 (S.Area)
    CAR:  171.57  Ratio:    0.00 (C.Area)
    CAR:  932.46  Ratio:    0.00 (C.S.Area)

    met2
    PAR:    1.07  Ratio:    0.00 (Area)
    PAR:    6.89  Ratio:  400.00 (S.Area)
    CAR:   11.96  Ratio:    0.00 (C.Area)
    CAR:   62.11  Ratio:    0.00 (C.S.Area)

    met1
    PAR:   10.89  Ratio:    0.00 (Area)
    PAR:   55.22  Ratio:  400.00 (S.Area)
    CAR:   10.89  Ratio:    0.00 (C.Area)
    CAR:   55.22  Ratio:    0.00 (C.S.Area)

    li1
    PAR:    0.00  Ratio:    0.00 (Area)
    PAR:    0.00  Ratio:   75.00 (S.Area)
    CAR:    0.00  Ratio:    0.00 (C.Area)
    CAR:    0.00  Ratio:    0.00 (C.S.Area)

    met4
    PAR:    1.57  Ratio:    0.00 (Area)
    PAR:    9.22  Ratio:  400.00 (S.Area)
    CAR:  173.14  Ratio:    0.00 (C.Area)
    CAR:  941.68  Ratio:    0.00 (C.S.Area)

    M3M4_PR
    PAR:    0.32  Ratio:    6.00 (Area)
    CAR:    1.54  Ratio:    0.00 (C.Area)

    M2M3_PR
    PAR:    0.63  Ratio:    6.00 (Area)
    CAR:    1.22  Ratio:    0.00 (C.Area)

    M1M2_PR
    PAR:    0.36  Ratio:    6.00 (Area)
    CAR:    0.59  Ratio:    0.00 (C.Area)

    L1M1_PR
    PAR:    0.23  Ratio:    3.00 (Area)
    CAR:    0.23  Ratio:    0.00 (C.Area)

  _297_/C (sky130_fd_sc_hd__and3_2)
    met4
    PAR:    1.57  Ratio:    0.00 (Area)
    PAR:    9.22  Ratio:  400.00 (S.Area)
    CAR:   15.10  Ratio:    0.00 (C.Area)
    CAR:   82.35  Ratio:    0.00 (C.S.Area)

    met3
    PAR:    6.24  Ratio:    0.00 (Area)
    PAR:   33.75  Ratio:  400.00 (S.Area)
    CAR:   13.53  Ratio:    0.00 (C.Area)
    CAR:   73.13  Ratio:    0.00 (C.S.Area)

    met2
    PAR:    3.38  Ratio:    0.00 (Area)
    PAR:   17.50  Ratio:  400.00 (S.Area)
    CAR:    7.29  Ratio:    0.00 (C.Area)
    CAR:   39.39  Ratio:    0.00 (C.S.Area)

    met1
    PAR:    3.91  Ratio:    0.00 (Area)
    PAR:   21.89  Ratio:  400.00 (S.Area)
    CAR:    3.91  Ratio:    0.00 (C.Area)
    CAR:   21.89  Ratio:    0.00 (C.S.Area)

    li1
    PAR:    0.00  Ratio:    0.00 (Area)
    PAR:    0.00  Ratio:   75.00 (S.Area)
    CAR:    0.00  Ratio:    0.00 (C.Area)
    CAR:    0.00  Ratio:    0.00 (C.S.Area)

    M3M4_PR
    PAR:    0.04  Ratio:    6.00 (Area)
    CAR:    0.67  Ratio:    0.00 (C.Area)

    M2M3_PR
    PAR:    0.04  Ratio:    6.00 (Area)
    CAR:    0.63  Ratio:    0.00 (C.Area)

    M1M2_PR
    PAR:    0.36  Ratio:    6.00 (Area)
    CAR:    0.59  Ratio:    0.00 (C.Area)

    L1M1_PR
    PAR:    0.23  Ratio:    3.00 (Area)
    CAR:    0.23  Ratio:    0.00 (C.Area)

  _287_/B (sky130_fd_sc_hd__or2_2)
    met4
    PAR:    1.57  Ratio:    0.00 (Area)
    PAR:    9.22  Ratio:  400.00 (S.Area)
    CAR:   15.10  Ratio:    0.00 (C.Area)
    CAR:   82.35  Ratio:    0.00 (C.S.Area)

    met3
    PAR:    6.24  Ratio:    0.00 (Area)
    PAR:   33.75  Ratio:  400.00 (S.Area)
    CAR:   13.53  Ratio:    0.00 (C.Area)
    CAR:   73.13  Ratio:    0.00 (C.S.Area)

    met2
    PAR:    3.38  Ratio:    0.00 (Area)
    PAR:   17.50  Ratio:  400.00 (S.Area)
    CAR:    7.29  Ratio:    0.00 (C.Area)
    CAR:   39.39  Ratio:    0.00 (C.S.Area)

    met1
    PAR:    0.00  Ratio:    0.00 (Area)
    PAR:    0.00  Ratio:  400.00 (S.Area)
    CAR:    0.00  Ratio:    0.00 (C.Area)
    CAR:    0.00  Ratio:    0.00 (C.S.Area)

    li1
    PAR:    0.00  Ratio:    0.00 (Area)
    PAR:    0.00  Ratio:   75.00 (S.Area)
    CAR:    0.00  Ratio:    0.00 (C.Area)
    CAR:    0.00  Ratio:    0.00 (C.S.Area)

    M3M4_PR
    PAR:    0.04  Ratio:    6.00 (Area)
    CAR:    0.85  Ratio:    0.00 (C.Area)

    M2M3_PR
    PAR:    0.04  Ratio:    6.00 (Area)
    CAR:    0.81  Ratio:    0.00 (C.Area)

    M1M2_PR
    PAR:    0.18  Ratio:    6.00 (Area)
    CAR:    0.41  Ratio:    0.00 (C.Area)

    L1M1_PR
    PAR:    0.23  Ratio:    3.00 (Area)
    CAR:    0.23  Ratio:    0.00 (C.Area)

  _282_/B (sky130_fd_sc_hd__or2_2)
    met4
    PAR:    1.57  Ratio:    0.00 (Area)
    PAR:    9.22  Ratio:  400.00 (S.Area)
    CAR:   15.10  Ratio:    0.00 (C.Area)
    CAR:   82.35  Ratio:    0.00 (C.S.Area)

    met3
    PAR:    6.24  Ratio:    0.00 (Area)
    PAR:   33.75  Ratio:  400.00 (S.Area)
    CAR:   13.53  Ratio:    0.00 (C.Area)
    CAR:   73.13  Ratio:    0.00 (C.S.Area)

    met2
    PAR:    3.38  Ratio:    0.00 (Area)
    PAR:   17.50  Ratio:  400.00 (S.Area)
    CAR:    7.29  Ratio:    0.00 (C.Area)
    CAR:   39.39  Ratio:    0.00 (C.S.Area)

    met1
    PAR:    0.00  Ratio:    0.00 (Area)
    PAR:    0.00  Ratio:  400.00 (S.Area)
    CAR:    0.00  Ratio:    0.00 (C.Area)
    CAR:    0.00  Ratio:    0.00 (C.S.Area)

    li1
    PAR:    0.00  Ratio:    0.00 (Area)
    PAR:    0.00  Ratio:   75.00 (S.Area)
    CAR:    0.00  Ratio:    0.00 (C.Area)
    CAR:    0.00  Ratio:    0.00 (C.S.Area)

    M3M4_PR
    PAR:    0.04  Ratio:    6.00 (Area)
    CAR:    0.85  Ratio:    0.00 (C.Area)

    M2M3_PR
    PAR:    0.04  Ratio:    6.00 (Area)
    CAR:    0.81  Ratio:    0.00 (C.Area)

    M1M2_PR
    PAR:    0.18  Ratio:    6.00 (Area)
    CAR:    0.41  Ratio:    0.00 (C.Area)

    L1M1_PR
    PAR:    0.23  Ratio:    3.00 (Area)
    CAR:    0.23  Ratio:    0.00 (C.Area)

  _325_/B (sky130_fd_sc_hd__nand2_2)
    met4
    PAR:    1.57  Ratio:    0.00 (Area)
    PAR:    9.22  Ratio:  400.00 (S.Area)
    CAR:   15.10  Ratio:    0.00 (C.Area)
    CAR:   82.35  Ratio:    0.00 (C.S.Area)

    met3
    PAR:    6.24  Ratio:    0.00 (Area)
    PAR:   33.75  Ratio:  400.00 (S.Area)
    CAR:   13.53  Ratio:    0.00 (C.Area)
    CAR:   73.13  Ratio:    0.00 (C.S.Area)

    met2
    PAR:    3.38  Ratio:    0.00 (Area)
    PAR:   17.50  Ratio:  400.00 (S.Area)
    CAR:    7.29  Ratio:    0.00 (C.Area)
    CAR:   39.39  Ratio:    0.00 (C.S.Area)

    met1
    PAR:    0.00  Ratio:    0.00 (Area)
    PAR:    0.00  Ratio:  400.00 (S.Area)
    CAR:    0.00  Ratio:    0.00 (C.Area)
    CAR:    0.00  Ratio:    0.00 (C.S.Area)

    li1
    PAR:    0.00  Ratio:    0.00 (Area)
    PAR:    0.00  Ratio:   75.00 (S.Area)
    CAR:    0.00  Ratio:    0.00 (C.Area)
    CAR:    0.00  Ratio:    0.00 (C.S.Area)

    M3M4_PR
    PAR:    0.04  Ratio:    6.00 (Area)
    CAR:    0.54  Ratio:    0.00 (C.Area)

    M2M3_PR
    PAR:    0.04  Ratio:    6.00 (Area)
    CAR:    0.50  Ratio:    0.00 (C.Area)

    M1M2_PR
    PAR:    0.05  Ratio:    6.00 (Area)
    CAR:    0.10  Ratio:    0.00 (C.Area)

    L1M1_PR
    PAR:    0.06  Ratio:    3.00 (Area)
    CAR:    0.06  Ratio:    0.00 (C.Area)

  _313_/B (sky130_fd_sc_hd__and2_2)
    met4
    PAR:    1.57  Ratio:    0.00 (Area)
    PAR:    9.22  Ratio:  400.00 (S.Area)
    CAR:   11.19  Ratio:    0.00 (C.Area)
    CAR:   60.46  Ratio:    0.00 (C.S.Area)

    met3
    PAR:    6.24  Ratio:    0.00 (Area)
    PAR:   33.75  Ratio:  400.00 (S.Area)
    CAR:    9.62  Ratio:    0.00 (C.Area)
    CAR:   51.24  Ratio:    0.00 (C.S.Area)

    met2
    PAR:    3.38  Ratio:    0.00 (Area)
    PAR:   17.50  Ratio:  400.00 (S.Area)
    CAR:    3.38  Ratio:    0.00 (C.Area)
    CAR:   17.50  Ratio:    0.00 (C.S.Area)

    met1
    PAR:    0.00  Ratio:    0.00 (Area)
    PAR:    0.00  Ratio:  400.00 (S.Area)
    CAR:    0.00  Ratio:    0.00 (C.Area)
    CAR:    0.00  Ratio:    0.00 (C.S.Area)

    li1
    PAR:    0.00  Ratio:    0.00 (Area)
    PAR:    0.00  Ratio:   75.00 (S.Area)
    CAR:    0.00  Ratio:    0.00 (C.Area)
    CAR:    0.00  Ratio:    0.00 (C.S.Area)

    M3M4_PR
    PAR:    0.04  Ratio:    6.00 (Area)
    CAR:    0.49  Ratio:    0.00 (C.Area)

    M2M3_PR
    PAR:    0.04  Ratio:    6.00 (Area)
    CAR:    0.45  Ratio:    0.00 (C.Area)

    M1M2_PR
    PAR:    0.18  Ratio:    6.00 (Area)
    CAR:    0.41  Ratio:    0.00 (C.Area)

    L1M1_PR
    PAR:    0.23  Ratio:    3.00 (Area)
    CAR:    0.23  Ratio:    0.00 (C.Area)


Net clkgen.delay_100ns_1._siga_\[19\]
  clkgen.delay_100ns_1.genblk1\[19\].and1/B (sky130_fd_sc_hd__and2_1)
    met4
    PAR:   23.24  Ratio:    0.00 (Area)
    PAR:  127.75  Ratio: 2771.60 (S.Area)
    CAR:  112.30  Ratio:    0.00 (C.Area)
    CAR:  609.58  Ratio:    0.00 (C.S.Area)

    met3
    PAR:   79.74  Ratio:    0.00 (Area)
    PAR:  432.89* Ratio:  400.00 (S.Area)
    CAR:   89.06  Ratio:    0.00 (C.Area)
    CAR:  481.83  Ratio:    0.00 (C.S.Area)

    met2
    PAR:    1.48  Ratio:    0.00 (Area)
    PAR:    8.17  Ratio:  400.00 (S.Area)
    CAR:    9.32  Ratio:    0.00 (C.Area)
    CAR:   48.94  Ratio:    0.00 (C.S.Area)

    met1
    PAR:    7.84  Ratio:    0.00 (Area)
    PAR:   40.78  Ratio:  400.00 (S.Area)
    CAR:    7.84  Ratio:    0.00 (C.Area)
    CAR:   40.78  Ratio:    0.00 (C.S.Area)

    li1
    PAR:    0.00  Ratio:    0.00 (Area)
    PAR:    0.00  Ratio:   75.00 (S.Area)
    CAR:    0.00  Ratio:    0.00 (C.Area)
    CAR:    0.00  Ratio:    0.00 (C.S.Area)

    M3M4_PR
    PAR:    0.32  Ratio:    6.00 (Area)
    CAR:    1.04  Ratio:    0.00 (C.Area)

    M2M3_PR
    PAR:    0.32  Ratio:    6.00 (Area)
    CAR:    0.73  Ratio:    0.00 (C.Area)

    M1M2_PR
    PAR:    0.18  Ratio:    6.00 (Area)
    CAR:    0.41  Ratio:    0.00 (C.Area)

    L1M1_PR
    PAR:    0.23  Ratio:    3.00 (Area)
    CAR:    0.23  Ratio:    0.00 (C.Area)

  clkgen.delay_100ns_1.genblk1\[19\].mux1/A1 (sky130_fd_sc_hd__mux2_1)
    met2
    PAR:   18.79  Ratio:    0.00 (Area)
    PAR:   96.28  Ratio: 2771.60 (S.Area)
    CAR:   19.46  Ratio:    0.00 (C.Area)
    CAR:  100.39  Ratio:    0.00 (C.S.Area)

    met3
    PAR:   71.36  Ratio:    0.00 (Area)
    PAR:  384.38  Ratio: 2771.60 (S.Area)
    CAR:   90.81  Ratio:    0.00 (C.Area)
    CAR:  484.77  Ratio:    0.00 (C.S.Area)

    met4
    PAR:   23.24  Ratio:    0.00 (Area)
    PAR:  127.75  Ratio: 2771.60 (S.Area)
    CAR:  114.05  Ratio:    0.00 (C.Area)
    CAR:  612.52  Ratio:    0.00 (C.S.Area)

    met1
    PAR:    0.67  Ratio:    0.00 (Area)
    PAR:    4.11  Ratio:  400.00 (S.Area)
    CAR:    0.67  Ratio:    0.00 (C.Area)
    CAR:    4.11  Ratio:    0.00 (C.S.Area)

    li1
    PAR:    0.00  Ratio:    0.00 (Area)
    PAR:    0.00  Ratio:   75.00 (S.Area)
    CAR:    0.00  Ratio:    0.00 (C.Area)
    CAR:    0.00  Ratio:    0.00 (C.S.Area)

    M2M3_PR
    PAR:    0.32  Ratio:    6.00 (Area)
    CAR:    0.73  Ratio:    0.00 (C.Area)

    M3M4_PR
    PAR:    0.32  Ratio:    6.00 (Area)
    CAR:    1.04  Ratio:    0.00 (C.Area)

    M1M2_PR
    PAR:    0.18  Ratio:    6.00 (Area)
    CAR:    0.41  Ratio:    0.00 (C.Area)

    L1M1_PR
    PAR:    0.23  Ratio:    3.00 (Area)
    CAR:    0.23  Ratio:    0.00 (C.Area)


Net clkgen.delay_100ns_2._siga_\[13\]
  clkgen.delay_100ns_2.genblk1\[13\].mux1/A1 (sky130_fd_sc_hd__mux2_1)
    met2
    PAR:    4.94  Ratio:    0.00 (Area)
    PAR:   27.06  Ratio: 2771.60 (S.Area)
    CAR:    9.19  Ratio:    0.00 (C.Area)
    CAR:   49.06  Ratio:    0.00 (C.S.Area)

    met1
    PAR:    4.24  Ratio:    0.00 (Area)
    PAR:   22.00  Ratio:  400.00 (S.Area)
    CAR:    4.24  Ratio:    0.00 (C.Area)
    CAR:   22.00  Ratio:    0.00 (C.S.Area)

    li1
    PAR:    0.00  Ratio:    0.00 (Area)
    PAR:    0.00  Ratio:   75.00 (S.Area)
    CAR:    0.00  Ratio:    0.00 (C.Area)
    CAR:    0.00  Ratio:    0.00 (C.S.Area)

    M1M2_PR
    PAR:    0.18  Ratio:    6.00 (Area)
    CAR:    0.41  Ratio:    0.00 (C.Area)

    L1M1_PR
    PAR:    0.23  Ratio:    3.00 (Area)
    CAR:    0.23  Ratio:    0.00 (C.Area)

  clkgen.delay_100ns_2.genblk1\[13\].and1/B (sky130_fd_sc_hd__and2_1)
    met4
    PAR:   14.67  Ratio:    0.00 (Area)
    PAR:   82.03  Ratio: 2771.60 (S.Area)
    CAR:  138.18  Ratio:    0.00 (C.Area)
    CAR:  745.55  Ratio:    0.00 (C.S.Area)

    met3
    PAR:  112.60  Ratio:    0.00 (Area)
    PAR:  608.13* Ratio:  400.00 (S.Area)
    CAR:  123.52  Ratio:    0.00 (C.Area)
    CAR:  663.52  Ratio:    0.00 (C.S.Area)

    met2
    PAR:   10.92  Ratio:    0.00 (Area)
    PAR:   55.39  Ratio:  400.00 (S.Area)
    CAR:   10.92  Ratio:    0.00 (C.Area)
    CAR:   55.39  Ratio:    0.00 (C.S.Area)

    met1
    PAR:    0.00  Ratio:    0.00 (Area)
    PAR:    0.00  Ratio:  400.00 (S.Area)
    CAR:    0.00  Ratio:    0.00 (C.Area)
    CAR:    0.00  Ratio:    0.00 (C.S.Area)

    li1
    PAR:    0.00  Ratio:    0.00 (Area)
    PAR:    0.00  Ratio:   75.00 (S.Area)
    CAR:    0.00  Ratio:    0.00 (C.Area)
    CAR:    0.00  Ratio:    0.00 (C.S.Area)

    M3M4_PR
    PAR:    0.32  Ratio:    6.00 (Area)
    CAR:    1.04  Ratio:    0.00 (C.Area)

    M2M3_PR
    PAR:    0.32  Ratio:    6.00 (Area)
    CAR:    0.73  Ratio:    0.00 (C.Area)

    M1M2_PR
    PAR:    0.18  Ratio:    6.00 (Area)
    CAR:    0.41  Ratio:    0.00 (C.Area)

    L1M1_PR
    PAR:    0.23  Ratio:    3.00 (Area)
    CAR:    0.23  Ratio:    0.00 (C.Area)


Net edgedetect.dly200cell._siga_\[34\]
  edgedetect.dly200cell.genblk1\[34\].mux1/A1 (sky130_fd_sc_hd__mux2_1)
    met2
    PAR:   18.41  Ratio:    0.00 (Area)
    PAR:   94.39  Ratio: 2771.60 (S.Area)
    CAR:   21.12  Ratio:    0.00 (C.Area)
    CAR:  108.72  Ratio:    0.00 (C.S.Area)

    met1
    PAR:    2.71  Ratio:    0.00 (Area)
    PAR:   14.33  Ratio:  400.00 (S.Area)
    CAR:    2.71  Ratio:    0.00 (C.Area)
    CAR:   14.33  Ratio:    0.00 (C.S.Area)

    li1
    PAR:    0.00  Ratio:    0.00 (Area)
    PAR:    0.00  Ratio:   75.00 (S.Area)
    CAR:    0.00  Ratio:    0.00 (C.Area)
    CAR:    0.00  Ratio:    0.00 (C.S.Area)

    M1M2_PR
    PAR:    0.18  Ratio:    6.00 (Area)
    CAR:    0.41  Ratio:    0.00 (C.Area)

    L1M1_PR
    PAR:    0.23  Ratio:    3.00 (Area)
    CAR:    0.23  Ratio:    0.00 (C.Area)

  edgedetect.dly200cell.genblk1\[34\].and1/B (sky130_fd_sc_hd__and2_1)
    met4
    PAR:   17.71  Ratio:    0.00 (Area)
    PAR:  102.10  Ratio: 2771.60 (S.Area)
    CAR:  167.56  Ratio:    0.00 (C.Area)
    CAR:  919.34  Ratio:    0.00 (C.S.Area)

    met3
    PAR:  139.88  Ratio:    0.00 (Area)
    PAR:  765.08* Ratio:  400.00 (S.Area)
    CAR:  149.85  Ratio:    0.00 (C.Area)
    CAR:  817.25  Ratio:    0.00 (C.S.Area)

    met2
    PAR:    1.10  Ratio:    0.00 (Area)
    PAR:    6.28  Ratio:  400.00 (S.Area)
    CAR:    9.97  Ratio:    0.00 (C.Area)
    CAR:   52.17  Ratio:    0.00 (C.S.Area)

    met1
    PAR:    8.87  Ratio:    0.00 (Area)
    PAR:   45.89  Ratio:  400.00 (S.Area)
    CAR:    8.87  Ratio:    0.00 (C.Area)
    CAR:   45.89  Ratio:    0.00 (C.S.Area)

    li1
    PAR:    0.00  Ratio:    0.00 (Area)
    PAR:    0.00  Ratio:   75.00 (S.Area)
    CAR:    0.00  Ratio:    0.00 (C.Area)
    CAR:    0.00  Ratio:    0.00 (C.S.Area)

    M3M4_PR
    PAR:    0.32  Ratio:    6.00 (Area)
    CAR:    1.04  Ratio:    0.00 (C.Area)

    M2M3_PR
    PAR:    0.32  Ratio:    6.00 (Area)
    CAR:    0.73  Ratio:    0.00 (C.Area)

    M1M2_PR
    PAR:    0.18  Ratio:    6.00 (Area)
    CAR:    0.41  Ratio:    0.00 (C.Area)

    L1M1_PR
    PAR:    0.23  Ratio:    3.00 (Area)
    CAR:    0.23  Ratio:    0.00 (C.Area)


[INFO ANT-0002] Found 4 net violations.
[INFO ANT-0001] Found 4 pin violations.
