[INFO]: Preparing LEF files for the nom corner...
[INFO]: Preparing LEF files for the min corner...
[INFO]: Preparing LEF files for the max corner...
[INFO]: Running Synthesis...
[INFO]: Running Single-Corner Static Timing Analysis...
[INFO]: Running Initial Floorplanning...
[INFO]: Extracting core dimensions...
[INFO]: Set CORE_WIDTH to 88.78, CORE_HEIGHT to 76.16.
[INFO]: Running IO Placement...
[INFO]: Running Global Placement...
[INFO]: Running Tap/Decap Insertion...
[INFO]: Power planning with power {VPWR VPB} and ground {VGND VNB}...
[INFO]: Generating PDN...
[INFO]: Running Global Placement...
[INFO]: Skipping Placement Resizer Design Optimizations.
[INFO]: Running Detailed Placement...
[INFO]: Routing...
[INFO]: Skipping Global Routing Resizer Timing Optimizations.
[INFO]: Running Detailed Placement...
[INFO]: Running Fill Insertion...
[INFO]: Running Global Routing...
[INFO]: Writing Verilog...
[INFO]: Running Detailed Routing...
[INFO]: No DRC violations after detailed routing.
[INFO]: Writing Verilog...
[INFO]: Writing Powered Verilog...
[INFO]: Writing Verilog...
[INFO]: Running Magic to generate various views...
[INFO]: Streaming out GDS-II with Magic...
[INFO]: Generating MAGLEF views...
[INFO]: Running Magic Spice Export from LEF...
[INFO]: Running Magic DRC...
[INFO]: Converting Magic DRC Violations to Magic Readable Format...
[INFO]: Converting Magic DRC Violations to Klayout XML Database...
[INFO]: No DRC violations after GDS streaming out.
[INFO]: Writing Powered Verilog...
[INFO]: Writing Verilog...
[INFO]: Running LEF LVS...
[INFO]: Running OpenROAD Antenna Rule Checker...
[INFO]: Using design configuration at /foss/designs/SKY130_SAR-ADC/openlane/adc_edge_detect_circuit/config.tcl
[INFO]: Sourcing Configurations from /foss/designs/SKY130_SAR-ADC/openlane/adc_edge_detect_circuit/config.tcl
[INFO]: PDKs root directory: /foss/pdk
[INFO]: PDK: sky130A
[INFO]: Setting PDKPATH to /foss/pdk/sky130A
[INFO]: Standard Cell Library: sky130_fd_sc_hd
[INFO]: Optimization Standard Cell Library: sky130_fd_sc_hd
[INFO]: Sourcing Configurations from /foss/designs/SKY130_SAR-ADC/openlane/adc_edge_detect_circuit/config.tcl
[INFO]: Run Directory: /foss/designs/SKY130_SAR-ADC/openlane/adc_edge_detect_circuit/runs/foobar2
