OpenROAD v2.0-4818-g4174c3ad8 
This program is licensed under the BSD-3 license. See the LICENSE file for details.
Components of this program may be licensed under more restrictive licenses which must be honored.
[INFO ODB-0222] Reading LEF file: /foss/designs/SKY130_SAR-ADC/openlane/adc_core_digital/runs/vtoverilog/tmp/merged.min.lef
[WARNING ODB-0220] WARNING (LEFPARS-2036): SOURCE statement is obsolete in version 5.6 and later.
The LEF parser will ignore this statement.
To avoid this warning in the future, remove this statement from the LEF file with version 5.6 or later. See file /foss/designs/SKY130_SAR-ADC/openlane/adc_core_digital/runs/vtoverilog/tmp/merged.min.lef at line 930.

[INFO ODB-0223]     Created 13 technology layers
[INFO ODB-0224]     Created 25 technology vias
[INFO ODB-0225]     Created 441 library cells
[INFO ODB-0226] Finished LEF file:  /foss/designs/SKY130_SAR-ADC/openlane/adc_core_digital/runs/vtoverilog/tmp/merged.min.lef
[INFO ODB-0127] Reading DEF file: /foss/designs/SKY130_SAR-ADC/openlane/adc_core_digital/runs/vtoverilog/results/routing/adc_core_digital.def
[INFO ODB-0128] Design: adc_core_digital
[INFO ODB-0130]     Created 195 pins.
[INFO ODB-0131]     Created 3911 components and 19831 component-terminals.
[INFO ODB-0132]     Created 4 special nets and 15006 connections.
[INFO ODB-0133]     Created 1424 nets and 4819 connections.
[INFO ODB-0134] Finished DEF file: /foss/designs/SKY130_SAR-ADC/openlane/adc_core_digital/runs/vtoverilog/results/routing/adc_core_digital.def
[WARNING STA-0357] virtual clock clk_dig can not be propagated.
Using RCX ruleset '/foss/pdk/sky130A/libs.tech/openlane/rules.openrcx.sky130A.min.spef_extractor'...
[INFO RCX-0431] Defined process_corner X with ext_model_index 0
[INFO RCX-0029] Defined extraction corner X
[INFO RCX-0008] extracting parasitics of adc_core_digital ...
[INFO RCX-0435] Reading extraction model file /foss/pdk/sky130A/libs.tech/openlane/rules.openrcx.sky130A.min.spef_extractor ...
[INFO RCX-0436] RC segment generation adc_core_digital (max_merge_res 50.0) ...
[INFO RCX-0040] Final 5945 rc segments
[INFO RCX-0439] Coupling Cap extraction adc_core_digital ...
[INFO RCX-0440] Coupling threshhold is 0.1000 fF, coupling capacitance less than 0.1000 fF will be grounded.
[INFO RCX-0043] 14470 wires to be extracted
[INFO RCX-0442] 52% completion -- 7547 wires have been extracted
[INFO RCX-0442] 100% completion -- 14470 wires have been extracted
[INFO RCX-0045] Extract 1426 nets, 7343 rsegs, 7343 caps, 14860 ccs
[INFO RCX-0015] Finished extracting adc_core_digital.
Writing result to /foss/designs/SKY130_SAR-ADC/openlane/adc_core_digital/runs/vtoverilog/results/routing/adc_core_digital.min.spef...
[INFO RCX-0016] Writing SPEF ...
[INFO RCX-0443] 1424 nets finished
[INFO RCX-0017] Finished writing SPEF ...
