OpenROAD v2.0-4818-g4174c3ad8 
This program is licensed under the BSD-3 license. See the LICENSE file for details.
Components of this program may be licensed under more restrictive licenses which must be honored.
[INFO ODB-0222] Reading LEF file: /foss/designs/SKY130_SAR-ADC/openlane/adc_core_digital/runs/vtoverilog/tmp/merged.nom.lef
[WARNING ODB-0220] WARNING (LEFPARS-2036): SOURCE statement is obsolete in version 5.6 and later.
The LEF parser will ignore this statement.
To avoid this warning in the future, remove this statement from the LEF file with version 5.6 or later. See file /foss/designs/SKY130_SAR-ADC/openlane/adc_core_digital/runs/vtoverilog/tmp/merged.nom.lef at line 930.

[INFO ODB-0223]     Created 13 technology layers
[INFO ODB-0224]     Created 25 technology vias
[INFO ODB-0225]     Created 441 library cells
[INFO ODB-0226] Finished LEF file:  /foss/designs/SKY130_SAR-ADC/openlane/adc_core_digital/runs/vtoverilog/tmp/merged.nom.lef
[INFO ODB-0127] Reading DEF file: /foss/designs/SKY130_SAR-ADC/openlane/adc_core_digital/runs/vtoverilog/results/routing/adc_core_digital.def
[INFO ODB-0128] Design: adc_core_digital
[INFO ODB-0130]     Created 195 pins.
[INFO ODB-0131]     Created 3911 components and 19831 component-terminals.
[INFO ODB-0132]     Created 4 special nets and 15006 connections.
[INFO ODB-0133]     Created 1424 nets and 4819 connections.
[INFO ODB-0134] Finished DEF file: /foss/designs/SKY130_SAR-ADC/openlane/adc_core_digital/runs/vtoverilog/results/routing/adc_core_digital.def
Net _0482_
  _1355_/A (sky130_fd_sc_hd__nand2_2)
    met4
    PAR:    2.48  Ratio:    0.00 (Area)
    PAR:   13.69  Ratio: 3134.60 (S.Area)
    CAR:   14.91  Ratio:    0.00 (C.Area)
    CAR:   81.51  Ratio:    0.00 (C.S.Area)

    met3
    PAR:    1.13  Ratio:    0.00 (Area)
    PAR:    6.58  Ratio:  400.00 (S.Area)
    CAR:    4.86  Ratio:    0.00 (C.Area)
    CAR:   26.48  Ratio:    0.00 (C.S.Area)

    met2
    PAR:    1.92  Ratio:    0.00 (Area)
    PAR:   10.03  Ratio:  400.00 (S.Area)
    CAR:    3.73  Ratio:    0.00 (C.Area)
    CAR:   19.90  Ratio:    0.00 (C.S.Area)

    met1
    PAR:    1.82  Ratio:    0.00 (Area)
    PAR:    9.87  Ratio:  400.00 (S.Area)
    CAR:    1.82  Ratio:    0.00 (C.Area)
    CAR:    9.87  Ratio:    0.00 (C.S.Area)

    li1
    PAR:    0.00  Ratio:    0.00 (Area)
    PAR:    0.00  Ratio:   75.00 (S.Area)
    CAR:    0.00  Ratio:    0.00 (C.Area)
    CAR:    0.00  Ratio:    0.00 (C.S.Area)

    M3M4_PR
    PAR:    0.05  Ratio:    6.00 (Area)
    CAR:    0.24  Ratio:    0.00 (C.Area)

    M2M3_PR
    PAR:    0.05  Ratio:    6.00 (Area)
    CAR:    0.20  Ratio:    0.00 (C.Area)

    M1M2_PR
    PAR:    0.09  Ratio:    6.00 (Area)
    CAR:    0.15  Ratio:    0.00 (C.Area)

    L1M1_PR
    PAR:    0.06  Ratio:    3.00 (Area)
    CAR:    0.06  Ratio:    0.00 (C.Area)

  _1331_/A (sky130_fd_sc_hd__or2_2)
    met4
    PAR:    2.48  Ratio:    0.00 (Area)
    PAR:   13.69  Ratio: 3134.60 (S.Area)
    CAR:   16.62  Ratio:    0.00 (C.Area)
    CAR:   91.62  Ratio:    0.00 (C.S.Area)

    met3
    PAR:    1.13  Ratio:    0.00 (Area)
    PAR:    6.58  Ratio:  400.00 (S.Area)
    CAR:    6.57  Ratio:    0.00 (C.Area)
    CAR:   36.59  Ratio:    0.00 (C.S.Area)

    met2
    PAR:    1.92  Ratio:    0.00 (Area)
    PAR:   10.03  Ratio:  400.00 (S.Area)
    CAR:    5.44  Ratio:    0.00 (C.Area)
    CAR:   30.01  Ratio:    0.00 (C.S.Area)

    met1
    PAR:    1.71  Ratio:    0.00 (Area)
    PAR:   10.11  Ratio:  400.00 (S.Area)
    CAR:    1.71  Ratio:    0.00 (C.Area)
    CAR:   10.11  Ratio:    0.00 (C.S.Area)

    li1
    PAR:    0.00  Ratio:    0.00 (Area)
    PAR:    0.00  Ratio:   75.00 (S.Area)
    CAR:    0.00  Ratio:    0.00 (C.Area)
    CAR:    0.00  Ratio:    0.00 (C.S.Area)

    M3M4_PR
    PAR:    0.05  Ratio:    6.00 (Area)
    CAR:    0.59  Ratio:    0.00 (C.Area)

    M2M3_PR
    PAR:    0.05  Ratio:    6.00 (Area)
    CAR:    0.54  Ratio:    0.00 (C.Area)

    M1M2_PR
    PAR:    0.18  Ratio:    6.00 (Area)
    CAR:    0.41  Ratio:    0.00 (C.Area)

    L1M1_PR
    PAR:    0.23  Ratio:    3.00 (Area)
    CAR:    0.23  Ratio:    0.00 (C.Area)

  _1323_/A (sky130_fd_sc_hd__or2_2)
    met4
    PAR:    2.48  Ratio:    0.00 (Area)
    PAR:   13.69  Ratio: 3134.60 (S.Area)
    CAR:   15.57  Ratio:    0.00 (C.Area)
    CAR:   85.62  Ratio:    0.00 (C.S.Area)

    met3
    PAR:    1.13  Ratio:    0.00 (Area)
    PAR:    6.58  Ratio:  400.00 (S.Area)
    CAR:    5.53  Ratio:    0.00 (C.Area)
    CAR:   30.59  Ratio:    0.00 (C.S.Area)

    met2
    PAR:    1.92  Ratio:    0.00 (Area)
    PAR:   10.03  Ratio:  400.00 (S.Area)
    CAR:    4.40  Ratio:    0.00 (C.Area)
    CAR:   24.01  Ratio:    0.00 (C.S.Area)

    met1
    PAR:    0.67  Ratio:    0.00 (Area)
    PAR:    4.11  Ratio:  400.00 (S.Area)
    CAR:    0.67  Ratio:    0.00 (C.Area)
    CAR:    4.11  Ratio:    0.00 (C.S.Area)

    li1
    PAR:    0.00  Ratio:    0.00 (Area)
    PAR:    0.00  Ratio:   75.00 (S.Area)
    CAR:    0.00  Ratio:    0.00 (C.Area)
    CAR:    0.00  Ratio:    0.00 (C.S.Area)

    M3M4_PR
    PAR:    0.05  Ratio:    6.00 (Area)
    CAR:    0.59  Ratio:    0.00 (C.Area)

    M2M3_PR
    PAR:    0.05  Ratio:    6.00 (Area)
    CAR:    0.54  Ratio:    0.00 (C.Area)

    M1M2_PR
    PAR:    0.18  Ratio:    6.00 (Area)
    CAR:    0.41  Ratio:    0.00 (C.Area)

    L1M1_PR
    PAR:    0.23  Ratio:    3.00 (Area)
    CAR:    0.23  Ratio:    0.00 (C.Area)

  _1404_/A (sky130_fd_sc_hd__and3_2)
    met4
    PAR:    2.48  Ratio:    0.00 (Area)
    PAR:   13.69  Ratio: 3134.60 (S.Area)
    CAR:   13.76  Ratio:    0.00 (C.Area)
    CAR:   75.75  Ratio:    0.00 (C.S.Area)

    met3
    PAR:    1.13  Ratio:    0.00 (Area)
    PAR:    6.58  Ratio:  400.00 (S.Area)
    CAR:    3.71  Ratio:    0.00 (C.Area)
    CAR:   20.72  Ratio:    0.00 (C.S.Area)

    met2
    PAR:    1.92  Ratio:    0.00 (Area)
    PAR:   10.03  Ratio:  400.00 (S.Area)
    CAR:    2.58  Ratio:    0.00 (C.Area)
    CAR:   14.14  Ratio:    0.00 (C.S.Area)

    met1
    PAR:    0.67  Ratio:    0.00 (Area)
    PAR:    4.11  Ratio:  400.00 (S.Area)
    CAR:    0.67  Ratio:    0.00 (C.Area)
    CAR:    4.11  Ratio:    0.00 (C.S.Area)

    li1
    PAR:    0.00  Ratio:    0.00 (Area)
    PAR:    0.00  Ratio:   75.00 (S.Area)
    CAR:    0.00  Ratio:    0.00 (C.Area)
    CAR:    0.00  Ratio:    0.00 (C.S.Area)

    M3M4_PR
    PAR:    0.05  Ratio:    6.00 (Area)
    CAR:    0.50  Ratio:    0.00 (C.Area)

    M2M3_PR
    PAR:    0.05  Ratio:    6.00 (Area)
    CAR:    0.45  Ratio:    0.00 (C.Area)

    M1M2_PR
    PAR:    0.18  Ratio:    6.00 (Area)
    CAR:    0.41  Ratio:    0.00 (C.Area)

    L1M1_PR
    PAR:    0.23  Ratio:    3.00 (Area)
    CAR:    0.23  Ratio:    0.00 (C.Area)

  _1293_/B1 (sky130_fd_sc_hd__a21oi_4)
    met4
    PAR:    2.48  Ratio:    0.00 (Area)
    PAR:   13.69  Ratio: 3134.60 (S.Area)
    CAR:   10.04  Ratio:    0.00 (C.Area)
    CAR:   55.03  Ratio:    0.00 (C.S.Area)

    met3
    PAR:    6.73  Ratio:    0.00 (Area)
    PAR:   36.88  Ratio:  400.00 (S.Area)
    CAR:    7.56  Ratio:    0.00 (C.Area)
    CAR:   41.34  Ratio:    0.00 (C.S.Area)

    met2
    PAR:    0.62  Ratio:    0.00 (Area)
    PAR:    3.28  Ratio:  400.00 (S.Area)
    CAR:    0.83  Ratio:    0.00 (C.Area)
    CAR:    4.45  Ratio:    0.00 (C.S.Area)

    met1
    PAR:    0.21  Ratio:    0.00 (Area)
    PAR:    1.17  Ratio:  400.00 (S.Area)
    CAR:    0.21  Ratio:    0.00 (C.Area)
    CAR:    1.17  Ratio:    0.00 (C.S.Area)

    li1
    PAR:    0.00  Ratio:    0.00 (Area)
    PAR:    0.00  Ratio:   75.00 (S.Area)
    CAR:    0.00  Ratio:    0.00 (C.Area)
    CAR:    0.00  Ratio:    0.00 (C.S.Area)

    M3M4_PR
    PAR:    0.08  Ratio:    6.00 (Area)
    CAR:    0.24  Ratio:    0.00 (C.Area)

    M2M3_PR
    PAR:    0.08  Ratio:    6.00 (Area)
    CAR:    0.16  Ratio:    0.00 (C.Area)

    M1M2_PR
    PAR:    0.05  Ratio:    6.00 (Area)
    CAR:    0.07  Ratio:    0.00 (C.Area)

    L1M1_PR
    PAR:    0.03  Ratio:    3.00 (Area)
    CAR:    0.03  Ratio:    0.00 (C.Area)

  _1085_/A1 (sky130_fd_sc_hd__mux2_1)
    met4
    PAR:    2.48  Ratio:    0.00 (Area)
    PAR:   13.69  Ratio: 3134.60 (S.Area)
    CAR:  115.83  Ratio:    0.00 (C.Area)
    CAR:  622.35  Ratio:    0.00 (C.S.Area)

    met3
    PAR:  109.69  Ratio:    0.00 (Area)
    PAR:  588.83* Ratio:  400.00 (S.Area)
    CAR:  113.35  Ratio:    0.00 (C.Area)
    CAR:  608.66  Ratio:    0.00 (C.S.Area)

    met2
    PAR:    2.99  Ratio:    0.00 (Area)
    PAR:   15.72  Ratio:  400.00 (S.Area)
    CAR:    3.66  Ratio:    0.00 (C.Area)
    CAR:   19.83  Ratio:    0.00 (C.S.Area)

    met1
    PAR:    0.67  Ratio:    0.00 (Area)
    PAR:    4.11  Ratio:  400.00 (S.Area)
    CAR:    0.67  Ratio:    0.00 (C.Area)
    CAR:    4.11  Ratio:    0.00 (C.S.Area)

    li1
    PAR:    0.00  Ratio:    0.00 (Area)
    PAR:    0.00  Ratio:   75.00 (S.Area)
    CAR:    0.00  Ratio:    0.00 (C.Area)
    CAR:    0.00  Ratio:    0.00 (C.S.Area)

    M3M4_PR
    PAR:    0.32  Ratio:    6.00 (Area)
    CAR:    1.04  Ratio:    0.00 (C.Area)

    M2M3_PR
    PAR:    0.32  Ratio:    6.00 (Area)
    CAR:    0.73  Ratio:    0.00 (C.Area)

    M1M2_PR
    PAR:    0.18  Ratio:    6.00 (Area)
    CAR:    0.41  Ratio:    0.00 (C.Area)

    L1M1_PR
    PAR:    0.23  Ratio:    3.00 (Area)
    CAR:    0.23  Ratio:    0.00 (C.Area)

  _1340_/A (sky130_fd_sc_hd__nor2_4)
    met3
    PAR:    5.23  Ratio:    0.00 (Area)
    PAR:   29.11  Ratio: 3134.60 (S.Area)
    CAR:   11.69  Ratio:    0.00 (C.Area)
    CAR:   64.95  Ratio:    0.00 (C.S.Area)

    met4
    PAR:    2.48  Ratio:    0.00 (Area)
    PAR:   13.69  Ratio: 3134.60 (S.Area)
    CAR:   14.17  Ratio:    0.00 (C.Area)
    CAR:   78.64  Ratio:    0.00 (C.S.Area)

    met2
    PAR:    0.27  Ratio:    0.00 (Area)
    PAR:    1.59  Ratio:  400.00 (S.Area)
    CAR:    0.99  Ratio:    0.00 (C.Area)
    CAR:    5.40  Ratio:    0.00 (C.S.Area)

    met1
    PAR:    0.72  Ratio:    0.00 (Area)
    PAR:    3.80  Ratio:  400.00 (S.Area)
    CAR:    0.72  Ratio:    0.00 (C.Area)
    CAR:    3.80  Ratio:    0.00 (C.S.Area)

    li1
    PAR:    0.00  Ratio:    0.00 (Area)
    PAR:    0.00  Ratio:   75.00 (S.Area)
    CAR:    0.00  Ratio:    0.00 (C.Area)
    CAR:    0.00  Ratio:    0.00 (C.S.Area)

    M3M4_PR
    PAR:    0.05  Ratio:    6.00 (Area)
    CAR:    0.55  Ratio:    0.00 (C.Area)

    M2M3_PR
    PAR:    0.07  Ratio:    6.00 (Area)
    CAR:    0.15  Ratio:    0.00 (C.Area)

    M1M2_PR
    PAR:    0.05  Ratio:    6.00 (Area)
    CAR:    0.07  Ratio:    0.00 (C.Area)

    L1M1_PR
    PAR:    0.03  Ratio:    3.00 (Area)
    CAR:    0.03  Ratio:    0.00 (C.Area)

  _1301_/A (sky130_fd_sc_hd__buf_6)
    met3
    PAR:    0.60  Ratio:    0.00 (Area)
    PAR:    4.17  Ratio:  400.00 (S.Area)
    CAR:    0.69  Ratio:    0.00 (C.Area)
    CAR:    4.81  Ratio:    0.00 (C.S.Area)

    met2
    PAR:    0.09  Ratio:    0.00 (Area)
    PAR:    0.64  Ratio:  400.00 (S.Area)
    CAR:    0.09  Ratio:    0.00 (C.Area)
    CAR:    0.64  Ratio:    0.00 (C.S.Area)

    met1
    PAR:    0.00  Ratio:    0.00 (Area)
    PAR:    0.00  Ratio:  400.00 (S.Area)
    CAR:    0.00  Ratio:    0.00 (C.Area)
    CAR:    0.00  Ratio:    0.00 (C.S.Area)

    li1
    PAR:    0.00  Ratio:    0.00 (Area)
    PAR:    0.00  Ratio:   75.00 (S.Area)
    CAR:    0.00  Ratio:    0.00 (C.Area)
    CAR:    0.00  Ratio:    0.00 (C.S.Area)

    M3M4_PR
    PAR:    0.08  Ratio:    6.00 (Area)
    CAR:    0.27  Ratio:    0.00 (C.Area)

    M2M3_PR
    PAR:    0.08  Ratio:    6.00 (Area)
    CAR:    0.18  Ratio:    0.00 (C.Area)

    M1M2_PR
    PAR:    0.05  Ratio:    6.00 (Area)
    CAR:    0.10  Ratio:    0.00 (C.Area)

    L1M1_PR
    PAR:    0.06  Ratio:    3.00 (Area)
    CAR:    0.06  Ratio:    0.00 (C.Area)

  _1435_/A (sky130_fd_sc_hd__nor2_2)
    met3
    PAR:    5.23  Ratio:    0.00 (Area)
    PAR:   29.11  Ratio: 3134.60 (S.Area)
    CAR:   17.45  Ratio:    0.00 (C.Area)
    CAR:   93.96  Ratio:    0.00 (C.S.Area)

    met4
    PAR:    2.48  Ratio:    0.00 (Area)
    PAR:   13.69  Ratio: 3134.60 (S.Area)
    CAR:   19.93  Ratio:    0.00 (C.Area)
    CAR:  107.65  Ratio:    0.00 (C.S.Area)

    met2
    PAR:    5.76  Ratio:    0.00 (Area)
    PAR:   29.00  Ratio:  400.00 (S.Area)
    CAR:    5.76  Ratio:    0.00 (C.Area)
    CAR:   29.00  Ratio:    0.00 (C.S.Area)

    met1
    PAR:    0.00  Ratio:    0.00 (Area)
    PAR:    0.00  Ratio:  400.00 (S.Area)
    CAR:    0.00  Ratio:    0.00 (C.Area)
    CAR:    0.00  Ratio:    0.00 (C.S.Area)

    li1
    PAR:    0.00  Ratio:    0.00 (Area)
    PAR:    0.00  Ratio:   75.00 (S.Area)
    CAR:    0.00  Ratio:    0.00 (C.Area)
    CAR:    0.00  Ratio:    0.00 (C.S.Area)

    M3M4_PR
    PAR:    0.05  Ratio:    6.00 (Area)
    CAR:    0.71  Ratio:    0.00 (C.Area)

    M2M3_PR
    PAR:    0.08  Ratio:    6.00 (Area)
    CAR:    0.18  Ratio:    0.00 (C.Area)

    M1M2_PR
    PAR:    0.05  Ratio:    6.00 (Area)
    CAR:    0.10  Ratio:    0.00 (C.Area)

    L1M1_PR
    PAR:    0.06  Ratio:    3.00 (Area)
    CAR:    0.06  Ratio:    0.00 (C.Area)

  _1416_/A (sky130_fd_sc_hd__or3_2)
    met3
    PAR:    5.23  Ratio:    0.00 (Area)
    PAR:   29.11  Ratio: 3134.60 (S.Area)
    CAR:   11.69  Ratio:    0.00 (C.Area)
    CAR:   64.95  Ratio:    0.00 (C.S.Area)

    met4
    PAR:    2.48  Ratio:    0.00 (Area)
    PAR:   13.69  Ratio: 3134.60 (S.Area)
    CAR:   14.17  Ratio:    0.00 (C.Area)
    CAR:   78.64  Ratio:    0.00 (C.S.Area)

    met2
    PAR:    0.27  Ratio:    0.00 (Area)
    PAR:    1.59  Ratio:  400.00 (S.Area)
    CAR:    6.45  Ratio:    0.00 (C.Area)
    CAR:   35.84  Ratio:    0.00 (C.S.Area)

    met1
    PAR:    5.47  Ratio:    0.00 (Area)
    PAR:   30.44  Ratio:  400.00 (S.Area)
    CAR:    5.47  Ratio:    0.00 (C.Area)
    CAR:   30.44  Ratio:    0.00 (C.S.Area)

    li1
    PAR:    0.00  Ratio:    0.00 (Area)
    PAR:    0.00  Ratio:   75.00 (S.Area)
    CAR:    0.00  Ratio:    0.00 (C.Area)
    CAR:    0.00  Ratio:    0.00 (C.S.Area)

    M3M4_PR
    PAR:    0.05  Ratio:    6.00 (Area)
    CAR:    0.75  Ratio:    0.00 (C.Area)

    M2M3_PR
    PAR:    0.07  Ratio:    6.00 (Area)
    CAR:    0.70  Ratio:    0.00 (C.Area)

    M1M2_PR
    PAR:    0.36  Ratio:    6.00 (Area)
    CAR:    0.59  Ratio:    0.00 (C.Area)

    L1M1_PR
    PAR:    0.23  Ratio:    3.00 (Area)
    CAR:    0.23  Ratio:    0.00 (C.Area)


[INFO ANT-0002] Found 1 net violations.
[INFO ANT-0001] Found 1 pin violations.
