
===========================================================================
report_checks -unconstrained
============================================================================
Startpoint: _1698_ (rising edge-triggered flip-flop)
Endpoint: nmatrix_rowon_out_n[12] (output port clocked by clk_dig)
Path Group: clk_dig
Path Type: max

Fanout     Cap    Slew   Delay    Time   Description
-----------------------------------------------------------------------------
                  0.14    0.00    0.00 ^ _1698_/CLK (sky130_fd_sc_hd__dfrtp_2)
                  0.10    0.52    0.52 v _1698_/Q (sky130_fd_sc_hd__dfrtp_2)
     6    0.03                           cnb.shift_register_r[2] (net)
                  0.11    0.00    0.52 v _0834_/B (sky130_fd_sc_hd__or4_2)
                  0.13    0.74    1.26 v _0834_/X (sky130_fd_sc_hd__or4_2)
     2    0.01                           _0259_ (net)
                  0.13    0.00    1.26 v _0835_/A (sky130_fd_sc_hd__buf_6)
                  0.05    0.19    1.45 v _0835_/X (sky130_fd_sc_hd__buf_6)
    10    0.04                           _0260_ (net)
                  0.05    0.00    1.45 v _0851_/B (sky130_fd_sc_hd__or2_2)
                  0.07    0.31    1.76 v _0851_/X (sky130_fd_sc_hd__or2_2)
     1    0.01                           _0276_ (net)
                  0.07    0.00    1.76 v _0852_/A (sky130_fd_sc_hd__buf_8)
                  0.05    0.17    1.92 v _0852_/X (sky130_fd_sc_hd__buf_8)
    10    0.05                           _0277_ (net)
                  0.05    0.00    1.93 v _0929_/B (sky130_fd_sc_hd__nor4b_4)
                  0.41    0.45    2.38 ^ _0929_/Y (sky130_fd_sc_hd__nor4b_4)
     6    0.02                           _0347_ (net)
                  0.41    0.00    2.38 ^ _0975_/A (sky130_fd_sc_hd__nor3b_2)
                  0.09    0.11    2.49 v _0975_/Y (sky130_fd_sc_hd__nor3b_2)
     1    0.01                           _0389_ (net)
                  0.09    0.00    2.49 v _0981_/A2 (sky130_fd_sc_hd__a211o_4)
                  0.07    0.40    2.89 v _0981_/X (sky130_fd_sc_hd__a211o_4)
     4    0.02                           _0395_ (net)
                  0.07    0.00    2.89 v _0996_/A2 (sky130_fd_sc_hd__a21o_4)
                  0.07    0.28    3.17 v _0996_/X (sky130_fd_sc_hd__a21o_4)
     6    0.03                           _0409_ (net)
                  0.07    0.00    3.17 v _1063_/B2 (sky130_fd_sc_hd__a221o_4)
                  0.09    0.47    3.64 v _1063_/X (sky130_fd_sc_hd__a221o_4)
     2    0.03                           _0472_ (net)
                  0.09    0.00    3.64 v _1069_/A2 (sky130_fd_sc_hd__a22oi_4)
                  0.24    0.30    3.94 ^ _1069_/Y (sky130_fd_sc_hd__a22oi_4)
     2    0.02                           _0477_ (net)
                  0.24    0.00    3.94 ^ _1466_/B (sky130_fd_sc_hd__xor2_4)
                  0.62    0.57    4.52 ^ _1466_/X (sky130_fd_sc_hd__xor2_4)
    10    0.09                           _0070_ (net)
                  0.62    0.00    4.52 ^ _1487_/B (sky130_fd_sc_hd__or2_2)
                  0.06    0.24    4.76 ^ _1487_/X (sky130_fd_sc_hd__or2_2)
     1    0.01                           _0074_ (net)
                  0.06    0.00    4.76 ^ _1488_/A (sky130_fd_sc_hd__buf_6)
                  0.12    0.17    4.93 ^ _1488_/X (sky130_fd_sc_hd__buf_6)
     9    0.06                           net49 (net)
                  0.12    0.00    4.93 ^ _1489_/B (sky130_fd_sc_hd__or2_2)
                  0.03    0.13    5.06 ^ _1489_/X (sky130_fd_sc_hd__or2_2)
     1    0.00                           _0075_ (net)
                  0.03    0.00    5.06 ^ _1490_/A (sky130_fd_sc_hd__buf_1)
                  0.10    0.12    5.18 ^ _1490_/X (sky130_fd_sc_hd__buf_1)
     2    0.01                           net50 (net)
                  0.10    0.00    5.18 ^ _1789_/A (sky130_fd_sc_hd__buf_1)
                  0.06    0.11    5.29 ^ _1789_/X (sky130_fd_sc_hd__buf_1)
     1    0.00                           net65 (net)
                  0.06    0.00    5.29 ^ output65/A (sky130_fd_sc_hd__buf_4)
                  0.11    0.17    5.47 ^ output65/X (sky130_fd_sc_hd__buf_4)
     1    0.03                           nmatrix_rowon_out_n[12] (net)
                  0.11    0.00    5.47 ^ nmatrix_rowon_out_n[12] (out)
                                  5.47   data arrival time

                  0.00   20.00   20.00   clock clk_dig (rise edge)
                          0.00   20.00   clock network delay (ideal)
                         -0.25   19.75   clock uncertainty
                          0.00   19.75   clock reconvergence pessimism
                         -4.00   15.75   output external delay
                                 15.75   data required time
-----------------------------------------------------------------------------
                                 15.75   data required time
                                 -5.47   data arrival time
-----------------------------------------------------------------------------
                                 10.28   slack (MET)



===========================================================================
report_checks --slack_max -0.01
============================================================================
No paths found.
