
===========================================================================
report_checks -path_delay max (Setup)
============================================================================
Startpoint: _1698_ (rising edge-triggered flip-flop)
Endpoint: nmatrix_rowon_out_n[12] (output port clocked by clk_dig)
Path Group: clk_dig
Path Type: max

Fanout     Cap    Slew   Delay    Time   Description
-----------------------------------------------------------------------------
                  0.14    0.00    0.00 ^ _1698_/CLK (sky130_fd_sc_hd__dfrtp_2)
                  0.10    0.52    0.52 v _1698_/Q (sky130_fd_sc_hd__dfrtp_2)
     6    0.03                           cnb.shift_register_r[2] (net)
                  0.11    0.00    0.52 v _0834_/B (sky130_fd_sc_hd__or4_2)
                  0.13    0.74    1.26 v _0834_/X (sky130_fd_sc_hd__or4_2)
     2    0.01                           _0259_ (net)
                  0.13    0.00    1.26 v _0835_/A (sky130_fd_sc_hd__buf_6)
                  0.05    0.19    1.45 v _0835_/X (sky130_fd_sc_hd__buf_6)
    10    0.04                           _0260_ (net)
                  0.05    0.00    1.45 v _0851_/B (sky130_fd_sc_hd__or2_2)
                  0.07    0.31    1.76 v _0851_/X (sky130_fd_sc_hd__or2_2)
     1    0.01                           _0276_ (net)
                  0.07    0.00    1.76 v _0852_/A (sky130_fd_sc_hd__buf_8)
                  0.05    0.17    1.92 v _0852_/X (sky130_fd_sc_hd__buf_8)
    10    0.05                           _0277_ (net)
                  0.05    0.00    1.93 v _0929_/B (sky130_fd_sc_hd__nor4b_4)
                  0.41    0.45    2.38 ^ _0929_/Y (sky130_fd_sc_hd__nor4b_4)
     6    0.02                           _0347_ (net)
                  0.41    0.00    2.38 ^ _0975_/A (sky130_fd_sc_hd__nor3b_2)
                  0.09    0.11    2.49 v _0975_/Y (sky130_fd_sc_hd__nor3b_2)
     1    0.01                           _0389_ (net)
                  0.09    0.00    2.49 v _0981_/A2 (sky130_fd_sc_hd__a211o_4)
                  0.07    0.40    2.89 v _0981_/X (sky130_fd_sc_hd__a211o_4)
     4    0.02                           _0395_ (net)
                  0.07    0.00    2.89 v _0996_/A2 (sky130_fd_sc_hd__a21o_4)
                  0.07    0.28    3.17 v _0996_/X (sky130_fd_sc_hd__a21o_4)
     6    0.03                           _0409_ (net)
                  0.07    0.00    3.17 v _1063_/B2 (sky130_fd_sc_hd__a221o_4)
                  0.09    0.47    3.64 v _1063_/X (sky130_fd_sc_hd__a221o_4)
     2    0.03                           _0472_ (net)
                  0.09    0.00    3.64 v _1069_/A2 (sky130_fd_sc_hd__a22oi_4)
                  0.24    0.30    3.94 ^ _1069_/Y (sky130_fd_sc_hd__a22oi_4)
     2    0.02                           _0477_ (net)
                  0.24    0.00    3.94 ^ _1466_/B (sky130_fd_sc_hd__xor2_4)
                  0.62    0.57    4.52 ^ _1466_/X (sky130_fd_sc_hd__xor2_4)
    10    0.09                           _0070_ (net)
                  0.62    0.00    4.52 ^ _1487_/B (sky130_fd_sc_hd__or2_2)
                  0.06    0.24    4.76 ^ _1487_/X (sky130_fd_sc_hd__or2_2)
     1    0.01                           _0074_ (net)
                  0.06    0.00    4.76 ^ _1488_/A (sky130_fd_sc_hd__buf_6)
                  0.12    0.17    4.93 ^ _1488_/X (sky130_fd_sc_hd__buf_6)
     9    0.06                           net49 (net)
                  0.12    0.00    4.93 ^ _1489_/B (sky130_fd_sc_hd__or2_2)
                  0.03    0.13    5.06 ^ _1489_/X (sky130_fd_sc_hd__or2_2)
     1    0.00                           _0075_ (net)
                  0.03    0.00    5.06 ^ _1490_/A (sky130_fd_sc_hd__buf_1)
                  0.10    0.12    5.18 ^ _1490_/X (sky130_fd_sc_hd__buf_1)
     2    0.01                           net50 (net)
                  0.10    0.00    5.18 ^ _1789_/A (sky130_fd_sc_hd__buf_1)
                  0.06    0.11    5.29 ^ _1789_/X (sky130_fd_sc_hd__buf_1)
     1    0.00                           net65 (net)
                  0.06    0.00    5.29 ^ output65/A (sky130_fd_sc_hd__buf_4)
                  0.11    0.17    5.47 ^ output65/X (sky130_fd_sc_hd__buf_4)
     1    0.03                           nmatrix_rowon_out_n[12] (net)
                  0.11    0.00    5.47 ^ nmatrix_rowon_out_n[12] (out)
                                  5.47   data arrival time

                  0.00   20.00   20.00   clock clk_dig (rise edge)
                          0.00   20.00   clock network delay (ideal)
                         -0.25   19.75   clock uncertainty
                          0.00   19.75   clock reconvergence pessimism
                         -4.00   15.75   output external delay
                                 15.75   data required time
-----------------------------------------------------------------------------
                                 15.75   data required time
                                 -5.47   data arrival time
-----------------------------------------------------------------------------
                                 10.28   slack (MET)


Startpoint: _1698_ (rising edge-triggered flip-flop)
Endpoint: nmatrix_rowon_out_n[13] (output port clocked by clk_dig)
Path Group: clk_dig
Path Type: max

Fanout     Cap    Slew   Delay    Time   Description
-----------------------------------------------------------------------------
                  0.14    0.00    0.00 ^ _1698_/CLK (sky130_fd_sc_hd__dfrtp_2)
                  0.10    0.52    0.52 v _1698_/Q (sky130_fd_sc_hd__dfrtp_2)
     6    0.03                           cnb.shift_register_r[2] (net)
                  0.11    0.00    0.52 v _0834_/B (sky130_fd_sc_hd__or4_2)
                  0.13    0.74    1.26 v _0834_/X (sky130_fd_sc_hd__or4_2)
     2    0.01                           _0259_ (net)
                  0.13    0.00    1.26 v _0835_/A (sky130_fd_sc_hd__buf_6)
                  0.05    0.19    1.45 v _0835_/X (sky130_fd_sc_hd__buf_6)
    10    0.04                           _0260_ (net)
                  0.05    0.00    1.45 v _0851_/B (sky130_fd_sc_hd__or2_2)
                  0.07    0.31    1.76 v _0851_/X (sky130_fd_sc_hd__or2_2)
     1    0.01                           _0276_ (net)
                  0.07    0.00    1.76 v _0852_/A (sky130_fd_sc_hd__buf_8)
                  0.05    0.17    1.92 v _0852_/X (sky130_fd_sc_hd__buf_8)
    10    0.05                           _0277_ (net)
                  0.05    0.00    1.93 v _0929_/B (sky130_fd_sc_hd__nor4b_4)
                  0.41    0.45    2.38 ^ _0929_/Y (sky130_fd_sc_hd__nor4b_4)
     6    0.02                           _0347_ (net)
                  0.41    0.00    2.38 ^ _0975_/A (sky130_fd_sc_hd__nor3b_2)
                  0.09    0.11    2.49 v _0975_/Y (sky130_fd_sc_hd__nor3b_2)
     1    0.01                           _0389_ (net)
                  0.09    0.00    2.49 v _0981_/A2 (sky130_fd_sc_hd__a211o_4)
                  0.07    0.40    2.89 v _0981_/X (sky130_fd_sc_hd__a211o_4)
     4    0.02                           _0395_ (net)
                  0.07    0.00    2.89 v _0996_/A2 (sky130_fd_sc_hd__a21o_4)
                  0.07    0.28    3.17 v _0996_/X (sky130_fd_sc_hd__a21o_4)
     6    0.03                           _0409_ (net)
                  0.07    0.00    3.17 v _1063_/B2 (sky130_fd_sc_hd__a221o_4)
                  0.09    0.47    3.64 v _1063_/X (sky130_fd_sc_hd__a221o_4)
     2    0.03                           _0472_ (net)
                  0.09    0.00    3.64 v _1069_/A2 (sky130_fd_sc_hd__a22oi_4)
                  0.24    0.30    3.94 ^ _1069_/Y (sky130_fd_sc_hd__a22oi_4)
     2    0.02                           _0477_ (net)
                  0.24    0.00    3.94 ^ _1466_/B (sky130_fd_sc_hd__xor2_4)
                  0.62    0.57    4.52 ^ _1466_/X (sky130_fd_sc_hd__xor2_4)
    10    0.09                           _0070_ (net)
                  0.62    0.00    4.52 ^ _1487_/B (sky130_fd_sc_hd__or2_2)
                  0.06    0.24    4.76 ^ _1487_/X (sky130_fd_sc_hd__or2_2)
     1    0.01                           _0074_ (net)
                  0.06    0.00    4.76 ^ _1488_/A (sky130_fd_sc_hd__buf_6)
                  0.12    0.17    4.93 ^ _1488_/X (sky130_fd_sc_hd__buf_6)
     9    0.06                           net49 (net)
                  0.12    0.00    4.93 ^ _1491_/B (sky130_fd_sc_hd__or2_2)
                  0.04    0.13    5.06 ^ _1491_/X (sky130_fd_sc_hd__or2_2)
     1    0.00                           _0076_ (net)
                  0.04    0.00    5.06 ^ _1492_/A (sky130_fd_sc_hd__buf_2)
                  0.08    0.14    5.19 ^ _1492_/X (sky130_fd_sc_hd__buf_2)
     2    0.02                           net51 (net)
                  0.08    0.00    5.20 ^ _1790_/A (sky130_fd_sc_hd__buf_1)
                  0.05    0.10    5.29 ^ _1790_/X (sky130_fd_sc_hd__buf_1)
     1    0.00                           net66 (net)
                  0.05    0.00    5.29 ^ output66/A (sky130_fd_sc_hd__buf_4)
                  0.11    0.17    5.46 ^ output66/X (sky130_fd_sc_hd__buf_4)
     1    0.03                           nmatrix_rowon_out_n[13] (net)
                  0.11    0.00    5.46 ^ nmatrix_rowon_out_n[13] (out)
                                  5.46   data arrival time

                  0.00   20.00   20.00   clock clk_dig (rise edge)
                          0.00   20.00   clock network delay (ideal)
                         -0.25   19.75   clock uncertainty
                          0.00   19.75   clock reconvergence pessimism
                         -4.00   15.75   output external delay
                                 15.75   data required time
-----------------------------------------------------------------------------
                                 15.75   data required time
                                 -5.46   data arrival time
-----------------------------------------------------------------------------
                                 10.29   slack (MET)


Startpoint: _1698_ (rising edge-triggered flip-flop)
Endpoint: nmatrix_rowon_out_n[14] (output port clocked by clk_dig)
Path Group: clk_dig
Path Type: max

Fanout     Cap    Slew   Delay    Time   Description
-----------------------------------------------------------------------------
                  0.14    0.00    0.00 ^ _1698_/CLK (sky130_fd_sc_hd__dfrtp_2)
                  0.10    0.52    0.52 v _1698_/Q (sky130_fd_sc_hd__dfrtp_2)
     6    0.03                           cnb.shift_register_r[2] (net)
                  0.11    0.00    0.52 v _0834_/B (sky130_fd_sc_hd__or4_2)
                  0.13    0.74    1.26 v _0834_/X (sky130_fd_sc_hd__or4_2)
     2    0.01                           _0259_ (net)
                  0.13    0.00    1.26 v _0835_/A (sky130_fd_sc_hd__buf_6)
                  0.05    0.19    1.45 v _0835_/X (sky130_fd_sc_hd__buf_6)
    10    0.04                           _0260_ (net)
                  0.05    0.00    1.45 v _0851_/B (sky130_fd_sc_hd__or2_2)
                  0.07    0.31    1.76 v _0851_/X (sky130_fd_sc_hd__or2_2)
     1    0.01                           _0276_ (net)
                  0.07    0.00    1.76 v _0852_/A (sky130_fd_sc_hd__buf_8)
                  0.05    0.17    1.92 v _0852_/X (sky130_fd_sc_hd__buf_8)
    10    0.05                           _0277_ (net)
                  0.05    0.00    1.93 v _0929_/B (sky130_fd_sc_hd__nor4b_4)
                  0.41    0.45    2.38 ^ _0929_/Y (sky130_fd_sc_hd__nor4b_4)
     6    0.02                           _0347_ (net)
                  0.41    0.00    2.38 ^ _0975_/A (sky130_fd_sc_hd__nor3b_2)
                  0.09    0.11    2.49 v _0975_/Y (sky130_fd_sc_hd__nor3b_2)
     1    0.01                           _0389_ (net)
                  0.09    0.00    2.49 v _0981_/A2 (sky130_fd_sc_hd__a211o_4)
                  0.07    0.40    2.89 v _0981_/X (sky130_fd_sc_hd__a211o_4)
     4    0.02                           _0395_ (net)
                  0.07    0.00    2.89 v _0996_/A2 (sky130_fd_sc_hd__a21o_4)
                  0.07    0.28    3.17 v _0996_/X (sky130_fd_sc_hd__a21o_4)
     6    0.03                           _0409_ (net)
                  0.07    0.00    3.17 v _1063_/B2 (sky130_fd_sc_hd__a221o_4)
                  0.09    0.47    3.64 v _1063_/X (sky130_fd_sc_hd__a221o_4)
     2    0.03                           _0472_ (net)
                  0.09    0.00    3.64 v _1069_/A2 (sky130_fd_sc_hd__a22oi_4)
                  0.24    0.30    3.94 ^ _1069_/Y (sky130_fd_sc_hd__a22oi_4)
     2    0.02                           _0477_ (net)
                  0.24    0.00    3.94 ^ _1466_/B (sky130_fd_sc_hd__xor2_4)
                  0.62    0.57    4.52 ^ _1466_/X (sky130_fd_sc_hd__xor2_4)
    10    0.09                           _0070_ (net)
                  0.62    0.00    4.52 ^ _1487_/B (sky130_fd_sc_hd__or2_2)
                  0.06    0.24    4.76 ^ _1487_/X (sky130_fd_sc_hd__or2_2)
     1    0.01                           _0074_ (net)
                  0.06    0.00    4.76 ^ _1488_/A (sky130_fd_sc_hd__buf_6)
                  0.12    0.17    4.93 ^ _1488_/X (sky130_fd_sc_hd__buf_6)
     9    0.06                           net49 (net)
                  0.12    0.00    4.93 ^ _1493_/B (sky130_fd_sc_hd__or2_2)
                  0.03    0.13    5.05 ^ _1493_/X (sky130_fd_sc_hd__or2_2)
     1    0.00                           _0077_ (net)
                  0.03    0.00    5.05 ^ _1494_/A (sky130_fd_sc_hd__buf_2)
                  0.07    0.13    5.18 ^ _1494_/X (sky130_fd_sc_hd__buf_2)
     2    0.01                           net52 (net)
                  0.07    0.00    5.18 ^ _1791_/A (sky130_fd_sc_hd__buf_1)
                  0.05    0.10    5.28 ^ _1791_/X (sky130_fd_sc_hd__buf_1)
     1    0.00                           net67 (net)
                  0.05    0.00    5.28 ^ output67/A (sky130_fd_sc_hd__buf_4)
                  0.11    0.17    5.45 ^ output67/X (sky130_fd_sc_hd__buf_4)
     1    0.03                           nmatrix_rowon_out_n[14] (net)
                  0.11    0.00    5.45 ^ nmatrix_rowon_out_n[14] (out)
                                  5.45   data arrival time

                  0.00   20.00   20.00   clock clk_dig (rise edge)
                          0.00   20.00   clock network delay (ideal)
                         -0.25   19.75   clock uncertainty
                          0.00   19.75   clock reconvergence pessimism
                         -4.00   15.75   output external delay
                                 15.75   data required time
-----------------------------------------------------------------------------
                                 15.75   data required time
                                 -5.45   data arrival time
-----------------------------------------------------------------------------
                                 10.30   slack (MET)


Startpoint: _1698_ (rising edge-triggered flip-flop)
Endpoint: pmatrix_rowon_out_n[12] (output port clocked by clk_dig)
Path Group: clk_dig
Path Type: max

Fanout     Cap    Slew   Delay    Time   Description
-----------------------------------------------------------------------------
                  0.14    0.00    0.00 ^ _1698_/CLK (sky130_fd_sc_hd__dfrtp_2)
                  0.10    0.52    0.52 v _1698_/Q (sky130_fd_sc_hd__dfrtp_2)
     6    0.03                           cnb.shift_register_r[2] (net)
                  0.11    0.00    0.52 v _0834_/B (sky130_fd_sc_hd__or4_2)
                  0.13    0.74    1.26 v _0834_/X (sky130_fd_sc_hd__or4_2)
     2    0.01                           _0259_ (net)
                  0.13    0.00    1.26 v _0865_/C (sky130_fd_sc_hd__or4_4)
                  0.10    0.57    1.83 v _0865_/X (sky130_fd_sc_hd__or4_4)
     2    0.02                           _0290_ (net)
                  0.10    0.00    1.83 v _0903_/D1 (sky130_fd_sc_hd__a2111oi_4)
                  0.90    0.76    2.58 ^ _0903_/Y (sky130_fd_sc_hd__a2111oi_4)
     9    0.06                           _0324_ (net)
                  0.90    0.00    2.58 ^ _0916_/A (sky130_fd_sc_hd__or3_2)
                  0.08    0.31    2.89 ^ _0916_/X (sky130_fd_sc_hd__or3_2)
     2    0.01                           _0337_ (net)
                  0.08    0.00    2.89 ^ _0973_/A3 (sky130_fd_sc_hd__a311o_4)
                  0.08    0.23    3.12 ^ _0973_/X (sky130_fd_sc_hd__a311o_4)
     2    0.01                           _0387_ (net)
                  0.08    0.00    3.12 ^ _0984_/A1 (sky130_fd_sc_hd__a21oi_4)
                  0.08    0.10    3.22 v _0984_/Y (sky130_fd_sc_hd__a21oi_4)
     5    0.03                           _0398_ (net)
                  0.08    0.00    3.22 v _1082_/A2 (sky130_fd_sc_hd__o41a_2)
                  0.08    0.52    3.74 v _1082_/X (sky130_fd_sc_hd__o41a_2)
     2    0.01                           _0489_ (net)
                  0.08    0.00    3.74 v _1095_/A2 (sky130_fd_sc_hd__o221a_2)
                  0.05    0.30    4.04 v _1095_/X (sky130_fd_sc_hd__o221a_2)
     1    0.01                           _0502_ (net)
                  0.05    0.00    4.04 v _1099_/B1 (sky130_fd_sc_hd__a211o_4)
                  0.08    0.37    4.41 v _1099_/X (sky130_fd_sc_hd__a211o_4)
     3    0.03                           _0506_ (net)
                  0.08    0.00    4.41 v _1100_/A (sky130_fd_sc_hd__buf_6)
                  0.03    0.15    4.56 v _1100_/X (sky130_fd_sc_hd__buf_6)
     2    0.02                           net60 (net)
                  0.03    0.00    4.56 v fanout162/A (sky130_fd_sc_hd__buf_12)
                  0.05    0.15    4.71 v fanout162/X (sky130_fd_sc_hd__buf_12)
    10    0.07                           net162 (net)
                  0.05    0.00    4.71 v _1472_/A (sky130_fd_sc_hd__and3_2)
                  0.04    0.18    4.89 v _1472_/X (sky130_fd_sc_hd__and3_2)
     1    0.00                           _0073_ (net)
                  0.04    0.00    4.89 v _1473_/A (sky130_fd_sc_hd__buf_2)
                  0.06    0.16    5.05 v _1473_/X (sky130_fd_sc_hd__buf_2)
     3    0.02                           net55 (net)
                  0.06    0.00    5.05 v _1499_/A (sky130_fd_sc_hd__inv_2)
                  0.07    0.09    5.13 ^ _1499_/Y (sky130_fd_sc_hd__inv_2)
     2    0.01                           net115 (net)
                  0.07    0.00    5.13 ^ _1804_/A (sky130_fd_sc_hd__buf_1)
                  0.07    0.11    5.25 ^ _1804_/X (sky130_fd_sc_hd__buf_1)
     1    0.01                           net130 (net)
                  0.07    0.00    5.25 ^ output130/A (sky130_fd_sc_hd__buf_4)
                  0.11    0.18    5.43 ^ output130/X (sky130_fd_sc_hd__buf_4)
     1    0.03                           pmatrix_rowon_out_n[12] (net)
                  0.11    0.00    5.43 ^ pmatrix_rowon_out_n[12] (out)
                                  5.43   data arrival time

                  0.00   20.00   20.00   clock clk_dig (rise edge)
                          0.00   20.00   clock network delay (ideal)
                         -0.25   19.75   clock uncertainty
                          0.00   19.75   clock reconvergence pessimism
                         -4.00   15.75   output external delay
                                 15.75   data required time
-----------------------------------------------------------------------------
                                 15.75   data required time
                                 -5.43   data arrival time
-----------------------------------------------------------------------------
                                 10.32   slack (MET)


Startpoint: _1698_ (rising edge-triggered flip-flop)
Endpoint: nmatrix_col_out_n[8] (output port clocked by clk_dig)
Path Group: clk_dig
Path Type: max

Fanout     Cap    Slew   Delay    Time   Description
-----------------------------------------------------------------------------
                  0.14    0.00    0.00 ^ _1698_/CLK (sky130_fd_sc_hd__dfrtp_2)
                  0.10    0.52    0.52 v _1698_/Q (sky130_fd_sc_hd__dfrtp_2)
     6    0.03                           cnb.shift_register_r[2] (net)
                  0.11    0.00    0.52 v _0834_/B (sky130_fd_sc_hd__or4_2)
                  0.13    0.74    1.26 v _0834_/X (sky130_fd_sc_hd__or4_2)
     2    0.01                           _0259_ (net)
                  0.13    0.00    1.26 v _0835_/A (sky130_fd_sc_hd__buf_6)
                  0.05    0.19    1.45 v _0835_/X (sky130_fd_sc_hd__buf_6)
    10    0.04                           _0260_ (net)
                  0.05    0.00    1.45 v _0964_/B (sky130_fd_sc_hd__or4_2)
                  0.11    0.68    2.13 v _0964_/X (sky130_fd_sc_hd__or4_2)
     2    0.00                           _0378_ (net)
                  0.11    0.00    2.13 v _0965_/A3 (sky130_fd_sc_hd__o31a_2)
                  0.09    0.37    2.50 v _0965_/X (sky130_fd_sc_hd__o31a_2)
     3    0.02                           _0379_ (net)
                  0.09    0.00    2.50 v _0966_/B (sky130_fd_sc_hd__or2_2)
                  0.06    0.31    2.82 v _0966_/X (sky130_fd_sc_hd__or2_2)
     1    0.01                           _0380_ (net)
                  0.06    0.00    2.82 v _0967_/A (sky130_fd_sc_hd__buf_6)
                  0.06    0.17    2.99 v _0967_/X (sky130_fd_sc_hd__buf_6)
    10    0.06                           _0381_ (net)
                  0.06    0.00    2.99 v _1115_/B (sky130_fd_sc_hd__or3b_2)
                  0.08    0.47    3.46 v _1115_/X (sky130_fd_sc_hd__or3b_2)
     1    0.00                           _0519_ (net)
                  0.08    0.00    3.46 v _1117_/A0 (sky130_fd_sc_hd__mux2_2)
                  0.08    0.33    3.79 v _1117_/X (sky130_fd_sc_hd__mux2_2)
     2    0.02                           _0521_ (net)
                  0.08    0.00    3.79 v _1118_/A2 (sky130_fd_sc_hd__a21o_4)
                  0.07    0.28    4.07 v _1118_/X (sky130_fd_sc_hd__a21o_4)
     4    0.03                           _0522_ (net)
                  0.07    0.00    4.07 v _1120_/B1 (sky130_fd_sc_hd__a22o_2)
                  0.08    0.28    4.34 v _1120_/X (sky130_fd_sc_hd__a22o_2)
     4    0.02                           _0524_ (net)
                  0.08    0.00    4.34 v _1128_/B (sky130_fd_sc_hd__or2_2)
                  0.07    0.32    4.67 v _1128_/X (sky130_fd_sc_hd__or2_2)
     1    0.01                           _0531_ (net)
                  0.07    0.00    4.67 v _1129_/A (sky130_fd_sc_hd__buf_6)
                  0.05    0.16    4.83 v _1129_/X (sky130_fd_sc_hd__buf_6)
     8    0.05                           _0532_ (net)
                  0.05    0.00    4.83 v _1267_/B1 (sky130_fd_sc_hd__a221o_2)
                  0.08    0.39    5.22 v _1267_/X (sky130_fd_sc_hd__a221o_2)
     1    0.01                           net45 (net)
                  0.08    0.00    5.22 v output45/A (sky130_fd_sc_hd__buf_4)
                  0.06    0.20    5.42 v output45/X (sky130_fd_sc_hd__buf_4)
     1    0.03                           nmatrix_col_out_n[8] (net)
                  0.06    0.00    5.42 v nmatrix_col_out_n[8] (out)
                                  5.42   data arrival time

                  0.00   20.00   20.00   clock clk_dig (rise edge)
                          0.00   20.00   clock network delay (ideal)
                         -0.25   19.75   clock uncertainty
                          0.00   19.75   clock reconvergence pessimism
                         -4.00   15.75   output external delay
                                 15.75   data required time
-----------------------------------------------------------------------------
                                 15.75   data required time
                                 -5.42   data arrival time
-----------------------------------------------------------------------------
                                 10.33   slack (MET)


