OpenROAD v2.0-4818-g4174c3ad8 
This program is licensed under the BSD-3 license. See the LICENSE file for details.
Components of this program may be licensed under more restrictive licenses which must be honored.
[INFO ODB-0222] Reading LEF file: /foss/designs/SKY130_SAR-ADC/openlane/adc_core_digital/runs/leberkaskrapfen/tmp/merged.nom.lef
[WARNING ODB-0220] WARNING (LEFPARS-2036): SOURCE statement is obsolete in version 5.6 and later.
The LEF parser will ignore this statement.
To avoid this warning in the future, remove this statement from the LEF file with version 5.6 or later. See file /foss/designs/SKY130_SAR-ADC/openlane/adc_core_digital/runs/leberkaskrapfen/tmp/merged.nom.lef at line 68342.

[INFO ODB-0223]     Created 13 technology layers
[INFO ODB-0224]     Created 25 technology vias
[INFO ODB-0225]     Created 441 library cells
[INFO ODB-0226] Finished LEF file:  /foss/designs/SKY130_SAR-ADC/openlane/adc_core_digital/runs/leberkaskrapfen/tmp/merged.nom.lef
[INFO ODB-0127] Reading DEF file: /foss/designs/SKY130_SAR-ADC/openlane/adc_core_digital/runs/leberkaskrapfen/tmp/floorplan/6-pdn.def
[INFO ODB-0128] Design: adc_core_digital
[INFO ODB-0130]     Created 195 pins.
[INFO ODB-0131]     Created 1434 components and 8897 component-terminals.
[INFO ODB-0132]     Created 4 special nets and 5132 connections.
[INFO ODB-0133]     Created 1061 nets and 3759 connections.
[INFO ODB-0134] Finished DEF file: /foss/designs/SKY130_SAR-ADC/openlane/adc_core_digital/runs/leberkaskrapfen/tmp/floorplan/6-pdn.def
[INFO]: Setting RC values...
[INFO]: Setting signal min routing layer to: met1 and clock min routing layer to met1. 
[INFO]: Setting signal max routing layer to: met4 and clock max routing layer to met4. 
[INFO GPL-0002] DBU: 1000
[INFO GPL-0003] SiteSize: 460 2720
[INFO GPL-0004] CoreAreaLxLy: 5520 10880
[INFO GPL-0005] CoreAreaUxUy: 151340 155040
[INFO GPL-0006] NumInstances: 1434
[INFO GPL-0007] NumPlaceInstances: 1026
[INFO GPL-0008] NumFixedInstances: 408
[INFO GPL-0009] NumDummyInstances: 0
[INFO GPL-0010] NumNets: 1061
[INFO GPL-0011] NumPins: 3952
[INFO GPL-0012] DieAreaLxLy: 0 0
[INFO GPL-0013] DieAreaUxUy: 157235 167955
[INFO GPL-0014] CoreAreaLxLy: 5520 10880
[INFO GPL-0015] CoreAreaUxUy: 151340 155040
[INFO GPL-0016] CoreArea: 21021411200
[INFO GPL-0017] NonPlaceInstsArea: 775744000
[INFO GPL-0018] PlaceInstsArea: 10686499200
[INFO GPL-0019] Util(%): 52.78
[INFO GPL-0020] StdInstsArea: 10686499200
[INFO GPL-0021] MacroInstsArea: 0
[InitialPlace]  Iter: 1 CG residual: 0.00000241 HPWL: 34397410
[InitialPlace]  Iter: 2 CG residual: 0.00000012 HPWL: 28003301
[InitialPlace]  Iter: 3 CG residual: 0.00000010 HPWL: 27642306
[InitialPlace]  Iter: 4 CG residual: 0.00000011 HPWL: 27342497
[InitialPlace]  Iter: 5 CG residual: 0.00000007 HPWL: 26991519
[INFO GPL-0031] FillerInit: NumGCells: 1378
[INFO GPL-0032] FillerInit: NumGNets: 1061
[INFO GPL-0033] FillerInit: NumGPins: 3952
[INFO GPL-0023] TargetDensity: 0.70
[INFO GPL-0024] AveragePlaceInstArea: 10415691
[INFO GPL-0025] IdealBinArea: 14879559
[INFO GPL-0026] IdealBinCnt: 1412
[INFO GPL-0027] TotalBinArea: 21021411200
[INFO GPL-0028] BinCnt: 32 32
[INFO GPL-0029] BinSize: 4557 4505
[INFO GPL-0030] NumBins: 1024
[NesterovSolve] Iter: 1 overflow: 0.848794 HPWL: 22889047
[INFO GPL-0100] worst slack 1.03e-08
[INFO GPL-0103] Weighted 111 nets.
[NesterovSolve] Iter: 10 overflow: 0.74865 HPWL: 25073296
[NesterovSolve] Iter: 20 overflow: 0.737979 HPWL: 25126327
[NesterovSolve] Iter: 30 overflow: 0.735166 HPWL: 25098767
[NesterovSolve] Iter: 40 overflow: 0.733938 HPWL: 25089474
[NesterovSolve] Iter: 50 overflow: 0.733339 HPWL: 25089148
[NesterovSolve] Iter: 60 overflow: 0.732951 HPWL: 25089234
[NesterovSolve] Iter: 70 overflow: 0.732754 HPWL: 25087365
[NesterovSolve] Iter: 80 overflow: 0.732626 HPWL: 25082097
[NesterovSolve] Iter: 90 overflow: 0.732642 HPWL: 25076040
[NesterovSolve] Iter: 100 overflow: 0.732334 HPWL: 25072571
[NesterovSolve] Iter: 110 overflow: 0.73181 HPWL: 25073260
[NesterovSolve] Iter: 120 overflow: 0.730939 HPWL: 25079900
[NesterovSolve] Iter: 130 overflow: 0.729919 HPWL: 25093584
[NesterovSolve] Iter: 140 overflow: 0.72849 HPWL: 25116905
[NesterovSolve] Iter: 150 overflow: 0.726795 HPWL: 25155755
[NesterovSolve] Iter: 160 overflow: 0.724134 HPWL: 25220475
[NesterovSolve] Iter: 170 overflow: 0.720316 HPWL: 25329134
[NesterovSolve] Iter: 180 overflow: 0.712156 HPWL: 25499127
[NesterovSolve] Iter: 190 overflow: 0.701843 HPWL: 25732913
[NesterovSolve] Iter: 200 overflow: 0.683191 HPWL: 26059765
[NesterovSolve] Iter: 210 overflow: 0.662217 HPWL: 26426818
[NesterovSolve] Iter: 220 overflow: 0.631356 HPWL: 26844001
[INFO GPL-0100] worst slack 1.03e-08
[INFO GPL-0103] Weighted 110 nets.
[NesterovSolve] Snapshot saved at iter = 227
[NesterovSolve] Iter: 230 overflow: 0.590396 HPWL: 27169636
[NesterovSolve] Iter: 240 overflow: 0.549778 HPWL: 27290262
[NesterovSolve] Iter: 250 overflow: 0.505975 HPWL: 27393536
[INFO GPL-0100] worst slack 1.03e-08
[INFO GPL-0103] Weighted 110 nets.
[NesterovSolve] Iter: 260 overflow: 0.467441 HPWL: 27655973
[NesterovSolve] Iter: 270 overflow: 0.417537 HPWL: 28099341
[NesterovSolve] Iter: 280 overflow: 0.374759 HPWL: 28610573
[NesterovSolve] Iter: 290 overflow: 0.333184 HPWL: 29161895
[NesterovSolve] Iter: 300 overflow: 0.295427 HPWL: 29587518
[INFO GPL-0100] worst slack 1.03e-08
[INFO GPL-0103] Weighted 111 nets.
[NesterovSolve] Iter: 310 overflow: 0.268515 HPWL: 29795041
[NesterovSolve] Iter: 320 overflow: 0.234125 HPWL: 29988130
[INFO GPL-0100] worst slack 1.03e-08
[INFO GPL-0103] Weighted 111 nets.
[NesterovSolve] Iter: 330 overflow: 0.199803 HPWL: 30172413
[INFO GPL-0075] Routability numCall: 1 inflationIterCnt: 1 bloatIterCnt: 0
[INFO GPL-0036] TileLxLy: 0 0
[INFO GPL-0037] TileSize: 6900 6900
[INFO GPL-0038] TileCnt: 22 24
[INFO GPL-0039] numRoutingLayers: 6
[INFO GPL-0040] NumTiles: 528
[INFO GPL-0063] TotalRouteOverflowH2: 0
[INFO GPL-0064] TotalRouteOverflowV2: 0.41904783248901367
[INFO GPL-0065] OverflowTileCnt2: 4
[INFO GPL-0066] 0.5%RC: 1.0838095664978027
[INFO GPL-0067] 1.0%RC: 1.0419047832489015
[INFO GPL-0068] 2.0%RC: 1.0209523916244507
[INFO GPL-0069] 5.0%RC: 1.0044703641716315
[INFO GPL-0070] 0.5rcK: 1
[INFO GPL-0071] 1.0rcK: 1
[INFO GPL-0072] 2.0rcK: 0
[INFO GPL-0073] 5.0rcK: 0
[INFO GPL-0074] FinalRC: 1.0628572
[NesterovSolve] Iter: 340 overflow: 0.183757 HPWL: 30304983
[NesterovSolve] Iter: 350 overflow: 0.169725 HPWL: 30397175
[NesterovSolve] Iter: 360 overflow: 0.14793 HPWL: 30500647
[INFO GPL-0100] worst slack 1.03e-08
[INFO GPL-0103] Weighted 110 nets.
[NesterovSolve] Iter: 370 overflow: 0.121427 HPWL: 30599929
[NesterovSolve] Iter: 380 overflow: 0.105362 HPWL: 30632545
[NesterovSolve] Finished with Overflow: 0.099470
[INFO]: Setting RC values...
min_report

===========================================================================
report_checks -path_delay min (Hold)
============================================================================
Startpoint: _1675_ (rising edge-triggered flip-flop)
Endpoint: result_out[1] (output port clocked by clk_dig)
Path Group: clk_dig
Path Type: min

Fanout     Cap    Slew   Delay    Time   Description
-----------------------------------------------------------------------------
                  0.62    0.00    0.00 ^ _1675_/CLK (sky130_fd_sc_hd__dfrtp_2)
                  0.19    0.57    0.57 ^ _1675_/Q (sky130_fd_sc_hd__dfrtp_2)
     2    0.03                           result_out[1] (net)
                  0.19    0.00    0.57 ^ result_out[1] (out)
                                  0.57   data arrival time

                  0.00    0.00    0.00   clock clk_dig (rise edge)
                          0.00    0.00   clock network delay (ideal)
                          0.25    0.25   clock uncertainty
                          0.00    0.25   clock reconvergence pessimism
                         -4.00   -3.75   output external delay
                                 -3.75   data required time
-----------------------------------------------------------------------------
                                 -3.75   data required time
                                 -0.57   data arrival time
-----------------------------------------------------------------------------
                                  4.32   slack (MET)


Startpoint: _1676_ (rising edge-triggered flip-flop)
Endpoint: result_out[2] (output port clocked by clk_dig)
Path Group: clk_dig
Path Type: min

Fanout     Cap    Slew   Delay    Time   Description
-----------------------------------------------------------------------------
                  0.62    0.00    0.00 ^ _1676_/CLK (sky130_fd_sc_hd__dfrtp_2)
                  0.19    0.58    0.58 ^ _1676_/Q (sky130_fd_sc_hd__dfrtp_2)
     2    0.04                           result_out[2] (net)
                  0.19    0.00    0.58 ^ result_out[2] (out)
                                  0.58   data arrival time

                  0.00    0.00    0.00   clock clk_dig (rise edge)
                          0.00    0.00   clock network delay (ideal)
                          0.25    0.25   clock uncertainty
                          0.00    0.25   clock reconvergence pessimism
                         -4.00   -3.75   output external delay
                                 -3.75   data required time
-----------------------------------------------------------------------------
                                 -3.75   data required time
                                 -0.58   data arrival time
-----------------------------------------------------------------------------
                                  4.33   slack (MET)


Startpoint: _1678_ (rising edge-triggered flip-flop)
Endpoint: result_out[4] (output port clocked by clk_dig)
Path Group: clk_dig
Path Type: min

Fanout     Cap    Slew   Delay    Time   Description
-----------------------------------------------------------------------------
                  0.62    0.00    0.00 ^ _1678_/CLK (sky130_fd_sc_hd__dfrtp_2)
                  0.19    0.58    0.58 ^ _1678_/Q (sky130_fd_sc_hd__dfrtp_2)
     2    0.04                           result_out[4] (net)
                  0.19    0.00    0.58 ^ result_out[4] (out)
                                  0.58   data arrival time

                  0.00    0.00    0.00   clock clk_dig (rise edge)
                          0.00    0.00   clock network delay (ideal)
                          0.25    0.25   clock uncertainty
                          0.00    0.25   clock reconvergence pessimism
                         -4.00   -3.75   output external delay
                                 -3.75   data required time
-----------------------------------------------------------------------------
                                 -3.75   data required time
                                 -0.58   data arrival time
-----------------------------------------------------------------------------
                                  4.33   slack (MET)


Startpoint: _1677_ (rising edge-triggered flip-flop)
Endpoint: result_out[3] (output port clocked by clk_dig)
Path Group: clk_dig
Path Type: min

Fanout     Cap    Slew   Delay    Time   Description
-----------------------------------------------------------------------------
                  0.62    0.00    0.00 ^ _1677_/CLK (sky130_fd_sc_hd__dfrtp_2)
                  0.20    0.58    0.58 ^ _1677_/Q (sky130_fd_sc_hd__dfrtp_2)
     2    0.04                           result_out[3] (net)
                  0.20    0.00    0.58 ^ result_out[3] (out)
                                  0.58   data arrival time

                  0.00    0.00    0.00   clock clk_dig (rise edge)
                          0.00    0.00   clock network delay (ideal)
                          0.25    0.25   clock uncertainty
                          0.00    0.25   clock reconvergence pessimism
                         -4.00   -3.75   output external delay
                                 -3.75   data required time
-----------------------------------------------------------------------------
                                 -3.75   data required time
                                 -0.58   data arrival time
-----------------------------------------------------------------------------
                                  4.33   slack (MET)


Startpoint: _1686_ (rising edge-triggered flip-flop)
Endpoint: result_out[12] (output port clocked by clk_dig)
Path Group: clk_dig
Path Type: min

Fanout     Cap    Slew   Delay    Time   Description
-----------------------------------------------------------------------------
                  0.62    0.00    0.00 ^ _1686_/CLK (sky130_fd_sc_hd__dfrtp_2)
                  0.20    0.58    0.58 ^ _1686_/Q (sky130_fd_sc_hd__dfrtp_2)
     2    0.04                           result_out[12] (net)
                  0.20    0.00    0.58 ^ result_out[12] (out)
                                  0.58   data arrival time

                  0.00    0.00    0.00   clock clk_dig (rise edge)
                          0.00    0.00   clock network delay (ideal)
                          0.25    0.25   clock uncertainty
                          0.00    0.25   clock reconvergence pessimism
                         -4.00   -3.75   output external delay
                                 -3.75   data required time
-----------------------------------------------------------------------------
                                 -3.75   data required time
                                 -0.58   data arrival time
-----------------------------------------------------------------------------
                                  4.33   slack (MET)


min_report_end
max_report

===========================================================================
report_checks -path_delay max (Setup)
============================================================================
Startpoint: _1637_ (rising edge-triggered flip-flop)
Endpoint: pmatrix_rowon_out_n[1] (output port clocked by clk_dig)
Path Group: clk_dig
Path Type: max

Fanout     Cap    Slew   Delay    Time   Description
-----------------------------------------------------------------------------
                  0.75    0.00    0.00 ^ _1637_/CLK (sky130_fd_sc_hd__dfstp_2)
                  0.48    1.04    1.04 ^ _1637_/Q (sky130_fd_sc_hd__dfstp_2)
    12    0.07                           sample_matrix_out (net)
                  0.48    0.00    1.04 ^ _0774_/C (sky130_fd_sc_hd__or3_4)
                  0.04    0.23    1.26 ^ _0774_/X (sky130_fd_sc_hd__or3_4)
     2    0.01                           _0221_ (net)
                  0.04    0.00    1.26 ^ _0775_/A (sky130_fd_sc_hd__buf_1)
                  0.36    0.32    1.58 ^ _0775_/X (sky130_fd_sc_hd__buf_1)
    10    0.03                           _0222_ (net)
                  0.36    0.00    1.58 ^ _0833_/B (sky130_fd_sc_hd__or4_4)
                  0.08    0.25    1.83 ^ _0833_/X (sky130_fd_sc_hd__or4_4)
     6    0.02                           _0276_ (net)
                  0.08    0.00    1.83 ^ _0837_/A (sky130_fd_sc_hd__nor2_2)
                  0.06    0.08    1.91 v _0837_/Y (sky130_fd_sc_hd__nor2_2)
     5    0.02                           _0280_ (net)
                  0.06    0.00    1.91 v _0866_/A1 (sky130_fd_sc_hd__o41a_2)
                  0.09    0.55    2.46 v _0866_/X (sky130_fd_sc_hd__o41a_2)
     3    0.01                           _0307_ (net)
                  0.09    0.00    2.46 v _0901_/B (sky130_fd_sc_hd__or4_4)
                  0.09    0.56    3.02 v _0901_/X (sky130_fd_sc_hd__or4_4)
     2    0.01                           _0338_ (net)
                  0.09    0.00    3.02 v _0903_/A2 (sky130_fd_sc_hd__o21a_4)
                  0.07    0.27    3.28 v _0903_/X (sky130_fd_sc_hd__o21a_4)
     9    0.04                           _0340_ (net)
                  0.07    0.00    3.28 v _0981_/A1 (sky130_fd_sc_hd__o211a_2)
                  0.05    0.29    3.57 v _0981_/X (sky130_fd_sc_hd__o211a_2)
     2    0.01                           _0413_ (net)
                  0.05    0.00    3.57 v _1390_/A (sky130_fd_sc_hd__or3_4)
                  0.07    0.41    3.98 v _1390_/X (sky130_fd_sc_hd__or3_4)
     1    0.01                           _0720_ (net)
                  0.07    0.00    3.98 v _1391_/B (sky130_fd_sc_hd__xor2_2)
                  0.33    0.32    4.29 ^ _1391_/X (sky130_fd_sc_hd__xor2_2)
     6    0.03                           _0721_ (net)
                  0.33    0.00    4.30 ^ _1393_/A (sky130_fd_sc_hd__buf_4)
                  0.12    0.26    4.56 ^ _1393_/X (sky130_fd_sc_hd__buf_4)
    10    0.04                           _0722_ (net)
                  0.12    0.00    4.56 ^ _1415_/A (sky130_fd_sc_hd__and2_2)
                  0.04    0.16    4.71 ^ _1415_/X (sky130_fd_sc_hd__and2_2)
     1    0.00                           _0053_ (net)
                  0.04    0.00    4.71 ^ _1416_/A (sky130_fd_sc_hd__buf_1)
                  0.64    0.52    5.23 ^ _1416_/X (sky130_fd_sc_hd__buf_1)
     2    0.04                           pmatrix_row_out_n[2] (net)
                  0.64    0.00    5.23 ^ _1737_/A (sky130_fd_sc_hd__buf_2)
                  0.17    0.34    5.58 ^ _1737_/X (sky130_fd_sc_hd__buf_2)
     1    0.03                           pmatrix_rowon_out_n[1] (net)
                  0.17    0.00    5.58 ^ pmatrix_rowon_out_n[1] (out)
                                  5.58   data arrival time

                  0.00   20.00   20.00   clock clk_dig (rise edge)
                          0.00   20.00   clock network delay (ideal)
                         -0.25   19.75   clock uncertainty
                          0.00   19.75   clock reconvergence pessimism
                         -4.00   15.75   output external delay
                                 15.75   data required time
-----------------------------------------------------------------------------
                                 15.75   data required time
                                 -5.58   data arrival time
-----------------------------------------------------------------------------
                                 10.17   slack (MET)


Startpoint: _1637_ (rising edge-triggered flip-flop)
Endpoint: nmatrix_rowon_out_n[1] (output port clocked by clk_dig)
Path Group: clk_dig
Path Type: max

Fanout     Cap    Slew   Delay    Time   Description
-----------------------------------------------------------------------------
                  0.75    0.00    0.00 ^ _1637_/CLK (sky130_fd_sc_hd__dfstp_2)
                  0.48    1.04    1.04 ^ _1637_/Q (sky130_fd_sc_hd__dfstp_2)
    12    0.07                           sample_matrix_out (net)
                  0.48    0.00    1.04 ^ _0774_/C (sky130_fd_sc_hd__or3_4)
                  0.04    0.23    1.26 ^ _0774_/X (sky130_fd_sc_hd__or3_4)
     2    0.01                           _0221_ (net)
                  0.04    0.00    1.26 ^ _0775_/A (sky130_fd_sc_hd__buf_1)
                  0.36    0.32    1.58 ^ _0775_/X (sky130_fd_sc_hd__buf_1)
    10    0.03                           _0222_ (net)
                  0.36    0.00    1.58 ^ _0833_/B (sky130_fd_sc_hd__or4_4)
                  0.08    0.25    1.83 ^ _0833_/X (sky130_fd_sc_hd__or4_4)
     6    0.02                           _0276_ (net)
                  0.08    0.00    1.83 ^ _0837_/A (sky130_fd_sc_hd__nor2_2)
                  0.06    0.08    1.91 v _0837_/Y (sky130_fd_sc_hd__nor2_2)
     5    0.02                           _0280_ (net)
                  0.06    0.00    1.91 v _0866_/A1 (sky130_fd_sc_hd__o41a_2)
                  0.09    0.55    2.46 v _0866_/X (sky130_fd_sc_hd__o41a_2)
     3    0.01                           _0307_ (net)
                  0.09    0.00    2.46 v _0901_/B (sky130_fd_sc_hd__or4_4)
                  0.09    0.56    3.02 v _0901_/X (sky130_fd_sc_hd__or4_4)
     2    0.01                           _0338_ (net)
                  0.09    0.00    3.02 v _0903_/A2 (sky130_fd_sc_hd__o21a_4)
                  0.07    0.27    3.28 v _0903_/X (sky130_fd_sc_hd__o21a_4)
     9    0.04                           _0340_ (net)
                  0.07    0.00    3.28 v _0981_/A1 (sky130_fd_sc_hd__o211a_2)
                  0.05    0.29    3.57 v _0981_/X (sky130_fd_sc_hd__o211a_2)
     2    0.01                           _0413_ (net)
                  0.05    0.00    3.57 v _1390_/A (sky130_fd_sc_hd__or3_4)
                  0.07    0.41    3.98 v _1390_/X (sky130_fd_sc_hd__or3_4)
     1    0.01                           _0720_ (net)
                  0.07    0.00    3.98 v _1391_/B (sky130_fd_sc_hd__xor2_2)
                  0.12    0.21    4.18 v _1391_/X (sky130_fd_sc_hd__xor2_2)
     6    0.02                           _0721_ (net)
                  0.12    0.00    4.18 v _1393_/A (sky130_fd_sc_hd__buf_4)
                  0.06    0.21    4.40 v _1393_/X (sky130_fd_sc_hd__buf_4)
    10    0.04                           _0722_ (net)
                  0.06    0.00    4.40 v _1394_/C (sky130_fd_sc_hd__nor3_2)
                  0.89    0.71    5.11 ^ _1394_/Y (sky130_fd_sc_hd__nor3_2)
     2    0.04                           nmatrix_row_out_n[2] (net)
                  0.89    0.00    5.11 ^ _1722_/A (sky130_fd_sc_hd__buf_2)
                  0.18    0.37    5.48 ^ _1722_/X (sky130_fd_sc_hd__buf_2)
     1    0.03                           nmatrix_rowon_out_n[1] (net)
                  0.18    0.00    5.48 ^ nmatrix_rowon_out_n[1] (out)
                                  5.48   data arrival time

                  0.00   20.00   20.00   clock clk_dig (rise edge)
                          0.00   20.00   clock network delay (ideal)
                         -0.25   19.75   clock uncertainty
                          0.00   19.75   clock reconvergence pessimism
                         -4.00   15.75   output external delay
                                 15.75   data required time
-----------------------------------------------------------------------------
                                 15.75   data required time
                                 -5.48   data arrival time
-----------------------------------------------------------------------------
                                 10.27   slack (MET)


Startpoint: _1637_ (rising edge-triggered flip-flop)
Endpoint: nmatrix_rowon_out_n[2] (output port clocked by clk_dig)
Path Group: clk_dig
Path Type: max

Fanout     Cap    Slew   Delay    Time   Description
-----------------------------------------------------------------------------
                  0.75    0.00    0.00 ^ _1637_/CLK (sky130_fd_sc_hd__dfstp_2)
                  0.48    1.04    1.04 ^ _1637_/Q (sky130_fd_sc_hd__dfstp_2)
    12    0.07                           sample_matrix_out (net)
                  0.48    0.00    1.04 ^ _0774_/C (sky130_fd_sc_hd__or3_4)
                  0.04    0.23    1.26 ^ _0774_/X (sky130_fd_sc_hd__or3_4)
     2    0.01                           _0221_ (net)
                  0.04    0.00    1.26 ^ _0775_/A (sky130_fd_sc_hd__buf_1)
                  0.36    0.32    1.58 ^ _0775_/X (sky130_fd_sc_hd__buf_1)
    10    0.03                           _0222_ (net)
                  0.36    0.00    1.58 ^ _0833_/B (sky130_fd_sc_hd__or4_4)
                  0.08    0.25    1.83 ^ _0833_/X (sky130_fd_sc_hd__or4_4)
     6    0.02                           _0276_ (net)
                  0.08    0.00    1.83 ^ _0837_/A (sky130_fd_sc_hd__nor2_2)
                  0.06    0.08    1.91 v _0837_/Y (sky130_fd_sc_hd__nor2_2)
     5    0.02                           _0280_ (net)
                  0.06    0.00    1.91 v _0866_/A1 (sky130_fd_sc_hd__o41a_2)
                  0.09    0.55    2.46 v _0866_/X (sky130_fd_sc_hd__o41a_2)
     3    0.01                           _0307_ (net)
                  0.09    0.00    2.46 v _0901_/B (sky130_fd_sc_hd__or4_4)
                  0.09    0.56    3.02 v _0901_/X (sky130_fd_sc_hd__or4_4)
     2    0.01                           _0338_ (net)
                  0.09    0.00    3.02 v _0903_/A2 (sky130_fd_sc_hd__o21a_4)
                  0.07    0.27    3.28 v _0903_/X (sky130_fd_sc_hd__o21a_4)
     9    0.04                           _0340_ (net)
                  0.07    0.00    3.28 v _0981_/A1 (sky130_fd_sc_hd__o211a_2)
                  0.05    0.29    3.57 v _0981_/X (sky130_fd_sc_hd__o211a_2)
     2    0.01                           _0413_ (net)
                  0.05    0.00    3.57 v _1390_/A (sky130_fd_sc_hd__or3_4)
                  0.07    0.41    3.98 v _1390_/X (sky130_fd_sc_hd__or3_4)
     1    0.01                           _0720_ (net)
                  0.07    0.00    3.98 v _1391_/B (sky130_fd_sc_hd__xor2_2)
                  0.12    0.21    4.18 v _1391_/X (sky130_fd_sc_hd__xor2_2)
     6    0.02                           _0721_ (net)
                  0.12    0.00    4.18 v _1395_/A2 (sky130_fd_sc_hd__a211oi_2)
                  0.91    0.84    5.03 ^ _1395_/Y (sky130_fd_sc_hd__a211oi_2)
     2    0.04                           nmatrix_row_out_n[3] (net)
                  0.91    0.00    5.03 ^ _1723_/A (sky130_fd_sc_hd__buf_2)
                  0.19    0.38    5.40 ^ _1723_/X (sky130_fd_sc_hd__buf_2)
     1    0.03                           nmatrix_rowon_out_n[2] (net)
                  0.19    0.00    5.41 ^ nmatrix_rowon_out_n[2] (out)
                                  5.41   data arrival time

                  0.00   20.00   20.00   clock clk_dig (rise edge)
                          0.00   20.00   clock network delay (ideal)
                         -0.25   19.75   clock uncertainty
                          0.00   19.75   clock reconvergence pessimism
                         -4.00   15.75   output external delay
                                 15.75   data required time
-----------------------------------------------------------------------------
                                 15.75   data required time
                                 -5.41   data arrival time
-----------------------------------------------------------------------------
                                 10.34   slack (MET)


Startpoint: _1637_ (rising edge-triggered flip-flop)
Endpoint: pmatrix_rowon_out_n[10] (output port clocked by clk_dig)
Path Group: clk_dig
Path Type: max

Fanout     Cap    Slew   Delay    Time   Description
-----------------------------------------------------------------------------
                  0.75    0.00    0.00 ^ _1637_/CLK (sky130_fd_sc_hd__dfstp_2)
                  0.48    1.04    1.04 ^ _1637_/Q (sky130_fd_sc_hd__dfstp_2)
    12    0.07                           sample_matrix_out (net)
                  0.48    0.00    1.04 ^ _0774_/C (sky130_fd_sc_hd__or3_4)
                  0.04    0.23    1.26 ^ _0774_/X (sky130_fd_sc_hd__or3_4)
     2    0.01                           _0221_ (net)
                  0.04    0.00    1.26 ^ _0775_/A (sky130_fd_sc_hd__buf_1)
                  0.36    0.32    1.58 ^ _0775_/X (sky130_fd_sc_hd__buf_1)
    10    0.03                           _0222_ (net)
                  0.36    0.00    1.58 ^ _0833_/B (sky130_fd_sc_hd__or4_4)
                  0.08    0.25    1.83 ^ _0833_/X (sky130_fd_sc_hd__or4_4)
     6    0.02                           _0276_ (net)
                  0.08    0.00    1.83 ^ _0837_/A (sky130_fd_sc_hd__nor2_2)
                  0.06    0.08    1.91 v _0837_/Y (sky130_fd_sc_hd__nor2_2)
     5    0.02                           _0280_ (net)
                  0.06    0.00    1.91 v _0866_/A1 (sky130_fd_sc_hd__o41a_2)
                  0.09    0.55    2.46 v _0866_/X (sky130_fd_sc_hd__o41a_2)
     3    0.01                           _0307_ (net)
                  0.09    0.00    2.46 v _0901_/B (sky130_fd_sc_hd__or4_4)
                  0.09    0.56    3.02 v _0901_/X (sky130_fd_sc_hd__or4_4)
     2    0.01                           _0338_ (net)
                  0.09    0.00    3.02 v _0903_/A2 (sky130_fd_sc_hd__o21a_4)
                  0.07    0.27    3.28 v _0903_/X (sky130_fd_sc_hd__o21a_4)
     9    0.04                           _0340_ (net)
                  0.07    0.00    3.28 v _0981_/A1 (sky130_fd_sc_hd__o211a_2)
                  0.05    0.29    3.57 v _0981_/X (sky130_fd_sc_hd__o211a_2)
     2    0.01                           _0413_ (net)
                  0.05    0.00    3.57 v _1390_/A (sky130_fd_sc_hd__or3_4)
                  0.07    0.41    3.98 v _1390_/X (sky130_fd_sc_hd__or3_4)
     1    0.01                           _0720_ (net)
                  0.07    0.00    3.98 v _1391_/B (sky130_fd_sc_hd__xor2_2)
                  0.33    0.32    4.29 ^ _1391_/X (sky130_fd_sc_hd__xor2_2)
     6    0.03                           _0721_ (net)
                  0.33    0.00    4.29 ^ _1400_/A (sky130_fd_sc_hd__buf_2)
                  0.26    0.36    4.66 ^ _1400_/X (sky130_fd_sc_hd__buf_2)
    10    0.05                           _0725_ (net)
                  0.26    0.00    4.66 ^ _1423_/B1 (sky130_fd_sc_hd__o22a_2)
                  0.29    0.41    5.06 ^ _1423_/X (sky130_fd_sc_hd__o22a_2)
     2    0.04                           pmatrix_row_out_n[11] (net)
                  0.29    0.00    5.06 ^ _1746_/A (sky130_fd_sc_hd__buf_2)
                  0.17    0.29    5.35 ^ _1746_/X (sky130_fd_sc_hd__buf_2)
     1    0.03                           pmatrix_rowon_out_n[10] (net)
                  0.17    0.00    5.35 ^ pmatrix_rowon_out_n[10] (out)
                                  5.35   data arrival time

                  0.00   20.00   20.00   clock clk_dig (rise edge)
                          0.00   20.00   clock network delay (ideal)
                         -0.25   19.75   clock uncertainty
                          0.00   19.75   clock reconvergence pessimism
                         -4.00   15.75   output external delay
                                 15.75   data required time
-----------------------------------------------------------------------------
                                 15.75   data required time
                                 -5.35   data arrival time
-----------------------------------------------------------------------------
                                 10.40   slack (MET)


Startpoint: _1637_ (rising edge-triggered flip-flop)
Endpoint: nmatrix_rowon_out_n[5] (output port clocked by clk_dig)
Path Group: clk_dig
Path Type: max

Fanout     Cap    Slew   Delay    Time   Description
-----------------------------------------------------------------------------
                  0.75    0.00    0.00 ^ _1637_/CLK (sky130_fd_sc_hd__dfstp_2)
                  0.48    1.04    1.04 ^ _1637_/Q (sky130_fd_sc_hd__dfstp_2)
    12    0.07                           sample_matrix_out (net)
                  0.48    0.00    1.04 ^ _0774_/C (sky130_fd_sc_hd__or3_4)
                  0.04    0.23    1.26 ^ _0774_/X (sky130_fd_sc_hd__or3_4)
     2    0.01                           _0221_ (net)
                  0.04    0.00    1.26 ^ _0775_/A (sky130_fd_sc_hd__buf_1)
                  0.36    0.32    1.58 ^ _0775_/X (sky130_fd_sc_hd__buf_1)
    10    0.03                           _0222_ (net)
                  0.36    0.00    1.58 ^ _0833_/B (sky130_fd_sc_hd__or4_4)
                  0.08    0.25    1.83 ^ _0833_/X (sky130_fd_sc_hd__or4_4)
     6    0.02                           _0276_ (net)
                  0.08    0.00    1.83 ^ _0837_/A (sky130_fd_sc_hd__nor2_2)
                  0.06    0.08    1.91 v _0837_/Y (sky130_fd_sc_hd__nor2_2)
     5    0.02                           _0280_ (net)
                  0.06    0.00    1.91 v _0866_/A1 (sky130_fd_sc_hd__o41a_2)
                  0.09    0.55    2.46 v _0866_/X (sky130_fd_sc_hd__o41a_2)
     3    0.01                           _0307_ (net)
                  0.09    0.00    2.46 v _0901_/B (sky130_fd_sc_hd__or4_4)
                  0.09    0.56    3.02 v _0901_/X (sky130_fd_sc_hd__or4_4)
     2    0.01                           _0338_ (net)
                  0.09    0.00    3.02 v _0903_/A2 (sky130_fd_sc_hd__o21a_4)
                  0.07    0.27    3.28 v _0903_/X (sky130_fd_sc_hd__o21a_4)
     9    0.04                           _0340_ (net)
                  0.07    0.00    3.28 v _0981_/A1 (sky130_fd_sc_hd__o211a_2)
                  0.05    0.29    3.57 v _0981_/X (sky130_fd_sc_hd__o211a_2)
     2    0.01                           _0413_ (net)
                  0.05    0.00    3.57 v _1390_/A (sky130_fd_sc_hd__or3_4)
                  0.07    0.41    3.98 v _1390_/X (sky130_fd_sc_hd__or3_4)
     1    0.01                           _0720_ (net)
                  0.07    0.00    3.98 v _1391_/B (sky130_fd_sc_hd__xor2_2)
                  0.12    0.21    4.18 v _1391_/X (sky130_fd_sc_hd__xor2_2)
     6    0.02                           _0721_ (net)
                  0.12    0.00    4.18 v _1400_/A (sky130_fd_sc_hd__buf_2)
                  0.12    0.25    4.44 v _1400_/X (sky130_fd_sc_hd__buf_2)
    10    0.05                           _0725_ (net)
                  0.12    0.00    4.44 v _1401_/A2 (sky130_fd_sc_hd__a21oi_2)
                  0.61    0.55    4.99 ^ _1401_/Y (sky130_fd_sc_hd__a21oi_2)
     2    0.04                           nmatrix_row_out_n[6] (net)
                  0.61    0.00    4.99 ^ _1726_/A (sky130_fd_sc_hd__buf_2)
                  0.17    0.34    5.33 ^ _1726_/X (sky130_fd_sc_hd__buf_2)
     1    0.03                           nmatrix_rowon_out_n[5] (net)
                  0.17    0.00    5.33 ^ nmatrix_rowon_out_n[5] (out)
                                  5.33   data arrival time

                  0.00   20.00   20.00   clock clk_dig (rise edge)
                          0.00   20.00   clock network delay (ideal)
                         -0.25   19.75   clock uncertainty
                          0.00   19.75   clock reconvergence pessimism
                         -4.00   15.75   output external delay
                                 15.75   data required time
-----------------------------------------------------------------------------
                                 15.75   data required time
                                 -5.33   data arrival time
-----------------------------------------------------------------------------
                                 10.42   slack (MET)


max_report_end
check_report

===========================================================================
report_checks -unconstrained
============================================================================
Startpoint: _1637_ (rising edge-triggered flip-flop)
Endpoint: pmatrix_rowon_out_n[1] (output port clocked by clk_dig)
Path Group: clk_dig
Path Type: max

Fanout     Cap    Slew   Delay    Time   Description
-----------------------------------------------------------------------------
                  0.75    0.00    0.00 ^ _1637_/CLK (sky130_fd_sc_hd__dfstp_2)
                  0.48    1.04    1.04 ^ _1637_/Q (sky130_fd_sc_hd__dfstp_2)
    12    0.07                           sample_matrix_out (net)
                  0.48    0.00    1.04 ^ _0774_/C (sky130_fd_sc_hd__or3_4)
                  0.04    0.23    1.26 ^ _0774_/X (sky130_fd_sc_hd__or3_4)
     2    0.01                           _0221_ (net)
                  0.04    0.00    1.26 ^ _0775_/A (sky130_fd_sc_hd__buf_1)
                  0.36    0.32    1.58 ^ _0775_/X (sky130_fd_sc_hd__buf_1)
    10    0.03                           _0222_ (net)
                  0.36    0.00    1.58 ^ _0833_/B (sky130_fd_sc_hd__or4_4)
                  0.08    0.25    1.83 ^ _0833_/X (sky130_fd_sc_hd__or4_4)
     6    0.02                           _0276_ (net)
                  0.08    0.00    1.83 ^ _0837_/A (sky130_fd_sc_hd__nor2_2)
                  0.06    0.08    1.91 v _0837_/Y (sky130_fd_sc_hd__nor2_2)
     5    0.02                           _0280_ (net)
                  0.06    0.00    1.91 v _0866_/A1 (sky130_fd_sc_hd__o41a_2)
                  0.09    0.55    2.46 v _0866_/X (sky130_fd_sc_hd__o41a_2)
     3    0.01                           _0307_ (net)
                  0.09    0.00    2.46 v _0901_/B (sky130_fd_sc_hd__or4_4)
                  0.09    0.56    3.02 v _0901_/X (sky130_fd_sc_hd__or4_4)
     2    0.01                           _0338_ (net)
                  0.09    0.00    3.02 v _0903_/A2 (sky130_fd_sc_hd__o21a_4)
                  0.07    0.27    3.28 v _0903_/X (sky130_fd_sc_hd__o21a_4)
     9    0.04                           _0340_ (net)
                  0.07    0.00    3.28 v _0981_/A1 (sky130_fd_sc_hd__o211a_2)
                  0.05    0.29    3.57 v _0981_/X (sky130_fd_sc_hd__o211a_2)
     2    0.01                           _0413_ (net)
                  0.05    0.00    3.57 v _1390_/A (sky130_fd_sc_hd__or3_4)
                  0.07    0.41    3.98 v _1390_/X (sky130_fd_sc_hd__or3_4)
     1    0.01                           _0720_ (net)
                  0.07    0.00    3.98 v _1391_/B (sky130_fd_sc_hd__xor2_2)
                  0.33    0.32    4.29 ^ _1391_/X (sky130_fd_sc_hd__xor2_2)
     6    0.03                           _0721_ (net)
                  0.33    0.00    4.30 ^ _1393_/A (sky130_fd_sc_hd__buf_4)
                  0.12    0.26    4.56 ^ _1393_/X (sky130_fd_sc_hd__buf_4)
    10    0.04                           _0722_ (net)
                  0.12    0.00    4.56 ^ _1415_/A (sky130_fd_sc_hd__and2_2)
                  0.04    0.16    4.71 ^ _1415_/X (sky130_fd_sc_hd__and2_2)
     1    0.00                           _0053_ (net)
                  0.04    0.00    4.71 ^ _1416_/A (sky130_fd_sc_hd__buf_1)
                  0.64    0.52    5.23 ^ _1416_/X (sky130_fd_sc_hd__buf_1)
     2    0.04                           pmatrix_row_out_n[2] (net)
                  0.64    0.00    5.23 ^ _1737_/A (sky130_fd_sc_hd__buf_2)
                  0.17    0.34    5.58 ^ _1737_/X (sky130_fd_sc_hd__buf_2)
     1    0.03                           pmatrix_rowon_out_n[1] (net)
                  0.17    0.00    5.58 ^ pmatrix_rowon_out_n[1] (out)
                                  5.58   data arrival time

                  0.00   20.00   20.00   clock clk_dig (rise edge)
                          0.00   20.00   clock network delay (ideal)
                         -0.25   19.75   clock uncertainty
                          0.00   19.75   clock reconvergence pessimism
                         -4.00   15.75   output external delay
                                 15.75   data required time
-----------------------------------------------------------------------------
                                 15.75   data required time
                                 -5.58   data arrival time
-----------------------------------------------------------------------------
                                 10.17   slack (MET)



===========================================================================
report_checks --slack_max -0.01
============================================================================
No paths found.
check_report_end
check_slew

===========================================================================
 report_check_types -max_slew -max_cap -max_fanout -violators
============================================================================
max slew

Pin                                    Limit    Slew   Slack
------------------------------------------------------------
rst_n                                   1.50    2.07   -0.57 (VIOLATED)
_1631_/RESET_B                          1.50    2.07   -0.57 (VIOLATED)
_1635_/RESET_B                          1.50    2.07   -0.57 (VIOLATED)
_1636_/RESET_B                          1.50    2.07   -0.57 (VIOLATED)
_1629_/RESET_B                          1.50    2.07   -0.57 (VIOLATED)
_1623_/RESET_B                          1.50    2.07   -0.57 (VIOLATED)
_1624_/RESET_B                          1.50    2.07   -0.57 (VIOLATED)
_1664_/RESET_B                          1.50    2.07   -0.57 (VIOLATED)
_1688_/RESET_B                          1.50    2.07   -0.57 (VIOLATED)
_1630_/RESET_B                          1.50    2.07   -0.57 (VIOLATED)
_1634_/RESET_B                          1.50    2.07   -0.57 (VIOLATED)
_1667_/RESET_B                          1.50    2.07   -0.57 (VIOLATED)
_1633_/RESET_B                          1.50    2.07   -0.57 (VIOLATED)
_1632_/RESET_B                          1.50    2.07   -0.57 (VIOLATED)
_1672_/RESET_B                          1.50    2.07   -0.57 (VIOLATED)
_1673_/RESET_B                          1.50    2.07   -0.57 (VIOLATED)
_1686_/RESET_B                          1.50    2.07   -0.57 (VIOLATED)
_1670_/RESET_B                          1.50    2.07   -0.57 (VIOLATED)
_1671_/RESET_B                          1.50    2.07   -0.57 (VIOLATED)
_1669_/RESET_B                          1.50    2.07   -0.57 (VIOLATED)
_1668_/RESET_B                          1.50    2.07   -0.57 (VIOLATED)
_1666_/RESET_B                          1.50    2.07   -0.57 (VIOLATED)
_1665_/RESET_B                          1.50    2.07   -0.57 (VIOLATED)
_1687_/RESET_B                          1.50    2.07   -0.57 (VIOLATED)
_1684_/RESET_B                          1.50    2.07   -0.57 (VIOLATED)
_1662_/RESET_B                          1.50    2.07   -0.57 (VIOLATED)
_1663_/RESET_B                          1.50    2.07   -0.57 (VIOLATED)
_1685_/RESET_B                          1.50    2.07   -0.57 (VIOLATED)
_1682_/RESET_B                          1.50    2.07   -0.57 (VIOLATED)
_1709_/RESET_B                          1.50    2.07   -0.57 (VIOLATED)
_1708_/RESET_B                          1.50    2.07   -0.57 (VIOLATED)
_1622_/RESET_B                          1.50    2.07   -0.57 (VIOLATED)
_1704_/RESET_B                          1.50    2.07   -0.57 (VIOLATED)
_1707_/RESET_B                          1.50    2.07   -0.57 (VIOLATED)
_1615_/RESET_B                          1.50    2.07   -0.57 (VIOLATED)
_1616_/RESET_B                          1.50    2.07   -0.57 (VIOLATED)
_1614_/RESET_B                          1.50    2.07   -0.57 (VIOLATED)
_1710_/RESET_B                          1.50    2.07   -0.57 (VIOLATED)
_1711_/RESET_B                          1.50    2.07   -0.57 (VIOLATED)
_1620_/RESET_B                          1.50    2.07   -0.57 (VIOLATED)
_1621_/RESET_B                          1.50    2.07   -0.57 (VIOLATED)
_1617_/RESET_B                          1.50    2.07   -0.57 (VIOLATED)
_1705_/RESET_B                          1.50    2.07   -0.57 (VIOLATED)
_1619_/RESET_B                          1.50    2.07   -0.57 (VIOLATED)
_1618_/RESET_B                          1.50    2.07   -0.57 (VIOLATED)
_1706_/RESET_B                          1.50    2.07   -0.57 (VIOLATED)
_1613_/RESET_B                          1.50    2.07   -0.57 (VIOLATED)
_1610_/RESET_B                          1.50    2.07   -0.57 (VIOLATED)
_1652_/RESET_B                          1.50    2.07   -0.57 (VIOLATED)
_1651_/RESET_B                          1.50    2.07   -0.57 (VIOLATED)
_1689_/RESET_B                          1.50    2.07   -0.57 (VIOLATED)
_1660_/RESET_B                          1.50    2.07   -0.57 (VIOLATED)
_1661_/RESET_B                          1.50    2.07   -0.57 (VIOLATED)
_1659_/RESET_B                          1.50    2.07   -0.57 (VIOLATED)
_1658_/RESET_B                          1.50    2.07   -0.57 (VIOLATED)
_1703_/RESET_B                          1.50    2.07   -0.57 (VIOLATED)
_1611_/RESET_B                          1.50    2.07   -0.57 (VIOLATED)
_1612_/RESET_B                          1.50    2.07   -0.57 (VIOLATED)
_1638_/RESET_B                          1.50    2.07   -0.57 (VIOLATED)
_1700_/RESET_B                          1.50    2.07   -0.57 (VIOLATED)
_1693_/RESET_B                          1.50    2.07   -0.57 (VIOLATED)
_1694_/RESET_B                          1.50    2.07   -0.57 (VIOLATED)
_1653_/RESET_B                          1.50    2.07   -0.57 (VIOLATED)
_1637_/SET_B                            1.50    2.07   -0.57 (VIOLATED)
_1628_/SET_B                            1.50    2.07   -0.57 (VIOLATED)
_1627_/RESET_B                          1.50    2.07   -0.57 (VIOLATED)
_1680_/RESET_B                          1.50    2.07   -0.57 (VIOLATED)
_1677_/RESET_B                          1.50    2.07   -0.57 (VIOLATED)
_1625_/RESET_B                          1.50    2.07   -0.57 (VIOLATED)
_1676_/RESET_B                          1.50    2.07   -0.57 (VIOLATED)
_1626_/RESET_B                          1.50    2.07   -0.57 (VIOLATED)
_1674_/RESET_B                          1.50    2.07   -0.57 (VIOLATED)
_1678_/RESET_B                          1.50    2.07   -0.57 (VIOLATED)
_1675_/RESET_B                          1.50    2.07   -0.57 (VIOLATED)
_1679_/RESET_B                          1.50    2.07   -0.57 (VIOLATED)
_1681_/RESET_B                          1.50    2.07   -0.57 (VIOLATED)
_1655_/RESET_B                          1.50    2.07   -0.57 (VIOLATED)
_1654_/RESET_B                          1.50    2.07   -0.57 (VIOLATED)
_1683_/RESET_B                          1.50    2.07   -0.57 (VIOLATED)
_1656_/RESET_B                          1.50    2.07   -0.57 (VIOLATED)
_1650_/RESET_B                          1.50    2.07   -0.57 (VIOLATED)
_1696_/RESET_B                          1.50    2.07   -0.57 (VIOLATED)
_1639_/RESET_B                          1.50    2.07   -0.57 (VIOLATED)
_1713_/RESET_B                          1.50    2.07   -0.57 (VIOLATED)
_1712_/RESET_B                          1.50    2.07   -0.57 (VIOLATED)
_1657_/RESET_B                          1.50    2.07   -0.57 (VIOLATED)
_1702_/RESET_B                          1.50    2.07   -0.57 (VIOLATED)
_1701_/RESET_B                          1.50    2.07   -0.57 (VIOLATED)
_1690_/SET_B                            1.50    2.07   -0.57 (VIOLATED)
_1692_/RESET_B                          1.50    2.07   -0.57 (VIOLATED)
_1645_/RESET_B                          1.50    2.07   -0.57 (VIOLATED)
_1646_/RESET_B                          1.50    2.07   -0.57 (VIOLATED)
_1647_/RESET_B                          1.50    2.07   -0.57 (VIOLATED)
_1648_/RESET_B                          1.50    2.07   -0.57 (VIOLATED)
_1649_/RESET_B                          1.50    2.07   -0.57 (VIOLATED)
_1644_/RESET_B                          1.50    2.07   -0.57 (VIOLATED)
_1691_/RESET_B                          1.50    2.07   -0.57 (VIOLATED)
_1643_/RESET_B                          1.50    2.07   -0.57 (VIOLATED)
_1642_/RESET_B                          1.50    2.07   -0.57 (VIOLATED)
_1641_/RESET_B                          1.50    2.07   -0.57 (VIOLATED)
_1714_/RESET_B                          1.50    2.07   -0.57 (VIOLATED)
_1640_/RESET_B                          1.50    2.07   -0.57 (VIOLATED)
_1699_/RESET_B                          1.50    2.07   -0.57 (VIOLATED)
_1698_/RESET_B                          1.50    2.07   -0.57 (VIOLATED)
_1697_/RESET_B                          1.50    2.07   -0.57 (VIOLATED)
_1695_/RESET_B                          1.50    2.07   -0.57 (VIOLATED)

max fanout

Pin                                   Limit Fanout  Slack
---------------------------------------------------------
rst_n                                    10    105    -95 (VIOLATED)
clk_dig_in                               10     58    -48 (VIOLATED)
_1623_/Q                                 10     48    -38 (VIOLATED)
_1637_/Q                                 10     11        (VIOLATED)

max capacitance

Pin                                    Limit     Cap   Slack
------------------------------------------------------------
rst_n                                   0.33    0.47   -0.14 (VIOLATED)


===========================================================================
max slew violation count 106
max fanout violation count 4
max cap violation count 1
============================================================================
check_slew_end
tns_report

===========================================================================
 report_tns
============================================================================
tns 0.00
tns_report_end
wns_report

===========================================================================
 report_wns
============================================================================
wns 0.00
wns_report_end
worst_slack

===========================================================================
 report_worst_slack -max (Setup)
============================================================================
worst slack 10.17

===========================================================================
 report_worst_slack -min (Hold)
============================================================================
worst slack 4.32
worst_slack_end
clock_skew

===========================================================================
 report_clock_skew
============================================================================
Clock clk_dig
No launch/capture paths found.

clock_skew_end
power_report

===========================================================================
 report_power
============================================================================
Group                  Internal  Switching    Leakage      Total
                          Power      Power      Power      Power (Watts)
----------------------------------------------------------------
Sequential             2.10e-05   3.31e-05   8.39e-10   5.41e-05  43.4%
Combinational          4.28e-05   2.78e-05   3.34e-09   7.06e-05  56.6%
Macro                  0.00e+00   0.00e+00   0.00e+00   0.00e+00   0.0%
Pad                    0.00e+00   0.00e+00   0.00e+00   0.00e+00   0.0%
----------------------------------------------------------------
Total                  6.38e-05   6.10e-05   4.18e-09   1.25e-04 100.0%
                          51.1%      48.9%       0.0%
power_report_end
area_report

===========================================================================
 report_design_area
============================================================================
Design area 11064 u^2 53% utilization.
area_report_end
