OpenROAD v2.0-3879-g0b8b7ae25 
This program is licensed under the BSD-3 license. See the LICENSE file for details.
Components of this program may be licensed under more restrictive licenses which must be honored.
[INFO ODB-0222] Reading LEF file: /foss/designs/SKY130_SAR-ADC/openlane/adc_clkgen_with_edgedetect/runs/kasleberkas/tmp/merged.unpadded.nom.lef
[INFO ODB-0223]     Created 13 technology layers
[INFO ODB-0224]     Created 25 technology vias
[INFO ODB-0225]     Created 442 library cells
[INFO ODB-0226] Finished LEF file:  /foss/designs/SKY130_SAR-ADC/openlane/adc_clkgen_with_edgedetect/runs/kasleberkas/tmp/merged.unpadded.nom.lef
[INFO ODB-0127] Reading DEF file: /foss/designs/SKY130_SAR-ADC/openlane/adc_clkgen_with_edgedetect/runs/kasleberkas/tmp/placement/8-global.def
[INFO ODB-0128] Design: adc_clkgen_with_edgedetect
[INFO ODB-0130]     Created 7 pins.
[INFO ODB-0131]     Created 194 components and 839 component-terminals.
[INFO ODB-0132]     Created 4 special nets and 650 connections.
[INFO ODB-0133]     Created 96 nets and 189 connections.
[INFO ODB-0134] Finished DEF file: /foss/designs/SKY130_SAR-ADC/openlane/adc_clkgen_with_edgedetect/runs/kasleberkas/tmp/placement/8-global.def
Placement Analysis
---------------------------------
total displacement       2447.7 u
average displacement       12.6 u
max displacement           81.1 u
original HPWL             793.8 u
legalized HPWL           2505.4 u
delta HPWL                  216 %

[INFO DPL-0020] Mirrored 42 instances
[INFO DPL-0021] HPWL before            2505.4 u
[INFO DPL-0022] HPWL after             2186.9 u
[INFO DPL-0023] HPWL delta              -12.7 %
