
===========================================================================
report_checks -unconstrained
============================================================================
Startpoint: start_conv (input port clocked by __VIRTUAL_CLK__)
Endpoint: clkgen.delay_100ns_3.genblk1[1].delay_unit/in (internal pin)
Path Group: (none)
Path Type: max

Fanout     Cap    Slew   Delay    Time   Description
-----------------------------------------------------------------------------
                          2.00    2.00 v input external delay
                  0.02    0.02    2.02 v start_conv (in)
     2    0.01                           start_conv (net)
                  0.02    0.00    2.02 v _2_/B (sky130_fd_sc_hd__and2b_2)
                  0.04    0.19    2.20 v _2_/X (sky130_fd_sc_hd__and2b_2)
     1    0.00                           _0_ (net)
                  0.04    0.00    2.20 v _3_/A2 (sky130_fd_sc_hd__o21ba_2)
                  0.05    0.22    2.42 v _3_/X (sky130_fd_sc_hd__o21ba_2)
     1    0.01                           clkgen.delay_100ns_3._intsig_a_[1] (net)
                  0.05    0.00    2.42 v clkgen.delay_100ns_3.genblk1[1].delay_unit/in (sky130_mm_sc_hd_dlyPoly6ns)
                                  2.42   data arrival time
-----------------------------------------------------------------------------
(Path is unconstrained)



===========================================================================
report_checks --slack_max -0.01
============================================================================
No paths found.
