OpenROAD v2.0-4818-g4174c3ad8 
This program is licensed under the BSD-3 license. See the LICENSE file for details.
Components of this program may be licensed under more restrictive licenses which must be honored.
[INFO ODB-0222] Reading LEF file: /foss/designs/SKY130_SAR-ADC/openlane/adc_core_digital/runs/leberkaskrapfen/tmp/merged.nom.lef
[WARNING ODB-0220] WARNING (LEFPARS-2036): SOURCE statement is obsolete in version 5.6 and later.
The LEF parser will ignore this statement.
To avoid this warning in the future, remove this statement from the LEF file with version 5.6 or later. See file /foss/designs/SKY130_SAR-ADC/openlane/adc_core_digital/runs/leberkaskrapfen/tmp/merged.nom.lef at line 68342.

[INFO ODB-0223]     Created 13 technology layers
[INFO ODB-0224]     Created 25 technology vias
[INFO ODB-0225]     Created 441 library cells
[INFO ODB-0226] Finished LEF file:  /foss/designs/SKY130_SAR-ADC/openlane/adc_core_digital/runs/leberkaskrapfen/tmp/merged.nom.lef
[INFO ODB-0127] Reading DEF file: /foss/designs/SKY130_SAR-ADC/openlane/adc_core_digital/runs/leberkaskrapfen/tmp/cts/14-resizer_timing.buffers_removed.def
[INFO ODB-0128] Design: adc_core_digital
[INFO ODB-0130]     Created 195 pins.
[INFO ODB-0131]     Created 1626 components and 10049 component-terminals.
[INFO ODB-0132]     Created 4 special nets and 5900 connections.
[INFO ODB-0133]     Created 1253 nets and 4143 connections.
[INFO ODB-0134] Finished DEF file: /foss/designs/SKY130_SAR-ADC/openlane/adc_core_digital/runs/leberkaskrapfen/tmp/cts/14-resizer_timing.buffers_removed.def
[WARNING STA-0357] virtual clock clk_dig can not be propagated.
[INFO]: Setting signal min routing layer to: met1 and clock min routing layer to met1. 
[INFO]: Setting signal max routing layer to: met4 and clock max routing layer to met4. 
-congestion_iterations 50 -verbose
[INFO GRT-0020] Min routing layer: met1
[INFO GRT-0021] Max routing layer: met4
[INFO GRT-0022] Global adjustment: 30%
[INFO GRT-0023] Grid origin: (0, 0)
[INFO GRT-0043] No OR_DEFAULT vias defined.
[INFO GRT-0088] Layer li1     Track-Pitch = 0.4600  line-2-Via Pitch: 0.3400
[INFO GRT-0088] Layer met1    Track-Pitch = 0.3400  line-2-Via Pitch: 0.3400
[INFO GRT-0088] Layer met2    Track-Pitch = 0.4600  line-2-Via Pitch: 0.3500
[INFO GRT-0088] Layer met3    Track-Pitch = 0.6800  line-2-Via Pitch: 0.6150
[INFO GRT-0088] Layer met4    Track-Pitch = 0.9200  line-2-Via Pitch: 0.6150
[INFO GRT-0019] Found 0 clock nets.
[INFO GRT-0001] Minimum degree: 2
[INFO GRT-0002] Maximum degree: 11
[INFO GRT-0003] Macros: 0
[INFO GRT-0004] Blockages: 1786

[INFO GRT-0053] Routing resources analysis:
          Routing      Original      Derated      Resource
Layer     Direction    Resources     Resources    Reduction (%)
---------------------------------------------------------------
li1        Vertical            0             0          0.00%
met1       Horizontal      10560          6174          41.53%
met2       Vertical         7920          5389          31.96%
met3       Horizontal       5280          3633          31.19%
met4       Vertical         3696          2231          39.64%
---------------------------------------------------------------

[INFO GRT-0101] Running extra iterations to remove overflow.
[INFO GRT-0197] Via related to pin nodes: 5847
[INFO GRT-0198] Via related Steiner nodes: 195
[INFO GRT-0199] Via filling finished.
[INFO GRT-0111] Final number of vias: 6839
[INFO GRT-0112] Final usage 3D: 27018

[INFO GRT-0096] Final congestion report:
Layer         Resource        Demand        Usage (%)    Max H / Max V / Total Overflow
---------------------------------------------------------------------------------------
li1                  0             0            0.00%             0 /  0 /  0
met1              6174          3059           49.55%             0 /  0 /  0
met2              5389          2777           51.53%             0 /  0 /  0
met3              3633           426           11.73%             0 /  0 /  0
met4              2231           239           10.71%             0 /  0 /  0
---------------------------------------------------------------------------------------
Total            17427          6501           37.30%             0 /  0 /  0

[INFO GRT-0018] Total wirelength: 72912 um
[INFO GRT-0014] Routed nets: 1227
[INFO]: Setting RC values...
[INFO RSZ-0033] No hold violations found.
[WARNING DPL-0037] Use remove_fillers before detailed placement.
Placement Analysis
---------------------------------
total displacement          0.0 u
average displacement        0.0 u
max displacement            0.0 u
original HPWL           40990.9 u
legalized HPWL          42090.3 u
delta HPWL                    3 %

[INFO DPL-0020] Mirrored 535 instances
[INFO DPL-0021] HPWL before           42090.3 u
[INFO DPL-0022] HPWL after            40990.9 u
[INFO DPL-0023] HPWL delta               -2.6 %
min_report

===========================================================================
report_checks -path_delay min (Hold)
============================================================================
Startpoint: _1675_ (rising edge-triggered flip-flop)
Endpoint: result_out[1] (output port clocked by clk_dig)
Path Group: clk_dig
Path Type: min

Fanout     Cap    Slew   Delay    Time   Description
-----------------------------------------------------------------------------
                  0.09    0.00    0.00 ^ _1675_/CLK (sky130_fd_sc_hd__dfrtp_4)
                  0.05    0.39    0.39 ^ _1675_/Q (sky130_fd_sc_hd__dfrtp_4)
     2    0.01                           net149 (net)
                  0.05    0.00    0.39 ^ output149/A (sky130_fd_sc_hd__buf_4)
                  0.11    0.15    0.54 ^ output149/X (sky130_fd_sc_hd__buf_4)
     1    0.03                           result_out[1] (net)
                  0.11    0.00    0.54 ^ result_out[1] (out)
                                  0.54   data arrival time

                  0.00    0.00    0.00   clock clk_dig (rise edge)
                          0.00    0.00   clock network delay (ideal)
                          0.25    0.25   clock uncertainty
                          0.00    0.25   clock reconvergence pessimism
                         -4.00   -3.75   output external delay
                                 -3.75   data required time
-----------------------------------------------------------------------------
                                 -3.75   data required time
                                 -0.54   data arrival time
-----------------------------------------------------------------------------
                                  4.29   slack (MET)


Startpoint: _1683_ (rising edge-triggered flip-flop)
Endpoint: result_out[9] (output port clocked by clk_dig)
Path Group: clk_dig
Path Type: min

Fanout     Cap    Slew   Delay    Time   Description
-----------------------------------------------------------------------------
                  0.10    0.00    0.00 ^ _1683_/CLK (sky130_fd_sc_hd__dfrtp_2)
                  0.08    0.38    0.38 ^ _1683_/Q (sky130_fd_sc_hd__dfrtp_2)
     2    0.01                           net157 (net)
                  0.08    0.00    0.38 ^ output157/A (sky130_fd_sc_hd__buf_4)
                  0.11    0.17    0.54 ^ output157/X (sky130_fd_sc_hd__buf_4)
     1    0.03                           result_out[9] (net)
                  0.11    0.00    0.54 ^ result_out[9] (out)
                                  0.54   data arrival time

                  0.00    0.00    0.00   clock clk_dig (rise edge)
                          0.00    0.00   clock network delay (ideal)
                          0.25    0.25   clock uncertainty
                          0.00    0.25   clock reconvergence pessimism
                         -4.00   -3.75   output external delay
                                 -3.75   data required time
-----------------------------------------------------------------------------
                                 -3.75   data required time
                                 -0.54   data arrival time
-----------------------------------------------------------------------------
                                  4.29   slack (MET)


Startpoint: _1685_ (rising edge-triggered flip-flop)
Endpoint: result_out[11] (output port clocked by clk_dig)
Path Group: clk_dig
Path Type: min

Fanout     Cap    Slew   Delay    Time   Description
-----------------------------------------------------------------------------
                  0.09    0.00    0.00 ^ _1685_/CLK (sky130_fd_sc_hd__dfrtp_2)
                  0.09    0.38    0.38 ^ _1685_/Q (sky130_fd_sc_hd__dfrtp_2)
     2    0.01                           net144 (net)
                  0.09    0.00    0.38 ^ output144/A (sky130_fd_sc_hd__buf_4)
                  0.11    0.17    0.54 ^ output144/X (sky130_fd_sc_hd__buf_4)
     1    0.03                           result_out[11] (net)
                  0.11    0.00    0.55 ^ result_out[11] (out)
                                  0.55   data arrival time

                  0.00    0.00    0.00   clock clk_dig (rise edge)
                          0.00    0.00   clock network delay (ideal)
                          0.25    0.25   clock uncertainty
                          0.00    0.25   clock reconvergence pessimism
                         -4.00   -3.75   output external delay
                                 -3.75   data required time
-----------------------------------------------------------------------------
                                 -3.75   data required time
                                 -0.55   data arrival time
-----------------------------------------------------------------------------
                                  4.30   slack (MET)


Startpoint: _1676_ (rising edge-triggered flip-flop)
Endpoint: result_out[2] (output port clocked by clk_dig)
Path Group: clk_dig
Path Type: min

Fanout     Cap    Slew   Delay    Time   Description
-----------------------------------------------------------------------------
                  0.09    0.00    0.00 ^ _1676_/CLK (sky130_fd_sc_hd__dfrtp_4)
                  0.06    0.39    0.39 ^ _1676_/Q (sky130_fd_sc_hd__dfrtp_4)
     2    0.01                           net150 (net)
                  0.06    0.00    0.39 ^ output150/A (sky130_fd_sc_hd__buf_4)
                  0.10    0.15    0.55 ^ output150/X (sky130_fd_sc_hd__buf_4)
     1    0.03                           result_out[2] (net)
                  0.10    0.00    0.55 ^ result_out[2] (out)
                                  0.55   data arrival time

                  0.00    0.00    0.00   clock clk_dig (rise edge)
                          0.00    0.00   clock network delay (ideal)
                          0.25    0.25   clock uncertainty
                          0.00    0.25   clock reconvergence pessimism
                         -4.00   -3.75   output external delay
                                 -3.75   data required time
-----------------------------------------------------------------------------
                                 -3.75   data required time
                                 -0.55   data arrival time
-----------------------------------------------------------------------------
                                  4.30   slack (MET)


Startpoint: _1678_ (rising edge-triggered flip-flop)
Endpoint: result_out[4] (output port clocked by clk_dig)
Path Group: clk_dig
Path Type: min

Fanout     Cap    Slew   Delay    Time   Description
-----------------------------------------------------------------------------
                  0.09    0.00    0.00 ^ _1678_/CLK (sky130_fd_sc_hd__dfrtp_4)
                  0.06    0.40    0.40 ^ _1678_/Q (sky130_fd_sc_hd__dfrtp_4)
     2    0.01                           net152 (net)
                  0.06    0.00    0.40 ^ output152/A (sky130_fd_sc_hd__buf_4)
                  0.11    0.16    0.55 ^ output152/X (sky130_fd_sc_hd__buf_4)
     1    0.03                           result_out[4] (net)
                  0.11    0.00    0.55 ^ result_out[4] (out)
                                  0.55   data arrival time

                  0.00    0.00    0.00   clock clk_dig (rise edge)
                          0.00    0.00   clock network delay (ideal)
                          0.25    0.25   clock uncertainty
                          0.00    0.25   clock reconvergence pessimism
                         -4.00   -3.75   output external delay
                                 -3.75   data required time
-----------------------------------------------------------------------------
                                 -3.75   data required time
                                 -0.55   data arrival time
-----------------------------------------------------------------------------
                                  4.30   slack (MET)


min_report_end
max_report

===========================================================================
report_checks -path_delay max (Setup)
============================================================================
Startpoint: _1639_ (rising edge-triggered flip-flop)
Endpoint: pmatrix_rowon_out_n[14] (output port clocked by clk_dig)
Path Group: clk_dig
Path Type: max

Fanout     Cap    Slew   Delay    Time   Description
-----------------------------------------------------------------------------
                  0.10    0.00    0.00 ^ _1639_/CLK (sky130_fd_sc_hd__dfrtp_2)
                  0.13    0.53    0.53 v _1639_/Q (sky130_fd_sc_hd__dfrtp_2)
     7    0.04                           cnb.shift_register_r[2] (net)
                  0.13    0.00    0.53 v _0783_/A (sky130_fd_sc_hd__or3_2)
                  0.09    0.55    1.08 v _0783_/X (sky130_fd_sc_hd__or3_2)
     1    0.01                           _0230_ (net)
                  0.09    0.00    1.08 v _0784_/A (sky130_fd_sc_hd__buf_6)
                  0.05    0.17    1.25 v _0784_/X (sky130_fd_sc_hd__buf_6)
    10    0.04                           _0231_ (net)
                  0.05    0.00    1.25 v _0798_/A (sky130_fd_sc_hd__or4_2)
                  0.10    0.69    1.94 v _0798_/X (sky130_fd_sc_hd__or4_2)
     1    0.00                           _0245_ (net)
                  0.10    0.00    1.94 v _0799_/A (sky130_fd_sc_hd__buf_4)
                  0.06    0.21    2.15 v _0799_/X (sky130_fd_sc_hd__buf_4)
    10    0.04                           _0246_ (net)
                  0.06    0.00    2.15 v _0858_/A1 (sky130_fd_sc_hd__o22a_2)
                  0.05    0.27    2.42 v _0858_/X (sky130_fd_sc_hd__o22a_2)
     3    0.01                           _0299_ (net)
                  0.05    0.00    2.42 v _0859_/C (sky130_fd_sc_hd__and3_2)
                  0.06    0.25    2.66 v _0859_/X (sky130_fd_sc_hd__and3_2)
     2    0.01                           _0300_ (net)
                  0.06    0.00    2.66 v _0901_/A (sky130_fd_sc_hd__or4_2)
                  0.12    0.73    3.39 v _0901_/X (sky130_fd_sc_hd__or4_2)
     2    0.01                           _0338_ (net)
                  0.12    0.00    3.39 v _0903_/A2 (sky130_fd_sc_hd__o21a_4)
                  0.09    0.30    3.70 v _0903_/X (sky130_fd_sc_hd__o21a_4)
     9    0.05                           _0340_ (net)
                  0.09    0.00    3.70 v _0981_/A1 (sky130_fd_sc_hd__o211a_2)
                  0.05    0.30    3.99 v _0981_/X (sky130_fd_sc_hd__o211a_2)
     2    0.01                           _0413_ (net)
                  0.05    0.00    3.99 v _1390_/A (sky130_fd_sc_hd__or3_4)
                  0.09    0.43    4.43 v _1390_/X (sky130_fd_sc_hd__or3_4)
     1    0.02                           _0720_ (net)
                  0.09    0.00    4.43 v _1391_/B (sky130_fd_sc_hd__xor2_4)
                  0.12    0.22    4.65 v _1391_/X (sky130_fd_sc_hd__xor2_4)
     6    0.04                           _0721_ (net)
                  0.12    0.00    4.65 v _1429_/D (sky130_fd_sc_hd__or4_2)
                  0.11    0.60    5.24 v _1429_/X (sky130_fd_sc_hd__or4_2)
     1    0.00                           _0056_ (net)
                  0.11    0.00    5.24 v _1430_/A (sky130_fd_sc_hd__buf_2)
                  0.06    0.19    5.43 v _1430_/X (sky130_fd_sc_hd__buf_2)
     2    0.02                           net117 (net)
                  0.06    0.00    5.43 v _1750_/A (sky130_fd_sc_hd__buf_1)
                  0.03    0.10    5.53 v _1750_/X (sky130_fd_sc_hd__buf_1)
     1    0.00                           net132 (net)
                  0.03    0.00    5.53 v output132/A (sky130_fd_sc_hd__buf_4)
                  0.06    0.17    5.70 v output132/X (sky130_fd_sc_hd__buf_4)
     1    0.03                           pmatrix_rowon_out_n[14] (net)
                  0.06    0.00    5.70 v pmatrix_rowon_out_n[14] (out)
                                  5.70   data arrival time

                  0.00   20.00   20.00   clock clk_dig (rise edge)
                          0.00   20.00   clock network delay (ideal)
                         -0.25   19.75   clock uncertainty
                          0.00   19.75   clock reconvergence pessimism
                         -4.00   15.75   output external delay
                                 15.75   data required time
-----------------------------------------------------------------------------
                                 15.75   data required time
                                 -5.70   data arrival time
-----------------------------------------------------------------------------
                                 10.05   slack (MET)


Startpoint: _1639_ (rising edge-triggered flip-flop)
Endpoint: pmatrix_rowon_out_n[0] (output port clocked by clk_dig)
Path Group: clk_dig
Path Type: max

Fanout     Cap    Slew   Delay    Time   Description
-----------------------------------------------------------------------------
                  0.10    0.00    0.00 ^ _1639_/CLK (sky130_fd_sc_hd__dfrtp_2)
                  0.13    0.53    0.53 v _1639_/Q (sky130_fd_sc_hd__dfrtp_2)
     7    0.04                           cnb.shift_register_r[2] (net)
                  0.13    0.00    0.53 v _0783_/A (sky130_fd_sc_hd__or3_2)
                  0.09    0.55    1.08 v _0783_/X (sky130_fd_sc_hd__or3_2)
     1    0.01                           _0230_ (net)
                  0.09    0.00    1.08 v _0784_/A (sky130_fd_sc_hd__buf_6)
                  0.05    0.17    1.25 v _0784_/X (sky130_fd_sc_hd__buf_6)
    10    0.04                           _0231_ (net)
                  0.05    0.00    1.25 v _0798_/A (sky130_fd_sc_hd__or4_2)
                  0.10    0.69    1.94 v _0798_/X (sky130_fd_sc_hd__or4_2)
     1    0.00                           _0245_ (net)
                  0.10    0.00    1.94 v _0799_/A (sky130_fd_sc_hd__buf_4)
                  0.06    0.21    2.15 v _0799_/X (sky130_fd_sc_hd__buf_4)
    10    0.04                           _0246_ (net)
                  0.06    0.00    2.15 v _0858_/A1 (sky130_fd_sc_hd__o22a_2)
                  0.05    0.27    2.42 v _0858_/X (sky130_fd_sc_hd__o22a_2)
     3    0.01                           _0299_ (net)
                  0.05    0.00    2.42 v _0859_/C (sky130_fd_sc_hd__and3_2)
                  0.06    0.25    2.66 v _0859_/X (sky130_fd_sc_hd__and3_2)
     2    0.01                           _0300_ (net)
                  0.06    0.00    2.66 v _0901_/A (sky130_fd_sc_hd__or4_2)
                  0.12    0.73    3.39 v _0901_/X (sky130_fd_sc_hd__or4_2)
     2    0.01                           _0338_ (net)
                  0.12    0.00    3.39 v _0903_/A2 (sky130_fd_sc_hd__o21a_4)
                  0.09    0.30    3.70 v _0903_/X (sky130_fd_sc_hd__o21a_4)
     9    0.05                           _0340_ (net)
                  0.09    0.00    3.70 v _0981_/A1 (sky130_fd_sc_hd__o211a_2)
                  0.05    0.30    3.99 v _0981_/X (sky130_fd_sc_hd__o211a_2)
     2    0.01                           _0413_ (net)
                  0.05    0.00    3.99 v _1390_/A (sky130_fd_sc_hd__or3_4)
                  0.09    0.43    4.43 v _1390_/X (sky130_fd_sc_hd__or3_4)
     1    0.02                           _0720_ (net)
                  0.09    0.00    4.43 v _1391_/B (sky130_fd_sc_hd__xor2_4)
                  0.33    0.33    4.76 ^ _1391_/X (sky130_fd_sc_hd__xor2_4)
     6    0.04                           _0721_ (net)
                  0.33    0.00    4.76 ^ _1393_/A (sky130_fd_sc_hd__buf_8)
                  0.11    0.22    4.99 ^ _1393_/X (sky130_fd_sc_hd__buf_8)
    10    0.07                           _0722_ (net)
                  0.11    0.00    4.99 ^ _1413_/B (sky130_fd_sc_hd__and3_2)
                  0.04    0.19    5.18 ^ _1413_/X (sky130_fd_sc_hd__and3_2)
     1    0.00                           _0052_ (net)
                  0.04    0.00    5.18 ^ _1414_/A (sky130_fd_sc_hd__buf_2)
                  0.12    0.17    5.35 ^ _1414_/X (sky130_fd_sc_hd__buf_2)
     2    0.02                           net118 (net)
                  0.12    0.00    5.35 ^ _1736_/A (sky130_fd_sc_hd__buf_1)
                  0.05    0.11    5.45 ^ _1736_/X (sky130_fd_sc_hd__buf_1)
     1    0.00                           net127 (net)
                  0.05    0.00    5.45 ^ output127/A (sky130_fd_sc_hd__buf_4)
                  0.11    0.17    5.62 ^ output127/X (sky130_fd_sc_hd__buf_4)
     1    0.03                           pmatrix_rowon_out_n[0] (net)
                  0.11    0.00    5.62 ^ pmatrix_rowon_out_n[0] (out)
                                  5.62   data arrival time

                  0.00   20.00   20.00   clock clk_dig (rise edge)
                          0.00   20.00   clock network delay (ideal)
                         -0.25   19.75   clock uncertainty
                          0.00   19.75   clock reconvergence pessimism
                         -4.00   15.75   output external delay
                                 15.75   data required time
-----------------------------------------------------------------------------
                                 15.75   data required time
                                 -5.62   data arrival time
-----------------------------------------------------------------------------
                                 10.13   slack (MET)


Startpoint: _1639_ (rising edge-triggered flip-flop)
Endpoint: pmatrix_row_out_n[15] (output port clocked by clk_dig)
Path Group: clk_dig
Path Type: max

Fanout     Cap    Slew   Delay    Time   Description
-----------------------------------------------------------------------------
                  0.10    0.00    0.00 ^ _1639_/CLK (sky130_fd_sc_hd__dfrtp_2)
                  0.13    0.53    0.53 v _1639_/Q (sky130_fd_sc_hd__dfrtp_2)
     7    0.04                           cnb.shift_register_r[2] (net)
                  0.13    0.00    0.53 v _0783_/A (sky130_fd_sc_hd__or3_2)
                  0.09    0.55    1.08 v _0783_/X (sky130_fd_sc_hd__or3_2)
     1    0.01                           _0230_ (net)
                  0.09    0.00    1.08 v _0784_/A (sky130_fd_sc_hd__buf_6)
                  0.05    0.17    1.25 v _0784_/X (sky130_fd_sc_hd__buf_6)
    10    0.04                           _0231_ (net)
                  0.05    0.00    1.25 v _0798_/A (sky130_fd_sc_hd__or4_2)
                  0.10    0.69    1.94 v _0798_/X (sky130_fd_sc_hd__or4_2)
     1    0.00                           _0245_ (net)
                  0.10    0.00    1.94 v _0799_/A (sky130_fd_sc_hd__buf_4)
                  0.06    0.21    2.15 v _0799_/X (sky130_fd_sc_hd__buf_4)
    10    0.04                           _0246_ (net)
                  0.06    0.00    2.15 v _0858_/A1 (sky130_fd_sc_hd__o22a_2)
                  0.05    0.27    2.42 v _0858_/X (sky130_fd_sc_hd__o22a_2)
     3    0.01                           _0299_ (net)
                  0.05    0.00    2.42 v _0859_/C (sky130_fd_sc_hd__and3_2)
                  0.06    0.25    2.66 v _0859_/X (sky130_fd_sc_hd__and3_2)
     2    0.01                           _0300_ (net)
                  0.06    0.00    2.66 v _0901_/A (sky130_fd_sc_hd__or4_2)
                  0.12    0.73    3.39 v _0901_/X (sky130_fd_sc_hd__or4_2)
     2    0.01                           _0338_ (net)
                  0.12    0.00    3.39 v _0903_/A2 (sky130_fd_sc_hd__o21a_4)
                  0.09    0.30    3.70 v _0903_/X (sky130_fd_sc_hd__o21a_4)
     9    0.05                           _0340_ (net)
                  0.09    0.00    3.70 v _0981_/A1 (sky130_fd_sc_hd__o211a_2)
                  0.05    0.30    3.99 v _0981_/X (sky130_fd_sc_hd__o211a_2)
     2    0.01                           _0413_ (net)
                  0.05    0.00    3.99 v _1390_/A (sky130_fd_sc_hd__or3_4)
                  0.09    0.43    4.43 v _1390_/X (sky130_fd_sc_hd__or3_4)
     1    0.02                           _0720_ (net)
                  0.09    0.00    4.43 v _1391_/B (sky130_fd_sc_hd__xor2_4)
                  0.12    0.22    4.65 v _1391_/X (sky130_fd_sc_hd__xor2_4)
     6    0.04                           _0721_ (net)
                  0.12    0.00    4.65 v _1429_/D (sky130_fd_sc_hd__or4_2)
                  0.11    0.60    5.24 v _1429_/X (sky130_fd_sc_hd__or4_2)
     1    0.00                           _0056_ (net)
                  0.11    0.00    5.24 v _1430_/A (sky130_fd_sc_hd__buf_2)
                  0.06    0.19    5.43 v _1430_/X (sky130_fd_sc_hd__buf_2)
     2    0.02                           net117 (net)
                  0.06    0.00    5.43 v output117/A (sky130_fd_sc_hd__buf_4)
                  0.06    0.18    5.61 v output117/X (sky130_fd_sc_hd__buf_4)
     1    0.03                           pmatrix_row_out_n[15] (net)
                  0.06    0.00    5.61 v pmatrix_row_out_n[15] (out)
                                  5.61   data arrival time

                  0.00   20.00   20.00   clock clk_dig (rise edge)
                          0.00   20.00   clock network delay (ideal)
                         -0.25   19.75   clock uncertainty
                          0.00   19.75   clock reconvergence pessimism
                         -4.00   15.75   output external delay
                                 15.75   data required time
-----------------------------------------------------------------------------
                                 15.75   data required time
                                 -5.61   data arrival time
-----------------------------------------------------------------------------
                                 10.14   slack (MET)


Startpoint: _1639_ (rising edge-triggered flip-flop)
Endpoint: nmatrix_col_out_n[29] (output port clocked by clk_dig)
Path Group: clk_dig
Path Type: max

Fanout     Cap    Slew   Delay    Time   Description
-----------------------------------------------------------------------------
                  0.10    0.00    0.00 ^ _1639_/CLK (sky130_fd_sc_hd__dfrtp_2)
                  0.13    0.53    0.53 v _1639_/Q (sky130_fd_sc_hd__dfrtp_2)
     7    0.04                           cnb.shift_register_r[2] (net)
                  0.13    0.00    0.53 v _0783_/A (sky130_fd_sc_hd__or3_2)
                  0.09    0.55    1.08 v _0783_/X (sky130_fd_sc_hd__or3_2)
     1    0.01                           _0230_ (net)
                  0.09    0.00    1.08 v _0784_/A (sky130_fd_sc_hd__buf_6)
                  0.05    0.17    1.25 v _0784_/X (sky130_fd_sc_hd__buf_6)
    10    0.04                           _0231_ (net)
                  0.05    0.00    1.25 v _0798_/A (sky130_fd_sc_hd__or4_2)
                  0.10    0.69    1.94 v _0798_/X (sky130_fd_sc_hd__or4_2)
     1    0.00                           _0245_ (net)
                  0.10    0.00    1.94 v _0799_/A (sky130_fd_sc_hd__buf_4)
                  0.06    0.21    2.15 v _0799_/X (sky130_fd_sc_hd__buf_4)
    10    0.04                           _0246_ (net)
                  0.06    0.00    2.15 v _0858_/A1 (sky130_fd_sc_hd__o22a_2)
                  0.05    0.27    2.42 v _0858_/X (sky130_fd_sc_hd__o22a_2)
     3    0.01                           _0299_ (net)
                  0.05    0.00    2.42 v _0859_/C (sky130_fd_sc_hd__and3_2)
                  0.06    0.25    2.66 v _0859_/X (sky130_fd_sc_hd__and3_2)
     2    0.01                           _0300_ (net)
                  0.06    0.00    2.66 v _0901_/A (sky130_fd_sc_hd__or4_2)
                  0.12    0.73    3.39 v _0901_/X (sky130_fd_sc_hd__or4_2)
     2    0.01                           _0338_ (net)
                  0.12    0.00    3.39 v _0903_/A2 (sky130_fd_sc_hd__o21a_4)
                  0.09    0.30    3.70 v _0903_/X (sky130_fd_sc_hd__o21a_4)
     9    0.05                           _0340_ (net)
                  0.09    0.00    3.70 v _0946_/S (sky130_fd_sc_hd__mux2_4)
                  0.07    0.37    4.06 v _0946_/X (sky130_fd_sc_hd__mux2_4)
     2    0.02                           _0380_ (net)
                  0.07    0.00    4.06 v _0952_/A (sky130_fd_sc_hd__or2_2)
                  0.06    0.33    4.39 v _0952_/X (sky130_fd_sc_hd__or2_2)
     1    0.01                           _0386_ (net)
                  0.06    0.00    4.39 v _0953_/A (sky130_fd_sc_hd__buf_6)
                  0.05    0.15    4.55 v _0953_/X (sky130_fd_sc_hd__buf_6)
     8    0.04                           _0387_ (net)
                  0.05    0.00    4.55 v _1125_/A3 (sky130_fd_sc_hd__o41a_4)
                  0.09    0.48    5.03 v _1125_/X (sky130_fd_sc_hd__o41a_4)
     2    0.02                           _0522_ (net)
                  0.09    0.00    5.03 v _1183_/B (sky130_fd_sc_hd__or2_2)
                  0.06    0.30    5.33 v _1183_/X (sky130_fd_sc_hd__or2_2)
     1    0.00                           _0547_ (net)
                  0.06    0.00    5.33 v _1184_/A (sky130_fd_sc_hd__buf_1)
                  0.03    0.10    5.44 v _1184_/X (sky130_fd_sc_hd__buf_1)
     1    0.00                           net36 (net)
                  0.03    0.00    5.44 v output36/A (sky130_fd_sc_hd__buf_4)
                  0.06    0.17    5.61 v output36/X (sky130_fd_sc_hd__buf_4)
     1    0.03                           nmatrix_col_out_n[29] (net)
                  0.06    0.00    5.61 v nmatrix_col_out_n[29] (out)
                                  5.61   data arrival time

                  0.00   20.00   20.00   clock clk_dig (rise edge)
                          0.00   20.00   clock network delay (ideal)
                         -0.25   19.75   clock uncertainty
                          0.00   19.75   clock reconvergence pessimism
                         -4.00   15.75   output external delay
                                 15.75   data required time
-----------------------------------------------------------------------------
                                 15.75   data required time
                                 -5.61   data arrival time
-----------------------------------------------------------------------------
                                 10.14   slack (MET)


Startpoint: _1639_ (rising edge-triggered flip-flop)
Endpoint: pmatrix_rowon_out_n[1] (output port clocked by clk_dig)
Path Group: clk_dig
Path Type: max

Fanout     Cap    Slew   Delay    Time   Description
-----------------------------------------------------------------------------
                  0.10    0.00    0.00 ^ _1639_/CLK (sky130_fd_sc_hd__dfrtp_2)
                  0.13    0.53    0.53 v _1639_/Q (sky130_fd_sc_hd__dfrtp_2)
     7    0.04                           cnb.shift_register_r[2] (net)
                  0.13    0.00    0.53 v _0783_/A (sky130_fd_sc_hd__or3_2)
                  0.09    0.55    1.08 v _0783_/X (sky130_fd_sc_hd__or3_2)
     1    0.01                           _0230_ (net)
                  0.09    0.00    1.08 v _0784_/A (sky130_fd_sc_hd__buf_6)
                  0.05    0.17    1.25 v _0784_/X (sky130_fd_sc_hd__buf_6)
    10    0.04                           _0231_ (net)
                  0.05    0.00    1.25 v _0798_/A (sky130_fd_sc_hd__or4_2)
                  0.10    0.69    1.94 v _0798_/X (sky130_fd_sc_hd__or4_2)
     1    0.00                           _0245_ (net)
                  0.10    0.00    1.94 v _0799_/A (sky130_fd_sc_hd__buf_4)
                  0.06    0.21    2.15 v _0799_/X (sky130_fd_sc_hd__buf_4)
    10    0.04                           _0246_ (net)
                  0.06    0.00    2.15 v _0858_/A1 (sky130_fd_sc_hd__o22a_2)
                  0.05    0.27    2.42 v _0858_/X (sky130_fd_sc_hd__o22a_2)
     3    0.01                           _0299_ (net)
                  0.05    0.00    2.42 v _0859_/C (sky130_fd_sc_hd__and3_2)
                  0.06    0.25    2.66 v _0859_/X (sky130_fd_sc_hd__and3_2)
     2    0.01                           _0300_ (net)
                  0.06    0.00    2.66 v _0901_/A (sky130_fd_sc_hd__or4_2)
                  0.12    0.73    3.39 v _0901_/X (sky130_fd_sc_hd__or4_2)
     2    0.01                           _0338_ (net)
                  0.12    0.00    3.39 v _0903_/A2 (sky130_fd_sc_hd__o21a_4)
                  0.09    0.30    3.70 v _0903_/X (sky130_fd_sc_hd__o21a_4)
     9    0.05                           _0340_ (net)
                  0.09    0.00    3.70 v _0981_/A1 (sky130_fd_sc_hd__o211a_2)
                  0.05    0.30    3.99 v _0981_/X (sky130_fd_sc_hd__o211a_2)
     2    0.01                           _0413_ (net)
                  0.05    0.00    3.99 v _1390_/A (sky130_fd_sc_hd__or3_4)
                  0.09    0.43    4.43 v _1390_/X (sky130_fd_sc_hd__or3_4)
     1    0.02                           _0720_ (net)
                  0.09    0.00    4.43 v _1391_/B (sky130_fd_sc_hd__xor2_4)
                  0.33    0.33    4.76 ^ _1391_/X (sky130_fd_sc_hd__xor2_4)
     6    0.04                           _0721_ (net)
                  0.33    0.00    4.76 ^ _1393_/A (sky130_fd_sc_hd__buf_8)
                  0.11    0.22    4.99 ^ _1393_/X (sky130_fd_sc_hd__buf_8)
    10    0.07                           _0722_ (net)
                  0.11    0.00    4.99 ^ _1415_/A (sky130_fd_sc_hd__and2_2)
                  0.04    0.16    5.14 ^ _1415_/X (sky130_fd_sc_hd__and2_2)
     1    0.00                           _0053_ (net)
                  0.04    0.00    5.14 ^ _1416_/A (sky130_fd_sc_hd__buf_2)
                  0.12    0.17    5.31 ^ _1416_/X (sky130_fd_sc_hd__buf_2)
     2    0.02                           net119 (net)
                  0.12    0.00    5.31 ^ _1737_/A (sky130_fd_sc_hd__buf_1)
                  0.05    0.11    5.42 ^ _1737_/X (sky130_fd_sc_hd__buf_1)
     1    0.00                           net133 (net)
                  0.05    0.00    5.42 ^ output133/A (sky130_fd_sc_hd__buf_4)
                  0.11    0.17    5.60 ^ output133/X (sky130_fd_sc_hd__buf_4)
     1    0.03                           pmatrix_rowon_out_n[1] (net)
                  0.11    0.00    5.60 ^ pmatrix_rowon_out_n[1] (out)
                                  5.60   data arrival time

                  0.00   20.00   20.00   clock clk_dig (rise edge)
                          0.00   20.00   clock network delay (ideal)
                         -0.25   19.75   clock uncertainty
                          0.00   19.75   clock reconvergence pessimism
                         -4.00   15.75   output external delay
                                 15.75   data required time
-----------------------------------------------------------------------------
                                 15.75   data required time
                                 -5.60   data arrival time
-----------------------------------------------------------------------------
                                 10.15   slack (MET)


max_report_end
check_report

===========================================================================
report_checks -unconstrained
============================================================================
Startpoint: _1639_ (rising edge-triggered flip-flop)
Endpoint: pmatrix_rowon_out_n[14] (output port clocked by clk_dig)
Path Group: clk_dig
Path Type: max

Fanout     Cap    Slew   Delay    Time   Description
-----------------------------------------------------------------------------
                  0.10    0.00    0.00 ^ _1639_/CLK (sky130_fd_sc_hd__dfrtp_2)
                  0.13    0.53    0.53 v _1639_/Q (sky130_fd_sc_hd__dfrtp_2)
     7    0.04                           cnb.shift_register_r[2] (net)
                  0.13    0.00    0.53 v _0783_/A (sky130_fd_sc_hd__or3_2)
                  0.09    0.55    1.08 v _0783_/X (sky130_fd_sc_hd__or3_2)
     1    0.01                           _0230_ (net)
                  0.09    0.00    1.08 v _0784_/A (sky130_fd_sc_hd__buf_6)
                  0.05    0.17    1.25 v _0784_/X (sky130_fd_sc_hd__buf_6)
    10    0.04                           _0231_ (net)
                  0.05    0.00    1.25 v _0798_/A (sky130_fd_sc_hd__or4_2)
                  0.10    0.69    1.94 v _0798_/X (sky130_fd_sc_hd__or4_2)
     1    0.00                           _0245_ (net)
                  0.10    0.00    1.94 v _0799_/A (sky130_fd_sc_hd__buf_4)
                  0.06    0.21    2.15 v _0799_/X (sky130_fd_sc_hd__buf_4)
    10    0.04                           _0246_ (net)
                  0.06    0.00    2.15 v _0858_/A1 (sky130_fd_sc_hd__o22a_2)
                  0.05    0.27    2.42 v _0858_/X (sky130_fd_sc_hd__o22a_2)
     3    0.01                           _0299_ (net)
                  0.05    0.00    2.42 v _0859_/C (sky130_fd_sc_hd__and3_2)
                  0.06    0.25    2.66 v _0859_/X (sky130_fd_sc_hd__and3_2)
     2    0.01                           _0300_ (net)
                  0.06    0.00    2.66 v _0901_/A (sky130_fd_sc_hd__or4_2)
                  0.12    0.73    3.39 v _0901_/X (sky130_fd_sc_hd__or4_2)
     2    0.01                           _0338_ (net)
                  0.12    0.00    3.39 v _0903_/A2 (sky130_fd_sc_hd__o21a_4)
                  0.09    0.30    3.70 v _0903_/X (sky130_fd_sc_hd__o21a_4)
     9    0.05                           _0340_ (net)
                  0.09    0.00    3.70 v _0981_/A1 (sky130_fd_sc_hd__o211a_2)
                  0.05    0.30    3.99 v _0981_/X (sky130_fd_sc_hd__o211a_2)
     2    0.01                           _0413_ (net)
                  0.05    0.00    3.99 v _1390_/A (sky130_fd_sc_hd__or3_4)
                  0.09    0.43    4.43 v _1390_/X (sky130_fd_sc_hd__or3_4)
     1    0.02                           _0720_ (net)
                  0.09    0.00    4.43 v _1391_/B (sky130_fd_sc_hd__xor2_4)
                  0.12    0.22    4.65 v _1391_/X (sky130_fd_sc_hd__xor2_4)
     6    0.04                           _0721_ (net)
                  0.12    0.00    4.65 v _1429_/D (sky130_fd_sc_hd__or4_2)
                  0.11    0.60    5.24 v _1429_/X (sky130_fd_sc_hd__or4_2)
     1    0.00                           _0056_ (net)
                  0.11    0.00    5.24 v _1430_/A (sky130_fd_sc_hd__buf_2)
                  0.06    0.19    5.43 v _1430_/X (sky130_fd_sc_hd__buf_2)
     2    0.02                           net117 (net)
                  0.06    0.00    5.43 v _1750_/A (sky130_fd_sc_hd__buf_1)
                  0.03    0.10    5.53 v _1750_/X (sky130_fd_sc_hd__buf_1)
     1    0.00                           net132 (net)
                  0.03    0.00    5.53 v output132/A (sky130_fd_sc_hd__buf_4)
                  0.06    0.17    5.70 v output132/X (sky130_fd_sc_hd__buf_4)
     1    0.03                           pmatrix_rowon_out_n[14] (net)
                  0.06    0.00    5.70 v pmatrix_rowon_out_n[14] (out)
                                  5.70   data arrival time

                  0.00   20.00   20.00   clock clk_dig (rise edge)
                          0.00   20.00   clock network delay (ideal)
                         -0.25   19.75   clock uncertainty
                          0.00   19.75   clock reconvergence pessimism
                         -4.00   15.75   output external delay
                                 15.75   data required time
-----------------------------------------------------------------------------
                                 15.75   data required time
                                 -5.70   data arrival time
-----------------------------------------------------------------------------
                                 10.05   slack (MET)



===========================================================================
report_checks --slack_max -0.01
============================================================================
No paths found.
check_report_end
check_slew

===========================================================================
 report_check_types -max_slew -max_cap -max_fanout -violators
============================================================================

===========================================================================
max slew violation count 0
max fanout violation count 0
max cap violation count 0
============================================================================
check_slew_end
tns_report

===========================================================================
 report_tns
============================================================================
tns 0.00
tns_report_end
wns_report

===========================================================================
 report_wns
============================================================================
wns 0.00
wns_report_end
worst_slack

===========================================================================
 report_worst_slack -max (Setup)
============================================================================
worst slack 10.05

===========================================================================
 report_worst_slack -min (Hold)
============================================================================
worst slack 4.29
worst_slack_end
clock_skew

===========================================================================
 report_clock_skew
============================================================================
Clock clk_dig
No launch/capture paths found.

clock_skew_end
power_report

===========================================================================
 report_power
============================================================================
Group                  Internal  Switching    Leakage      Total
                          Power      Power      Power      Power (Watts)
----------------------------------------------------------------
Sequential             2.31e-05   3.11e-05   8.42e-10   5.42e-05  36.7%
Combinational          5.02e-05   4.32e-05   4.63e-09   9.34e-05  63.3%
Macro                  0.00e+00   0.00e+00   0.00e+00   0.00e+00   0.0%
Pad                    0.00e+00   0.00e+00   0.00e+00   0.00e+00   0.0%
----------------------------------------------------------------
Total                  7.32e-05   7.43e-05   5.47e-09   1.48e-04 100.0%
                          49.6%      50.4%       0.0%
power_report_end
area_report

===========================================================================
 report_design_area
============================================================================
Design area 13642 u^2 65% utilization.
area_report_end
