OpenROAD v2.0-3879-g0b8b7ae25 
This program is licensed under the BSD-3 license. See the LICENSE file for details.
Components of this program may be licensed under more restrictive licenses which must be honored.
[INFO ODB-0222] Reading LEF file: /foss/designs/SKY130_SAR-ADC/openlane/adc_edge_detect_circuit/runs/foobar/tmp/merged.unpadded.nom.lef
[INFO ODB-0223]     Created 13 technology layers
[INFO ODB-0224]     Created 25 technology vias
[INFO ODB-0225]     Created 442 library cells
[INFO ODB-0226] Finished LEF file:  /foss/designs/SKY130_SAR-ADC/openlane/adc_edge_detect_circuit/runs/foobar/tmp/merged.unpadded.nom.lef
[INFO ODB-0127] Reading DEF file: /foss/designs/SKY130_SAR-ADC/openlane/adc_edge_detect_circuit/runs/foobar/tmp/routing/11-fill.def
[INFO ODB-0128] Design: adc_edge_detect_circuit
[INFO ODB-0130]     Created 5 pins.
[INFO ODB-0131]     Created 720 components and 2709 component-terminals.
[INFO ODB-0132]     Created 4 special nets and 2700 connections.
[INFO ODB-0133]     Created 6 nets and 9 connections.
[INFO ODB-0134] Finished DEF file: /foss/designs/SKY130_SAR-ADC/openlane/adc_edge_detect_circuit/runs/foobar/tmp/routing/11-fill.def
###############################################################################
# Created by write_sdc
# Thu Sep  8 10:18:51 2022
###############################################################################
current_design adc_edge_detect_circuit
###############################################################################
# Timing Constraints
###############################################################################
create_clock -name clk -period 10.0000 
set_clock_uncertainty 0.2500 clk
set_input_delay 2.0000 -clock [get_clocks {clk}] -add_delay [get_ports {ena_in}]
set_input_delay 2.0000 -clock [get_clocks {clk}] -add_delay [get_ports {start_conv}]
set_output_delay 2.0000 -clock [get_clocks {clk}] -add_delay [get_ports {ena_out}]
###############################################################################
# Environment
###############################################################################
set_load -pin_load 0.0334 [get_ports {ena_out}]
set_driving_cell -lib_cell sky130_fd_sc_hd__inv_2 -pin {Y} -input_transition_rise 0.0000 -input_transition_fall 0.0000 [get_ports {ena_in}]
set_driving_cell -lib_cell sky130_fd_sc_hd__inv_2 -pin {Y} -input_transition_rise 0.0000 -input_transition_fall 0.0000 [get_ports {start_conv}]
set_timing_derate -early 0.9500
set_timing_derate -late 1.0500
###############################################################################
# Design Rules
###############################################################################
set_max_fanout 5.0000 [current_design]
[WARNING STA-0357] virtual clock clk can not be propagated.
[INFO]: Setting signal min routing layer to: met1 and clock min routing layer to met1. 
[INFO]: Setting signal max routing layer to: met4 and clock max routing layer to met4. 
-congestion_iterations 50 -verbose
[INFO GRT-0020] Min routing layer: met1
[INFO GRT-0021] Max routing layer: met4
[INFO GRT-0022] Global adjustment: 30%
[INFO GRT-0023] Grid origin: (0, 0)
[INFO GRT-0043] No OR_DEFAULT vias defined.
[INFO GRT-0088] Layer li1     Track-Pitch = 0.4600  line-2-Via Pitch: 0.3400
[INFO GRT-0088] Layer met1    Track-Pitch = 0.3400  line-2-Via Pitch: 0.3400
[INFO GRT-0088] Layer met2    Track-Pitch = 0.4600  line-2-Via Pitch: 0.3500
[INFO GRT-0088] Layer met3    Track-Pitch = 0.6800  line-2-Via Pitch: 0.6150
[INFO GRT-0088] Layer met4    Track-Pitch = 0.9200  line-2-Via Pitch: 0.6150
[INFO GRT-0019] Found 0 clock nets.
[INFO GRT-0001] Minimum degree: 2
[INFO GRT-0002] Maximum degree: 2
[INFO GRT-0003] Macros: 372
[INFO GRT-0004] Blockages: 30

[INFO GRT-0053] Routing resources analysis:
          Routing      Original      Derated      Resource
Layer     Direction    Resources     Resources    Reduction (%)
---------------------------------------------------------------
li1        Vertical            0             0          0.00%
met1       Horizontal       3920          1846          52.91%
met2       Vertical         2940          1949          33.71%
met3       Horizontal       1960          1350          31.12%
met4       Vertical         1372           819          40.31%
---------------------------------------------------------------

[INFO GRT-0197] Via related to pin nodes: 17
[INFO GRT-0198] Via related Steiner nodes: 0
[INFO GRT-0199] Via filling finished.
[INFO GRT-0111] Final number of vias: 20
[INFO GRT-0112] Final usage 3D: 79

[INFO GRT-0096] Final congestion report:
Layer         Resource        Demand        Usage (%)    Max H / Max V / Total Overflow
---------------------------------------------------------------------------------------
li1                  0             0            0.00%             0 /  0 /  0
met1              1846            10            0.54%             0 /  0 /  0
met2              1949             9            0.46%             0 /  0 /  0
met3              1350             0            0.00%             0 /  0 /  0
met4               819             0            0.00%             0 /  0 /  0
---------------------------------------------------------------------------------------
Total             5964            19            0.32%             0 /  0 /  0

[INFO GRT-0018] Total wirelength: 248 um
[INFO GRT-0014] Routed nets: 6
[INFO]: Setting RC values...
min_report

===========================================================================
report_checks -path_delay min (Hold)
============================================================================
Startpoint: start_conv (input port clocked by clk)
Endpoint: ena_out (output port clocked by clk)
Path Group: clk
Path Type: min

Fanout     Cap    Slew   Delay    Time   Description
-----------------------------------------------------------------------------
                  0.00    0.00    0.00   clock clk (rise edge)
                          0.00    0.00   clock network delay (ideal)
                          2.00    2.00 v input external delay
                  0.02    0.01    2.01 v start_conv (in)
     1    0.01                           start_conv (net)
                  0.02    0.00    2.01 v _1_/B (sky130_fd_sc_hd__and2b_2)
                  0.04    0.16    2.17 v _1_/X (sky130_fd_sc_hd__and2b_2)
     1    0.00                           _0_ (net)
                  0.04    0.00    2.17 v _2_/A (sky130_fd_sc_hd__buf_1)
                  0.23    0.23    2.40 v _2_/X (sky130_fd_sc_hd__buf_1)
     1    0.03                           ena_out (net)
                  0.23    0.00    2.40 v ena_out (out)
                                  2.40   data arrival time

                  0.00    0.00    0.00   clock clk (rise edge)
                          0.00    0.00   clock network delay (ideal)
                          0.25    0.25   clock uncertainty
                          0.00    0.25   clock reconvergence pessimism
                         -2.00   -1.75   output external delay
                                 -1.75   data required time
-----------------------------------------------------------------------------
                                 -1.75   data required time
                                 -2.40   data arrival time
-----------------------------------------------------------------------------
                                  4.15   slack (MET)


min_report_end
max_report

===========================================================================
report_checks -path_delay max (Setup)
============================================================================
Startpoint: start_conv (input port clocked by clk)
Endpoint: ena_out (output port clocked by clk)
Path Group: clk
Path Type: max

Fanout     Cap    Slew   Delay    Time   Description
-----------------------------------------------------------------------------
                  0.00    0.00    0.00   clock clk (rise edge)
                          0.00    0.00   clock network delay (ideal)
                          2.00    2.00 ^ input external delay
                  0.03    0.02    2.02 ^ start_conv (in)
     1    0.01                           start_conv (net)
                  0.03    0.00    2.02 ^ _1_/B (sky130_fd_sc_hd__and2b_2)
                  0.04    0.13    2.16 ^ _1_/X (sky130_fd_sc_hd__and2b_2)
     1    0.00                           _0_ (net)
                  0.04    0.00    2.16 ^ _2_/A (sky130_fd_sc_hd__buf_1)
                  0.47    0.39    2.55 ^ _2_/X (sky130_fd_sc_hd__buf_1)
     1    0.03                           ena_out (net)
                  0.47    0.00    2.55 ^ ena_out (out)
                                  2.55   data arrival time

                  0.00   10.00   10.00   clock clk (rise edge)
                          0.00   10.00   clock network delay (ideal)
                         -0.25    9.75   clock uncertainty
                          0.00    9.75   clock reconvergence pessimism
                         -2.00    7.75   output external delay
                                  7.75   data required time
-----------------------------------------------------------------------------
                                  7.75   data required time
                                 -2.55   data arrival time
-----------------------------------------------------------------------------
                                  5.20   slack (MET)


max_report_end
check_report

===========================================================================
report_checks -unconstrained
============================================================================
Startpoint: start_conv (input port clocked by clk)
Endpoint: ena_out (output port clocked by clk)
Path Group: clk
Path Type: max

Fanout     Cap    Slew   Delay    Time   Description
-----------------------------------------------------------------------------
                  0.00    0.00    0.00   clock clk (rise edge)
                          0.00    0.00   clock network delay (ideal)
                          2.00    2.00 ^ input external delay
                  0.03    0.02    2.02 ^ start_conv (in)
     1    0.01                           start_conv (net)
                  0.03    0.00    2.02 ^ _1_/B (sky130_fd_sc_hd__and2b_2)
                  0.04    0.13    2.16 ^ _1_/X (sky130_fd_sc_hd__and2b_2)
     1    0.00                           _0_ (net)
                  0.04    0.00    2.16 ^ _2_/A (sky130_fd_sc_hd__buf_1)
                  0.47    0.39    2.55 ^ _2_/X (sky130_fd_sc_hd__buf_1)
     1    0.03                           ena_out (net)
                  0.47    0.00    2.55 ^ ena_out (out)
                                  2.55   data arrival time

                  0.00   10.00   10.00   clock clk (rise edge)
                          0.00   10.00   clock network delay (ideal)
                         -0.25    9.75   clock uncertainty
                          0.00    9.75   clock reconvergence pessimism
                         -2.00    7.75   output external delay
                                  7.75   data required time
-----------------------------------------------------------------------------
                                  7.75   data required time
                                 -2.55   data arrival time
-----------------------------------------------------------------------------
                                  5.20   slack (MET)



===========================================================================
report_checks --slack_max -0.01
============================================================================
No paths found.
check_report_end
check_slew

===========================================================================
 report_check_types -max_slew -max_cap -max_fanout -violators
============================================================================

===========================================================================
max slew violation count 0
max fanout violation count 0
max cap violation count 0
============================================================================
check_slew_end
tns_report

===========================================================================
 report_tns
============================================================================
tns 0.00
tns_report_end
wns_report

===========================================================================
 report_wns
============================================================================
wns 0.00
wns_report_end
worst_slack

===========================================================================
 report_worst_slack -max (Setup)
============================================================================
worst slack 5.20

===========================================================================
 report_worst_slack -min (Hold)
============================================================================
worst slack 4.15
worst_slack_end
clock_skew

===========================================================================
 report_clock_skew
============================================================================
Clock clk
No launch/capture paths found.

clock_skew_end
power_report

===========================================================================
 report_power
============================================================================
Group                  Internal  Switching    Leakage      Total
                          Power      Power      Power      Power (Watts)
----------------------------------------------------------------
Sequential             0.00e+00   0.00e+00   0.00e+00   0.00e+00   0.0%
Combinational          3.02e-07   6.61e-07   4.89e-10   9.63e-07 100.0%
Macro                  0.00e+00   0.00e+00   0.00e+00   0.00e+00   0.0%
Pad                    0.00e+00   0.00e+00   0.00e+00   0.00e+00   0.0%
----------------------------------------------------------------
Total                  3.02e-07   6.61e-07   4.89e-10   9.63e-07 100.0%
                          31.4%      68.6%       0.1%
power_report_end
area_report

===========================================================================
 report_design_area
============================================================================
Design area 6628 u^2 98% utilization.
area_report_end
