OpenROAD v2.0-4818-g4174c3ad8 
This program is licensed under the BSD-3 license. See the LICENSE file for details.
Components of this program may be licensed under more restrictive licenses which must be honored.
[INFO ODB-0222] Reading LEF file: /foss/designs/SKY130_SAR-ADC/openlane/adc_core_digital/runs/vtoverilog/tmp/merged.nom.lef
[WARNING ODB-0220] WARNING (LEFPARS-2036): SOURCE statement is obsolete in version 5.6 and later.
The LEF parser will ignore this statement.
To avoid this warning in the future, remove this statement from the LEF file with version 5.6 or later. See file /foss/designs/SKY130_SAR-ADC/openlane/adc_core_digital/runs/vtoverilog/tmp/merged.nom.lef at line 930.

[INFO ODB-0223]     Created 13 technology layers
[INFO ODB-0224]     Created 25 technology vias
[INFO ODB-0225]     Created 441 library cells
[INFO ODB-0226] Finished LEF file:  /foss/designs/SKY130_SAR-ADC/openlane/adc_core_digital/runs/vtoverilog/tmp/merged.nom.lef
[WARNING STA-0337] port 'clk_dig' not found.
[INFO]: Setting output delay to: 4.0
[INFO]: Setting input delay to: 4.0
[WARNING STA-0337] port 'clk_dig' not found.
[INFO]: Setting load to: 0.033442
[INFO]: Setting clock uncertainty to: 0.25
[INFO]: Setting clock transition to: 0.15
[WARNING STA-0559] transition time can not be specified for virtual clocks.
[INFO]: Setting timing derate to: 0.5 %
min_report

===========================================================================
report_checks -path_delay min (Hold)
============================================================================
Startpoint: _1990_ (rising edge-triggered flip-flop)
Endpoint: sample_matrix_out (output port clocked by clk_dig)
Path Group: clk_dig
Path Type: min

Fanout     Cap    Slew   Delay    Time   Description
-----------------------------------------------------------------------------
                  0.92    0.00    0.00 ^ _1990_/CLK (sky130_fd_sc_hd__dfstp_2)
                  0.10    0.55    0.55 v _1990_/Q (sky130_fd_sc_hd__dfstp_2)
     6    0.04                           sample_matrix_out (net)
                  0.10    0.00    0.55 v sample_matrix_out (out)
                                  0.55   data arrival time

                  0.00    0.00    0.00   clock clk_dig (rise edge)
                          0.00    0.00   clock network delay (ideal)
                          0.25    0.25   clock uncertainty
                          0.00    0.25   clock reconvergence pessimism
                         -4.00   -3.75   output external delay
                                 -3.75   data required time
-----------------------------------------------------------------------------
                                 -3.75   data required time
                                 -0.55   data arrival time
-----------------------------------------------------------------------------
                                  4.30   slack (MET)


Startpoint: _2028_ (rising edge-triggered flip-flop)
Endpoint: result_out[1] (output port clocked by clk_dig)
Path Group: clk_dig
Path Type: min

Fanout     Cap    Slew   Delay    Time   Description
-----------------------------------------------------------------------------
                  0.92    0.00    0.00 ^ _2028_/CLK (sky130_fd_sc_hd__dfrtp_2)
                  0.18    0.57    0.57 ^ _2028_/Q (sky130_fd_sc_hd__dfrtp_2)
     2    0.03                           result_out[1] (net)
                  0.18    0.00    0.57 ^ result_out[1] (out)
                                  0.57   data arrival time

                  0.00    0.00    0.00   clock clk_dig (rise edge)
                          0.00    0.00   clock network delay (ideal)
                          0.25    0.25   clock uncertainty
                          0.00    0.25   clock reconvergence pessimism
                         -4.00   -3.75   output external delay
                                 -3.75   data required time
-----------------------------------------------------------------------------
                                 -3.75   data required time
                                 -0.57   data arrival time
-----------------------------------------------------------------------------
                                  4.32   slack (MET)


Startpoint: _2029_ (rising edge-triggered flip-flop)
Endpoint: result_out[2] (output port clocked by clk_dig)
Path Group: clk_dig
Path Type: min

Fanout     Cap    Slew   Delay    Time   Description
-----------------------------------------------------------------------------
                  0.92    0.00    0.00 ^ _2029_/CLK (sky130_fd_sc_hd__dfrtp_2)
                  0.18    0.57    0.57 ^ _2029_/Q (sky130_fd_sc_hd__dfrtp_2)
     2    0.03                           result_out[2] (net)
                  0.18    0.00    0.57 ^ result_out[2] (out)
                                  0.57   data arrival time

                  0.00    0.00    0.00   clock clk_dig (rise edge)
                          0.00    0.00   clock network delay (ideal)
                          0.25    0.25   clock uncertainty
                          0.00    0.25   clock reconvergence pessimism
                         -4.00   -3.75   output external delay
                                 -3.75   data required time
-----------------------------------------------------------------------------
                                 -3.75   data required time
                                 -0.57   data arrival time
-----------------------------------------------------------------------------
                                  4.32   slack (MET)


Startpoint: _2038_ (rising edge-triggered flip-flop)
Endpoint: result_out[11] (output port clocked by clk_dig)
Path Group: clk_dig
Path Type: min

Fanout     Cap    Slew   Delay    Time   Description
-----------------------------------------------------------------------------
                  0.92    0.00    0.00 ^ _2038_/CLK (sky130_fd_sc_hd__dfrtp_2)
                  0.19    0.58    0.58 ^ _2038_/Q (sky130_fd_sc_hd__dfrtp_2)
     2    0.04                           result_out[11] (net)
                  0.19    0.00    0.58 ^ result_out[11] (out)
                                  0.58   data arrival time

                  0.00    0.00    0.00   clock clk_dig (rise edge)
                          0.00    0.00   clock network delay (ideal)
                          0.25    0.25   clock uncertainty
                          0.00    0.25   clock reconvergence pessimism
                         -4.00   -3.75   output external delay
                                 -3.75   data required time
-----------------------------------------------------------------------------
                                 -3.75   data required time
                                 -0.58   data arrival time
-----------------------------------------------------------------------------
                                  4.33   slack (MET)


Startpoint: _2035_ (rising edge-triggered flip-flop)
Endpoint: result_out[8] (output port clocked by clk_dig)
Path Group: clk_dig
Path Type: min

Fanout     Cap    Slew   Delay    Time   Description
-----------------------------------------------------------------------------
                  0.92    0.00    0.00 ^ _2035_/CLK (sky130_fd_sc_hd__dfrtp_2)
                  0.19    0.58    0.58 ^ _2035_/Q (sky130_fd_sc_hd__dfrtp_2)
     2    0.04                           result_out[8] (net)
                  0.19    0.00    0.58 ^ result_out[8] (out)
                                  0.58   data arrival time

                  0.00    0.00    0.00   clock clk_dig (rise edge)
                          0.00    0.00   clock network delay (ideal)
                          0.25    0.25   clock uncertainty
                          0.00    0.25   clock reconvergence pessimism
                         -4.00   -3.75   output external delay
                                 -3.75   data required time
-----------------------------------------------------------------------------
                                 -3.75   data required time
                                 -0.58   data arrival time
-----------------------------------------------------------------------------
                                  4.33   slack (MET)


min_report_end
max_report

===========================================================================
report_checks -path_delay max (Setup)
============================================================================
Startpoint: _2005_ (rising edge-triggered flip-flop)
Endpoint: pmatrix_rowon_out_n[6] (output port clocked by clk_dig)
Path Group: clk_dig
Path Type: max

Fanout     Cap    Slew   Delay    Time   Description
-----------------------------------------------------------------------------
                  0.92    0.00    0.00 ^ _2005_/CLK (sky130_fd_sc_hd__dfrtp_2)
                  0.09    0.64    0.64 v _2005_/Q (sky130_fd_sc_hd__dfrtp_2)
    10    0.02                           cnb.shift_register_r[15] (net)
                  0.09    0.00    0.65 v _0971_/A (sky130_fd_sc_hd__or4_4)
                  0.09    0.58    1.22 v _0971_/X (sky130_fd_sc_hd__or4_4)
     3    0.01                           _0379_ (net)
                  0.09    0.00    1.22 v _0972_/A (sky130_fd_sc_hd__buf_2)
                  0.09    0.21    1.43 v _0972_/X (sky130_fd_sc_hd__buf_2)
    10    0.04                           _0380_ (net)
                  0.09    0.00    1.44 v _1150_/A (sky130_fd_sc_hd__or3_4)
                  0.07    0.42    1.85 v _1150_/X (sky130_fd_sc_hd__or3_4)
     2    0.00                           _0545_ (net)
                  0.07    0.00    1.86 v _1152_/A1 (sky130_fd_sc_hd__a21o_2)
                  0.07    0.24    2.10 v _1152_/X (sky130_fd_sc_hd__a21o_2)
     2    0.02                           _0547_ (net)
                  0.07    0.01    2.11 v _1188_/B (sky130_fd_sc_hd__xnor2_2)
                  0.10    0.19    2.29 v _1188_/Y (sky130_fd_sc_hd__xnor2_2)
     6    0.02                           _0582_ (net)
                  0.10    0.00    2.30 v _1203_/B (sky130_fd_sc_hd__or4b_4)
                  0.11    0.60    2.90 v _1203_/X (sky130_fd_sc_hd__or4b_4)
     5    0.02                           _0596_ (net)
                  0.11    0.01    2.91 v _1254_/A2 (sky130_fd_sc_hd__a211oi_2)
                  0.16    0.25    3.15 ^ _1254_/Y (sky130_fd_sc_hd__a211oi_2)
     2    0.00                           _0645_ (net)
                  0.16    0.00    3.16 ^ _1267_/B (sky130_fd_sc_hd__and2_2)
                  0.08    0.21    3.36 ^ _1267_/X (sky130_fd_sc_hd__and2_2)
     3    0.01                           _0657_ (net)
                  0.08    0.01    3.37 ^ _1268_/A2 (sky130_fd_sc_hd__o21ai_2)
                  0.07    0.09    3.46 v _1268_/Y (sky130_fd_sc_hd__o21ai_2)
     3    0.02                           _0658_ (net)
                  0.08    0.01    3.47 v _1269_/B (sky130_fd_sc_hd__xor2_2)
                  0.17    0.19    3.65 ^ _1269_/X (sky130_fd_sc_hd__xor2_2)
     3    0.01                           _0659_ (net)
                  0.17    0.00    3.66 ^ _1272_/A (sky130_fd_sc_hd__buf_1)
                  0.30    0.30    3.96 ^ _1272_/X (sky130_fd_sc_hd__buf_1)
    10    0.03                           _0661_ (net)
                  0.30    0.00    3.96 ^ _1275_/A (sky130_fd_sc_hd__buf_2)
                  0.33    0.39    4.35 ^ _1275_/X (sky130_fd_sc_hd__buf_2)
    11    0.07                           pmatrix_row_out_n[8] (net)
                  0.33    0.00    4.35 ^ _1740_/B1 (sky130_fd_sc_hd__o31a_2)
                  0.20    0.32    4.68 ^ _1740_/X (sky130_fd_sc_hd__o31a_2)
     2    0.04                           pmatrix_row_out_n[7] (net)
                  0.20    0.00    4.68 ^ _2095_/A (sky130_fd_sc_hd__buf_2)
                  0.20    0.24    4.92 ^ _2095_/X (sky130_fd_sc_hd__buf_2)
     1    0.03                           pmatrix_rowon_out_n[6] (net)
                  0.20    0.00    4.92 ^ pmatrix_rowon_out_n[6] (out)
                                  4.92   data arrival time

                  0.00   20.00   20.00   clock clk_dig (rise edge)
                          0.00   20.00   clock network delay (ideal)
                         -0.25   19.75   clock uncertainty
                          0.00   19.75   clock reconvergence pessimism
                         -4.00   15.75   output external delay
                                 15.75   data required time
-----------------------------------------------------------------------------
                                 15.75   data required time
                                 -4.92   data arrival time
-----------------------------------------------------------------------------
                                 10.83   slack (MET)


Startpoint: _2005_ (rising edge-triggered flip-flop)
Endpoint: nmatrix_rowon_out_n[12] (output port clocked by clk_dig)
Path Group: clk_dig
Path Type: max

Fanout     Cap    Slew   Delay    Time   Description
-----------------------------------------------------------------------------
                  0.92    0.00    0.00 ^ _2005_/CLK (sky130_fd_sc_hd__dfrtp_2)
                  0.09    0.64    0.64 v _2005_/Q (sky130_fd_sc_hd__dfrtp_2)
    10    0.02                           cnb.shift_register_r[15] (net)
                  0.09    0.00    0.65 v _0971_/A (sky130_fd_sc_hd__or4_4)
                  0.09    0.58    1.22 v _0971_/X (sky130_fd_sc_hd__or4_4)
     3    0.01                           _0379_ (net)
                  0.09    0.00    1.22 v _0972_/A (sky130_fd_sc_hd__buf_2)
                  0.09    0.21    1.43 v _0972_/X (sky130_fd_sc_hd__buf_2)
    10    0.04                           _0380_ (net)
                  0.09    0.00    1.44 v _1150_/A (sky130_fd_sc_hd__or3_4)
                  0.07    0.42    1.85 v _1150_/X (sky130_fd_sc_hd__or3_4)
     2    0.00                           _0545_ (net)
                  0.07    0.00    1.86 v _1152_/A1 (sky130_fd_sc_hd__a21o_2)
                  0.07    0.24    2.10 v _1152_/X (sky130_fd_sc_hd__a21o_2)
     2    0.02                           _0547_ (net)
                  0.07    0.01    2.11 v _1188_/B (sky130_fd_sc_hd__xnor2_2)
                  0.10    0.19    2.29 v _1188_/Y (sky130_fd_sc_hd__xnor2_2)
     6    0.02                           _0582_ (net)
                  0.10    0.00    2.30 v _1203_/B (sky130_fd_sc_hd__or4b_4)
                  0.11    0.60    2.90 v _1203_/X (sky130_fd_sc_hd__or4b_4)
     5    0.02                           _0596_ (net)
                  0.11    0.01    2.91 v _1254_/A2 (sky130_fd_sc_hd__a211oi_2)
                  0.16    0.25    3.15 ^ _1254_/Y (sky130_fd_sc_hd__a211oi_2)
     2    0.00                           _0645_ (net)
                  0.16    0.00    3.16 ^ _1267_/B (sky130_fd_sc_hd__and2_2)
                  0.08    0.21    3.36 ^ _1267_/X (sky130_fd_sc_hd__and2_2)
     3    0.01                           _0657_ (net)
                  0.08    0.01    3.37 ^ _1268_/A2 (sky130_fd_sc_hd__o21ai_2)
                  0.07    0.09    3.46 v _1268_/Y (sky130_fd_sc_hd__o21ai_2)
     3    0.02                           _0658_ (net)
                  0.08    0.01    3.47 v _1269_/B (sky130_fd_sc_hd__xor2_2)
                  0.17    0.19    3.65 ^ _1269_/X (sky130_fd_sc_hd__xor2_2)
     3    0.01                           _0659_ (net)
                  0.17    0.01    3.66 ^ _1270_/A (sky130_fd_sc_hd__inv_2)
                  0.04    0.05    3.71 v _1270_/Y (sky130_fd_sc_hd__inv_2)
     3    0.01                           _0660_ (net)
                  0.04    0.00    3.71 v _1271_/A (sky130_fd_sc_hd__buf_2)
                  0.14    0.22    3.93 v _1271_/X (sky130_fd_sc_hd__buf_2)
    11    0.06                           nmatrix_row_out_n[8] (net)
                  0.14    0.00    3.93 v _1725_/A (sky130_fd_sc_hd__or3b_2)
                  0.07    0.51    4.44 v _1725_/X (sky130_fd_sc_hd__or3b_2)
     1    0.00                           _0164_ (net)
                  0.07    0.00    4.45 v _1726_/A (sky130_fd_sc_hd__buf_1)
                  0.21    0.22    4.66 v _1726_/X (sky130_fd_sc_hd__buf_1)
     2    0.04                           nmatrix_row_out_n[13] (net)
                  0.21    0.00    4.67 v _2086_/A (sky130_fd_sc_hd__buf_2)
                  0.11    0.25    4.92 v _2086_/X (sky130_fd_sc_hd__buf_2)
     1    0.03                           nmatrix_rowon_out_n[12] (net)
                  0.11    0.00    4.92 v nmatrix_rowon_out_n[12] (out)
                                  4.92   data arrival time

                  0.00   20.00   20.00   clock clk_dig (rise edge)
                          0.00   20.00   clock network delay (ideal)
                         -0.25   19.75   clock uncertainty
                          0.00   19.75   clock reconvergence pessimism
                         -4.00   15.75   output external delay
                                 15.75   data required time
-----------------------------------------------------------------------------
                                 15.75   data required time
                                 -4.92   data arrival time
-----------------------------------------------------------------------------
                                 10.83   slack (MET)


Startpoint: _2005_ (rising edge-triggered flip-flop)
Endpoint: nmatrix_rowon_out_n[6] (output port clocked by clk_dig)
Path Group: clk_dig
Path Type: max

Fanout     Cap    Slew   Delay    Time   Description
-----------------------------------------------------------------------------
                  0.92    0.00    0.00 ^ _2005_/CLK (sky130_fd_sc_hd__dfrtp_2)
                  0.09    0.64    0.64 v _2005_/Q (sky130_fd_sc_hd__dfrtp_2)
    10    0.02                           cnb.shift_register_r[15] (net)
                  0.09    0.00    0.65 v _0971_/A (sky130_fd_sc_hd__or4_4)
                  0.09    0.58    1.22 v _0971_/X (sky130_fd_sc_hd__or4_4)
     3    0.01                           _0379_ (net)
                  0.09    0.00    1.22 v _0972_/A (sky130_fd_sc_hd__buf_2)
                  0.09    0.21    1.43 v _0972_/X (sky130_fd_sc_hd__buf_2)
    10    0.04                           _0380_ (net)
                  0.09    0.00    1.44 v _1150_/A (sky130_fd_sc_hd__or3_4)
                  0.07    0.42    1.85 v _1150_/X (sky130_fd_sc_hd__or3_4)
     2    0.00                           _0545_ (net)
                  0.07    0.00    1.86 v _1152_/A1 (sky130_fd_sc_hd__a21o_2)
                  0.07    0.24    2.10 v _1152_/X (sky130_fd_sc_hd__a21o_2)
     2    0.02                           _0547_ (net)
                  0.07    0.01    2.11 v _1188_/B (sky130_fd_sc_hd__xnor2_2)
                  0.10    0.19    2.29 v _1188_/Y (sky130_fd_sc_hd__xnor2_2)
     6    0.02                           _0582_ (net)
                  0.10    0.00    2.30 v _1203_/B (sky130_fd_sc_hd__or4b_4)
                  0.11    0.60    2.90 v _1203_/X (sky130_fd_sc_hd__or4b_4)
     5    0.02                           _0596_ (net)
                  0.11    0.00    2.90 v _1212_/B (sky130_fd_sc_hd__and2_4)
                  0.03    0.20    3.10 v _1212_/X (sky130_fd_sc_hd__and2_4)
     2    0.01                           _0605_ (net)
                  0.03    0.00    3.10 v _1213_/B1 (sky130_fd_sc_hd__a311o_2)
                  0.08    0.41    3.51 v _1213_/X (sky130_fd_sc_hd__a311o_2)
     4    0.01                           _0606_ (net)
                  0.08    0.00    3.51 v _1214_/B (sky130_fd_sc_hd__and2_4)
                  0.04    0.19    3.70 v _1214_/X (sky130_fd_sc_hd__and2_4)
     4    0.01                           _0607_ (net)
                  0.04    0.01    3.70 v _1215_/A (sky130_fd_sc_hd__buf_6)
                  0.04    0.13    3.84 v _1215_/X (sky130_fd_sc_hd__buf_6)
    10    0.03                           _0608_ (net)
                  0.04    0.00    3.84 v _1294_/A (sky130_fd_sc_hd__buf_2)
                  0.08    0.18    4.01 v _1294_/X (sky130_fd_sc_hd__buf_2)
    10    0.03                           _0681_ (net)
                  0.08    0.00    4.02 v _1295_/A (sky130_fd_sc_hd__buf_2)
                  0.08    0.20    4.22 v _1295_/X (sky130_fd_sc_hd__buf_2)
    10    0.03                           _0682_ (net)
                  0.08    0.00    4.22 v _1720_/A1 (sky130_fd_sc_hd__a31oi_2)
                  0.50    0.39    4.61 ^ _1720_/Y (sky130_fd_sc_hd__a31oi_2)
     2    0.04                           nmatrix_row_out_n[7] (net)
                  0.50    0.00    4.61 ^ _2080_/A (sky130_fd_sc_hd__buf_2)
                  0.20    0.30    4.91 ^ _2080_/X (sky130_fd_sc_hd__buf_2)
     1    0.03                           nmatrix_rowon_out_n[6] (net)
                  0.20    0.00    4.91 ^ nmatrix_rowon_out_n[6] (out)
                                  4.91   data arrival time

                  0.00   20.00   20.00   clock clk_dig (rise edge)
                          0.00   20.00   clock network delay (ideal)
                         -0.25   19.75   clock uncertainty
                          0.00   19.75   clock reconvergence pessimism
                         -4.00   15.75   output external delay
                                 15.75   data required time
-----------------------------------------------------------------------------
                                 15.75   data required time
                                 -4.91   data arrival time
-----------------------------------------------------------------------------
                                 10.84   slack (MET)


Startpoint: _2005_ (rising edge-triggered flip-flop)
Endpoint: pmatrix_rowon_out_n[5] (output port clocked by clk_dig)
Path Group: clk_dig
Path Type: max

Fanout     Cap    Slew   Delay    Time   Description
-----------------------------------------------------------------------------
                  0.92    0.00    0.00 ^ _2005_/CLK (sky130_fd_sc_hd__dfrtp_2)
                  0.09    0.64    0.64 v _2005_/Q (sky130_fd_sc_hd__dfrtp_2)
    10    0.02                           cnb.shift_register_r[15] (net)
                  0.09    0.00    0.65 v _0971_/A (sky130_fd_sc_hd__or4_4)
                  0.09    0.58    1.22 v _0971_/X (sky130_fd_sc_hd__or4_4)
     3    0.01                           _0379_ (net)
                  0.09    0.00    1.22 v _0972_/A (sky130_fd_sc_hd__buf_2)
                  0.09    0.21    1.43 v _0972_/X (sky130_fd_sc_hd__buf_2)
    10    0.04                           _0380_ (net)
                  0.09    0.00    1.44 v _1150_/A (sky130_fd_sc_hd__or3_4)
                  0.07    0.42    1.85 v _1150_/X (sky130_fd_sc_hd__or3_4)
     2    0.00                           _0545_ (net)
                  0.07    0.00    1.86 v _1152_/A1 (sky130_fd_sc_hd__a21o_2)
                  0.07    0.24    2.10 v _1152_/X (sky130_fd_sc_hd__a21o_2)
     2    0.02                           _0547_ (net)
                  0.07    0.01    2.11 v _1188_/B (sky130_fd_sc_hd__xnor2_2)
                  0.10    0.19    2.29 v _1188_/Y (sky130_fd_sc_hd__xnor2_2)
     6    0.02                           _0582_ (net)
                  0.10    0.00    2.30 v _1203_/B (sky130_fd_sc_hd__or4b_4)
                  0.11    0.60    2.90 v _1203_/X (sky130_fd_sc_hd__or4b_4)
     5    0.02                           _0596_ (net)
                  0.11    0.01    2.91 v _1254_/A2 (sky130_fd_sc_hd__a211oi_2)
                  0.16    0.25    3.15 ^ _1254_/Y (sky130_fd_sc_hd__a211oi_2)
     2    0.00                           _0645_ (net)
                  0.16    0.00    3.16 ^ _1267_/B (sky130_fd_sc_hd__and2_2)
                  0.08    0.21    3.36 ^ _1267_/X (sky130_fd_sc_hd__and2_2)
     3    0.01                           _0657_ (net)
                  0.08    0.01    3.37 ^ _1268_/A2 (sky130_fd_sc_hd__o21ai_2)
                  0.07    0.09    3.46 v _1268_/Y (sky130_fd_sc_hd__o21ai_2)
     3    0.02                           _0658_ (net)
                  0.08    0.01    3.47 v _1269_/B (sky130_fd_sc_hd__xor2_2)
                  0.17    0.19    3.65 ^ _1269_/X (sky130_fd_sc_hd__xor2_2)
     3    0.01                           _0659_ (net)
                  0.17    0.00    3.66 ^ _1272_/A (sky130_fd_sc_hd__buf_1)
                  0.30    0.30    3.96 ^ _1272_/X (sky130_fd_sc_hd__buf_1)
    10    0.03                           _0661_ (net)
                  0.30    0.00    3.96 ^ _1275_/A (sky130_fd_sc_hd__buf_2)
                  0.33    0.39    4.35 ^ _1275_/X (sky130_fd_sc_hd__buf_2)
    11    0.07                           pmatrix_row_out_n[8] (net)
                  0.33    0.00    4.35 ^ _1739_/B1 (sky130_fd_sc_hd__o21a_2)
                  0.19    0.30    4.66 ^ _1739_/X (sky130_fd_sc_hd__o21a_2)
     2    0.04                           pmatrix_row_out_n[6] (net)
                  0.19    0.00    4.66 ^ _2094_/A (sky130_fd_sc_hd__buf_2)
                  0.20    0.24    4.90 ^ _2094_/X (sky130_fd_sc_hd__buf_2)
     1    0.03                           pmatrix_rowon_out_n[5] (net)
                  0.20    0.00    4.90 ^ pmatrix_rowon_out_n[5] (out)
                                  4.90   data arrival time

                  0.00   20.00   20.00   clock clk_dig (rise edge)
                          0.00   20.00   clock network delay (ideal)
                         -0.25   19.75   clock uncertainty
                          0.00   19.75   clock reconvergence pessimism
                         -4.00   15.75   output external delay
                                 15.75   data required time
-----------------------------------------------------------------------------
                                 15.75   data required time
                                 -4.90   data arrival time
-----------------------------------------------------------------------------
                                 10.85   slack (MET)


Startpoint: _2005_ (rising edge-triggered flip-flop)
Endpoint: pmatrix_rowon_out_n[8] (output port clocked by clk_dig)
Path Group: clk_dig
Path Type: max

Fanout     Cap    Slew   Delay    Time   Description
-----------------------------------------------------------------------------
                  0.92    0.00    0.00 ^ _2005_/CLK (sky130_fd_sc_hd__dfrtp_2)
                  0.09    0.64    0.64 v _2005_/Q (sky130_fd_sc_hd__dfrtp_2)
    10    0.02                           cnb.shift_register_r[15] (net)
                  0.09    0.00    0.65 v _0971_/A (sky130_fd_sc_hd__or4_4)
                  0.09    0.58    1.22 v _0971_/X (sky130_fd_sc_hd__or4_4)
     3    0.01                           _0379_ (net)
                  0.09    0.00    1.22 v _0972_/A (sky130_fd_sc_hd__buf_2)
                  0.09    0.21    1.43 v _0972_/X (sky130_fd_sc_hd__buf_2)
    10    0.04                           _0380_ (net)
                  0.09    0.00    1.44 v _1150_/A (sky130_fd_sc_hd__or3_4)
                  0.07    0.42    1.85 v _1150_/X (sky130_fd_sc_hd__or3_4)
     2    0.00                           _0545_ (net)
                  0.07    0.00    1.86 v _1152_/A1 (sky130_fd_sc_hd__a21o_2)
                  0.07    0.24    2.10 v _1152_/X (sky130_fd_sc_hd__a21o_2)
     2    0.02                           _0547_ (net)
                  0.07    0.01    2.11 v _1188_/B (sky130_fd_sc_hd__xnor2_2)
                  0.10    0.19    2.29 v _1188_/Y (sky130_fd_sc_hd__xnor2_2)
     6    0.02                           _0582_ (net)
                  0.10    0.00    2.30 v _1203_/B (sky130_fd_sc_hd__or4b_4)
                  0.11    0.60    2.90 v _1203_/X (sky130_fd_sc_hd__or4b_4)
     5    0.02                           _0596_ (net)
                  0.11    0.01    2.91 v _1254_/A2 (sky130_fd_sc_hd__a211oi_2)
                  0.16    0.25    3.15 ^ _1254_/Y (sky130_fd_sc_hd__a211oi_2)
     2    0.00                           _0645_ (net)
                  0.16    0.00    3.16 ^ _1267_/B (sky130_fd_sc_hd__and2_2)
                  0.08    0.21    3.36 ^ _1267_/X (sky130_fd_sc_hd__and2_2)
     3    0.01                           _0657_ (net)
                  0.08    0.01    3.37 ^ _1268_/A2 (sky130_fd_sc_hd__o21ai_2)
                  0.07    0.09    3.46 v _1268_/Y (sky130_fd_sc_hd__o21ai_2)
     3    0.02                           _0658_ (net)
                  0.08    0.01    3.47 v _1269_/B (sky130_fd_sc_hd__xor2_2)
                  0.17    0.19    3.65 ^ _1269_/X (sky130_fd_sc_hd__xor2_2)
     3    0.01                           _0659_ (net)
                  0.17    0.00    3.66 ^ _1272_/A (sky130_fd_sc_hd__buf_1)
                  0.30    0.30    3.96 ^ _1272_/X (sky130_fd_sc_hd__buf_1)
    10    0.03                           _0661_ (net)
                  0.30    0.00    3.96 ^ _1275_/A (sky130_fd_sc_hd__buf_2)
                  0.33    0.39    4.35 ^ _1275_/X (sky130_fd_sc_hd__buf_2)
    11    0.07                           pmatrix_row_out_n[8] (net)
                  0.33    0.00    4.35 ^ _1741_/B1 (sky130_fd_sc_hd__a31o_2)
                  0.21    0.27    4.63 ^ _1741_/X (sky130_fd_sc_hd__a31o_2)
     2    0.04                           pmatrix_row_out_n[9] (net)
                  0.21    0.00    4.63 ^ _2097_/A (sky130_fd_sc_hd__buf_2)
                  0.20    0.25    4.88 ^ _2097_/X (sky130_fd_sc_hd__buf_2)
     1    0.03                           pmatrix_rowon_out_n[8] (net)
                  0.20    0.00    4.88 ^ pmatrix_rowon_out_n[8] (out)
                                  4.88   data arrival time

                  0.00   20.00   20.00   clock clk_dig (rise edge)
                          0.00   20.00   clock network delay (ideal)
                         -0.25   19.75   clock uncertainty
                          0.00   19.75   clock reconvergence pessimism
                         -4.00   15.75   output external delay
                                 15.75   data required time
-----------------------------------------------------------------------------
                                 15.75   data required time
                                 -4.88   data arrival time
-----------------------------------------------------------------------------
                                 10.87   slack (MET)


max_report_end
check_report

===========================================================================
report_checks -unconstrained
============================================================================
Startpoint: _2005_ (rising edge-triggered flip-flop)
Endpoint: pmatrix_rowon_out_n[6] (output port clocked by clk_dig)
Path Group: clk_dig
Path Type: max

Fanout     Cap    Slew   Delay    Time   Description
-----------------------------------------------------------------------------
                  0.92    0.00    0.00 ^ _2005_/CLK (sky130_fd_sc_hd__dfrtp_2)
                  0.09    0.64    0.64 v _2005_/Q (sky130_fd_sc_hd__dfrtp_2)
    10    0.02                           cnb.shift_register_r[15] (net)
                  0.09    0.00    0.65 v _0971_/A (sky130_fd_sc_hd__or4_4)
                  0.09    0.58    1.22 v _0971_/X (sky130_fd_sc_hd__or4_4)
     3    0.01                           _0379_ (net)
                  0.09    0.00    1.22 v _0972_/A (sky130_fd_sc_hd__buf_2)
                  0.09    0.21    1.43 v _0972_/X (sky130_fd_sc_hd__buf_2)
    10    0.04                           _0380_ (net)
                  0.09    0.00    1.44 v _1150_/A (sky130_fd_sc_hd__or3_4)
                  0.07    0.42    1.85 v _1150_/X (sky130_fd_sc_hd__or3_4)
     2    0.00                           _0545_ (net)
                  0.07    0.00    1.86 v _1152_/A1 (sky130_fd_sc_hd__a21o_2)
                  0.07    0.24    2.10 v _1152_/X (sky130_fd_sc_hd__a21o_2)
     2    0.02                           _0547_ (net)
                  0.07    0.01    2.11 v _1188_/B (sky130_fd_sc_hd__xnor2_2)
                  0.10    0.19    2.29 v _1188_/Y (sky130_fd_sc_hd__xnor2_2)
     6    0.02                           _0582_ (net)
                  0.10    0.00    2.30 v _1203_/B (sky130_fd_sc_hd__or4b_4)
                  0.11    0.60    2.90 v _1203_/X (sky130_fd_sc_hd__or4b_4)
     5    0.02                           _0596_ (net)
                  0.11    0.01    2.91 v _1254_/A2 (sky130_fd_sc_hd__a211oi_2)
                  0.16    0.25    3.15 ^ _1254_/Y (sky130_fd_sc_hd__a211oi_2)
     2    0.00                           _0645_ (net)
                  0.16    0.00    3.16 ^ _1267_/B (sky130_fd_sc_hd__and2_2)
                  0.08    0.21    3.36 ^ _1267_/X (sky130_fd_sc_hd__and2_2)
     3    0.01                           _0657_ (net)
                  0.08    0.01    3.37 ^ _1268_/A2 (sky130_fd_sc_hd__o21ai_2)
                  0.07    0.09    3.46 v _1268_/Y (sky130_fd_sc_hd__o21ai_2)
     3    0.02                           _0658_ (net)
                  0.08    0.01    3.47 v _1269_/B (sky130_fd_sc_hd__xor2_2)
                  0.17    0.19    3.65 ^ _1269_/X (sky130_fd_sc_hd__xor2_2)
     3    0.01                           _0659_ (net)
                  0.17    0.00    3.66 ^ _1272_/A (sky130_fd_sc_hd__buf_1)
                  0.30    0.30    3.96 ^ _1272_/X (sky130_fd_sc_hd__buf_1)
    10    0.03                           _0661_ (net)
                  0.30    0.00    3.96 ^ _1275_/A (sky130_fd_sc_hd__buf_2)
                  0.33    0.39    4.35 ^ _1275_/X (sky130_fd_sc_hd__buf_2)
    11    0.07                           pmatrix_row_out_n[8] (net)
                  0.33    0.00    4.35 ^ _1740_/B1 (sky130_fd_sc_hd__o31a_2)
                  0.20    0.32    4.68 ^ _1740_/X (sky130_fd_sc_hd__o31a_2)
     2    0.04                           pmatrix_row_out_n[7] (net)
                  0.20    0.00    4.68 ^ _2095_/A (sky130_fd_sc_hd__buf_2)
                  0.20    0.24    4.92 ^ _2095_/X (sky130_fd_sc_hd__buf_2)
     1    0.03                           pmatrix_rowon_out_n[6] (net)
                  0.20    0.00    4.92 ^ pmatrix_rowon_out_n[6] (out)
                                  4.92   data arrival time

                  0.00   20.00   20.00   clock clk_dig (rise edge)
                          0.00   20.00   clock network delay (ideal)
                         -0.25   19.75   clock uncertainty
                          0.00   19.75   clock reconvergence pessimism
                         -4.00   15.75   output external delay
                                 15.75   data required time
-----------------------------------------------------------------------------
                                 15.75   data required time
                                 -4.92   data arrival time
-----------------------------------------------------------------------------
                                 10.83   slack (MET)



===========================================================================
report_checks --slack_max -0.01
============================================================================
No paths found.
check_report_end
check_slew

===========================================================================
 report_check_types -max_slew -max_cap -max_fanout -violators
============================================================================
max slew

Pin                                    Limit    Slew   Slack
------------------------------------------------------------
rst_n                                   1.50    1.71   -0.21 (VIOLATED)
_1965_/RESET_B                          1.50    1.71   -0.21 (VIOLATED)
_1966_/RESET_B                          1.50    1.71   -0.21 (VIOLATED)
_1967_/RESET_B                          1.50    1.71   -0.21 (VIOLATED)
_1968_/RESET_B                          1.50    1.71   -0.21 (VIOLATED)
_1969_/RESET_B                          1.50    1.71   -0.21 (VIOLATED)
_1970_/RESET_B                          1.50    1.71   -0.21 (VIOLATED)
_1971_/RESET_B                          1.50    1.71   -0.21 (VIOLATED)
_1972_/RESET_B                          1.50    1.71   -0.21 (VIOLATED)
_1973_/RESET_B                          1.50    1.71   -0.21 (VIOLATED)
_1974_/RESET_B                          1.50    1.71   -0.21 (VIOLATED)
_1975_/RESET_B                          1.50    1.71   -0.21 (VIOLATED)
_1976_/RESET_B                          1.50    1.71   -0.21 (VIOLATED)
_1977_/RESET_B                          1.50    1.71   -0.21 (VIOLATED)
_1979_/RESET_B                          1.50    1.71   -0.21 (VIOLATED)
_1980_/RESET_B                          1.50    1.71   -0.21 (VIOLATED)
_1981_/RESET_B                          1.50    1.71   -0.21 (VIOLATED)
_1982_/RESET_B                          1.50    1.71   -0.21 (VIOLATED)
_1983_/RESET_B                          1.50    1.71   -0.21 (VIOLATED)
_1984_/RESET_B                          1.50    1.71   -0.21 (VIOLATED)
_1985_/RESET_B                          1.50    1.71   -0.21 (VIOLATED)
_1986_/RESET_B                          1.50    1.71   -0.21 (VIOLATED)
_1987_/RESET_B                          1.50    1.71   -0.21 (VIOLATED)
_1988_/RESET_B                          1.50    1.71   -0.21 (VIOLATED)
_1989_/RESET_B                          1.50    1.71   -0.21 (VIOLATED)
_1991_/RESET_B                          1.50    1.71   -0.21 (VIOLATED)
_1992_/RESET_B                          1.50    1.71   -0.21 (VIOLATED)
_1993_/RESET_B                          1.50    1.71   -0.21 (VIOLATED)
_1994_/RESET_B                          1.50    1.71   -0.21 (VIOLATED)
_1995_/RESET_B                          1.50    1.71   -0.21 (VIOLATED)
_1996_/RESET_B                          1.50    1.71   -0.21 (VIOLATED)
_1997_/RESET_B                          1.50    1.71   -0.21 (VIOLATED)
_1998_/RESET_B                          1.50    1.71   -0.21 (VIOLATED)
_1999_/RESET_B                          1.50    1.71   -0.21 (VIOLATED)
_2000_/RESET_B                          1.50    1.71   -0.21 (VIOLATED)
_2001_/RESET_B                          1.50    1.71   -0.21 (VIOLATED)
_2002_/RESET_B                          1.50    1.71   -0.21 (VIOLATED)
_2003_/RESET_B                          1.50    1.71   -0.21 (VIOLATED)
_2004_/RESET_B                          1.50    1.71   -0.21 (VIOLATED)
_2005_/RESET_B                          1.50    1.71   -0.21 (VIOLATED)
_2006_/RESET_B                          1.50    1.71   -0.21 (VIOLATED)
_2007_/RESET_B                          1.50    1.71   -0.21 (VIOLATED)
_2008_/RESET_B                          1.50    1.71   -0.21 (VIOLATED)
_2009_/RESET_B                          1.50    1.71   -0.21 (VIOLATED)
_2010_/RESET_B                          1.50    1.71   -0.21 (VIOLATED)
_2011_/RESET_B                          1.50    1.71   -0.21 (VIOLATED)
_2012_/RESET_B                          1.50    1.71   -0.21 (VIOLATED)
_2013_/RESET_B                          1.50    1.71   -0.21 (VIOLATED)
_2014_/RESET_B                          1.50    1.71   -0.21 (VIOLATED)
_2015_/RESET_B                          1.50    1.71   -0.21 (VIOLATED)
_2016_/RESET_B                          1.50    1.71   -0.21 (VIOLATED)
_2017_/RESET_B                          1.50    1.71   -0.21 (VIOLATED)
_2018_/RESET_B                          1.50    1.71   -0.21 (VIOLATED)
_2019_/RESET_B                          1.50    1.71   -0.21 (VIOLATED)
_2020_/RESET_B                          1.50    1.71   -0.21 (VIOLATED)
_2021_/RESET_B                          1.50    1.71   -0.21 (VIOLATED)
_2022_/RESET_B                          1.50    1.71   -0.21 (VIOLATED)
_2023_/RESET_B                          1.50    1.71   -0.21 (VIOLATED)
_2024_/RESET_B                          1.50    1.71   -0.21 (VIOLATED)
_2025_/RESET_B                          1.50    1.71   -0.21 (VIOLATED)
_2026_/RESET_B                          1.50    1.71   -0.21 (VIOLATED)
_2027_/RESET_B                          1.50    1.71   -0.21 (VIOLATED)
_2028_/RESET_B                          1.50    1.71   -0.21 (VIOLATED)
_2029_/RESET_B                          1.50    1.71   -0.21 (VIOLATED)
_2030_/RESET_B                          1.50    1.71   -0.21 (VIOLATED)
_2031_/RESET_B                          1.50    1.71   -0.21 (VIOLATED)
_2032_/RESET_B                          1.50    1.71   -0.21 (VIOLATED)
_2033_/RESET_B                          1.50    1.71   -0.21 (VIOLATED)
_2034_/RESET_B                          1.50    1.71   -0.21 (VIOLATED)
_2035_/RESET_B                          1.50    1.71   -0.21 (VIOLATED)
_2036_/RESET_B                          1.50    1.71   -0.21 (VIOLATED)
_2037_/RESET_B                          1.50    1.71   -0.21 (VIOLATED)
_2038_/RESET_B                          1.50    1.71   -0.21 (VIOLATED)
_2039_/RESET_B                          1.50    1.71   -0.21 (VIOLATED)
_2040_/RESET_B                          1.50    1.71   -0.21 (VIOLATED)
_2041_/RESET_B                          1.50    1.71   -0.21 (VIOLATED)
_2042_/RESET_B                          1.50    1.71   -0.21 (VIOLATED)
_2044_/RESET_B                          1.50    1.71   -0.21 (VIOLATED)
_2045_/RESET_B                          1.50    1.71   -0.21 (VIOLATED)
_2046_/RESET_B                          1.50    1.71   -0.21 (VIOLATED)
_2047_/RESET_B                          1.50    1.71   -0.21 (VIOLATED)
_2048_/RESET_B                          1.50    1.71   -0.21 (VIOLATED)
_2049_/RESET_B                          1.50    1.71   -0.21 (VIOLATED)
_2050_/RESET_B                          1.50    1.71   -0.21 (VIOLATED)
_2051_/RESET_B                          1.50    1.71   -0.21 (VIOLATED)
_2052_/RESET_B                          1.50    1.71   -0.21 (VIOLATED)
_2053_/RESET_B                          1.50    1.71   -0.21 (VIOLATED)
_2054_/RESET_B                          1.50    1.71   -0.21 (VIOLATED)
_2055_/RESET_B                          1.50    1.71   -0.21 (VIOLATED)
_2056_/RESET_B                          1.50    1.71   -0.21 (VIOLATED)
_2057_/RESET_B                          1.50    1.71   -0.21 (VIOLATED)
_2058_/RESET_B                          1.50    1.71   -0.21 (VIOLATED)
_2059_/RESET_B                          1.50    1.71   -0.21 (VIOLATED)
_2060_/RESET_B                          1.50    1.71   -0.21 (VIOLATED)
_2061_/RESET_B                          1.50    1.71   -0.21 (VIOLATED)
_2062_/RESET_B                          1.50    1.71   -0.21 (VIOLATED)
_2063_/RESET_B                          1.50    1.71   -0.21 (VIOLATED)
_2064_/RESET_B                          1.50    1.71   -0.21 (VIOLATED)
_2065_/RESET_B                          1.50    1.71   -0.21 (VIOLATED)
_2066_/RESET_B                          1.50    1.71   -0.21 (VIOLATED)
_2067_/RESET_B                          1.50    1.71   -0.21 (VIOLATED)
_1978_/SET_B                            1.50    1.71   -0.21 (VIOLATED)
_1990_/SET_B                            1.50    1.71   -0.21 (VIOLATED)
_2043_/SET_B                            1.50    1.71   -0.21 (VIOLATED)

max fanout

Pin                                   Limit Fanout  Slack
---------------------------------------------------------
clk_dig_in                               10    103    -93 (VIOLATED)
rst_n                                    10    103    -93 (VIOLATED)
_1010_/X                                 10     11        (VIOLATED)

max capacitance

Pin                                    Limit     Cap   Slack
------------------------------------------------------------
rst_n                                   0.33    0.38   -0.05 (VIOLATED)


===========================================================================
max slew violation count 104
max fanout violation count 3
max cap violation count 1
============================================================================
check_slew_end
tns_report

===========================================================================
 report_tns
============================================================================
tns 0.00
tns_report_end
wns_report

===========================================================================
 report_wns
============================================================================
wns 0.00
wns_report_end
worst_slack

===========================================================================
 report_worst_slack -max (Setup)
============================================================================
worst slack 10.83

===========================================================================
 report_worst_slack -min (Hold)
============================================================================
worst slack 4.30
worst_slack_end
clock_skew

===========================================================================
 report_clock_skew
============================================================================
Clock clk_dig
No launch/capture paths found.

clock_skew_end
power_report

===========================================================================
 report_power
============================================================================
Group                  Internal  Switching    Leakage      Total
                          Power      Power      Power      Power (Watts)
----------------------------------------------------------------
Sequential             2.16e-05   3.01e-05   8.23e-10   5.18e-05  41.4%
Combinational          4.94e-05   2.39e-05   3.51e-09   7.33e-05  58.6%
Macro                  0.00e+00   0.00e+00   0.00e+00   0.00e+00   0.0%
Pad                    0.00e+00   0.00e+00   0.00e+00   0.00e+00   0.0%
----------------------------------------------------------------
Total                  7.10e-05   5.40e-05   4.34e-09   1.25e-04 100.0%
                          56.8%      43.2%       0.0%
power_report_end
area_report

===========================================================================
 report_design_area
============================================================================
Design area 11943 u^2 100% utilization.
area_report_end
