OpenROAD v2.0-3879-g0b8b7ae25 
This program is licensed under the BSD-3 license. See the LICENSE file for details.
Components of this program may be licensed under more restrictive licenses which must be honored.
[INFO ODB-0222] Reading LEF file: /foss/designs/SKY130_SAR-ADC/openlane/adc_edge_detect_circuit/runs/foobar2/tmp/merged.nom.lef
[INFO ODB-0223]     Created 13 technology layers
[INFO ODB-0224]     Created 25 technology vias
[INFO ODB-0225]     Created 442 library cells
[INFO ODB-0226] Finished LEF file:  /foss/designs/SKY130_SAR-ADC/openlane/adc_edge_detect_circuit/runs/foobar2/tmp/merged.nom.lef
[INFO ODB-0127] Reading DEF file: /foss/designs/SKY130_SAR-ADC/openlane/adc_edge_detect_circuit/runs/foobar2/results/routing/adc_edge_detect_circuit.def
[INFO ODB-0128] Design: adc_edge_detect_circuit
[INFO ODB-0130]     Created 5 pins.
[INFO ODB-0131]     Created 702 components and 2794 component-terminals.
[INFO ODB-0132]     Created 4 special nets and 2628 connections.
[INFO ODB-0133]     Created 84 nets and 166 connections.
[INFO ODB-0134] Finished DEF file: /foss/designs/SKY130_SAR-ADC/openlane/adc_edge_detect_circuit/runs/foobar2/results/routing/adc_edge_detect_circuit.def
Top-level design name: adc_edge_detect_circuit
Default power net:  VPWR
Default ground net: VGND
Found a total of 1 power ports.
Found a total of 1 ground ports.
Modified power connections of 702 cells (Remaining: 0 ).
<odb.dbBlock; proxy of <Swig Object of type 'odb::dbBlock *' at 0x7fa11ca30fc0> > /foss/designs/SKY130_SAR-ADC/openlane/adc_edge_detect_circuit/runs/foobar2/tmp/signoff/20-powered_def.def
