Netgen 1.5.219 compiled on Sun Jul 10 14:21:24 UTC 2022
Warning: netgen command 'format' use fully-qualified name '::netgen::format'
Warning: netgen command 'global' use fully-qualified name '::netgen::global'
Generating JSON file result
Reading netlist file /foss/designs/SKY130_SAR-ADC/openlane/adc_edge_detect_circuit/runs/foobar2/results/signoff/adc_edge_detect_circuit.spice
Reading netlist file /foss/designs/SKY130_SAR-ADC/openlane/adc_edge_detect_circuit/runs/foobar2/tmp/signoff/20-powered_netlist.v
Warning:  A case-insensitive file has been read and so the	verilog file must be treated case-insensitive to match.
Creating placeholder cell definition for module sky130_fd_sc_hd__decap_3.
Creating placeholder cell definition for module sky130_ef_sc_hd__decap_12.
Creating placeholder cell definition for module sky130_fd_sc_hd__decap_8.
Creating placeholder cell definition for module sky130_fd_sc_hd__fill_1.
Creating placeholder cell definition for module sky130_fd_sc_hd__decap_4.
Creating placeholder cell definition for module sky130_fd_sc_hd__decap_6.
Creating placeholder cell definition for module sky130_fd_sc_hd__fill_2.
Creating placeholder cell definition for module sky130_fd_sc_hd__tapvpwrvgnd_1.
Creating placeholder cell definition for module sky130_fd_sc_hd__inv_2.
Creating placeholder cell definition for module sky130_fd_sc_hd__a21o_2.
Creating placeholder cell definition for module sky130_mm_sc_hd_dly5ns.
Reading setup file /foss/pdk/sky130A/libs.tech/netgen/sky130A_setup.tcl
Comparison output logged to file /foss/designs/SKY130_SAR-ADC/openlane/adc_edge_detect_circuit/runs/foobar2/logs/signoff/23-adc_edge_detect_circuit.lef.log
Logging to file "/foss/designs/SKY130_SAR-ADC/openlane/adc_edge_detect_circuit/runs/foobar2/logs/signoff/23-adc_edge_detect_circuit.lef.log" enabled
Circuit sky130_ef_sc_hd__decap_12 contains no devices.
Circuit sky130_mm_sc_hd_dly5ns contains no devices.
Circuit sky130_fd_sc_hd__fill_1 contains no devices.
Circuit sky130_fd_sc_hd__decap_8 contains no devices.
Circuit sky130_fd_sc_hd__decap_4 contains no devices.
Circuit sky130_fd_sc_hd__tapvpwrvgnd_1 contains no devices.
Circuit sky130_fd_sc_hd__decap_3 contains no devices.
Circuit sky130_fd_sc_hd__decap_6 contains no devices.
Circuit sky130_fd_sc_hd__fill_2 contains no devices.
Circuit sky130_fd_sc_hd__a21o_2 contains no devices.
Circuit sky130_fd_sc_hd__inv_2 contains no devices.

Contents of circuit 1:  Circuit: 'adc_edge_detect_circuit'
Circuit adc_edge_detect_circuit contains 702 device instances.
  Class: sky130_fd_sc_hd__a21o_2 instances:   1
  Class: sky130_ef_sc_hd__decap_12 instances: 216
  Class: sky130_fd_sc_hd__inv_2 instances:   1
  Class: sky130_fd_sc_hd__decap_3 instances:  85
  Class: sky130_fd_sc_hd__decap_4 instances:  64
  Class: sky130_fd_sc_hd__decap_6 instances:  30
  Class: sky130_fd_sc_hd__decap_8 instances:  40
  Class: sky130_mm_sc_hd_dly5ns instances:  80
  Class: sky130_fd_sc_hd__tapvpwrvgnd_1 instances:  90
  Class: sky130_fd_sc_hd__fill_1 instances:  89
  Class: sky130_fd_sc_hd__fill_2 instances:   6
Circuit contains 86 nets.
Contents of circuit 2:  Circuit: 'adc_edge_detect_circuit'
Circuit adc_edge_detect_circuit contains 702 device instances.
  Class: sky130_fd_sc_hd__a21o_2 instances:   1
  Class: sky130_ef_sc_hd__decap_12 instances: 216
  Class: sky130_fd_sc_hd__inv_2 instances:   1
  Class: sky130_fd_sc_hd__decap_3 instances:  85
  Class: sky130_fd_sc_hd__decap_4 instances:  64
  Class: sky130_fd_sc_hd__decap_6 instances:  30
  Class: sky130_fd_sc_hd__decap_8 instances:  40
  Class: sky130_mm_sc_hd_dly5ns instances:  80
  Class: sky130_fd_sc_hd__tapvpwrvgnd_1 instances:  90
  Class: sky130_fd_sc_hd__fill_1 instances:  89
  Class: sky130_fd_sc_hd__fill_2 instances:   6
Circuit contains 86 nets.

Circuit was modified by parallel/series device merging.
New circuit summary:

Contents of circuit 1:  Circuit: 'adc_edge_detect_circuit'
Circuit adc_edge_detect_circuit contains 90 device instances.
  Class: sky130_fd_sc_hd__a21o_2 instances:   1
  Class: sky130_ef_sc_hd__decap_12 instances:   1
  Class: sky130_fd_sc_hd__inv_2 instances:   1
  Class: sky130_fd_sc_hd__decap_3 instances:   1
  Class: sky130_fd_sc_hd__decap_4 instances:   1
  Class: sky130_fd_sc_hd__decap_6 instances:   1
  Class: sky130_fd_sc_hd__decap_8 instances:   1
  Class: sky130_mm_sc_hd_dly5ns instances:  80
  Class: sky130_fd_sc_hd__tapvpwrvgnd_1 instances:   1
  Class: sky130_fd_sc_hd__fill_1 instances:   1
  Class: sky130_fd_sc_hd__fill_2 instances:   1
Circuit contains 86 nets.
Contents of circuit 2:  Circuit: 'adc_edge_detect_circuit'
Circuit adc_edge_detect_circuit contains 90 device instances.
  Class: sky130_fd_sc_hd__a21o_2 instances:   1
  Class: sky130_ef_sc_hd__decap_12 instances:   1
  Class: sky130_fd_sc_hd__inv_2 instances:   1
  Class: sky130_fd_sc_hd__decap_3 instances:   1
  Class: sky130_fd_sc_hd__decap_4 instances:   1
  Class: sky130_fd_sc_hd__decap_6 instances:   1
  Class: sky130_fd_sc_hd__decap_8 instances:   1
  Class: sky130_mm_sc_hd_dly5ns instances:  80
  Class: sky130_fd_sc_hd__tapvpwrvgnd_1 instances:   1
  Class: sky130_fd_sc_hd__fill_1 instances:   1
  Class: sky130_fd_sc_hd__fill_2 instances:   1
Circuit contains 86 nets.

Circuit 1 contains 90 devices, Circuit 2 contains 90 devices.
Circuit 1 contains 86 nets,    Circuit 2 contains 86 nets.

Netlists match uniquely.
Result: Circuits match uniquely.
Logging to file "/foss/designs/SKY130_SAR-ADC/openlane/adc_edge_detect_circuit/runs/foobar2/logs/signoff/23-adc_edge_detect_circuit.lef.log" disabled
LVS Done.
