Instance name,  X location,  Y location,  Voltage 
PHY_124, 5.4, 182.24, 1.8
PHY_126, 5.4, 182.24, 1.8
PHY_125, 178.2, 182.24, 1.8
PHY_127, 178.2, 182.24, 1.8
PHY_120, 5.4, 176.8, 1.8
PHY_122, 5.4, 176.8, 1.8
PHY_121, 178.2, 176.8, 1.8
PHY_123, 178.2, 176.8, 1.8
PHY_116, 5.4, 171.36, 1.8
PHY_118, 5.4, 171.36, 1.8
PHY_117, 178.2, 171.36, 1.8
PHY_119, 178.2, 171.36, 1.8
PHY_112, 5.4, 165.92, 1.8
PHY_114, 5.4, 165.92, 1.8
PHY_113, 178.2, 165.92, 1.8
PHY_115, 178.2, 165.92, 1.8
PHY_108, 5.4, 160.48, 1.8
PHY_110, 5.4, 160.48, 1.8
PHY_109, 178.2, 160.48, 1.8
PHY_111, 178.2, 160.48, 1.8
PHY_104, 5.4, 155.04, 1.8
PHY_106, 5.4, 155.04, 1.8
PHY_105, 178.2, 155.04, 1.8
PHY_107, 178.2, 155.04, 1.8
PHY_100, 5.4, 149.6, 1.8
PHY_102, 5.4, 149.6, 1.8
PHY_101, 178.2, 149.6, 1.8
PHY_103, 178.2, 149.6, 1.8
PHY_96, 5.4, 144.16, 1.8
PHY_98, 5.4, 144.16, 1.8
PHY_97, 178.2, 144.16, 1.8
PHY_99, 178.2, 144.16, 1.8
PHY_92, 5.4, 138.72, 1.8
PHY_94, 5.4, 138.72, 1.8
PHY_93, 178.2, 138.72, 1.8
PHY_95, 178.2, 138.72, 1.8
PHY_88, 5.4, 133.28, 1.8
PHY_90, 5.4, 133.28, 1.8
PHY_89, 178.2, 133.28, 1.8
PHY_91, 178.2, 133.28, 1.8
PHY_84, 5.4, 127.84, 1.8
PHY_86, 5.4, 127.84, 1.8
PHY_85, 178.2, 127.84, 1.8
PHY_87, 178.2, 127.84, 1.8
PHY_80, 5.4, 122.4, 1.8
PHY_82, 5.4, 122.4, 1.8
PHY_81, 178.2, 122.4, 1.8
PHY_83, 178.2, 122.4, 1.8
PHY_76, 5.4, 116.96, 1.8
PHY_78, 5.4, 116.96, 1.8
PHY_77, 178.2, 116.96, 1.8
PHY_79, 178.2, 116.96, 1.8
PHY_72, 5.4, 111.52, 1.8
PHY_74, 5.4, 111.52, 1.8
PHY_73, 178.2, 111.52, 1.8
PHY_75, 178.2, 111.52, 1.8
PHY_68, 5.4, 106.08, 1.8
PHY_70, 5.4, 106.08, 1.8
PHY_69, 178.2, 106.08, 1.8
PHY_71, 178.2, 106.08, 1.8
PHY_64, 5.4, 100.64, 1.8
PHY_66, 5.4, 100.64, 1.8
PHY_65, 178.2, 100.64, 1.8
PHY_67, 178.2, 100.64, 1.8
PHY_60, 5.4, 95.2, 1.8
PHY_62, 5.4, 95.2, 1.8
PHY_61, 178.2, 95.2, 1.8
PHY_63, 178.2, 95.2, 1.8
PHY_56, 5.4, 89.76, 1.8
PHY_58, 5.4, 89.76, 1.8
PHY_57, 178.2, 89.76, 1.8
PHY_59, 178.2, 89.76, 1.8
PHY_52, 5.4, 84.32, 1.8
PHY_54, 5.4, 84.32, 1.8
PHY_53, 178.2, 84.32, 1.8
PHY_55, 178.2, 84.32, 1.8
PHY_48, 5.4, 78.88, 1.8
PHY_50, 5.4, 78.88, 1.8
PHY_49, 178.2, 78.88, 1.8
PHY_51, 178.2, 78.88, 1.8
PHY_44, 5.4, 73.44, 1.8
PHY_46, 5.4, 73.44, 1.8
PHY_45, 178.2, 73.44, 1.8
PHY_47, 178.2, 73.44, 1.8
PHY_40, 5.4, 68, 1.8
PHY_42, 5.4, 68, 1.8
PHY_41, 178.2, 68, 1.8
PHY_43, 178.2, 68, 1.8
PHY_36, 5.4, 62.56, 1.8
PHY_38, 5.4, 62.56, 1.8
PHY_37, 178.2, 62.56, 1.8
PHY_39, 178.2, 62.56, 1.8
PHY_32, 5.4, 57.12, 1.8
PHY_34, 5.4, 57.12, 1.8
PHY_33, 178.2, 57.12, 1.8
PHY_35, 178.2, 57.12, 1.8
PHY_28, 5.4, 51.68, 1.8
PHY_30, 5.4, 51.68, 1.8
PHY_29, 178.2, 51.68, 1.8
PHY_31, 178.2, 51.68, 1.8
PHY_24, 5.4, 46.24, 1.8
PHY_26, 5.4, 46.24, 1.8
PHY_25, 178.2, 46.24, 1.8
PHY_27, 178.2, 46.24, 1.8
PHY_20, 5.4, 40.8, 1.8
PHY_22, 5.4, 40.8, 1.8
PHY_21, 178.2, 40.8, 1.8
PHY_23, 178.2, 40.8, 1.8
PHY_16, 5.4, 35.36, 1.8
PHY_18, 5.4, 35.36, 1.8
PHY_17, 178.2, 35.36, 1.8
PHY_19, 178.2, 35.36, 1.8
PHY_12, 5.4, 29.92, 1.8
PHY_14, 5.4, 29.92, 1.8
PHY_13, 178.2, 29.92, 1.8
PHY_15, 178.2, 29.92, 1.8
PHY_10, 5.4, 24.48, 1.8
PHY_8, 5.4, 24.48, 1.8
PHY_11, 178.2, 24.48, 1.8
PHY_9, 178.2, 24.48, 1.8
PHY_4, 5.4, 19.04, 1.8
PHY_6, 5.4, 19.04, 1.8
PHY_5, 178.2, 19.04, 1.8
PHY_7, 178.2, 19.04, 1.8
PHY_0, 5.4, 13.6, 1.8
PHY_2, 5.4, 13.6, 1.8
PHY_1, 178.2, 13.6, 1.8
PHY_3, 178.2, 13.6, 1.8

