First Layout: /foss/designs/SKY130_SAR-ADC/openlane/adc_clkgen_with_edgedetect/runs/kaiserschmarrn/results/signoff/adc_clkgen_with_edgedetect.gds
Second Layout: /foss/designs/SKY130_SAR-ADC/openlane/adc_clkgen_with_edgedetect/runs/kaiserschmarrn/results/signoff/adc_clkgen_with_edgedetect.klayout.gds
Design Name: adc_clkgen_with_edgedetect
Output GDS will be: /foss/designs/SKY130_SAR-ADC/openlane/adc_clkgen_with_edgedetect/runs/kaiserschmarrn/reports/signoff/adc_clkgen_with_edgedetect.xor.xml
Reading /foss/designs/SKY130_SAR-ADC/openlane/adc_clkgen_with_edgedetect/runs/kaiserschmarrn/results/signoff/adc_clkgen_with_edgedetect.gds ..
Reading /foss/designs/SKY130_SAR-ADC/openlane/adc_clkgen_with_edgedetect/runs/kaiserschmarrn/results/signoff/adc_clkgen_with_edgedetect.klayout.gds ..
--- Running XOR for 10/0 ---
"input" in: xor.drc:38
    Polygons (raw): 0 (flat)  0 (hierarchical)
    Elapsed: 0.010s  Memory: 251.00M
"input" in: xor.drc:38
    Polygons (raw): 534 (flat)  5 (hierarchical)
    Elapsed: 0.010s  Memory: 251.00M
"^" in: xor.drc:38
    Polygons (raw): 534 (flat)  5 (hierarchical)
    Elapsed: 0.010s  Memory: 251.00M
XOR differences: 534
"output" in: xor.drc:40
    Polygons (raw): 534 (flat)  5 (hierarchical)
    Elapsed: 0.020s  Memory: 251.00M
--- Running XOR for 11/0 ---
"input" in: xor.drc:38
    Polygons (raw): 0 (flat)  0 (hierarchical)
    Elapsed: 0.010s  Memory: 251.00M
"input" in: xor.drc:38
    Polygons (raw): 153 (flat)  17 (hierarchical)
    Elapsed: 0.000s  Memory: 251.00M
"^" in: xor.drc:38
    Polygons (raw): 153 (flat)  17 (hierarchical)
    Elapsed: 0.000s  Memory: 251.00M
XOR differences: 153
"output" in: xor.drc:40
    Polygons (raw): 153 (flat)  17 (hierarchical)
    Elapsed: 0.010s  Memory: 251.00M
--- Running XOR for 11/1 ---
"input" in: xor.drc:38
    Polygons (raw): 0 (flat)  0 (hierarchical)
    Elapsed: 0.010s  Memory: 251.00M
"input" in: xor.drc:38
    Polygons (raw): 0 (flat)  0 (hierarchical)
    Elapsed: 0.010s  Memory: 251.00M
"^" in: xor.drc:38
    Polygons (raw): 0 (flat)  0 (hierarchical)
    Elapsed: 0.010s  Memory: 251.00M
XOR differences: 0
"output" in: xor.drc:40
    Polygons (raw): 0 (flat)  0 (hierarchical)
    Elapsed: 0.010s  Memory: 251.00M
--- Running XOR for 11/2 ---
"input" in: xor.drc:38
    Polygons (raw): 0 (flat)  0 (hierarchical)
    Elapsed: 0.000s  Memory: 251.00M
"input" in: xor.drc:38
    Polygons (raw): 12 (flat)  12 (hierarchical)
    Elapsed: 0.010s  Memory: 251.00M
"^" in: xor.drc:38
    Polygons (raw): 12 (flat)  12 (hierarchical)
    Elapsed: 0.010s  Memory: 251.00M
XOR differences: 12
"output" in: xor.drc:40
    Polygons (raw): 12 (flat)  12 (hierarchical)
    Elapsed: 0.000s  Memory: 251.00M
--- Running XOR for 122/16 ---
"input" in: xor.drc:38
    Polygons (raw): 1738 (flat)  19 (hierarchical)
    Elapsed: 0.010s  Memory: 251.00M
"input" in: xor.drc:38
    Polygons (raw): 1738 (flat)  19 (hierarchical)
    Elapsed: 0.010s  Memory: 251.00M
"^" in: xor.drc:38
    Polygons (raw): 0 (flat)  0 (hierarchical)
    Elapsed: 0.020s  Memory: 251.00M
XOR differences: 0
"output" in: xor.drc:40
    Polygons (raw): 0 (flat)  0 (hierarchical)
    Elapsed: 0.010s  Memory: 251.00M
--- Running XOR for 125/44 ---
"input" in: xor.drc:38
    Polygons (raw): 100 (flat)  1 (hierarchical)
    Elapsed: 0.000s  Memory: 251.00M
"input" in: xor.drc:38
    Polygons (raw): 100 (flat)  1 (hierarchical)
    Elapsed: 0.010s  Memory: 251.00M
"^" in: xor.drc:38
    Polygons (raw): 0 (flat)  0 (hierarchical)
    Elapsed: 0.010s  Memory: 251.00M
XOR differences: 0
"output" in: xor.drc:40
    Polygons (raw): 0 (flat)  0 (hierarchical)
    Elapsed: 0.010s  Memory: 251.00M
--- Running XOR for 14/0 ---
"input" in: xor.drc:38
    Polygons (raw): 0 (flat)  0 (hierarchical)
    Elapsed: 0.000s  Memory: 251.00M
"input" in: xor.drc:38
    Polygons (raw): 1 (flat)  1 (hierarchical)
    Elapsed: 0.000s  Memory: 251.00M
"^" in: xor.drc:38
    Polygons (raw): 1 (flat)  1 (hierarchical)
    Elapsed: 0.010s  Memory: 251.00M
XOR differences: 1
"output" in: xor.drc:40
    Polygons (raw): 1 (flat)  1 (hierarchical)
    Elapsed: 0.010s  Memory: 251.00M
--- Running XOR for 235/4 ---
"input" in: xor.drc:38
    Polygons (raw): 101 (flat)  2 (hierarchical)
    Elapsed: 0.000s  Memory: 251.00M
"input" in: xor.drc:38
    Polygons (raw): 100 (flat)  1 (hierarchical)
    Elapsed: 0.010s  Memory: 251.00M
"^" in: xor.drc:38
    Polygons (raw): 1 (flat)  1 (hierarchical)
    Elapsed: 0.020s  Memory: 251.00M
XOR differences: 1
"output" in: xor.drc:40
    Polygons (raw): 1 (flat)  1 (hierarchical)
    Elapsed: 0.000s  Memory: 251.00M
--- Running XOR for 236/0 ---
"input" in: xor.drc:38
    Polygons (raw): 957 (flat)  12 (hierarchical)
    Elapsed: 0.010s  Memory: 251.00M
"input" in: xor.drc:38
    Polygons (raw): 957 (flat)  12 (hierarchical)
    Elapsed: 0.010s  Memory: 251.00M
"^" in: xor.drc:38
    Polygons (raw): 0 (flat)  0 (hierarchical)
    Elapsed: 0.020s  Memory: 251.00M
XOR differences: 0
"output" in: xor.drc:40
    Polygons (raw): 0 (flat)  0 (hierarchical)
    Elapsed: 0.010s  Memory: 251.00M
--- Running XOR for 3/0 ---
"input" in: xor.drc:38
    Polygons (raw): 0 (flat)  0 (hierarchical)
    Elapsed: 0.000s  Memory: 251.00M
"input" in: xor.drc:38
    Polygons (raw): 1143 (flat)  1 (hierarchical)
    Elapsed: 0.010s  Memory: 251.00M
"^" in: xor.drc:38
    Polygons (raw): 1143 (flat)  1 (hierarchical)
    Elapsed: 0.010s  Memory: 251.00M
XOR differences: 1143
"output" in: xor.drc:40
    Polygons (raw): 1143 (flat)  1 (hierarchical)
    Elapsed: 0.010s  Memory: 251.00M
--- Running XOR for 4/0 ---
"input" in: xor.drc:38
    Polygons (raw): 0 (flat)  0 (hierarchical)
    Elapsed: 0.000s  Memory: 251.00M
"input" in: xor.drc:38
    Polygons (raw): 1143 (flat)  1 (hierarchical)
    Elapsed: 0.000s  Memory: 251.00M
"^" in: xor.drc:38
    Polygons (raw): 1143 (flat)  1 (hierarchical)
    Elapsed: 0.010s  Memory: 251.00M
XOR differences: 1143
"output" in: xor.drc:40
    Polygons (raw): 1143 (flat)  1 (hierarchical)
    Elapsed: 0.010s  Memory: 251.00M
--- Running XOR for 5/0 ---
"input" in: xor.drc:38
    Polygons (raw): 0 (flat)  0 (hierarchical)
    Elapsed: 0.010s  Memory: 251.00M
"input" in: xor.drc:38
    Polygons (raw): 4465 (flat)  1831 (hierarchical)
    Elapsed: 0.000s  Memory: 251.00M
"^" in: xor.drc:38
    Polygons (raw): 4465 (flat)  1831 (hierarchical)
    Elapsed: 0.010s  Memory: 251.00M
XOR differences: 4465
"output" in: xor.drc:40
    Polygons (raw): 4465 (flat)  1831 (hierarchical)
    Elapsed: 0.010s  Memory: 251.00M
--- Running XOR for 6/0 ---
"input" in: xor.drc:38
    Polygons (raw): 0 (flat)  0 (hierarchical)
    Elapsed: 0.010s  Memory: 251.00M
"input" in: xor.drc:38
    Polygons (raw): 2022 (flat)  6 (hierarchical)
    Elapsed: 0.000s  Memory: 251.00M
"^" in: xor.drc:38
    Polygons (raw): 2022 (flat)  6 (hierarchical)
    Elapsed: 0.010s  Memory: 251.00M
XOR differences: 2022
"output" in: xor.drc:40
    Polygons (raw): 2022 (flat)  6 (hierarchical)
    Elapsed: 0.010s  Memory: 251.00M
--- Running XOR for 64/16 ---
"input" in: xor.drc:38
    Polygons (raw): 1738 (flat)  19 (hierarchical)
    Elapsed: 0.010s  Memory: 251.00M
"input" in: xor.drc:38
    Polygons (raw): 1738 (flat)  19 (hierarchical)
    Elapsed: 0.010s  Memory: 251.00M
"^" in: xor.drc:38
    Polygons (raw): 0 (flat)  0 (hierarchical)
    Elapsed: 0.020s  Memory: 251.00M
XOR differences: 0
"output" in: xor.drc:40
    Polygons (raw): 0 (flat)  0 (hierarchical)
    Elapsed: 0.010s  Memory: 251.00M
--- Running XOR for 64/20 ---
"input" in: xor.drc:38
    Polygons (raw): 1664 (flat)  18 (hierarchical)
    Elapsed: 0.010s  Memory: 251.00M
"input" in: xor.drc:38
    Polygons (raw): 1664 (flat)  18 (hierarchical)
    Elapsed: 0.000s  Memory: 251.00M
"^" in: xor.drc:38
    Polygons (raw): 0 (flat)  0 (hierarchical)
    Elapsed: 0.030s  Memory: 252.00M
XOR differences: 0
"output" in: xor.drc:40
    Polygons (raw): 0 (flat)  0 (hierarchical)
    Elapsed: 0.010s  Memory: 252.00M
--- Running XOR for 64/5 ---
"input" in: xor.drc:38
    Polygons (raw): 0 (flat)  0 (hierarchical)
    Elapsed: 0.000s  Memory: 252.00M
"input" in: xor.drc:38
    Polygons (raw): 0 (flat)  0 (hierarchical)
    Elapsed: 0.010s  Memory: 252.00M
"^" in: xor.drc:38
    Polygons (raw): 0 (flat)  0 (hierarchical)
    Elapsed: 0.010s  Memory: 252.00M
XOR differences: 0
"output" in: xor.drc:40
    Polygons (raw): 0 (flat)  0 (hierarchical)
    Elapsed: 0.000s  Memory: 252.00M
--- Running XOR for 64/59 ---
"input" in: xor.drc:38
    Polygons (raw): 0 (flat)  0 (hierarchical)
    Elapsed: 0.010s  Memory: 252.00M
"input" in: xor.drc:38
    Polygons (raw): 0 (flat)  0 (hierarchical)
    Elapsed: 0.010s  Memory: 252.00M
"^" in: xor.drc:38
    Polygons (raw): 0 (flat)  0 (hierarchical)
    Elapsed: 0.010s  Memory: 252.00M
XOR differences: 0
"output" in: xor.drc:40
    Polygons (raw): 0 (flat)  0 (hierarchical)
    Elapsed: 0.000s  Memory: 252.00M
--- Running XOR for 65/20 ---
"input" in: xor.drc:38
    Polygons (raw): 2201 (flat)  29 (hierarchical)
    Elapsed: 0.010s  Memory: 252.00M
"input" in: xor.drc:38
    Polygons (raw): 2201 (flat)  29 (hierarchical)
    Elapsed: 0.010s  Memory: 252.00M
"^" in: xor.drc:38
    Polygons (raw): 0 (flat)  0 (hierarchical)
    Elapsed: 0.030s  Memory: 252.00M
XOR differences: 0
"output" in: xor.drc:40
    Polygons (raw): 0 (flat)  0 (hierarchical)
    Elapsed: 0.000s  Memory: 252.00M
--- Running XOR for 65/44 ---
"input" in: xor.drc:38
    Polygons (raw): 252 (flat)  2 (hierarchical)
    Elapsed: 0.000s  Memory: 252.00M
"input" in: xor.drc:38
    Polygons (raw): 252 (flat)  2 (hierarchical)
    Elapsed: 0.010s  Memory: 252.00M
"^" in: xor.drc:38
    Polygons (raw): 0 (flat)  0 (hierarchical)
    Elapsed: 0.010s  Memory: 252.00M
XOR differences: 0
"output" in: xor.drc:40
    Polygons (raw): 0 (flat)  0 (hierarchical)
    Elapsed: 0.000s  Memory: 252.00M
--- Running XOR for 66/15 ---
"input" in: xor.drc:38
    Polygons (raw): 400 (flat)  2 (hierarchical)
    Elapsed: 0.000s  Memory: 252.00M
"input" in: xor.drc:38
    Polygons (raw): 400 (flat)  2 (hierarchical)
    Elapsed: 0.010s  Memory: 252.00M
"^" in: xor.drc:38
    Polygons (raw): 0 (flat)  0 (hierarchical)
    Elapsed: 0.010s  Memory: 252.00M
XOR differences: 0
"output" in: xor.drc:40
    Polygons (raw): 0 (flat)  0 (hierarchical)
    Elapsed: 0.000s  Memory: 252.00M
--- Running XOR for 66/20 ---
"input" in: xor.drc:38
    Polygons (raw): 4790 (flat)  57 (hierarchical)
    Elapsed: 0.010s  Memory: 252.00M
"input" in: xor.drc:38
    Polygons (raw): 4790 (flat)  57 (hierarchical)
    Elapsed: 0.000s  Memory: 252.00M
"^" in: xor.drc:38
    Polygons (raw): 0 (flat)  0 (hierarchical)
    Elapsed: 0.060s  Memory: 252.00M
XOR differences: 0
"output" in: xor.drc:40
    Polygons (raw): 0 (flat)  0 (hierarchical)
    Elapsed: 0.010s  Memory: 252.00M
--- Running XOR for 66/44 ---
"input" in: xor.drc:38
    Polygons (raw): 14261 (flat)  207 (hierarchical)
    Elapsed: 0.010s  Memory: 252.00M
"input" in: xor.drc:38
    Polygons (raw): 14261 (flat)  207 (hierarchical)
    Elapsed: 0.010s  Memory: 252.00M
"^" in: xor.drc:38
    Polygons (raw): 0 (flat)  0 (hierarchical)
    Elapsed: 0.090s  Memory: 252.00M
XOR differences: 0
"output" in: xor.drc:40
    Polygons (raw): 0 (flat)  0 (hierarchical)
    Elapsed: 0.010s  Memory: 252.00M
--- Running XOR for 67/16 ---
"input" in: xor.drc:38
    Polygons (raw): 2639 (flat)  55 (hierarchical)
    Elapsed: 0.000s  Memory: 252.00M
"input" in: xor.drc:38
    Polygons (raw): 2639 (flat)  55 (hierarchical)
    Elapsed: 0.010s  Memory: 252.00M
"^" in: xor.drc:38
    Polygons (raw): 0 (flat)  0 (hierarchical)
    Elapsed: 0.030s  Memory: 252.00M
XOR differences: 0
"output" in: xor.drc:40
    Polygons (raw): 0 (flat)  0 (hierarchical)
    Elapsed: 0.010s  Memory: 252.00M
--- Running XOR for 67/20 ---
"input" in: xor.drc:38
    Polygons (raw): 9277 (flat)  1240 (hierarchical)
    Elapsed: 0.010s  Memory: 252.00M
"input" in: xor.drc:38
    Polygons (raw): 8134 (flat)  97 (hierarchical)
    Elapsed: 0.000s  Memory: 252.00M
"^" in: xor.drc:38
    Polygons (raw): 278 (flat)  278 (hierarchical)
    Elapsed: 0.120s  Memory: 258.00M
XOR differences: 278
"output" in: xor.drc:40
    Polygons (raw): 278 (flat)  278 (hierarchical)
    Elapsed: 0.010s  Memory: 258.00M
--- Running XOR for 67/44 ---
"input" in: xor.drc:38
    Polygons (raw): 17863 (flat)  1337 (hierarchical)
    Elapsed: 0.000s  Memory: 258.00M
"input" in: xor.drc:38
    Polygons (raw): 16720 (flat)  194 (hierarchical)
    Elapsed: 0.010s  Memory: 258.00M
"^" in: xor.drc:38
    Polygons (raw): 1143 (flat)  1143 (hierarchical)
    Elapsed: 0.190s  Memory: 258.00M
XOR differences: 1143
"output" in: xor.drc:40
    Polygons (raw): 1143 (flat)  1143 (hierarchical)
    Elapsed: 0.020s  Memory: 258.00M
--- Running XOR for 67/5 ---
"input" in: xor.drc:38
    Polygons (raw): 0 (flat)  0 (hierarchical)
    Elapsed: 0.010s  Memory: 258.00M
"input" in: xor.drc:38
    Polygons (raw): 0 (flat)  0 (hierarchical)
    Elapsed: 0.010s  Memory: 258.00M
"^" in: xor.drc:38
    Polygons (raw): 0 (flat)  0 (hierarchical)
    Elapsed: 0.010s  Memory: 258.00M
XOR differences: 0
"output" in: xor.drc:40
    Polygons (raw): 0 (flat)  0 (hierarchical)
    Elapsed: 0.000s  Memory: 258.00M
--- Running XOR for 68/16 ---
"input" in: xor.drc:38
    Polygons (raw): 3928 (flat)  42 (hierarchical)
    Elapsed: 0.010s  Memory: 258.00M
"input" in: xor.drc:38
    Polygons (raw): 3928 (flat)  42 (hierarchical)
    Elapsed: 0.010s  Memory: 258.00M
"^" in: xor.drc:38
    Polygons (raw): 0 (flat)  0 (hierarchical)
    Elapsed: 0.030s  Memory: 258.00M
XOR differences: 0
"output" in: xor.drc:40
    Polygons (raw): 0 (flat)  0 (hierarchical)
    Elapsed: 0.010s  Memory: 258.00M
--- Running XOR for 68/20 ---
"input" in: xor.drc:38
    Polygons (raw): 11479 (flat)  5910 (hierarchical)
    Elapsed: 0.010s  Memory: 258.00M
"input" in: xor.drc:38
    Polygons (raw): 5628 (flat)  59 (hierarchical)
    Elapsed: 0.010s  Memory: 258.00M
"^" in: xor.drc:38
    Polygons (raw): 1216 (flat)  1216 (hierarchical)
    Elapsed: 0.070s  Memory: 258.00M
XOR differences: 1216
"output" in: xor.drc:40
    Polygons (raw): 1216 (flat)  1216 (hierarchical)
    Elapsed: 0.010s  Memory: 258.00M
--- Running XOR for 68/44 ---
"input" in: xor.drc:38
    Polygons (raw): 2022 (flat)  2022 (hierarchical)
    Elapsed: 0.010s  Memory: 258.00M
"input" in: xor.drc:38
    Polygons (raw): 0 (flat)  0 (hierarchical)
    Elapsed: 0.010s  Memory: 258.00M
"^" in: xor.drc:38
    Polygons (raw): 2022 (flat)  2022 (hierarchical)
    Elapsed: 0.000s  Memory: 258.00M
XOR differences: 2022
"output" in: xor.drc:40
    Polygons (raw): 2022 (flat)  2022 (hierarchical)
    Elapsed: 0.010s  Memory: 258.00M
--- Running XOR for 68/5 ---
"input" in: xor.drc:38
    Polygons (raw): 0 (flat)  0 (hierarchical)
    Elapsed: 0.010s  Memory: 258.00M
"input" in: xor.drc:38
    Polygons (raw): 0 (flat)  0 (hierarchical)
    Elapsed: 0.000s  Memory: 258.00M
"^" in: xor.drc:38
    Polygons (raw): 0 (flat)  0 (hierarchical)
    Elapsed: 0.010s  Memory: 258.00M
XOR differences: 0
"output" in: xor.drc:40
    Polygons (raw): 0 (flat)  0 (hierarchical)
    Elapsed: 0.010s  Memory: 258.00M
--- Running XOR for 69/16 ---
"input" in: xor.drc:38
    Polygons (raw): 8 (flat)  8 (hierarchical)
    Elapsed: 0.010s  Memory: 258.00M
"input" in: xor.drc:38
    Polygons (raw): 0 (flat)  0 (hierarchical)
    Elapsed: 0.000s  Memory: 258.00M
"^" in: xor.drc:38
    Polygons (raw): 8 (flat)  8 (hierarchical)
    Elapsed: 0.010s  Memory: 258.00M
XOR differences: 8
"output" in: xor.drc:40
    Polygons (raw): 8 (flat)  8 (hierarchical)
    Elapsed: 0.010s  Memory: 258.00M
--- Running XOR for 69/20 ---
"input" in: xor.drc:38
    Polygons (raw): 2799 (flat)  2799 (hierarchical)
    Elapsed: 0.000s  Memory: 258.00M
"input" in: xor.drc:38
    Polygons (raw): 0 (flat)  0 (hierarchical)
    Elapsed: 0.000s  Memory: 258.00M
"^" in: xor.drc:38
    Polygons (raw): 2799 (flat)  2799 (hierarchical)
    Elapsed: 0.010s  Memory: 258.00M
XOR differences: 2799
"output" in: xor.drc:40
    Polygons (raw): 2799 (flat)  2799 (hierarchical)
    Elapsed: 0.000s  Memory: 258.00M
--- Running XOR for 69/44 ---
"input" in: xor.drc:38
    Polygons (raw): 771 (flat)  771 (hierarchical)
    Elapsed: 0.000s  Memory: 258.00M
"input" in: xor.drc:38
    Polygons (raw): 0 (flat)  0 (hierarchical)
    Elapsed: 0.010s  Memory: 258.00M
"^" in: xor.drc:38
    Polygons (raw): 771 (flat)  771 (hierarchical)
    Elapsed: 0.000s  Memory: 258.00M
XOR differences: 771
"output" in: xor.drc:40
    Polygons (raw): 771 (flat)  771 (hierarchical)
    Elapsed: 0.000s  Memory: 258.00M
--- Running XOR for 7/0 ---
"input" in: xor.drc:38
    Polygons (raw): 0 (flat)  0 (hierarchical)
    Elapsed: 0.010s  Memory: 258.00M
"input" in: xor.drc:38
    Polygons (raw): 3096 (flat)  1231 (hierarchical)
    Elapsed: 0.010s  Memory: 258.00M
"^" in: xor.drc:38
    Polygons (raw): 3096 (flat)  1231 (hierarchical)
    Elapsed: 0.010s  Memory: 258.00M
XOR differences: 3096
"output" in: xor.drc:40
    Polygons (raw): 3096 (flat)  1231 (hierarchical)
    Elapsed: 0.000s  Memory: 258.00M
--- Running XOR for 7/1 ---
"input" in: xor.drc:38
    Polygons (raw): 0 (flat)  0 (hierarchical)
    Elapsed: 0.010s  Memory: 258.00M
"input" in: xor.drc:38
    Polygons (raw): 0 (flat)  0 (hierarchical)
    Elapsed: 0.010s  Memory: 258.00M
"^" in: xor.drc:38
    Polygons (raw): 0 (flat)  0 (hierarchical)
    Elapsed: 0.010s  Memory: 258.00M
XOR differences: 0
"output" in: xor.drc:40
    Polygons (raw): 0 (flat)  0 (hierarchical)
    Elapsed: 0.010s  Memory: 258.00M
--- Running XOR for 7/2 ---
"input" in: xor.drc:38
    Polygons (raw): 0 (flat)  0 (hierarchical)
    Elapsed: 0.010s  Memory: 258.00M
"input" in: xor.drc:38
    Polygons (raw): 8 (flat)  8 (hierarchical)
    Elapsed: 0.000s  Memory: 258.00M
"^" in: xor.drc:38
    Polygons (raw): 8 (flat)  8 (hierarchical)
    Elapsed: 0.010s  Memory: 258.00M
XOR differences: 8
"output" in: xor.drc:40
    Polygons (raw): 8 (flat)  8 (hierarchical)
    Elapsed: 0.000s  Memory: 258.00M
--- Running XOR for 70/16 ---
"input" in: xor.drc:38
    Polygons (raw): 27 (flat)  27 (hierarchical)
    Elapsed: 0.000s  Memory: 258.00M
"input" in: xor.drc:38
    Polygons (raw): 0 (flat)  0 (hierarchical)
    Elapsed: 0.010s  Memory: 258.00M
"^" in: xor.drc:38
    Polygons (raw): 27 (flat)  27 (hierarchical)
    Elapsed: 0.010s  Memory: 258.00M
XOR differences: 27
"output" in: xor.drc:40
    Polygons (raw): 27 (flat)  27 (hierarchical)
    Elapsed: 0.000s  Memory: 258.00M
--- Running XOR for 70/20 ---
"input" in: xor.drc:38
    Polygons (raw): 825 (flat)  825 (hierarchical)
    Elapsed: 0.010s  Memory: 258.00M
"input" in: xor.drc:38
    Polygons (raw): 0 (flat)  0 (hierarchical)
    Elapsed: 0.010s  Memory: 258.00M
"^" in: xor.drc:38
    Polygons (raw): 825 (flat)  825 (hierarchical)
    Elapsed: 0.000s  Memory: 258.00M
XOR differences: 825
"output" in: xor.drc:40
    Polygons (raw): 825 (flat)  825 (hierarchical)
    Elapsed: 0.010s  Memory: 258.00M
--- Running XOR for 70/44 ---
"input" in: xor.drc:38
    Polygons (raw): 534 (flat)  534 (hierarchical)
    Elapsed: 0.010s  Memory: 258.00M
"input" in: xor.drc:38
    Polygons (raw): 0 (flat)  0 (hierarchical)
    Elapsed: 0.000s  Memory: 258.00M
"^" in: xor.drc:38
    Polygons (raw): 534 (flat)  534 (hierarchical)
    Elapsed: 0.010s  Memory: 258.00M
XOR differences: 534
"output" in: xor.drc:40
    Polygons (raw): 534 (flat)  534 (hierarchical)
    Elapsed: 0.010s  Memory: 258.00M
--- Running XOR for 71/16 ---
"input" in: xor.drc:38
    Polygons (raw): 12 (flat)  12 (hierarchical)
    Elapsed: 0.010s  Memory: 258.00M
"input" in: xor.drc:38
    Polygons (raw): 0 (flat)  0 (hierarchical)
    Elapsed: 0.010s  Memory: 258.00M
"^" in: xor.drc:38
    Polygons (raw): 12 (flat)  12 (hierarchical)
    Elapsed: 0.000s  Memory: 258.00M
XOR differences: 12
"output" in: xor.drc:40
    Polygons (raw): 12 (flat)  12 (hierarchical)
    Elapsed: 0.010s  Memory: 258.00M
--- Running XOR for 71/20 ---
"input" in: xor.drc:38
    Polygons (raw): 21 (flat)  21 (hierarchical)
    Elapsed: 0.010s  Memory: 258.00M
"input" in: xor.drc:38
    Polygons (raw): 0 (flat)  0 (hierarchical)
    Elapsed: 0.000s  Memory: 258.00M
"^" in: xor.drc:38
    Polygons (raw): 21 (flat)  21 (hierarchical)
    Elapsed: 0.010s  Memory: 258.00M
XOR differences: 21
"output" in: xor.drc:40
    Polygons (raw): 21 (flat)  21 (hierarchical)
    Elapsed: 0.010s  Memory: 258.00M
--- Running XOR for 78/44 ---
"input" in: xor.drc:38
    Polygons (raw): 1364 (flat)  15 (hierarchical)
    Elapsed: 0.000s  Memory: 258.00M
"input" in: xor.drc:38
    Polygons (raw): 1364 (flat)  15 (hierarchical)
    Elapsed: 0.010s  Memory: 258.00M
"^" in: xor.drc:38
    Polygons (raw): 0 (flat)  0 (hierarchical)
    Elapsed: 0.020s  Memory: 258.00M
XOR differences: 0
"output" in: xor.drc:40
    Polygons (raw): 0 (flat)  0 (hierarchical)
    Elapsed: 0.000s  Memory: 258.00M
--- Running XOR for 8/0 ---
"input" in: xor.drc:38
    Polygons (raw): 0 (flat)  0 (hierarchical)
    Elapsed: 0.010s  Memory: 258.00M
"input" in: xor.drc:38
    Polygons (raw): 771 (flat)  5 (hierarchical)
    Elapsed: 0.010s  Memory: 258.00M
"^" in: xor.drc:38
    Polygons (raw): 771 (flat)  5 (hierarchical)
    Elapsed: 0.010s  Memory: 258.00M
XOR differences: 771
"output" in: xor.drc:40
    Polygons (raw): 771 (flat)  5 (hierarchical)
    Elapsed: 0.000s  Memory: 258.00M
--- Running XOR for 81/23 ---
"input" in: xor.drc:38
    Polygons (raw): 14 (flat)  1 (hierarchical)
    Elapsed: 0.010s  Memory: 258.00M
"input" in: xor.drc:38
    Polygons (raw): 14 (flat)  1 (hierarchical)
    Elapsed: 0.010s  Memory: 258.00M
"^" in: xor.drc:38
    Polygons (raw): 0 (flat)  0 (hierarchical)
    Elapsed: 0.010s  Memory: 258.00M
XOR differences: 0
"output" in: xor.drc:40
    Polygons (raw): 0 (flat)  0 (hierarchical)
    Elapsed: 0.010s  Memory: 258.00M
--- Running XOR for 81/4 ---
"input" in: xor.drc:38
    Polygons (raw): 1364 (flat)  15 (hierarchical)
    Elapsed: 0.000s  Memory: 258.00M
"input" in: xor.drc:38
    Polygons (raw): 1364 (flat)  15 (hierarchical)
    Elapsed: 0.010s  Memory: 258.00M
"^" in: xor.drc:38
    Polygons (raw): 0 (flat)  0 (hierarchical)
    Elapsed: 0.020s  Memory: 258.00M
XOR differences: 0
"output" in: xor.drc:40
    Polygons (raw): 0 (flat)  0 (hierarchical)
    Elapsed: 0.010s  Memory: 258.00M
--- Running XOR for 83/44 ---
"input" in: xor.drc:38
    Polygons (raw): 0 (flat)  0 (hierarchical)
    Elapsed: 0.000s  Memory: 258.00M
"input" in: xor.drc:38
    Polygons (raw): 0 (flat)  0 (hierarchical)
    Elapsed: 0.010s  Memory: 258.00M
"^" in: xor.drc:38
    Polygons (raw): 0 (flat)  0 (hierarchical)
    Elapsed: 0.020s  Memory: 258.00M
XOR differences: 0
"output" in: xor.drc:40
    Polygons (raw): 0 (flat)  0 (hierarchical)
    Elapsed: 0.000s  Memory: 258.00M
--- Running XOR for 9/0 ---
"input" in: xor.drc:38
    Polygons (raw): 0 (flat)  0 (hierarchical)
    Elapsed: 0.010s  Memory: 258.00M
"input" in: xor.drc:38
    Polygons (raw): 816 (flat)  307 (hierarchical)
    Elapsed: 0.000s  Memory: 258.00M
"^" in: xor.drc:38
    Polygons (raw): 816 (flat)  307 (hierarchical)
    Elapsed: 0.000s  Memory: 258.00M
XOR differences: 816
"output" in: xor.drc:40
    Polygons (raw): 816 (flat)  307 (hierarchical)
    Elapsed: 0.010s  Memory: 258.00M
--- Running XOR for 9/1 ---
"input" in: xor.drc:38
    Polygons (raw): 0 (flat)  0 (hierarchical)
    Elapsed: 0.010s  Memory: 258.00M
"input" in: xor.drc:38
    Polygons (raw): 0 (flat)  0 (hierarchical)
    Elapsed: 0.000s  Memory: 258.00M
"^" in: xor.drc:38
    Polygons (raw): 0 (flat)  0 (hierarchical)
    Elapsed: 0.000s  Memory: 258.00M
XOR differences: 0
"output" in: xor.drc:40
    Polygons (raw): 0 (flat)  0 (hierarchical)
    Elapsed: 0.010s  Memory: 258.00M
--- Running XOR for 9/2 ---
"input" in: xor.drc:38
    Polygons (raw): 0 (flat)  0 (hierarchical)
    Elapsed: 0.000s  Memory: 258.00M
"input" in: xor.drc:38
    Polygons (raw): 27 (flat)  27 (hierarchical)
    Elapsed: 0.010s  Memory: 258.00M
"^" in: xor.drc:38
    Polygons (raw): 27 (flat)  27 (hierarchical)
    Elapsed: 0.010s  Memory: 258.00M
XOR differences: 27
"output" in: xor.drc:40
    Polygons (raw): 27 (flat)  27 (hierarchical)
    Elapsed: 0.000s  Memory: 258.00M
--- Running XOR for 93/44 ---
"input" in: xor.drc:38
    Polygons (raw): 1890 (flat)  20 (hierarchical)
    Elapsed: 0.000s  Memory: 258.00M
"input" in: xor.drc:38
    Polygons (raw): 1890 (flat)  20 (hierarchical)
    Elapsed: 0.010s  Memory: 258.00M
"^" in: xor.drc:38
    Polygons (raw): 0 (flat)  0 (hierarchical)
    Elapsed: 0.030s  Memory: 259.00M
XOR differences: 0
"output" in: xor.drc:40
    Polygons (raw): 0 (flat)  0 (hierarchical)
    Elapsed: 0.010s  Memory: 259.00M
--- Running XOR for 94/20 ---
"input" in: xor.drc:38
    Polygons (raw): 1690 (flat)  18 (hierarchical)
    Elapsed: 0.000s  Memory: 259.00M
"input" in: xor.drc:38
    Polygons (raw): 1690 (flat)  18 (hierarchical)
    Elapsed: 0.010s  Memory: 259.00M
"^" in: xor.drc:38
    Polygons (raw): 0 (flat)  0 (hierarchical)
    Elapsed: 0.020s  Memory: 259.00M
XOR differences: 0
"output" in: xor.drc:40
    Polygons (raw): 0 (flat)  0 (hierarchical)
    Elapsed: 0.010s  Memory: 259.00M
--- Running XOR for 95/20 ---
"input" in: xor.drc:38
    Polygons (raw): 1643 (flat)  17 (hierarchical)
    Elapsed: 0.010s  Memory: 259.00M
"input" in: xor.drc:38
    Polygons (raw): 1643 (flat)  17 (hierarchical)
    Elapsed: 0.010s  Memory: 259.00M
"^" in: xor.drc:38
    Polygons (raw): 0 (flat)  0 (hierarchical)
    Elapsed: 0.030s  Memory: 259.00M
XOR differences: 0
"output" in: xor.drc:40
    Polygons (raw): 0 (flat)  0 (hierarchical)
    Elapsed: 0.010s  Memory: 259.00M
Writing report database: /foss/designs/SKY130_SAR-ADC/openlane/adc_clkgen_with_edgedetect/runs/kaiserschmarrn/reports/signoff/adc_clkgen_with_edgedetect.xor.xml ..
Total elapsed: 2.570s  Memory: 259.00M
