Netgen 1.5.227 compiled on Fri Sep  9 15:58:33 UTC 2022
Warning: netgen command 'format' use fully-qualified name '::netgen::format'
Warning: netgen command 'global' use fully-qualified name '::netgen::global'
Reading spice netlist file /foss/pdk/sky130A/libs.ref/sky130_fd_sc_hd/spice/sky130_fd_sc_hd.spice
Call to undefined subcircuit sky130_fd_pr__pfet_01v8_hvt
Creating placeholder cell definition.
Call to undefined subcircuit sky130_fd_pr__nfet_01v8
Creating placeholder cell definition.
Call to undefined subcircuit sky130_fd_sc_hd__nand2_2
Creating placeholder cell definition.
Call to undefined subcircuit sky130_fd_sc_hd__nor2_2
Creating placeholder cell definition.
Generating JSON file result
Reading netlist file /foss/designs/SKY130_SAR-ADC/openlane/adc_clkgen_with_edgedetect/runs/kaiserschmarrn/results/signoff/adc_clkgen_with_edgedetect.gds.spice
Call to undefined subcircuit sky130_fd_pr__pfet_01v8_hvt
Creating placeholder cell definition.
Call to undefined subcircuit sky130_fd_pr__nfet_01v8
Creating placeholder cell definition.
Call to undefined subcircuit sky130_fd_pr__pfet_01v8
Creating placeholder cell definition.
Call to undefined subcircuit sky130_fd_pr__pfet_01v8_lvt
Creating placeholder cell definition.
Reading netlist file /foss/designs/SKY130_SAR-ADC/openlane/adc_clkgen_with_edgedetect/runs/kaiserschmarrn/tmp/signoff/30-powered_netlist.v
Warning:  A case-insensitive file has been read and so the	verilog file must be treated case-insensitive to match.
Note:  Implicit pin LO in instance _206_ of sky130_fd_sc_hd__conb_1 in cell adc_clkgen_with_edgedetect
Note:  Implicit pin LO in instance _207_ of sky130_fd_sc_hd__conb_1 in cell adc_clkgen_with_edgedetect
Note:  Implicit pin LO in instance _208_ of sky130_fd_sc_hd__conb_1 in cell adc_clkgen_with_edgedetect
Note:  Implicit pin LO in instance _209_ of sky130_fd_sc_hd__conb_1 in cell adc_clkgen_with_edgedetect
Note:  Implicit pin LO in instance _210_ of sky130_fd_sc_hd__conb_1 in cell adc_clkgen_with_edgedetect
Note:  Implicit pin LO in instance _211_ of sky130_fd_sc_hd__conb_1 in cell adc_clkgen_with_edgedetect
Note:  Implicit pin LO in instance _212_ of sky130_fd_sc_hd__conb_1 in cell adc_clkgen_with_edgedetect
Note:  Implicit pin LO in instance _213_ of sky130_fd_sc_hd__conb_1 in cell adc_clkgen_with_edgedetect
Note:  Implicit pin LO in instance _214_ of sky130_fd_sc_hd__conb_1 in cell adc_clkgen_with_edgedetect
Note:  Implicit pin LO in instance _215_ of sky130_fd_sc_hd__conb_1 in cell adc_clkgen_with_edgedetect
Note:  Implicit pin LO in instance _216_ of sky130_fd_sc_hd__conb_1 in cell adc_clkgen_with_edgedetect
Note:  Implicit pin LO in instance _217_ of sky130_fd_sc_hd__conb_1 in cell adc_clkgen_with_edgedetect
Note:  Implicit pin LO in instance _218_ of sky130_fd_sc_hd__conb_1 in cell adc_clkgen_with_edgedetect
Note:  Implicit pin LO in instance _219_ of sky130_fd_sc_hd__conb_1 in cell adc_clkgen_with_edgedetect
Note:  Implicit pin LO in instance _220_ of sky130_fd_sc_hd__conb_1 in cell adc_clkgen_with_edgedetect
Note:  Implicit pin LO in instance _221_ of sky130_fd_sc_hd__conb_1 in cell adc_clkgen_with_edgedetect
Note:  Implicit pin LO in instance _222_ of sky130_fd_sc_hd__conb_1 in cell adc_clkgen_with_edgedetect
Note:  Implicit pin LO in instance _223_ of sky130_fd_sc_hd__conb_1 in cell adc_clkgen_with_edgedetect
Note:  Implicit pin LO in instance _224_ of sky130_fd_sc_hd__conb_1 in cell adc_clkgen_with_edgedetect
Note:  Implicit pin LO in instance _225_ of sky130_fd_sc_hd__conb_1 in cell adc_clkgen_with_edgedetect
Note:  Implicit pin LO in instance _226_ of sky130_fd_sc_hd__conb_1 in cell adc_clkgen_with_edgedetect
Note:  Implicit pin LO in instance _227_ of sky130_fd_sc_hd__conb_1 in cell adc_clkgen_with_edgedetect
Note:  Implicit pin LO in instance _228_ of sky130_fd_sc_hd__conb_1 in cell adc_clkgen_with_edgedetect
Note:  Implicit pin LO in instance _229_ of sky130_fd_sc_hd__conb_1 in cell adc_clkgen_with_edgedetect
Note:  Implicit pin LO in instance _230_ of sky130_fd_sc_hd__conb_1 in cell adc_clkgen_with_edgedetect
Note:  Implicit pin LO in instance _231_ of sky130_fd_sc_hd__conb_1 in cell adc_clkgen_with_edgedetect
Note:  Implicit pin LO in instance _232_ of sky130_fd_sc_hd__conb_1 in cell adc_clkgen_with_edgedetect
Note:  Implicit pin LO in instance _233_ of sky130_fd_sc_hd__conb_1 in cell adc_clkgen_with_edgedetect
Note:  Implicit pin LO in instance _234_ of sky130_fd_sc_hd__conb_1 in cell adc_clkgen_with_edgedetect
Note:  Implicit pin LO in instance _235_ of sky130_fd_sc_hd__conb_1 in cell adc_clkgen_with_edgedetect
Note:  Implicit pin LO in instance _236_ of sky130_fd_sc_hd__conb_1 in cell adc_clkgen_with_edgedetect
Note:  Implicit pin LO in instance _237_ of sky130_fd_sc_hd__conb_1 in cell adc_clkgen_with_edgedetect
Note:  Implicit pin LO in instance _238_ of sky130_fd_sc_hd__conb_1 in cell adc_clkgen_with_edgedetect
Note:  Implicit pin LO in instance _239_ of sky130_fd_sc_hd__conb_1 in cell adc_clkgen_with_edgedetect
Note:  Implicit pin LO in instance _240_ of sky130_fd_sc_hd__conb_1 in cell adc_clkgen_with_edgedetect
Note:  Implicit pin LO in instance _241_ of sky130_fd_sc_hd__conb_1 in cell adc_clkgen_with_edgedetect
Note:  Implicit pin LO in instance _242_ of sky130_fd_sc_hd__conb_1 in cell adc_clkgen_with_edgedetect
Note:  Implicit pin LO in instance _243_ of sky130_fd_sc_hd__conb_1 in cell adc_clkgen_with_edgedetect
Note:  Implicit pin LO in instance _244_ of sky130_fd_sc_hd__conb_1 in cell adc_clkgen_with_edgedetect
Note:  Implicit pin LO in instance _245_ of sky130_fd_sc_hd__conb_1 in cell adc_clkgen_with_edgedetect
Note:  Implicit pin LO in instance _246_ of sky130_fd_sc_hd__conb_1 in cell adc_clkgen_with_edgedetect
Note:  Implicit pin LO in instance _247_ of sky130_fd_sc_hd__conb_1 in cell adc_clkgen_with_edgedetect
Note:  Implicit pin LO in instance _248_ of sky130_fd_sc_hd__conb_1 in cell adc_clkgen_with_edgedetect
Note:  Implicit pin LO in instance _249_ of sky130_fd_sc_hd__conb_1 in cell adc_clkgen_with_edgedetect
Note:  Implicit pin LO in instance _250_ of sky130_fd_sc_hd__conb_1 in cell adc_clkgen_with_edgedetect
Note:  Implicit pin LO in instance _251_ of sky130_fd_sc_hd__conb_1 in cell adc_clkgen_with_edgedetect
Note:  Implicit pin LO in instance _252_ of sky130_fd_sc_hd__conb_1 in cell adc_clkgen_with_edgedetect
Note:  Implicit pin LO in instance _253_ of sky130_fd_sc_hd__conb_1 in cell adc_clkgen_with_edgedetect
Note:  Implicit pin LO in instance _254_ of sky130_fd_sc_hd__conb_1 in cell adc_clkgen_with_edgedetect
Note:  Implicit pin LO in instance _255_ of sky130_fd_sc_hd__conb_1 in cell adc_clkgen_with_edgedetect
Note:  Implicit pin LO in instance _256_ of sky130_fd_sc_hd__conb_1 in cell adc_clkgen_with_edgedetect
Note:  Implicit pin LO in instance _257_ of sky130_fd_sc_hd__conb_1 in cell adc_clkgen_with_edgedetect
Note:  Implicit pin LO in instance _258_ of sky130_fd_sc_hd__conb_1 in cell adc_clkgen_with_edgedetect
Note:  Implicit pin LO in instance _259_ of sky130_fd_sc_hd__conb_1 in cell adc_clkgen_with_edgedetect
Note:  Implicit pin LO in instance _260_ of sky130_fd_sc_hd__conb_1 in cell adc_clkgen_with_edgedetect
Note:  Implicit pin LO in instance _261_ of sky130_fd_sc_hd__conb_1 in cell adc_clkgen_with_edgedetect
Note:  Implicit pin LO in instance _262_ of sky130_fd_sc_hd__conb_1 in cell adc_clkgen_with_edgedetect
Note:  Implicit pin LO in instance _263_ of sky130_fd_sc_hd__conb_1 in cell adc_clkgen_with_edgedetect
Note:  Implicit pin LO in instance _264_ of sky130_fd_sc_hd__conb_1 in cell adc_clkgen_with_edgedetect
Note:  Implicit pin LO in instance _265_ of sky130_fd_sc_hd__conb_1 in cell adc_clkgen_with_edgedetect
Note:  Implicit pin LO in instance _266_ of sky130_fd_sc_hd__conb_1 in cell adc_clkgen_with_edgedetect
Note:  Implicit pin LO in instance _267_ of sky130_fd_sc_hd__conb_1 in cell adc_clkgen_with_edgedetect
Note:  Implicit pin LO in instance _268_ of sky130_fd_sc_hd__conb_1 in cell adc_clkgen_with_edgedetect
Note:  Implicit pin LO in instance _269_ of sky130_fd_sc_hd__conb_1 in cell adc_clkgen_with_edgedetect
Note:  Implicit pin LO in instance _270_ of sky130_fd_sc_hd__conb_1 in cell adc_clkgen_with_edgedetect
Note:  Implicit pin LO in instance _271_ of sky130_fd_sc_hd__conb_1 in cell adc_clkgen_with_edgedetect
Note:  Implicit pin LO in instance _272_ of sky130_fd_sc_hd__conb_1 in cell adc_clkgen_with_edgedetect
Note:  Implicit pin LO in instance _273_ of sky130_fd_sc_hd__conb_1 in cell adc_clkgen_with_edgedetect
Note:  Implicit pin LO in instance _274_ of sky130_fd_sc_hd__conb_1 in cell adc_clkgen_with_edgedetect
Note:  Implicit pin LO in instance _275_ of sky130_fd_sc_hd__conb_1 in cell adc_clkgen_with_edgedetect
Note:  Implicit pin LO in instance _276_ of sky130_fd_sc_hd__conb_1 in cell adc_clkgen_with_edgedetect
Note:  Implicit pin LO in instance _277_ of sky130_fd_sc_hd__conb_1 in cell adc_clkgen_with_edgedetect
Note:  Implicit pin LO in instance _278_ of sky130_fd_sc_hd__conb_1 in cell adc_clkgen_with_edgedetect
Note:  Implicit pin LO in instance _279_ of sky130_fd_sc_hd__conb_1 in cell adc_clkgen_with_edgedetect
Note:  Implicit pin LO in instance _280_ of sky130_fd_sc_hd__conb_1 in cell adc_clkgen_with_edgedetect
Note:  Implicit pin LO in instance _281_ of sky130_fd_sc_hd__conb_1 in cell adc_clkgen_with_edgedetect
Note:  Implicit pin LO in instance _282_ of sky130_fd_sc_hd__conb_1 in cell adc_clkgen_with_edgedetect
Note:  Implicit pin LO in instance _283_ of sky130_fd_sc_hd__conb_1 in cell adc_clkgen_with_edgedetect
Note:  Implicit pin LO in instance _284_ of sky130_fd_sc_hd__conb_1 in cell adc_clkgen_with_edgedetect
Note:  Implicit pin LO in instance _285_ of sky130_fd_sc_hd__conb_1 in cell adc_clkgen_with_edgedetect
Note:  Implicit pin LO in instance _286_ of sky130_fd_sc_hd__conb_1 in cell adc_clkgen_with_edgedetect
Note:  Implicit pin LO in instance _287_ of sky130_fd_sc_hd__conb_1 in cell adc_clkgen_with_edgedetect
Note:  Implicit pin LO in instance _288_ of sky130_fd_sc_hd__conb_1 in cell adc_clkgen_with_edgedetect
Note:  Implicit pin LO in instance _289_ of sky130_fd_sc_hd__conb_1 in cell adc_clkgen_with_edgedetect
Note:  Implicit pin LO in instance _290_ of sky130_fd_sc_hd__conb_1 in cell adc_clkgen_with_edgedetect
Note:  Implicit pin LO in instance _291_ of sky130_fd_sc_hd__conb_1 in cell adc_clkgen_with_edgedetect
Note:  Implicit pin LO in instance _292_ of sky130_fd_sc_hd__conb_1 in cell adc_clkgen_with_edgedetect
Note:  Implicit pin LO in instance _293_ of sky130_fd_sc_hd__conb_1 in cell adc_clkgen_with_edgedetect
Note:  Implicit pin LO in instance _294_ of sky130_fd_sc_hd__conb_1 in cell adc_clkgen_with_edgedetect
Note:  Implicit pin LO in instance _295_ of sky130_fd_sc_hd__conb_1 in cell adc_clkgen_with_edgedetect
Note:  Implicit pin LO in instance _296_ of sky130_fd_sc_hd__conb_1 in cell adc_clkgen_with_edgedetect
Note:  Implicit pin LO in instance _297_ of sky130_fd_sc_hd__conb_1 in cell adc_clkgen_with_edgedetect
Note:  Implicit pin LO in instance _298_ of sky130_fd_sc_hd__conb_1 in cell adc_clkgen_with_edgedetect
Note:  Implicit pin LO in instance _299_ of sky130_fd_sc_hd__conb_1 in cell adc_clkgen_with_edgedetect
Note:  Implicit pin LO in instance _300_ of sky130_fd_sc_hd__conb_1 in cell adc_clkgen_with_edgedetect
Note:  Implicit pin LO in instance _301_ of sky130_fd_sc_hd__conb_1 in cell adc_clkgen_with_edgedetect
Note:  Implicit pin LO in instance _302_ of sky130_fd_sc_hd__conb_1 in cell adc_clkgen_with_edgedetect
Note:  Implicit pin LO in instance _303_ of sky130_fd_sc_hd__conb_1 in cell adc_clkgen_with_edgedetect
Note:  Implicit pin LO in instance _304_ of sky130_fd_sc_hd__conb_1 in cell adc_clkgen_with_edgedetect
Note:  Implicit pin LO in instance _305_ of sky130_fd_sc_hd__conb_1 in cell adc_clkgen_with_edgedetect
Note:  Implicit pin HI in instance _306_ of sky130_fd_sc_hd__conb_1 in cell adc_clkgen_with_edgedetect
Note:  Implicit pin HI in instance _307_ of sky130_fd_sc_hd__conb_1 in cell adc_clkgen_with_edgedetect
Note:  Implicit pin HI in instance _308_ of sky130_fd_sc_hd__conb_1 in cell adc_clkgen_with_edgedetect
Note:  Implicit pin HI in instance _309_ of sky130_fd_sc_hd__conb_1 in cell adc_clkgen_with_edgedetect
Note:  Implicit pin HI in instance _310_ of sky130_fd_sc_hd__conb_1 in cell adc_clkgen_with_edgedetect
Note:  Implicit pin HI in instance _311_ of sky130_fd_sc_hd__conb_1 in cell adc_clkgen_with_edgedetect
Note:  Implicit pin HI in instance _312_ of sky130_fd_sc_hd__conb_1 in cell adc_clkgen_with_edgedetect
Note:  Implicit pin HI in instance _313_ of sky130_fd_sc_hd__conb_1 in cell adc_clkgen_with_edgedetect
Note:  Implicit pin HI in instance _314_ of sky130_fd_sc_hd__conb_1 in cell adc_clkgen_with_edgedetect
Note:  Implicit pin HI in instance _315_ of sky130_fd_sc_hd__conb_1 in cell adc_clkgen_with_edgedetect
Note:  Implicit pin HI in instance _316_ of sky130_fd_sc_hd__conb_1 in cell adc_clkgen_with_edgedetect
Note:  Implicit pin HI in instance _317_ of sky130_fd_sc_hd__conb_1 in cell adc_clkgen_with_edgedetect
Note:  Implicit pin HI in instance _318_ of sky130_fd_sc_hd__conb_1 in cell adc_clkgen_with_edgedetect
Note:  Implicit pin HI in instance _319_ of sky130_fd_sc_hd__conb_1 in cell adc_clkgen_with_edgedetect
Note:  Implicit pin HI in instance _320_ of sky130_fd_sc_hd__conb_1 in cell adc_clkgen_with_edgedetect
Note:  Implicit pin HI in instance _321_ of sky130_fd_sc_hd__conb_1 in cell adc_clkgen_with_edgedetect
Note:  Implicit pin HI in instance _322_ of sky130_fd_sc_hd__conb_1 in cell adc_clkgen_with_edgedetect
Note:  Implicit pin HI in instance _323_ of sky130_fd_sc_hd__conb_1 in cell adc_clkgen_with_edgedetect
Note:  Implicit pin HI in instance _324_ of sky130_fd_sc_hd__conb_1 in cell adc_clkgen_with_edgedetect
Note:  Implicit pin HI in instance _325_ of sky130_fd_sc_hd__conb_1 in cell adc_clkgen_with_edgedetect
Note:  Implicit pin HI in instance _326_ of sky130_fd_sc_hd__conb_1 in cell adc_clkgen_with_edgedetect
Note:  Implicit pin HI in instance _327_ of sky130_fd_sc_hd__conb_1 in cell adc_clkgen_with_edgedetect
Note:  Implicit pin HI in instance _328_ of sky130_fd_sc_hd__conb_1 in cell adc_clkgen_with_edgedetect
Note:  Implicit pin HI in instance _329_ of sky130_fd_sc_hd__conb_1 in cell adc_clkgen_with_edgedetect
Note:  Implicit pin HI in instance _330_ of sky130_fd_sc_hd__conb_1 in cell adc_clkgen_with_edgedetect
Note:  Implicit pin HI in instance _331_ of sky130_fd_sc_hd__conb_1 in cell adc_clkgen_with_edgedetect
Note:  Implicit pin HI in instance _332_ of sky130_fd_sc_hd__conb_1 in cell adc_clkgen_with_edgedetect
Note:  Implicit pin HI in instance _333_ of sky130_fd_sc_hd__conb_1 in cell adc_clkgen_with_edgedetect
Note:  Implicit pin HI in instance _334_ of sky130_fd_sc_hd__conb_1 in cell adc_clkgen_with_edgedetect
Note:  Implicit pin HI in instance _335_ of sky130_fd_sc_hd__conb_1 in cell adc_clkgen_with_edgedetect
Note:  Implicit pin HI in instance _336_ of sky130_fd_sc_hd__conb_1 in cell adc_clkgen_with_edgedetect
Note:  Implicit pin HI in instance _337_ of sky130_fd_sc_hd__conb_1 in cell adc_clkgen_with_edgedetect
Note:  Implicit pin HI in instance _338_ of sky130_fd_sc_hd__conb_1 in cell adc_clkgen_with_edgedetect
Note:  Implicit pin HI in instance _339_ of sky130_fd_sc_hd__conb_1 in cell adc_clkgen_with_edgedetect
Note:  Implicit pin HI in instance _340_ of sky130_fd_sc_hd__conb_1 in cell adc_clkgen_with_edgedetect
Note:  Implicit pin HI in instance _341_ of sky130_fd_sc_hd__conb_1 in cell adc_clkgen_with_edgedetect
Note:  Implicit pin HI in instance _342_ of sky130_fd_sc_hd__conb_1 in cell adc_clkgen_with_edgedetect
Note:  Implicit pin HI in instance _343_ of sky130_fd_sc_hd__conb_1 in cell adc_clkgen_with_edgedetect
Note:  Implicit pin HI in instance _344_ of sky130_fd_sc_hd__conb_1 in cell adc_clkgen_with_edgedetect
Note:  Implicit pin HI in instance _345_ of sky130_fd_sc_hd__conb_1 in cell adc_clkgen_with_edgedetect
Note:  Implicit pin HI in instance _346_ of sky130_fd_sc_hd__conb_1 in cell adc_clkgen_with_edgedetect
Note:  Implicit pin HI in instance _347_ of sky130_fd_sc_hd__conb_1 in cell adc_clkgen_with_edgedetect
Note:  Implicit pin HI in instance _348_ of sky130_fd_sc_hd__conb_1 in cell adc_clkgen_with_edgedetect
Note:  Implicit pin HI in instance _349_ of sky130_fd_sc_hd__conb_1 in cell adc_clkgen_with_edgedetect
Note:  Implicit pin HI in instance _350_ of sky130_fd_sc_hd__conb_1 in cell adc_clkgen_with_edgedetect
Note:  Implicit pin HI in instance _351_ of sky130_fd_sc_hd__conb_1 in cell adc_clkgen_with_edgedetect
Note:  Implicit pin HI in instance _352_ of sky130_fd_sc_hd__conb_1 in cell adc_clkgen_with_edgedetect
Note:  Implicit pin HI in instance _353_ of sky130_fd_sc_hd__conb_1 in cell adc_clkgen_with_edgedetect
Note:  Implicit pin HI in instance _354_ of sky130_fd_sc_hd__conb_1 in cell adc_clkgen_with_edgedetect
Note:  Implicit pin HI in instance _355_ of sky130_fd_sc_hd__conb_1 in cell adc_clkgen_with_edgedetect
Note:  Implicit pin HI in instance _356_ of sky130_fd_sc_hd__conb_1 in cell adc_clkgen_with_edgedetect
Note:  Implicit pin HI in instance _357_ of sky130_fd_sc_hd__conb_1 in cell adc_clkgen_with_edgedetect
Note:  Implicit pin HI in instance _358_ of sky130_fd_sc_hd__conb_1 in cell adc_clkgen_with_edgedetect
Note:  Implicit pin HI in instance _359_ of sky130_fd_sc_hd__conb_1 in cell adc_clkgen_with_edgedetect
Note:  Implicit pin HI in instance _360_ of sky130_fd_sc_hd__conb_1 in cell adc_clkgen_with_edgedetect
Note:  Implicit pin HI in instance _361_ of sky130_fd_sc_hd__conb_1 in cell adc_clkgen_with_edgedetect
Note:  Implicit pin HI in instance _362_ of sky130_fd_sc_hd__conb_1 in cell adc_clkgen_with_edgedetect
Note:  Implicit pin HI in instance _363_ of sky130_fd_sc_hd__conb_1 in cell adc_clkgen_with_edgedetect
Note:  Implicit pin HI in instance _364_ of sky130_fd_sc_hd__conb_1 in cell adc_clkgen_with_edgedetect
Note:  Implicit pin HI in instance _365_ of sky130_fd_sc_hd__conb_1 in cell adc_clkgen_with_edgedetect
Note:  Implicit pin HI in instance _366_ of sky130_fd_sc_hd__conb_1 in cell adc_clkgen_with_edgedetect
Note:  Implicit pin HI in instance _367_ of sky130_fd_sc_hd__conb_1 in cell adc_clkgen_with_edgedetect
Note:  Implicit pin HI in instance _368_ of sky130_fd_sc_hd__conb_1 in cell adc_clkgen_with_edgedetect
Note:  Implicit pin HI in instance _369_ of sky130_fd_sc_hd__conb_1 in cell adc_clkgen_with_edgedetect
Note:  Implicit pin HI in instance _370_ of sky130_fd_sc_hd__conb_1 in cell adc_clkgen_with_edgedetect
Note:  Implicit pin HI in instance _371_ of sky130_fd_sc_hd__conb_1 in cell adc_clkgen_with_edgedetect
Note:  Implicit pin HI in instance _372_ of sky130_fd_sc_hd__conb_1 in cell adc_clkgen_with_edgedetect
Note:  Implicit pin HI in instance _373_ of sky130_fd_sc_hd__conb_1 in cell adc_clkgen_with_edgedetect
Note:  Implicit pin HI in instance _374_ of sky130_fd_sc_hd__conb_1 in cell adc_clkgen_with_edgedetect
Note:  Implicit pin HI in instance _375_ of sky130_fd_sc_hd__conb_1 in cell adc_clkgen_with_edgedetect
Note:  Implicit pin HI in instance _376_ of sky130_fd_sc_hd__conb_1 in cell adc_clkgen_with_edgedetect
Note:  Implicit pin HI in instance _377_ of sky130_fd_sc_hd__conb_1 in cell adc_clkgen_with_edgedetect
Note:  Implicit pin HI in instance _378_ of sky130_fd_sc_hd__conb_1 in cell adc_clkgen_with_edgedetect
Note:  Implicit pin HI in instance _379_ of sky130_fd_sc_hd__conb_1 in cell adc_clkgen_with_edgedetect
Note:  Implicit pin HI in instance _380_ of sky130_fd_sc_hd__conb_1 in cell adc_clkgen_with_edgedetect
Note:  Implicit pin HI in instance _381_ of sky130_fd_sc_hd__conb_1 in cell adc_clkgen_with_edgedetect
Note:  Implicit pin HI in instance _382_ of sky130_fd_sc_hd__conb_1 in cell adc_clkgen_with_edgedetect
Note:  Implicit pin HI in instance _383_ of sky130_fd_sc_hd__conb_1 in cell adc_clkgen_with_edgedetect
Note:  Implicit pin HI in instance _384_ of sky130_fd_sc_hd__conb_1 in cell adc_clkgen_with_edgedetect
Note:  Implicit pin HI in instance _385_ of sky130_fd_sc_hd__conb_1 in cell adc_clkgen_with_edgedetect
Note:  Implicit pin HI in instance _386_ of sky130_fd_sc_hd__conb_1 in cell adc_clkgen_with_edgedetect
Note:  Implicit pin HI in instance _387_ of sky130_fd_sc_hd__conb_1 in cell adc_clkgen_with_edgedetect
Note:  Implicit pin HI in instance _388_ of sky130_fd_sc_hd__conb_1 in cell adc_clkgen_with_edgedetect
Note:  Implicit pin HI in instance _389_ of sky130_fd_sc_hd__conb_1 in cell adc_clkgen_with_edgedetect
Note:  Implicit pin HI in instance _390_ of sky130_fd_sc_hd__conb_1 in cell adc_clkgen_with_edgedetect
Note:  Implicit pin HI in instance _391_ of sky130_fd_sc_hd__conb_1 in cell adc_clkgen_with_edgedetect
Note:  Implicit pin HI in instance _392_ of sky130_fd_sc_hd__conb_1 in cell adc_clkgen_with_edgedetect
Note:  Implicit pin HI in instance _393_ of sky130_fd_sc_hd__conb_1 in cell adc_clkgen_with_edgedetect
Note:  Implicit pin HI in instance _394_ of sky130_fd_sc_hd__conb_1 in cell adc_clkgen_with_edgedetect
Note:  Implicit pin HI in instance _395_ of sky130_fd_sc_hd__conb_1 in cell adc_clkgen_with_edgedetect
Note:  Implicit pin HI in instance _396_ of sky130_fd_sc_hd__conb_1 in cell adc_clkgen_with_edgedetect
Note:  Implicit pin HI in instance _397_ of sky130_fd_sc_hd__conb_1 in cell adc_clkgen_with_edgedetect
Note:  Implicit pin HI in instance _398_ of sky130_fd_sc_hd__conb_1 in cell adc_clkgen_with_edgedetect
Note:  Implicit pin HI in instance _399_ of sky130_fd_sc_hd__conb_1 in cell adc_clkgen_with_edgedetect
Note:  Implicit pin HI in instance _400_ of sky130_fd_sc_hd__conb_1 in cell adc_clkgen_with_edgedetect
Note:  Implicit pin HI in instance _401_ of sky130_fd_sc_hd__conb_1 in cell adc_clkgen_with_edgedetect
Note:  Implicit pin HI in instance _402_ of sky130_fd_sc_hd__conb_1 in cell adc_clkgen_with_edgedetect
Note:  Implicit pin HI in instance _403_ of sky130_fd_sc_hd__conb_1 in cell adc_clkgen_with_edgedetect
Note:  Implicit pin HI in instance _404_ of sky130_fd_sc_hd__conb_1 in cell adc_clkgen_with_edgedetect
Note:  Implicit pin HI in instance _405_ of sky130_fd_sc_hd__conb_1 in cell adc_clkgen_with_edgedetect
Creating placeholder cell definition for module sky130_mm_sc_hd_dlyPoly5ns.
Reading setup file /foss/pdk/sky130A/libs.tech/netgen/sky130A_setup.tcl
Model sky130_fd_pr__res_generic_po pin end_a == end_b
No property mult found for device sky130_fd_pr__res_generic_po
Model sky130_fd_pr__res_generic_po pin end_a == end_b
No property mult found for device sky130_fd_pr__res_generic_po
Model sky130_fd_pr__nfet_01v8 pin 1 == 3
No property mult found for device sky130_fd_pr__nfet_01v8
No property sa found for device sky130_fd_pr__nfet_01v8
No property sb found for device sky130_fd_pr__nfet_01v8
No property sd found for device sky130_fd_pr__nfet_01v8
No property nf found for device sky130_fd_pr__nfet_01v8
No property nrd found for device sky130_fd_pr__nfet_01v8
No property nrs found for device sky130_fd_pr__nfet_01v8
No property area found for device sky130_fd_pr__nfet_01v8
No property perim found for device sky130_fd_pr__nfet_01v8
No property topography found for device sky130_fd_pr__nfet_01v8
Model sky130_fd_pr__nfet_01v8 pin 1 == 3
No property as found for device sky130_fd_pr__nfet_01v8
No property ad found for device sky130_fd_pr__nfet_01v8
No property ps found for device sky130_fd_pr__nfet_01v8
No property pd found for device sky130_fd_pr__nfet_01v8
No property mult found for device sky130_fd_pr__nfet_01v8
No property sa found for device sky130_fd_pr__nfet_01v8
No property sb found for device sky130_fd_pr__nfet_01v8
No property sd found for device sky130_fd_pr__nfet_01v8
No property nf found for device sky130_fd_pr__nfet_01v8
No property nrd found for device sky130_fd_pr__nfet_01v8
No property nrs found for device sky130_fd_pr__nfet_01v8
No property area found for device sky130_fd_pr__nfet_01v8
No property perim found for device sky130_fd_pr__nfet_01v8
No property topography found for device sky130_fd_pr__nfet_01v8
Model sky130_fd_pr__pfet_01v8 pin 1 == 3
No property mult found for device sky130_fd_pr__pfet_01v8
No property sa found for device sky130_fd_pr__pfet_01v8
No property sb found for device sky130_fd_pr__pfet_01v8
No property sd found for device sky130_fd_pr__pfet_01v8
No property nf found for device sky130_fd_pr__pfet_01v8
No property nrd found for device sky130_fd_pr__pfet_01v8
No property nrs found for device sky130_fd_pr__pfet_01v8
No property area found for device sky130_fd_pr__pfet_01v8
No property perim found for device sky130_fd_pr__pfet_01v8
No property topography found for device sky130_fd_pr__pfet_01v8
Model sky130_fd_pr__pfet_01v8_lvt pin 1 == 3
No property mult found for device sky130_fd_pr__pfet_01v8_lvt
No property sa found for device sky130_fd_pr__pfet_01v8_lvt
No property sb found for device sky130_fd_pr__pfet_01v8_lvt
No property sd found for device sky130_fd_pr__pfet_01v8_lvt
No property nf found for device sky130_fd_pr__pfet_01v8_lvt
No property nrd found for device sky130_fd_pr__pfet_01v8_lvt
No property nrs found for device sky130_fd_pr__pfet_01v8_lvt
No property area found for device sky130_fd_pr__pfet_01v8_lvt
No property perim found for device sky130_fd_pr__pfet_01v8_lvt
No property topography found for device sky130_fd_pr__pfet_01v8_lvt
Model sky130_fd_pr__pfet_01v8_hvt pin 1 == 3
No property mult found for device sky130_fd_pr__pfet_01v8_hvt
No property sa found for device sky130_fd_pr__pfet_01v8_hvt
No property sb found for device sky130_fd_pr__pfet_01v8_hvt
No property sd found for device sky130_fd_pr__pfet_01v8_hvt
No property nf found for device sky130_fd_pr__pfet_01v8_hvt
No property nrd found for device sky130_fd_pr__pfet_01v8_hvt
No property nrs found for device sky130_fd_pr__pfet_01v8_hvt
No property area found for device sky130_fd_pr__pfet_01v8_hvt
No property perim found for device sky130_fd_pr__pfet_01v8_hvt
No property topography found for device sky130_fd_pr__pfet_01v8_hvt
Model sky130_fd_pr__pfet_01v8_hvt pin 1 == 3
No property as found for device sky130_fd_pr__pfet_01v8_hvt
No property ad found for device sky130_fd_pr__pfet_01v8_hvt
No property ps found for device sky130_fd_pr__pfet_01v8_hvt
No property pd found for device sky130_fd_pr__pfet_01v8_hvt
No property mult found for device sky130_fd_pr__pfet_01v8_hvt
No property sa found for device sky130_fd_pr__pfet_01v8_hvt
No property sb found for device sky130_fd_pr__pfet_01v8_hvt
No property sd found for device sky130_fd_pr__pfet_01v8_hvt
No property nf found for device sky130_fd_pr__pfet_01v8_hvt
No property nrd found for device sky130_fd_pr__pfet_01v8_hvt
No property nrs found for device sky130_fd_pr__pfet_01v8_hvt
No property area found for device sky130_fd_pr__pfet_01v8_hvt
No property perim found for device sky130_fd_pr__pfet_01v8_hvt
No property topography found for device sky130_fd_pr__pfet_01v8_hvt
No property value found for device sky130_fd_pr__diode_pw2nd_05v5
No property mult found for device sky130_fd_pr__diode_pw2nd_05v5
No property perim found for device sky130_fd_pr__diode_pw2nd_05v5
No property value found for device sky130_fd_pr__diode_pw2nd_05v5
No property mult found for device sky130_fd_pr__diode_pw2nd_05v5
No property perim found for device sky130_fd_pr__diode_pw2nd_05v5
Comparison output logged to file /foss/designs/SKY130_SAR-ADC/openlane/adc_clkgen_with_edgedetect/runs/kaiserschmarrn/logs/signoff/33-adc_clkgen_with_edgedetect.gds.log
Logging to file "/foss/designs/SKY130_SAR-ADC/openlane/adc_clkgen_with_edgedetect/runs/kaiserschmarrn/logs/signoff/33-adc_clkgen_with_edgedetect.gds.log" enabled
Circuit sky130_fd_pr__pfet_01v8_hvt contains no devices.
Circuit sky130_fd_pr__nfet_01v8 contains no devices.

Contents of circuit 1:  Circuit: 'sky130_fd_sc_hd__decap_3'
Circuit sky130_fd_sc_hd__decap_3 contains 2 device instances.
  Class: sky130_fd_pr__nfet_01v8 instances:   1
  Class: sky130_fd_pr__pfet_01v8_hvt instances:   1
Circuit contains 4 nets.
Contents of circuit 2:  Circuit: 'sky130_fd_sc_hd__decap_3'
Circuit sky130_fd_sc_hd__decap_3 contains 2 device instances.
  Class: sky130_fd_pr__nfet_01v8 instances:   1
  Class: sky130_fd_pr__pfet_01v8_hvt instances:   1
Circuit contains 4 nets.

Circuit 1 contains 2 devices, Circuit 2 contains 2 devices.
Circuit 1 contains 4 nets,    Circuit 2 contains 4 nets.

Netlists match uniquely.

Contents of circuit 1:  Circuit: 'sky130_fd_sc_hd__conb_1'
Circuit sky130_fd_sc_hd__conb_1 contains 2 device instances.
  Class: sky130_fd_pr__res_generic_po instances:   2
Circuit contains 4 nets, and 2 disconnected pins.
Contents of circuit 2:  Circuit: 'sky130_fd_sc_hd__conb_1'
Circuit sky130_fd_sc_hd__conb_1 contains 2 device instances.
  Class: sky130_fd_pr__res_generic_po instances:   2
Circuit contains 4 nets, and 2 disconnected pins.

Circuit 1 contains 2 devices, Circuit 2 contains 2 devices.
Circuit 1 contains 4 nets,    Circuit 2 contains 4 nets.

Circuits match with 2 symmetries.
Resolving automorphisms by property value.
Resolving automorphisms by pin name.
Netlists match uniquely.
Circuits match correctly.

Contents of circuit 1:  Circuit: 'sky130_fd_sc_hd__decap_6'
Circuit sky130_fd_sc_hd__decap_6 contains 2 device instances.
  Class: sky130_fd_pr__nfet_01v8 instances:   1
  Class: sky130_fd_pr__pfet_01v8_hvt instances:   1
Circuit contains 4 nets.
Contents of circuit 2:  Circuit: 'sky130_fd_sc_hd__decap_6'
Circuit sky130_fd_sc_hd__decap_6 contains 2 device instances.
  Class: sky130_fd_pr__nfet_01v8 instances:   1
  Class: sky130_fd_pr__pfet_01v8_hvt instances:   1
Circuit contains 4 nets.

Circuit 1 contains 2 devices, Circuit 2 contains 2 devices.
Circuit 1 contains 4 nets,    Circuit 2 contains 4 nets.

Netlists match uniquely.

Contents of circuit 1:  Circuit: 'sky130_fd_sc_hd__decap_4'
Circuit sky130_fd_sc_hd__decap_4 contains 2 device instances.
  Class: sky130_fd_pr__nfet_01v8 instances:   1
  Class: sky130_fd_pr__pfet_01v8_hvt instances:   1
Circuit contains 4 nets.
Contents of circuit 2:  Circuit: 'sky130_fd_sc_hd__decap_4'
Circuit sky130_fd_sc_hd__decap_4 contains 2 device instances.
  Class: sky130_fd_pr__nfet_01v8 instances:   1
  Class: sky130_fd_pr__pfet_01v8_hvt instances:   1
Circuit contains 4 nets.

Circuit 1 contains 2 devices, Circuit 2 contains 2 devices.
Circuit 1 contains 4 nets,    Circuit 2 contains 4 nets.

Netlists match uniquely.

Contents of circuit 1:  Circuit: 'sky130_fd_sc_hd__mux2_1'
Circuit sky130_fd_sc_hd__mux2_1 contains 12 device instances.
  Class: sky130_fd_pr__nfet_01v8 instances:   6
  Class: sky130_fd_pr__pfet_01v8_hvt instances:   6
Circuit contains 14 nets.
Contents of circuit 2:  Circuit: 'sky130_fd_sc_hd__mux2_1'
Circuit sky130_fd_sc_hd__mux2_1 contains 12 device instances.
  Class: sky130_fd_pr__nfet_01v8 instances:   6
  Class: sky130_fd_pr__pfet_01v8_hvt instances:   6
Circuit contains 14 nets.

Circuit 1 contains 12 devices, Circuit 2 contains 12 devices.
Circuit 1 contains 14 nets,    Circuit 2 contains 14 nets.

Netlists match uniquely.
Circuit sky130_mm_sc_hd_dlyPoly5ns contains no devices.

Contents of circuit 1:  Circuit: 'sky130_fd_sc_hd__and2_1'
Circuit sky130_fd_sc_hd__and2_1 contains 6 device instances.
  Class: sky130_fd_pr__nfet_01v8 instances:   3
  Class: sky130_fd_pr__pfet_01v8_hvt instances:   3
Circuit contains 9 nets.
Contents of circuit 2:  Circuit: 'sky130_fd_sc_hd__and2_1'
Circuit sky130_fd_sc_hd__and2_1 contains 6 device instances.
  Class: sky130_fd_pr__nfet_01v8 instances:   3
  Class: sky130_fd_pr__pfet_01v8_hvt instances:   3
Circuit contains 9 nets.

Circuit 1 contains 6 devices, Circuit 2 contains 6 devices.
Circuit 1 contains 9 nets,    Circuit 2 contains 9 nets.

Netlists match uniquely.

Contents of circuit 1:  Circuit: 'sky130_fd_sc_hd__diode_2'
Circuit sky130_fd_sc_hd__diode_2 contains 1 device instances.
  Class: sky130_fd_pr__diode_pw2nd_05v5 instances:   1
Circuit contains 2 nets, and 3 disconnected pins.
Contents of circuit 2:  Circuit: 'sky130_fd_sc_hd__diode_2'
Circuit sky130_fd_sc_hd__diode_2 contains 1 device instances.
  Class: sky130_fd_pr__diode_pw2nd_05v5 instances:   1
Circuit contains 2 nets, and 3 disconnected pins.

Circuit 1 contains 1 devices, Circuit 2 contains 1 devices.
Circuit 1 contains 2 nets,    Circuit 2 contains 2 nets.

Netlists match uniquely.

Contents of circuit 1:  Circuit: 'sky130_fd_sc_hd__decap_8'
Circuit sky130_fd_sc_hd__decap_8 contains 2 device instances.
  Class: sky130_fd_pr__nfet_01v8 instances:   1
  Class: sky130_fd_pr__pfet_01v8_hvt instances:   1
Circuit contains 4 nets.
Contents of circuit 2:  Circuit: 'sky130_fd_sc_hd__decap_8'
Circuit sky130_fd_sc_hd__decap_8 contains 2 device instances.
  Class: sky130_fd_pr__nfet_01v8 instances:   1
  Class: sky130_fd_pr__pfet_01v8_hvt instances:   1
Circuit contains 4 nets.

Circuit 1 contains 2 devices, Circuit 2 contains 2 devices.
Circuit 1 contains 4 nets,    Circuit 2 contains 4 nets.

Netlists match uniquely.

Contents of circuit 1:  Circuit: 'sky130_fd_sc_hd__buf_1'
Circuit sky130_fd_sc_hd__buf_1 contains 4 device instances.
  Class: sky130_fd_pr__nfet_01v8 instances:   2
  Class: sky130_fd_pr__pfet_01v8_hvt instances:   2
Circuit contains 7 nets.
Contents of circuit 2:  Circuit: 'sky130_fd_sc_hd__buf_1'
Circuit sky130_fd_sc_hd__buf_1 contains 4 device instances.
  Class: sky130_fd_pr__nfet_01v8 instances:   2
  Class: sky130_fd_pr__pfet_01v8_hvt instances:   2
Circuit contains 7 nets.

Circuit 1 contains 4 devices, Circuit 2 contains 4 devices.
Circuit 1 contains 7 nets,    Circuit 2 contains 7 nets.

Netlists match uniquely.

Contents of circuit 1:  Circuit: 'sky130_fd_sc_hd__buf_4'
Circuit sky130_fd_sc_hd__buf_4 contains 10 device instances.
  Class: sky130_fd_pr__nfet_01v8 instances:   5
  Class: sky130_fd_pr__pfet_01v8_hvt instances:   5
Circuit contains 7 nets.
Contents of circuit 2:  Circuit: 'sky130_fd_sc_hd__buf_4'
Circuit sky130_fd_sc_hd__buf_4 contains 10 device instances.
  Class: sky130_fd_pr__nfet_01v8 instances:   5
  Class: sky130_fd_pr__pfet_01v8_hvt instances:   5
Circuit contains 7 nets.

Circuit was modified by parallel/series device merging.
New circuit summary:

Contents of circuit 1:  Circuit: 'sky130_fd_sc_hd__buf_4'
Circuit sky130_fd_sc_hd__buf_4 contains 4 device instances.
  Class: sky130_fd_pr__nfet_01v8 instances:   2
  Class: sky130_fd_pr__pfet_01v8_hvt instances:   2
Circuit contains 7 nets.
Contents of circuit 2:  Circuit: 'sky130_fd_sc_hd__buf_4'
Circuit sky130_fd_sc_hd__buf_4 contains 4 device instances.
  Class: sky130_fd_pr__nfet_01v8 instances:   2
  Class: sky130_fd_pr__pfet_01v8_hvt instances:   2
Circuit contains 7 nets.

Circuit 1 contains 4 devices, Circuit 2 contains 4 devices.
Circuit 1 contains 7 nets,    Circuit 2 contains 7 nets.

Netlists match uniquely.

Contents of circuit 1:  Circuit: 'sky130_fd_sc_hd__inv_2'
Circuit sky130_fd_sc_hd__inv_2 contains 4 device instances.
  Class: sky130_fd_pr__nfet_01v8 instances:   2
  Class: sky130_fd_pr__pfet_01v8_hvt instances:   2
Circuit contains 6 nets.
Contents of circuit 2:  Circuit: 'sky130_fd_sc_hd__inv_2'
Circuit sky130_fd_sc_hd__inv_2 contains 4 device instances.
  Class: sky130_fd_pr__nfet_01v8 instances:   2
  Class: sky130_fd_pr__pfet_01v8_hvt instances:   2
Circuit contains 6 nets.

Circuit was modified by parallel/series device merging.
New circuit summary:

Contents of circuit 1:  Circuit: 'sky130_fd_sc_hd__inv_2'
Circuit sky130_fd_sc_hd__inv_2 contains 2 device instances.
  Class: sky130_fd_pr__nfet_01v8 instances:   1
  Class: sky130_fd_pr__pfet_01v8_hvt instances:   1
Circuit contains 6 nets.
Contents of circuit 2:  Circuit: 'sky130_fd_sc_hd__inv_2'
Circuit sky130_fd_sc_hd__inv_2 contains 2 device instances.
  Class: sky130_fd_pr__nfet_01v8 instances:   1
  Class: sky130_fd_pr__pfet_01v8_hvt instances:   1
Circuit contains 6 nets.

Circuit 1 contains 2 devices, Circuit 2 contains 2 devices.
Circuit 1 contains 6 nets,    Circuit 2 contains 6 nets.

Netlists match uniquely.

Contents of circuit 1:  Circuit: 'sky130_fd_sc_hd__a211o_2'
Circuit sky130_fd_sc_hd__a211o_2 contains 12 device instances.
  Class: sky130_fd_pr__nfet_01v8 instances:   6
  Class: sky130_fd_pr__pfet_01v8_hvt instances:   6
Circuit contains 13 nets.
Contents of circuit 2:  Circuit: 'sky130_fd_sc_hd__a211o_2'
Circuit sky130_fd_sc_hd__a211o_2 contains 12 device instances.
  Class: sky130_fd_pr__nfet_01v8 instances:   6
  Class: sky130_fd_pr__pfet_01v8_hvt instances:   6
Circuit contains 13 nets.

Circuit was modified by parallel/series device merging.
New circuit summary:

Contents of circuit 1:  Circuit: 'sky130_fd_sc_hd__a211o_2'
Circuit sky130_fd_sc_hd__a211o_2 contains 10 device instances.
  Class: sky130_fd_pr__nfet_01v8 instances:   5
  Class: sky130_fd_pr__pfet_01v8_hvt instances:   5
Circuit contains 13 nets.
Contents of circuit 2:  Circuit: 'sky130_fd_sc_hd__a211o_2'
Circuit sky130_fd_sc_hd__a211o_2 contains 10 device instances.
  Class: sky130_fd_pr__nfet_01v8 instances:   5
  Class: sky130_fd_pr__pfet_01v8_hvt instances:   5
Circuit contains 13 nets.

Circuit 1 contains 10 devices, Circuit 2 contains 10 devices.
Circuit 1 contains 13 nets,    Circuit 2 contains 13 nets.

Netlists match uniquely.

Contents of circuit 1:  Circuit: 'adc_clkgen_with_edgedetect'
Circuit adc_clkgen_with_edgedetect contains 1057 device instances.
  Class: sky130_fd_sc_hd__buf_1 instances:   3
  Class: sky130_fd_sc_hd__buf_4 instances:   6
  Class: sky130_fd_sc_hd__inv_2 instances:   3
  Class: sky130_fd_sc_hd__conb_1 instances: 200
  Class: sky130_fd_sc_hd__decap_3 instances:  83
  Class: sky130_fd_sc_hd__decap_4 instances: 328
  Class: sky130_fd_sc_hd__decap_6 instances:  69
  Class: sky130_fd_sc_hd__decap_8 instances:  50
  Class: sky130_fd_sc_hd__mux2_1 instances: 100
  Class: sky130_fd_sc_hd__and2_1 instances: 100
  Class: sky130_mm_sc_hd_dlyPoly5ns instances: 100
  Class: sky130_fd_sc_hd__diode_2 instances:  14
  Class: sky130_fd_sc_hd__a211o_2 instances:   1
Circuit contains 722 nets, and 22 disconnected pins.
Contents of circuit 2:  Circuit: 'adc_clkgen_with_edgedetect'
Circuit adc_clkgen_with_edgedetect contains 1057 device instances.
  Class: sky130_fd_sc_hd__buf_1 instances:   3
  Class: sky130_fd_sc_hd__buf_4 instances:   6
  Class: sky130_fd_sc_hd__inv_2 instances:   3
  Class: sky130_fd_sc_hd__conb_1 instances: 200
  Class: sky130_fd_sc_hd__decap_3 instances:  83
  Class: sky130_fd_sc_hd__decap_4 instances: 328
  Class: sky130_fd_sc_hd__decap_6 instances:  69
  Class: sky130_fd_sc_hd__decap_8 instances:  50
  Class: sky130_fd_sc_hd__mux2_1 instances: 100
  Class: sky130_fd_sc_hd__and2_1 instances: 100
  Class: sky130_mm_sc_hd_dlyPoly5ns instances: 100
  Class: sky130_fd_sc_hd__diode_2 instances:  14
  Class: sky130_fd_sc_hd__a211o_2 instances:   1
Circuit contains 722 nets, and 22 disconnected pins.

Circuit was modified by parallel/series device merging.
New circuit summary:

Contents of circuit 1:  Circuit: 'adc_clkgen_with_edgedetect'
Circuit adc_clkgen_with_edgedetect contains 529 device instances.
  Class: sky130_fd_sc_hd__buf_1 instances:   3
  Class: sky130_fd_sc_hd__buf_4 instances:   6
  Class: sky130_fd_sc_hd__inv_2 instances:   3
  Class: sky130_fd_sc_hd__conb_1 instances: 200
  Class: sky130_fd_sc_hd__decap_3 instances:   1
  Class: sky130_fd_sc_hd__decap_4 instances:   1
  Class: sky130_fd_sc_hd__decap_6 instances:   1
  Class: sky130_fd_sc_hd__decap_8 instances:   1
  Class: sky130_fd_sc_hd__mux2_1 instances: 100
  Class: sky130_fd_sc_hd__and2_1 instances: 100
  Class: sky130_mm_sc_hd_dlyPoly5ns instances: 100
  Class: sky130_fd_sc_hd__diode_2 instances:  12
  Class: sky130_fd_sc_hd__a211o_2 instances:   1
Circuit contains 722 nets, and 22 disconnected pins.
Contents of circuit 2:  Circuit: 'adc_clkgen_with_edgedetect'
Circuit adc_clkgen_with_edgedetect contains 529 device instances.
  Class: sky130_fd_sc_hd__buf_1 instances:   3
  Class: sky130_fd_sc_hd__buf_4 instances:   6
  Class: sky130_fd_sc_hd__inv_2 instances:   3
  Class: sky130_fd_sc_hd__conb_1 instances: 200
  Class: sky130_fd_sc_hd__decap_3 instances:   1
  Class: sky130_fd_sc_hd__decap_4 instances:   1
  Class: sky130_fd_sc_hd__decap_6 instances:   1
  Class: sky130_fd_sc_hd__decap_8 instances:   1
  Class: sky130_fd_sc_hd__mux2_1 instances: 100
  Class: sky130_fd_sc_hd__and2_1 instances: 100
  Class: sky130_mm_sc_hd_dlyPoly5ns instances: 100
  Class: sky130_fd_sc_hd__diode_2 instances:  12
  Class: sky130_fd_sc_hd__a211o_2 instances:   1
Circuit contains 722 nets, and 22 disconnected pins.

Circuit 1 contains 529 devices, Circuit 2 contains 529 devices.
Circuit 1 contains 722 nets,    Circuit 2 contains 722 nets.

Circuits match with 3 symmetries.
Resolving automorphisms by property value.
Resolving automorphisms by pin name.
Netlists match uniquely.
Circuits match correctly.
Result: Circuits match uniquely.
Logging to file "/foss/designs/SKY130_SAR-ADC/openlane/adc_clkgen_with_edgedetect/runs/kaiserschmarrn/logs/signoff/33-adc_clkgen_with_edgedetect.gds.log" disabled
LVS Done.
