OpenROAD v2.0-4818-g4174c3ad8 
This program is licensed under the BSD-3 license. See the LICENSE file for details.
Components of this program may be licensed under more restrictive licenses which must be honored.
[INFO ODB-0222] Reading LEF file: /foss/designs/SKY130_SAR-ADC/openlane/adc_clkgen_with_edgedetect/runs/kaiserschmarrn/tmp/merged.nom.lef
[WARNING ODB-0220] WARNING (LEFPARS-2036): SOURCE statement is obsolete in version 5.6 and later.
The LEF parser will ignore this statement.
To avoid this warning in the future, remove this statement from the LEF file with version 5.6 or later. See file /foss/designs/SKY130_SAR-ADC/openlane/adc_clkgen_with_edgedetect/runs/kaiserschmarrn/tmp/merged.nom.lef at line 930.

[INFO ODB-0223]     Created 13 technology layers
[INFO ODB-0224]     Created 25 technology vias
[INFO ODB-0225]     Created 442 library cells
[INFO ODB-0226] Finished LEF file:  /foss/designs/SKY130_SAR-ADC/openlane/adc_clkgen_with_edgedetect/runs/kaiserschmarrn/tmp/merged.nom.lef
[INFO ODB-0127] Reading DEF file: /foss/designs/SKY130_SAR-ADC/openlane/adc_clkgen_with_edgedetect/runs/kaiserschmarrn/results/routing/adc_clkgen_with_edgedetect.def
[INFO ODB-0128] Design: adc_clkgen_with_edgedetect
[INFO ODB-0130]     Created 37 pins.
[INFO ODB-0131]     Created 1464 components and 6947 component-terminals.
[INFO ODB-0132]     Created 4 special nets and 5604 connections.
[INFO ODB-0133]     Created 542 nets and 1143 connections.
[INFO ODB-0134] Finished DEF file: /foss/designs/SKY130_SAR-ADC/openlane/adc_clkgen_with_edgedetect/runs/kaiserschmarrn/results/routing/adc_clkgen_with_edgedetect.def
Net sample_n
  outbuf_4/A (sky130_fd_sc_hd__buf_4)
    met3
    PAR:   84.00  Ratio:    0.00 (Area)
    PAR:  449.94* Ratio:  400.00 (S.Area)
    CAR:   90.52  Ratio:    0.00 (C.Area)
    CAR:  483.34  Ratio:    0.00 (C.S.Area)

    met2
    PAR:    3.06  Ratio:    0.00 (Area)
    PAR:   15.70  Ratio:  400.00 (S.Area)
    CAR:    6.52  Ratio:    0.00 (C.Area)
    CAR:   33.40  Ratio:    0.00 (C.S.Area)

    met1
    PAR:    3.46  Ratio:    0.00 (Area)
    PAR:   17.71  Ratio:  400.00 (S.Area)
    CAR:    3.46  Ratio:    0.00 (C.Area)
    CAR:   17.71  Ratio:    0.00 (C.S.Area)

    li1
    PAR:    0.00  Ratio:    0.00 (Area)
    PAR:    0.00  Ratio:   75.00 (S.Area)
    CAR:    0.00  Ratio:    0.00 (C.Area)
    CAR:    0.00  Ratio:    0.00 (C.S.Area)

    M2M3_PR
    PAR:    0.16  Ratio:    6.00 (Area)
    CAR:    0.37  Ratio:    0.00 (C.Area)

    M1M2_PR
    PAR:    0.09  Ratio:    6.00 (Area)
    CAR:    0.21  Ratio:    0.00 (C.Area)

    L1M1_PR_MR
    PAR:    0.12  Ratio:    3.00 (Area)
    CAR:    0.12  Ratio:    0.00 (C.Area)


Net start_conv
  inbuf_2/A (sky130_fd_sc_hd__buf_1)
    met3
    PAR:  134.61  Ratio:    0.00 (Area)
    PAR:  730.14* Ratio:  400.00 (S.Area)
    CAR:  165.71  Ratio:    0.00 (C.Area)
    CAR:  888.63  Ratio:    0.00 (C.S.Area)

    met2
    PAR:   30.34  Ratio:    0.00 (Area)
    PAR:  154.21  Ratio:  400.00 (S.Area)
    CAR:   31.10  Ratio:    0.00 (C.Area)
    CAR:  158.49  Ratio:    0.00 (C.S.Area)

    met1
    PAR:    0.76  Ratio:    0.00 (Area)
    PAR:    4.27  Ratio:  400.00 (S.Area)
    CAR:    0.76  Ratio:    0.00 (C.Area)
    CAR:    4.27  Ratio:    0.00 (C.S.Area)

    li1
    PAR:    0.00  Ratio:    0.00 (Area)
    PAR:    0.00  Ratio:   75.00 (S.Area)
    CAR:    0.00  Ratio:    0.00 (C.Area)
    CAR:    0.00  Ratio:    0.00 (C.S.Area)

    M2M3_PR
    PAR:    0.20  Ratio:    6.00 (Area)
    CAR:    0.47  Ratio:    0.00 (C.Area)

    M1M2_PR
    PAR:    0.11  Ratio:    6.00 (Area)
    CAR:    0.26  Ratio:    0.00 (C.Area)

    L1M1_PR_MR
    PAR:    0.15  Ratio:    3.00 (Area)
    CAR:    0.15  Ratio:    0.00 (C.Area)


Net _063_
  edgedetect.dly200cell.genblk2\[10\].and1/A (sky130_fd_sc_hd__and2_1)
    met3
    PAR:   76.29  Ratio:    0.00 (Area)
    PAR:  410.67* Ratio:  400.00 (S.Area)
    CAR:  109.83  Ratio:    0.00 (C.Area)
    CAR:  580.72  Ratio:    0.00 (C.S.Area)

    met2
    PAR:   31.86  Ratio:    0.00 (Area)
    PAR:  160.83  Ratio:  400.00 (S.Area)
    CAR:   33.54  Ratio:    0.00 (C.Area)
    CAR:  170.06  Ratio:    0.00 (C.S.Area)

    met1
    PAR:    1.69  Ratio:    0.00 (Area)
    PAR:    9.22  Ratio:  400.00 (S.Area)
    CAR:    1.69  Ratio:    0.00 (C.Area)
    CAR:    9.22  Ratio:    0.00 (C.S.Area)

    li1
    PAR:    0.00  Ratio:    0.00 (Area)
    PAR:    0.00  Ratio:   75.00 (S.Area)
    CAR:    0.00  Ratio:    0.00 (C.Area)
    CAR:    0.00  Ratio:    0.00 (C.S.Area)

    M2M3_PR
    PAR:    0.32  Ratio:    6.00 (Area)
    CAR:    0.73  Ratio:    0.00 (C.Area)

    M1M2_PR
    PAR:    0.18  Ratio:    6.00 (Area)
    CAR:    0.41  Ratio:    0.00 (C.Area)

    L1M1_PR_MR
    PAR:    0.23  Ratio:    3.00 (Area)
    CAR:    0.23  Ratio:    0.00 (C.Area)


Net _066_
  edgedetect.dly200cell.genblk2\[13\].and1/A (sky130_fd_sc_hd__and2_1)
    met3
    PAR:   81.52  Ratio:    0.00 (Area)
    PAR:  446.22* Ratio:  400.00 (S.Area)
    CAR:   87.38  Ratio:    0.00 (C.Area)
    CAR:  477.06  Ratio:    0.00 (C.S.Area)

    met2
    PAR:    1.10  Ratio:    0.00 (Area)
    PAR:    6.28  Ratio:  400.00 (S.Area)
    CAR:    5.86  Ratio:    0.00 (C.Area)
    CAR:   30.83  Ratio:    0.00 (C.S.Area)

    met1
    PAR:    4.76  Ratio:    0.00 (Area)
    PAR:   24.56  Ratio:  400.00 (S.Area)
    CAR:    4.76  Ratio:    0.00 (C.Area)
    CAR:   24.56  Ratio:    0.00 (C.S.Area)

    li1
    PAR:    0.00  Ratio:    0.00 (Area)
    PAR:    0.00  Ratio:   75.00 (S.Area)
    CAR:    0.00  Ratio:    0.00 (C.Area)
    CAR:    0.00  Ratio:    0.00 (C.S.Area)

    M2M3_PR
    PAR:    0.32  Ratio:    6.00 (Area)
    CAR:    0.73  Ratio:    0.00 (C.Area)

    M1M2_PR
    PAR:    0.18  Ratio:    6.00 (Area)
    CAR:    0.41  Ratio:    0.00 (C.Area)

    L1M1_PR_MR
    PAR:    0.23  Ratio:    3.00 (Area)
    CAR:    0.23  Ratio:    0.00 (C.Area)


Net _122_
  clkgen.delay_100ns_2.genblk2\[0\].mux1/S (sky130_fd_sc_hd__mux2_1)
    met3
    PAR:   74.17  Ratio:    0.00 (Area)
    PAR:  401.27* Ratio:  400.00 (S.Area)
    CAR:   84.33  Ratio:    0.00 (C.Area)
    CAR:  453.63  Ratio:    0.00 (C.S.Area)

    met2
    PAR:    1.19  Ratio:    0.00 (Area)
    PAR:    6.75  Ratio:  400.00 (S.Area)
    CAR:   10.16  Ratio:    0.00 (C.Area)
    CAR:   52.36  Ratio:    0.00 (C.S.Area)

    met1
    PAR:    8.97  Ratio:    0.00 (Area)
    PAR:   45.61  Ratio:  400.00 (S.Area)
    CAR:    8.97  Ratio:    0.00 (C.Area)
    CAR:   45.61  Ratio:    0.00 (C.S.Area)

    li1
    PAR:    0.00  Ratio:    0.00 (Area)
    PAR:    0.00  Ratio:   75.00 (S.Area)
    CAR:    0.00  Ratio:    0.00 (C.Area)
    CAR:    0.00  Ratio:    0.00 (C.S.Area)

    M2M3_PR
    PAR:    0.16  Ratio:    6.00 (Area)
    CAR:    0.36  Ratio:    0.00 (C.Area)

    M1M2_PR
    PAR:    0.09  Ratio:    6.00 (Area)
    CAR:    0.20  Ratio:    0.00 (C.Area)

    L1M1_PR_MR
    PAR:    0.11  Ratio:    3.00 (Area)
    CAR:    0.11  Ratio:    0.00 (C.Area)


Net _132_
  clkgen.delay_100ns_2.genblk2\[19\].mux1/S (sky130_fd_sc_hd__mux2_1)
    met3
    PAR:   79.21  Ratio:    0.00 (Area)
    PAR:  424.38* Ratio:  400.00 (S.Area)
    CAR:   83.30  Ratio:    0.00 (C.Area)
    CAR:  445.58  Ratio:    0.00 (C.S.Area)

    met2
    PAR:    0.17  Ratio:    0.00 (Area)
    PAR:    1.25  Ratio:  400.00 (S.Area)
    CAR:    4.08  Ratio:    0.00 (C.Area)
    CAR:   21.19  Ratio:    0.00 (C.S.Area)

    met1
    PAR:    3.91  Ratio:    0.00 (Area)
    PAR:   19.94  Ratio:  400.00 (S.Area)
    CAR:    3.91  Ratio:    0.00 (C.Area)
    CAR:   19.94  Ratio:    0.00 (C.S.Area)

    li1
    PAR:    0.00  Ratio:    0.00 (Area)
    PAR:    0.00  Ratio:   75.00 (S.Area)
    CAR:    0.00  Ratio:    0.00 (C.Area)
    CAR:    0.00  Ratio:    0.00 (C.S.Area)

    M2M3_PR
    PAR:    0.16  Ratio:    6.00 (Area)
    CAR:    0.36  Ratio:    0.00 (C.Area)

    M1M2_PR
    PAR:    0.09  Ratio:    6.00 (Area)
    CAR:    0.20  Ratio:    0.00 (C.Area)

    L1M1_PR_MR
    PAR:    0.11  Ratio:    3.00 (Area)
    CAR:    0.11  Ratio:    0.00 (C.Area)


[INFO ANT-0002] Found 6 net violations.
[INFO ANT-0001] Found 6 pin violations.
