
===========================================================================
report_checks -path_delay min (Hold)
============================================================================

======================= Slowest Corner ===================================

Startpoint: dlycontrol3_in[4] (input port clocked by __VIRTUAL_CLK__)
Endpoint: clk_comp_out (output port clocked by __VIRTUAL_CLK__)
Path Group: __VIRTUAL_CLK__
Path Type: min
Corner: ss

Fanout     Cap    Slew   Delay    Time   Description
-----------------------------------------------------------------------------
                  0.00    0.00    0.00   clock __VIRTUAL_CLK__ (rise edge)
                          0.00    0.00   clock network delay (ideal)
                       200000.00 200000.00 v input external delay
                  0.09    0.06 200000.06 v dlycontrol3_in[4] (in)
     2    0.02                           dlycontrol3_in[4] (net)
                  0.09    0.00 200000.06 v clkgen.delay_155ns_3.genblk1[4].control_invert/A (sky130_fd_sc_hd__inv_2)
                  0.04    0.07 200000.12 ^ clkgen.delay_155ns_3.genblk1[4].control_invert/Y (sky130_fd_sc_hd__inv_2)
     1    0.00                           clkgen.delay_155ns_3.bypass_enable_w[4] (net)
                  0.04    0.00 200000.12 ^ clkgen.delay_155ns_3.genblk1[4].bypass_enable/B (sky130_fd_sc_hd__and2_1)
                  0.17    0.28 200000.41 ^ clkgen.delay_155ns_3.genblk1[4].bypass_enable/X (sky130_fd_sc_hd__and2_1)
     2    0.01                           clkgen.delay_155ns_3.genblk1[4].dly_binary.bypass_in (net)
                  0.17    0.00 200000.41 ^ clkgen.delay_155ns_3.genblk1[4].dly_binary.out_mux/S (sky130_fd_sc_hd__mux2_1)
                  0.20    0.36 200000.77 ^ clkgen.delay_155ns_3.genblk1[4].dly_binary.out_mux/X (sky130_fd_sc_hd__mux2_1)
     2    0.01                           clkgen.clk_comp_out (net)
                  0.20    0.00 200000.77 ^ outbuf_2/A (sky130_fd_sc_hd__buf_4)
                  0.17    0.32 200001.09 ^ outbuf_2/X (sky130_fd_sc_hd__buf_4)
     1    0.03                           clk_comp_out (net)
                  0.17    0.00 200001.09 ^ clk_comp_out (out)
                               200001.09   data arrival time

                  0.00    0.00    0.00   clock __VIRTUAL_CLK__ (rise edge)
                          0.00    0.00   clock network delay (ideal)
                          0.25    0.25   clock uncertainty
                          0.00    0.25   clock reconvergence pessimism
                       -200000.00 -199999.75   output external delay
                               -199999.75   data required time
-----------------------------------------------------------------------------
                               -199999.75   data required time
                               -200001.09   data arrival time
-----------------------------------------------------------------------------
                               400000.84   slack (MET)


Startpoint: dlycontrol1_in[4] (input port clocked by __VIRTUAL_CLK__)
Endpoint: clk_dig_out (output port clocked by __VIRTUAL_CLK__)
Path Group: __VIRTUAL_CLK__
Path Type: min
Corner: ss

Fanout     Cap    Slew   Delay    Time   Description
-----------------------------------------------------------------------------
                  0.00    0.00    0.00   clock __VIRTUAL_CLK__ (rise edge)
                          0.00    0.00   clock network delay (ideal)
                       200000.00 200000.00 v input external delay
                  0.07    0.04 200000.05 v dlycontrol1_in[4] (in)
     2    0.02                           dlycontrol1_in[4] (net)
                  0.07    0.00 200000.05 v clkgen.delay_155ns_1.genblk1[4].control_invert/A (sky130_fd_sc_hd__inv_2)
                  0.03    0.06 200000.11 ^ clkgen.delay_155ns_1.genblk1[4].control_invert/Y (sky130_fd_sc_hd__inv_2)
     1    0.00                           clkgen.delay_155ns_1.bypass_enable_w[4] (net)
                  0.03    0.00 200000.11 ^ clkgen.delay_155ns_1.genblk1[4].bypass_enable/B (sky130_fd_sc_hd__and2_1)
                  0.33    0.39 200000.50 ^ clkgen.delay_155ns_1.genblk1[4].bypass_enable/X (sky130_fd_sc_hd__and2_1)
     4    0.02                           clkgen.delay_155ns_1.genblk1[4].dly_binary.bypass_in (net)
                  0.33    0.00 200000.50 ^ clkgen.delay_155ns_1.genblk1[4].dly_binary.out_mux/S (sky130_fd_sc_hd__mux2_1)
                  0.19    0.86 200001.36 v clkgen.delay_155ns_1.genblk1[4].dly_binary.out_mux/X (sky130_fd_sc_hd__mux2_1)
     1    0.01                           clkgen.delay_155ns_1.genblk1[4].dly_binary.out (net)
                  0.19    0.00 200001.36 v clkgen.clkdig_inverter/A (sky130_fd_sc_hd__inv_2)
                  0.19    0.22 200001.58 ^ clkgen.clkdig_inverter/Y (sky130_fd_sc_hd__inv_2)
     6    0.02                           clkgen.clk_dig_out (net)
                  0.19    0.00 200001.58 ^ outbuf_1/A (sky130_fd_sc_hd__buf_4)
                  0.19    0.33 200001.91 ^ outbuf_1/X (sky130_fd_sc_hd__buf_4)
     1    0.03                           clk_dig_out (net)
                  0.19    0.00 200001.91 ^ clk_dig_out (out)
                               200001.91   data arrival time

                  0.00    0.00    0.00   clock __VIRTUAL_CLK__ (rise edge)
                          0.00    0.00   clock network delay (ideal)
                          0.25    0.25   clock uncertainty
                          0.00    0.25   clock reconvergence pessimism
                       -200000.00 -199999.75   output external delay
                               -199999.75   data required time
-----------------------------------------------------------------------------
                               -199999.75   data required time
                               -200001.91   data arrival time
-----------------------------------------------------------------------------
                               400001.66   slack (MET)


Startpoint: nsample_n_in (input port clocked by __VIRTUAL_CLK__)
Endpoint: nsample_n_out (output port clocked by __VIRTUAL_CLK__)
Path Group: __VIRTUAL_CLK__
Path Type: min
Corner: ss

Fanout     Cap    Slew   Delay    Time   Description
-----------------------------------------------------------------------------
                  0.00    0.00    0.00   clock __VIRTUAL_CLK__ (rise edge)
                          0.00    0.00   clock network delay (ideal)
                       200000.00 200000.00 ^ input external delay
                  0.05    0.03 200000.03 ^ nsample_n_in (in)
     2    0.00                           nsample_n_in (net)
                  0.05    0.00 200000.03 ^ sampledly04/A (sky130_fd_sc_hd__dlymetal6s6s_1)
                  0.05    0.41 200000.44 ^ sampledly04/X (sky130_fd_sc_hd__dlymetal6s6s_1)
     1    0.00                           nsample_n_1 (net)
                  0.05    0.00 200000.44 ^ sampledly14/A (sky130_fd_sc_hd__dlymetal6s6s_1)
                  0.05    0.41 200000.84 ^ sampledly14/X (sky130_fd_sc_hd__dlymetal6s6s_1)
     1    0.00                           nsample_n_2 (net)
                  0.05    0.00 200000.84 ^ sampledly24/A (sky130_fd_sc_hd__dlymetal6s6s_1)
                  0.05    0.41 200001.25 ^ sampledly24/X (sky130_fd_sc_hd__dlymetal6s6s_1)
     1    0.00                           nsample_n_3 (net)
                  0.05    0.00 200001.25 ^ sampledly34/A (sky130_fd_sc_hd__dlymetal6s6s_1)
                  0.06    0.42 200001.67 ^ sampledly34/X (sky130_fd_sc_hd__dlymetal6s6s_1)
     1    0.00                           nsample_n_4 (net)
                  0.06    0.00 200001.67 ^ outbuf_6/A (sky130_fd_sc_hd__buf_4)
                  0.16    0.26 200001.94 ^ outbuf_6/X (sky130_fd_sc_hd__buf_4)
     1    0.03                           nsample_n_out (net)
                  0.16    0.00 200001.94 ^ nsample_n_out (out)
                               200001.94   data arrival time

                  0.00    0.00    0.00   clock __VIRTUAL_CLK__ (rise edge)
                          0.00    0.00   clock network delay (ideal)
                          0.25    0.25   clock uncertainty
                          0.00    0.25   clock reconvergence pessimism
                       -200000.00 -199999.75   output external delay
                               -199999.75   data required time
-----------------------------------------------------------------------------
                               -199999.75   data required time
                               -200001.94   data arrival time
-----------------------------------------------------------------------------
                               400001.69   slack (MET)


Startpoint: nsample_p_in (input port clocked by __VIRTUAL_CLK__)
Endpoint: nsample_p_out (output port clocked by __VIRTUAL_CLK__)
Path Group: __VIRTUAL_CLK__
Path Type: min
Corner: ss

Fanout     Cap    Slew   Delay    Time   Description
-----------------------------------------------------------------------------
                  0.00    0.00    0.00   clock __VIRTUAL_CLK__ (rise edge)
                          0.00    0.00   clock network delay (ideal)
                       200000.00 200000.00 ^ input external delay
                  0.08    0.04 200000.05 ^ nsample_p_in (in)
     2    0.01                           nsample_p_in (net)
                  0.08    0.00 200000.05 ^ sampledly03/A (sky130_fd_sc_hd__dlymetal6s6s_1)
                  0.05    0.42 200000.47 ^ sampledly03/X (sky130_fd_sc_hd__dlymetal6s6s_1)
     1    0.00                           nsample_p_1 (net)
                  0.05    0.00 200000.47 ^ sampledly13/A (sky130_fd_sc_hd__dlymetal6s6s_1)
                  0.05    0.41 200000.88 ^ sampledly13/X (sky130_fd_sc_hd__dlymetal6s6s_1)
     1    0.00                           nsample_p_2 (net)
                  0.05    0.00 200000.88 ^ sampledly23/A (sky130_fd_sc_hd__dlymetal6s6s_1)
                  0.05    0.41 200001.28 ^ sampledly23/X (sky130_fd_sc_hd__dlymetal6s6s_1)
     1    0.00                           nsample_p_3 (net)
                  0.05    0.00 200001.28 ^ sampledly33/A (sky130_fd_sc_hd__dlymetal6s6s_1)
                  0.07    0.42 200001.70 ^ sampledly33/X (sky130_fd_sc_hd__dlymetal6s6s_1)
     1    0.00                           nsample_p_4 (net)
                  0.07    0.00 200001.70 ^ outbuf_5/A (sky130_fd_sc_hd__buf_4)
                  0.17    0.28 200001.98 ^ outbuf_5/X (sky130_fd_sc_hd__buf_4)
     1    0.03                           nsample_p_out (net)
                  0.17    0.00 200001.98 ^ nsample_p_out (out)
                               200001.98   data arrival time

                  0.00    0.00    0.00   clock __VIRTUAL_CLK__ (rise edge)
                          0.00    0.00   clock network delay (ideal)
                          0.25    0.25   clock uncertainty
                          0.00    0.25   clock reconvergence pessimism
                       -200000.00 -199999.75   output external delay
                               -199999.75   data required time
-----------------------------------------------------------------------------
                               -199999.75   data required time
                               -200001.98   data arrival time
-----------------------------------------------------------------------------
                               400001.72   slack (MET)


Startpoint: sample_n_in (input port clocked by __VIRTUAL_CLK__)
Endpoint: sample_n_out (output port clocked by __VIRTUAL_CLK__)
Path Group: __VIRTUAL_CLK__
Path Type: min
Corner: ss

Fanout     Cap    Slew   Delay    Time   Description
-----------------------------------------------------------------------------
                  0.00    0.00    0.00   clock __VIRTUAL_CLK__ (rise edge)
                          0.00    0.00   clock network delay (ideal)
                       200000.00 200000.00 ^ input external delay
                  0.11    0.07 200000.08 ^ sample_n_in (in)
     2    0.01                           sample_n_in (net)
                  0.11    0.00 200000.08 ^ sampledly02/A (sky130_fd_sc_hd__dlymetal6s6s_1)
                  0.09    0.47 200000.53 ^ sampledly02/X (sky130_fd_sc_hd__dlymetal6s6s_1)
     1    0.00                           sample_n_1 (net)
                  0.09    0.00 200000.53 ^ sampledly12/A (sky130_fd_sc_hd__dlymetal6s6s_1)
                  0.09    0.45 200000.98 ^ sampledly12/X (sky130_fd_sc_hd__dlymetal6s6s_1)
     1    0.00                           sample_n_2 (net)
                  0.09    0.00 200000.98 ^ sampledly22/A (sky130_fd_sc_hd__dlymetal6s6s_1)
                  0.07    0.44 200001.42 ^ sampledly22/X (sky130_fd_sc_hd__dlymetal6s6s_1)
     1    0.00                           sample_n_3 (net)
                  0.07    0.00 200001.42 ^ sampledly32/A (sky130_fd_sc_hd__dlymetal6s6s_1)
                  0.08    0.44 200001.86 ^ sampledly32/X (sky130_fd_sc_hd__dlymetal6s6s_1)
     1    0.00                           sample_n_4 (net)
                  0.08    0.00 200001.86 ^ outbuf_4/A (sky130_fd_sc_hd__buf_4)
                  0.17    0.28 200002.14 ^ outbuf_4/X (sky130_fd_sc_hd__buf_4)
     1    0.03                           sample_n_out (net)
                  0.17    0.00 200002.14 ^ sample_n_out (out)
                               200002.14   data arrival time

                  0.00    0.00    0.00   clock __VIRTUAL_CLK__ (rise edge)
                          0.00    0.00   clock network delay (ideal)
                          0.25    0.25   clock uncertainty
                          0.00    0.25   clock reconvergence pessimism
                       -200000.00 -199999.75   output external delay
                               -199999.75   data required time
-----------------------------------------------------------------------------
                               -199999.75   data required time
                               -200002.14   data arrival time
-----------------------------------------------------------------------------
                               400001.91   slack (MET)


Startpoint: sample_p_in (input port clocked by __VIRTUAL_CLK__)
Endpoint: sample_p_out (output port clocked by __VIRTUAL_CLK__)
Path Group: __VIRTUAL_CLK__
Path Type: min
Corner: ss

Fanout     Cap    Slew   Delay    Time   Description
-----------------------------------------------------------------------------
                  0.00    0.00    0.00   clock __VIRTUAL_CLK__ (rise edge)
                          0.00    0.00   clock network delay (ideal)
                       200000.00 200000.00 ^ input external delay
                  0.14    0.09 200000.09 ^ sample_p_in (in)
     2    0.02                           sample_p_in (net)
                  0.14    0.00 200000.09 ^ sampledly01/A (sky130_fd_sc_hd__dlymetal6s6s_1)
                  0.05    0.45 200000.53 ^ sampledly01/X (sky130_fd_sc_hd__dlymetal6s6s_1)
     1    0.00                           sample_p_1 (net)
                  0.05    0.00 200000.53 ^ sampledly11/A (sky130_fd_sc_hd__dlymetal6s6s_1)
                  0.12    0.47 200001.00 ^ sampledly11/X (sky130_fd_sc_hd__dlymetal6s6s_1)
     1    0.01                           sample_p_2 (net)
                  0.12    0.00 200001.00 ^ sampledly21/A (sky130_fd_sc_hd__dlymetal6s6s_1)
                  0.08    0.45 200001.45 ^ sampledly21/X (sky130_fd_sc_hd__dlymetal6s6s_1)
     1    0.00                           sample_p_3 (net)
                  0.08    0.00 200001.45 ^ sampledly31/A (sky130_fd_sc_hd__dlymetal6s6s_1)
                  0.06    0.42 200001.88 ^ sampledly31/X (sky130_fd_sc_hd__dlymetal6s6s_1)
     1    0.00                           sample_p_4 (net)
                  0.06    0.00 200001.88 ^ outbuf_3/A (sky130_fd_sc_hd__buf_4)
                  0.17    0.26 200002.14 ^ outbuf_3/X (sky130_fd_sc_hd__buf_4)
     1    0.03                           sample_p_out (net)
                  0.17    0.00 200002.14 ^ sample_p_out (out)
                               200002.14   data arrival time

                  0.00    0.00    0.00   clock __VIRTUAL_CLK__ (rise edge)
                          0.00    0.00   clock network delay (ideal)
                          0.25    0.25   clock uncertainty
                          0.00    0.25   clock reconvergence pessimism
                       -200000.00 -199999.75   output external delay
                               -199999.75   data required time
-----------------------------------------------------------------------------
                               -199999.75   data required time
                               -200002.14   data arrival time
-----------------------------------------------------------------------------
                               400001.91   slack (MET)



======================= Typical Corner ===================================

Startpoint: dlycontrol3_in[4] (input port clocked by __VIRTUAL_CLK__)
Endpoint: clk_comp_out (output port clocked by __VIRTUAL_CLK__)
Path Group: __VIRTUAL_CLK__
Path Type: min
Corner: tt

Fanout     Cap    Slew   Delay    Time   Description
-----------------------------------------------------------------------------
                  0.00    0.00    0.00   clock __VIRTUAL_CLK__ (rise edge)
                          0.00    0.00   clock network delay (ideal)
                       200000.00 200000.00 ^ input external delay
                  0.09    0.06 200000.06 ^ dlycontrol3_in[4] (in)
     2    0.02                           dlycontrol3_in[4] (net)
                  0.09    0.00 200000.06 ^ clkgen.delay_155ns_3.genblk1[4].control_invert/A (sky130_fd_sc_hd__inv_2)
                  0.02    0.03 200000.09 v clkgen.delay_155ns_3.genblk1[4].control_invert/Y (sky130_fd_sc_hd__inv_2)
     1    0.00                           clkgen.delay_155ns_3.bypass_enable_w[4] (net)
                  0.02    0.00 200000.09 v clkgen.delay_155ns_3.genblk1[4].bypass_enable/B (sky130_fd_sc_hd__and2_1)
                  0.06    0.16 200000.25 v clkgen.delay_155ns_3.genblk1[4].bypass_enable/X (sky130_fd_sc_hd__and2_1)
     2    0.01                           clkgen.delay_155ns_3.genblk1[4].dly_binary.bypass_in (net)
                  0.06    0.00 200000.25 v clkgen.delay_155ns_3.genblk1[4].dly_binary.out_mux/S (sky130_fd_sc_hd__mux2_1)
                  0.12    0.25 200000.50 ^ clkgen.delay_155ns_3.genblk1[4].dly_binary.out_mux/X (sky130_fd_sc_hd__mux2_1)
     2    0.01                           clkgen.clk_comp_out (net)
                  0.12    0.00 200000.50 ^ outbuf_2/A (sky130_fd_sc_hd__buf_4)
                  0.10    0.17 200000.67 ^ outbuf_2/X (sky130_fd_sc_hd__buf_4)
     1    0.03                           clk_comp_out (net)
                  0.10    0.00 200000.67 ^ clk_comp_out (out)
                               200000.67   data arrival time

                  0.00    0.00    0.00   clock __VIRTUAL_CLK__ (rise edge)
                          0.00    0.00   clock network delay (ideal)
                          0.25    0.25   clock uncertainty
                          0.00    0.25   clock reconvergence pessimism
                       -200000.00 -199999.75   output external delay
                               -199999.75   data required time
-----------------------------------------------------------------------------
                               -199999.75   data required time
                               -200000.67   data arrival time
-----------------------------------------------------------------------------
                               400000.44   slack (MET)


Startpoint: dlycontrol1_in[4] (input port clocked by __VIRTUAL_CLK__)
Endpoint: clk_dig_out (output port clocked by __VIRTUAL_CLK__)
Path Group: __VIRTUAL_CLK__
Path Type: min
Corner: tt

Fanout     Cap    Slew   Delay    Time   Description
-----------------------------------------------------------------------------
                  0.00    0.00    0.00   clock __VIRTUAL_CLK__ (rise edge)
                          0.00    0.00   clock network delay (ideal)
                       200000.00 200000.00 v input external delay
                  0.04    0.03 200000.03 v dlycontrol1_in[4] (in)
     2    0.02                           dlycontrol1_in[4] (net)
                  0.04    0.00 200000.03 v clkgen.delay_155ns_1.genblk1[4].control_invert/A (sky130_fd_sc_hd__inv_2)
                  0.02    0.03 200000.06 ^ clkgen.delay_155ns_1.genblk1[4].control_invert/Y (sky130_fd_sc_hd__inv_2)
     1    0.00                           clkgen.delay_155ns_1.bypass_enable_w[4] (net)
                  0.02    0.00 200000.06 ^ clkgen.delay_155ns_1.genblk1[4].bypass_enable/B (sky130_fd_sc_hd__and2_1)
                  0.21    0.22 200000.28 ^ clkgen.delay_155ns_1.genblk1[4].bypass_enable/X (sky130_fd_sc_hd__and2_1)
     4    0.02                           clkgen.delay_155ns_1.genblk1[4].dly_binary.bypass_in (net)
                  0.21    0.00 200000.28 ^ clkgen.delay_155ns_1.genblk1[4].dly_binary.out_mux/S (sky130_fd_sc_hd__mux2_1)
                  0.09    0.38 200000.66 v clkgen.delay_155ns_1.genblk1[4].dly_binary.out_mux/X (sky130_fd_sc_hd__mux2_1)
     1    0.01                           clkgen.delay_155ns_1.genblk1[4].dly_binary.out (net)
                  0.09    0.00 200000.66 v clkgen.clkdig_inverter/A (sky130_fd_sc_hd__inv_2)
                  0.12    0.12 200000.77 ^ clkgen.clkdig_inverter/Y (sky130_fd_sc_hd__inv_2)
     6    0.02                           clkgen.clk_dig_out (net)
                  0.12    0.00 200000.77 ^ outbuf_1/A (sky130_fd_sc_hd__buf_4)
                  0.12    0.19 200000.97 ^ outbuf_1/X (sky130_fd_sc_hd__buf_4)
     1    0.03                           clk_dig_out (net)
                  0.12    0.00 200000.97 ^ clk_dig_out (out)
                               200000.97   data arrival time

                  0.00    0.00    0.00   clock __VIRTUAL_CLK__ (rise edge)
                          0.00    0.00   clock network delay (ideal)
                          0.25    0.25   clock uncertainty
                          0.00    0.25   clock reconvergence pessimism
                       -200000.00 -199999.75   output external delay
                               -199999.75   data required time
-----------------------------------------------------------------------------
                               -199999.75   data required time
                               -200000.97   data arrival time
-----------------------------------------------------------------------------
                               400000.72   slack (MET)


Startpoint: nsample_n_in (input port clocked by __VIRTUAL_CLK__)
Endpoint: nsample_n_out (output port clocked by __VIRTUAL_CLK__)
Path Group: __VIRTUAL_CLK__
Path Type: min
Corner: tt

Fanout     Cap    Slew   Delay    Time   Description
-----------------------------------------------------------------------------
                  0.00    0.00    0.00   clock __VIRTUAL_CLK__ (rise edge)
                          0.00    0.00   clock network delay (ideal)
                       200000.00 200000.00 ^ input external delay
                  0.03    0.01 200000.02 ^ nsample_n_in (in)
     2    0.00                           nsample_n_in (net)
                  0.03    0.00 200000.02 ^ sampledly04/A (sky130_fd_sc_hd__dlymetal6s6s_1)
                  0.03    0.22 200000.23 ^ sampledly04/X (sky130_fd_sc_hd__dlymetal6s6s_1)
     1    0.00                           nsample_n_1 (net)
                  0.03    0.00 200000.23 ^ sampledly14/A (sky130_fd_sc_hd__dlymetal6s6s_1)
                  0.03    0.22 200000.45 ^ sampledly14/X (sky130_fd_sc_hd__dlymetal6s6s_1)
     1    0.00                           nsample_n_2 (net)
                  0.03    0.00 200000.45 ^ sampledly24/A (sky130_fd_sc_hd__dlymetal6s6s_1)
                  0.03    0.22 200000.67 ^ sampledly24/X (sky130_fd_sc_hd__dlymetal6s6s_1)
     1    0.00                           nsample_n_3 (net)
                  0.03    0.00 200000.67 ^ sampledly34/A (sky130_fd_sc_hd__dlymetal6s6s_1)
                  0.04    0.23 200000.91 ^ sampledly34/X (sky130_fd_sc_hd__dlymetal6s6s_1)
     1    0.00                           nsample_n_4 (net)
                  0.04    0.00 200000.91 ^ outbuf_6/A (sky130_fd_sc_hd__buf_4)
                  0.10    0.15 200001.05 ^ outbuf_6/X (sky130_fd_sc_hd__buf_4)
     1    0.03                           nsample_n_out (net)
                  0.10    0.00 200001.05 ^ nsample_n_out (out)
                               200001.05   data arrival time

                  0.00    0.00    0.00   clock __VIRTUAL_CLK__ (rise edge)
                          0.00    0.00   clock network delay (ideal)
                          0.25    0.25   clock uncertainty
                          0.00    0.25   clock reconvergence pessimism
                       -200000.00 -199999.75   output external delay
                               -199999.75   data required time
-----------------------------------------------------------------------------
                               -199999.75   data required time
                               -200001.05   data arrival time
-----------------------------------------------------------------------------
                               400000.78   slack (MET)


Startpoint: nsample_p_in (input port clocked by __VIRTUAL_CLK__)
Endpoint: nsample_p_out (output port clocked by __VIRTUAL_CLK__)
Path Group: __VIRTUAL_CLK__
Path Type: min
Corner: tt

Fanout     Cap    Slew   Delay    Time   Description
-----------------------------------------------------------------------------
                  0.00    0.00    0.00   clock __VIRTUAL_CLK__ (rise edge)
                          0.00    0.00   clock network delay (ideal)
                       200000.00 200000.00 ^ input external delay
                  0.05    0.03 200000.03 ^ nsample_p_in (in)
     2    0.01                           nsample_p_in (net)
                  0.05    0.00 200000.03 ^ sampledly03/A (sky130_fd_sc_hd__dlymetal6s6s_1)
                  0.03    0.23 200000.27 ^ sampledly03/X (sky130_fd_sc_hd__dlymetal6s6s_1)
     1    0.00                           nsample_p_1 (net)
                  0.03    0.00 200000.27 ^ sampledly13/A (sky130_fd_sc_hd__dlymetal6s6s_1)
                  0.03    0.22 200000.48 ^ sampledly13/X (sky130_fd_sc_hd__dlymetal6s6s_1)
     1    0.00                           nsample_p_2 (net)
                  0.03    0.00 200000.48 ^ sampledly23/A (sky130_fd_sc_hd__dlymetal6s6s_1)
                  0.03    0.22 200000.70 ^ sampledly23/X (sky130_fd_sc_hd__dlymetal6s6s_1)
     1    0.00                           nsample_p_3 (net)
                  0.03    0.00 200000.70 ^ sampledly33/A (sky130_fd_sc_hd__dlymetal6s6s_1)
                  0.05    0.23 200000.94 ^ sampledly33/X (sky130_fd_sc_hd__dlymetal6s6s_1)
     1    0.00                           nsample_p_4 (net)
                  0.05    0.00 200000.94 ^ outbuf_5/A (sky130_fd_sc_hd__buf_4)
                  0.11    0.15 200001.08 ^ outbuf_5/X (sky130_fd_sc_hd__buf_4)
     1    0.03                           nsample_p_out (net)
                  0.11    0.00 200001.08 ^ nsample_p_out (out)
                               200001.08   data arrival time

                  0.00    0.00    0.00   clock __VIRTUAL_CLK__ (rise edge)
                          0.00    0.00   clock network delay (ideal)
                          0.25    0.25   clock uncertainty
                          0.00    0.25   clock reconvergence pessimism
                       -200000.00 -199999.75   output external delay
                               -199999.75   data required time
-----------------------------------------------------------------------------
                               -199999.75   data required time
                               -200001.08   data arrival time
-----------------------------------------------------------------------------
                               400000.84   slack (MET)


Startpoint: sample_n_in (input port clocked by __VIRTUAL_CLK__)
Endpoint: sample_n_out (output port clocked by __VIRTUAL_CLK__)
Path Group: __VIRTUAL_CLK__
Path Type: min
Corner: tt

Fanout     Cap    Slew   Delay    Time   Description
-----------------------------------------------------------------------------
                  0.00    0.00    0.00   clock __VIRTUAL_CLK__ (rise edge)
                          0.00    0.00   clock network delay (ideal)
                       200000.00 200000.00 ^ input external delay
                  0.07    0.04 200000.05 ^ sample_n_in (in)
     2    0.01                           sample_n_in (net)
                  0.07    0.00 200000.05 ^ sampledly02/A (sky130_fd_sc_hd__dlymetal6s6s_1)
                  0.06    0.25 200000.30 ^ sampledly02/X (sky130_fd_sc_hd__dlymetal6s6s_1)
     1    0.00                           sample_n_1 (net)
                  0.06    0.00 200000.30 ^ sampledly12/A (sky130_fd_sc_hd__dlymetal6s6s_1)
                  0.06    0.25 200000.53 ^ sampledly12/X (sky130_fd_sc_hd__dlymetal6s6s_1)
     1    0.00                           sample_n_2 (net)
                  0.06    0.00 200000.53 ^ sampledly22/A (sky130_fd_sc_hd__dlymetal6s6s_1)
                  0.05    0.23 200000.77 ^ sampledly22/X (sky130_fd_sc_hd__dlymetal6s6s_1)
     1    0.00                           sample_n_3 (net)
                  0.05    0.00 200000.77 ^ sampledly32/A (sky130_fd_sc_hd__dlymetal6s6s_1)
                  0.05    0.23 200001.00 ^ sampledly32/X (sky130_fd_sc_hd__dlymetal6s6s_1)
     1    0.00                           sample_n_4 (net)
                  0.05    0.00 200001.00 ^ outbuf_4/A (sky130_fd_sc_hd__buf_4)
                  0.10    0.15 200001.16 ^ outbuf_4/X (sky130_fd_sc_hd__buf_4)
     1    0.03                           sample_n_out (net)
                  0.10    0.00 200001.16 ^ sample_n_out (out)
                               200001.16   data arrival time

                  0.00    0.00    0.00   clock __VIRTUAL_CLK__ (rise edge)
                          0.00    0.00   clock network delay (ideal)
                          0.25    0.25   clock uncertainty
                          0.00    0.25   clock reconvergence pessimism
                       -200000.00 -199999.75   output external delay
                               -199999.75   data required time
-----------------------------------------------------------------------------
                               -199999.75   data required time
                               -200001.16   data arrival time
-----------------------------------------------------------------------------
                               400000.91   slack (MET)


Startpoint: sample_p_in (input port clocked by __VIRTUAL_CLK__)
Endpoint: sample_p_out (output port clocked by __VIRTUAL_CLK__)
Path Group: __VIRTUAL_CLK__
Path Type: min
Corner: tt

Fanout     Cap    Slew   Delay    Time   Description
-----------------------------------------------------------------------------
                  0.00    0.00    0.00   clock __VIRTUAL_CLK__ (rise edge)
                          0.00    0.00   clock network delay (ideal)
                       200000.00 200000.00 ^ input external delay
                  0.09    0.06 200000.06 ^ sample_p_in (in)
     2    0.02                           sample_p_in (net)
                  0.09    0.00 200000.06 ^ sampledly01/A (sky130_fd_sc_hd__dlymetal6s6s_1)
                  0.03    0.25 200000.31 ^ sampledly01/X (sky130_fd_sc_hd__dlymetal6s6s_1)
     1    0.00                           sample_p_1 (net)
                  0.03    0.00 200000.31 ^ sampledly11/A (sky130_fd_sc_hd__dlymetal6s6s_1)
                  0.08    0.25 200000.55 ^ sampledly11/X (sky130_fd_sc_hd__dlymetal6s6s_1)
     1    0.01                           sample_p_2 (net)
                  0.08    0.00 200000.55 ^ sampledly21/A (sky130_fd_sc_hd__dlymetal6s6s_1)
                  0.05    0.25 200000.80 ^ sampledly21/X (sky130_fd_sc_hd__dlymetal6s6s_1)
     1    0.00                           sample_p_3 (net)
                  0.05    0.00 200000.80 ^ sampledly31/A (sky130_fd_sc_hd__dlymetal6s6s_1)
                  0.04    0.23 200001.03 ^ sampledly31/X (sky130_fd_sc_hd__dlymetal6s6s_1)
     1    0.00                           sample_p_4 (net)
                  0.04    0.00 200001.03 ^ outbuf_3/A (sky130_fd_sc_hd__buf_4)
                  0.10    0.15 200001.17 ^ outbuf_3/X (sky130_fd_sc_hd__buf_4)
     1    0.03                           sample_p_out (net)
                  0.10    0.00 200001.17 ^ sample_p_out (out)
                               200001.17   data arrival time

                  0.00    0.00    0.00   clock __VIRTUAL_CLK__ (rise edge)
                          0.00    0.00   clock network delay (ideal)
                          0.25    0.25   clock uncertainty
                          0.00    0.25   clock reconvergence pessimism
                       -200000.00 -199999.75   output external delay
                               -199999.75   data required time
-----------------------------------------------------------------------------
                               -199999.75   data required time
                               -200001.17   data arrival time
-----------------------------------------------------------------------------
                               400000.94   slack (MET)



======================= Fastest Corner ===================================

Startpoint: dlycontrol3_in[4] (input port clocked by __VIRTUAL_CLK__)
Endpoint: clk_comp_out (output port clocked by __VIRTUAL_CLK__)
Path Group: __VIRTUAL_CLK__
Path Type: min
Corner: ff

Fanout     Cap    Slew   Delay    Time   Description
-----------------------------------------------------------------------------
                  0.00    0.00    0.00   clock __VIRTUAL_CLK__ (rise edge)
                          0.00    0.00   clock network delay (ideal)
                       200000.00 200000.00 ^ input external delay
                  0.07    0.04 200000.05 ^ dlycontrol3_in[4] (in)
     2    0.02                           dlycontrol3_in[4] (net)
                  0.07    0.00 200000.05 ^ clkgen.delay_155ns_3.genblk1[4].control_invert/A (sky130_fd_sc_hd__inv_2)
                  0.02    0.01 200000.06 v clkgen.delay_155ns_3.genblk1[4].control_invert/Y (sky130_fd_sc_hd__inv_2)
     1    0.00                           clkgen.delay_155ns_3.bypass_enable_w[4] (net)
                  0.02    0.00 200000.06 v clkgen.delay_155ns_3.genblk1[4].bypass_enable/B (sky130_fd_sc_hd__and2_1)
                  0.04    0.10 200000.16 v clkgen.delay_155ns_3.genblk1[4].bypass_enable/X (sky130_fd_sc_hd__and2_1)
     2    0.01                           clkgen.delay_155ns_3.genblk1[4].dly_binary.bypass_in (net)
                  0.04    0.00 200000.16 v clkgen.delay_155ns_3.genblk1[4].dly_binary.out_mux/S (sky130_fd_sc_hd__mux2_1)
                  0.09    0.16 200000.33 ^ clkgen.delay_155ns_3.genblk1[4].dly_binary.out_mux/X (sky130_fd_sc_hd__mux2_1)
     2    0.01                           clkgen.clk_comp_out (net)
                  0.09    0.00 200000.33 ^ outbuf_2/A (sky130_fd_sc_hd__buf_4)
                  0.08    0.12 200000.44 ^ outbuf_2/X (sky130_fd_sc_hd__buf_4)
     1    0.03                           clk_comp_out (net)
                  0.08    0.00 200000.44 ^ clk_comp_out (out)
                               200000.44   data arrival time

                  0.00    0.00    0.00   clock __VIRTUAL_CLK__ (rise edge)
                          0.00    0.00   clock network delay (ideal)
                          0.25    0.25   clock uncertainty
                          0.00    0.25   clock reconvergence pessimism
                       -200000.00 -199999.75   output external delay
                               -199999.75   data required time
-----------------------------------------------------------------------------
                               -199999.75   data required time
                               -200000.44   data arrival time
-----------------------------------------------------------------------------
                               400000.22   slack (MET)


Startpoint: dlycontrol1_in[4] (input port clocked by __VIRTUAL_CLK__)
Endpoint: clk_dig_out (output port clocked by __VIRTUAL_CLK__)
Path Group: __VIRTUAL_CLK__
Path Type: min
Corner: ff

Fanout     Cap    Slew   Delay    Time   Description
-----------------------------------------------------------------------------
                  0.00    0.00    0.00   clock __VIRTUAL_CLK__ (rise edge)
                          0.00    0.00   clock network delay (ideal)
                       200000.00 200000.00 v input external delay
                  0.03    0.01 200000.02 v dlycontrol1_in[4] (in)
     2    0.02                           dlycontrol1_in[4] (net)
                  0.03    0.00 200000.02 v clkgen.delay_155ns_1.genblk1[4].control_invert/A (sky130_fd_sc_hd__inv_2)
                  0.02    0.03 200000.05 ^ clkgen.delay_155ns_1.genblk1[4].control_invert/Y (sky130_fd_sc_hd__inv_2)
     1    0.00                           clkgen.delay_155ns_1.bypass_enable_w[4] (net)
                  0.02    0.00 200000.05 ^ clkgen.delay_155ns_1.genblk1[4].bypass_enable/B (sky130_fd_sc_hd__and2_1)
                  0.16    0.15 200000.19 ^ clkgen.delay_155ns_1.genblk1[4].bypass_enable/X (sky130_fd_sc_hd__and2_1)
     4    0.02                           clkgen.delay_155ns_1.genblk1[4].dly_binary.bypass_in (net)
                  0.16    0.00 200000.19 ^ clkgen.delay_155ns_1.genblk1[4].dly_binary.out_mux/S (sky130_fd_sc_hd__mux2_1)
                  0.07    0.22 200000.41 v clkgen.delay_155ns_1.genblk1[4].dly_binary.out_mux/X (sky130_fd_sc_hd__mux2_1)
     1    0.01                           clkgen.delay_155ns_1.genblk1[4].dly_binary.out (net)
                  0.07    0.00 200000.41 v clkgen.clkdig_inverter/A (sky130_fd_sc_hd__inv_2)
                  0.09    0.09 200000.50 ^ clkgen.clkdig_inverter/Y (sky130_fd_sc_hd__inv_2)
     6    0.02                           clkgen.clk_dig_out (net)
                  0.09    0.00 200000.50 ^ outbuf_1/A (sky130_fd_sc_hd__buf_4)
                  0.09    0.12 200000.61 ^ outbuf_1/X (sky130_fd_sc_hd__buf_4)
     1    0.03                           clk_dig_out (net)
                  0.09    0.00 200000.61 ^ clk_dig_out (out)
                               200000.61   data arrival time

                  0.00    0.00    0.00   clock __VIRTUAL_CLK__ (rise edge)
                          0.00    0.00   clock network delay (ideal)
                          0.25    0.25   clock uncertainty
                          0.00    0.25   clock reconvergence pessimism
                       -200000.00 -199999.75   output external delay
                               -199999.75   data required time
-----------------------------------------------------------------------------
                               -199999.75   data required time
                               -200000.61   data arrival time
-----------------------------------------------------------------------------
                               400000.38   slack (MET)


Startpoint: nsample_n_in (input port clocked by __VIRTUAL_CLK__)
Endpoint: nsample_n_out (output port clocked by __VIRTUAL_CLK__)
Path Group: __VIRTUAL_CLK__
Path Type: min
Corner: ff

Fanout     Cap    Slew   Delay    Time   Description
-----------------------------------------------------------------------------
                  0.00    0.00    0.00   clock __VIRTUAL_CLK__ (rise edge)
                          0.00    0.00   clock network delay (ideal)
                       200000.00 200000.00 ^ input external delay
                  0.02    0.01 200000.02 ^ nsample_n_in (in)
     2    0.00                           nsample_n_in (net)
                  0.02    0.00 200000.02 ^ sampledly04/A (sky130_fd_sc_hd__dlymetal6s6s_1)
                  0.02    0.15 200000.16 ^ sampledly04/X (sky130_fd_sc_hd__dlymetal6s6s_1)
     1    0.00                           nsample_n_1 (net)
                  0.02    0.00 200000.16 ^ sampledly14/A (sky130_fd_sc_hd__dlymetal6s6s_1)
                  0.03    0.15 200000.31 ^ sampledly14/X (sky130_fd_sc_hd__dlymetal6s6s_1)
     1    0.00                           nsample_n_2 (net)
                  0.03    0.00 200000.31 ^ sampledly24/A (sky130_fd_sc_hd__dlymetal6s6s_1)
                  0.02    0.15 200000.45 ^ sampledly24/X (sky130_fd_sc_hd__dlymetal6s6s_1)
     1    0.00                           nsample_n_3 (net)
                  0.02    0.00 200000.45 ^ sampledly34/A (sky130_fd_sc_hd__dlymetal6s6s_1)
                  0.03    0.15 200000.59 ^ sampledly34/X (sky130_fd_sc_hd__dlymetal6s6s_1)
     1    0.00                           nsample_n_4 (net)
                  0.03    0.00 200000.59 ^ outbuf_6/A (sky130_fd_sc_hd__buf_4)
                  0.08    0.10 200000.70 ^ outbuf_6/X (sky130_fd_sc_hd__buf_4)
     1    0.03                           nsample_n_out (net)
                  0.08    0.00 200000.70 ^ nsample_n_out (out)
                               200000.70   data arrival time

                  0.00    0.00    0.00   clock __VIRTUAL_CLK__ (rise edge)
                          0.00    0.00   clock network delay (ideal)
                          0.25    0.25   clock uncertainty
                          0.00    0.25   clock reconvergence pessimism
                       -200000.00 -199999.75   output external delay
                               -199999.75   data required time
-----------------------------------------------------------------------------
                               -199999.75   data required time
                               -200000.70   data arrival time
-----------------------------------------------------------------------------
                               400000.44   slack (MET)


Startpoint: nsample_p_in (input port clocked by __VIRTUAL_CLK__)
Endpoint: nsample_p_out (output port clocked by __VIRTUAL_CLK__)
Path Group: __VIRTUAL_CLK__
Path Type: min
Corner: ff

Fanout     Cap    Slew   Delay    Time   Description
-----------------------------------------------------------------------------
                  0.00    0.00    0.00   clock __VIRTUAL_CLK__ (rise edge)
                          0.00    0.00   clock network delay (ideal)
                       200000.00 200000.00 ^ input external delay
                  0.04    0.03 200000.03 ^ nsample_p_in (in)
     2    0.01                           nsample_p_in (net)
                  0.04    0.00 200000.03 ^ sampledly03/A (sky130_fd_sc_hd__dlymetal6s6s_1)
                  0.02    0.15 200000.17 ^ sampledly03/X (sky130_fd_sc_hd__dlymetal6s6s_1)
     1    0.00                           nsample_p_1 (net)
                  0.02    0.00 200000.17 ^ sampledly13/A (sky130_fd_sc_hd__dlymetal6s6s_1)
                  0.03    0.15 200000.33 ^ sampledly13/X (sky130_fd_sc_hd__dlymetal6s6s_1)
     1    0.00                           nsample_p_2 (net)
                  0.03    0.00 200000.33 ^ sampledly23/A (sky130_fd_sc_hd__dlymetal6s6s_1)
                  0.02    0.15 200000.47 ^ sampledly23/X (sky130_fd_sc_hd__dlymetal6s6s_1)
     1    0.00                           nsample_p_3 (net)
                  0.02    0.00 200000.47 ^ sampledly33/A (sky130_fd_sc_hd__dlymetal6s6s_1)
                  0.03    0.16 200000.62 ^ sampledly33/X (sky130_fd_sc_hd__dlymetal6s6s_1)
     1    0.00                           nsample_p_4 (net)
                  0.03    0.00 200000.62 ^ outbuf_5/A (sky130_fd_sc_hd__buf_4)
                  0.08    0.10 200000.73 ^ outbuf_5/X (sky130_fd_sc_hd__buf_4)
     1    0.03                           nsample_p_out (net)
                  0.08    0.00 200000.73 ^ nsample_p_out (out)
                               200000.73   data arrival time

                  0.00    0.00    0.00   clock __VIRTUAL_CLK__ (rise edge)
                          0.00    0.00   clock network delay (ideal)
                          0.25    0.25   clock uncertainty
                          0.00    0.25   clock reconvergence pessimism
                       -200000.00 -199999.75   output external delay
                               -199999.75   data required time
-----------------------------------------------------------------------------
                               -199999.75   data required time
                               -200000.73   data arrival time
-----------------------------------------------------------------------------
                               400000.50   slack (MET)


Startpoint: sample_n_in (input port clocked by __VIRTUAL_CLK__)
Endpoint: sample_n_out (output port clocked by __VIRTUAL_CLK__)
Path Group: __VIRTUAL_CLK__
Path Type: min
Corner: ff

Fanout     Cap    Slew   Delay    Time   Description
-----------------------------------------------------------------------------
                  0.00    0.00    0.00   clock __VIRTUAL_CLK__ (rise edge)
                          0.00    0.00   clock network delay (ideal)
                       200000.00 200000.00 ^ input external delay
                  0.05    0.03 200000.03 ^ sample_n_in (in)
     2    0.01                           sample_n_in (net)
                  0.05    0.00 200000.03 ^ sampledly02/A (sky130_fd_sc_hd__dlymetal6s6s_1)
                  0.04    0.16 200000.19 ^ sampledly02/X (sky130_fd_sc_hd__dlymetal6s6s_1)
     1    0.00                           sample_n_1 (net)
                  0.04    0.00 200000.19 ^ sampledly12/A (sky130_fd_sc_hd__dlymetal6s6s_1)
                  0.05    0.16 200000.34 ^ sampledly12/X (sky130_fd_sc_hd__dlymetal6s6s_1)
     1    0.01                           sample_n_2 (net)
                  0.05    0.00 200000.34 ^ sampledly22/A (sky130_fd_sc_hd__dlymetal6s6s_1)
                  0.04    0.16 200000.52 ^ sampledly22/X (sky130_fd_sc_hd__dlymetal6s6s_1)
     1    0.00                           sample_n_3 (net)
                  0.04    0.00 200000.52 ^ sampledly32/A (sky130_fd_sc_hd__dlymetal6s6s_1)
                  0.04    0.16 200000.67 ^ sampledly32/X (sky130_fd_sc_hd__dlymetal6s6s_1)
     1    0.00                           sample_n_4 (net)
                  0.04    0.00 200000.67 ^ outbuf_4/A (sky130_fd_sc_hd__buf_4)
                  0.08    0.10 200000.77 ^ outbuf_4/X (sky130_fd_sc_hd__buf_4)
     1    0.03                           sample_n_out (net)
                  0.08    0.00 200000.77 ^ sample_n_out (out)
                               200000.77   data arrival time

                  0.00    0.00    0.00   clock __VIRTUAL_CLK__ (rise edge)
                          0.00    0.00   clock network delay (ideal)
                          0.25    0.25   clock uncertainty
                          0.00    0.25   clock reconvergence pessimism
                       -200000.00 -199999.75   output external delay
                               -199999.75   data required time
-----------------------------------------------------------------------------
                               -199999.75   data required time
                               -200000.77   data arrival time
-----------------------------------------------------------------------------
                               400000.53   slack (MET)


Startpoint: sample_p_in (input port clocked by __VIRTUAL_CLK__)
Endpoint: sample_p_out (output port clocked by __VIRTUAL_CLK__)
Path Group: __VIRTUAL_CLK__
Path Type: min
Corner: ff

Fanout     Cap    Slew   Delay    Time   Description
-----------------------------------------------------------------------------
                  0.00    0.00    0.00   clock __VIRTUAL_CLK__ (rise edge)
                          0.00    0.00   clock network delay (ideal)
                       200000.00 200000.00 ^ input external delay
                  0.07    0.04 200000.05 ^ sample_p_in (in)
     2    0.02                           sample_p_in (net)
                  0.07    0.00 200000.05 ^ sampledly01/A (sky130_fd_sc_hd__dlymetal6s6s_1)
                  0.03    0.16 200000.20 ^ sampledly01/X (sky130_fd_sc_hd__dlymetal6s6s_1)
     1    0.00                           sample_p_1 (net)
                  0.03    0.00 200000.20 ^ sampledly11/A (sky130_fd_sc_hd__dlymetal6s6s_1)
                  0.06    0.17 200000.38 ^ sampledly11/X (sky130_fd_sc_hd__dlymetal6s6s_1)
     1    0.01                           sample_p_2 (net)
                  0.06    0.00 200000.38 ^ sampledly21/A (sky130_fd_sc_hd__dlymetal6s6s_1)
                  0.04    0.16 200000.53 ^ sampledly21/X (sky130_fd_sc_hd__dlymetal6s6s_1)
     1    0.00                           sample_p_3 (net)
                  0.04    0.00 200000.53 ^ sampledly31/A (sky130_fd_sc_hd__dlymetal6s6s_1)
                  0.03    0.15 200000.69 ^ sampledly31/X (sky130_fd_sc_hd__dlymetal6s6s_1)
     1    0.00                           sample_p_4 (net)
                  0.03    0.00 200000.69 ^ outbuf_3/A (sky130_fd_sc_hd__buf_4)
                  0.08    0.10 200000.78 ^ outbuf_3/X (sky130_fd_sc_hd__buf_4)
     1    0.03                           sample_p_out (net)
                  0.08    0.00 200000.78 ^ sample_p_out (out)
                               200000.78   data arrival time

                  0.00    0.00    0.00   clock __VIRTUAL_CLK__ (rise edge)
                          0.00    0.00   clock network delay (ideal)
                          0.25    0.25   clock uncertainty
                          0.00    0.25   clock reconvergence pessimism
                       -200000.00 -199999.75   output external delay
                               -199999.75   data required time
-----------------------------------------------------------------------------
                               -199999.75   data required time
                               -200000.78   data arrival time
-----------------------------------------------------------------------------
                               400000.56   slack (MET)


