
===========================================================================
report_checks -path_delay max (Setup)
============================================================================

======================= Slowest Corner ===================================

Startpoint: enable_dlycontrol_in (input port clocked by __VIRTUAL_CLK__)
Endpoint: clk_comp_out (output port clocked by __VIRTUAL_CLK__)
Path Group: __VIRTUAL_CLK__
Path Type: max
Corner: ss

Fanout     Cap    Slew   Delay    Time   Description
-----------------------------------------------------------------------------
                  0.00    0.00    0.00   clock __VIRTUAL_CLK__ (rise edge)
                          0.00    0.00   clock network delay (ideal)
                       200000.00 200000.00 ^ input external delay
                  0.22    0.16 200000.16 ^ enable_dlycontrol_in (in)
     8    0.03                           enable_dlycontrol_in (net)
                  0.22    0.00 200000.16 ^ clkgen.delay_155ns_1.enablebuffer/A (sky130_fd_sc_hd__buf_4)
                  0.07    0.29 200000.45 ^ clkgen.delay_155ns_1.enablebuffer/X (sky130_fd_sc_hd__buf_4)
     5    0.01                           clkgen.delay_155ns_1.enable_dlycontrol_w (net)
                  0.07    0.00 200000.45 ^ clkgen.delay_155ns_1.genblk1[0].bypass_enable/A (sky130_fd_sc_hd__and2_1)
                  0.33    0.42 200000.88 ^ clkgen.delay_155ns_1.genblk1[0].bypass_enable/X (sky130_fd_sc_hd__and2_1)
     4    0.02                           clkgen.delay_155ns_1.genblk1[0].dly_binary.bypass_in (net)
                  0.33    0.00 200000.88 ^ clkgen.delay_155ns_1.genblk1[0].dly_binary.out_mux/S (sky130_fd_sc_hd__mux2_1)
                  0.16    0.89 200001.77 v clkgen.delay_155ns_1.genblk1[0].dly_binary.out_mux/X (sky130_fd_sc_hd__mux2_1)
     2    0.01                           clkgen.delay_155ns_1.genblk1[0].dly_binary.out (net)
                  0.16    0.00 200001.77 v clkgen.delay_155ns_1.genblk1[1].dly_binary.out_mux/A1 (sky130_fd_sc_hd__mux2_1)
                  0.17    0.80 200002.56 v clkgen.delay_155ns_1.genblk1[1].dly_binary.out_mux/X (sky130_fd_sc_hd__mux2_1)
     2    0.01                           clkgen.delay_155ns_1.genblk1[1].dly_binary.out (net)
                  0.17    0.00 200002.56 v clkgen.delay_155ns_1.genblk1[2].dly_binary.out_mux/A1 (sky130_fd_sc_hd__mux2_1)
                  0.20    0.84 200003.41 v clkgen.delay_155ns_1.genblk1[2].dly_binary.out_mux/X (sky130_fd_sc_hd__mux2_1)
     2    0.01                           clkgen.delay_155ns_1.genblk1[2].dly_binary.out (net)
                  0.20    0.00 200003.41 v clkgen.delay_155ns_1.genblk1[3].dly_binary.out_mux/A1 (sky130_fd_sc_hd__mux2_1)
                  0.20    0.86 200004.27 v clkgen.delay_155ns_1.genblk1[3].dly_binary.out_mux/X (sky130_fd_sc_hd__mux2_1)
     2    0.01                           clkgen.delay_155ns_1.genblk1[3].dly_binary.out (net)
                  0.20    0.00 200004.27 v clkgen.delay_155ns_1.genblk1[4].dly_binary.out_mux/A1 (sky130_fd_sc_hd__mux2_1)
                  0.20    0.84 200005.11 v clkgen.delay_155ns_1.genblk1[4].dly_binary.out_mux/X (sky130_fd_sc_hd__mux2_1)
     1    0.01                           clkgen.delay_155ns_1.genblk1[4].dly_binary.out (net)
                  0.20    0.00 200005.11 v clkgen.clkdig_inverter/A (sky130_fd_sc_hd__inv_2)
                  0.19    0.25 200005.36 ^ clkgen.clkdig_inverter/Y (sky130_fd_sc_hd__inv_2)
     6    0.02                           clkgen.clk_dig_out (net)
                  0.19    0.00 200005.36 ^ clkgen.delay_155ns_2.genblk1[0].dly_binary.out_mux/A1 (sky130_fd_sc_hd__mux2_1)
                  0.18    0.39 200005.75 ^ clkgen.delay_155ns_2.genblk1[0].dly_binary.out_mux/X (sky130_fd_sc_hd__mux2_1)
     2    0.01                           clkgen.delay_155ns_2.genblk1[0].dly_binary.out (net)
                  0.18    0.00 200005.75 ^ clkgen.delay_155ns_2.genblk1[1].dly_binary.out_mux/A1 (sky130_fd_sc_hd__mux2_1)
                  0.10    0.32 200006.06 ^ clkgen.delay_155ns_2.genblk1[1].dly_binary.out_mux/X (sky130_fd_sc_hd__mux2_1)
     2    0.00                           clkgen.delay_155ns_2.genblk1[1].dly_binary.out (net)
                  0.10    0.00 200006.06 ^ clkgen.delay_155ns_2.genblk1[2].dly_binary.out_mux/A1 (sky130_fd_sc_hd__mux2_1)
                  0.12    0.29 200006.36 ^ clkgen.delay_155ns_2.genblk1[2].dly_binary.out_mux/X (sky130_fd_sc_hd__mux2_1)
     2    0.01                           clkgen.delay_155ns_2.genblk1[2].dly_binary.out (net)
                  0.12    0.00 200006.36 ^ clkgen.delay_155ns_2.genblk1[3].dly_binary.out_mux/A1 (sky130_fd_sc_hd__mux2_1)
                  0.11    0.31 200006.67 ^ clkgen.delay_155ns_2.genblk1[3].dly_binary.out_mux/X (sky130_fd_sc_hd__mux2_1)
     2    0.01                           clkgen.delay_155ns_2.genblk1[3].dly_binary.out (net)
                  0.11    0.00 200006.67 ^ clkgen.delay_155ns_2.genblk1[4].dly_binary.out_mux/A1 (sky130_fd_sc_hd__mux2_1)
                  0.10    0.29 200006.95 ^ clkgen.delay_155ns_2.genblk1[4].dly_binary.out_mux/X (sky130_fd_sc_hd__mux2_1)
     1    0.00                           clkgen.clk_dig_delayed_w (net)
                  0.10    0.00 200006.95 ^ clkgen.nor1/A (sky130_fd_sc_hd__nor2b_1)
                  0.09    0.12 200007.08 v clkgen.nor1/Y (sky130_fd_sc_hd__nor2b_1)
     2    0.01                           clkgen.delay_155ns_3.genblk1[0].dly_binary.in (net)
                  0.09    0.00 200007.08 v clkgen.delay_155ns_3.genblk1[0].dly_binary.out_mux/A1 (sky130_fd_sc_hd__mux2_1)
                  0.13    0.73 200007.80 v clkgen.delay_155ns_3.genblk1[0].dly_binary.out_mux/X (sky130_fd_sc_hd__mux2_1)
     2    0.00                           clkgen.delay_155ns_3.genblk1[0].dly_binary.out (net)
                  0.13    0.00 200007.80 v clkgen.delay_155ns_3.genblk1[1].dly_binary.out_mux/A1 (sky130_fd_sc_hd__mux2_1)
                  0.16    0.77 200008.58 v clkgen.delay_155ns_3.genblk1[1].dly_binary.out_mux/X (sky130_fd_sc_hd__mux2_1)
     2    0.01                           clkgen.delay_155ns_3.genblk1[1].dly_binary.out (net)
                  0.16    0.00 200008.58 v clkgen.delay_155ns_3.genblk1[2].dly_binary.out_mux/A1 (sky130_fd_sc_hd__mux2_1)
                  0.14    0.76 200009.33 v clkgen.delay_155ns_3.genblk1[2].dly_binary.out_mux/X (sky130_fd_sc_hd__mux2_1)
     2    0.01                           clkgen.delay_155ns_3.genblk1[2].dly_binary.out (net)
                  0.14    0.00 200009.33 v clkgen.delay_155ns_3.genblk1[3].dly_binary.out_mux/A1 (sky130_fd_sc_hd__mux2_1)
                  0.14    0.76 200010.08 v clkgen.delay_155ns_3.genblk1[3].dly_binary.out_mux/X (sky130_fd_sc_hd__mux2_1)
     2    0.01                           clkgen.delay_155ns_3.genblk1[3].dly_binary.out (net)
                  0.14    0.00 200010.08 v clkgen.delay_155ns_3.genblk1[4].dly_binary.out_mux/A1 (sky130_fd_sc_hd__mux2_1)
                  0.20    0.84 200010.92 v clkgen.delay_155ns_3.genblk1[4].dly_binary.out_mux/X (sky130_fd_sc_hd__mux2_1)
     2    0.01                           clkgen.clk_comp_out (net)
                  0.20    0.00 200010.92 v outbuf_2/A (sky130_fd_sc_hd__buf_4)
                  0.10    0.39 200011.33 v outbuf_2/X (sky130_fd_sc_hd__buf_4)
     1    0.03                           clk_comp_out (net)
                  0.10    0.00 200011.33 v clk_comp_out (out)
                               200011.33   data arrival time

                  0.00 999999.94 999999.94   clock __VIRTUAL_CLK__ (rise edge)
                          0.00 999999.94   clock network delay (ideal)
                         -0.25 999999.75   clock uncertainty
                          0.00 999999.75   clock reconvergence pessimism
                       -200000.00 799999.69   output external delay
                               799999.69   data required time
-----------------------------------------------------------------------------
                               799999.69   data required time
                               -200011.33   data arrival time
-----------------------------------------------------------------------------
                               599988.38   slack (MET)


Startpoint: enable_dlycontrol_in (input port clocked by __VIRTUAL_CLK__)
Endpoint: clk_dig_out (output port clocked by __VIRTUAL_CLK__)
Path Group: __VIRTUAL_CLK__
Path Type: max
Corner: ss

Fanout     Cap    Slew   Delay    Time   Description
-----------------------------------------------------------------------------
                  0.00    0.00    0.00   clock __VIRTUAL_CLK__ (rise edge)
                          0.00    0.00   clock network delay (ideal)
                       200000.00 200000.00 ^ input external delay
                  0.22    0.16 200000.16 ^ enable_dlycontrol_in (in)
     8    0.03                           enable_dlycontrol_in (net)
                  0.22    0.00 200000.16 ^ clkgen.delay_155ns_1.enablebuffer/A (sky130_fd_sc_hd__buf_4)
                  0.07    0.29 200000.45 ^ clkgen.delay_155ns_1.enablebuffer/X (sky130_fd_sc_hd__buf_4)
     5    0.01                           clkgen.delay_155ns_1.enable_dlycontrol_w (net)
                  0.07    0.00 200000.45 ^ clkgen.delay_155ns_1.genblk1[0].bypass_enable/A (sky130_fd_sc_hd__and2_1)
                  0.33    0.42 200000.88 ^ clkgen.delay_155ns_1.genblk1[0].bypass_enable/X (sky130_fd_sc_hd__and2_1)
     4    0.02                           clkgen.delay_155ns_1.genblk1[0].dly_binary.bypass_in (net)
                  0.33    0.00 200000.88 ^ clkgen.delay_155ns_1.genblk1[0].dly_binary.out_mux/S (sky130_fd_sc_hd__mux2_1)
                  0.16    0.89 200001.77 v clkgen.delay_155ns_1.genblk1[0].dly_binary.out_mux/X (sky130_fd_sc_hd__mux2_1)
     2    0.01                           clkgen.delay_155ns_1.genblk1[0].dly_binary.out (net)
                  0.16    0.00 200001.77 v clkgen.delay_155ns_1.genblk1[1].dly_binary.out_mux/A1 (sky130_fd_sc_hd__mux2_1)
                  0.17    0.80 200002.56 v clkgen.delay_155ns_1.genblk1[1].dly_binary.out_mux/X (sky130_fd_sc_hd__mux2_1)
     2    0.01                           clkgen.delay_155ns_1.genblk1[1].dly_binary.out (net)
                  0.17    0.00 200002.56 v clkgen.delay_155ns_1.genblk1[2].dly_binary.out_mux/A1 (sky130_fd_sc_hd__mux2_1)
                  0.20    0.84 200003.41 v clkgen.delay_155ns_1.genblk1[2].dly_binary.out_mux/X (sky130_fd_sc_hd__mux2_1)
     2    0.01                           clkgen.delay_155ns_1.genblk1[2].dly_binary.out (net)
                  0.20    0.00 200003.41 v clkgen.delay_155ns_1.genblk1[3].dly_binary.out_mux/A1 (sky130_fd_sc_hd__mux2_1)
                  0.20    0.86 200004.27 v clkgen.delay_155ns_1.genblk1[3].dly_binary.out_mux/X (sky130_fd_sc_hd__mux2_1)
     2    0.01                           clkgen.delay_155ns_1.genblk1[3].dly_binary.out (net)
                  0.20    0.00 200004.27 v clkgen.delay_155ns_1.genblk1[4].dly_binary.out_mux/A1 (sky130_fd_sc_hd__mux2_1)
                  0.20    0.84 200005.11 v clkgen.delay_155ns_1.genblk1[4].dly_binary.out_mux/X (sky130_fd_sc_hd__mux2_1)
     1    0.01                           clkgen.delay_155ns_1.genblk1[4].dly_binary.out (net)
                  0.20    0.00 200005.11 v clkgen.clkdig_inverter/A (sky130_fd_sc_hd__inv_2)
                  0.19    0.25 200005.36 ^ clkgen.clkdig_inverter/Y (sky130_fd_sc_hd__inv_2)
     6    0.02                           clkgen.clk_dig_out (net)
                  0.19    0.00 200005.36 ^ outbuf_1/A (sky130_fd_sc_hd__buf_4)
                  0.19    0.36 200005.72 ^ outbuf_1/X (sky130_fd_sc_hd__buf_4)
     1    0.03                           clk_dig_out (net)
                  0.19    0.00 200005.72 ^ clk_dig_out (out)
                               200005.72   data arrival time

                  0.00 999999.94 999999.94   clock __VIRTUAL_CLK__ (rise edge)
                          0.00 999999.94   clock network delay (ideal)
                         -0.25 999999.75   clock uncertainty
                          0.00 999999.75   clock reconvergence pessimism
                       -200000.00 799999.69   output external delay
                               799999.69   data required time
-----------------------------------------------------------------------------
                               799999.69   data required time
                               -200005.72   data arrival time
-----------------------------------------------------------------------------
                               599994.00   slack (MET)


Startpoint: nsample_n_in (input port clocked by __VIRTUAL_CLK__)
Endpoint: nsample_n_out (output port clocked by __VIRTUAL_CLK__)
Path Group: __VIRTUAL_CLK__
Path Type: max
Corner: ss

Fanout     Cap    Slew   Delay    Time   Description
-----------------------------------------------------------------------------
                  0.00    0.00    0.00   clock __VIRTUAL_CLK__ (rise edge)
                          0.00    0.00   clock network delay (ideal)
                       200000.00 200000.00 v input external delay
                  0.03    0.01 200000.02 v nsample_n_in (in)
     2    0.00                           nsample_n_in (net)
                  0.03    0.00 200000.02 v sampledly04/A (sky130_fd_sc_hd__dlymetal6s6s_1)
                  0.05    0.76 200000.77 v sampledly04/X (sky130_fd_sc_hd__dlymetal6s6s_1)
     1    0.00                           nsample_n_1 (net)
                  0.05    0.00 200000.77 v sampledly14/A (sky130_fd_sc_hd__dlymetal6s6s_1)
                  0.05    0.77 200001.55 v sampledly14/X (sky130_fd_sc_hd__dlymetal6s6s_1)
     1    0.00                           nsample_n_2 (net)
                  0.05    0.00 200001.55 v sampledly24/A (sky130_fd_sc_hd__dlymetal6s6s_1)
                  0.05    0.77 200002.31 v sampledly24/X (sky130_fd_sc_hd__dlymetal6s6s_1)
     1    0.00                           nsample_n_3 (net)
                  0.05    0.00 200002.31 v sampledly34/A (sky130_fd_sc_hd__dlymetal6s6s_1)
                  0.06    0.79 200003.09 v sampledly34/X (sky130_fd_sc_hd__dlymetal6s6s_1)
     1    0.00                           nsample_n_4 (net)
                  0.06    0.00 200003.09 v outbuf_6/A (sky130_fd_sc_hd__buf_4)
                  0.10    0.32 200003.42 v outbuf_6/X (sky130_fd_sc_hd__buf_4)
     1    0.03                           nsample_n_out (net)
                  0.10    0.00 200003.42 v nsample_n_out (out)
                               200003.42   data arrival time

                  0.00 999999.94 999999.94   clock __VIRTUAL_CLK__ (rise edge)
                          0.00 999999.94   clock network delay (ideal)
                         -0.25 999999.75   clock uncertainty
                          0.00 999999.75   clock reconvergence pessimism
                       -200000.00 799999.69   output external delay
                               799999.69   data required time
-----------------------------------------------------------------------------
                               799999.69   data required time
                               -200003.42   data arrival time
-----------------------------------------------------------------------------
                               599996.31   slack (MET)


Startpoint: nsample_p_in (input port clocked by __VIRTUAL_CLK__)
Endpoint: nsample_p_out (output port clocked by __VIRTUAL_CLK__)
Path Group: __VIRTUAL_CLK__
Path Type: max
Corner: ss

Fanout     Cap    Slew   Delay    Time   Description
-----------------------------------------------------------------------------
                  0.00    0.00    0.00   clock __VIRTUAL_CLK__ (rise edge)
                          0.00    0.00   clock network delay (ideal)
                       200000.00 200000.00 v input external delay
                  0.05    0.03 200000.03 v nsample_p_in (in)
     2    0.01                           nsample_p_in (net)
                  0.05    0.00 200000.03 v sampledly03/A (sky130_fd_sc_hd__dlymetal6s6s_1)
                  0.05    0.77 200000.80 v sampledly03/X (sky130_fd_sc_hd__dlymetal6s6s_1)
     1    0.00                           nsample_p_1 (net)
                  0.05    0.00 200000.80 v sampledly13/A (sky130_fd_sc_hd__dlymetal6s6s_1)
                  0.05    0.77 200001.58 v sampledly13/X (sky130_fd_sc_hd__dlymetal6s6s_1)
     1    0.00                           nsample_p_2 (net)
                  0.05    0.00 200001.58 v sampledly23/A (sky130_fd_sc_hd__dlymetal6s6s_1)
                  0.05    0.77 200002.34 v sampledly23/X (sky130_fd_sc_hd__dlymetal6s6s_1)
     1    0.00                           nsample_p_3 (net)
                  0.05    0.00 200002.34 v sampledly33/A (sky130_fd_sc_hd__dlymetal6s6s_1)
                  0.07    0.80 200003.14 v sampledly33/X (sky130_fd_sc_hd__dlymetal6s6s_1)
     1    0.00                           nsample_p_4 (net)
                  0.07    0.00 200003.14 v outbuf_5/A (sky130_fd_sc_hd__buf_4)
                  0.11    0.32 200003.47 v outbuf_5/X (sky130_fd_sc_hd__buf_4)
     1    0.03                           nsample_p_out (net)
                  0.11    0.00 200003.47 v nsample_p_out (out)
                               200003.47   data arrival time

                  0.00 999999.94 999999.94   clock __VIRTUAL_CLK__ (rise edge)
                          0.00 999999.94   clock network delay (ideal)
                         -0.25 999999.75   clock uncertainty
                          0.00 999999.75   clock reconvergence pessimism
                       -200000.00 799999.69   output external delay
                               799999.69   data required time
-----------------------------------------------------------------------------
                               799999.69   data required time
                               -200003.47   data arrival time
-----------------------------------------------------------------------------
                               599996.25   slack (MET)


Startpoint: sample_n_in (input port clocked by __VIRTUAL_CLK__)
Endpoint: sample_n_out (output port clocked by __VIRTUAL_CLK__)
Path Group: __VIRTUAL_CLK__
Path Type: max
Corner: ss

Fanout     Cap    Slew   Delay    Time   Description
-----------------------------------------------------------------------------
                  0.00    0.00    0.00   clock __VIRTUAL_CLK__ (rise edge)
                          0.00    0.00   clock network delay (ideal)
                       200000.00 200000.00 v input external delay
                  0.06    0.04 200000.05 v sample_n_in (in)
     2    0.01                           sample_n_in (net)
                  0.06    0.00 200000.05 v sampledly02/A (sky130_fd_sc_hd__dlymetal6s6s_1)
                  0.08    0.81 200000.86 v sampledly02/X (sky130_fd_sc_hd__dlymetal6s6s_1)
     1    0.00                           sample_n_1 (net)
                  0.08    0.00 200000.86 v sampledly12/A (sky130_fd_sc_hd__dlymetal6s6s_1)
                  0.08    0.81 200001.67 v sampledly12/X (sky130_fd_sc_hd__dlymetal6s6s_1)
     1    0.00                           sample_n_2 (net)
                  0.08    0.00 200001.67 v sampledly22/A (sky130_fd_sc_hd__dlymetal6s6s_1)
                  0.07    0.80 200002.47 v sampledly22/X (sky130_fd_sc_hd__dlymetal6s6s_1)
     1    0.00                           sample_n_3 (net)
                  0.07    0.00 200002.47 v sampledly32/A (sky130_fd_sc_hd__dlymetal6s6s_1)
                  0.07    0.80 200003.28 v sampledly32/X (sky130_fd_sc_hd__dlymetal6s6s_1)
     1    0.00                           sample_n_4 (net)
                  0.07    0.00 200003.28 v outbuf_4/A (sky130_fd_sc_hd__buf_4)
                  0.10    0.32 200003.59 v outbuf_4/X (sky130_fd_sc_hd__buf_4)
     1    0.03                           sample_n_out (net)
                  0.10    0.00 200003.59 v sample_n_out (out)
                               200003.59   data arrival time

                  0.00 999999.94 999999.94   clock __VIRTUAL_CLK__ (rise edge)
                          0.00 999999.94   clock network delay (ideal)
                         -0.25 999999.75   clock uncertainty
                          0.00 999999.75   clock reconvergence pessimism
                       -200000.00 799999.69   output external delay
                               799999.69   data required time
-----------------------------------------------------------------------------
                               799999.69   data required time
                               -200003.59   data arrival time
-----------------------------------------------------------------------------
                               599996.06   slack (MET)


Startpoint: sample_p_in (input port clocked by __VIRTUAL_CLK__)
Endpoint: sample_p_out (output port clocked by __VIRTUAL_CLK__)
Path Group: __VIRTUAL_CLK__
Path Type: max
Corner: ss

Fanout     Cap    Slew   Delay    Time   Description
-----------------------------------------------------------------------------
                  0.00    0.00    0.00   clock __VIRTUAL_CLK__ (rise edge)
                          0.00    0.00   clock network delay (ideal)
                       200000.00 200000.00 v input external delay
                  0.08    0.06 200000.06 v sample_p_in (in)
     2    0.02                           sample_p_in (net)
                  0.08    0.00 200000.06 v sampledly01/A (sky130_fd_sc_hd__dlymetal6s6s_1)
                  0.05    0.79 200000.84 v sampledly01/X (sky130_fd_sc_hd__dlymetal6s6s_1)
     1    0.00                           sample_p_1 (net)
                  0.05    0.00 200000.84 v sampledly11/A (sky130_fd_sc_hd__dlymetal6s6s_1)
                  0.09    0.83 200001.67 v sampledly11/X (sky130_fd_sc_hd__dlymetal6s6s_1)
     1    0.01                           sample_p_2 (net)
                  0.09    0.00 200001.67 v sampledly21/A (sky130_fd_sc_hd__dlymetal6s6s_1)
                  0.07    0.81 200002.48 v sampledly21/X (sky130_fd_sc_hd__dlymetal6s6s_1)
     1    0.00                           sample_p_3 (net)
                  0.07    0.00 200002.48 v sampledly31/A (sky130_fd_sc_hd__dlymetal6s6s_1)
                  0.06    0.79 200003.28 v sampledly31/X (sky130_fd_sc_hd__dlymetal6s6s_1)
     1    0.00                           sample_p_4 (net)
                  0.06    0.00 200003.28 v outbuf_3/A (sky130_fd_sc_hd__buf_4)
                  0.10    0.32 200003.59 v outbuf_3/X (sky130_fd_sc_hd__buf_4)
     1    0.03                           sample_p_out (net)
                  0.10    0.00 200003.59 v sample_p_out (out)
                               200003.59   data arrival time

                  0.00 999999.94 999999.94   clock __VIRTUAL_CLK__ (rise edge)
                          0.00 999999.94   clock network delay (ideal)
                         -0.25 999999.75   clock uncertainty
                          0.00 999999.75   clock reconvergence pessimism
                       -200000.00 799999.69   output external delay
                               799999.69   data required time
-----------------------------------------------------------------------------
                               799999.69   data required time
                               -200003.59   data arrival time
-----------------------------------------------------------------------------
                               599996.06   slack (MET)



======================= Typical Corner ===================================

Startpoint: dlycontrol1_in[0] (input port clocked by __VIRTUAL_CLK__)
Endpoint: clk_comp_out (output port clocked by __VIRTUAL_CLK__)
Path Group: __VIRTUAL_CLK__
Path Type: max
Corner: tt

Fanout     Cap    Slew   Delay    Time   Description
-----------------------------------------------------------------------------
                  0.00    0.00    0.00   clock __VIRTUAL_CLK__ (rise edge)
                          0.00    0.00   clock network delay (ideal)
                       200000.00 200000.00 v input external delay
                  0.04    0.03 200000.03 v dlycontrol1_in[0] (in)
     2    0.02                           dlycontrol1_in[0] (net)
                  0.04    0.00 200000.03 v clkgen.delay_155ns_1.genblk1[0].control_invert/A (sky130_fd_sc_hd__inv_2)
                  0.02    0.04 200000.08 ^ clkgen.delay_155ns_1.genblk1[0].control_invert/Y (sky130_fd_sc_hd__inv_2)
     1    0.00                           clkgen.delay_155ns_1.bypass_enable_w[0] (net)
                  0.02    0.00 200000.08 ^ clkgen.delay_155ns_1.genblk1[0].bypass_enable/B (sky130_fd_sc_hd__and2_1)
                  0.21    0.23 200000.31 ^ clkgen.delay_155ns_1.genblk1[0].bypass_enable/X (sky130_fd_sc_hd__and2_1)
     4    0.02                           clkgen.delay_155ns_1.genblk1[0].dly_binary.bypass_in (net)
                  0.21    0.00 200000.31 ^ clkgen.delay_155ns_1.genblk1[0].dly_binary.out_mux/S (sky130_fd_sc_hd__mux2_1)
                  0.08    0.39 200000.70 v clkgen.delay_155ns_1.genblk1[0].dly_binary.out_mux/X (sky130_fd_sc_hd__mux2_1)
     2    0.01                           clkgen.delay_155ns_1.genblk1[0].dly_binary.out (net)
                  0.08    0.00 200000.70 v clkgen.delay_155ns_1.genblk1[1].dly_binary.out_mux/A1 (sky130_fd_sc_hd__mux2_1)
                  0.09    0.36 200001.06 v clkgen.delay_155ns_1.genblk1[1].dly_binary.out_mux/X (sky130_fd_sc_hd__mux2_1)
     2    0.01                           clkgen.delay_155ns_1.genblk1[1].dly_binary.out (net)
                  0.09    0.00 200001.06 v clkgen.delay_155ns_1.genblk1[2].dly_binary.out_mux/A1 (sky130_fd_sc_hd__mux2_1)
                  0.10    0.38 200001.44 v clkgen.delay_155ns_1.genblk1[2].dly_binary.out_mux/X (sky130_fd_sc_hd__mux2_1)
     2    0.01                           clkgen.delay_155ns_1.genblk1[2].dly_binary.out (net)
                  0.10    0.00 200001.44 v clkgen.delay_155ns_1.genblk1[3].dly_binary.out_mux/A1 (sky130_fd_sc_hd__mux2_1)
                  0.10    0.38 200001.81 v clkgen.delay_155ns_1.genblk1[3].dly_binary.out_mux/X (sky130_fd_sc_hd__mux2_1)
     2    0.01                           clkgen.delay_155ns_1.genblk1[3].dly_binary.out (net)
                  0.10    0.00 200001.81 v clkgen.delay_155ns_1.genblk1[4].dly_binary.out_mux/A1 (sky130_fd_sc_hd__mux2_1)
                  0.10    0.38 200002.20 v clkgen.delay_155ns_1.genblk1[4].dly_binary.out_mux/X (sky130_fd_sc_hd__mux2_1)
     1    0.01                           clkgen.delay_155ns_1.genblk1[4].dly_binary.out (net)
                  0.10    0.00 200002.20 v clkgen.clkdig_inverter/A (sky130_fd_sc_hd__inv_2)
                  0.12    0.13 200002.33 ^ clkgen.clkdig_inverter/Y (sky130_fd_sc_hd__inv_2)
     6    0.02                           clkgen.clk_dig_out (net)
                  0.12    0.00 200002.33 ^ clkgen.delay_155ns_2.genblk1[0].dly_binary.out_mux/A1 (sky130_fd_sc_hd__mux2_1)
                  0.11    0.20 200002.53 ^ clkgen.delay_155ns_2.genblk1[0].dly_binary.out_mux/X (sky130_fd_sc_hd__mux2_1)
     2    0.01                           clkgen.delay_155ns_2.genblk1[0].dly_binary.out (net)
                  0.11    0.00 200002.53 ^ clkgen.delay_155ns_2.genblk1[1].dly_binary.out_mux/A1 (sky130_fd_sc_hd__mux2_1)
                  0.06    0.16 200002.69 ^ clkgen.delay_155ns_2.genblk1[1].dly_binary.out_mux/X (sky130_fd_sc_hd__mux2_1)
     2    0.00                           clkgen.delay_155ns_2.genblk1[1].dly_binary.out (net)
                  0.06    0.00 200002.69 ^ clkgen.delay_155ns_2.genblk1[2].dly_binary.out_mux/A1 (sky130_fd_sc_hd__mux2_1)
                  0.07    0.16 200002.86 ^ clkgen.delay_155ns_2.genblk1[2].dly_binary.out_mux/X (sky130_fd_sc_hd__mux2_1)
     2    0.01                           clkgen.delay_155ns_2.genblk1[2].dly_binary.out (net)
                  0.07    0.00 200002.86 ^ clkgen.delay_155ns_2.genblk1[3].dly_binary.out_mux/A1 (sky130_fd_sc_hd__mux2_1)
                  0.07    0.16 200003.02 ^ clkgen.delay_155ns_2.genblk1[3].dly_binary.out_mux/X (sky130_fd_sc_hd__mux2_1)
     2    0.01                           clkgen.delay_155ns_2.genblk1[3].dly_binary.out (net)
                  0.07    0.00 200003.02 ^ clkgen.delay_155ns_2.genblk1[4].dly_binary.out_mux/A1 (sky130_fd_sc_hd__mux2_1)
                  0.06    0.15 200003.16 ^ clkgen.delay_155ns_2.genblk1[4].dly_binary.out_mux/X (sky130_fd_sc_hd__mux2_1)
     1    0.00                           clkgen.clk_dig_delayed_w (net)
                  0.06    0.00 200003.16 ^ clkgen.nor1/A (sky130_fd_sc_hd__nor2b_1)
                  0.05    0.06 200003.22 v clkgen.nor1/Y (sky130_fd_sc_hd__nor2b_1)
     2    0.01                           clkgen.delay_155ns_3.genblk1[0].dly_binary.in (net)
                  0.05    0.00 200003.22 v clkgen.delay_155ns_3.genblk1[0].dly_binary.out_mux/A1 (sky130_fd_sc_hd__mux2_1)
                  0.06    0.32 200003.53 v clkgen.delay_155ns_3.genblk1[0].dly_binary.out_mux/X (sky130_fd_sc_hd__mux2_1)
     2    0.00                           clkgen.delay_155ns_3.genblk1[0].dly_binary.out (net)
                  0.06    0.00 200003.53 v clkgen.delay_155ns_3.genblk1[1].dly_binary.out_mux/A1 (sky130_fd_sc_hd__mux2_1)
                  0.08    0.35 200003.89 v clkgen.delay_155ns_3.genblk1[1].dly_binary.out_mux/X (sky130_fd_sc_hd__mux2_1)
     2    0.01                           clkgen.delay_155ns_3.genblk1[1].dly_binary.out (net)
                  0.08    0.00 200003.89 v clkgen.delay_155ns_3.genblk1[2].dly_binary.out_mux/A1 (sky130_fd_sc_hd__mux2_1)
                  0.07    0.33 200004.22 v clkgen.delay_155ns_3.genblk1[2].dly_binary.out_mux/X (sky130_fd_sc_hd__mux2_1)
     2    0.01                           clkgen.delay_155ns_3.genblk1[2].dly_binary.out (net)
                  0.07    0.00 200004.22 v clkgen.delay_155ns_3.genblk1[3].dly_binary.out_mux/A1 (sky130_fd_sc_hd__mux2_1)
                  0.07    0.33 200004.56 v clkgen.delay_155ns_3.genblk1[3].dly_binary.out_mux/X (sky130_fd_sc_hd__mux2_1)
     2    0.01                           clkgen.delay_155ns_3.genblk1[3].dly_binary.out (net)
                  0.07    0.00 200004.56 v clkgen.delay_155ns_3.genblk1[4].dly_binary.out_mux/A1 (sky130_fd_sc_hd__mux2_1)
                  0.10    0.38 200004.94 v clkgen.delay_155ns_3.genblk1[4].dly_binary.out_mux/X (sky130_fd_sc_hd__mux2_1)
     2    0.01                           clkgen.clk_comp_out (net)
                  0.10    0.00 200004.94 v outbuf_2/A (sky130_fd_sc_hd__buf_4)
                  0.06    0.20 200005.14 v outbuf_2/X (sky130_fd_sc_hd__buf_4)
     1    0.03                           clk_comp_out (net)
                  0.06    0.00 200005.14 v clk_comp_out (out)
                               200005.14   data arrival time

                  0.00 999999.94 999999.94   clock __VIRTUAL_CLK__ (rise edge)
                          0.00 999999.94   clock network delay (ideal)
                         -0.25 999999.75   clock uncertainty
                          0.00 999999.75   clock reconvergence pessimism
                       -200000.00 799999.69   output external delay
                               799999.69   data required time
-----------------------------------------------------------------------------
                               799999.69   data required time
                               -200005.14   data arrival time
-----------------------------------------------------------------------------
                               599994.56   slack (MET)


Startpoint: dlycontrol1_in[0] (input port clocked by __VIRTUAL_CLK__)
Endpoint: clk_dig_out (output port clocked by __VIRTUAL_CLK__)
Path Group: __VIRTUAL_CLK__
Path Type: max
Corner: tt

Fanout     Cap    Slew   Delay    Time   Description
-----------------------------------------------------------------------------
                  0.00    0.00    0.00   clock __VIRTUAL_CLK__ (rise edge)
                          0.00    0.00   clock network delay (ideal)
                       200000.00 200000.00 v input external delay
                  0.04    0.03 200000.03 v dlycontrol1_in[0] (in)
     2    0.02                           dlycontrol1_in[0] (net)
                  0.04    0.00 200000.03 v clkgen.delay_155ns_1.genblk1[0].control_invert/A (sky130_fd_sc_hd__inv_2)
                  0.02    0.04 200000.08 ^ clkgen.delay_155ns_1.genblk1[0].control_invert/Y (sky130_fd_sc_hd__inv_2)
     1    0.00                           clkgen.delay_155ns_1.bypass_enable_w[0] (net)
                  0.02    0.00 200000.08 ^ clkgen.delay_155ns_1.genblk1[0].bypass_enable/B (sky130_fd_sc_hd__and2_1)
                  0.21    0.23 200000.31 ^ clkgen.delay_155ns_1.genblk1[0].bypass_enable/X (sky130_fd_sc_hd__and2_1)
     4    0.02                           clkgen.delay_155ns_1.genblk1[0].dly_binary.bypass_in (net)
                  0.21    0.00 200000.31 ^ clkgen.delay_155ns_1.genblk1[0].dly_binary.out_mux/S (sky130_fd_sc_hd__mux2_1)
                  0.08    0.39 200000.70 v clkgen.delay_155ns_1.genblk1[0].dly_binary.out_mux/X (sky130_fd_sc_hd__mux2_1)
     2    0.01                           clkgen.delay_155ns_1.genblk1[0].dly_binary.out (net)
                  0.08    0.00 200000.70 v clkgen.delay_155ns_1.genblk1[1].dly_binary.out_mux/A1 (sky130_fd_sc_hd__mux2_1)
                  0.09    0.36 200001.06 v clkgen.delay_155ns_1.genblk1[1].dly_binary.out_mux/X (sky130_fd_sc_hd__mux2_1)
     2    0.01                           clkgen.delay_155ns_1.genblk1[1].dly_binary.out (net)
                  0.09    0.00 200001.06 v clkgen.delay_155ns_1.genblk1[2].dly_binary.out_mux/A1 (sky130_fd_sc_hd__mux2_1)
                  0.10    0.38 200001.44 v clkgen.delay_155ns_1.genblk1[2].dly_binary.out_mux/X (sky130_fd_sc_hd__mux2_1)
     2    0.01                           clkgen.delay_155ns_1.genblk1[2].dly_binary.out (net)
                  0.10    0.00 200001.44 v clkgen.delay_155ns_1.genblk1[3].dly_binary.out_mux/A1 (sky130_fd_sc_hd__mux2_1)
                  0.10    0.38 200001.81 v clkgen.delay_155ns_1.genblk1[3].dly_binary.out_mux/X (sky130_fd_sc_hd__mux2_1)
     2    0.01                           clkgen.delay_155ns_1.genblk1[3].dly_binary.out (net)
                  0.10    0.00 200001.81 v clkgen.delay_155ns_1.genblk1[4].dly_binary.out_mux/A1 (sky130_fd_sc_hd__mux2_1)
                  0.10    0.38 200002.20 v clkgen.delay_155ns_1.genblk1[4].dly_binary.out_mux/X (sky130_fd_sc_hd__mux2_1)
     1    0.01                           clkgen.delay_155ns_1.genblk1[4].dly_binary.out (net)
                  0.10    0.00 200002.20 v clkgen.clkdig_inverter/A (sky130_fd_sc_hd__inv_2)
                  0.12    0.13 200002.33 ^ clkgen.clkdig_inverter/Y (sky130_fd_sc_hd__inv_2)
     6    0.02                           clkgen.clk_dig_out (net)
                  0.12    0.00 200002.33 ^ outbuf_1/A (sky130_fd_sc_hd__buf_4)
                  0.12    0.20 200002.53 ^ outbuf_1/X (sky130_fd_sc_hd__buf_4)
     1    0.03                           clk_dig_out (net)
                  0.12    0.00 200002.53 ^ clk_dig_out (out)
                               200002.53   data arrival time

                  0.00 999999.94 999999.94   clock __VIRTUAL_CLK__ (rise edge)
                          0.00 999999.94   clock network delay (ideal)
                         -0.25 999999.75   clock uncertainty
                          0.00 999999.75   clock reconvergence pessimism
                       -200000.00 799999.69   output external delay
                               799999.69   data required time
-----------------------------------------------------------------------------
                               799999.69   data required time
                               -200002.53   data arrival time
-----------------------------------------------------------------------------
                               599997.19   slack (MET)


Startpoint: nsample_n_in (input port clocked by __VIRTUAL_CLK__)
Endpoint: nsample_n_out (output port clocked by __VIRTUAL_CLK__)
Path Group: __VIRTUAL_CLK__
Path Type: max
Corner: tt

Fanout     Cap    Slew   Delay    Time   Description
-----------------------------------------------------------------------------
                  0.00    0.00    0.00   clock __VIRTUAL_CLK__ (rise edge)
                          0.00    0.00   clock network delay (ideal)
                       200000.00 200000.00 ^ input external delay
                  0.03    0.01 200000.02 ^ nsample_n_in (in)
     2    0.00                           nsample_n_in (net)
                  0.03    0.00 200000.02 ^ sampledly04/A (sky130_fd_sc_hd__dlymetal6s6s_1)
                  0.03    0.25 200000.27 ^ sampledly04/X (sky130_fd_sc_hd__dlymetal6s6s_1)
     1    0.00                           nsample_n_1 (net)
                  0.03    0.00 200000.27 ^ sampledly14/A (sky130_fd_sc_hd__dlymetal6s6s_1)
                  0.03    0.25 200000.52 ^ sampledly14/X (sky130_fd_sc_hd__dlymetal6s6s_1)
     1    0.00                           nsample_n_2 (net)
                  0.03    0.00 200000.52 ^ sampledly24/A (sky130_fd_sc_hd__dlymetal6s6s_1)
                  0.03    0.25 200000.75 ^ sampledly24/X (sky130_fd_sc_hd__dlymetal6s6s_1)
     1    0.00                           nsample_n_3 (net)
                  0.03    0.00 200000.75 ^ sampledly34/A (sky130_fd_sc_hd__dlymetal6s6s_1)
                  0.04    0.25 200001.00 ^ sampledly34/X (sky130_fd_sc_hd__dlymetal6s6s_1)
     1    0.00                           nsample_n_4 (net)
                  0.04    0.00 200001.00 ^ outbuf_6/A (sky130_fd_sc_hd__buf_4)
                  0.10    0.16 200001.17 ^ outbuf_6/X (sky130_fd_sc_hd__buf_4)
     1    0.03                           nsample_n_out (net)
                  0.10    0.00 200001.17 ^ nsample_n_out (out)
                               200001.17   data arrival time

                  0.00 999999.94 999999.94   clock __VIRTUAL_CLK__ (rise edge)
                          0.00 999999.94   clock network delay (ideal)
                         -0.25 999999.75   clock uncertainty
                          0.00 999999.75   clock reconvergence pessimism
                       -200000.00 799999.69   output external delay
                               799999.69   data required time
-----------------------------------------------------------------------------
                               799999.69   data required time
                               -200001.17   data arrival time
-----------------------------------------------------------------------------
                               599998.56   slack (MET)


Startpoint: nsample_p_in (input port clocked by __VIRTUAL_CLK__)
Endpoint: nsample_p_out (output port clocked by __VIRTUAL_CLK__)
Path Group: __VIRTUAL_CLK__
Path Type: max
Corner: tt

Fanout     Cap    Slew   Delay    Time   Description
-----------------------------------------------------------------------------
                  0.00    0.00    0.00   clock __VIRTUAL_CLK__ (rise edge)
                          0.00    0.00   clock network delay (ideal)
                       200000.00 200000.00 ^ input external delay
                  0.05    0.03 200000.03 ^ nsample_p_in (in)
     2    0.01                           nsample_p_in (net)
                  0.05    0.00 200000.03 ^ sampledly03/A (sky130_fd_sc_hd__dlymetal6s6s_1)
                  0.03    0.25 200000.28 ^ sampledly03/X (sky130_fd_sc_hd__dlymetal6s6s_1)
     1    0.00                           nsample_p_1 (net)
                  0.03    0.00 200000.28 ^ sampledly13/A (sky130_fd_sc_hd__dlymetal6s6s_1)
                  0.03    0.25 200000.53 ^ sampledly13/X (sky130_fd_sc_hd__dlymetal6s6s_1)
     1    0.00                           nsample_p_2 (net)
                  0.03    0.00 200000.53 ^ sampledly23/A (sky130_fd_sc_hd__dlymetal6s6s_1)
                  0.03    0.25 200000.77 ^ sampledly23/X (sky130_fd_sc_hd__dlymetal6s6s_1)
     1    0.00                           nsample_p_3 (net)
                  0.03    0.00 200000.77 ^ sampledly33/A (sky130_fd_sc_hd__dlymetal6s6s_1)
                  0.05    0.26 200001.03 ^ sampledly33/X (sky130_fd_sc_hd__dlymetal6s6s_1)
     1    0.00                           nsample_p_4 (net)
                  0.05    0.00 200001.03 ^ outbuf_5/A (sky130_fd_sc_hd__buf_4)
                  0.11    0.16 200001.19 ^ outbuf_5/X (sky130_fd_sc_hd__buf_4)
     1    0.03                           nsample_p_out (net)
                  0.11    0.00 200001.19 ^ nsample_p_out (out)
                               200001.19   data arrival time

                  0.00 999999.94 999999.94   clock __VIRTUAL_CLK__ (rise edge)
                          0.00 999999.94   clock network delay (ideal)
                         -0.25 999999.75   clock uncertainty
                          0.00 999999.75   clock reconvergence pessimism
                       -200000.00 799999.69   output external delay
                               799999.69   data required time
-----------------------------------------------------------------------------
                               799999.69   data required time
                               -200001.19   data arrival time
-----------------------------------------------------------------------------
                               599998.56   slack (MET)


Startpoint: sample_n_in (input port clocked by __VIRTUAL_CLK__)
Endpoint: sample_n_out (output port clocked by __VIRTUAL_CLK__)
Path Group: __VIRTUAL_CLK__
Path Type: max
Corner: tt

Fanout     Cap    Slew   Delay    Time   Description
-----------------------------------------------------------------------------
                  0.00    0.00    0.00   clock __VIRTUAL_CLK__ (rise edge)
                          0.00    0.00   clock network delay (ideal)
                       200000.00 200000.00 ^ input external delay
                  0.07    0.04 200000.05 ^ sample_n_in (in)
     2    0.01                           sample_n_in (net)
                  0.07    0.00 200000.05 ^ sampledly02/A (sky130_fd_sc_hd__dlymetal6s6s_1)
                  0.06    0.28 200000.33 ^ sampledly02/X (sky130_fd_sc_hd__dlymetal6s6s_1)
     1    0.00                           sample_n_1 (net)
                  0.06    0.00 200000.33 ^ sampledly12/A (sky130_fd_sc_hd__dlymetal6s6s_1)
                  0.06    0.28 200000.59 ^ sampledly12/X (sky130_fd_sc_hd__dlymetal6s6s_1)
     1    0.00                           sample_n_2 (net)
                  0.06    0.00 200000.59 ^ sampledly22/A (sky130_fd_sc_hd__dlymetal6s6s_1)
                  0.05    0.26 200000.86 ^ sampledly22/X (sky130_fd_sc_hd__dlymetal6s6s_1)
     1    0.00                           sample_n_3 (net)
                  0.05    0.00 200000.86 ^ sampledly32/A (sky130_fd_sc_hd__dlymetal6s6s_1)
                  0.05    0.26 200001.12 ^ sampledly32/X (sky130_fd_sc_hd__dlymetal6s6s_1)
     1    0.00                           sample_n_4 (net)
                  0.05    0.00 200001.12 ^ outbuf_4/A (sky130_fd_sc_hd__buf_4)
                  0.10    0.16 200001.28 ^ outbuf_4/X (sky130_fd_sc_hd__buf_4)
     1    0.03                           sample_n_out (net)
                  0.10    0.00 200001.28 ^ sample_n_out (out)
                               200001.28   data arrival time

                  0.00 999999.94 999999.94   clock __VIRTUAL_CLK__ (rise edge)
                          0.00 999999.94   clock network delay (ideal)
                         -0.25 999999.75   clock uncertainty
                          0.00 999999.75   clock reconvergence pessimism
                       -200000.00 799999.69   output external delay
                               799999.69   data required time
-----------------------------------------------------------------------------
                               799999.69   data required time
                               -200001.28   data arrival time
-----------------------------------------------------------------------------
                               599998.44   slack (MET)


Startpoint: sample_p_in (input port clocked by __VIRTUAL_CLK__)
Endpoint: sample_p_out (output port clocked by __VIRTUAL_CLK__)
Path Group: __VIRTUAL_CLK__
Path Type: max
Corner: tt

Fanout     Cap    Slew   Delay    Time   Description
-----------------------------------------------------------------------------
                  0.00    0.00    0.00   clock __VIRTUAL_CLK__ (rise edge)
                          0.00    0.00   clock network delay (ideal)
                       200000.00 200000.00 ^ input external delay
                  0.09    0.06 200000.06 ^ sample_p_in (in)
     2    0.02                           sample_p_in (net)
                  0.09    0.00 200000.06 ^ sampledly01/A (sky130_fd_sc_hd__dlymetal6s6s_1)
                  0.03    0.26 200000.33 ^ sampledly01/X (sky130_fd_sc_hd__dlymetal6s6s_1)
     1    0.00                           sample_p_1 (net)
                  0.03    0.00 200000.33 ^ sampledly11/A (sky130_fd_sc_hd__dlymetal6s6s_1)
                  0.08    0.28 200000.59 ^ sampledly11/X (sky130_fd_sc_hd__dlymetal6s6s_1)
     1    0.01                           sample_p_2 (net)
                  0.08    0.00 200000.59 ^ sampledly21/A (sky130_fd_sc_hd__dlymetal6s6s_1)
                  0.05    0.28 200000.88 ^ sampledly21/X (sky130_fd_sc_hd__dlymetal6s6s_1)
     1    0.00                           sample_p_3 (net)
                  0.05    0.00 200000.88 ^ sampledly31/A (sky130_fd_sc_hd__dlymetal6s6s_1)
                  0.04    0.26 200001.14 ^ sampledly31/X (sky130_fd_sc_hd__dlymetal6s6s_1)
     1    0.00                           sample_p_4 (net)
                  0.04    0.00 200001.14 ^ outbuf_3/A (sky130_fd_sc_hd__buf_4)
                  0.10    0.16 200001.30 ^ outbuf_3/X (sky130_fd_sc_hd__buf_4)
     1    0.03                           sample_p_out (net)
                  0.10    0.00 200001.30 ^ sample_p_out (out)
                               200001.30   data arrival time

                  0.00 999999.94 999999.94   clock __VIRTUAL_CLK__ (rise edge)
                          0.00 999999.94   clock network delay (ideal)
                         -0.25 999999.75   clock uncertainty
                          0.00 999999.75   clock reconvergence pessimism
                       -200000.00 799999.69   output external delay
                               799999.69   data required time
-----------------------------------------------------------------------------
                               799999.69   data required time
                               -200001.30   data arrival time
-----------------------------------------------------------------------------
                               599998.44   slack (MET)



======================= Fastest Corner ===================================

Startpoint: dlycontrol4_in[0] (input port clocked by __VIRTUAL_CLK__)
Endpoint: clk_comp_out (output port clocked by __VIRTUAL_CLK__)
Path Group: __VIRTUAL_CLK__
Path Type: max
Corner: ff

Fanout     Cap    Slew   Delay    Time   Description
-----------------------------------------------------------------------------
                  0.00    0.00    0.00   clock __VIRTUAL_CLK__ (rise edge)
                          0.00    0.00   clock network delay (ideal)
                       200000.00 200000.00 v input external delay
                  0.03    0.01 200000.02 v dlycontrol4_in[0] (in)
     2    0.02                           dlycontrol4_in[0] (net)
                  0.03    0.00 200000.02 v edgedetect.dly_315ns_1.genblk1[0].control_invert/A (sky130_fd_sc_hd__inv_2)
                  0.03    0.03 200000.05 ^ edgedetect.dly_315ns_1.genblk1[0].control_invert/Y (sky130_fd_sc_hd__inv_2)
     1    0.01                           edgedetect.dly_315ns_1.bypass_enable_w[0] (net)
                  0.03    0.00 200000.05 ^ edgedetect.dly_315ns_1.genblk1[0].bypass_enable/B (sky130_fd_sc_hd__and2_1)
                  0.20    0.20 200000.25 ^ edgedetect.dly_315ns_1.genblk1[0].bypass_enable/X (sky130_fd_sc_hd__and2_1)
     4    0.03                           edgedetect.dly_315ns_1.genblk1[0].dly_binary.bypass_in (net)
                  0.20    0.00 200000.25 ^ edgedetect.dly_315ns_1.genblk1[0].dly_binary.out_mux/S (sky130_fd_sc_hd__mux2_1)
                  0.07    0.23 200000.48 v edgedetect.dly_315ns_1.genblk1[0].dly_binary.out_mux/X (sky130_fd_sc_hd__mux2_1)
     2    0.01                           edgedetect.dly_315ns_1.genblk1[0].dly_binary.out (net)
                  0.07    0.00 200000.48 v edgedetect.dly_315ns_1.genblk1[1].dly_binary.out_mux/A1 (sky130_fd_sc_hd__mux2_1)
                  0.07    0.20 200000.69 v edgedetect.dly_315ns_1.genblk1[1].dly_binary.out_mux/X (sky130_fd_sc_hd__mux2_1)
     2    0.01                           edgedetect.dly_315ns_1.genblk1[1].dly_binary.out (net)
                  0.07    0.00 200000.69 v edgedetect.dly_315ns_1.genblk1[2].dly_binary.out_mux/A1 (sky130_fd_sc_hd__mux2_1)
                  0.07    0.20 200000.89 v edgedetect.dly_315ns_1.genblk1[2].dly_binary.out_mux/X (sky130_fd_sc_hd__mux2_1)
     2    0.01                           edgedetect.dly_315ns_1.genblk1[2].dly_binary.out (net)
                  0.07    0.00 200000.89 v edgedetect.dly_315ns_1.genblk1[3].dly_binary.out_mux/A1 (sky130_fd_sc_hd__mux2_1)
                  0.05    0.17 200001.06 v edgedetect.dly_315ns_1.genblk1[3].dly_binary.out_mux/X (sky130_fd_sc_hd__mux2_1)
     2    0.00                           edgedetect.dly_315ns_1.genblk1[3].dly_binary.out (net)
                  0.05    0.00 200001.06 v edgedetect.dly_315ns_1.genblk1[4].dly_binary.out_mux/A1 (sky130_fd_sc_hd__mux2_1)
                  0.05    0.17 200001.23 v edgedetect.dly_315ns_1.genblk1[4].dly_binary.out_mux/X (sky130_fd_sc_hd__mux2_1)
     2    0.01                           edgedetect.dly_315ns_1.genblk1[4].dly_binary.out (net)
                  0.05    0.00 200001.23 v edgedetect.dly_315ns_1.genblk1[5].dly_binary.out_mux/A1 (sky130_fd_sc_hd__mux2_1)
                  0.07    0.19 200001.42 v edgedetect.dly_315ns_1.genblk1[5].dly_binary.out_mux/X (sky130_fd_sc_hd__mux2_1)
     1    0.01                           edgedetect.dly_315ns_1.genblk1[5].dly_binary.out (net)
                  0.07    0.00 200001.42 v edgedetect.nor1/A (sky130_fd_sc_hd__nor2b_1)
                  0.06    0.09 200001.52 ^ edgedetect.nor1/Y (sky130_fd_sc_hd__nor2b_1)
     1    0.00                           edgedetect.start_conv_edge_w (net)
                  0.06    0.00 200001.52 ^ edgedetect.or1/A (sky130_fd_sc_hd__or2_1)
                  0.05    0.09 200001.59 ^ edgedetect.or1/X (sky130_fd_sc_hd__or2_1)
     1    0.01                           clkgen.enable_loop_in (net)
                  0.05    0.00 200001.59 ^ clkgen.nor1/B_N (sky130_fd_sc_hd__nor2b_1)
                  0.11    0.13 200001.73 ^ clkgen.nor1/Y (sky130_fd_sc_hd__nor2b_1)
     2    0.01                           clkgen.delay_155ns_3.genblk1[0].dly_binary.in (net)
                  0.11    0.00 200001.73 ^ clkgen.delay_155ns_3.genblk1[0].dly_binary.out_mux/A1 (sky130_fd_sc_hd__mux2_1)
                  0.04    0.10 200001.83 ^ clkgen.delay_155ns_3.genblk1[0].dly_binary.out_mux/X (sky130_fd_sc_hd__mux2_1)
     2    0.01                           clkgen.delay_155ns_3.genblk1[0].dly_binary.out (net)
                  0.04    0.00 200001.83 ^ clkgen.delay_155ns_3.genblk1[1].dly_binary.out_mux/A1 (sky130_fd_sc_hd__mux2_1)
                  0.06    0.10 200001.94 ^ clkgen.delay_155ns_3.genblk1[1].dly_binary.out_mux/X (sky130_fd_sc_hd__mux2_1)
     2    0.01                           clkgen.delay_155ns_3.genblk1[1].dly_binary.out (net)
                  0.06    0.00 200001.94 ^ clkgen.delay_155ns_3.genblk1[2].dly_binary.out_mux/A1 (sky130_fd_sc_hd__mux2_1)
                  0.05    0.10 200002.03 ^ clkgen.delay_155ns_3.genblk1[2].dly_binary.out_mux/X (sky130_fd_sc_hd__mux2_1)
     2    0.01                           clkgen.delay_155ns_3.genblk1[2].dly_binary.out (net)
                  0.05    0.00 200002.03 ^ clkgen.delay_155ns_3.genblk1[3].dly_binary.out_mux/A1 (sky130_fd_sc_hd__mux2_1)
                  0.05    0.10 200002.14 ^ clkgen.delay_155ns_3.genblk1[3].dly_binary.out_mux/X (sky130_fd_sc_hd__mux2_1)
     2    0.01                           clkgen.delay_155ns_3.genblk1[3].dly_binary.out (net)
                  0.05    0.00 200002.14 ^ clkgen.delay_155ns_3.genblk1[4].dly_binary.out_mux/A1 (sky130_fd_sc_hd__mux2_1)
                  0.09    0.13 200002.27 ^ clkgen.delay_155ns_3.genblk1[4].dly_binary.out_mux/X (sky130_fd_sc_hd__mux2_1)
     2    0.01                           clkgen.clk_comp_out (net)
                  0.09    0.00 200002.27 ^ outbuf_2/A (sky130_fd_sc_hd__buf_4)
                  0.08    0.13 200002.41 ^ outbuf_2/X (sky130_fd_sc_hd__buf_4)
     1    0.03                           clk_comp_out (net)
                  0.08    0.00 200002.41 ^ clk_comp_out (out)
                               200002.41   data arrival time

                  0.00 999999.94 999999.94   clock __VIRTUAL_CLK__ (rise edge)
                          0.00 999999.94   clock network delay (ideal)
                         -0.25 999999.75   clock uncertainty
                          0.00 999999.75   clock reconvergence pessimism
                       -200000.00 799999.69   output external delay
                               799999.69   data required time
-----------------------------------------------------------------------------
                               799999.69   data required time
                               -200002.41   data arrival time
-----------------------------------------------------------------------------
                               599997.31   slack (MET)


Startpoint: dlycontrol1_in[0] (input port clocked by __VIRTUAL_CLK__)
Endpoint: clk_dig_out (output port clocked by __VIRTUAL_CLK__)
Path Group: __VIRTUAL_CLK__
Path Type: max
Corner: ff

Fanout     Cap    Slew   Delay    Time   Description
-----------------------------------------------------------------------------
                  0.00    0.00    0.00   clock __VIRTUAL_CLK__ (rise edge)
                          0.00    0.00   clock network delay (ideal)
                       200000.00 200000.00 v input external delay
                  0.03    0.01 200000.02 v dlycontrol1_in[0] (in)
     2    0.02                           dlycontrol1_in[0] (net)
                  0.03    0.00 200000.02 v clkgen.delay_155ns_1.genblk1[0].control_invert/A (sky130_fd_sc_hd__inv_2)
                  0.01    0.03 200000.05 ^ clkgen.delay_155ns_1.genblk1[0].control_invert/Y (sky130_fd_sc_hd__inv_2)
     1    0.00                           clkgen.delay_155ns_1.bypass_enable_w[0] (net)
                  0.01    0.00 200000.05 ^ clkgen.delay_155ns_1.genblk1[0].bypass_enable/B (sky130_fd_sc_hd__and2_1)
                  0.15    0.16 200000.20 ^ clkgen.delay_155ns_1.genblk1[0].bypass_enable/X (sky130_fd_sc_hd__and2_1)
     4    0.02                           clkgen.delay_155ns_1.genblk1[0].dly_binary.bypass_in (net)
                  0.15    0.00 200000.20 ^ clkgen.delay_155ns_1.genblk1[0].dly_binary.out_mux/S (sky130_fd_sc_hd__mux2_1)
                  0.06    0.23 200000.44 v clkgen.delay_155ns_1.genblk1[0].dly_binary.out_mux/X (sky130_fd_sc_hd__mux2_1)
     2    0.01                           clkgen.delay_155ns_1.genblk1[0].dly_binary.out (net)
                  0.06    0.00 200000.44 v clkgen.delay_155ns_1.genblk1[1].dly_binary.out_mux/A1 (sky130_fd_sc_hd__mux2_1)
                  0.06    0.19 200000.62 v clkgen.delay_155ns_1.genblk1[1].dly_binary.out_mux/X (sky130_fd_sc_hd__mux2_1)
     2    0.01                           clkgen.delay_155ns_1.genblk1[1].dly_binary.out (net)
                  0.06    0.00 200000.62 v clkgen.delay_155ns_1.genblk1[2].dly_binary.out_mux/A1 (sky130_fd_sc_hd__mux2_1)
                  0.07    0.20 200000.83 v clkgen.delay_155ns_1.genblk1[2].dly_binary.out_mux/X (sky130_fd_sc_hd__mux2_1)
     2    0.01                           clkgen.delay_155ns_1.genblk1[2].dly_binary.out (net)
                  0.07    0.00 200000.83 v clkgen.delay_155ns_1.genblk1[3].dly_binary.out_mux/A1 (sky130_fd_sc_hd__mux2_1)
                  0.07    0.22 200001.05 v clkgen.delay_155ns_1.genblk1[3].dly_binary.out_mux/X (sky130_fd_sc_hd__mux2_1)
     2    0.01                           clkgen.delay_155ns_1.genblk1[3].dly_binary.out (net)
                  0.07    0.00 200001.05 v clkgen.delay_155ns_1.genblk1[4].dly_binary.out_mux/A1 (sky130_fd_sc_hd__mux2_1)
                  0.07    0.20 200001.25 v clkgen.delay_155ns_1.genblk1[4].dly_binary.out_mux/X (sky130_fd_sc_hd__mux2_1)
     1    0.01                           clkgen.delay_155ns_1.genblk1[4].dly_binary.out (net)
                  0.07    0.00 200001.25 v clkgen.clkdig_inverter/A (sky130_fd_sc_hd__inv_2)
                  0.09    0.10 200001.36 ^ clkgen.clkdig_inverter/Y (sky130_fd_sc_hd__inv_2)
     6    0.02                           clkgen.clk_dig_out (net)
                  0.09    0.00 200001.36 ^ outbuf_1/A (sky130_fd_sc_hd__buf_4)
                  0.09    0.13 200001.48 ^ outbuf_1/X (sky130_fd_sc_hd__buf_4)
     1    0.03                           clk_dig_out (net)
                  0.09    0.00 200001.48 ^ clk_dig_out (out)
                               200001.48   data arrival time

                  0.00 999999.94 999999.94   clock __VIRTUAL_CLK__ (rise edge)
                          0.00 999999.94   clock network delay (ideal)
                         -0.25 999999.75   clock uncertainty
                          0.00 999999.75   clock reconvergence pessimism
                       -200000.00 799999.69   output external delay
                               799999.69   data required time
-----------------------------------------------------------------------------
                               799999.69   data required time
                               -200001.48   data arrival time
-----------------------------------------------------------------------------
                               599998.25   slack (MET)


Startpoint: nsample_n_in (input port clocked by __VIRTUAL_CLK__)
Endpoint: nsample_n_out (output port clocked by __VIRTUAL_CLK__)
Path Group: __VIRTUAL_CLK__
Path Type: max
Corner: ff

Fanout     Cap    Slew   Delay    Time   Description
-----------------------------------------------------------------------------
                  0.00    0.00    0.00   clock __VIRTUAL_CLK__ (rise edge)
                          0.00    0.00   clock network delay (ideal)
                       200000.00 200000.00 ^ input external delay
                  0.02    0.01 200000.02 ^ nsample_n_in (in)
     2    0.00                           nsample_n_in (net)
                  0.02    0.00 200000.02 ^ sampledly04/A (sky130_fd_sc_hd__dlymetal6s6s_1)
                  0.02    0.16 200000.17 ^ sampledly04/X (sky130_fd_sc_hd__dlymetal6s6s_1)
     1    0.00                           nsample_n_1 (net)
                  0.02    0.00 200000.17 ^ sampledly14/A (sky130_fd_sc_hd__dlymetal6s6s_1)
                  0.03    0.16 200000.33 ^ sampledly14/X (sky130_fd_sc_hd__dlymetal6s6s_1)
     1    0.00                           nsample_n_2 (net)
                  0.03    0.00 200000.33 ^ sampledly24/A (sky130_fd_sc_hd__dlymetal6s6s_1)
                  0.02    0.16 200000.50 ^ sampledly24/X (sky130_fd_sc_hd__dlymetal6s6s_1)
     1    0.00                           nsample_n_3 (net)
                  0.02    0.00 200000.50 ^ sampledly34/A (sky130_fd_sc_hd__dlymetal6s6s_1)
                  0.03    0.16 200000.66 ^ sampledly34/X (sky130_fd_sc_hd__dlymetal6s6s_1)
     1    0.00                           nsample_n_4 (net)
                  0.03    0.00 200000.66 ^ outbuf_6/A (sky130_fd_sc_hd__buf_4)
                  0.08    0.12 200000.77 ^ outbuf_6/X (sky130_fd_sc_hd__buf_4)
     1    0.03                           nsample_n_out (net)
                  0.08    0.00 200000.77 ^ nsample_n_out (out)
                               200000.77   data arrival time

                  0.00 999999.94 999999.94   clock __VIRTUAL_CLK__ (rise edge)
                          0.00 999999.94   clock network delay (ideal)
                         -0.25 999999.75   clock uncertainty
                          0.00 999999.75   clock reconvergence pessimism
                       -200000.00 799999.69   output external delay
                               799999.69   data required time
-----------------------------------------------------------------------------
                               799999.69   data required time
                               -200000.77   data arrival time
-----------------------------------------------------------------------------
                               599998.94   slack (MET)


Startpoint: nsample_p_in (input port clocked by __VIRTUAL_CLK__)
Endpoint: nsample_p_out (output port clocked by __VIRTUAL_CLK__)
Path Group: __VIRTUAL_CLK__
Path Type: max
Corner: ff

Fanout     Cap    Slew   Delay    Time   Description
-----------------------------------------------------------------------------
                  0.00    0.00    0.00   clock __VIRTUAL_CLK__ (rise edge)
                          0.00    0.00   clock network delay (ideal)
                       200000.00 200000.00 ^ input external delay
                  0.04    0.03 200000.03 ^ nsample_p_in (in)
     2    0.01                           nsample_p_in (net)
                  0.04    0.00 200000.03 ^ sampledly03/A (sky130_fd_sc_hd__dlymetal6s6s_1)
                  0.02    0.16 200000.19 ^ sampledly03/X (sky130_fd_sc_hd__dlymetal6s6s_1)
     1    0.00                           nsample_p_1 (net)
                  0.02    0.00 200000.19 ^ sampledly13/A (sky130_fd_sc_hd__dlymetal6s6s_1)
                  0.03    0.16 200000.34 ^ sampledly13/X (sky130_fd_sc_hd__dlymetal6s6s_1)
     1    0.00                           nsample_p_2 (net)
                  0.03    0.00 200000.34 ^ sampledly23/A (sky130_fd_sc_hd__dlymetal6s6s_1)
                  0.02    0.16 200000.52 ^ sampledly23/X (sky130_fd_sc_hd__dlymetal6s6s_1)
     1    0.00                           nsample_p_3 (net)
                  0.02    0.00 200000.52 ^ sampledly33/A (sky130_fd_sc_hd__dlymetal6s6s_1)
                  0.03    0.17 200000.69 ^ sampledly33/X (sky130_fd_sc_hd__dlymetal6s6s_1)
     1    0.00                           nsample_p_4 (net)
                  0.03    0.00 200000.69 ^ outbuf_5/A (sky130_fd_sc_hd__buf_4)
                  0.08    0.12 200000.80 ^ outbuf_5/X (sky130_fd_sc_hd__buf_4)
     1    0.03                           nsample_p_out (net)
                  0.08    0.00 200000.80 ^ nsample_p_out (out)
                               200000.80   data arrival time

                  0.00 999999.94 999999.94   clock __VIRTUAL_CLK__ (rise edge)
                          0.00 999999.94   clock network delay (ideal)
                         -0.25 999999.75   clock uncertainty
                          0.00 999999.75   clock reconvergence pessimism
                       -200000.00 799999.69   output external delay
                               799999.69   data required time
-----------------------------------------------------------------------------
                               799999.69   data required time
                               -200000.80   data arrival time
-----------------------------------------------------------------------------
                               599998.88   slack (MET)


Startpoint: sample_n_in (input port clocked by __VIRTUAL_CLK__)
Endpoint: sample_n_out (output port clocked by __VIRTUAL_CLK__)
Path Group: __VIRTUAL_CLK__
Path Type: max
Corner: ff

Fanout     Cap    Slew   Delay    Time   Description
-----------------------------------------------------------------------------
                  0.00    0.00    0.00   clock __VIRTUAL_CLK__ (rise edge)
                          0.00    0.00   clock network delay (ideal)
                       200000.00 200000.00 ^ input external delay
                  0.05    0.03 200000.03 ^ sample_n_in (in)
     2    0.01                           sample_n_in (net)
                  0.05    0.00 200000.03 ^ sampledly02/A (sky130_fd_sc_hd__dlymetal6s6s_1)
                  0.04    0.19 200000.22 ^ sampledly02/X (sky130_fd_sc_hd__dlymetal6s6s_1)
     1    0.00                           sample_n_1 (net)
                  0.04    0.00 200000.22 ^ sampledly12/A (sky130_fd_sc_hd__dlymetal6s6s_1)
                  0.05    0.19 200000.41 ^ sampledly12/X (sky130_fd_sc_hd__dlymetal6s6s_1)
     1    0.01                           sample_n_2 (net)
                  0.05    0.00 200000.41 ^ sampledly22/A (sky130_fd_sc_hd__dlymetal6s6s_1)
                  0.04    0.17 200000.58 ^ sampledly22/X (sky130_fd_sc_hd__dlymetal6s6s_1)
     1    0.00                           sample_n_3 (net)
                  0.04    0.00 200000.58 ^ sampledly32/A (sky130_fd_sc_hd__dlymetal6s6s_1)
                  0.04    0.17 200000.75 ^ sampledly32/X (sky130_fd_sc_hd__dlymetal6s6s_1)
     1    0.00                           sample_n_4 (net)
                  0.04    0.00 200000.75 ^ outbuf_4/A (sky130_fd_sc_hd__buf_4)
                  0.08    0.12 200000.88 ^ outbuf_4/X (sky130_fd_sc_hd__buf_4)
     1    0.03                           sample_n_out (net)
                  0.08    0.00 200000.88 ^ sample_n_out (out)
                               200000.88   data arrival time

                  0.00 999999.94 999999.94   clock __VIRTUAL_CLK__ (rise edge)
                          0.00 999999.94   clock network delay (ideal)
                         -0.25 999999.75   clock uncertainty
                          0.00 999999.75   clock reconvergence pessimism
                       -200000.00 799999.69   output external delay
                               799999.69   data required time
-----------------------------------------------------------------------------
                               799999.69   data required time
                               -200000.88   data arrival time
-----------------------------------------------------------------------------
                               599998.81   slack (MET)


Startpoint: sample_p_in (input port clocked by __VIRTUAL_CLK__)
Endpoint: sample_p_out (output port clocked by __VIRTUAL_CLK__)
Path Group: __VIRTUAL_CLK__
Path Type: max
Corner: ff

Fanout     Cap    Slew   Delay    Time   Description
-----------------------------------------------------------------------------
                  0.00    0.00    0.00   clock __VIRTUAL_CLK__ (rise edge)
                          0.00    0.00   clock network delay (ideal)
                       200000.00 200000.00 ^ input external delay
                  0.07    0.04 200000.05 ^ sample_p_in (in)
     2    0.02                           sample_p_in (net)
                  0.07    0.00 200000.05 ^ sampledly01/A (sky130_fd_sc_hd__dlymetal6s6s_1)
                  0.03    0.17 200000.22 ^ sampledly01/X (sky130_fd_sc_hd__dlymetal6s6s_1)
     1    0.00                           sample_p_1 (net)
                  0.03    0.00 200000.22 ^ sampledly11/A (sky130_fd_sc_hd__dlymetal6s6s_1)
                  0.06    0.19 200000.41 ^ sampledly11/X (sky130_fd_sc_hd__dlymetal6s6s_1)
     1    0.01                           sample_p_2 (net)
                  0.06    0.00 200000.41 ^ sampledly21/A (sky130_fd_sc_hd__dlymetal6s6s_1)
                  0.04    0.17 200000.58 ^ sampledly21/X (sky130_fd_sc_hd__dlymetal6s6s_1)
     1    0.00                           sample_p_3 (net)
                  0.04    0.00 200000.58 ^ sampledly31/A (sky130_fd_sc_hd__dlymetal6s6s_1)
                  0.03    0.17 200000.75 ^ sampledly31/X (sky130_fd_sc_hd__dlymetal6s6s_1)
     1    0.00                           sample_p_4 (net)
                  0.03    0.00 200000.75 ^ outbuf_3/A (sky130_fd_sc_hd__buf_4)
                  0.08    0.12 200000.88 ^ outbuf_3/X (sky130_fd_sc_hd__buf_4)
     1    0.03                           sample_p_out (net)
                  0.08    0.00 200000.88 ^ sample_p_out (out)
                               200000.88   data arrival time

                  0.00 999999.94 999999.94   clock __VIRTUAL_CLK__ (rise edge)
                          0.00 999999.94   clock network delay (ideal)
                         -0.25 999999.75   clock uncertainty
                          0.00 999999.75   clock reconvergence pessimism
                       -200000.00 799999.69   output external delay
                               799999.69   data required time
-----------------------------------------------------------------------------
                               799999.69   data required time
                               -200000.88   data arrival time
-----------------------------------------------------------------------------
                               599998.81   slack (MET)


