Instance name,  X location,  Y location,  Voltage 
FILLER_20_275, 137.52, 59.84, 1.8
sampledly23, 137.52, 59.84, 1.8
FILLER_18_274, 137.52, 54.4, 1.8
FILLER_18_280, 137.52, 54.4, 1.8
FILLER_19_276, 137.52, 54.4, 1.8
FILLER_20_292, 137.52, 54.4, 1.8
edgedetect.dly_315ns_1.genblk1\[5\].dly_binary.genblk1\[27\].delay_unit, 137.52, 54.4, 1.8
edgedetect.dly_315ns_1.genblk1\[5\].dly_binary.genblk1\[28\].delay_unit, 137.52, 54.4, 1.8
FILLER_16_274, 137.52, 48.96, 1.8
FILLER_17_276, 137.52, 48.96, 1.8
edgedetect.dly_315ns_1.genblk1\[5\].dly_binary.genblk1\[25\].delay_unit, 137.52, 48.96, 1.8
edgedetect.dly_315ns_1.genblk1\[5\].dly_binary.genblk1\[26\].delay_unit, 137.52, 48.96, 1.8
FILLER_14_274, 137.52, 43.52, 1.8
FILLER_15_276, 137.52, 43.52, 1.8
edgedetect.dly_315ns_1.genblk1\[5\].dly_binary.genblk1\[29\].delay_unit, 137.52, 43.52, 1.8
edgedetect.dly_315ns_1.genblk1\[5\].dly_binary.genblk1\[30\].delay_unit, 137.52, 43.52, 1.8
ANTENNA_edgedetect.dly_315ns_1.genblk1\[1\].dly_binary.and_bypass_switch_A_N, 137.52, 38.08, 1.8
FILLER_12_284, 137.52, 38.08, 1.8
FILLER_13_276, 137.52, 38.08, 1.8
clkgen.delay_155ns_3.genblk1\[4\].dly_binary.genblk1\[15\].delay_unit, 137.52, 38.08, 1.8
FILLER_10_274, 137.52, 32.64, 1.8
FILLER_11_276, 137.52, 32.64, 1.8
clkgen.delay_155ns_2.genblk1\[4\].dly_binary.genblk1\[12\].delay_unit, 137.52, 32.64, 1.8
clkgen.delay_155ns_2.genblk1\[4\].dly_binary.genblk1\[14\].delay_unit, 137.52, 32.64, 1.8
edgedetect.dly_315ns_1.genblk1\[5\].dly_binary.genblk1\[31\].delay_unit, 137.52, 32.64, 1.8
ANTENNA_clkgen.delay_155ns_2.genblk1\[3\].control_invert_A, 137.52, 27.2, 1.8
ANTENNA_clkgen.delay_155ns_3.genblk1\[3\].control_invert_A, 137.52, 27.2, 1.8
FILLER_8_284, 137.52, 27.2, 1.8
FILLER_9_276, 137.52, 27.2, 1.8
clkgen.delay_155ns_2.genblk1\[4\].dly_binary.genblk1\[13\].delay_unit, 137.52, 27.2, 1.8
FILLER_6_275, 137.52, 21.76, 1.8
FILLER_7_276, 137.52, 21.76, 1.8
clkgen.delay_155ns_2.genblk1\[4\].dly_binary.genblk1\[15\].delay_unit, 137.52, 21.76, 1.8
clkgen.delay_155ns_3.genblk1\[4\].dly_binary.genblk1\[11\].delay_unit, 137.52, 21.76, 1.8
clkgen.delay_155ns_3.genblk1\[4\].dly_binary.genblk1\[12\].delay_unit, 137.52, 21.76, 1.8
ANTENNA_edgedetect.dly_315ns_1.genblk1\[5\].control_invert_A, 137.52, 16.32, 1.8
FILLER_4_274, 137.52, 16.32, 1.8
FILLER_4_284, 137.52, 16.32, 1.8
FILLER_5_276, 137.52, 16.32, 1.8
clkgen.delay_155ns_3.genblk1\[4\].dly_binary.genblk1\[13\].delay_unit, 137.52, 16.32, 1.8
ANTENNA_clkgen.delay_155ns_2.genblk1\[2\].dly_binary.out_mux_S, 137.52, 10.88, 1.8
ANTENNA_clkgen.delay_155ns_2.genblk1\[4\].dly_binary.out_mux_A0, 137.52, 10.88, 1.8
ANTENNA_edgedetect.dly_315ns_1.genblk1\[0\].dly_binary.and_bypass_switch_A_N, 137.52, 10.88, 1.8
ANTENNA_edgedetect.dly_315ns_1.genblk1\[0\].dly_binary.out_mux_A1, 137.52, 10.88, 1.8
ANTENNA_edgedetect.dly_315ns_1.genblk1\[5\].dly_binary.and_bypass_switch_A_N, 137.52, 10.88, 1.8
FILLER_2_276, 137.52, 10.88, 1.8
FILLER_2_284, 137.52, 10.88, 1.8
FILLER_3_276, 137.52, 10.88, 1.8
FILLER_3_282, 137.52, 10.88, 1.8
FILLER_3_288, 137.52, 10.88, 1.8
FILLER_3_294, 137.52, 10.88, 1.8
clkgen.delay_155ns_3.genblk1\[4\].dly_binary.genblk1\[14\].delay_unit, 137.52, 10.88, 1.8
ANTENNA_clkgen.delay_155ns_1.genblk1\[0\].dly_binary.out_mux_S, 137.52, 5.44, 1.8
ANTENNA_clkgen.delay_155ns_2.genblk1\[2\].dly_binary.and_bypass_switch_A_N, 137.52, 5.44, 1.8
ANTENNA_edgedetect.dly_315ns_1.genblk1\[0\].dly_binary.and_bypass_switch_B, 137.52, 5.44, 1.8
ANTENNA_edgedetect.dly_315ns_1.genblk1\[1\].dly_binary.out_mux_S, 137.52, 5.44, 1.8
ANTENNA_edgedetect.dly_315ns_1.genblk1\[2\].dly_binary.out_mux_S, 137.52, 5.44, 1.8
ANTENNA_edgedetect.dly_315ns_1.genblk1\[3\].dly_binary.out_mux_S, 137.52, 5.44, 1.8
ANTENNA_inbuf_3_A, 137.52, 5.44, 1.8
FILLER_0_275, 137.52, 5.44, 1.8
FILLER_0_288, 137.52, 5.44, 1.8
FILLER_0_294, 137.52, 5.44, 1.8
FILLER_1_277, 137.52, 5.44, 1.8
FILLER_1_283, 137.52, 5.44, 1.8
FILLER_1_289, 137.52, 5.44, 1.8
FILLER_1_295, 137.52, 5.44, 1.8
FILLER_2_290, 137.52, 5.44, 1.8
outbuf_6, 137.52, 5.44, 1.8
FILLER_17_243, 113.52, 48.96, 1.8
FILLER_18_245, 113.52, 48.96, 1.8
FILLER_15_229, 113.52, 43.52, 1.8
FILLER_15_238, 113.52, 43.52, 1.8
FILLER_15_245, 113.52, 43.52, 1.8
FILLER_16_245, 113.52, 43.52, 1.8
edgedetect.dly_315ns_1.genblk1\[0\].control_invert, 113.52, 43.52, 1.8
edgedetect.dly_315ns_1.genblk1\[3\].bypass_enable, 113.52, 43.52, 1.8
edgedetect.dly_315ns_1.genblk1\[4\].bypass_enable, 113.52, 43.52, 1.8
FILLER_14_245, 113.52, 38.08, 1.8
FILLER_11_227, 113.52, 32.64, 1.8
FILLER_11_234, 113.52, 32.64, 1.8
FILLER_11_241, 113.52, 32.64, 1.8
FILLER_12_245, 113.52, 32.64, 1.8
clkgen.delay_155ns_3.genblk1\[3\].bypass_enable, 113.52, 32.64, 1.8
clkgen.delay_155ns_3.genblk1\[3\].control_invert, 113.52, 32.64, 1.8
clkgen.delay_155ns_3.genblk1\[4\].control_invert, 113.52, 32.64, 1.8
FILLER_10_245, 113.52, 27.2, 1.8
FILLER_8_223, 113.52, 27.2, 1.8
FILLER_9_245, 113.52, 27.2, 1.8
clkgen.delay_155ns_3.genblk1\[4\].dly_binary.genblk1\[8\].delay_unit, 113.52, 27.2, 1.8
FILLER_7_243, 113.52, 21.76, 1.8
FILLER_5_244, 113.52, 16.32, 1.8
FILLER_6_245, 113.52, 16.32, 1.8
ANTENNA_clkgen.delay_155ns_1.genblk1\[4\].dly_binary.and_bypass_switch_A_N, 113.52, 10.88, 1.8
ANTENNA_clkgen.delay_155ns_2.enablebuffer_A, 113.52, 10.88, 1.8
ANTENNA_clkgen.delay_155ns_3.enablebuffer_A, 113.52, 10.88, 1.8
ANTENNA_clkgen.delay_155ns_3.genblk1\[2\].control_invert_A, 113.52, 10.88, 1.8
ANTENNA_edgedetect.dly_315ns_1.genblk1\[3\].bypass_enable_A, 113.52, 10.88, 1.8
ANTENNA_edgedetect.dly_315ns_1.genblk1\[4\].bypass_enable_A, 113.52, 10.88, 1.8
FILLER_2_222, 113.52, 10.88, 1.8
FILLER_2_228, 113.52, 10.88, 1.8
FILLER_2_234, 113.52, 10.88, 1.8
FILLER_3_225, 113.52, 10.88, 1.8
FILLER_3_231, 113.52, 10.88, 1.8
FILLER_3_237, 113.52, 10.88, 1.8
FILLER_3_243, 113.52, 10.88, 1.8
FILLER_4_245, 113.52, 10.88, 1.8
ANTENNA_clkgen.delay_155ns_1.genblk1\[3\].control_invert_A, 113.52, 5.44, 1.8
ANTENNA_clkgen.delay_155ns_1.genblk1\[4\].control_invert_A, 113.52, 5.44, 1.8
ANTENNA_clkgen.delay_155ns_2.genblk1\[1\].control_invert_A, 113.52, 5.44, 1.8
ANTENNA_edgedetect.dly_315ns_1.genblk1\[0\].control_invert_A, 113.52, 5.44, 1.8
ANTENNA_inbuf_1_A, 113.52, 5.44, 1.8
ANTENNA_outbuf_1_A, 113.52, 5.44, 1.8
FILLER_0_230, 113.52, 5.44, 1.8
FILLER_0_244, 113.52, 5.44, 1.8
FILLER_1_224, 113.52, 5.44, 1.8
FILLER_1_230, 113.52, 5.44, 1.8
FILLER_1_236, 113.52, 5.44, 1.8
FILLER_1_242, 113.52, 5.44, 1.8
FILLER_2_240, 113.52, 5.44, 1.8
FILLER_2_246, 113.52, 5.44, 1.8
sampledly14, 113.52, 5.44, 1.8
FILLER_19_174, 89.52, 54.4, 1.8
FILLER_19_183, 89.52, 54.4, 1.8
FILLER_19_187, 89.52, 54.4, 1.8
edgedetect.dly_315ns_1.genblk1\[0\].bypass_enable, 89.52, 54.4, 1.8
edgedetect.dly_315ns_1.genblk1\[4\].dly_binary.genblk1\[8\].delay_unit, 89.52, 54.4, 1.8
edgedetect.dly_315ns_1.genblk1\[4\].dly_binary.genblk1\[9\].delay_unit, 89.52, 54.4, 1.8
edgedetect.dly_315ns_1.genblk1\[5\].dly_binary.genblk1\[21\].delay_unit, 89.52, 54.4, 1.8
FILLER_17_182, 89.52, 48.96, 1.8
edgedetect.dly_315ns_1.genblk1\[5\].dly_binary.genblk1\[20\].delay_unit, 89.52, 48.96, 1.8
ANTENNA_inbuf_2_A, 89.52, 43.52, 1.8
FILLER_15_183, 89.52, 43.52, 1.8
FILLER_15_191, 89.52, 43.52, 1.8
FILLER_16_194, 89.52, 43.52, 1.8
edgedetect.dly_315ns_1.genblk1\[5\].dly_binary.genblk1\[10\].delay_unit, 89.52, 43.52, 1.8
edgedetect.dly_315ns_1.genblk1\[5\].dly_binary.genblk1\[12\].delay_unit, 89.52, 43.52, 1.8
FILLER_12_174, 89.52, 38.08, 1.8
FILLER_13_172, 89.52, 38.08, 1.8
FILLER_13_181, 89.52, 38.08, 1.8
FILLER_14_195, 89.52, 38.08, 1.8
clkgen.delay_155ns_3.genblk1\[3\].dly_binary.genblk1\[3\].delay_unit, 89.52, 38.08, 1.8
edgedetect.dly_315ns_1.genblk1\[5\].dly_binary.genblk1\[11\].delay_unit, 89.52, 38.08, 1.8
edgedetect.or1, 89.52, 38.08, 1.8
inbuf_2, 89.52, 38.08, 1.8
FILLER_10_171, 89.52, 32.64, 1.8
FILLER_11_187, 89.52, 32.64, 1.8
clkgen.delay_155ns_2.genblk1\[4\].dly_binary.genblk1\[6\].delay_unit, 89.52, 32.64, 1.8
clkgen.delay_155ns_3.genblk1\[3\].dly_binary.genblk1\[4\].delay_unit, 89.52, 32.64, 1.8
FILLER_9_187, 89.52, 27.2, 1.8
clkgen.delay_155ns_2.genblk1\[4\].dly_binary.genblk1\[7\].delay_unit, 89.52, 27.2, 1.8
clkgen.delay_155ns_3.genblk1\[4\].dly_binary.genblk1\[3\].delay_unit, 89.52, 27.2, 1.8
FILLER_7_183, 89.52, 21.76, 1.8
clkgen.delay_155ns_3.genblk1\[4\].dly_binary.genblk1\[4\].delay_unit, 89.52, 21.76, 1.8
FILLER_4_174, 89.52, 16.32, 1.8
FILLER_5_175, 89.52, 16.32, 1.8
FILLER_5_187, 89.52, 16.32, 1.8
FILLER_6_183, 89.52, 16.32, 1.8
clkgen.delay_155ns_1.genblk1\[4\].dly_binary.genblk1\[10\].delay_unit, 89.52, 16.32, 1.8
clkgen.delay_155ns_1.genblk1\[4\].dly_binary.genblk1\[9\].delay_unit, 89.52, 16.32, 1.8
clkgen.delay_155ns_2.genblk1\[3\].bypass_enable, 89.52, 16.32, 1.8
clkgen.delay_155ns_3.genblk1\[4\].dly_binary.genblk1\[5\].delay_unit, 89.52, 16.32, 1.8
FILLER_3_179, 89.52, 10.88, 1.8
FILLER_3_194, 89.52, 10.88, 1.8
clkgen.delay_155ns_2.genblk1\[1\].bypass_enable, 89.52, 10.88, 1.8
FILLER_0_173, 89.52, 5.44, 1.8
FILLER_0_182, 89.52, 5.44, 1.8
FILLER_0_192, 89.52, 5.44, 1.8
FILLER_1_176, 89.52, 5.44, 1.8
FILLER_1_183, 89.52, 5.44, 1.8
FILLER_1_192, 89.52, 5.44, 1.8
FILLER_2_191, 89.52, 5.44, 1.8
clkgen.clkdig_inverter, 89.52, 5.44, 1.8
clkgen.delay_155ns_1.enablebuffer, 89.52, 5.44, 1.8
clkgen.delay_155ns_1.genblk1\[2\].bypass_enable, 89.52, 5.44, 1.8
clkgen.delay_155ns_1.genblk1\[3\].bypass_enable, 89.52, 5.44, 1.8
clkgen.delay_155ns_2.genblk1\[1\].control_invert, 89.52, 5.44, 1.8
clkgen.delay_155ns_2.genblk1\[2\].control_invert, 89.52, 5.44, 1.8
FILLER_20_121, 65.52, 59.84, 1.8
FILLER_20_125, 65.52, 59.84, 1.8
edgedetect.dly_315ns_1.genblk1\[4\].dly_binary.genblk1\[5\].delay_unit, 65.52, 59.84, 1.8
FILLER_18_124, 65.52, 54.4, 1.8
FILLER_19_137, 65.52, 54.4, 1.8
clkgen.delay_155ns_3.genblk1\[1\].control_invert, 65.52, 54.4, 1.8
edgedetect.dly_315ns_1.genblk1\[4\].dly_binary.genblk1\[6\].delay_unit, 65.52, 54.4, 1.8
sampledly21, 65.52, 54.4, 1.8
FILLER_17_125, 65.52, 48.96, 1.8
edgedetect.dly_315ns_1.genblk1\[4\].dly_binary.genblk1\[4\].delay_unit, 65.52, 48.96, 1.8
edgedetect.dly_315ns_1.genblk1\[5\].dly_binary.genblk1\[6\].delay_unit, 65.52, 48.96, 1.8
FILLER_14_122, 65.52, 43.52, 1.8
FILLER_15_125, 65.52, 43.52, 1.8
edgedetect.dly_315ns_1.genblk1\[5\].dly_binary.genblk1\[7\].delay_unit, 65.52, 43.52, 1.8
edgedetect.dly_315ns_1.genblk1\[5\].dly_binary.genblk1\[8\].delay_unit, 65.52, 43.52, 1.8
FILLER_12_124, 65.52, 38.08, 1.8
FILLER_13_125, 65.52, 38.08, 1.8
FILLER_13_141, 65.52, 38.08, 1.8
clkgen.delay_155ns_3.genblk1\[3\].dly_binary.genblk1\[0\].delay_unit, 65.52, 38.08, 1.8
clkgen.delay_155ns_3.genblk1\[3\].dly_binary.out_mux, 65.52, 38.08, 1.8
FILLER_10_124, 65.52, 32.64, 1.8
clkgen.delay_155ns_2.genblk1\[4\].dly_binary.genblk1\[3\].delay_unit, 65.52, 32.64, 1.8
clkgen.delay_155ns_2.genblk1\[4\].dly_binary.genblk1\[4\].delay_unit, 65.52, 32.64, 1.8
FILLER_8_124, 65.52, 27.2, 1.8
FILLER_9_125, 65.52, 27.2, 1.8
clkgen.delay_155ns_3.genblk1\[4\].dly_binary.genblk1\[0\].delay_unit, 65.52, 27.2, 1.8
clkgen.delay_155ns_3.genblk1\[4\].dly_binary.genblk1\[1\].delay_unit, 65.52, 27.2, 1.8
FILLER_6_124, 65.52, 21.76, 1.8
FILLER_7_120, 65.52, 21.76, 1.8
FILLER_7_125, 65.52, 21.76, 1.8
clkgen.delay_155ns_2.genblk1\[3\].dly_binary.genblk1\[4\].delay_unit, 65.52, 21.76, 1.8
clkgen.delay_155ns_2.genblk1\[3\].dly_binary.genblk1\[5\].delay_unit, 65.52, 21.76, 1.8
FILLER_5_120, 65.52, 16.32, 1.8
FILLER_5_133, 65.52, 16.32, 1.8
FILLER_5_143, 65.52, 16.32, 1.8
clkgen.delay_155ns_2.enablebuffer, 65.52, 16.32, 1.8
clkgen.delay_155ns_3.enablebuffer, 65.52, 16.32, 1.8
FILLER_2_124, 65.52, 10.88, 1.8
FILLER_3_133, 65.52, 10.88, 1.8
FILLER_3_143, 65.52, 10.88, 1.8
FILLER_4_142, 65.52, 10.88, 1.8
clkgen.delay_155ns_1.genblk1\[2\].dly_binary.and_bypass_switch, 65.52, 10.88, 1.8
clkgen.delay_155ns_1.genblk1\[4\].dly_binary.genblk1\[5\].delay_unit, 65.52, 10.88, 1.8
outbuf_4, 65.52, 10.88, 1.8
FILLER_0_121, 65.52, 5.44, 1.8
FILLER_1_137, 65.52, 5.44, 1.8
clkgen.delay_155ns_1.genblk1\[3\].dly_binary.genblk1\[1\].delay_unit, 65.52, 5.44, 1.8
clkgen.delay_155ns_1.genblk1\[4\].dly_binary.genblk1\[6\].delay_unit, 65.52, 5.44, 1.8
sampledly22, 65.52, 5.44, 1.8
FILLER_20_90, 41.52, 54.4, 1.8
edgedetect.dly_315ns_1.genblk1\[2\].dly_binary.genblk1\[2\].delay_unit, 41.52, 54.4, 1.8
edgedetect.dly_315ns_1.genblk1\[3\].dly_binary.genblk1\[5\].delay_unit, 41.52, 54.4, 1.8
edgedetect.dly_315ns_1.genblk1\[2\].dly_binary.genblk1\[3\].delay_unit, 41.52, 48.96, 1.8
edgedetect.dly_315ns_1.genblk1\[4\].dly_binary.genblk1\[1\].delay_unit, 41.52, 48.96, 1.8
edgedetect.dly_315ns_1.genblk1\[5\].dly_binary.genblk1\[2\].delay_unit, 41.52, 43.52, 1.8
edgedetect.dly_315ns_1.genblk1\[5\].dly_binary.genblk1\[3\].delay_unit, 41.52, 43.52, 1.8
FILLER_13_76, 41.52, 38.08, 1.8
clkgen.delay_155ns_3.genblk1\[2\].dly_binary.and_bypass_switch, 41.52, 38.08, 1.8
clkgen.delay_155ns_3.genblk1\[2\].dly_binary.genblk1\[0\].delay_unit, 41.52, 38.08, 1.8
clkgen.delay_155ns_3.genblk1\[2\].dly_binary.genblk1\[1\].delay_unit, 41.52, 38.08, 1.8
FILLER_11_74, 41.52, 32.64, 1.8
FILLER_11_84, 41.52, 32.64, 1.8
clkgen.delay_155ns_2.genblk1\[3\].dly_binary.and_bypass_switch, 41.52, 32.64, 1.8
clkgen.nor1, 41.52, 32.64, 1.8
FILLER_10_87, 41.52, 27.2, 1.8
FILLER_9_74, 41.52, 27.2, 1.8
clkgen.delay_155ns_2.genblk1\[2\].dly_binary.genblk1\[1\].delay_unit, 41.52, 27.2, 1.8
clkgen.delay_155ns_2.genblk1\[4\].dly_binary.genblk1\[1\].delay_unit, 41.52, 27.2, 1.8
FILLER_7_90, 41.52, 21.76, 1.8
FILLER_5_77, 41.52, 16.32, 1.8
FILLER_6_90, 41.52, 16.32, 1.8
clkgen.delay_155ns_1.genblk1\[2\].dly_binary.genblk1\[1\].delay_unit, 41.52, 16.32, 1.8
clkgen.delay_155ns_2.genblk1\[3\].dly_binary.genblk1\[1\].delay_unit, 41.52, 16.32, 1.8
sampledly12, 41.52, 16.32, 1.8
clkgen.delay_155ns_1.genblk1\[1\].dly_binary.genblk1\[1\].delay_unit, 41.52, 10.88, 1.8
clkgen.delay_155ns_1.genblk1\[3\].dly_binary.genblk1\[7\].delay_unit, 41.52, 10.88, 1.8
FILLER_0_90, 41.52, 5.44, 1.8
clkgen.delay_155ns_1.genblk1\[4\].dly_binary.genblk1\[2\].delay_unit, 41.52, 5.44, 1.8
FILLER_20_15, 17.52, 59.84, 1.8
sampledly01, 17.52, 59.84, 1.8
FILLER_18_15, 17.52, 54.4, 1.8
FILLER_19_31, 17.52, 54.4, 1.8
edgedetect.dly_315ns_1.genblk1\[3\].dly_binary.genblk1\[2\].delay_unit, 17.52, 54.4, 1.8
edgedetect.dly_315ns_1.genblk1\[3\].dly_binary.genblk1\[4\].delay_unit, 17.52, 54.4, 1.8
sampledly11, 17.52, 54.4, 1.8
FILLER_16_16, 17.52, 48.96, 1.8
FILLER_17_31, 17.52, 48.96, 1.8
FILLER_18_32, 17.52, 48.96, 1.8
edgedetect.dly_315ns_1.genblk1\[2\].dly_binary.genblk1\[1\].delay_unit, 17.52, 48.96, 1.8
edgedetect.dly_315ns_1.genblk1\[3\].dly_binary.genblk1\[3\].delay_unit, 17.52, 48.96, 1.8
edgedetect.dly_315ns_1.genblk1\[4\].dly_binary.out_mux, 17.52, 48.96, 1.8
FILLER_14_16, 17.52, 43.52, 1.8
FILLER_15_31, 17.52, 43.52, 1.8
edgedetect.dly_315ns_1.genblk1\[0\].dly_binary.out_mux, 17.52, 43.52, 1.8
edgedetect.dly_315ns_1.genblk1\[2\].dly_binary.genblk1\[0\].delay_unit, 17.52, 43.52, 1.8
edgedetect.dly_315ns_1.genblk1\[5\].dly_binary.genblk1\[0\].delay_unit, 17.52, 43.52, 1.8
FILLER_12_19, 17.52, 38.08, 1.8
FILLER_13_36, 17.52, 38.08, 1.8
FILLER_14_32, 17.52, 38.08, 1.8
clkgen.delay_155ns_3.genblk1\[0\].dly_binary.and_bypass_switch, 17.52, 38.08, 1.8
edgedetect.dly_315ns_1.genblk1\[5\].dly_binary.genblk1\[1\].delay_unit, 17.52, 38.08, 1.8
FILLER_10_16, 17.52, 32.64, 1.8
FILLER_11_30, 17.52, 32.64, 1.8
FILLER_12_32, 17.52, 32.64, 1.8
clkgen.delay_155ns_2.genblk1\[1\].dly_binary.out_mux, 17.52, 32.64, 1.8
clkgen.delay_155ns_3.genblk1\[1\].dly_binary.genblk1\[0\].delay_unit, 17.52, 32.64, 1.8
clkgen.delay_155ns_3.genblk1\[1\].dly_binary.genblk1\[1\].delay_unit, 17.52, 32.64, 1.8
FILLER_8_16, 17.52, 27.2, 1.8
FILLER_9_31, 17.52, 27.2, 1.8
clkgen.delay_155ns_2.genblk1\[2\].dly_binary.out_mux, 17.52, 27.2, 1.8
clkgen.delay_155ns_2.genblk1\[4\].dly_binary.out_mux, 17.52, 27.2, 1.8
clkgen.delay_155ns_3.genblk1\[0\].dly_binary.genblk1\[0\].delay_unit, 17.52, 27.2, 1.8
FILLER_6_16, 17.52, 21.76, 1.8
FILLER_7_20, 17.52, 21.76, 1.8
clkgen.delay_155ns_1.genblk1\[0\].dly_binary.out_mux, 17.52, 21.76, 1.8
clkgen.delay_155ns_2.genblk1\[1\].dly_binary.genblk1\[0\].delay_unit, 17.52, 21.76, 1.8
clkgen.delay_155ns_2.genblk1\[1\].dly_binary.genblk1\[1\].delay_unit, 17.52, 21.76, 1.8
FILLER_4_16, 17.52, 16.32, 1.8
FILLER_5_31, 17.52, 16.32, 1.8
FILLER_6_32, 17.52, 16.32, 1.8
clkgen.delay_155ns_1.genblk1\[0\].dly_binary.genblk1\[0\].delay_unit, 17.52, 16.32, 1.8
clkgen.delay_155ns_1.genblk1\[1\].dly_binary.genblk1\[0\].delay_unit, 17.52, 16.32, 1.8
clkgen.delay_155ns_1.genblk1\[1\].dly_binary.out_mux, 17.52, 16.32, 1.8
FILLER_2_16, 17.52, 10.88, 1.8
FILLER_3_30, 17.52, 10.88, 1.8
FILLER_4_32, 17.52, 10.88, 1.8
clkgen.delay_155ns_1.genblk1\[2\].dly_binary.genblk1\[0\].delay_unit, 17.52, 10.88, 1.8
clkgen.delay_155ns_1.genblk1\[2\].dly_binary.out_mux, 17.52, 10.88, 1.8
clkgen.delay_155ns_1.genblk1\[4\].dly_binary.genblk1\[1\].delay_unit, 17.52, 10.88, 1.8
FILLER_0_15, 17.52, 5.44, 1.8
FILLER_0_32, 17.52, 5.44, 1.8
FILLER_1_31, 17.52, 5.44, 1.8
clkgen.delay_155ns_1.genblk1\[3\].dly_binary.genblk1\[4\].delay_unit, 17.52, 5.44, 1.8
clkgen.delay_155ns_1.genblk1\[3\].dly_binary.genblk1\[5\].delay_unit, 17.52, 5.44, 1.8
clkgen.delay_155ns_1.genblk1\[4\].dly_binary.genblk1\[0\].delay_unit, 17.52, 5.44, 1.8
sampledly02, 17.52, 5.44, 1.8
PHY_40, 5.52, 59.84, 1.8
FILLER_20_315, 154.1, 59.84, 1.8
PHY_41, 154.1, 59.84, 1.8
edgedetect.dly_315ns_1.genblk1\[3\].dly_binary.genblk1\[6\].delay_unit, 53.52, 59.84, 1.8
FILLER_20_156, 77.52, 59.84, 1.8
sampledly03, 125.52, 59.84, 1.8
sampledly33, 145.81, 59.84, 1.8
FILLER_19_3, 5.52, 54.4, 1.8
FILLER_20_3, 5.52, 54.4, 1.8
PHY_36, 5.52, 54.4, 1.8
PHY_38, 5.52, 54.4, 1.8
edgedetect.dly_315ns_1.genblk1\[3\].dly_binary.genblk1\[1\].delay_unit, 5.52, 54.4, 1.8
edgedetect.dly_315ns_1.genblk1\[4\].dly_binary.and_bypass_switch, 5.52, 54.4, 1.8
FILLER_18_316, 154.1, 54.4, 1.8
FILLER_19_315, 154.1, 54.4, 1.8
PHY_37, 154.1, 54.4, 1.8
PHY_39, 154.1, 54.4, 1.8
FILLER_19_63, 29.52, 54.4, 1.8
FILLER_20_59, 29.52, 54.4, 1.8
edgedetect.dly_315ns_1.genblk1\[4\].dly_binary.genblk1\[0\].delay_unit, 29.52, 54.4, 1.8
FILLER_18_94, 53.52, 54.4, 1.8
FILLER_19_93, 53.52, 54.4, 1.8
edgedetect.dly_315ns_1.genblk1\[3\].dly_binary.genblk1\[7\].delay_unit, 53.52, 54.4, 1.8
edgedetect.dly_315ns_1.genblk1\[4\].dly_binary.genblk1\[2\].delay_unit, 53.52, 54.4, 1.8
FILLER_19_144, 77.52, 54.4, 1.8
edgedetect.dly_315ns_1.genblk1\[4\].dly_binary.genblk1\[14\].delay_unit, 77.52, 54.4, 1.8
edgedetect.dly_315ns_1.genblk1\[4\].dly_binary.genblk1\[7\].delay_unit, 77.52, 54.4, 1.8
FILLER_18_197, 101.52, 54.4, 1.8
FILLER_18_206, 101.52, 54.4, 1.8
FILLER_19_217, 101.52, 54.4, 1.8
FILLER_20_214, 101.52, 54.4, 1.8
FILLER_20_218, 101.52, 54.4, 1.8
edgedetect.dly_315ns_1.genblk1\[4\].dly_binary.genblk1\[10\].delay_unit, 101.52, 54.4, 1.8
edgedetect.dly_315ns_1.genblk1\[5\].bypass_enable, 101.52, 54.4, 1.8
edgedetect.dly_315ns_1.genblk1\[5\].dly_binary.genblk1\[23\].delay_unit, 101.52, 54.4, 1.8
FILLER_20_261, 125.52, 54.4, 1.8
edgedetect.dly_315ns_1.genblk1\[4\].dly_binary.genblk1\[11\].delay_unit, 125.52, 54.4, 1.8
edgedetect.dly_315ns_1.genblk1\[4\].dly_binary.genblk1\[12\].delay_unit, 125.52, 54.4, 1.8
sampledly13, 125.52, 54.4, 1.8
ANTENNA_edgedetect.dly_315ns_1.genblk1\[0\].bypass_enable_A, 145.81, 54.4, 1.8
ANTENNA_edgedetect.dly_315ns_1.genblk1\[5\].bypass_enable_A, 145.81, 54.4, 1.8
FILLER_20_306, 145.81, 54.4, 1.8
FILLER_17_3, 5.52, 48.96, 1.8
FILLER_18_3, 5.52, 48.96, 1.8
PHY_32, 5.52, 48.96, 1.8
PHY_34, 5.52, 48.96, 1.8
edgedetect.dly_315ns_1.genblk1\[1\].dly_binary.genblk1\[0\].delay_unit, 5.52, 48.96, 1.8
edgedetect.dly_315ns_1.genblk1\[3\].dly_binary.out_mux, 5.52, 48.96, 1.8
FILLER_16_317, 154.1, 48.96, 1.8
FILLER_17_315, 154.1, 48.96, 1.8
PHY_33, 154.1, 48.96, 1.8
PHY_35, 154.1, 48.96, 1.8
FILLER_17_63, 29.52, 48.96, 1.8
FILLER_18_62, 29.52, 48.96, 1.8
FILLER_17_93, 53.52, 48.96, 1.8
edgedetect.dly_315ns_1.genblk1\[4\].dly_binary.genblk1\[3\].delay_unit, 53.52, 48.96, 1.8
sampledly31, 53.52, 48.96, 1.8
FILLER_16_148, 77.52, 48.96, 1.8
FILLER_17_153, 77.52, 48.96, 1.8
FILLER_18_164, 77.52, 48.96, 1.8
edgedetect.dly_315ns_1.genblk1\[3\].dly_binary.and_bypass_switch, 77.52, 48.96, 1.8
edgedetect.dly_315ns_1.genblk1\[4\].dly_binary.genblk1\[15\].delay_unit, 77.52, 48.96, 1.8
FILLER_16_203, 101.52, 48.96, 1.8
FILLER_17_214, 101.52, 48.96, 1.8
clkgen.delay_155ns_3.genblk1\[2\].bypass_enable, 101.52, 48.96, 1.8
edgedetect.dly_315ns_1.genblk1\[1\].bypass_enable, 101.52, 48.96, 1.8
edgedetect.dly_315ns_1.genblk1\[2\].bypass_enable, 101.52, 48.96, 1.8
edgedetect.dly_315ns_1.genblk1\[5\].dly_binary.genblk1\[18\].delay_unit, 101.52, 48.96, 1.8
edgedetect.dly_315ns_1.genblk1\[5\].dly_binary.genblk1\[22\].delay_unit, 101.52, 48.96, 1.8
edgedetect.dly_315ns_1.genblk1\[4\].dly_binary.genblk1\[13\].delay_unit, 125.52, 48.96, 1.8
edgedetect.dly_315ns_1.genblk1\[5\].dly_binary.genblk1\[24\].delay_unit, 125.52, 48.96, 1.8
ANTENNA_edgedetect.dly_315ns_1.genblk1\[3\].dly_binary.and_bypass_switch_A_N, 145.81, 48.96, 1.8
FILLER_17_305, 145.81, 48.96, 1.8
FILLER_18_309, 145.81, 48.96, 1.8
edgedetect.dly_315ns_1.genblk1\[3\].control_invert, 145.81, 48.96, 1.8
FILLER_15_3, 5.52, 43.52, 1.8
FILLER_16_3, 5.52, 43.52, 1.8
PHY_28, 5.52, 43.52, 1.8
PHY_30, 5.52, 43.52, 1.8
edgedetect.dly_315ns_1.genblk1\[1\].dly_binary.genblk1\[1\].delay_unit, 5.52, 43.52, 1.8
edgedetect.dly_315ns_1.genblk1\[2\].dly_binary.out_mux, 5.52, 43.52, 1.8
FILLER_15_315, 154.1, 43.52, 1.8
PHY_29, 154.1, 43.52, 1.8
PHY_31, 154.1, 43.52, 1.8
FILLER_15_63, 29.52, 43.52, 1.8
FILLER_16_59, 29.52, 43.52, 1.8
FILLER_14_94, 53.52, 43.52, 1.8
FILLER_15_93, 53.52, 43.52, 1.8
FILLER_16_106, 53.52, 43.52, 1.8
FILLER_16_116, 53.52, 43.52, 1.8
edgedetect.dly_315ns_1.genblk1\[5\].dly_binary.genblk1\[4\].delay_unit, 53.52, 43.52, 1.8
edgedetect.dly_315ns_1.genblk1\[5\].dly_binary.genblk1\[5\].delay_unit, 53.52, 43.52, 1.8
outbuf_3, 53.52, 43.52, 1.8
FILLER_15_154, 77.52, 43.52, 1.8
FILLER_16_164, 77.52, 43.52, 1.8
edgedetect.dly_315ns_1.genblk1\[2\].dly_binary.and_bypass_switch, 77.52, 43.52, 1.8
edgedetect.dly_315ns_1.genblk1\[5\].dly_binary.genblk1\[19\].delay_unit, 77.52, 43.52, 1.8
edgedetect.dly_315ns_1.genblk1\[5\].dly_binary.genblk1\[9\].delay_unit, 77.52, 43.52, 1.8
FILLER_14_204, 101.52, 43.52, 1.8
FILLER_15_220, 101.52, 43.52, 1.8
FILLER_16_212, 101.52, 43.52, 1.8
clkgen.delay_155ns_3.genblk1\[1\].bypass_enable, 101.52, 43.52, 1.8
edgedetect.dly_315ns_1.genblk1\[5\].dly_binary.genblk1\[14\].delay_unit, 101.52, 43.52, 1.8
edgedetect.nor1, 101.52, 43.52, 1.8
edgedetect.dly_315ns_1.genblk1\[5\].dly_binary.genblk1\[15\].delay_unit, 125.52, 43.52, 1.8
edgedetect.dly_315ns_1.genblk1\[5\].dly_binary.genblk1\[17\].delay_unit, 125.52, 43.52, 1.8
ANTENNA_edgedetect.dly_315ns_1.genblk1\[2\].dly_binary.and_bypass_switch_A_N, 145.81, 43.52, 1.8
FILLER_15_305, 145.81, 43.52, 1.8
FILLER_16_307, 145.81, 43.52, 1.8
outbuf_5, 145.81, 43.52, 1.8
ANTENNA_clkgen.delay_155ns_3.genblk1\[1\].control_invert_A, 5.52, 38.08, 1.8
FILLER_13_7, 5.52, 38.08, 1.8
FILLER_14_3, 5.52, 38.08, 1.8
PHY_24, 5.52, 38.08, 1.8
PHY_26, 5.52, 38.08, 1.8
edgedetect.dly_315ns_1.genblk1\[0\].dly_binary.genblk1\[0\].delay_unit, 5.52, 38.08, 1.8
edgedetect.dly_315ns_1.genblk1\[1\].dly_binary.out_mux, 5.52, 38.08, 1.8
FILLER_12_317, 154.1, 38.08, 1.8
FILLER_13_315, 154.1, 38.08, 1.8
PHY_25, 154.1, 38.08, 1.8
PHY_27, 154.1, 38.08, 1.8
FILLER_13_49, 29.52, 38.08, 1.8
FILLER_13_59, 29.52, 38.08, 1.8
FILLER_13_63, 29.52, 38.08, 1.8
FILLER_14_62, 29.52, 38.08, 1.8
clkgen.delay_155ns_3.genblk1\[1\].dly_binary.and_bypass_switch, 29.52, 38.08, 1.8
edgedetect.dly_315ns_1.genblk1\[5\].dly_binary.out_mux, 29.52, 38.08, 1.8
FILLER_12_94, 53.52, 38.08, 1.8
FILLER_13_110, 53.52, 38.08, 1.8
clkgen.delay_155ns_3.genblk1\[2\].dly_binary.genblk1\[3\].delay_unit, 53.52, 38.08, 1.8
clkgen.delay_155ns_3.genblk1\[3\].dly_binary.and_bypass_switch, 53.52, 38.08, 1.8
FILLER_14_164, 77.52, 38.08, 1.8
clkgen.delay_155ns_3.genblk1\[3\].dly_binary.genblk1\[1\].delay_unit, 77.52, 38.08, 1.8
edgedetect.dly_315ns_1.genblk1\[1\].dly_binary.and_bypass_switch, 77.52, 38.08, 1.8
FILLER_12_203, 101.52, 38.08, 1.8
FILLER_13_214, 101.52, 38.08, 1.8
FILLER_14_213, 101.52, 38.08, 1.8
clkgen.delay_155ns_3.genblk1\[3\].dly_binary.genblk1\[6\].delay_unit, 101.52, 38.08, 1.8
clkgen.delay_155ns_3.genblk1\[4\].bypass_enable, 101.52, 38.08, 1.8
edgedetect.dly_315ns_1.genblk1\[5\].dly_binary.genblk1\[13\].delay_unit, 101.52, 38.08, 1.8
FILLER_12_252, 125.52, 38.08, 1.8
FILLER_12_259, 125.52, 38.08, 1.8
edgedetect.dly_315ns_1.genblk1\[1\].control_invert, 125.52, 38.08, 1.8
edgedetect.dly_315ns_1.genblk1\[2\].control_invert, 125.52, 38.08, 1.8
edgedetect.dly_315ns_1.genblk1\[5\].dly_binary.genblk1\[16\].delay_unit, 125.52, 38.08, 1.8
ANTENNA_edgedetect.dly_315ns_1.genblk1\[1\].bypass_enable_A, 145.81, 38.08, 1.8
ANTENNA_edgedetect.nor1_B_N, 145.81, 38.08, 1.8
FILLER_14_307, 145.81, 38.08, 1.8
FILLER_14_313, 145.81, 38.08, 1.8
FILLER_12_3, 5.52, 32.64, 1.8
FILLER_12_9, 5.52, 32.64, 1.8
PHY_20, 5.52, 32.64, 1.8
PHY_22, 5.52, 32.64, 1.8
edgedetect.dly_315ns_1.genblk1\[3\].dly_binary.genblk1\[0\].delay_unit, 5.52, 32.64, 1.8
edgedetect.dly_315ns_1.genblk1\[5\].dly_binary.and_bypass_switch, 5.52, 32.64, 1.8
inbuf_3, 5.52, 32.64, 1.8
FILLER_11_315, 154.1, 32.64, 1.8
PHY_21, 154.1, 32.64, 1.8
PHY_23, 154.1, 32.64, 1.8
FILLER_10_43, 29.52, 32.64, 1.8
FILLER_12_62, 29.52, 32.64, 1.8
clkgen.delay_155ns_3.genblk1\[0\].dly_binary.out_mux, 29.52, 32.64, 1.8
clkgen.delay_155ns_3.genblk1\[1\].dly_binary.out_mux, 29.52, 32.64, 1.8
FILLER_10_94, 53.52, 32.64, 1.8
FILLER_11_93, 53.52, 32.64, 1.8
clkgen.delay_155ns_2.genblk1\[4\].dly_binary.genblk1\[2\].delay_unit, 53.52, 32.64, 1.8
clkgen.delay_155ns_3.genblk1\[2\].dly_binary.genblk1\[2\].delay_unit, 53.52, 32.64, 1.8
FILLER_11_152, 77.52, 32.64, 1.8
FILLER_12_167, 77.52, 32.64, 1.8
clkgen.delay_155ns_3.genblk1\[2\].dly_binary.out_mux, 77.52, 32.64, 1.8
clkgen.delay_155ns_3.genblk1\[3\].dly_binary.genblk1\[2\].delay_unit, 77.52, 32.64, 1.8
FILLER_10_200, 101.52, 32.64, 1.8
FILLER_11_218, 101.52, 32.64, 1.8
FILLER_12_212, 101.52, 32.64, 1.8
clkgen.delay_155ns_3.genblk1\[0\].bypass_enable, 101.52, 32.64, 1.8
clkgen.delay_155ns_3.genblk1\[3\].dly_binary.genblk1\[5\].delay_unit, 101.52, 32.64, 1.8
FILLER_12_266, 125.52, 32.64, 1.8
FILLER_12_273, 125.52, 32.64, 1.8
clkgen.delay_155ns_2.genblk1\[4\].dly_binary.genblk1\[10\].delay_unit, 125.52, 32.64, 1.8
clkgen.delay_155ns_3.genblk1\[3\].dly_binary.genblk1\[7\].delay_unit, 125.52, 32.64, 1.8
edgedetect.dly_315ns_1.genblk1\[4\].control_invert, 125.52, 32.64, 1.8
edgedetect.dly_315ns_1.genblk1\[5\].control_invert, 125.52, 32.64, 1.8
ANTENNA_edgedetect.dly_315ns_1.genblk1\[1\].control_invert_A, 145.81, 32.64, 1.8
FILLER_10_3, 5.52, 27.2, 1.8
FILLER_9_3, 5.52, 27.2, 1.8
PHY_16, 5.52, 27.2, 1.8
PHY_18, 5.52, 27.2, 1.8
clkgen.delay_155ns_1.genblk1\[3\].dly_binary.genblk1\[2\].delay_unit, 5.52, 27.2, 1.8
edgedetect.dly_315ns_1.genblk1\[0\].dly_binary.and_bypass_switch, 5.52, 27.2, 1.8
FILLER_9_315, 154.1, 27.2, 1.8
PHY_17, 154.1, 27.2, 1.8
PHY_19, 154.1, 27.2, 1.8
FILLER_10_56, 29.52, 27.2, 1.8
clkgen.delay_155ns_2.genblk1\[3\].dly_binary.out_mux, 29.52, 27.2, 1.8
clkgen.delay_155ns_2.genblk1\[4\].dly_binary.genblk1\[0\].delay_unit, 29.52, 27.2, 1.8
FILLER_8_94, 53.52, 27.2, 1.8
FILLER_9_106, 53.52, 27.2, 1.8
clkgen.delay_155ns_2.genblk1\[2\].dly_binary.genblk1\[3\].delay_unit, 53.52, 27.2, 1.8
clkgen.delay_155ns_3.genblk1\[4\].dly_binary.out_mux, 53.52, 27.2, 1.8
FILLER_10_164, 77.52, 27.2, 1.8
FILLER_9_155, 77.52, 27.2, 1.8
clkgen.delay_155ns_2.genblk1\[4\].dly_binary.genblk1\[5\].delay_unit, 77.52, 27.2, 1.8
clkgen.delay_155ns_3.genblk1\[0\].control_invert, 77.52, 27.2, 1.8
clkgen.delay_155ns_3.genblk1\[4\].dly_binary.and_bypass_switch, 77.52, 27.2, 1.8
ANTENNA_clkgen.delay_155ns_3.genblk1\[0\].control_invert_A, 101.52, 27.2, 1.8
FILLER_10_209, 101.52, 27.2, 1.8
FILLER_8_197, 101.52, 27.2, 1.8
FILLER_8_206, 101.52, 27.2, 1.8
FILLER_9_216, 101.52, 27.2, 1.8
clkgen.delay_155ns_2.genblk1\[4\].bypass_enable, 101.52, 27.2, 1.8
clkgen.delay_155ns_2.genblk1\[4\].dly_binary.genblk1\[8\].delay_unit, 101.52, 27.2, 1.8
clkgen.delay_155ns_2.genblk1\[4\].dly_binary.genblk1\[9\].delay_unit, 101.52, 27.2, 1.8
FILLER_8_252, 125.52, 27.2, 1.8
FILLER_8_259, 125.52, 27.2, 1.8
clkgen.delay_155ns_2.genblk1\[0\].control_invert, 125.52, 27.2, 1.8
clkgen.delay_155ns_2.genblk1\[4\].dly_binary.genblk1\[11\].delay_unit, 125.52, 27.2, 1.8
ANTENNA_edgedetect.dly_315ns_1.genblk1\[2\].control_invert_A, 145.81, 27.2, 1.8
ANTENNA_edgedetect.dly_315ns_1.genblk1\[4\].control_invert_A, 145.81, 27.2, 1.8
FILLER_10_307, 145.81, 27.2, 1.8
FILLER_10_313, 145.81, 27.2, 1.8
FILLER_9_305, 145.81, 27.2, 1.8
ANTENNA_edgedetect.dly_315ns_1.genblk1\[5\].dly_binary.out_mux_A0, 5.52, 21.76, 1.8
FILLER_7_7, 5.52, 21.76, 1.8
FILLER_8_3, 5.52, 21.76, 1.8
PHY_12, 5.52, 21.76, 1.8
PHY_14, 5.52, 21.76, 1.8
clkgen.delay_155ns_2.genblk1\[0\].dly_binary.out_mux, 5.52, 21.76, 1.8
clkgen.delay_155ns_2.genblk1\[2\].dly_binary.and_bypass_switch, 5.52, 21.76, 1.8
FILLER_6_317, 154.1, 21.76, 1.8
FILLER_7_315, 154.1, 21.76, 1.8
PHY_13, 154.1, 21.76, 1.8
PHY_15, 154.1, 21.76, 1.8
FILLER_7_49, 29.52, 21.76, 1.8
FILLER_8_59, 29.52, 21.76, 1.8
clkgen.delay_155ns_2.genblk1\[2\].dly_binary.genblk1\[0\].delay_unit, 29.52, 21.76, 1.8
clkgen.delay_155ns_2.genblk1\[4\].dly_binary.and_bypass_switch, 29.52, 21.76, 1.8
FILLER_6_94, 53.52, 21.76, 1.8
clkgen.delay_155ns_2.genblk1\[2\].dly_binary.genblk1\[2\].delay_unit, 53.52, 21.76, 1.8
clkgen.delay_155ns_2.genblk1\[3\].dly_binary.genblk1\[2\].delay_unit, 53.52, 21.76, 1.8
FILLER_7_154, 77.52, 21.76, 1.8
FILLER_8_164, 77.52, 21.76, 1.8
clkgen.delay_155ns_2.genblk1\[1\].dly_binary.and_bypass_switch, 77.52, 21.76, 1.8
clkgen.delay_155ns_3.genblk1\[4\].dly_binary.genblk1\[2\].delay_unit, 77.52, 21.76, 1.8
FILLER_7_214, 101.52, 21.76, 1.8
clkgen.delay_155ns_2.genblk1\[2\].bypass_enable, 101.52, 21.76, 1.8
clkgen.delay_155ns_2.genblk1\[3\].control_invert, 101.52, 21.76, 1.8
clkgen.delay_155ns_3.genblk1\[4\].dly_binary.genblk1\[6\].delay_unit, 101.52, 21.76, 1.8
ANTENNA_clkgen.delay_155ns_2.genblk1\[1\].dly_binary.and_bypass_switch_A_N, 125.52, 21.76, 1.8
ANTENNA_clkgen.delay_155ns_3.genblk1\[4\].control_invert_A, 125.52, 21.76, 1.8
FILLER_8_265, 125.52, 21.76, 1.8
FILLER_8_271, 125.52, 21.76, 1.8
clkgen.delay_155ns_3.genblk1\[4\].dly_binary.genblk1\[10\].delay_unit, 125.52, 21.76, 1.8
clkgen.delay_155ns_3.genblk1\[4\].dly_binary.genblk1\[9\].delay_unit, 125.52, 21.76, 1.8
ANTENNA_edgedetect.dly_315ns_1.genblk1\[5\].dly_binary.out_mux_S, 145.81, 21.76, 1.8
FILLER_7_305, 145.81, 21.76, 1.8
FILLER_5_3, 5.52, 16.32, 1.8
FILLER_6_3, 5.52, 16.32, 1.8
PHY_10, 5.52, 16.32, 1.8
PHY_8, 5.52, 16.32, 1.8
clkgen.delay_155ns_1.genblk1\[0\].dly_binary.and_bypass_switch, 5.52, 16.32, 1.8
clkgen.delay_155ns_2.genblk1\[0\].dly_binary.genblk1\[0\].delay_unit, 5.52, 16.32, 1.8
FILLER_4_314, 154.1, 16.32, 1.8
FILLER_5_315, 154.1, 16.32, 1.8
PHY_11, 154.1, 16.32, 1.8
PHY_9, 154.1, 16.32, 1.8
FILLER_5_63, 29.52, 16.32, 1.8
FILLER_6_61, 29.52, 16.32, 1.8
clkgen.delay_155ns_2.genblk1\[3\].dly_binary.genblk1\[0\].delay_unit, 29.52, 16.32, 1.8
FILLER_4_94, 53.52, 16.32, 1.8
FILLER_5_110, 53.52, 16.32, 1.8
clkgen.delay_155ns_1.genblk1\[1\].dly_binary.and_bypass_switch, 53.52, 16.32, 1.8
sampledly32, 53.52, 16.32, 1.8
FILLER_4_152, 77.52, 16.32, 1.8
clkgen.delay_155ns_2.genblk1\[0\].dly_binary.and_bypass_switch, 77.52, 16.32, 1.8
clkgen.delay_155ns_2.genblk1\[3\].dly_binary.genblk1\[6\].delay_unit, 77.52, 16.32, 1.8
clkgen.delay_155ns_2.genblk1\[3\].dly_binary.genblk1\[7\].delay_unit, 77.52, 16.32, 1.8
FILLER_4_203, 101.52, 16.32, 1.8
FILLER_5_215, 101.52, 16.32, 1.8
clkgen.delay_155ns_1.genblk1\[4\].bypass_enable, 101.52, 16.32, 1.8
clkgen.delay_155ns_1.genblk1\[4\].dly_binary.genblk1\[11\].delay_unit, 101.52, 16.32, 1.8
clkgen.delay_155ns_3.genblk1\[4\].dly_binary.genblk1\[7\].delay_unit, 101.52, 16.32, 1.8
clkgen.delay_155ns_1.genblk1\[4\].dly_binary.genblk1\[13\].delay_unit, 125.52, 16.32, 1.8
clkgen.delay_155ns_1.genblk1\[4\].dly_binary.genblk1\[14\].delay_unit, 125.52, 16.32, 1.8
ANTENNA_outbuf_2_A, 145.81, 16.32, 1.8
FILLER_5_306, 145.81, 16.32, 1.8
FILLER_6_307, 145.81, 16.32, 1.8
outbuf_2, 145.81, 16.32, 1.8
FILLER_4_3, 5.52, 10.88, 1.8
PHY_4, 5.52, 10.88, 1.8
PHY_6, 5.52, 10.88, 1.8
clkgen.delay_155ns_1.genblk1\[3\].dly_binary.genblk1\[0\].delay_unit, 5.52, 10.88, 1.8
clkgen.delay_155ns_1.genblk1\[3\].dly_binary.out_mux, 5.52, 10.88, 1.8
FILLER_2_314, 154.1, 10.88, 1.8
FILLER_3_315, 154.1, 10.88, 1.8
PHY_5, 154.1, 10.88, 1.8
PHY_7, 154.1, 10.88, 1.8
FILLER_3_63, 29.52, 10.88, 1.8
FILLER_4_62, 29.52, 10.88, 1.8
ANTENNA_clkgen.delay_155ns_1.genblk1\[3\].dly_binary.and_bypass_switch_A_N, 53.52, 10.88, 1.8
FILLER_2_94, 53.52, 10.88, 1.8
FILLER_3_93, 53.52, 10.88, 1.8
FILLER_4_107, 53.52, 10.88, 1.8
FILLER_4_113, 53.52, 10.88, 1.8
clkgen.delay_155ns_1.genblk1\[2\].dly_binary.genblk1\[3\].delay_unit, 53.52, 10.88, 1.8
clkgen.delay_155ns_1.genblk1\[4\].dly_binary.genblk1\[4\].delay_unit, 53.52, 10.88, 1.8
clkgen.delay_155ns_2.genblk1\[3\].dly_binary.genblk1\[3\].delay_unit, 53.52, 10.88, 1.8
FILLER_3_150, 77.52, 10.88, 1.8
FILLER_4_164, 77.52, 10.88, 1.8
clkgen.delay_155ns_1.genblk1\[3\].dly_binary.and_bypass_switch, 77.52, 10.88, 1.8
clkgen.delay_155ns_1.genblk1\[4\].dly_binary.and_bypass_switch, 77.52, 10.88, 1.8
clkgen.delay_155ns_1.genblk1\[4\].dly_binary.genblk1\[7\].delay_unit, 77.52, 10.88, 1.8
clkgen.delay_155ns_3.genblk1\[2\].control_invert, 77.52, 10.88, 1.8
FILLER_2_200, 101.52, 10.88, 1.8
FILLER_2_207, 101.52, 10.88, 1.8
FILLER_3_203, 101.52, 10.88, 1.8
FILLER_3_212, 101.52, 10.88, 1.8
FILLER_3_219, 101.52, 10.88, 1.8
FILLER_4_212, 101.52, 10.88, 1.8
clkgen.delay_155ns_1.genblk1\[0\].bypass_enable, 101.52, 10.88, 1.8
clkgen.delay_155ns_1.genblk1\[0\].control_invert, 101.52, 10.88, 1.8
clkgen.delay_155ns_1.genblk1\[1\].bypass_enable, 101.52, 10.88, 1.8
clkgen.delay_155ns_1.genblk1\[3\].control_invert, 101.52, 10.88, 1.8
clkgen.delay_155ns_1.genblk1\[4\].dly_binary.genblk1\[12\].delay_unit, 101.52, 10.88, 1.8
ANTENNA_clkgen.delay_155ns_1.genblk1\[0\].control_invert_A, 125.52, 10.88, 1.8
ANTENNA_clkgen.delay_155ns_1.genblk1\[2\].control_invert_A, 125.52, 10.88, 1.8
FILLER_2_252, 125.52, 10.88, 1.8
FILLER_2_258, 125.52, 10.88, 1.8
clkgen.delay_155ns_1.genblk1\[4\].dly_binary.genblk1\[15\].delay_unit, 125.52, 10.88, 1.8
ANTENNA_clkgen.delay_155ns_1.genblk1\[0\].dly_binary.and_bypass_switch_A_N, 145.81, 10.88, 1.8
ANTENNA_clkgen.delay_155ns_2.genblk1\[0\].dly_binary.out_mux_A1, 145.81, 10.88, 1.8
ANTENNA_edgedetect.dly_315ns_1.genblk1\[3\].control_invert_A, 145.81, 10.88, 1.8
ANTENNA_edgedetect.dly_315ns_1.genblk1\[4\].dly_binary.out_mux_S, 145.81, 10.88, 1.8
FILLER_2_296, 145.81, 10.88, 1.8
FILLER_2_302, 145.81, 10.88, 1.8
FILLER_3_300, 145.81, 10.88, 1.8
FILLER_3_306, 145.81, 10.88, 1.8
FILLER_0_3, 5.52, 5.44, 1.8
FILLER_1_3, 5.52, 5.44, 1.8
FILLER_2_3, 5.52, 5.44, 1.8
PHY_0, 5.52, 5.44, 1.8
PHY_2, 5.52, 5.44, 1.8
clkgen.delay_155ns_1.genblk1\[3\].dly_binary.genblk1\[3\].delay_unit, 5.52, 5.44, 1.8
clkgen.delay_155ns_1.genblk1\[4\].dly_binary.out_mux, 5.52, 5.44, 1.8
edgedetect.dly_315ns_1.enablebuffer, 5.52, 5.44, 1.8
FILLER_0_315, 154.1, 5.44, 1.8
PHY_1, 154.1, 5.44, 1.8
PHY_3, 154.1, 5.44, 1.8
FILLER_1_63, 29.52, 5.44, 1.8
FILLER_2_59, 29.52, 5.44, 1.8
clkgen.delay_155ns_1.genblk1\[3\].dly_binary.genblk1\[6\].delay_unit, 29.52, 5.44, 1.8
FILLER_1_93, 53.52, 5.44, 1.8
clkgen.delay_155ns_1.genblk1\[2\].dly_binary.genblk1\[2\].delay_unit, 53.52, 5.44, 1.8
clkgen.delay_155ns_1.genblk1\[4\].dly_binary.genblk1\[3\].delay_unit, 53.52, 5.44, 1.8
FILLER_0_152, 77.52, 5.44, 1.8
FILLER_0_164, 77.52, 5.44, 1.8
FILLER_1_166, 77.52, 5.44, 1.8
FILLER_2_161, 77.52, 5.44, 1.8
clkgen.delay_155ns_1.genblk1\[4\].dly_binary.genblk1\[8\].delay_unit, 77.52, 5.44, 1.8
clkgen.delay_155ns_2.genblk1\[0\].bypass_enable, 77.52, 5.44, 1.8
clkgen.delay_155ns_2.genblk1\[4\].control_invert, 77.52, 5.44, 1.8
outbuf_1, 77.52, 5.44, 1.8
ANTENNA_clkgen.delay_155ns_1.enablebuffer_A, 101.52, 5.44, 1.8
ANTENNA_clkgen.delay_155ns_2.genblk1\[0\].dly_binary.and_bypass_switch_B, 101.52, 5.44, 1.8
ANTENNA_clkgen.delay_155ns_2.genblk1\[2\].control_invert_A, 101.52, 5.44, 1.8
ANTENNA_clkgen.delay_155ns_2.genblk1\[4\].control_invert_A, 101.52, 5.44, 1.8
ANTENNA_edgedetect.dly_315ns_1.genblk1\[2\].bypass_enable_A, 101.52, 5.44, 1.8
FILLER_0_199, 101.52, 5.44, 1.8
FILLER_0_205, 101.52, 5.44, 1.8
FILLER_0_211, 101.52, 5.44, 1.8
FILLER_1_199, 101.52, 5.44, 1.8
FILLER_1_206, 101.52, 5.44, 1.8
FILLER_1_212, 101.52, 5.44, 1.8
FILLER_1_218, 101.52, 5.44, 1.8
FILLER_2_214, 101.52, 5.44, 1.8
clkgen.delay_155ns_1.genblk1\[1\].control_invert, 101.52, 5.44, 1.8
clkgen.delay_155ns_1.genblk1\[2\].control_invert, 101.52, 5.44, 1.8
clkgen.delay_155ns_1.genblk1\[4\].control_invert, 101.52, 5.44, 1.8
inbuf_1, 101.52, 5.44, 1.8
sampledly04, 101.52, 5.44, 1.8
ANTENNA_clkgen.delay_155ns_1.genblk1\[1\].control_invert_A, 125.52, 5.44, 1.8
ANTENNA_clkgen.delay_155ns_2.genblk1\[0\].control_invert_A, 125.52, 5.44, 1.8
ANTENNA_clkgen.delay_155ns_2.genblk1\[1\].dly_binary.out_mux_S, 125.52, 5.44, 1.8
ANTENNA_edgedetect.dly_315ns_1.genblk1\[0\].dly_binary.out_mux_S, 125.52, 5.44, 1.8
ANTENNA_sampledly03_A, 125.52, 5.44, 1.8
ANTENNA_sampledly04_A, 125.52, 5.44, 1.8
FILLER_0_261, 125.52, 5.44, 1.8
FILLER_1_253, 125.52, 5.44, 1.8
FILLER_1_259, 125.52, 5.44, 1.8
FILLER_1_265, 125.52, 5.44, 1.8
FILLER_1_271, 125.52, 5.44, 1.8
FILLER_2_264, 125.52, 5.44, 1.8
FILLER_2_270, 125.52, 5.44, 1.8
sampledly24, 125.52, 5.44, 1.8
sampledly34, 125.52, 5.44, 1.8
ANTENNA_clkgen.delay_155ns_1.genblk1\[3\].dly_binary.out_mux_S, 145.81, 5.44, 1.8
ANTENNA_clkgen.delay_155ns_1.genblk1\[4\].dly_binary.out_mux_A0, 145.81, 5.44, 1.8
ANTENNA_clkgen.delay_155ns_1.genblk1\[4\].dly_binary.out_mux_S, 145.81, 5.44, 1.8
ANTENNA_edgedetect.dly_315ns_1.enablebuffer_A, 145.81, 5.44, 1.8
ANTENNA_edgedetect.dly_315ns_1.genblk1\[4\].dly_binary.and_bypass_switch_A_N, 145.81, 5.44, 1.8
ANTENNA_sampledly01_A, 145.81, 5.44, 1.8
ANTENNA_sampledly02_A, 145.81, 5.44, 1.8
FILLER_0_300, 145.81, 5.44, 1.8
FILLER_0_306, 145.81, 5.44, 1.8
FILLER_1_301, 145.81, 5.44, 1.8
FILLER_1_307, 145.81, 5.44, 1.8
FILLER_1_311, 145.81, 5.44, 1.8
FILLER_2_308, 145.81, 5.44, 1.8

