[INFO]: Run Directory: /foss/designs/SKY130_SAR-ADC/openlane/adc_clkgen_with_edgedetect/runs/kaiserschmarrn
[INFO]: Preparing LEF files for the nom corner...
[INFO]: Preparing LEF files for the min corner...
[INFO]: Preparing LEF files for the max corner...
[INFO]: Running Synthesis (log: adc_clkgen_with_edgedetect/runs/kaiserschmarrn/logs/synthesis/1-synthesis.log)...
[INFO]: Running Single-Corner Static Timing Analysis (log: adc_clkgen_with_edgedetect/runs/kaiserschmarrn/logs/synthesis/2-sta.log)...
[INFO]: Running Initial Floorplanning (log: adc_clkgen_with_edgedetect/runs/kaiserschmarrn/logs/floorplan/3-initial_fp.log)...
[INFO]: Extracting core dimensions...
[INFO]: Set CORE_WIDTH to 165.6, CORE_HEIGHT to 57.12.
[INFO]: Running IO Placement (log: adc_clkgen_with_edgedetect/runs/kaiserschmarrn/logs/floorplan/4-place_io.log)...
[INFO]: Running Global Placement (log: adc_clkgen_with_edgedetect/runs/kaiserschmarrn/logs/placement/5-global.log)...
[INFO]: Running Tap/Decap Insertion (log: adc_clkgen_with_edgedetect/runs/kaiserschmarrn/logs/floorplan/6-tap.log)...
[INFO]: Power planning with power {VPWR VPB} and ground {VGND VNB}...
[INFO]: Generating PDN (log: adc_clkgen_with_edgedetect/runs/kaiserschmarrn/logs/floorplan/7-pdn.log)...
[INFO]: Running Global Placement (log: adc_clkgen_with_edgedetect/runs/kaiserschmarrn/logs/placement/8-global.log)...
[INFO]: Skipping Placement Resizer Design Optimizations.
[INFO]: Removing Buffers from Ports (If Applicable) (log: adc_clkgen_with_edgedetect/runs/kaiserschmarrn/logs/placement/9-remove_buffers.log)...
[INFO]: Running Detailed Placement (log: adc_clkgen_with_edgedetect/runs/kaiserschmarrn/logs/placement/10-detailed.log)...
[INFO]: Skipping Placement Resizer Timing Optimizations.
[INFO]: Removing Buffers from Ports (If Applicable) (log: adc_clkgen_with_edgedetect/runs/kaiserschmarrn/logs/placement/11-remove_buffers.log)...
[INFO]: Routing...
[INFO]: Skipping Global Routing Resizer Timing Optimizations.
[INFO]: Removing Buffers from Ports (If Applicable) (log: adc_clkgen_with_edgedetect/runs/kaiserschmarrn/logs/placement/12-remove_buffers.log)...
[INFO]: Running Detailed Placement (log: adc_clkgen_with_edgedetect/runs/kaiserschmarrn/logs/routing/13-diode_legalization.log)...
[INFO]: Running Global Routing...
[INFO]: Starting FastRoute Antenna Repair Iterations...
[INFO]: Running Fill Insertion (log: adc_clkgen_with_edgedetect/runs/kaiserschmarrn/logs/routing/15-fill.log)...
[INFO]: Writing Verilog...
[INFO]: Running Detailed Routing (log: adc_clkgen_with_edgedetect/runs/kaiserschmarrn/logs/routing/17-detailed.log)...
[INFO]: No DRC violations after detailed routing.
[INFO]: Writing Verilog...
[INFO]: Running parasitics-based static timing analysis...
[INFO]: Running SPEF Extraction at the min process corner (log: adc_clkgen_with_edgedetect/runs/kaiserschmarrn/logs/signoff/19-parasitics_extraction.min.log)...
[INFO]: Running Multi-Corner Static Timing Analysis at the min process corner (log: adc_clkgen_with_edgedetect/runs/kaiserschmarrn/logs/signoff/20-parasitics_multi_corner_sta.min.log)...
[INFO]: Running SPEF Extraction at the max process corner (log: adc_clkgen_with_edgedetect/runs/kaiserschmarrn/logs/signoff/21-parasitics_extraction.max.log)...
[INFO]: Running Multi-Corner Static Timing Analysis at the max process corner (log: adc_clkgen_with_edgedetect/runs/kaiserschmarrn/logs/signoff/22-parasitics_multi_corner_sta.max.log)...
[INFO]: Running SPEF Extraction at the nom process corner (log: adc_clkgen_with_edgedetect/runs/kaiserschmarrn/logs/signoff/23-parasitics_extraction.nom.log)...
[INFO]: Running Single-Corner Static Timing Analysis at the nom process corner (log: adc_clkgen_with_edgedetect/runs/kaiserschmarrn/logs/signoff/24-parasitics_sta.log)...
[INFO]: Running Multi-Corner Static Timing Analysis at the nom process corner (log: adc_clkgen_with_edgedetect/runs/kaiserschmarrn/logs/signoff/25-parasitics_multi_corner_sta.log)...
[INFO]: Creating IR Drop Report (log: adc_clkgen_with_edgedetect/runs/kaiserschmarrn/logs/signoff/26-irdrop.log)...
[INFO]: Running Magic to generate various views...
[INFO]: Streaming out GDS-II with Magic (log: adc_clkgen_with_edgedetect/runs/kaiserschmarrn/logs/signoff/27-gdsii.log)...
[INFO]: Generating MAGLEF views...
[INFO]: Streaming out GDS-II with Klayout (log: adc_clkgen_with_edgedetect/runs/kaiserschmarrn/logs/signoff/28-gdsii-klayout.log)...
[INFO]: Running XOR on the layouts using Klayout (log: adc_clkgen_with_edgedetect/runs/kaiserschmarrn/logs/signoff/29-xor.log)...
[INFO]: Running Magic Spice Export from GDS (log: adc_clkgen_with_edgedetect/runs/kaiserschmarrn/logs/signoff/30-gds.spice.log)...
[INFO]: Writing Powered Verilog (log: ../../../../dev/null)...
[INFO]: Writing Verilog...
[INFO]: Running GDS LVS...
[INFO]: Running Magic DRC (log: adc_clkgen_with_edgedetect/runs/kaiserschmarrn/logs/signoff/34-drc.log)...
[INFO]: Converting Magic DRC Violations to Magic Readable Format...
[INFO]: Converting Magic DRC Violations to Klayout XML Database...
[INFO]: No DRC violations after GDS streaming out.
[INFO]: Running OpenROAD Antenna Rule Checker (log: adc_clkgen_with_edgedetect/runs/kaiserschmarrn/logs/signoff/35-antenna.log)...
[INFO]: Your design contains macros, which is not supported by the current integration of CVC. So CVC won't run, however CVC is just a check so it's not critical to your design.
[INFO]: Saving current set of views in 'adc_clkgen_with_edgedetect/runs/kaiserschmarrn/results/final'...
[INFO]: Saving runtime environment...
[INFO]: Generating final set of reports...
[INFO]: Created manufacturability report at 'adc_clkgen_with_edgedetect/runs/kaiserschmarrn/reports/manufacturability.rpt'.
[INFO]: Created metrics report at 'adc_clkgen_with_edgedetect/runs/kaiserschmarrn/reports/metrics.csv'.
[INFO]: There are no max slew, max fanout or max capacitance violations in the design at the typical corner.
[INFO]: There are no hold violations in the design at the typical corner.
[INFO]: There are no setup violations in the design at the typical corner.
[SUCCESS]: Flow complete.
