First Layout: /foss/designs/SKY130_SAR-ADC/openlane/adc_clkgen_with_edgedetect/runs/kaiserschmarrn/results/signoff/adc_clkgen_with_edgedetect.gds
Second Layout: /foss/designs/SKY130_SAR-ADC/openlane/adc_clkgen_with_edgedetect/runs/kaiserschmarrn/results/signoff/adc_clkgen_with_edgedetect.klayout.gds
Design Name: adc_clkgen_with_edgedetect
Output GDS will be: /foss/designs/SKY130_SAR-ADC/openlane/adc_clkgen_with_edgedetect/runs/kaiserschmarrn/reports/signoff/adc_clkgen_with_edgedetect.xor.xml
Reading /foss/designs/SKY130_SAR-ADC/openlane/adc_clkgen_with_edgedetect/runs/kaiserschmarrn/results/signoff/adc_clkgen_with_edgedetect.gds ..
Reading /foss/designs/SKY130_SAR-ADC/openlane/adc_clkgen_with_edgedetect/runs/kaiserschmarrn/results/signoff/adc_clkgen_with_edgedetect.klayout.gds ..
--- Running XOR for 10/0 ---
"input" in: xor.drc:38
    Polygons (raw): 0 (flat)  0 (hierarchical)
    Elapsed: 0.010s  Memory: 252.00M
"input" in: xor.drc:38
    Polygons (raw): 411 (flat)  5 (hierarchical)
    Elapsed: 0.010s  Memory: 252.00M
"^" in: xor.drc:38
    Polygons (raw): 411 (flat)  5 (hierarchical)
    Elapsed: 0.010s  Memory: 252.00M
XOR differences: 411
"output" in: xor.drc:40
    Polygons (raw): 411 (flat)  5 (hierarchical)
    Elapsed: 0.020s  Memory: 252.00M
--- Running XOR for 11/0 ---
"input" in: xor.drc:38
    Polygons (raw): 0 (flat)  0 (hierarchical)
    Elapsed: 0.000s  Memory: 252.00M
"input" in: xor.drc:38
    Polygons (raw): 459 (flat)  212 (hierarchical)
    Elapsed: 0.010s  Memory: 252.00M
"^" in: xor.drc:38
    Polygons (raw): 459 (flat)  212 (hierarchical)
    Elapsed: 0.010s  Memory: 252.00M
XOR differences: 459
"output" in: xor.drc:40
    Polygons (raw): 459 (flat)  212 (hierarchical)
    Elapsed: 0.010s  Memory: 252.00M
--- Running XOR for 11/1 ---
"input" in: xor.drc:38
    Polygons (raw): 0 (flat)  0 (hierarchical)
    Elapsed: 0.010s  Memory: 252.00M
"input" in: xor.drc:38
    Polygons (raw): 0 (flat)  0 (hierarchical)
    Elapsed: 0.020s  Memory: 252.00M
"^" in: xor.drc:38
    Polygons (raw): 0 (flat)  0 (hierarchical)
    Elapsed: 0.010s  Memory: 252.00M
XOR differences: 0
"output" in: xor.drc:40
    Polygons (raw): 0 (flat)  0 (hierarchical)
    Elapsed: 0.010s  Memory: 252.00M
--- Running XOR for 11/2 ---
"input" in: xor.drc:38
    Polygons (raw): 0 (flat)  0 (hierarchical)
    Elapsed: 0.020s  Memory: 252.00M
"input" in: xor.drc:38
    Polygons (raw): 4 (flat)  4 (hierarchical)
    Elapsed: 0.010s  Memory: 252.00M
"^" in: xor.drc:38
    Polygons (raw): 4 (flat)  4 (hierarchical)
    Elapsed: 0.010s  Memory: 252.00M
XOR differences: 4
"output" in: xor.drc:40
    Polygons (raw): 4 (flat)  4 (hierarchical)
    Elapsed: 0.010s  Memory: 252.00M
--- Running XOR for 122/16 ---
"input" in: xor.drc:38
    Polygons (raw): 2048 (flat)  32 (hierarchical)
    Elapsed: 0.010s  Memory: 252.00M
"input" in: xor.drc:38
    Polygons (raw): 2048 (flat)  32 (hierarchical)
    Elapsed: 0.010s  Memory: 252.00M
"^" in: xor.drc:38
    Polygons (raw): 0 (flat)  0 (hierarchical)
    Elapsed: 0.030s  Memory: 252.00M
XOR differences: 0
"output" in: xor.drc:40
    Polygons (raw): 0 (flat)  0 (hierarchical)
    Elapsed: 0.000s  Memory: 252.00M
--- Running XOR for 125/44 ---
"input" in: xor.drc:38
    Polygons (raw): 100 (flat)  1 (hierarchical)
    Elapsed: 0.010s  Memory: 252.00M
"input" in: xor.drc:38
    Polygons (raw): 100 (flat)  1 (hierarchical)
    Elapsed: 0.010s  Memory: 252.00M
"^" in: xor.drc:38
    Polygons (raw): 0 (flat)  0 (hierarchical)
    Elapsed: 0.010s  Memory: 252.00M
XOR differences: 0
"output" in: xor.drc:40
    Polygons (raw): 0 (flat)  0 (hierarchical)
    Elapsed: 0.000s  Memory: 252.00M
--- Running XOR for 14/0 ---
"input" in: xor.drc:38
    Polygons (raw): 0 (flat)  0 (hierarchical)
    Elapsed: 0.010s  Memory: 252.00M
"input" in: xor.drc:38
    Polygons (raw): 1 (flat)  1 (hierarchical)
    Elapsed: 0.000s  Memory: 252.00M
"^" in: xor.drc:38
    Polygons (raw): 1 (flat)  1 (hierarchical)
    Elapsed: 0.010s  Memory: 252.00M
XOR differences: 1
"output" in: xor.drc:40
    Polygons (raw): 1 (flat)  1 (hierarchical)
    Elapsed: 0.010s  Memory: 252.00M
--- Running XOR for 235/4 ---
"input" in: xor.drc:38
    Polygons (raw): 101 (flat)  2 (hierarchical)
    Elapsed: 0.010s  Memory: 252.00M
"input" in: xor.drc:38
    Polygons (raw): 100 (flat)  1 (hierarchical)
    Elapsed: 0.000s  Memory: 252.00M
"^" in: xor.drc:38
    Polygons (raw): 1 (flat)  1 (hierarchical)
    Elapsed: 0.010s  Memory: 252.00M
XOR differences: 1
"output" in: xor.drc:40
    Polygons (raw): 1 (flat)  1 (hierarchical)
    Elapsed: 0.010s  Memory: 252.00M
--- Running XOR for 236/0 ---
"input" in: xor.drc:38
    Polygons (raw): 1206 (flat)  25 (hierarchical)
    Elapsed: 0.010s  Memory: 252.00M
"input" in: xor.drc:38
    Polygons (raw): 1206 (flat)  25 (hierarchical)
    Elapsed: 0.000s  Memory: 252.00M
"^" in: xor.drc:38
    Polygons (raw): 0 (flat)  0 (hierarchical)
    Elapsed: 0.020s  Memory: 253.00M
XOR differences: 0
"output" in: xor.drc:40
    Polygons (raw): 0 (flat)  0 (hierarchical)
    Elapsed: 0.010s  Memory: 253.00M
--- Running XOR for 3/0 ---
"input" in: xor.drc:38
    Polygons (raw): 0 (flat)  0 (hierarchical)
    Elapsed: 0.010s  Memory: 253.00M
"input" in: xor.drc:38
    Polygons (raw): 1818 (flat)  1 (hierarchical)
    Elapsed: 0.000s  Memory: 253.00M
"^" in: xor.drc:38
    Polygons (raw): 1818 (flat)  1 (hierarchical)
    Elapsed: 0.010s  Memory: 253.00M
XOR differences: 1818
"output" in: xor.drc:40
    Polygons (raw): 1818 (flat)  1 (hierarchical)
    Elapsed: 0.010s  Memory: 253.00M
--- Running XOR for 4/0 ---
"input" in: xor.drc:38
    Polygons (raw): 0 (flat)  0 (hierarchical)
    Elapsed: 0.000s  Memory: 253.00M
"input" in: xor.drc:38
    Polygons (raw): 1818 (flat)  1 (hierarchical)
    Elapsed: 0.010s  Memory: 253.00M
"^" in: xor.drc:38
    Polygons (raw): 1818 (flat)  1 (hierarchical)
    Elapsed: 0.010s  Memory: 253.00M
XOR differences: 1818
"output" in: xor.drc:40
    Polygons (raw): 1818 (flat)  1 (hierarchical)
    Elapsed: 0.010s  Memory: 253.00M
--- Running XOR for 5/0 ---
"input" in: xor.drc:38
    Polygons (raw): 0 (flat)  0 (hierarchical)
    Elapsed: 0.000s  Memory: 253.00M
"input" in: xor.drc:38
    Polygons (raw): 8913 (flat)  3992 (hierarchical)
    Elapsed: 0.010s  Memory: 253.00M
"^" in: xor.drc:38
    Polygons (raw): 8913 (flat)  3992 (hierarchical)
    Elapsed: 0.010s  Memory: 253.00M
XOR differences: 8913
"output" in: xor.drc:40
    Polygons (raw): 8913 (flat)  3992 (hierarchical)
    Elapsed: 0.010s  Memory: 253.00M
--- Running XOR for 6/0 ---
"input" in: xor.drc:38
    Polygons (raw): 0 (flat)  0 (hierarchical)
    Elapsed: 0.000s  Memory: 253.00M
"input" in: xor.drc:38
    Polygons (raw): 3322 (flat)  6 (hierarchical)
    Elapsed: 0.010s  Memory: 253.00M
"^" in: xor.drc:38
    Polygons (raw): 3322 (flat)  6 (hierarchical)
    Elapsed: 0.010s  Memory: 253.00M
XOR differences: 3322
"output" in: xor.drc:40
    Polygons (raw): 3322 (flat)  6 (hierarchical)
    Elapsed: 0.010s  Memory: 253.00M
--- Running XOR for 64/16 ---
"input" in: xor.drc:38
    Polygons (raw): 2048 (flat)  32 (hierarchical)
    Elapsed: 0.000s  Memory: 253.00M
"input" in: xor.drc:38
    Polygons (raw): 2048 (flat)  32 (hierarchical)
    Elapsed: 0.010s  Memory: 253.00M
"^" in: xor.drc:38
    Polygons (raw): 0 (flat)  0 (hierarchical)
    Elapsed: 0.020s  Memory: 254.00M
XOR differences: 0
"output" in: xor.drc:40
    Polygons (raw): 0 (flat)  0 (hierarchical)
    Elapsed: 0.010s  Memory: 254.00M
--- Running XOR for 64/20 ---
"input" in: xor.drc:38
    Polygons (raw): 2016 (flat)  31 (hierarchical)
    Elapsed: 0.010s  Memory: 254.00M
"input" in: xor.drc:38
    Polygons (raw): 2016 (flat)  31 (hierarchical)
    Elapsed: 0.010s  Memory: 254.00M
"^" in: xor.drc:38
    Polygons (raw): 0 (flat)  0 (hierarchical)
    Elapsed: 0.030s  Memory: 255.00M
XOR differences: 0
"output" in: xor.drc:40
    Polygons (raw): 0 (flat)  0 (hierarchical)
    Elapsed: 0.000s  Memory: 255.00M
--- Running XOR for 64/5 ---
"input" in: xor.drc:38
    Polygons (raw): 0 (flat)  0 (hierarchical)
    Elapsed: 0.010s  Memory: 255.00M
"input" in: xor.drc:38
    Polygons (raw): 0 (flat)  0 (hierarchical)
    Elapsed: 0.010s  Memory: 255.00M
"^" in: xor.drc:38
    Polygons (raw): 0 (flat)  0 (hierarchical)
    Elapsed: 0.010s  Memory: 255.00M
XOR differences: 0
"output" in: xor.drc:40
    Polygons (raw): 0 (flat)  0 (hierarchical)
    Elapsed: 0.010s  Memory: 255.00M
--- Running XOR for 64/59 ---
"input" in: xor.drc:38
    Polygons (raw): 0 (flat)  0 (hierarchical)
    Elapsed: 0.000s  Memory: 255.00M
"input" in: xor.drc:38
    Polygons (raw): 0 (flat)  0 (hierarchical)
    Elapsed: 0.010s  Memory: 255.00M
"^" in: xor.drc:38
    Polygons (raw): 0 (flat)  0 (hierarchical)
    Elapsed: 0.020s  Memory: 255.00M
XOR differences: 0
"output" in: xor.drc:40
    Polygons (raw): 0 (flat)  0 (hierarchical)
    Elapsed: 0.000s  Memory: 255.00M
--- Running XOR for 65/20 ---
"input" in: xor.drc:38
    Polygons (raw): 3161 (flat)  61 (hierarchical)
    Elapsed: 0.000s  Memory: 255.00M
"input" in: xor.drc:38
    Polygons (raw): 3161 (flat)  61 (hierarchical)
    Elapsed: 0.010s  Memory: 255.00M
"^" in: xor.drc:38
    Polygons (raw): 0 (flat)  0 (hierarchical)
    Elapsed: 0.040s  Memory: 256.00M
XOR differences: 0
"output" in: xor.drc:40
    Polygons (raw): 0 (flat)  0 (hierarchical)
    Elapsed: 0.000s  Memory: 256.00M
--- Running XOR for 65/44 ---
"input" in: xor.drc:38
    Polygons (raw): 336 (flat)  2 (hierarchical)
    Elapsed: 0.010s  Memory: 256.00M
"input" in: xor.drc:38
    Polygons (raw): 336 (flat)  2 (hierarchical)
    Elapsed: 0.010s  Memory: 256.00M
"^" in: xor.drc:38
    Polygons (raw): 0 (flat)  0 (hierarchical)
    Elapsed: 0.010s  Memory: 256.00M
XOR differences: 0
"output" in: xor.drc:40
    Polygons (raw): 0 (flat)  0 (hierarchical)
    Elapsed: 0.010s  Memory: 256.00M
--- Running XOR for 66/20 ---
"input" in: xor.drc:38
    Polygons (raw): 5564 (flat)  109 (hierarchical)
    Elapsed: 0.010s  Memory: 256.00M
"input" in: xor.drc:38
    Polygons (raw): 5564 (flat)  109 (hierarchical)
    Elapsed: 0.010s  Memory: 256.00M
"^" in: xor.drc:38
    Polygons (raw): 0 (flat)  0 (hierarchical)
    Elapsed: 0.070s  Memory: 256.00M
XOR differences: 0
"output" in: xor.drc:40
    Polygons (raw): 0 (flat)  0 (hierarchical)
    Elapsed: 0.010s  Memory: 256.00M
--- Running XOR for 66/44 ---
"input" in: xor.drc:38
    Polygons (raw): 19284 (flat)  505 (hierarchical)
    Elapsed: 0.010s  Memory: 256.00M
"input" in: xor.drc:38
    Polygons (raw): 19284 (flat)  505 (hierarchical)
    Elapsed: 0.010s  Memory: 256.00M
"^" in: xor.drc:38
    Polygons (raw): 0 (flat)  0 (hierarchical)
    Elapsed: 0.140s  Memory: 256.00M
XOR differences: 0
"output" in: xor.drc:40
    Polygons (raw): 0 (flat)  0 (hierarchical)
    Elapsed: 0.010s  Memory: 256.00M
--- Running XOR for 67/16 ---
"input" in: xor.drc:38
    Polygons (raw): 3851 (flat)  156 (hierarchical)
    Elapsed: 0.000s  Memory: 256.00M
"input" in: xor.drc:38
    Polygons (raw): 3851 (flat)  156 (hierarchical)
    Elapsed: 0.010s  Memory: 256.00M
"^" in: xor.drc:38
    Polygons (raw): 0 (flat)  0 (hierarchical)
    Elapsed: 0.030s  Memory: 256.00M
XOR differences: 0
"output" in: xor.drc:40
    Polygons (raw): 0 (flat)  0 (hierarchical)
    Elapsed: 0.000s  Memory: 256.00M
--- Running XOR for 67/20 ---
"input" in: xor.drc:38
    Polygons (raw): 11848 (flat)  2017 (hierarchical)
    Elapsed: 0.010s  Memory: 256.00M
"input" in: xor.drc:38
    Polygons (raw): 10030 (flat)  199 (hierarchical)
    Elapsed: 0.010s  Memory: 256.00M
"^" in: xor.drc:38
    Polygons (raw): 352 (flat)  352 (hierarchical)
    Elapsed: 0.150s  Memory: 262.00M
XOR differences: 352
"output" in: xor.drc:40
    Polygons (raw): 352 (flat)  352 (hierarchical)
    Elapsed: 0.010s  Memory: 262.00M
--- Running XOR for 67/44 ---
"input" in: xor.drc:38
    Polygons (raw): 23282 (flat)  2206 (hierarchical)
    Elapsed: 0.000s  Memory: 262.00M
"input" in: xor.drc:38
    Polygons (raw): 21464 (flat)  388 (hierarchical)
    Elapsed: 0.010s  Memory: 262.00M
"^" in: xor.drc:38
    Polygons (raw): 1818 (flat)  1818 (hierarchical)
    Elapsed: 0.130s  Memory: 262.00M
XOR differences: 1818
"output" in: xor.drc:40
    Polygons (raw): 1818 (flat)  1818 (hierarchical)
    Elapsed: 0.010s  Memory: 262.00M
--- Running XOR for 67/5 ---
"input" in: xor.drc:38
    Polygons (raw): 0 (flat)  0 (hierarchical)
    Elapsed: 0.010s  Memory: 262.00M
"input" in: xor.drc:38
    Polygons (raw): 0 (flat)  0 (hierarchical)
    Elapsed: 0.000s  Memory: 262.00M
"^" in: xor.drc:38
    Polygons (raw): 0 (flat)  0 (hierarchical)
    Elapsed: 0.000s  Memory: 262.00M
XOR differences: 0
"output" in: xor.drc:40
    Polygons (raw): 0 (flat)  0 (hierarchical)
    Elapsed: 0.010s  Memory: 262.00M
--- Running XOR for 68/16 ---
"input" in: xor.drc:38
    Polygons (raw): 4650 (flat)  70 (hierarchical)
    Elapsed: 0.010s  Memory: 262.00M
"input" in: xor.drc:38
    Polygons (raw): 4650 (flat)  70 (hierarchical)
    Elapsed: 0.000s  Memory: 262.00M
"^" in: xor.drc:38
    Polygons (raw): 0 (flat)  0 (hierarchical)
    Elapsed: 0.030s  Memory: 262.00M
XOR differences: 0
"output" in: xor.drc:40
    Polygons (raw): 0 (flat)  0 (hierarchical)
    Elapsed: 0.010s  Memory: 262.00M
--- Running XOR for 68/20 ---
"input" in: xor.drc:38
    Polygons (raw): 18215 (flat)  11968 (hierarchical)
    Elapsed: 0.010s  Memory: 262.00M
"input" in: xor.drc:38
    Polygons (raw): 6332 (flat)  85 (hierarchical)
    Elapsed: 0.000s  Memory: 262.00M
"^" in: xor.drc:38
    Polygons (raw): 2274 (flat)  2274 (hierarchical)
    Elapsed: 0.110s  Memory: 262.00M
XOR differences: 2274
"output" in: xor.drc:40
    Polygons (raw): 2274 (flat)  2274 (hierarchical)
    Elapsed: 0.010s  Memory: 262.00M
--- Running XOR for 68/44 ---
"input" in: xor.drc:38
    Polygons (raw): 3322 (flat)  3322 (hierarchical)
    Elapsed: 0.010s  Memory: 262.00M
"input" in: xor.drc:38
    Polygons (raw): 0 (flat)  0 (hierarchical)
    Elapsed: 0.010s  Memory: 262.00M
"^" in: xor.drc:38
    Polygons (raw): 3322 (flat)  3322 (hierarchical)
    Elapsed: 0.000s  Memory: 262.00M
XOR differences: 3322
"output" in: xor.drc:40
    Polygons (raw): 3322 (flat)  3322 (hierarchical)
    Elapsed: 0.010s  Memory: 262.00M
--- Running XOR for 68/5 ---
"input" in: xor.drc:38
    Polygons (raw): 0 (flat)  0 (hierarchical)
    Elapsed: 0.010s  Memory: 262.00M
"input" in: xor.drc:38
    Polygons (raw): 0 (flat)  0 (hierarchical)
    Elapsed: 0.010s  Memory: 262.00M
"^" in: xor.drc:38
    Polygons (raw): 0 (flat)  0 (hierarchical)
    Elapsed: 0.010s  Memory: 262.00M
XOR differences: 0
"output" in: xor.drc:40
    Polygons (raw): 0 (flat)  0 (hierarchical)
    Elapsed: 0.000s  Memory: 262.00M
--- Running XOR for 69/16 ---
"input" in: xor.drc:38
    Polygons (raw): 8 (flat)  8 (hierarchical)
    Elapsed: 0.010s  Memory: 262.00M
"input" in: xor.drc:38
    Polygons (raw): 0 (flat)  0 (hierarchical)
    Elapsed: 0.010s  Memory: 262.00M
"^" in: xor.drc:38
    Polygons (raw): 8 (flat)  8 (hierarchical)
    Elapsed: 0.000s  Memory: 262.00M
XOR differences: 8
"output" in: xor.drc:40
    Polygons (raw): 8 (flat)  8 (hierarchical)
    Elapsed: 0.010s  Memory: 262.00M
--- Running XOR for 69/20 ---
"input" in: xor.drc:38
    Polygons (raw): 7742 (flat)  7742 (hierarchical)
    Elapsed: 0.000s  Memory: 262.00M
"input" in: xor.drc:38
    Polygons (raw): 0 (flat)  0 (hierarchical)
    Elapsed: 0.010s  Memory: 262.00M
"^" in: xor.drc:38
    Polygons (raw): 7742 (flat)  7742 (hierarchical)
    Elapsed: 0.010s  Memory: 262.00M
XOR differences: 7742
"output" in: xor.drc:40
    Polygons (raw): 7742 (flat)  7742 (hierarchical)
    Elapsed: 0.010s  Memory: 262.00M
--- Running XOR for 69/44 ---
"input" in: xor.drc:38
    Polygons (raw): 1256 (flat)  1256 (hierarchical)
    Elapsed: 0.000s  Memory: 262.00M
"input" in: xor.drc:38
    Polygons (raw): 0 (flat)  0 (hierarchical)
    Elapsed: 0.000s  Memory: 262.00M
"^" in: xor.drc:38
    Polygons (raw): 1256 (flat)  1256 (hierarchical)
    Elapsed: 0.010s  Memory: 262.00M
XOR differences: 1256
"output" in: xor.drc:40
    Polygons (raw): 1256 (flat)  1256 (hierarchical)
    Elapsed: 0.010s  Memory: 263.00M
--- Running XOR for 7/0 ---
"input" in: xor.drc:38
    Polygons (raw): 0 (flat)  0 (hierarchical)
    Elapsed: 0.010s  Memory: 263.00M
"input" in: xor.drc:38
    Polygons (raw): 7655 (flat)  3459 (hierarchical)
    Elapsed: 0.000s  Memory: 263.00M
"^" in: xor.drc:38
    Polygons (raw): 7655 (flat)  3459 (hierarchical)
    Elapsed: 0.000s  Memory: 263.00M
XOR differences: 7655
"output" in: xor.drc:40
    Polygons (raw): 7655 (flat)  3459 (hierarchical)
    Elapsed: 0.010s  Memory: 264.00M
--- Running XOR for 7/1 ---
"input" in: xor.drc:38
    Polygons (raw): 0 (flat)  0 (hierarchical)
    Elapsed: 0.000s  Memory: 264.00M
"input" in: xor.drc:38
    Polygons (raw): 0 (flat)  0 (hierarchical)
    Elapsed: 0.010s  Memory: 264.00M
"^" in: xor.drc:38
    Polygons (raw): 0 (flat)  0 (hierarchical)
    Elapsed: 0.000s  Memory: 264.00M
XOR differences: 0
"output" in: xor.drc:40
    Polygons (raw): 0 (flat)  0 (hierarchical)
    Elapsed: 0.010s  Memory: 264.00M
--- Running XOR for 7/2 ---
"input" in: xor.drc:38
    Polygons (raw): 0 (flat)  0 (hierarchical)
    Elapsed: 0.010s  Memory: 264.00M
"input" in: xor.drc:38
    Polygons (raw): 8 (flat)  8 (hierarchical)
    Elapsed: 0.010s  Memory: 264.00M
"^" in: xor.drc:38
    Polygons (raw): 8 (flat)  8 (hierarchical)
    Elapsed: 0.000s  Memory: 264.00M
XOR differences: 8
"output" in: xor.drc:40
    Polygons (raw): 8 (flat)  8 (hierarchical)
    Elapsed: 0.020s  Memory: 264.00M
--- Running XOR for 70/16 ---
"input" in: xor.drc:38
    Polygons (raw): 27 (flat)  27 (hierarchical)
    Elapsed: 0.000s  Memory: 264.00M
"input" in: xor.drc:38
    Polygons (raw): 0 (flat)  0 (hierarchical)
    Elapsed: 0.010s  Memory: 264.00M
"^" in: xor.drc:38
    Polygons (raw): 27 (flat)  27 (hierarchical)
    Elapsed: 0.010s  Memory: 264.00M
XOR differences: 27
"output" in: xor.drc:40
    Polygons (raw): 27 (flat)  27 (hierarchical)
    Elapsed: 0.000s  Memory: 264.00M
--- Running XOR for 70/20 ---
"input" in: xor.drc:38
    Polygons (raw): 3365 (flat)  3365 (hierarchical)
    Elapsed: 0.000s  Memory: 264.00M
"input" in: xor.drc:38
    Polygons (raw): 0 (flat)  0 (hierarchical)
    Elapsed: 0.010s  Memory: 264.00M
"^" in: xor.drc:38
    Polygons (raw): 3365 (flat)  3365 (hierarchical)
    Elapsed: 0.010s  Memory: 264.00M
XOR differences: 3365
"output" in: xor.drc:40
    Polygons (raw): 3365 (flat)  3365 (hierarchical)
    Elapsed: 0.010s  Memory: 266.00M
--- Running XOR for 70/44 ---
"input" in: xor.drc:38
    Polygons (raw): 411 (flat)  411 (hierarchical)
    Elapsed: 0.010s  Memory: 266.00M
"input" in: xor.drc:38
    Polygons (raw): 0 (flat)  0 (hierarchical)
    Elapsed: 0.000s  Memory: 266.00M
"^" in: xor.drc:38
    Polygons (raw): 411 (flat)  411 (hierarchical)
    Elapsed: 0.010s  Memory: 266.00M
XOR differences: 411
"output" in: xor.drc:40
    Polygons (raw): 411 (flat)  411 (hierarchical)
    Elapsed: 0.010s  Memory: 266.00M
--- Running XOR for 71/16 ---
"input" in: xor.drc:38
    Polygons (raw): 4 (flat)  4 (hierarchical)
    Elapsed: 0.010s  Memory: 266.00M
"input" in: xor.drc:38
    Polygons (raw): 0 (flat)  0 (hierarchical)
    Elapsed: 0.000s  Memory: 266.00M
"^" in: xor.drc:38
    Polygons (raw): 4 (flat)  4 (hierarchical)
    Elapsed: 0.010s  Memory: 266.00M
XOR differences: 4
"output" in: xor.drc:40
    Polygons (raw): 4 (flat)  4 (hierarchical)
    Elapsed: 0.010s  Memory: 266.00M
--- Running XOR for 71/20 ---
"input" in: xor.drc:38
    Polygons (raw): 455 (flat)  455 (hierarchical)
    Elapsed: 0.000s  Memory: 266.00M
"input" in: xor.drc:38
    Polygons (raw): 0 (flat)  0 (hierarchical)
    Elapsed: 0.000s  Memory: 266.00M
"^" in: xor.drc:38
    Polygons (raw): 455 (flat)  455 (hierarchical)
    Elapsed: 0.010s  Memory: 266.00M
XOR differences: 455
"output" in: xor.drc:40
    Polygons (raw): 455 (flat)  455 (hierarchical)
    Elapsed: 0.010s  Memory: 266.00M
--- Running XOR for 78/44 ---
"input" in: xor.drc:38
    Polygons (raw): 1716 (flat)  28 (hierarchical)
    Elapsed: 0.010s  Memory: 266.00M
"input" in: xor.drc:38
    Polygons (raw): 1716 (flat)  28 (hierarchical)
    Elapsed: 0.000s  Memory: 266.00M
"^" in: xor.drc:38
    Polygons (raw): 0 (flat)  0 (hierarchical)
    Elapsed: 0.030s  Memory: 267.00M
XOR differences: 0
"output" in: xor.drc:40
    Polygons (raw): 0 (flat)  0 (hierarchical)
    Elapsed: 0.000s  Memory: 267.00M
--- Running XOR for 8/0 ---
"input" in: xor.drc:38
    Polygons (raw): 0 (flat)  0 (hierarchical)
    Elapsed: 0.000s  Memory: 267.00M
"input" in: xor.drc:38
    Polygons (raw): 1256 (flat)  5 (hierarchical)
    Elapsed: 0.010s  Memory: 267.00M
"^" in: xor.drc:38
    Polygons (raw): 1256 (flat)  5 (hierarchical)
    Elapsed: 0.010s  Memory: 267.00M
XOR differences: 1256
"output" in: xor.drc:40
    Polygons (raw): 1256 (flat)  5 (hierarchical)
    Elapsed: 0.000s  Memory: 267.00M
--- Running XOR for 81/23 ---
"input" in: xor.drc:38
    Polygons (raw): 12 (flat)  1 (hierarchical)
    Elapsed: 0.010s  Memory: 267.00M
"input" in: xor.drc:38
    Polygons (raw): 12 (flat)  1 (hierarchical)
    Elapsed: 0.010s  Memory: 267.00M
"^" in: xor.drc:38
    Polygons (raw): 0 (flat)  0 (hierarchical)
    Elapsed: 0.000s  Memory: 267.00M
XOR differences: 0
"output" in: xor.drc:40
    Polygons (raw): 0 (flat)  0 (hierarchical)
    Elapsed: 0.010s  Memory: 267.00M
--- Running XOR for 81/4 ---
"input" in: xor.drc:38
    Polygons (raw): 1716 (flat)  28 (hierarchical)
    Elapsed: 0.010s  Memory: 267.00M
"input" in: xor.drc:38
    Polygons (raw): 1716 (flat)  28 (hierarchical)
    Elapsed: 0.010s  Memory: 267.00M
"^" in: xor.drc:38
    Polygons (raw): 0 (flat)  0 (hierarchical)
    Elapsed: 0.020s  Memory: 267.00M
XOR differences: 0
"output" in: xor.drc:40
    Polygons (raw): 0 (flat)  0 (hierarchical)
    Elapsed: 0.010s  Memory: 267.00M
--- Running XOR for 83/44 ---
"input" in: xor.drc:38
    Polygons (raw): 0 (flat)  0 (hierarchical)
    Elapsed: 0.000s  Memory: 267.00M
"input" in: xor.drc:38
    Polygons (raw): 0 (flat)  0 (hierarchical)
    Elapsed: 0.010s  Memory: 267.00M
"^" in: xor.drc:38
    Polygons (raw): 0 (flat)  0 (hierarchical)
    Elapsed: 0.010s  Memory: 267.00M
XOR differences: 0
"output" in: xor.drc:40
    Polygons (raw): 0 (flat)  0 (hierarchical)
    Elapsed: 0.000s  Memory: 267.00M
--- Running XOR for 9/0 ---
"input" in: xor.drc:38
    Polygons (raw): 0 (flat)  0 (hierarchical)
    Elapsed: 0.010s  Memory: 267.00M
"input" in: xor.drc:38
    Polygons (raw): 2255 (flat)  916 (hierarchical)
    Elapsed: 0.010s  Memory: 267.00M
"^" in: xor.drc:38
    Polygons (raw): 2255 (flat)  916 (hierarchical)
    Elapsed: 0.010s  Memory: 267.00M
XOR differences: 2255
"output" in: xor.drc:40
    Polygons (raw): 2255 (flat)  916 (hierarchical)
    Elapsed: 0.000s  Memory: 267.00M
--- Running XOR for 9/1 ---
"input" in: xor.drc:38
    Polygons (raw): 0 (flat)  0 (hierarchical)
    Elapsed: 0.000s  Memory: 267.00M
"input" in: xor.drc:38
    Polygons (raw): 0 (flat)  0 (hierarchical)
    Elapsed: 0.010s  Memory: 267.00M
"^" in: xor.drc:38
    Polygons (raw): 0 (flat)  0 (hierarchical)
    Elapsed: 0.010s  Memory: 267.00M
XOR differences: 0
"output" in: xor.drc:40
    Polygons (raw): 0 (flat)  0 (hierarchical)
    Elapsed: 0.010s  Memory: 267.00M
--- Running XOR for 9/2 ---
"input" in: xor.drc:38
    Polygons (raw): 0 (flat)  0 (hierarchical)
    Elapsed: 0.010s  Memory: 267.00M
"input" in: xor.drc:38
    Polygons (raw): 27 (flat)  27 (hierarchical)
    Elapsed: 0.000s  Memory: 267.00M
"^" in: xor.drc:38
    Polygons (raw): 27 (flat)  27 (hierarchical)
    Elapsed: 0.010s  Memory: 267.00M
XOR differences: 27
"output" in: xor.drc:40
    Polygons (raw): 27 (flat)  27 (hierarchical)
    Elapsed: 0.000s  Memory: 267.00M
--- Running XOR for 93/44 ---
"input" in: xor.drc:38
    Polygons (raw): 2284 (flat)  33 (hierarchical)
    Elapsed: 0.000s  Memory: 267.00M
"input" in: xor.drc:38
    Polygons (raw): 2284 (flat)  33 (hierarchical)
    Elapsed: 0.010s  Memory: 267.00M
"^" in: xor.drc:38
    Polygons (raw): 0 (flat)  0 (hierarchical)
    Elapsed: 0.030s  Memory: 268.00M
XOR differences: 0
"output" in: xor.drc:40
    Polygons (raw): 0 (flat)  0 (hierarchical)
    Elapsed: 0.000s  Memory: 268.00M
--- Running XOR for 94/20 ---
"input" in: xor.drc:38
    Polygons (raw): 2084 (flat)  31 (hierarchical)
    Elapsed: 0.010s  Memory: 268.00M
"input" in: xor.drc:38
    Polygons (raw): 2084 (flat)  31 (hierarchical)
    Elapsed: 0.010s  Memory: 268.00M
"^" in: xor.drc:38
    Polygons (raw): 0 (flat)  0 (hierarchical)
    Elapsed: 0.030s  Memory: 269.00M
XOR differences: 0
"output" in: xor.drc:40
    Polygons (raw): 0 (flat)  0 (hierarchical)
    Elapsed: 0.010s  Memory: 269.00M
--- Running XOR for 95/20 ---
"input" in: xor.drc:38
    Polygons (raw): 1703 (flat)  30 (hierarchical)
    Elapsed: 0.000s  Memory: 269.00M
"input" in: xor.drc:38
    Polygons (raw): 1703 (flat)  30 (hierarchical)
    Elapsed: 0.010s  Memory: 269.00M
"^" in: xor.drc:38
    Polygons (raw): 0 (flat)  0 (hierarchical)
    Elapsed: 0.030s  Memory: 269.00M
XOR differences: 0
"output" in: xor.drc:40
    Polygons (raw): 0 (flat)  0 (hierarchical)
    Elapsed: 0.010s  Memory: 269.00M
Writing report database: /foss/designs/SKY130_SAR-ADC/openlane/adc_clkgen_with_edgedetect/runs/kaiserschmarrn/reports/signoff/adc_clkgen_with_edgedetect.xor.xml ..
Total elapsed: 3.110s  Memory: 269.00M
