Instance name,  X location,  Y location,  Voltage 
FILLER_20_276, 137.52, 59.84, 1.8
FILLER_20_285, 137.52, 59.84, 1.8
edgedetect.dly_315ns_1.genblk1\[4\].control_invert, 137.52, 59.84, 1.8
ANTENNA_edgedetect.dly_315ns_1.genblk1\[2\].bypass_enable_A, 137.52, 54.4, 1.8
ANTENNA_edgedetect.dly_315ns_1.genblk1\[3\].dly_binary.and_bypass_switch_A_N, 137.52, 54.4, 1.8
FILLER_18_274, 137.52, 54.4, 1.8
FILLER_19_276, 137.52, 54.4, 1.8
FILLER_20_291, 137.52, 54.4, 1.8
edgedetect.dly_315ns_1.genblk1\[5\].dly_binary.genblk1\[27\].delay_unit, 137.52, 54.4, 1.8
edgedetect.dly_315ns_1.genblk1\[5\].dly_binary.genblk1\[29\].delay_unit, 137.52, 54.4, 1.8
FILLER_16_285, 137.52, 48.96, 1.8
FILLER_17_276, 137.52, 48.96, 1.8
edgedetect.dly_315ns_1.genblk1\[3\].control_invert, 137.52, 48.96, 1.8
edgedetect.dly_315ns_1.genblk1\[5\].dly_binary.genblk1\[28\].delay_unit, 137.52, 48.96, 1.8
FILLER_14_274, 137.52, 43.52, 1.8
FILLER_15_276, 137.52, 43.52, 1.8
edgedetect.dly_315ns_1.genblk1\[5\].dly_binary.genblk1\[18\].delay_unit, 137.52, 43.52, 1.8
edgedetect.dly_315ns_1.genblk1\[5\].dly_binary.genblk1\[19\].delay_unit, 137.52, 43.52, 1.8
edgedetect.dly_315ns_1.genblk1\[5\].dly_binary.genblk1\[30\].delay_unit, 137.52, 43.52, 1.8
ANTENNA_edgedetect.dly_315ns_1.genblk1\[0\].bypass_enable_A, 137.52, 38.08, 1.8
ANTENNA_edgedetect.dly_315ns_1.genblk1\[0\].control_invert_A, 137.52, 38.08, 1.8
ANTENNA_edgedetect.dly_315ns_1.genblk1\[1\].bypass_enable_A, 137.52, 38.08, 1.8
FILLER_12_276, 137.52, 38.08, 1.8
FILLER_12_284, 137.52, 38.08, 1.8
FILLER_13_278, 137.52, 38.08, 1.8
edgedetect.dly_315ns_1.genblk1\[5\].dly_binary.genblk1\[31\].delay_unit, 137.52, 38.08, 1.8
ANTENNA_edgedetect.dly_315ns_1.genblk1\[1\].control_invert_A, 137.52, 32.64, 1.8
ANTENNA_edgedetect.dly_315ns_1.genblk1\[4\].bypass_enable_A, 137.52, 32.64, 1.8
ANTENNA_edgedetect.dly_315ns_1.genblk1\[5\].control_invert_A, 137.52, 32.64, 1.8
FILLER_11_276, 137.52, 32.64, 1.8
FILLER_11_282, 137.52, 32.64, 1.8
FILLER_11_288, 137.52, 32.64, 1.8
FILLER_11_294, 137.52, 32.64, 1.8
clkgen.delay_155ns_2.genblk1\[4\].dly_binary.genblk1\[15\].delay_unit, 137.52, 32.64, 1.8
clkgen.delay_155ns_3.genblk1\[4\].dly_binary.genblk1\[15\].delay_unit, 137.52, 32.64, 1.8
ANTENNA_inbuf_3_A, 137.52, 27.2, 1.8
FILLER_9_289, 137.52, 27.2, 1.8
FILLER_9_295, 137.52, 27.2, 1.8
clkgen.delay_155ns_3.genblk1\[4\].dly_binary.genblk1\[12\].delay_unit, 137.52, 27.2, 1.8
ANTENNA_clkgen.delay_155ns_2.genblk1\[0\].dly_binary.out_mux_S, 137.52, 21.76, 1.8
FILLER_6_284, 137.52, 21.76, 1.8
FILLER_7_276, 137.52, 21.76, 1.8
clkgen.delay_155ns_3.genblk1\[4\].dly_binary.genblk1\[13\].delay_unit, 137.52, 21.76, 1.8
ANTENNA_clkgen.delay_155ns_1.genblk1\[4\].dly_binary.out_mux_S, 137.52, 16.32, 1.8
ANTENNA_clkgen.delay_155ns_2.genblk1\[1\].dly_binary.and_bypass_switch_A_N, 137.52, 16.32, 1.8
ANTENNA_clkgen.delay_155ns_2.genblk1\[4\].dly_binary.and_bypass_switch_A_N, 137.52, 16.32, 1.8
ANTENNA_clkgen.delay_155ns_3.genblk1\[0\].control_invert_A, 137.52, 16.32, 1.8
FILLER_4_275, 137.52, 16.32, 1.8
FILLER_4_284, 137.52, 16.32, 1.8
FILLER_5_278, 137.52, 16.32, 1.8
FILLER_5_284, 137.52, 16.32, 1.8
clkgen.delay_155ns_3.genblk1\[4\].dly_binary.genblk1\[14\].delay_unit, 137.52, 16.32, 1.8
ANTENNA_clkgen.delay_155ns_1.genblk1\[3\].dly_binary.out_mux_S, 137.52, 10.88, 1.8
ANTENNA_edgedetect.dly_315ns_1.genblk1\[1\].dly_binary.and_bypass_switch_A_N, 137.52, 10.88, 1.8
FILLER_19_243, 113.52, 54.4, 1.8
FILLER_20_245, 113.52, 54.4, 1.8
FILLER_17_243, 113.52, 48.96, 1.8
FILLER_18_245, 113.52, 48.96, 1.8
edgedetect.dly_315ns_1.genblk1\[5\].dly_binary.genblk1\[14\].delay_unit, 113.52, 48.96, 1.8
FILLER_15_243, 113.52, 43.52, 1.8
FILLER_16_247, 113.52, 43.52, 1.8
ANTENNA_edgedetect.nor1_B_N, 113.52, 38.08, 1.8
FILLER_13_224, 113.52, 38.08, 1.8
FILLER_13_233, 113.52, 38.08, 1.8
FILLER_13_240, 113.52, 38.08, 1.8
FILLER_14_245, 113.52, 38.08, 1.8
edgedetect.dly_315ns_1.genblk1\[1\].control_invert, 113.52, 38.08, 1.8
edgedetect.dly_315ns_1.genblk1\[4\].bypass_enable, 113.52, 38.08, 1.8
FILLER_12_245, 113.52, 32.64, 1.8
FILLER_10_245, 113.52, 27.2, 1.8
FILLER_8_225, 113.52, 27.2, 1.8
clkgen.delay_155ns_3.genblk1\[4\].dly_binary.genblk1\[9\].delay_unit, 113.52, 27.2, 1.8
FILLER_7_243, 113.52, 21.76, 1.8
clkgen.delay_155ns_3.genblk1\[4\].dly_binary.genblk1\[8\].delay_unit, 113.52, 21.76, 1.8
FILLER_5_223, 113.52, 16.32, 1.8
FILLER_5_232, 113.52, 16.32, 1.8
FILLER_5_241, 113.52, 16.32, 1.8
FILLER_6_247, 113.52, 16.32, 1.8
clkgen.delay_155ns_1.genblk1\[1\].bypass_enable, 113.52, 16.32, 1.8
clkgen.delay_155ns_1.genblk1\[2\].bypass_enable, 113.52, 16.32, 1.8
ANTENNA_clkgen.delay_155ns_2.genblk1\[0\].dly_binary.and_bypass_switch_A_N, 113.52, 10.88, 1.8
FILLER_2_223, 113.52, 10.88, 1.8
FILLER_2_230, 113.52, 10.88, 1.8
FILLER_3_243, 113.52, 10.88, 1.8
FILLER_4_245, 113.52, 10.88, 1.8
inbuf_1, 113.52, 10.88, 1.8
ANTENNA_clkgen.clkdig_inverter_A, 113.52, 5.44, 1.8
ANTENNA_clkgen.delay_155ns_1.genblk1\[1\].control_invert_A, 113.52, 5.44, 1.8
ANTENNA_clkgen.delay_155ns_1.genblk1\[2\].control_invert_A, 113.52, 5.44, 1.8
ANTENNA_clkgen.delay_155ns_1.genblk1\[3\].dly_binary.and_bypass_switch_A_N, 113.52, 5.44, 1.8
ANTENNA_clkgen.delay_155ns_1.genblk1\[4\].control_invert_A, 113.52, 5.44, 1.8
ANTENNA_clkgen.delay_155ns_1.genblk1\[4\].dly_binary.and_bypass_switch_A_N, 113.52, 5.44, 1.8
ANTENNA_clkgen.delay_155ns_2.enablebuffer_A, 113.52, 5.44, 1.8
ANTENNA_clkgen.delay_155ns_2.genblk1\[3\].control_invert_A, 113.52, 5.44, 1.8
ANTENNA_outbuf_1_A, 113.52, 5.44, 1.8
FILLER_0_226, 113.52, 5.44, 1.8
FILLER_0_232, 113.52, 5.44, 1.8
FILLER_0_238, 113.52, 5.44, 1.8
FILLER_0_244, 113.52, 5.44, 1.8
FILLER_1_227, 113.52, 5.44, 1.8
FILLER_1_233, 113.52, 5.44, 1.8
FILLER_1_239, 113.52, 5.44, 1.8
FILLER_1_245, 113.52, 5.44, 1.8
FILLER_2_236, 113.52, 5.44, 1.8
FILLER_2_242, 113.52, 5.44, 1.8
FILLER_20_173, 89.52, 59.84, 1.8
outbuf_5, 89.52, 59.84, 1.8
FILLER_19_182, 89.52, 54.4, 1.8
edgedetect.dly_315ns_1.genblk1\[4\].dly_binary.genblk1\[8\].delay_unit, 89.52, 54.4, 1.8
edgedetect.dly_315ns_1.genblk1\[4\].dly_binary.genblk1\[9\].delay_unit, 89.52, 54.4, 1.8
FILLER_17_183, 89.52, 48.96, 1.8
FILLER_18_183, 89.52, 48.96, 1.8
edgedetect.dly_315ns_1.genblk1\[5\].dly_binary.genblk1\[21\].delay_unit, 89.52, 48.96, 1.8
edgedetect.dly_315ns_1.genblk1\[5\].dly_binary.genblk1\[22\].delay_unit, 89.52, 48.96, 1.8
FILLER_14_170, 89.52, 43.52, 1.8
FILLER_15_175, 89.52, 43.52, 1.8
FILLER_16_194, 89.52, 43.52, 1.8
clkgen.delay_155ns_3.genblk1\[4\].bypass_enable, 89.52, 43.52, 1.8
edgedetect.dly_315ns_1.genblk1\[5\].dly_binary.genblk1\[10\].delay_unit, 89.52, 43.52, 1.8
edgedetect.dly_315ns_1.genblk1\[5\].dly_binary.genblk1\[11\].delay_unit, 89.52, 43.52, 1.8
FILLER_13_194, 89.52, 38.08, 1.8
clkgen.delay_155ns_2.genblk1\[4\].dly_binary.genblk1\[7\].delay_unit, 89.52, 38.08, 1.8
edgedetect.nor1, 89.52, 38.08, 1.8
FILLER_10_174, 89.52, 32.64, 1.8
FILLER_11_181, 89.52, 32.64, 1.8
FILLER_12_195, 89.52, 32.64, 1.8
clkgen.delay_155ns_2.genblk1\[4\].control_invert, 89.52, 32.64, 1.8
clkgen.delay_155ns_2.genblk1\[4\].dly_binary.genblk1\[8\].delay_unit, 89.52, 32.64, 1.8
clkgen.delay_155ns_3.genblk1\[3\].dly_binary.genblk1\[4\].delay_unit, 89.52, 32.64, 1.8
ANTENNA_clkgen.delay_155ns_2.genblk1\[4\].control_invert_A, 89.52, 27.2, 1.8
FILLER_9_178, 89.52, 27.2, 1.8
FILLER_9_187, 89.52, 27.2, 1.8
clkgen.delay_155ns_3.genblk1\[3\].dly_binary.genblk1\[5\].delay_unit, 89.52, 27.2, 1.8
FILLER_8_191, 89.52, 21.76, 1.8
clkgen.delay_155ns_2.genblk1\[4\].bypass_enable, 89.52, 21.76, 1.8
clkgen.delay_155ns_3.genblk1\[4\].dly_binary.genblk1\[4\].delay_unit, 89.52, 21.76, 1.8
clkgen.delay_155ns_3.genblk1\[4\].dly_binary.genblk1\[5\].delay_unit, 89.52, 21.76, 1.8
FILLER_4_173, 89.52, 16.32, 1.8
FILLER_5_183, 89.52, 16.32, 1.8
FILLER_5_194, 89.52, 16.32, 1.8
clkgen.delay_155ns_1.genblk1\[4\].dly_binary.genblk1\[12\].delay_unit, 89.52, 16.32, 1.8
clkgen.delay_155ns_2.genblk1\[1\].bypass_enable, 89.52, 16.32, 1.8
FILLER_3_181, 89.52, 10.88, 1.8
clkgen.delay_155ns_1.genblk1\[4\].dly_binary.genblk1\[13\].delay_unit, 89.52, 10.88, 1.8
FILLER_0_183, 89.52, 5.44, 1.8
FILLER_0_194, 89.52, 5.44, 1.8
FILLER_1_172, 89.52, 5.44, 1.8
FILLER_1_182, 89.52, 5.44, 1.8
FILLER_2_191, 89.52, 5.44, 1.8
clkgen.delay_155ns_1.genblk1\[0\].bypass_enable, 89.52, 5.44, 1.8
clkgen.delay_155ns_1.genblk1\[3\].bypass_enable, 89.52, 5.44, 1.8
clkgen.delay_155ns_1.genblk1\[3\].dly_binary.genblk1\[1\].delay_unit, 89.52, 5.44, 1.8
outbuf_1, 89.52, 5.44, 1.8
edgedetect.dly_315ns_1.genblk1\[3\].dly_binary.genblk1\[1\].delay_unit, 65.52, 59.84, 1.8
FILLER_18_124, 65.52, 54.4, 1.8
FILLER_19_125, 65.52, 54.4, 1.8
edgedetect.dly_315ns_1.genblk1\[4\].dly_binary.genblk1\[5\].delay_unit, 65.52, 54.4, 1.8
edgedetect.dly_315ns_1.genblk1\[4\].dly_binary.genblk1\[6\].delay_unit, 65.52, 54.4, 1.8
FILLER_16_121, 65.52, 48.96, 1.8
edgedetect.dly_315ns_1.genblk1\[4\].dly_binary.genblk1\[4\].delay_unit, 65.52, 48.96, 1.8
edgedetect.dly_315ns_1.genblk1\[5\].dly_binary.genblk1\[6\].delay_unit, 65.52, 48.96, 1.8
FILLER_14_124, 65.52, 43.52, 1.8
FILLER_15_133, 65.52, 43.52, 1.8
FILLER_15_143, 65.52, 43.52, 1.8
clkgen.delay_155ns_3.genblk1\[3\].dly_binary.and_bypass_switch, 65.52, 43.52, 1.8
edgedetect.dly_315ns_1.genblk1\[2\].dly_binary.and_bypass_switch, 65.52, 43.52, 1.8
edgedetect.dly_315ns_1.genblk1\[5\].dly_binary.genblk1\[7\].delay_unit, 65.52, 43.52, 1.8
FILLER_12_124, 65.52, 38.08, 1.8
FILLER_13_125, 65.52, 38.08, 1.8
clkgen.delay_155ns_2.genblk1\[4\].dly_binary.genblk1\[4\].delay_unit, 65.52, 38.08, 1.8
clkgen.delay_155ns_2.genblk1\[4\].dly_binary.genblk1\[5\].delay_unit, 65.52, 38.08, 1.8
FILLER_10_121, 65.52, 32.64, 1.8
clkgen.delay_155ns_3.genblk1\[3\].dly_binary.genblk1\[0\].delay_unit, 65.52, 32.64, 1.8
clkgen.delay_155ns_3.genblk1\[3\].dly_binary.genblk1\[1\].delay_unit, 65.52, 32.64, 1.8
FILLER_8_124, 65.52, 27.2, 1.8
FILLER_9_136, 65.52, 27.2, 1.8
clkgen.delay_155ns_3.genblk1\[2\].dly_binary.out_mux, 65.52, 27.2, 1.8
clkgen.delay_155ns_3.genblk1\[3\].dly_binary.out_mux, 65.52, 27.2, 1.8
clkgen.delay_155ns_3.genblk1\[4\].dly_binary.genblk1\[2\].delay_unit, 65.52, 27.2, 1.8
FILLER_6_124, 65.52, 21.76, 1.8
FILLER_7_125, 65.52, 21.76, 1.8
clkgen.delay_155ns_2.genblk1\[3\].dly_binary.genblk1\[6\].delay_unit, 65.52, 21.76, 1.8
clkgen.delay_155ns_3.genblk1\[4\].dly_binary.genblk1\[1\].delay_unit, 65.52, 21.76, 1.8
FILLER_4_121, 65.52, 16.32, 1.8
FILLER_5_125, 65.52, 16.32, 1.8
clkgen.delay_155ns_2.genblk1\[3\].dly_binary.genblk1\[4\].delay_unit, 65.52, 16.32, 1.8
clkgen.delay_155ns_2.genblk1\[3\].dly_binary.genblk1\[5\].delay_unit, 65.52, 16.32, 1.8
FILLER_2_121, 65.52, 10.88, 1.8
clkgen.delay_155ns_1.genblk1\[3\].dly_binary.genblk1\[2\].delay_unit, 65.52, 10.88, 1.8
clkgen.delay_155ns_1.genblk1\[4\].dly_binary.genblk1\[8\].delay_unit, 65.52, 10.88, 1.8
FILLER_0_125, 65.52, 5.44, 1.8
FILLER_1_133, 65.52, 5.44, 1.8
FILLER_1_143, 65.52, 5.44, 1.8
clkgen.delay_155ns_1.genblk1\[3\].dly_binary.and_bypass_switch, 65.52, 5.44, 1.8
clkgen.delay_155ns_1.genblk1\[4\].dly_binary.genblk1\[7\].delay_unit, 65.52, 5.44, 1.8
outbuf_4, 65.52, 5.44, 1.8
edgedetect.dly_315ns_1.genblk1\[3\].dly_binary.genblk1\[5\].delay_unit, 41.52, 59.84, 1.8
edgedetect.dly_315ns_1.genblk1\[2\].dly_binary.genblk1\[2\].delay_unit, 41.52, 54.4, 1.8
edgedetect.dly_315ns_1.genblk1\[4\].dly_binary.genblk1\[2\].delay_unit, 41.52, 54.4, 1.8
FILLER_17_71, 41.52, 48.96, 1.8
FILLER_17_78, 41.52, 48.96, 1.8
clkgen.delay_155ns_3.genblk1\[1\].control_invert, 41.52, 48.96, 1.8
edgedetect.dly_315ns_1.genblk1\[2\].dly_binary.genblk1\[3\].delay_unit, 41.52, 48.96, 1.8
ANTENNA_clkgen.delay_155ns_3.genblk1\[3\].control_invert_A, 41.52, 43.52, 1.8
FILLER_16_85, 41.52, 43.52, 1.8
edgedetect.dly_315ns_1.genblk1\[5\].dly_binary.genblk1\[2\].delay_unit, 41.52, 43.52, 1.8
FILLER_13_74, 41.52, 38.08, 1.8
FILLER_13_84, 41.52, 38.08, 1.8
FILLER_14_88, 41.52, 38.08, 1.8
clkgen.delay_155ns_3.genblk1\[2\].dly_binary.and_bypass_switch, 41.52, 38.08, 1.8
clkgen.delay_155ns_3.genblk1\[2\].dly_binary.genblk1\[1\].delay_unit, 41.52, 38.08, 1.8
FILLER_11_90, 41.52, 32.64, 1.8
clkgen.delay_155ns_2.genblk1\[4\].dly_binary.genblk1\[1\].delay_unit, 41.52, 32.64, 1.8
FILLER_9_90, 41.52, 27.2, 1.8
clkgen.delay_155ns_2.genblk1\[2\].dly_binary.genblk1\[1\].delay_unit, 41.52, 27.2, 1.8
FILLER_7_74, 41.52, 21.76, 1.8
FILLER_7_83, 41.52, 21.76, 1.8
clkgen.delay_155ns_2.genblk1\[2\].dly_binary.genblk1\[2\].delay_unit, 41.52, 21.76, 1.8
clkgen.delay_155ns_2.genblk1\[3\].dly_binary.genblk1\[1\].delay_unit, 41.52, 21.76, 1.8
edgedetect.or1, 41.52, 21.76, 1.8
FILLER_5_90, 41.52, 16.32, 1.8
clkgen.delay_155ns_1.genblk1\[1\].dly_binary.genblk1\[1\].delay_unit, 41.52, 16.32, 1.8
clkgen.delay_155ns_1.genblk1\[2\].dly_binary.genblk1\[1\].delay_unit, 41.52, 10.88, 1.8
clkgen.delay_155ns_1.genblk1\[3\].dly_binary.genblk1\[6\].delay_unit, 41.52, 10.88, 1.8
clkgen.delay_155ns_1.genblk1\[3\].dly_binary.genblk1\[5\].delay_unit, 41.52, 5.44, 1.8
clkgen.delay_155ns_1.genblk1\[4\].dly_binary.genblk1\[4\].delay_unit, 41.52, 5.44, 1.8
FILLER_20_19, 17.52, 59.84, 1.8
clkgen.delay_155ns_2.genblk1\[1\].dly_binary.and_bypass_switch, 17.52, 59.84, 1.8
FILLER_18_16, 17.52, 54.4, 1.8
FILLER_19_31, 17.52, 54.4, 1.8
FILLER_20_32, 17.52, 54.4, 1.8
edgedetect.dly_315ns_1.genblk1\[3\].dly_binary.genblk1\[3\].delay_unit, 17.52, 54.4, 1.8
edgedetect.dly_315ns_1.genblk1\[3\].dly_binary.genblk1\[4\].delay_unit, 17.52, 54.4, 1.8
edgedetect.dly_315ns_1.genblk1\[4\].dly_binary.out_mux, 17.52, 54.4, 1.8
FILLER_16_16, 17.52, 48.96, 1.8
FILLER_17_31, 17.52, 48.96, 1.8
FILLER_18_32, 17.52, 48.96, 1.8
edgedetect.dly_315ns_1.genblk1\[1\].dly_binary.out_mux, 17.52, 48.96, 1.8
edgedetect.dly_315ns_1.genblk1\[2\].dly_binary.genblk1\[1\].delay_unit, 17.52, 48.96, 1.8
edgedetect.dly_315ns_1.genblk1\[4\].dly_binary.genblk1\[1\].delay_unit, 17.52, 48.96, 1.8
FILLER_14_16, 17.52, 43.52, 1.8
FILLER_15_31, 17.52, 43.52, 1.8
edgedetect.dly_315ns_1.genblk1\[0\].dly_binary.out_mux, 17.52, 43.52, 1.8
edgedetect.dly_315ns_1.genblk1\[5\].dly_binary.genblk1\[0\].delay_unit, 17.52, 43.52, 1.8
edgedetect.dly_315ns_1.genblk1\[5\].dly_binary.out_mux, 17.52, 43.52, 1.8
FILLER_12_17, 17.52, 38.08, 1.8
FILLER_13_17, 17.52, 38.08, 1.8
FILLER_13_27, 17.52, 38.08, 1.8
clkgen.delay_155ns_3.genblk1\[0\].dly_binary.and_bypass_switch, 17.52, 38.08, 1.8
clkgen.delay_155ns_3.genblk1\[1\].dly_binary.and_bypass_switch, 17.52, 38.08, 1.8
edgedetect.dly_315ns_1.genblk1\[1\].dly_binary.genblk1\[1\].delay_unit, 17.52, 38.08, 1.8
edgedetect.dly_315ns_1.genblk1\[2\].dly_binary.genblk1\[0\].delay_unit, 17.52, 38.08, 1.8
FILLER_10_16, 17.52, 32.64, 1.8
FILLER_11_31, 17.52, 32.64, 1.8
FILLER_12_32, 17.52, 32.64, 1.8
clkgen.delay_155ns_2.genblk1\[4\].dly_binary.out_mux, 17.52, 32.64, 1.8
clkgen.delay_155ns_3.genblk1\[1\].dly_binary.genblk1\[0\].delay_unit, 17.52, 32.64, 1.8
clkgen.delay_155ns_3.genblk1\[1\].dly_binary.genblk1\[1\].delay_unit, 17.52, 32.64, 1.8
FILLER_8_16, 17.52, 27.2, 1.8
clkgen.delay_155ns_2.genblk1\[1\].dly_binary.genblk1\[0\].delay_unit, 17.52, 27.2, 1.8
clkgen.delay_155ns_2.genblk1\[2\].dly_binary.out_mux, 17.52, 27.2, 1.8
clkgen.delay_155ns_3.genblk1\[0\].dly_binary.genblk1\[0\].delay_unit, 17.52, 27.2, 1.8
FILLER_6_16, 17.52, 21.76, 1.8
FILLER_7_22, 17.52, 21.76, 1.8
FILLER_8_32, 17.52, 21.76, 1.8
clkgen.delay_155ns_1.genblk1\[0\].dly_binary.out_mux, 17.52, 21.76, 1.8
clkgen.delay_155ns_2.genblk1\[1\].dly_binary.genblk1\[1\].delay_unit, 17.52, 21.76, 1.8
clkgen.delay_155ns_2.genblk1\[2\].dly_binary.genblk1\[0\].delay_unit, 17.52, 21.76, 1.8
FILLER_4_16, 17.52, 16.32, 1.8
FILLER_5_31, 17.52, 16.32, 1.8
FILLER_6_32, 17.52, 16.32, 1.8
clkgen.delay_155ns_1.genblk1\[0\].dly_binary.genblk1\[0\].delay_unit, 17.52, 16.32, 1.8
clkgen.delay_155ns_1.genblk1\[1\].dly_binary.genblk1\[0\].delay_unit, 17.52, 16.32, 1.8
clkgen.delay_155ns_1.genblk1\[1\].dly_binary.out_mux, 17.52, 16.32, 1.8
FILLER_2_16, 17.52, 10.88, 1.8
FILLER_3_31, 17.52, 10.88, 1.8
FILLER_4_32, 17.52, 10.88, 1.8
clkgen.delay_155ns_1.genblk1\[2\].dly_binary.genblk1\[0\].delay_unit, 17.52, 10.88, 1.8
clkgen.delay_155ns_1.genblk1\[2\].dly_binary.out_mux, 17.52, 10.88, 1.8
clkgen.delay_155ns_1.genblk1\[4\].dly_binary.genblk1\[1\].delay_unit, 17.52, 10.88, 1.8
FILLER_0_19, 17.52, 5.44, 1.8
FILLER_0_32, 17.52, 5.44, 1.8
FILLER_1_31, 17.52, 5.44, 1.8
FILLER_2_32, 17.52, 5.44, 1.8
clkgen.delay_155ns_1.genblk1\[1\].dly_binary.and_bypass_switch, 17.52, 5.44, 1.8
clkgen.delay_155ns_1.genblk1\[3\].dly_binary.genblk1\[4\].delay_unit, 17.52, 5.44, 1.8
clkgen.delay_155ns_1.genblk1\[4\].dly_binary.genblk1\[2\].delay_unit, 17.52, 5.44, 1.8
clkgen.delay_155ns_1.genblk1\[4\].dly_binary.genblk1\[3\].delay_unit, 17.52, 5.44, 1.8
PHY_40, 5.52, 59.84, 1.8
FILLER_20_315, 154.1, 59.84, 1.8
PHY_41, 154.1, 59.84, 1.8
FILLER_20_94, 53.52, 59.84, 1.8
edgedetect.dly_315ns_1.genblk1\[3\].dly_binary.genblk1\[6\].delay_unit, 53.52, 59.84, 1.8
FILLER_20_152, 77.52, 59.84, 1.8
edgedetect.dly_315ns_1.genblk1\[5\].dly_binary.genblk1\[26\].delay_unit, 125.52, 59.84, 1.8
ANTENNA_outbuf_5_A, 145.81, 59.84, 1.8
FILLER_20_297, 145.81, 59.84, 1.8
FILLER_20_303, 145.81, 59.84, 1.8
FILLER_19_3, 5.52, 54.4, 1.8
FILLER_20_3, 5.52, 54.4, 1.8
FILLER_20_9, 5.52, 54.4, 1.8
PHY_36, 5.52, 54.4, 1.8
PHY_38, 5.52, 54.4, 1.8
edgedetect.dly_315ns_1.genblk1\[1\].dly_binary.and_bypass_switch, 5.52, 54.4, 1.8
edgedetect.dly_315ns_1.genblk1\[3\].dly_binary.genblk1\[2\].delay_unit, 5.52, 54.4, 1.8
inbuf_2, 5.52, 54.4, 1.8
FILLER_19_315, 154.1, 54.4, 1.8
PHY_37, 154.1, 54.4, 1.8
PHY_39, 154.1, 54.4, 1.8
FILLER_19_63, 29.52, 54.4, 1.8
FILLER_20_63, 29.52, 54.4, 1.8
FILLER_18_94, 53.52, 54.4, 1.8
FILLER_19_93, 53.52, 54.4, 1.8
edgedetect.dly_315ns_1.genblk1\[3\].dly_binary.genblk1\[7\].delay_unit, 53.52, 54.4, 1.8
edgedetect.dly_315ns_1.genblk1\[4\].dly_binary.genblk1\[3\].delay_unit, 53.52, 54.4, 1.8
FILLER_19_153, 77.52, 54.4, 1.8
FILLER_20_164, 77.52, 54.4, 1.8
edgedetect.dly_315ns_1.genblk1\[2\].bypass_enable, 77.52, 54.4, 1.8
edgedetect.dly_315ns_1.genblk1\[3\].dly_binary.and_bypass_switch, 77.52, 54.4, 1.8
edgedetect.dly_315ns_1.genblk1\[4\].dly_binary.genblk1\[7\].delay_unit, 77.52, 54.4, 1.8
FILLER_19_214, 101.52, 54.4, 1.8
FILLER_20_214, 101.52, 54.4, 1.8
edgedetect.dly_315ns_1.genblk1\[4\].dly_binary.genblk1\[10\].delay_unit, 101.52, 54.4, 1.8
edgedetect.dly_315ns_1.genblk1\[4\].dly_binary.genblk1\[11\].delay_unit, 101.52, 54.4, 1.8
edgedetect.dly_315ns_1.genblk1\[4\].dly_binary.genblk1\[12\].delay_unit, 125.52, 54.4, 1.8
edgedetect.dly_315ns_1.genblk1\[4\].dly_binary.genblk1\[13\].delay_unit, 125.52, 54.4, 1.8
ANTENNA_edgedetect.dly_315ns_1.genblk1\[1\].dly_binary.out_mux_S, 145.81, 54.4, 1.8
ANTENNA_edgedetect.dly_315ns_1.genblk1\[4\].control_invert_A, 145.81, 54.4, 1.8
FILLER_17_3, 5.52, 48.96, 1.8
FILLER_18_3, 5.52, 48.96, 1.8
PHY_32, 5.52, 48.96, 1.8
PHY_34, 5.52, 48.96, 1.8
edgedetect.dly_315ns_1.genblk1\[3\].dly_binary.out_mux, 5.52, 48.96, 1.8
edgedetect.dly_315ns_1.genblk1\[4\].dly_binary.genblk1\[0\].delay_unit, 5.52, 48.96, 1.8
FILLER_16_317, 154.1, 48.96, 1.8
FILLER_17_315, 154.1, 48.96, 1.8
PHY_33, 154.1, 48.96, 1.8
PHY_35, 154.1, 48.96, 1.8
FILLER_16_43, 29.52, 48.96, 1.8
FILLER_18_62, 29.52, 48.96, 1.8
clkgen.delay_155ns_2.genblk1\[2\].dly_binary.and_bypass_switch, 29.52, 48.96, 1.8
edgedetect.dly_315ns_1.genblk1\[5\].dly_binary.and_bypass_switch, 29.52, 48.96, 1.8
FILLER_17_107, 53.52, 48.96, 1.8
FILLER_17_117, 53.52, 48.96, 1.8
edgedetect.dly_315ns_1.genblk1\[5\].dly_binary.genblk1\[3\].delay_unit, 53.52, 48.96, 1.8
outbuf_3, 53.52, 48.96, 1.8
FILLER_17_152, 77.52, 48.96, 1.8
edgedetect.dly_315ns_1.genblk1\[4\].dly_binary.genblk1\[14\].delay_unit, 77.52, 48.96, 1.8
edgedetect.dly_315ns_1.genblk1\[4\].dly_binary.genblk1\[15\].delay_unit, 77.52, 48.96, 1.8
FILLER_16_203, 101.52, 48.96, 1.8
FILLER_17_214, 101.52, 48.96, 1.8
edgedetect.dly_315ns_1.genblk1\[1\].bypass_enable, 101.52, 48.96, 1.8
edgedetect.dly_315ns_1.genblk1\[5\].bypass_enable, 101.52, 48.96, 1.8
edgedetect.dly_315ns_1.genblk1\[5\].dly_binary.genblk1\[23\].delay_unit, 101.52, 48.96, 1.8
edgedetect.dly_315ns_1.genblk1\[5\].dly_binary.genblk1\[24\].delay_unit, 101.52, 48.96, 1.8
edgedetect.dly_315ns_1.genblk1\[5\].dly_binary.genblk1\[17\].delay_unit, 125.52, 48.96, 1.8
edgedetect.dly_315ns_1.genblk1\[5\].dly_binary.genblk1\[25\].delay_unit, 125.52, 48.96, 1.8
ANTENNA_clkgen.delay_155ns_2.genblk1\[2\].dly_binary.and_bypass_switch_A_N, 145.81, 48.96, 1.8
ANTENNA_clkgen.delay_155ns_3.genblk1\[1\].control_invert_A, 145.81, 48.96, 1.8
FILLER_17_305, 145.81, 48.96, 1.8
FILLER_18_307, 145.81, 48.96, 1.8
FILLER_18_313, 145.81, 48.96, 1.8
FILLER_15_3, 5.52, 43.52, 1.8
FILLER_16_3, 5.52, 43.52, 1.8
PHY_28, 5.52, 43.52, 1.8
PHY_30, 5.52, 43.52, 1.8
edgedetect.dly_315ns_1.genblk1\[1\].dly_binary.genblk1\[0\].delay_unit, 5.52, 43.52, 1.8
edgedetect.dly_315ns_1.genblk1\[2\].dly_binary.out_mux, 5.52, 43.52, 1.8
FILLER_15_315, 154.1, 43.52, 1.8
PHY_29, 154.1, 43.52, 1.8
PHY_31, 154.1, 43.52, 1.8
FILLER_15_63, 29.52, 43.52, 1.8
FILLER_16_56, 29.52, 43.52, 1.8
edgedetect.dly_315ns_1.genblk1\[5\].dly_binary.genblk1\[1\].delay_unit, 29.52, 43.52, 1.8
FILLER_14_94, 53.52, 43.52, 1.8
FILLER_15_93, 53.52, 43.52, 1.8
edgedetect.dly_315ns_1.genblk1\[5\].dly_binary.genblk1\[4\].delay_unit, 53.52, 43.52, 1.8
edgedetect.dly_315ns_1.genblk1\[5\].dly_binary.genblk1\[5\].delay_unit, 53.52, 43.52, 1.8
FILLER_16_164, 77.52, 43.52, 1.8
edgedetect.dly_315ns_1.genblk1\[4\].dly_binary.and_bypass_switch, 77.52, 43.52, 1.8
edgedetect.dly_315ns_1.genblk1\[5\].dly_binary.genblk1\[20\].delay_unit, 77.52, 43.52, 1.8
edgedetect.dly_315ns_1.genblk1\[5\].dly_binary.genblk1\[8\].delay_unit, 77.52, 43.52, 1.8
FILLER_14_199, 101.52, 43.52, 1.8
FILLER_14_208, 101.52, 43.52, 1.8
FILLER_15_214, 101.52, 43.52, 1.8
FILLER_16_212, 101.52, 43.52, 1.8
FILLER_16_218, 101.52, 43.52, 1.8
edgedetect.dly_315ns_1.genblk1\[0\].bypass_enable, 101.52, 43.52, 1.8
edgedetect.dly_315ns_1.genblk1\[5\].dly_binary.genblk1\[13\].delay_unit, 101.52, 43.52, 1.8
edgedetect.dly_315ns_1.genblk1\[5\].dly_binary.genblk1\[15\].delay_unit, 125.52, 43.52, 1.8
edgedetect.dly_315ns_1.genblk1\[5\].dly_binary.genblk1\[16\].delay_unit, 125.52, 43.52, 1.8
ANTENNA_edgedetect.dly_315ns_1.genblk1\[5\].bypass_enable_A, 145.81, 43.52, 1.8
FILLER_15_305, 145.81, 43.52, 1.8
ANTENNA_outbuf_3_A, 5.52, 38.08, 1.8
FILLER_13_7, 5.52, 38.08, 1.8
FILLER_14_3, 5.52, 38.08, 1.8
PHY_24, 5.52, 38.08, 1.8
PHY_26, 5.52, 38.08, 1.8
clkgen.delay_155ns_3.enablebuffer, 5.52, 38.08, 1.8
edgedetect.dly_315ns_1.genblk1\[0\].dly_binary.and_bypass_switch, 5.52, 38.08, 1.8
FILLER_13_315, 154.1, 38.08, 1.8
PHY_25, 154.1, 38.08, 1.8
PHY_27, 154.1, 38.08, 1.8
FILLER_13_56, 29.52, 38.08, 1.8
FILLER_14_59, 29.52, 38.08, 1.8
clkgen.delay_155ns_3.genblk1\[1\].dly_binary.out_mux, 29.52, 38.08, 1.8
clkgen.delay_155ns_3.genblk1\[2\].dly_binary.genblk1\[0\].delay_unit, 29.52, 38.08, 1.8
FILLER_12_94, 53.52, 38.08, 1.8
FILLER_13_117, 53.52, 38.08, 1.8
clkgen.delay_155ns_2.genblk1\[4\].dly_binary.genblk1\[3\].delay_unit, 53.52, 38.08, 1.8
clkgen.delay_155ns_3.genblk1\[2\].dly_binary.genblk1\[2\].delay_unit, 53.52, 38.08, 1.8
FILLER_13_153, 77.52, 38.08, 1.8
FILLER_14_163, 77.52, 38.08, 1.8
clkgen.delay_155ns_3.genblk1\[0\].bypass_enable, 77.52, 38.08, 1.8
clkgen.delay_155ns_3.genblk1\[3\].control_invert, 77.52, 38.08, 1.8
edgedetect.dly_315ns_1.genblk1\[5\].dly_binary.genblk1\[9\].delay_unit, 77.52, 38.08, 1.8
FILLER_12_204, 101.52, 38.08, 1.8
clkgen.delay_155ns_2.genblk1\[4\].dly_binary.genblk1\[9\].delay_unit, 101.52, 38.08, 1.8
clkgen.delay_155ns_3.genblk1\[1\].bypass_enable, 101.52, 38.08, 1.8
clkgen.delay_155ns_3.genblk1\[2\].bypass_enable, 101.52, 38.08, 1.8
edgedetect.dly_315ns_1.genblk1\[0\].control_invert, 101.52, 38.08, 1.8
edgedetect.dly_315ns_1.genblk1\[5\].dly_binary.genblk1\[12\].delay_unit, 101.52, 38.08, 1.8
ANTENNA_clkgen.delay_155ns_3.genblk1\[0\].bypass_enable_A, 125.52, 38.08, 1.8
ANTENNA_clkgen.delay_155ns_3.genblk1\[1\].bypass_enable_A, 125.52, 38.08, 1.8
ANTENNA_clkgen.delay_155ns_3.genblk1\[4\].bypass_enable_A, 125.52, 38.08, 1.8
ANTENNA_edgedetect.dly_315ns_1.genblk1\[4\].dly_binary.and_bypass_switch_A_N, 125.52, 38.08, 1.8
FILLER_12_252, 125.52, 38.08, 1.8
FILLER_12_258, 125.52, 38.08, 1.8
FILLER_13_254, 125.52, 38.08, 1.8
FILLER_13_260, 125.52, 38.08, 1.8
FILLER_13_266, 125.52, 38.08, 1.8
FILLER_13_272, 125.52, 38.08, 1.8
edgedetect.dly_315ns_1.genblk1\[2\].control_invert, 125.52, 38.08, 1.8
edgedetect.dly_315ns_1.genblk1\[5\].control_invert, 125.52, 38.08, 1.8
ANTENNA_edgedetect.dly_315ns_1.genblk1\[3\].control_invert_A, 145.81, 38.08, 1.8
ANTENNA_edgedetect.dly_315ns_1.genblk1\[5\].dly_binary.out_mux_A0, 145.81, 38.08, 1.8
FILLER_14_307, 145.81, 38.08, 1.8
FILLER_14_313, 145.81, 38.08, 1.8
ANTENNA_clkgen.delay_155ns_2.genblk1\[3\].dly_binary.out_mux_S, 5.52, 32.64, 1.8
FILLER_11_3, 5.52, 32.64, 1.8
FILLER_12_7, 5.52, 32.64, 1.8
PHY_20, 5.52, 32.64, 1.8
PHY_22, 5.52, 32.64, 1.8
edgedetect.dly_315ns_1.enablebuffer, 5.52, 32.64, 1.8
edgedetect.dly_315ns_1.genblk1\[0\].dly_binary.genblk1\[0\].delay_unit, 5.52, 32.64, 1.8
FILLER_11_315, 154.1, 32.64, 1.8
PHY_21, 154.1, 32.64, 1.8
PHY_23, 154.1, 32.64, 1.8
FILLER_12_62, 29.52, 32.64, 1.8
edgedetect.dly_315ns_1.genblk1\[3\].dly_binary.genblk1\[0\].delay_unit, 29.52, 32.64, 1.8
clkgen.delay_155ns_2.genblk1\[4\].dly_binary.genblk1\[2\].delay_unit, 53.52, 32.64, 1.8
clkgen.delay_155ns_3.genblk1\[2\].dly_binary.genblk1\[3\].delay_unit, 53.52, 32.64, 1.8
FILLER_11_152, 77.52, 32.64, 1.8
FILLER_12_163, 77.52, 32.64, 1.8
clkgen.delay_155ns_2.genblk1\[4\].dly_binary.genblk1\[6\].delay_unit, 77.52, 32.64, 1.8
clkgen.delay_155ns_3.genblk1\[3\].bypass_enable, 77.52, 32.64, 1.8
FILLER_10_204, 101.52, 32.64, 1.8
FILLER_11_214, 101.52, 32.64, 1.8
FILLER_12_213, 101.52, 32.64, 1.8
clkgen.delay_155ns_2.genblk1\[4\].dly_binary.genblk1\[10\].delay_unit, 101.52, 32.64, 1.8
clkgen.delay_155ns_2.genblk1\[4\].dly_binary.genblk1\[11\].delay_unit, 101.52, 32.64, 1.8
edgedetect.dly_315ns_1.genblk1\[3\].bypass_enable, 101.52, 32.64, 1.8
ANTENNA_clkgen.delay_155ns_3.genblk1\[2\].bypass_enable_A, 125.52, 32.64, 1.8
ANTENNA_clkgen.delay_155ns_3.genblk1\[2\].bypass_enable_B, 125.52, 32.64, 1.8
FILLER_12_264, 125.52, 32.64, 1.8
FILLER_12_270, 125.52, 32.64, 1.8
clkgen.delay_155ns_2.genblk1\[4\].dly_binary.genblk1\[12\].delay_unit, 125.52, 32.64, 1.8
clkgen.delay_155ns_2.genblk1\[4\].dly_binary.genblk1\[13\].delay_unit, 125.52, 32.64, 1.8
ANTENNA_clkgen.delay_155ns_2.genblk1\[4\].dly_binary.out_mux_S, 145.81, 32.64, 1.8
ANTENNA_edgedetect.dly_315ns_1.enablebuffer_A, 145.81, 32.64, 1.8
ANTENNA_edgedetect.dly_315ns_1.genblk1\[2\].control_invert_A, 145.81, 32.64, 1.8
FILLER_11_300, 145.81, 32.64, 1.8
FILLER_11_306, 145.81, 32.64, 1.8
FILLER_10_3, 5.52, 27.2, 1.8
FILLER_9_11, 5.52, 27.2, 1.8
PHY_16, 5.52, 27.2, 1.8
PHY_18, 5.52, 27.2, 1.8
clkgen.delay_155ns_2.genblk1\[3\].dly_binary.and_bypass_switch, 5.52, 27.2, 1.8
clkgen.delay_155ns_2.genblk1\[4\].dly_binary.and_bypass_switch, 5.52, 27.2, 1.8
FILLER_9_315, 154.1, 27.2, 1.8
PHY_17, 154.1, 27.2, 1.8
PHY_19, 154.1, 27.2, 1.8
FILLER_10_59, 29.52, 27.2, 1.8
FILLER_9_40, 29.52, 27.2, 1.8
FILLER_9_53, 29.52, 27.2, 1.8
clkgen.delay_155ns_2.genblk1\[4\].dly_binary.genblk1\[0\].delay_unit, 29.52, 27.2, 1.8
clkgen.delay_155ns_3.genblk1\[0\].dly_binary.out_mux, 29.52, 27.2, 1.8
inbuf_3, 29.52, 27.2, 1.8
FILLER_8_94, 53.52, 27.2, 1.8
clkgen.delay_155ns_2.genblk1\[2\].dly_binary.genblk1\[3\].delay_unit, 53.52, 27.2, 1.8
clkgen.delay_155ns_3.genblk1\[4\].dly_binary.genblk1\[0\].delay_unit, 53.52, 27.2, 1.8
FILLER_10_167, 77.52, 27.2, 1.8
FILLER_9_149, 77.52, 27.2, 1.8
clkgen.delay_155ns_3.genblk1\[3\].dly_binary.genblk1\[2\].delay_unit, 77.52, 27.2, 1.8
clkgen.delay_155ns_3.genblk1\[4\].dly_binary.out_mux, 77.52, 27.2, 1.8
FILLER_10_213, 101.52, 27.2, 1.8
FILLER_8_200, 101.52, 27.2, 1.8
FILLER_9_217, 101.52, 27.2, 1.8
clkgen.delay_155ns_2.genblk1\[3\].bypass_enable, 101.52, 27.2, 1.8
clkgen.delay_155ns_3.genblk1\[3\].dly_binary.genblk1\[6\].delay_unit, 101.52, 27.2, 1.8
clkgen.delay_155ns_3.genblk1\[3\].dly_binary.genblk1\[7\].delay_unit, 101.52, 27.2, 1.8
ANTENNA_edgedetect.dly_315ns_1.genblk1\[3\].bypass_enable_A, 125.52, 27.2, 1.8
FILLER_8_259, 125.52, 27.2, 1.8
FILLER_9_254, 125.52, 27.2, 1.8
FILLER_9_260, 125.52, 27.2, 1.8
clkgen.delay_155ns_2.genblk1\[1\].control_invert, 125.52, 27.2, 1.8
clkgen.delay_155ns_2.genblk1\[4\].dly_binary.genblk1\[14\].delay_unit, 125.52, 27.2, 1.8
ANTENNA_clkgen.delay_155ns_2.genblk1\[3\].dly_binary.and_bypass_switch_A_N, 145.81, 27.2, 1.8
ANTENNA_clkgen.delay_155ns_2.genblk1\[4\].dly_binary.out_mux_A0, 145.81, 27.2, 1.8
ANTENNA_clkgen.delay_155ns_3.enablebuffer_A, 145.81, 27.2, 1.8
ANTENNA_edgedetect.dly_315ns_1.genblk1\[0\].dly_binary.out_mux_A1, 145.81, 27.2, 1.8
FILLER_10_307, 145.81, 27.2, 1.8
FILLER_10_313, 145.81, 27.2, 1.8
FILLER_9_301, 145.81, 27.2, 1.8
FILLER_9_307, 145.81, 27.2, 1.8
FILLER_7_3, 5.52, 21.76, 1.8
FILLER_7_9, 5.52, 21.76, 1.8
FILLER_8_3, 5.52, 21.76, 1.8
PHY_12, 5.52, 21.76, 1.8
PHY_14, 5.52, 21.76, 1.8
clkgen.delay_155ns_2.genblk1\[0\].dly_binary.out_mux, 5.52, 21.76, 1.8
clkgen.delay_155ns_2.genblk1\[1\].dly_binary.out_mux, 5.52, 21.76, 1.8
clkgen.delay_155ns_3.genblk1\[0\].control_invert, 5.52, 21.76, 1.8
FILLER_7_315, 154.1, 21.76, 1.8
PHY_13, 154.1, 21.76, 1.8
PHY_15, 154.1, 21.76, 1.8
FILLER_7_51, 29.52, 21.76, 1.8
FILLER_8_62, 29.52, 21.76, 1.8
clkgen.delay_155ns_2.genblk1\[3\].dly_binary.out_mux, 29.52, 21.76, 1.8
clkgen.nor1, 29.52, 21.76, 1.8
FILLER_6_94, 53.52, 21.76, 1.8
FILLER_7_112, 53.52, 21.76, 1.8
clkgen.delay_155ns_2.genblk1\[3\].dly_binary.genblk1\[3\].delay_unit, 53.52, 21.76, 1.8
clkgen.delay_155ns_3.genblk1\[4\].dly_binary.and_bypass_switch, 53.52, 21.76, 1.8
FILLER_7_155, 77.52, 21.76, 1.8
FILLER_8_161, 77.52, 21.76, 1.8
clkgen.delay_155ns_3.genblk1\[3\].dly_binary.genblk1\[3\].delay_unit, 77.52, 21.76, 1.8
clkgen.delay_155ns_3.genblk1\[4\].control_invert, 77.52, 21.76, 1.8
clkgen.delay_155ns_3.genblk1\[4\].dly_binary.genblk1\[3\].delay_unit, 77.52, 21.76, 1.8
ANTENNA_clkgen.delay_155ns_3.genblk1\[3\].bypass_enable_A, 101.52, 21.76, 1.8
FILLER_6_198, 101.52, 21.76, 1.8
FILLER_6_208, 101.52, 21.76, 1.8
FILLER_7_214, 101.52, 21.76, 1.8
FILLER_8_209, 101.52, 21.76, 1.8
clkgen.delay_155ns_1.enablebuffer, 101.52, 21.76, 1.8
clkgen.delay_155ns_2.genblk1\[0\].bypass_enable, 101.52, 21.76, 1.8
clkgen.delay_155ns_3.genblk1\[4\].dly_binary.genblk1\[7\].delay_unit, 101.52, 21.76, 1.8
ANTENNA_clkgen.delay_155ns_2.genblk1\[1\].control_invert_A, 125.52, 21.76, 1.8
FILLER_8_266, 125.52, 21.76, 1.8
FILLER_8_272, 125.52, 21.76, 1.8
clkgen.delay_155ns_2.genblk1\[0\].control_invert, 125.52, 21.76, 1.8
clkgen.delay_155ns_3.genblk1\[4\].dly_binary.genblk1\[10\].delay_unit, 125.52, 21.76, 1.8
clkgen.delay_155ns_3.genblk1\[4\].dly_binary.genblk1\[11\].delay_unit, 125.52, 21.76, 1.8
ANTENNA_edgedetect.dly_315ns_1.genblk1\[3\].dly_binary.out_mux_S, 145.81, 21.76, 1.8
ANTENNA_inbuf_2_A, 145.81, 21.76, 1.8
FILLER_7_305, 145.81, 21.76, 1.8
FILLER_8_307, 145.81, 21.76, 1.8
FILLER_8_313, 145.81, 21.76, 1.8
FILLER_5_3, 5.52, 16.32, 1.8
FILLER_6_3, 5.52, 16.32, 1.8
PHY_10, 5.52, 16.32, 1.8
PHY_8, 5.52, 16.32, 1.8
clkgen.delay_155ns_1.genblk1\[4\].dly_binary.out_mux, 5.52, 16.32, 1.8
clkgen.delay_155ns_2.genblk1\[0\].dly_binary.genblk1\[0\].delay_unit, 5.52, 16.32, 1.8
FILLER_4_314, 154.1, 16.32, 1.8
PHY_11, 154.1, 16.32, 1.8
PHY_9, 154.1, 16.32, 1.8
FILLER_6_62, 29.52, 16.32, 1.8
clkgen.delay_155ns_2.genblk1\[3\].dly_binary.genblk1\[0\].delay_unit, 29.52, 16.32, 1.8
clkgen.delay_155ns_1.genblk1\[2\].dly_binary.genblk1\[3\].delay_unit, 53.52, 16.32, 1.8
clkgen.delay_155ns_2.genblk1\[3\].dly_binary.genblk1\[2\].delay_unit, 53.52, 16.32, 1.8
FILLER_4_150, 77.52, 16.32, 1.8
FILLER_5_154, 77.52, 16.32, 1.8
FILLER_6_164, 77.52, 16.32, 1.8
clkgen.delay_155ns_2.enablebuffer, 77.52, 16.32, 1.8
clkgen.delay_155ns_2.genblk1\[3\].dly_binary.genblk1\[7\].delay_unit, 77.52, 16.32, 1.8
FILLER_4_202, 101.52, 16.32, 1.8
FILLER_6_218, 101.52, 16.32, 1.8
clkgen.delay_155ns_1.genblk1\[4\].dly_binary.and_bypass_switch, 101.52, 16.32, 1.8
clkgen.delay_155ns_2.genblk1\[2\].control_invert, 101.52, 16.32, 1.8
clkgen.delay_155ns_3.genblk1\[4\].dly_binary.genblk1\[6\].delay_unit, 101.52, 16.32, 1.8
ANTENNA_clkgen.delay_155ns_1.enablebuffer_A, 125.52, 16.32, 1.8
ANTENNA_clkgen.delay_155ns_2.genblk1\[0\].control_invert_A, 125.52, 16.32, 1.8
ANTENNA_clkgen.delay_155ns_2.genblk1\[0\].dly_binary.and_bypass_switch_B, 125.52, 16.32, 1.8
ANTENNA_clkgen.delay_155ns_2.genblk1\[2\].control_invert_A, 125.52, 16.32, 1.8
ANTENNA_edgedetect.dly_315ns_1.genblk1\[0\].dly_binary.and_bypass_switch_B, 125.52, 16.32, 1.8
FILLER_4_251, 125.52, 16.32, 1.8
FILLER_4_257, 125.52, 16.32, 1.8
FILLER_5_254, 125.52, 16.32, 1.8
FILLER_5_260, 125.52, 16.32, 1.8
FILLER_5_266, 125.52, 16.32, 1.8
FILLER_5_272, 125.52, 16.32, 1.8
clkgen.delay_155ns_1.genblk1\[3\].control_invert, 125.52, 16.32, 1.8
FILLER_5_311, 145.81, 16.32, 1.8
FILLER_6_313, 145.81, 16.32, 1.8
outbuf_2, 145.81, 16.32, 1.8
FILLER_3_3, 5.52, 10.88, 1.8
FILLER_4_3, 5.52, 10.88, 1.8
PHY_4, 5.52, 10.88, 1.8
PHY_6, 5.52, 10.88, 1.8
clkgen.delay_155ns_1.genblk1\[3\].dly_binary.out_mux, 5.52, 10.88, 1.8
clkgen.delay_155ns_1.genblk1\[4\].dly_binary.genblk1\[0\].delay_unit, 5.52, 10.88, 1.8
FILLER_2_316, 154.1, 10.88, 1.8
PHY_5, 154.1, 10.88, 1.8
PHY_7, 154.1, 10.88, 1.8
FILLER_3_63, 29.52, 10.88, 1.8
FILLER_4_62, 29.52, 10.88, 1.8
FILLER_3_93, 53.52, 10.88, 1.8
clkgen.delay_155ns_1.genblk1\[2\].dly_binary.genblk1\[2\].delay_unit, 53.52, 10.88, 1.8
clkgen.delay_155ns_1.genblk1\[3\].dly_binary.genblk1\[7\].delay_unit, 53.52, 10.88, 1.8
FILLER_3_152, 77.52, 10.88, 1.8
FILLER_4_164, 77.52, 10.88, 1.8
clkgen.delay_155ns_1.genblk1\[4\].dly_binary.genblk1\[10\].delay_unit, 77.52, 10.88, 1.8
clkgen.delay_155ns_2.genblk1\[0\].dly_binary.and_bypass_switch, 77.52, 10.88, 1.8
clkgen.delay_155ns_2.genblk1\[2\].bypass_enable, 77.52, 10.88, 1.8
FILLER_2_200, 101.52, 10.88, 1.8
FILLER_3_214, 101.52, 10.88, 1.8
FILLER_4_212, 101.52, 10.88, 1.8
clkgen.delay_155ns_1.genblk1\[4\].bypass_enable, 101.52, 10.88, 1.8
clkgen.delay_155ns_1.genblk1\[4\].dly_binary.genblk1\[14\].delay_unit, 101.52, 10.88, 1.8
clkgen.delay_155ns_1.genblk1\[4\].dly_binary.genblk1\[15\].delay_unit, 101.52, 10.88, 1.8
ANTENNA_clkgen.delay_155ns_1.genblk1\[0\].dly_binary.out_mux_S, 125.52, 10.88, 1.8
ANTENNA_clkgen.delay_155ns_1.genblk1\[3\].control_invert_A, 125.52, 10.88, 1.8
ANTENNA_clkgen.delay_155ns_1.genblk1\[4\].dly_binary.and_bypass_switch_B, 125.52, 10.88, 1.8
ANTENNA_clkgen.delay_155ns_1.genblk1\[4\].dly_binary.out_mux_A0, 125.52, 10.88, 1.8
ANTENNA_clkgen.delay_155ns_2.genblk1\[0\].dly_binary.out_mux_A1, 125.52, 10.88, 1.8
ANTENNA_clkgen.delay_155ns_2.genblk1\[1\].dly_binary.out_mux_S, 125.52, 10.88, 1.8
ANTENNA_clkgen.delay_155ns_2.genblk1\[2\].dly_binary.out_mux_S, 125.52, 10.88, 1.8
ANTENNA_edgedetect.dly_315ns_1.genblk1\[4\].dly_binary.out_mux_S, 125.52, 10.88, 1.8
ANTENNA_inbuf_1_A, 125.52, 10.88, 1.8
FILLER_2_248, 125.52, 10.88, 1.8
FILLER_2_254, 125.52, 10.88, 1.8
FILLER_2_260, 125.52, 10.88, 1.8
FILLER_3_253, 125.52, 10.88, 1.8
FILLER_3_259, 125.52, 10.88, 1.8
FILLER_3_265, 125.52, 10.88, 1.8
FILLER_3_271, 125.52, 10.88, 1.8
FILLER_4_263, 125.52, 10.88, 1.8
FILLER_4_269, 125.52, 10.88, 1.8
FILLER_3_301, 145.81, 10.88, 1.8
FILLER_3_311, 145.81, 10.88, 1.8
FILLER_0_3, 5.52, 5.44, 1.8
FILLER_0_9, 5.52, 5.44, 1.8
FILLER_1_3, 5.52, 5.44, 1.8
FILLER_2_3, 5.52, 5.44, 1.8
PHY_0, 5.52, 5.44, 1.8
PHY_2, 5.52, 5.44, 1.8
clkgen.delay_155ns_1.genblk1\[0\].dly_binary.and_bypass_switch, 5.52, 5.44, 1.8
clkgen.delay_155ns_1.genblk1\[2\].dly_binary.and_bypass_switch, 5.52, 5.44, 1.8
clkgen.delay_155ns_1.genblk1\[3\].dly_binary.genblk1\[3\].delay_unit, 5.52, 5.44, 1.8
clkgen.delay_155ns_3.genblk1\[2\].control_invert, 5.52, 5.44, 1.8
PHY_1, 154.1, 5.44, 1.8
PHY_3, 154.1, 5.44, 1.8
FILLER_0_63, 29.52, 5.44, 1.8
FILLER_1_63, 29.52, 5.44, 1.8
FILLER_2_62, 29.52, 5.44, 1.8
FILLER_0_94, 53.52, 5.44, 1.8
FILLER_1_93, 53.52, 5.44, 1.8
clkgen.delay_155ns_1.genblk1\[4\].dly_binary.genblk1\[5\].delay_unit, 53.52, 5.44, 1.8
clkgen.delay_155ns_1.genblk1\[4\].dly_binary.genblk1\[6\].delay_unit, 53.52, 5.44, 1.8
FILLER_2_161, 77.52, 5.44, 1.8
clkgen.delay_155ns_1.genblk1\[3\].dly_binary.genblk1\[0\].delay_unit, 77.52, 5.44, 1.8
clkgen.delay_155ns_1.genblk1\[4\].dly_binary.genblk1\[11\].delay_unit, 77.52, 5.44, 1.8
clkgen.delay_155ns_1.genblk1\[4\].dly_binary.genblk1\[9\].delay_unit, 77.52, 5.44, 1.8
clkgen.delay_155ns_2.genblk1\[3\].control_invert, 77.52, 5.44, 1.8
ANTENNA_clkgen.delay_155ns_3.genblk1\[4\].control_invert_A, 101.52, 5.44, 1.8
FILLER_0_201, 101.52, 5.44, 1.8
FILLER_0_208, 101.52, 5.44, 1.8
FILLER_1_214, 101.52, 5.44, 1.8
FILLER_1_221, 101.52, 5.44, 1.8
FILLER_2_209, 101.52, 5.44, 1.8
clkgen.clkdig_inverter, 101.52, 5.44, 1.8
clkgen.delay_155ns_1.genblk1\[0\].control_invert, 101.52, 5.44, 1.8
clkgen.delay_155ns_1.genblk1\[1\].control_invert, 101.52, 5.44, 1.8
clkgen.delay_155ns_1.genblk1\[2\].control_invert, 101.52, 5.44, 1.8
clkgen.delay_155ns_1.genblk1\[4\].control_invert, 101.52, 5.44, 1.8
outbuf_6, 101.52, 5.44, 1.8
ANTENNA_clkgen.delay_155ns_1.genblk1\[0\].control_invert_A, 125.52, 5.44, 1.8
ANTENNA_clkgen.delay_155ns_1.genblk1\[0\].dly_binary.and_bypass_switch_A_N, 125.52, 5.44, 1.8
ANTENNA_clkgen.delay_155ns_1.genblk1\[1\].dly_binary.and_bypass_switch_A_N, 125.52, 5.44, 1.8
ANTENNA_clkgen.delay_155ns_1.genblk1\[1\].dly_binary.out_mux_S, 125.52, 5.44, 1.8
ANTENNA_clkgen.delay_155ns_1.genblk1\[2\].dly_binary.and_bypass_switch_A_N, 125.52, 5.44, 1.8
ANTENNA_clkgen.delay_155ns_1.genblk1\[2\].dly_binary.out_mux_S, 125.52, 5.44, 1.8
ANTENNA_clkgen.delay_155ns_1.genblk1\[4\].dly_binary.out_mux_A1, 125.52, 5.44, 1.8
ANTENNA_clkgen.delay_155ns_3.genblk1\[2\].control_invert_A, 125.52, 5.44, 1.8
ANTENNA_outbuf_4_A, 125.52, 5.44, 1.8
ANTENNA_outbuf_6_A, 125.52, 5.44, 1.8
FILLER_0_253, 125.52, 5.44, 1.8
FILLER_0_259, 125.52, 5.44, 1.8
FILLER_0_265, 125.52, 5.44, 1.8
FILLER_0_271, 125.52, 5.44, 1.8
FILLER_1_253, 125.52, 5.44, 1.8
FILLER_1_259, 125.52, 5.44, 1.8
FILLER_1_265, 125.52, 5.44, 1.8
FILLER_2_266, 125.52, 5.44, 1.8
FILLER_2_272, 125.52, 5.44, 1.8
FILLER_0_304, 145.81, 5.44, 1.8
FILLER_0_311, 145.81, 5.44, 1.8
FILLER_1_307, 145.81, 5.44, 1.8
FILLER_1_311, 145.81, 5.44, 1.8

