
===========================================================================
report_checks -unconstrained
============================================================================
Startpoint: nsample_p (input port clocked by __VIRTUAL_CLK__)
Endpoint: nsample_p_buf (output port clocked by __VIRTUAL_CLK__)
Path Group: __VIRTUAL_CLK__
Path Type: max

Fanout     Cap    Slew   Delay    Time   Description
-----------------------------------------------------------------------------
                  0.00    0.00    0.00   clock __VIRTUAL_CLK__ (rise edge)
                          0.00    0.00   clock network delay (ideal)
                          2.00    2.00 ^ input external delay
                  0.05    0.04    2.04 ^ nsample_p (in)
     1    0.01                           nsample_p (net)
                  0.05    0.00    2.04 ^ outbuf_5/A (sky130_fd_sc_hd__buf_4)
                  0.10    0.17    2.20 ^ outbuf_5/X (sky130_fd_sc_hd__buf_4)
     1    0.03                           nsample_p_buf (net)
                  0.10    0.00    2.20 ^ nsample_p_buf (out)
                                  2.20   data arrival time

                  0.00   10.00   10.00   clock __VIRTUAL_CLK__ (rise edge)
                          0.00   10.00   clock network delay (ideal)
                         -0.25    9.75   clock uncertainty
                          0.00    9.75   clock reconvergence pessimism
                         -2.00    7.75   output external delay
                                  7.75   data required time
-----------------------------------------------------------------------------
                                  7.75   data required time
                                 -2.20   data arrival time
-----------------------------------------------------------------------------
                                  5.55   slack (MET)



===========================================================================
report_checks --slack_max -0.01
============================================================================
No paths found.
