OpenROAD v2.0-5793-g9b9f3bff1 
This program is licensed under the BSD-3 license. See the LICENSE file for details.
Components of this program may be licensed under more restrictive licenses which must be honored.
[WARNING STA-0164] /foss/designs/SKY130_SAR-ADC/openlane/adc_clkgen_with_edgedetect/src/sky130_mm_sc_hd_dlyPoly5ns.lib line 242, timing group from output port.
Placement Analysis
---------------------------------
total displacement       7565.2 u
average displacement       17.4 u
max displacement          132.3 u
original HPWL            3039.6 u
legalized HPWL          11164.4 u
delta HPWL                  267 %

[INFO DPL-0020] Mirrored 103 instances
[INFO DPL-0021] HPWL before           11164.4 u
[INFO DPL-0022] HPWL after            10629.9 u
[INFO DPL-0023] HPWL delta               -4.8 %
Setting global connections for newly added cells...
Writing OpenROAD database to /foss/designs/SKY130_SAR-ADC/openlane/adc_clkgen_with_edgedetect/runs/wurscht/results/placement/adc_clkgen_with_edgedetect.odb...
Writing netlist to /foss/designs/SKY130_SAR-ADC/openlane/adc_clkgen_with_edgedetect/runs/wurscht/results/placement/adc_clkgen_with_edgedetect.nl.v...
Writing powered netlist to /foss/designs/SKY130_SAR-ADC/openlane/adc_clkgen_with_edgedetect/runs/wurscht/results/placement/adc_clkgen_with_edgedetect.pnl.v...
Writing layout to /foss/designs/SKY130_SAR-ADC/openlane/adc_clkgen_with_edgedetect/runs/wurscht/results/placement/adc_clkgen_with_edgedetect.def...
