Instance name,  X location,  Y location,  Voltage 
PHY_40, 5.4, 68, 1.8
PHY_41, 86.4, 68, 1.8
PHY_36, 5.4, 62.56, 1.8
PHY_38, 5.4, 62.56, 1.8
clkgen.delay_100ns_1.genblk1\[1\].delay_unit, 10.8, 62.56, 1.8
clkgen.delay_100ns_1.genblk1\[2\].delay_unit, 10.8, 62.56, 1.8
clkgen.delay_100ns_1.genblk1\[3\].delay_unit, 16.2, 62.56, 1.8
PHY_37, 86.4, 62.56, 1.8
PHY_39, 86.4, 62.56, 1.8
PHY_32, 5.4, 57.12, 1.8
PHY_34, 5.4, 57.12, 1.8
clkgen.delay_100ns_1.genblk1\[4\].delay_unit, 21.6, 57.12, 1.8
clkgen.delay_100ns_1.genblk1\[5\].delay_unit, 27, 57.12, 1.8
clkgen.delay_100ns_1.genblk1\[6\].delay_unit, 32.4, 57.12, 1.8
clkgen.delay_100ns_1.genblk1\[7\].delay_unit, 37.8, 57.12, 1.8
clkgen.delay_100ns_1.genblk1\[8\].delay_unit, 43.2, 57.12, 1.8
clkgen.delay_100ns_3.genblk1\[19\].delay_unit, 75.6, 57.12, 1.8
clkgen.delay_100ns_3.genblk1\[20\].delay_unit, 75.6, 57.12, 1.8
PHY_33, 86.4, 57.12, 1.8
PHY_35, 86.4, 57.12, 1.8
PHY_28, 5.4, 51.68, 1.8
PHY_30, 5.4, 51.68, 1.8
clkgen.delay_100ns_1.genblk1\[9\].delay_unit, 43.2, 51.68, 1.8
clkgen.delay_100ns_1.genblk1\[10\].delay_unit, 48.6, 51.68, 1.8
clkgen.delay_100ns_1.genblk1\[11\].delay_unit, 54, 51.68, 1.8
clkgen.delay_100ns_3.genblk1\[17\].delay_unit, 70.2, 51.68, 1.8
clkgen.delay_100ns_3.genblk1\[18\].delay_unit, 75.6, 51.68, 1.8
PHY_29, 86.4, 51.68, 1.8
PHY_31, 86.4, 51.68, 1.8
PHY_24, 5.4, 46.24, 1.8
PHY_26, 5.4, 46.24, 1.8
edgedetect.delay_400ns.genblk1\[10\].delay_unit, 10.8, 46.24, 1.8
edgedetect.delay_400ns.genblk1\[8\].delay_unit, 10.8, 46.24, 1.8
edgedetect.delay_400ns.genblk1\[9\].delay_unit, 10.8, 46.24, 1.8
edgedetect.delay_400ns.genblk1\[11\].delay_unit, 16.2, 46.24, 1.8
edgedetect.delay_400ns.genblk1\[12\].delay_unit, 16.2, 46.24, 1.8
edgedetect.delay_400ns.genblk1\[13\].delay_unit, 21.6, 46.24, 1.8
edgedetect.delay_400ns.genblk1\[14\].delay_unit, 21.6, 46.24, 1.8
edgedetect.delay_400ns.genblk1\[15\].delay_unit, 27, 46.24, 1.8
edgedetect.delay_400ns.genblk1\[16\].delay_unit, 27, 46.24, 1.8
edgedetect.delay_400ns.genblk1\[17\].delay_unit, 32.4, 46.24, 1.8
edgedetect.delay_400ns.genblk1\[18\].delay_unit, 32.4, 46.24, 1.8
edgedetect.delay_400ns.genblk1\[19\].delay_unit, 37.8, 46.24, 1.8
edgedetect.delay_400ns.genblk1\[20\].delay_unit, 37.8, 46.24, 1.8
clkgen.delay_100ns_1.genblk1\[12\].delay_unit, 59.4, 46.24, 1.8
clkgen.delay_100ns_1.genblk1\[13\].delay_unit, 59.4, 46.24, 1.8
clkgen.delay_100ns_3.genblk1\[15\].delay_unit, 64.8, 46.24, 1.8
clkgen.delay_100ns_3.genblk1\[16\].delay_unit, 70.2, 46.24, 1.8
PHY_25, 86.4, 46.24, 1.8
PHY_27, 86.4, 46.24, 1.8
PHY_20, 5.4, 40.8, 1.8
PHY_22, 5.4, 40.8, 1.8
edgedetect.delay_400ns.genblk1\[6\].delay_unit, 10.8, 40.8, 1.8
edgedetect.delay_400ns.genblk1\[7\].delay_unit, 10.8, 40.8, 1.8
edgedetect.delay_400ns.genblk1\[4\].delay_unit, 16.2, 40.8, 1.8
edgedetect.delay_400ns.genblk1\[5\].delay_unit, 16.2, 40.8, 1.8
edgedetect.delay_400ns.genblk1\[21\].delay_unit, 37.8, 40.8, 1.8
edgedetect.delay_400ns.genblk1\[22\].delay_unit, 37.8, 40.8, 1.8
edgedetect.delay_400ns.genblk1\[23\].delay_unit, 37.8, 40.8, 1.8
edgedetect.delay_400ns.genblk1\[24\].delay_unit, 43.2, 40.8, 1.8
clkgen.delay_100ns_3.genblk1\[13\].delay_unit, 59.4, 40.8, 1.8
clkgen.delay_100ns_1.genblk1\[14\].delay_unit, 64.8, 40.8, 1.8
clkgen.delay_100ns_3.genblk1\[14\].delay_unit, 64.8, 40.8, 1.8
clkgen.delay_100ns_1.genblk1\[15\].delay_unit, 70.2, 40.8, 1.8
PHY_21, 86.4, 40.8, 1.8
PHY_23, 86.4, 40.8, 1.8
PHY_16, 5.4, 35.36, 1.8
PHY_18, 5.4, 35.36, 1.8
edgedetect.delay_400ns.genblk1\[1\].delay_unit, 10.8, 35.36, 1.8
edgedetect.delay_400ns.genblk1\[2\].delay_unit, 10.8, 35.36, 1.8
edgedetect.delay_400ns.genblk1\[3\].delay_unit, 10.8, 35.36, 1.8
edgedetect.delay_400ns.genblk1\[25\].delay_unit, 43.2, 35.36, 1.8
clkgen.delay_100ns_3.genblk1\[10\].delay_unit, 48.6, 35.36, 1.8
clkgen.delay_100ns_3.genblk1\[11\].delay_unit, 48.6, 35.36, 1.8
edgedetect.delay_400ns.genblk1\[26\].delay_unit, 48.6, 35.36, 1.8
edgedetect.delay_400ns.genblk1\[27\].delay_unit, 48.6, 35.36, 1.8
clkgen.delay_100ns_3.genblk1\[12\].delay_unit, 54, 35.36, 1.8
edgedetect.delay_400ns.genblk1\[28\].delay_unit, 54, 35.36, 1.8
clkgen.delay_100ns_1.genblk1\[16\].delay_unit, 70.2, 35.36, 1.8
clkgen.delay_100ns_1.genblk1\[17\].delay_unit, 75.6, 35.36, 1.8
PHY_17, 86.4, 35.36, 1.8
PHY_19, 86.4, 35.36, 1.8
PHY_12, 5.4, 29.92, 1.8
PHY_14, 5.4, 29.92, 1.8
_2_, 10.8, 29.92, 1.8
edgedetect.delay_400ns.genblk1\[35\].delay_unit, 10.8, 29.92, 1.8
edgedetect.delay_400ns.genblk1\[36\].delay_unit, 10.8, 29.92, 1.8
edgedetect.delay_400ns.genblk1\[37\].delay_unit, 10.8, 29.92, 1.8
edgedetect.delay_400ns.genblk1\[38\].delay_unit, 16.2, 29.92, 1.8
edgedetect.delay_400ns.genblk1\[39\].delay_unit, 16.2, 29.92, 1.8
edgedetect.delay_400ns.genblk1\[40\].delay_unit, 16.2, 29.92, 1.8
clkgen.delay_100ns_3.genblk1\[7\].delay_unit, 32.4, 29.92, 1.8
edgedetect.delay_400ns.genblk1\[33\].delay_unit, 32.4, 29.92, 1.8
clkgen.delay_100ns_3.genblk1\[8\].delay_unit, 37.8, 29.92, 1.8
edgedetect.delay_400ns.genblk1\[34\].delay_unit, 37.8, 29.92, 1.8
clkgen.delay_100ns_3.genblk1\[9\].delay_unit, 43.2, 29.92, 1.8
edgedetect.delay_400ns.genblk1\[29\].delay_unit, 59.4, 29.92, 1.8
edgedetect.delay_400ns.genblk1\[30\].delay_unit, 64.8, 29.92, 1.8
edgedetect.delay_400ns.genblk1\[31\].delay_unit, 64.8, 29.92, 1.8
edgedetect.delay_400ns.genblk1\[32\].delay_unit, 70.2, 29.92, 1.8
clkgen.delay_100ns_1.genblk1\[18\].delay_unit, 75.6, 29.92, 1.8
clkgen.delay_100ns_1.genblk1\[19\].delay_unit, 75.6, 29.92, 1.8
PHY_13, 86.4, 29.92, 1.8
PHY_15, 86.4, 29.92, 1.8
PHY_10, 5.4, 24.48, 1.8
PHY_8, 5.4, 24.48, 1.8
clkgen.delay_100ns_3.genblk1\[4\].delay_unit, 21.6, 24.48, 1.8
clkgen.delay_100ns_3.genblk1\[5\].delay_unit, 27, 24.48, 1.8
clkgen.delay_100ns_3.genblk1\[6\].delay_unit, 32.4, 24.48, 1.8
clkgen.delay_100ns_1.genblk1\[20\].delay_unit, 75.6, 24.48, 1.8
_1_, 81, 24.48, 1.8
PHY_11, 86.4, 24.48, 1.8
PHY_9, 86.4, 24.48, 1.8
PHY_4, 5.4, 19.04, 1.8
PHY_6, 5.4, 19.04, 1.8
_3_, 10.8, 19.04, 1.8
clkgen.delay_100ns_2.genblk1\[20\].delay_unit, 10.8, 19.04, 1.8
clkgen.delay_100ns_3.genblk1\[1\].delay_unit, 10.8, 19.04, 1.8
clkgen.delay_100ns_3.genblk1\[2\].delay_unit, 10.8, 19.04, 1.8
clkgen.delay_100ns_3.genblk1\[3\].delay_unit, 16.2, 19.04, 1.8
clkgen.delay_100ns_2.genblk1\[10\].delay_unit, 48.6, 19.04, 1.8
clkgen.delay_100ns_2.genblk1\[1\].delay_unit, 48.6, 19.04, 1.8
clkgen.delay_100ns_2.genblk1\[2\].delay_unit, 48.6, 19.04, 1.8
clkgen.delay_100ns_2.genblk1\[3\].delay_unit, 54, 19.04, 1.8
clkgen.delay_100ns_2.genblk1\[4\].delay_unit, 54, 19.04, 1.8
clkgen.delay_100ns_2.genblk1\[5\].delay_unit, 59.4, 19.04, 1.8
clkgen.delay_100ns_2.genblk1\[6\].delay_unit, 59.4, 19.04, 1.8
clkgen.delay_100ns_2.genblk1\[8\].delay_unit, 59.4, 19.04, 1.8
clkgen.delay_100ns_2.genblk1\[7\].delay_unit, 64.8, 19.04, 1.8
PHY_5, 86.4, 19.04, 1.8
PHY_7, 86.4, 19.04, 1.8
PHY_0, 5.4, 13.6, 1.8
PHY_2, 5.4, 13.6, 1.8
clkgen.delay_100ns_2.genblk1\[18\].delay_unit, 10.8, 13.6, 1.8
clkgen.delay_100ns_2.genblk1\[19\].delay_unit, 10.8, 13.6, 1.8
clkgen.delay_100ns_2.genblk1\[13\].delay_unit, 27, 13.6, 1.8
clkgen.delay_100ns_2.genblk1\[14\].delay_unit, 27, 13.6, 1.8
clkgen.delay_100ns_2.genblk1\[11\].delay_unit, 32.4, 13.6, 1.8
clkgen.delay_100ns_2.genblk1\[15\].delay_unit, 32.4, 13.6, 1.8
clkgen.delay_100ns_2.genblk1\[12\].delay_unit, 37.8, 13.6, 1.8
clkgen.delay_100ns_2.genblk1\[16\].delay_unit, 37.8, 13.6, 1.8
clkgen.delay_100ns_2.genblk1\[17\].delay_unit, 37.8, 13.6, 1.8
clkgen.delay_100ns_2.genblk1\[9\].delay_unit, 59.4, 13.6, 1.8
PHY_1, 86.4, 13.6, 1.8
PHY_3, 86.4, 13.6, 1.8

