
===========================================================================
report_checks -unconstrained
============================================================================
Startpoint: _1990_ (rising edge-triggered flip-flop)
Endpoint: pmatrix_rowon_out_n[0] (output port clocked by clk_dig)
Path Group: clk_dig
Path Type: max

Fanout     Cap    Slew   Delay    Time   Description
-----------------------------------------------------------------------------
                  1.30    0.00    0.00 ^ _1990_/CLK (sky130_fd_sc_hd__dfstp_2)
                  0.31    0.97    0.97 ^ _1990_/Q (sky130_fd_sc_hd__dfstp_2)
     6    0.04                           sample_matrix_out (net)
                  0.31    0.00    0.97 ^ _1008_/A (sky130_fd_sc_hd__buf_1)
                  0.70    0.61    1.58 ^ _1008_/X (sky130_fd_sc_hd__buf_1)
    10    0.06                           _0414_ (net)
                  0.70    0.00    1.59 ^ _1037_/C (sky130_fd_sc_hd__or4_2)
                  0.04    0.24    1.82 ^ _1037_/X (sky130_fd_sc_hd__or4_2)
     1    0.00                           _0438_ (net)
                  0.04    0.00    1.82 ^ _1040_/B_N (sky130_fd_sc_hd__and4bb_2)
                  0.07    0.28    2.11 v _1040_/X (sky130_fd_sc_hd__and4bb_2)
     3    0.02                           _0441_ (net)
                  0.07    0.00    2.11 v _1100_/A2 (sky130_fd_sc_hd__a21boi_2)
                  0.39    0.37    2.48 ^ _1100_/Y (sky130_fd_sc_hd__a21boi_2)
     8    0.03                           _0497_ (net)
                  0.39    0.00    2.48 ^ _1239_/D1 (sky130_fd_sc_hd__o2111a_2)
                  0.12    0.35    2.83 ^ _1239_/X (sky130_fd_sc_hd__o2111a_2)
     5    0.02                           _0631_ (net)
                  0.12    0.00    2.83 ^ _1241_/C1 (sky130_fd_sc_hd__a2111o_2)
                  0.03    0.12    2.96 ^ _1241_/X (sky130_fd_sc_hd__a2111o_2)
     1    0.00                           _0633_ (net)
                  0.03    0.00    2.96 ^ _1242_/C_N (sky130_fd_sc_hd__or3b_2)
                  0.07    0.44    3.40 v _1242_/X (sky130_fd_sc_hd__or3b_2)
     1    0.00                           _0634_ (net)
                  0.07    0.00    3.40 v _1243_/B1 (sky130_fd_sc_hd__a31o_2)
                  0.08    0.29    3.69 v _1243_/X (sky130_fd_sc_hd__a31o_2)
     5    0.02                           _0635_ (net)
                  0.08    0.00    3.69 v _1703_/A (sky130_fd_sc_hd__nand2_2)
                  0.09    0.11    3.80 ^ _1703_/Y (sky130_fd_sc_hd__nand2_2)
     6    0.01                           _0153_ (net)
                  0.09    0.00    3.80 ^ _1708_/A (sky130_fd_sc_hd__buf_1)
                  0.46    0.40    4.20 ^ _1708_/X (sky130_fd_sc_hd__buf_1)
    10    0.04                           _0157_ (net)
                  0.46    0.00    4.20 ^ _1731_/B (sky130_fd_sc_hd__and4_2)
                  0.05    0.31    4.51 ^ _1731_/X (sky130_fd_sc_hd__and4_2)
     1    0.00                           _0167_ (net)
                  0.05    0.00    4.51 ^ _1732_/A (sky130_fd_sc_hd__buf_1)
                  0.66    0.53    5.04 ^ _1732_/X (sky130_fd_sc_hd__buf_1)
     2    0.04                           pmatrix_row_out_n[1] (net)
                  0.66    0.00    5.04 ^ _2089_/A (sky130_fd_sc_hd__buf_2)
                  0.18    0.35    5.39 ^ _2089_/X (sky130_fd_sc_hd__buf_2)
     1    0.03                           pmatrix_rowon_out_n[0] (net)
                  0.18    0.00    5.39 ^ pmatrix_rowon_out_n[0] (out)
                                  5.39   data arrival time

                  0.00   20.00   20.00   clock clk_dig (rise edge)
                          0.00   20.00   clock network delay (ideal)
                         -0.25   19.75   clock uncertainty
                          0.00   19.75   clock reconvergence pessimism
                         -4.00   15.75   output external delay
                                 15.75   data required time
-----------------------------------------------------------------------------
                                 15.75   data required time
                                 -5.39   data arrival time
-----------------------------------------------------------------------------
                                 10.36   slack (MET)



===========================================================================
report_checks --slack_max -0.01
============================================================================
No paths found.
