
===========================================================================
report_checks -path_delay max (Setup)
============================================================================
Startpoint: _1990_ (rising edge-triggered flip-flop)
Endpoint: pmatrix_rowon_out_n[0] (output port clocked by clk_dig)
Path Group: clk_dig
Path Type: max

Fanout     Cap    Slew   Delay    Time   Description
-----------------------------------------------------------------------------
                  1.30    0.00    0.00 ^ _1990_/CLK (sky130_fd_sc_hd__dfstp_2)
                  0.31    0.97    0.97 ^ _1990_/Q (sky130_fd_sc_hd__dfstp_2)
     6    0.04                           sample_matrix_out (net)
                  0.31    0.00    0.97 ^ _1008_/A (sky130_fd_sc_hd__buf_1)
                  0.70    0.61    1.58 ^ _1008_/X (sky130_fd_sc_hd__buf_1)
    10    0.06                           _0414_ (net)
                  0.70    0.00    1.59 ^ _1037_/C (sky130_fd_sc_hd__or4_2)
                  0.04    0.24    1.82 ^ _1037_/X (sky130_fd_sc_hd__or4_2)
     1    0.00                           _0438_ (net)
                  0.04    0.00    1.82 ^ _1040_/B_N (sky130_fd_sc_hd__and4bb_2)
                  0.07    0.28    2.11 v _1040_/X (sky130_fd_sc_hd__and4bb_2)
     3    0.02                           _0441_ (net)
                  0.07    0.00    2.11 v _1100_/A2 (sky130_fd_sc_hd__a21boi_2)
                  0.39    0.37    2.48 ^ _1100_/Y (sky130_fd_sc_hd__a21boi_2)
     8    0.03                           _0497_ (net)
                  0.39    0.00    2.48 ^ _1239_/D1 (sky130_fd_sc_hd__o2111a_2)
                  0.12    0.35    2.83 ^ _1239_/X (sky130_fd_sc_hd__o2111a_2)
     5    0.02                           _0631_ (net)
                  0.12    0.00    2.83 ^ _1241_/C1 (sky130_fd_sc_hd__a2111o_2)
                  0.03    0.12    2.96 ^ _1241_/X (sky130_fd_sc_hd__a2111o_2)
     1    0.00                           _0633_ (net)
                  0.03    0.00    2.96 ^ _1242_/C_N (sky130_fd_sc_hd__or3b_2)
                  0.07    0.44    3.40 v _1242_/X (sky130_fd_sc_hd__or3b_2)
     1    0.00                           _0634_ (net)
                  0.07    0.00    3.40 v _1243_/B1 (sky130_fd_sc_hd__a31o_2)
                  0.08    0.29    3.69 v _1243_/X (sky130_fd_sc_hd__a31o_2)
     5    0.02                           _0635_ (net)
                  0.08    0.00    3.69 v _1703_/A (sky130_fd_sc_hd__nand2_2)
                  0.09    0.11    3.80 ^ _1703_/Y (sky130_fd_sc_hd__nand2_2)
     6    0.01                           _0153_ (net)
                  0.09    0.00    3.80 ^ _1708_/A (sky130_fd_sc_hd__buf_1)
                  0.46    0.40    4.20 ^ _1708_/X (sky130_fd_sc_hd__buf_1)
    10    0.04                           _0157_ (net)
                  0.46    0.00    4.20 ^ _1731_/B (sky130_fd_sc_hd__and4_2)
                  0.05    0.31    4.51 ^ _1731_/X (sky130_fd_sc_hd__and4_2)
     1    0.00                           _0167_ (net)
                  0.05    0.00    4.51 ^ _1732_/A (sky130_fd_sc_hd__buf_1)
                  0.66    0.53    5.04 ^ _1732_/X (sky130_fd_sc_hd__buf_1)
     2    0.04                           pmatrix_row_out_n[1] (net)
                  0.66    0.00    5.04 ^ _2089_/A (sky130_fd_sc_hd__buf_2)
                  0.18    0.35    5.39 ^ _2089_/X (sky130_fd_sc_hd__buf_2)
     1    0.03                           pmatrix_rowon_out_n[0] (net)
                  0.18    0.00    5.39 ^ pmatrix_rowon_out_n[0] (out)
                                  5.39   data arrival time

                  0.00   20.00   20.00   clock clk_dig (rise edge)
                          0.00   20.00   clock network delay (ideal)
                         -0.25   19.75   clock uncertainty
                          0.00   19.75   clock reconvergence pessimism
                         -4.00   15.75   output external delay
                                 15.75   data required time
-----------------------------------------------------------------------------
                                 15.75   data required time
                                 -5.39   data arrival time
-----------------------------------------------------------------------------
                                 10.36   slack (MET)


Startpoint: _1990_ (rising edge-triggered flip-flop)
Endpoint: pmatrix_rowon_out_n[1] (output port clocked by clk_dig)
Path Group: clk_dig
Path Type: max

Fanout     Cap    Slew   Delay    Time   Description
-----------------------------------------------------------------------------
                  1.30    0.00    0.00 ^ _1990_/CLK (sky130_fd_sc_hd__dfstp_2)
                  0.31    0.97    0.97 ^ _1990_/Q (sky130_fd_sc_hd__dfstp_2)
     6    0.04                           sample_matrix_out (net)
                  0.31    0.00    0.97 ^ _1008_/A (sky130_fd_sc_hd__buf_1)
                  0.70    0.61    1.58 ^ _1008_/X (sky130_fd_sc_hd__buf_1)
    10    0.06                           _0414_ (net)
                  0.70    0.00    1.59 ^ _1037_/C (sky130_fd_sc_hd__or4_2)
                  0.04    0.24    1.82 ^ _1037_/X (sky130_fd_sc_hd__or4_2)
     1    0.00                           _0438_ (net)
                  0.04    0.00    1.82 ^ _1040_/B_N (sky130_fd_sc_hd__and4bb_2)
                  0.07    0.28    2.11 v _1040_/X (sky130_fd_sc_hd__and4bb_2)
     3    0.02                           _0441_ (net)
                  0.07    0.00    2.11 v _1100_/A2 (sky130_fd_sc_hd__a21boi_2)
                  0.39    0.37    2.48 ^ _1100_/Y (sky130_fd_sc_hd__a21boi_2)
     8    0.03                           _0497_ (net)
                  0.39    0.00    2.48 ^ _1239_/D1 (sky130_fd_sc_hd__o2111a_2)
                  0.12    0.35    2.83 ^ _1239_/X (sky130_fd_sc_hd__o2111a_2)
     5    0.02                           _0631_ (net)
                  0.12    0.00    2.83 ^ _1241_/C1 (sky130_fd_sc_hd__a2111o_2)
                  0.03    0.12    2.96 ^ _1241_/X (sky130_fd_sc_hd__a2111o_2)
     1    0.00                           _0633_ (net)
                  0.03    0.00    2.96 ^ _1242_/C_N (sky130_fd_sc_hd__or3b_2)
                  0.07    0.44    3.40 v _1242_/X (sky130_fd_sc_hd__or3b_2)
     1    0.00                           _0634_ (net)
                  0.07    0.00    3.40 v _1243_/B1 (sky130_fd_sc_hd__a31o_2)
                  0.08    0.29    3.69 v _1243_/X (sky130_fd_sc_hd__a31o_2)
     5    0.02                           _0635_ (net)
                  0.08    0.00    3.69 v _1703_/A (sky130_fd_sc_hd__nand2_2)
                  0.09    0.11    3.80 ^ _1703_/Y (sky130_fd_sc_hd__nand2_2)
     6    0.01                           _0153_ (net)
                  0.09    0.00    3.80 ^ _1708_/A (sky130_fd_sc_hd__buf_1)
                  0.46    0.40    4.20 ^ _1708_/X (sky130_fd_sc_hd__buf_1)
    10    0.04                           _0157_ (net)
                  0.46    0.00    4.20 ^ _1733_/A (sky130_fd_sc_hd__and3_2)
                  0.05    0.27    4.47 ^ _1733_/X (sky130_fd_sc_hd__and3_2)
     1    0.00                           _0168_ (net)
                  0.05    0.00    4.47 ^ _1734_/A (sky130_fd_sc_hd__buf_1)
                  0.65    0.53    5.00 ^ _1734_/X (sky130_fd_sc_hd__buf_1)
     2    0.04                           pmatrix_row_out_n[2] (net)
                  0.65    0.00    5.00 ^ _2090_/A (sky130_fd_sc_hd__buf_2)
                  0.17    0.34    5.35 ^ _2090_/X (sky130_fd_sc_hd__buf_2)
     1    0.03                           pmatrix_rowon_out_n[1] (net)
                  0.17    0.00    5.35 ^ pmatrix_rowon_out_n[1] (out)
                                  5.35   data arrival time

                  0.00   20.00   20.00   clock clk_dig (rise edge)
                          0.00   20.00   clock network delay (ideal)
                         -0.25   19.75   clock uncertainty
                          0.00   19.75   clock reconvergence pessimism
                         -4.00   15.75   output external delay
                                 15.75   data required time
-----------------------------------------------------------------------------
                                 15.75   data required time
                                 -5.35   data arrival time
-----------------------------------------------------------------------------
                                 10.40   slack (MET)


Startpoint: _2005_ (rising edge-triggered flip-flop)
Endpoint: pmatrix_rowon_out_n[6] (output port clocked by clk_dig)
Path Group: clk_dig
Path Type: max

Fanout     Cap    Slew   Delay    Time   Description
-----------------------------------------------------------------------------
                  1.30    0.00    0.00 ^ _2005_/CLK (sky130_fd_sc_hd__dfrtp_2)
                  0.10    0.69    0.69 v _2005_/Q (sky130_fd_sc_hd__dfrtp_2)
    10    0.03                           cnb.shift_register_r[15] (net)
                  0.10    0.00    0.70 v _0971_/A (sky130_fd_sc_hd__or4_4)
                  0.09    0.59    1.28 v _0971_/X (sky130_fd_sc_hd__or4_4)
     3    0.01                           _0379_ (net)
                  0.09    0.00    1.28 v _0972_/A (sky130_fd_sc_hd__buf_2)
                  0.10    0.22    1.51 v _0972_/X (sky130_fd_sc_hd__buf_2)
    10    0.04                           _0380_ (net)
                  0.10    0.00    1.51 v _1150_/A (sky130_fd_sc_hd__or3_4)
                  0.07    0.42    1.93 v _1150_/X (sky130_fd_sc_hd__or3_4)
     2    0.01                           _0545_ (net)
                  0.07    0.00    1.93 v _1152_/A1 (sky130_fd_sc_hd__a21o_2)
                  0.07    0.25    2.18 v _1152_/X (sky130_fd_sc_hd__a21o_2)
     2    0.02                           _0547_ (net)
                  0.07    0.00    2.18 v _1188_/B (sky130_fd_sc_hd__xnor2_2)
                  0.10    0.19    2.37 v _1188_/Y (sky130_fd_sc_hd__xnor2_2)
     6    0.02                           _0582_ (net)
                  0.10    0.00    2.37 v _1203_/B (sky130_fd_sc_hd__or4b_4)
                  0.11    0.61    2.98 v _1203_/X (sky130_fd_sc_hd__or4b_4)
     5    0.02                           _0596_ (net)
                  0.11    0.00    2.98 v _1254_/A2 (sky130_fd_sc_hd__a211oi_2)
                  0.17    0.26    3.24 ^ _1254_/Y (sky130_fd_sc_hd__a211oi_2)
     2    0.00                           _0645_ (net)
                  0.17    0.00    3.24 ^ _1267_/B (sky130_fd_sc_hd__and2_2)
                  0.08    0.21    3.45 ^ _1267_/X (sky130_fd_sc_hd__and2_2)
     3    0.01                           _0657_ (net)
                  0.08    0.00    3.45 ^ _1268_/A2 (sky130_fd_sc_hd__o21ai_2)
                  0.08    0.09    3.54 v _1268_/Y (sky130_fd_sc_hd__o21ai_2)
     3    0.01                           _0658_ (net)
                  0.08    0.00    3.54 v _1269_/B (sky130_fd_sc_hd__xor2_2)
                  0.17    0.19    3.74 ^ _1269_/X (sky130_fd_sc_hd__xor2_2)
     3    0.01                           _0659_ (net)
                  0.17    0.00    3.74 ^ _1272_/A (sky130_fd_sc_hd__buf_1)
                  0.45    0.41    4.14 ^ _1272_/X (sky130_fd_sc_hd__buf_1)
    10    0.04                           _0661_ (net)
                  0.45    0.00    4.14 ^ _1275_/A (sky130_fd_sc_hd__buf_2)
                  0.42    0.49    4.63 ^ _1275_/X (sky130_fd_sc_hd__buf_2)
    11    0.07                           pmatrix_row_out_n[8] (net)
                  0.42    0.00    4.63 ^ _1740_/B1 (sky130_fd_sc_hd__o31a_2)
                  0.27    0.42    5.05 ^ _1740_/X (sky130_fd_sc_hd__o31a_2)
     2    0.04                           pmatrix_row_out_n[7] (net)
                  0.27    0.00    5.05 ^ _2095_/A (sky130_fd_sc_hd__buf_2)
                  0.18    0.29    5.34 ^ _2095_/X (sky130_fd_sc_hd__buf_2)
     1    0.03                           pmatrix_rowon_out_n[6] (net)
                  0.18    0.00    5.34 ^ pmatrix_rowon_out_n[6] (out)
                                  5.34   data arrival time

                  0.00   20.00   20.00   clock clk_dig (rise edge)
                          0.00   20.00   clock network delay (ideal)
                         -0.25   19.75   clock uncertainty
                          0.00   19.75   clock reconvergence pessimism
                         -4.00   15.75   output external delay
                                 15.75   data required time
-----------------------------------------------------------------------------
                                 15.75   data required time
                                 -5.34   data arrival time
-----------------------------------------------------------------------------
                                 10.41   slack (MET)


Startpoint: _2005_ (rising edge-triggered flip-flop)
Endpoint: pmatrix_rowon_out_n[5] (output port clocked by clk_dig)
Path Group: clk_dig
Path Type: max

Fanout     Cap    Slew   Delay    Time   Description
-----------------------------------------------------------------------------
                  1.30    0.00    0.00 ^ _2005_/CLK (sky130_fd_sc_hd__dfrtp_2)
                  0.10    0.69    0.69 v _2005_/Q (sky130_fd_sc_hd__dfrtp_2)
    10    0.03                           cnb.shift_register_r[15] (net)
                  0.10    0.00    0.70 v _0971_/A (sky130_fd_sc_hd__or4_4)
                  0.09    0.59    1.28 v _0971_/X (sky130_fd_sc_hd__or4_4)
     3    0.01                           _0379_ (net)
                  0.09    0.00    1.28 v _0972_/A (sky130_fd_sc_hd__buf_2)
                  0.10    0.22    1.51 v _0972_/X (sky130_fd_sc_hd__buf_2)
    10    0.04                           _0380_ (net)
                  0.10    0.00    1.51 v _1150_/A (sky130_fd_sc_hd__or3_4)
                  0.07    0.42    1.93 v _1150_/X (sky130_fd_sc_hd__or3_4)
     2    0.01                           _0545_ (net)
                  0.07    0.00    1.93 v _1152_/A1 (sky130_fd_sc_hd__a21o_2)
                  0.07    0.25    2.18 v _1152_/X (sky130_fd_sc_hd__a21o_2)
     2    0.02                           _0547_ (net)
                  0.07    0.00    2.18 v _1188_/B (sky130_fd_sc_hd__xnor2_2)
                  0.10    0.19    2.37 v _1188_/Y (sky130_fd_sc_hd__xnor2_2)
     6    0.02                           _0582_ (net)
                  0.10    0.00    2.37 v _1203_/B (sky130_fd_sc_hd__or4b_4)
                  0.11    0.61    2.98 v _1203_/X (sky130_fd_sc_hd__or4b_4)
     5    0.02                           _0596_ (net)
                  0.11    0.00    2.98 v _1254_/A2 (sky130_fd_sc_hd__a211oi_2)
                  0.17    0.26    3.24 ^ _1254_/Y (sky130_fd_sc_hd__a211oi_2)
     2    0.00                           _0645_ (net)
                  0.17    0.00    3.24 ^ _1267_/B (sky130_fd_sc_hd__and2_2)
                  0.08    0.21    3.45 ^ _1267_/X (sky130_fd_sc_hd__and2_2)
     3    0.01                           _0657_ (net)
                  0.08    0.00    3.45 ^ _1268_/A2 (sky130_fd_sc_hd__o21ai_2)
                  0.08    0.09    3.54 v _1268_/Y (sky130_fd_sc_hd__o21ai_2)
     3    0.01                           _0658_ (net)
                  0.08    0.00    3.54 v _1269_/B (sky130_fd_sc_hd__xor2_2)
                  0.17    0.19    3.74 ^ _1269_/X (sky130_fd_sc_hd__xor2_2)
     3    0.01                           _0659_ (net)
                  0.17    0.00    3.74 ^ _1272_/A (sky130_fd_sc_hd__buf_1)
                  0.45    0.41    4.14 ^ _1272_/X (sky130_fd_sc_hd__buf_1)
    10    0.04                           _0661_ (net)
                  0.45    0.00    4.14 ^ _1275_/A (sky130_fd_sc_hd__buf_2)
                  0.42    0.49    4.63 ^ _1275_/X (sky130_fd_sc_hd__buf_2)
    11    0.07                           pmatrix_row_out_n[8] (net)
                  0.42    0.00    4.63 ^ _1739_/B1 (sky130_fd_sc_hd__o21a_2)
                  0.28    0.41    5.05 ^ _1739_/X (sky130_fd_sc_hd__o21a_2)
     2    0.04                           pmatrix_row_out_n[6] (net)
                  0.28    0.00    5.05 ^ _2094_/A (sky130_fd_sc_hd__buf_2)
                  0.17    0.28    5.33 ^ _2094_/X (sky130_fd_sc_hd__buf_2)
     1    0.03                           pmatrix_rowon_out_n[5] (net)
                  0.17    0.00    5.33 ^ pmatrix_rowon_out_n[5] (out)
                                  5.33   data arrival time

                  0.00   20.00   20.00   clock clk_dig (rise edge)
                          0.00   20.00   clock network delay (ideal)
                         -0.25   19.75   clock uncertainty
                          0.00   19.75   clock reconvergence pessimism
                         -4.00   15.75   output external delay
                                 15.75   data required time
-----------------------------------------------------------------------------
                                 15.75   data required time
                                 -5.33   data arrival time
-----------------------------------------------------------------------------
                                 10.42   slack (MET)


Startpoint: _2005_ (rising edge-triggered flip-flop)
Endpoint: pmatrix_rowon_out_n[8] (output port clocked by clk_dig)
Path Group: clk_dig
Path Type: max

Fanout     Cap    Slew   Delay    Time   Description
-----------------------------------------------------------------------------
                  1.30    0.00    0.00 ^ _2005_/CLK (sky130_fd_sc_hd__dfrtp_2)
                  0.10    0.69    0.69 v _2005_/Q (sky130_fd_sc_hd__dfrtp_2)
    10    0.03                           cnb.shift_register_r[15] (net)
                  0.10    0.00    0.70 v _0971_/A (sky130_fd_sc_hd__or4_4)
                  0.09    0.59    1.28 v _0971_/X (sky130_fd_sc_hd__or4_4)
     3    0.01                           _0379_ (net)
                  0.09    0.00    1.28 v _0972_/A (sky130_fd_sc_hd__buf_2)
                  0.10    0.22    1.51 v _0972_/X (sky130_fd_sc_hd__buf_2)
    10    0.04                           _0380_ (net)
                  0.10    0.00    1.51 v _1150_/A (sky130_fd_sc_hd__or3_4)
                  0.07    0.42    1.93 v _1150_/X (sky130_fd_sc_hd__or3_4)
     2    0.01                           _0545_ (net)
                  0.07    0.00    1.93 v _1152_/A1 (sky130_fd_sc_hd__a21o_2)
                  0.07    0.25    2.18 v _1152_/X (sky130_fd_sc_hd__a21o_2)
     2    0.02                           _0547_ (net)
                  0.07    0.00    2.18 v _1188_/B (sky130_fd_sc_hd__xnor2_2)
                  0.10    0.19    2.37 v _1188_/Y (sky130_fd_sc_hd__xnor2_2)
     6    0.02                           _0582_ (net)
                  0.10    0.00    2.37 v _1203_/B (sky130_fd_sc_hd__or4b_4)
                  0.11    0.61    2.98 v _1203_/X (sky130_fd_sc_hd__or4b_4)
     5    0.02                           _0596_ (net)
                  0.11    0.00    2.98 v _1254_/A2 (sky130_fd_sc_hd__a211oi_2)
                  0.17    0.26    3.24 ^ _1254_/Y (sky130_fd_sc_hd__a211oi_2)
     2    0.00                           _0645_ (net)
                  0.17    0.00    3.24 ^ _1267_/B (sky130_fd_sc_hd__and2_2)
                  0.08    0.21    3.45 ^ _1267_/X (sky130_fd_sc_hd__and2_2)
     3    0.01                           _0657_ (net)
                  0.08    0.00    3.45 ^ _1268_/A2 (sky130_fd_sc_hd__o21ai_2)
                  0.08    0.09    3.54 v _1268_/Y (sky130_fd_sc_hd__o21ai_2)
     3    0.01                           _0658_ (net)
                  0.08    0.00    3.54 v _1269_/B (sky130_fd_sc_hd__xor2_2)
                  0.17    0.19    3.74 ^ _1269_/X (sky130_fd_sc_hd__xor2_2)
     3    0.01                           _0659_ (net)
                  0.17    0.00    3.74 ^ _1272_/A (sky130_fd_sc_hd__buf_1)
                  0.45    0.41    4.14 ^ _1272_/X (sky130_fd_sc_hd__buf_1)
    10    0.04                           _0661_ (net)
                  0.45    0.00    4.14 ^ _1275_/A (sky130_fd_sc_hd__buf_2)
                  0.42    0.49    4.63 ^ _1275_/X (sky130_fd_sc_hd__buf_2)
    11    0.07                           pmatrix_row_out_n[8] (net)
                  0.42    0.00    4.63 ^ _1741_/B1 (sky130_fd_sc_hd__a31o_2)
                  0.26    0.35    4.98 ^ _1741_/X (sky130_fd_sc_hd__a31o_2)
     2    0.04                           pmatrix_row_out_n[9] (net)
                  0.26    0.00    4.99 ^ _2097_/A (sky130_fd_sc_hd__buf_2)
                  0.18    0.28    5.27 ^ _2097_/X (sky130_fd_sc_hd__buf_2)
     1    0.03                           pmatrix_rowon_out_n[8] (net)
                  0.18    0.00    5.27 ^ pmatrix_rowon_out_n[8] (out)
                                  5.27   data arrival time

                  0.00   20.00   20.00   clock clk_dig (rise edge)
                          0.00   20.00   clock network delay (ideal)
                         -0.25   19.75   clock uncertainty
                          0.00   19.75   clock reconvergence pessimism
                         -4.00   15.75   output external delay
                                 15.75   data required time
-----------------------------------------------------------------------------
                                 15.75   data required time
                                 -5.27   data arrival time
-----------------------------------------------------------------------------
                                 10.48   slack (MET)


