Instance name,  X location,  Y location,  Voltage 
PHY_52, 5.4, 84.32, 1.8
PHY_54, 5.4, 84.32, 1.8
PHY_53, 91.8, 84.32, 1.8
PHY_55, 91.8, 84.32, 1.8
PHY_48, 5.4, 78.88, 1.8
PHY_50, 5.4, 78.88, 1.8
PHY_49, 91.8, 78.88, 1.8
PHY_51, 91.8, 78.88, 1.8
PHY_44, 5.4, 73.44, 1.8
PHY_46, 5.4, 73.44, 1.8
PHY_45, 91.8, 73.44, 1.8
PHY_47, 91.8, 73.44, 1.8
PHY_40, 5.4, 68, 1.8
PHY_42, 5.4, 68, 1.8
PHY_41, 91.8, 68, 1.8
PHY_43, 91.8, 68, 1.8
PHY_36, 5.4, 62.56, 1.8
PHY_38, 5.4, 62.56, 1.8
PHY_37, 91.8, 62.56, 1.8
PHY_39, 91.8, 62.56, 1.8
PHY_32, 5.4, 57.12, 1.8
PHY_34, 5.4, 57.12, 1.8
delay_400ns.genblk1\[1\].delay_unit, 5.4, 57.12, 1.8
delay_400ns.genblk1\[2\].delay_unit, 5.4, 57.12, 1.8
delay_400ns.genblk1\[3\].delay_unit, 5.4, 57.12, 1.8
delay_400ns.genblk1\[10\].delay_unit, 10.8, 57.12, 1.8
delay_400ns.genblk1\[11\].delay_unit, 10.8, 57.12, 1.8
delay_400ns.genblk1\[12\].delay_unit, 10.8, 57.12, 1.8
delay_400ns.genblk1\[13\].delay_unit, 10.8, 57.12, 1.8
delay_400ns.genblk1\[14\].delay_unit, 10.8, 57.12, 1.8
delay_400ns.genblk1\[4\].delay_unit, 10.8, 57.12, 1.8
delay_400ns.genblk1\[5\].delay_unit, 10.8, 57.12, 1.8
delay_400ns.genblk1\[6\].delay_unit, 10.8, 57.12, 1.8
delay_400ns.genblk1\[7\].delay_unit, 10.8, 57.12, 1.8
delay_400ns.genblk1\[8\].delay_unit, 10.8, 57.12, 1.8
delay_400ns.genblk1\[9\].delay_unit, 10.8, 57.12, 1.8
delay_400ns.genblk1\[15\].delay_unit, 16.2, 57.12, 1.8
delay_400ns.genblk1\[16\].delay_unit, 16.2, 57.12, 1.8
delay_400ns.genblk1\[17\].delay_unit, 16.2, 57.12, 1.8
delay_400ns.genblk1\[18\].delay_unit, 16.2, 57.12, 1.8
delay_400ns.genblk1\[19\].delay_unit, 16.2, 57.12, 1.8
delay_400ns.genblk1\[20\].delay_unit, 16.2, 57.12, 1.8
delay_400ns.genblk1\[21\].delay_unit, 16.2, 57.12, 1.8
delay_400ns.genblk1\[22\].delay_unit, 16.2, 57.12, 1.8
delay_400ns.genblk1\[23\].delay_unit, 16.2, 57.12, 1.8
delay_400ns.genblk1\[25\].delay_unit, 16.2, 57.12, 1.8
PHY_33, 91.8, 57.12, 1.8
PHY_35, 91.8, 57.12, 1.8
PHY_28, 5.4, 51.68, 1.8
PHY_30, 5.4, 51.68, 1.8
delay_400ns.genblk1\[24\].delay_unit, 16.2, 51.68, 1.8
delay_400ns.genblk1\[26\].delay_unit, 16.2, 51.68, 1.8
delay_400ns.genblk1\[27\].delay_unit, 21.6, 51.68, 1.8
delay_400ns.genblk1\[28\].delay_unit, 21.6, 51.68, 1.8
delay_400ns.genblk1\[29\].delay_unit, 21.6, 51.68, 1.8
delay_400ns.genblk1\[30\].delay_unit, 21.6, 51.68, 1.8
delay_400ns.genblk1\[31\].delay_unit, 21.6, 51.68, 1.8
delay_400ns.genblk1\[32\].delay_unit, 21.6, 51.68, 1.8
delay_400ns.genblk1\[33\].delay_unit, 21.6, 51.68, 1.8
delay_400ns.genblk1\[34\].delay_unit, 21.6, 51.68, 1.8
delay_400ns.genblk1\[35\].delay_unit, 21.6, 51.68, 1.8
delay_400ns.genblk1\[36\].delay_unit, 21.6, 51.68, 1.8
delay_400ns.genblk1\[37\].delay_unit, 21.6, 51.68, 1.8
delay_400ns.genblk1\[38\].delay_unit, 21.6, 51.68, 1.8
delay_400ns.genblk1\[39\].delay_unit, 21.6, 51.68, 1.8
delay_400ns.genblk1\[40\].delay_unit, 27, 51.68, 1.8
delay_400ns.genblk1\[41\].delay_unit, 27, 51.68, 1.8
delay_400ns.genblk1\[42\].delay_unit, 27, 51.68, 1.8
delay_400ns.genblk1\[43\].delay_unit, 27, 51.68, 1.8
delay_400ns.genblk1\[44\].delay_unit, 27, 51.68, 1.8
delay_400ns.genblk1\[45\].delay_unit, 27, 51.68, 1.8
PHY_29, 91.8, 51.68, 1.8
PHY_31, 91.8, 51.68, 1.8
PHY_24, 5.4, 46.24, 1.8
PHY_26, 5.4, 46.24, 1.8
_2_, 27, 46.24, 1.8
delay_400ns.genblk1\[46\].delay_unit, 27, 46.24, 1.8
delay_400ns.genblk1\[47\].delay_unit, 27, 46.24, 1.8
delay_400ns.genblk1\[48\].delay_unit, 27, 46.24, 1.8
delay_400ns.genblk1\[49\].delay_unit, 27, 46.24, 1.8
delay_400ns.genblk1\[50\].delay_unit, 27, 46.24, 1.8
delay_400ns.genblk1\[51\].delay_unit, 27, 46.24, 1.8
delay_400ns.genblk1\[52\].delay_unit, 32.4, 46.24, 1.8
delay_400ns.genblk1\[53\].delay_unit, 32.4, 46.24, 1.8
delay_400ns.genblk1\[54\].delay_unit, 32.4, 46.24, 1.8
delay_400ns.genblk1\[55\].delay_unit, 32.4, 46.24, 1.8
delay_400ns.genblk1\[56\].delay_unit, 32.4, 46.24, 1.8
delay_400ns.genblk1\[57\].delay_unit, 32.4, 46.24, 1.8
delay_400ns.genblk1\[58\].delay_unit, 32.4, 46.24, 1.8
delay_400ns.genblk1\[59\].delay_unit, 32.4, 46.24, 1.8
delay_400ns.genblk1\[60\].delay_unit, 32.4, 46.24, 1.8
delay_400ns.genblk1\[61\].delay_unit, 32.4, 46.24, 1.8
delay_400ns.genblk1\[62\].delay_unit, 32.4, 46.24, 1.8
delay_400ns.genblk1\[63\].delay_unit, 32.4, 46.24, 1.8
_1_, 37.8, 46.24, 1.8
delay_400ns.genblk1\[64\].delay_unit, 37.8, 46.24, 1.8
delay_400ns.genblk1\[65\].delay_unit, 37.8, 46.24, 1.8
delay_400ns.genblk1\[66\].delay_unit, 37.8, 46.24, 1.8
delay_400ns.genblk1\[67\].delay_unit, 37.8, 46.24, 1.8
delay_400ns.genblk1\[68\].delay_unit, 37.8, 46.24, 1.8
delay_400ns.genblk1\[69\].delay_unit, 37.8, 46.24, 1.8
delay_400ns.genblk1\[70\].delay_unit, 37.8, 46.24, 1.8
delay_400ns.genblk1\[71\].delay_unit, 37.8, 46.24, 1.8
delay_400ns.genblk1\[72\].delay_unit, 37.8, 46.24, 1.8
delay_400ns.genblk1\[73\].delay_unit, 37.8, 46.24, 1.8
delay_400ns.genblk1\[74\].delay_unit, 37.8, 46.24, 1.8
delay_400ns.genblk1\[75\].delay_unit, 37.8, 46.24, 1.8
delay_400ns.genblk1\[76\].delay_unit, 37.8, 46.24, 1.8
delay_400ns.genblk1\[77\].delay_unit, 37.8, 46.24, 1.8
delay_400ns.genblk1\[78\].delay_unit, 37.8, 46.24, 1.8
delay_400ns.genblk1\[79\].delay_unit, 37.8, 46.24, 1.8
delay_400ns.genblk1\[80\].delay_unit, 37.8, 46.24, 1.8
PHY_25, 91.8, 46.24, 1.8
PHY_27, 91.8, 46.24, 1.8
PHY_20, 5.4, 40.8, 1.8
PHY_22, 5.4, 40.8, 1.8
PHY_21, 91.8, 40.8, 1.8
PHY_23, 91.8, 40.8, 1.8
PHY_16, 5.4, 35.36, 1.8
PHY_18, 5.4, 35.36, 1.8
PHY_17, 91.8, 35.36, 1.8
PHY_19, 91.8, 35.36, 1.8
PHY_12, 5.4, 29.92, 1.8
PHY_14, 5.4, 29.92, 1.8
PHY_13, 91.8, 29.92, 1.8
PHY_15, 91.8, 29.92, 1.8
PHY_10, 5.4, 24.48, 1.8
PHY_8, 5.4, 24.48, 1.8
PHY_11, 91.8, 24.48, 1.8
PHY_9, 91.8, 24.48, 1.8
PHY_4, 5.4, 19.04, 1.8
PHY_6, 5.4, 19.04, 1.8
PHY_5, 91.8, 19.04, 1.8
PHY_7, 91.8, 19.04, 1.8
PHY_0, 5.4, 13.6, 1.8
PHY_2, 5.4, 13.6, 1.8
PHY_1, 91.8, 13.6, 1.8
PHY_3, 91.8, 13.6, 1.8

