OpenROAD v2.0-4818-g4174c3ad8 
This program is licensed under the BSD-3 license. See the LICENSE file for details.
Components of this program may be licensed under more restrictive licenses which must be honored.
[INFO ODB-0222] Reading LEF file: /foss/designs/SKY130_SAR-ADC/openlane/adc_core_digital/runs/leberkaskrapfen/tmp/merged.nom.lef
[WARNING ODB-0220] WARNING (LEFPARS-2036): SOURCE statement is obsolete in version 5.6 and later.
The LEF parser will ignore this statement.
To avoid this warning in the future, remove this statement from the LEF file with version 5.6 or later. See file /foss/designs/SKY130_SAR-ADC/openlane/adc_core_digital/runs/leberkaskrapfen/tmp/merged.nom.lef at line 68342.

[INFO ODB-0223]     Created 13 technology layers
[INFO ODB-0224]     Created 25 technology vias
[INFO ODB-0225]     Created 441 library cells
[INFO ODB-0226] Finished LEF file:  /foss/designs/SKY130_SAR-ADC/openlane/adc_core_digital/runs/leberkaskrapfen/tmp/merged.nom.lef
[WARNING STA-0337] port 'clk_dig' not found.
[INFO]: Setting output delay to: 4.0
[INFO]: Setting input delay to: 4.0
[WARNING STA-0337] port 'clk_dig' not found.
[INFO]: Setting load to: 0.033442
[INFO]: Setting clock uncertainty to: 0.25
[INFO]: Setting clock transition to: 0.15
[WARNING STA-0559] transition time can not be specified for virtual clocks.
[INFO]: Setting timing derate to: 0.5 %
[INFO IFP-0001] Added 53 rows of 317 sites.
[INFO IFP-0030] Inserted 0 tiecells using sky130_fd_sc_hd__conb_1/LO.
[INFO IFP-0030] Inserted 0 tiecells using sky130_fd_sc_hd__conb_1/HI.
[INFO] Extracting DIE_AREA and CORE_AREA from the floorplan
[INFO] Floorplanned on a die area of 0.0 0.0 157.235 167.955 (microns). Saving to /foss/designs/SKY130_SAR-ADC/openlane/adc_core_digital/runs/leberkaskrapfen/reports/floorplan/3-initial_fp_die_area.rpt.
[INFO] Floorplanned on a core area of 5.52 10.88 151.34 155.04 (microns). Saving to /foss/designs/SKY130_SAR-ADC/openlane/adc_core_digital/runs/leberkaskrapfen/reports/floorplan/3-initial_fp_core_area.rpt.
