OpenROAD v2.0-4818-g4174c3ad8 
This program is licensed under the BSD-3 license. See the LICENSE file for details.
Components of this program may be licensed under more restrictive licenses which must be honored.
[INFO ODB-0222] Reading LEF file: /foss/designs/SKY130_SAR-ADC/openlane/adc_core_digital/runs/vtoverilog/tmp/merged.nom.lef
[WARNING ODB-0220] WARNING (LEFPARS-2036): SOURCE statement is obsolete in version 5.6 and later.
The LEF parser will ignore this statement.
To avoid this warning in the future, remove this statement from the LEF file with version 5.6 or later. See file /foss/designs/SKY130_SAR-ADC/openlane/adc_core_digital/runs/vtoverilog/tmp/merged.nom.lef at line 930.

[INFO ODB-0223]     Created 13 technology layers
[INFO ODB-0224]     Created 25 technology vias
[INFO ODB-0225]     Created 441 library cells
[INFO ODB-0226] Finished LEF file:  /foss/designs/SKY130_SAR-ADC/openlane/adc_core_digital/runs/vtoverilog/tmp/merged.nom.lef
[INFO ODB-0127] Reading DEF file: /foss/designs/SKY130_SAR-ADC/openlane/adc_core_digital/runs/vtoverilog/tmp/floorplan/6-pdn.def
[INFO ODB-0128] Design: adc_core_digital
[INFO ODB-0130]     Created 195 pins.
[INFO ODB-0131]     Created 1628 components and 10309 component-terminals.
[INFO ODB-0132]     Created 4 special nets and 5874 connections.
[INFO ODB-0133]     Created 1232 nets and 4429 connections.
[INFO ODB-0134] Finished DEF file: /foss/designs/SKY130_SAR-ADC/openlane/adc_core_digital/runs/vtoverilog/tmp/floorplan/6-pdn.def
[INFO]: Setting RC values...
[INFO]: Setting signal min routing layer to: met1 and clock min routing layer to met1. 
[INFO]: Setting signal max routing layer to: met4 and clock max routing layer to met4. 
[INFO GPL-0002] DBU: 1000
[INFO GPL-0003] SiteSize: 460 2720
[INFO GPL-0004] CoreAreaLxLy: 5520 10880
[INFO GPL-0005] CoreAreaUxUy: 159620 163200
[INFO GPL-0006] NumInstances: 1628
[INFO GPL-0007] NumPlaceInstances: 1197
[INFO GPL-0008] NumFixedInstances: 431
[INFO GPL-0009] NumDummyInstances: 0
[INFO GPL-0010] NumNets: 1232
[INFO GPL-0011] NumPins: 4622
[INFO GPL-0012] DieAreaLxLy: 0 0
[INFO GPL-0013] DieAreaUxUy: 165590 176310
[INFO GPL-0014] CoreAreaLxLy: 5520 10880
[INFO GPL-0015] CoreAreaUxUy: 159620 163200
[INFO GPL-0016] CoreArea: 23472512000
[INFO GPL-0017] NonPlaceInstsArea: 819536000
[INFO GPL-0018] PlaceInstsArea: 11942704000
[INFO GPL-0019] Util(%): 52.72
[INFO GPL-0020] StdInstsArea: 11942704000
[INFO GPL-0021] MacroInstsArea: 0
[InitialPlace]  Iter: 1 CG residual: 0.00000061 HPWL: 36861630
[InitialPlace]  Iter: 2 CG residual: 0.00000011 HPWL: 30263613
[InitialPlace]  Iter: 3 CG residual: 0.00000010 HPWL: 29917270
[InitialPlace]  Iter: 4 CG residual: 0.00000007 HPWL: 29594775
[InitialPlace]  Iter: 5 CG residual: 0.00000011 HPWL: 29200392
[INFO GPL-0031] FillerInit: NumGCells: 1613
[INFO GPL-0032] FillerInit: NumGNets: 1232
[INFO GPL-0033] FillerInit: NumGPins: 4622
[INFO GPL-0023] TargetDensity: 0.70
[INFO GPL-0024] AveragePlaceInstArea: 9977196
[INFO GPL-0025] IdealBinArea: 14253137
[INFO GPL-0026] IdealBinCnt: 1646
[INFO GPL-0027] TotalBinArea: 23472512000
[INFO GPL-0028] BinCnt: 32 32
[INFO GPL-0029] BinSize: 4816 4760
[INFO GPL-0030] NumBins: 1024
[NesterovSolve] Iter: 1 overflow: 0.85845 HPWL: 24452853
[INFO GPL-0100] worst slack 1.07e-08
[INFO GPL-0103] Weighted 128 nets.
[NesterovSolve] Iter: 10 overflow: 0.762291 HPWL: 28031717
[NesterovSolve] Iter: 20 overflow: 0.757525 HPWL: 28562944
[NesterovSolve] Iter: 30 overflow: 0.75285 HPWL: 28492855
[NesterovSolve] Iter: 40 overflow: 0.750484 HPWL: 28581810
[NesterovSolve] Iter: 50 overflow: 0.749542 HPWL: 28757008
[NesterovSolve] Iter: 60 overflow: 0.74797 HPWL: 28848311
[NesterovSolve] Iter: 70 overflow: 0.747249 HPWL: 28860376
[NesterovSolve] Iter: 80 overflow: 0.746365 HPWL: 28855420
[NesterovSolve] Iter: 90 overflow: 0.745981 HPWL: 28838432
[NesterovSolve] Iter: 100 overflow: 0.745667 HPWL: 28804080
[NesterovSolve] Iter: 110 overflow: 0.744496 HPWL: 28765883
[NesterovSolve] Iter: 120 overflow: 0.743213 HPWL: 28730808
[NesterovSolve] Iter: 130 overflow: 0.742591 HPWL: 28701377
[NesterovSolve] Iter: 140 overflow: 0.741911 HPWL: 28688549
[NesterovSolve] Iter: 150 overflow: 0.739938 HPWL: 28700894
[NesterovSolve] Iter: 160 overflow: 0.737744 HPWL: 28743643
[NesterovSolve] Iter: 170 overflow: 0.732933 HPWL: 28827593
[NesterovSolve] Iter: 180 overflow: 0.72609 HPWL: 28967015
[NesterovSolve] Iter: 190 overflow: 0.718097 HPWL: 29186611
[NesterovSolve] Iter: 200 overflow: 0.703193 HPWL: 29518801
[NesterovSolve] Iter: 210 overflow: 0.682489 HPWL: 29964691
[NesterovSolve] Iter: 220 overflow: 0.65734 HPWL: 30508268
[INFO GPL-0100] worst slack 1.06e-08
[INFO GPL-0103] Weighted 127 nets.
[NesterovSolve] Iter: 230 overflow: 0.626213 HPWL: 31096136
[NesterovSolve] Snapshot saved at iter = 236
[NesterovSolve] Iter: 240 overflow: 0.588376 HPWL: 31240797
[NesterovSolve] Iter: 250 overflow: 0.550231 HPWL: 31496448
[NesterovSolve] Iter: 260 overflow: 0.506676 HPWL: 31808378
[INFO GPL-0100] worst slack 1.06e-08
[INFO GPL-0103] Weighted 129 nets.
[NesterovSolve] Iter: 270 overflow: 0.457434 HPWL: 32454191
[NesterovSolve] Iter: 280 overflow: 0.417266 HPWL: 33853702
[NesterovSolve] Iter: 290 overflow: 0.39085 HPWL: 35899482
[NesterovSolve] Iter: 300 overflow: 0.339184 HPWL: 36203567
[NesterovSolve] Iter: 310 overflow: 0.288509 HPWL: 36356874
[INFO GPL-0100] worst slack 1.06e-08
[INFO GPL-0103] Weighted 127 nets.
[NesterovSolve] Iter: 320 overflow: 0.249172 HPWL: 36636659
[NesterovSolve] Iter: 330 overflow: 0.216757 HPWL: 36891467
[INFO GPL-0100] worst slack 1.05e-08
[INFO GPL-0103] Weighted 127 nets.
[INFO GPL-0075] Routability numCall: 1 inflationIterCnt: 1 bloatIterCnt: 0
[INFO GPL-0036] TileLxLy: 0 0
[INFO GPL-0037] TileSize: 6900 6900
[INFO GPL-0038] TileCnt: 23 25
[INFO GPL-0039] numRoutingLayers: 6
[INFO GPL-0040] NumTiles: 575
[INFO GPL-0063] TotalRouteOverflowH2: 0
[INFO GPL-0064] TotalRouteOverflowV2: 0.48571455478668213
[INFO GPL-0065] OverflowTileCnt2: 5
[INFO GPL-0066] 0.5%RC: 1.0809524257977803
[INFO GPL-0067] 1.0%RC: 1.0441558686169712
[INFO GPL-0068] 2.0%RC: 1.0220779343084856
[INFO GPL-0069] 5.0%RC: 1.009164425562013
[INFO GPL-0070] 0.5rcK: 1
[INFO GPL-0071] 1.0rcK: 1
[INFO GPL-0072] 2.0rcK: 0
[INFO GPL-0073] 5.0rcK: 0
[INFO GPL-0074] FinalRC: 1.0625541
[NesterovSolve] Iter: 340 overflow: 0.195167 HPWL: 37154855
[NesterovSolve] Iter: 350 overflow: 0.183573 HPWL: 37255112
[NesterovSolve] Iter: 360 overflow: 0.157686 HPWL: 37236242
[INFO GPL-0100] worst slack 1.05e-08
[INFO GPL-0103] Weighted 129 nets.
[NesterovSolve] Iter: 370 overflow: 0.136149 HPWL: 37317128
[NesterovSolve] Iter: 380 overflow: 0.107806 HPWL: 37345324
[NesterovSolve] Finished with Overflow: 0.099032
[INFO]: Setting RC values...
min_report

===========================================================================
report_checks -path_delay min (Hold)
============================================================================
Startpoint: _1990_ (rising edge-triggered flip-flop)
Endpoint: sample_matrix_out (output port clocked by clk_dig)
Path Group: clk_dig
Path Type: min

Fanout     Cap    Slew   Delay    Time   Description
-----------------------------------------------------------------------------
                  1.30    0.00    0.00 ^ _1990_/CLK (sky130_fd_sc_hd__dfstp_2)
                  0.14    0.64    0.64 v _1990_/Q (sky130_fd_sc_hd__dfstp_2)
     6    0.04                           sample_matrix_out (net)
                  0.14    0.00    0.64 v sample_matrix_out (out)
                                  0.64   data arrival time

                  0.00    0.00    0.00   clock clk_dig (rise edge)
                          0.00    0.00   clock network delay (ideal)
                          0.25    0.25   clock uncertainty
                          0.00    0.25   clock reconvergence pessimism
                         -4.00   -3.75   output external delay
                                 -3.75   data required time
-----------------------------------------------------------------------------
                                 -3.75   data required time
                                 -0.64   data arrival time
-----------------------------------------------------------------------------
                                  4.39   slack (MET)


Startpoint: _2026_ (rising edge-triggered flip-flop)
Endpoint: conv_finished_out (output port clocked by clk_dig)
Path Group: clk_dig
Path Type: min

Fanout     Cap    Slew   Delay    Time   Description
-----------------------------------------------------------------------------
                  1.30    0.00    0.00 ^ _2026_/CLK (sky130_fd_sc_hd__dfrtp_2)
                  0.18    0.64    0.64 ^ _2026_/Q (sky130_fd_sc_hd__dfrtp_2)
     1    0.03                           conv_finished_out (net)
                  0.18    0.00    0.64 ^ conv_finished_out (out)
                                  0.64   data arrival time

                  0.00    0.00    0.00   clock clk_dig (rise edge)
                          0.00    0.00   clock network delay (ideal)
                          0.25    0.25   clock uncertainty
                          0.00    0.25   clock reconvergence pessimism
                         -4.00   -3.75   output external delay
                                 -3.75   data required time
-----------------------------------------------------------------------------
                                 -3.75   data required time
                                 -0.64   data arrival time
-----------------------------------------------------------------------------
                                  4.39   slack (MET)


Startpoint: _2029_ (rising edge-triggered flip-flop)
Endpoint: result_out[2] (output port clocked by clk_dig)
Path Group: clk_dig
Path Type: min

Fanout     Cap    Slew   Delay    Time   Description
-----------------------------------------------------------------------------
                  1.30    0.00    0.00 ^ _2029_/CLK (sky130_fd_sc_hd__dfrtp_2)
                  0.18    0.64    0.64 ^ _2029_/Q (sky130_fd_sc_hd__dfrtp_2)
     2    0.03                           result_out[2] (net)
                  0.18    0.00    0.64 ^ result_out[2] (out)
                                  0.64   data arrival time

                  0.00    0.00    0.00   clock clk_dig (rise edge)
                          0.00    0.00   clock network delay (ideal)
                          0.25    0.25   clock uncertainty
                          0.00    0.25   clock reconvergence pessimism
                         -4.00   -3.75   output external delay
                                 -3.75   data required time
-----------------------------------------------------------------------------
                                 -3.75   data required time
                                 -0.64   data arrival time
-----------------------------------------------------------------------------
                                  4.39   slack (MET)


Startpoint: _2028_ (rising edge-triggered flip-flop)
Endpoint: result_out[1] (output port clocked by clk_dig)
Path Group: clk_dig
Path Type: min

Fanout     Cap    Slew   Delay    Time   Description
-----------------------------------------------------------------------------
                  1.30    0.00    0.00 ^ _2028_/CLK (sky130_fd_sc_hd__dfrtp_2)
                  0.19    0.65    0.65 ^ _2028_/Q (sky130_fd_sc_hd__dfrtp_2)
     2    0.03                           result_out[1] (net)
                  0.19    0.00    0.65 ^ result_out[1] (out)
                                  0.65   data arrival time

                  0.00    0.00    0.00   clock clk_dig (rise edge)
                          0.00    0.00   clock network delay (ideal)
                          0.25    0.25   clock uncertainty
                          0.00    0.25   clock reconvergence pessimism
                         -4.00   -3.75   output external delay
                                 -3.75   data required time
-----------------------------------------------------------------------------
                                 -3.75   data required time
                                 -0.65   data arrival time
-----------------------------------------------------------------------------
                                  4.40   slack (MET)


Startpoint: _2030_ (rising edge-triggered flip-flop)
Endpoint: result_out[3] (output port clocked by clk_dig)
Path Group: clk_dig
Path Type: min

Fanout     Cap    Slew   Delay    Time   Description
-----------------------------------------------------------------------------
                  1.30    0.00    0.00 ^ _2030_/CLK (sky130_fd_sc_hd__dfrtp_2)
                  0.19    0.65    0.65 ^ _2030_/Q (sky130_fd_sc_hd__dfrtp_2)
     2    0.04                           result_out[3] (net)
                  0.19    0.00    0.65 ^ result_out[3] (out)
                                  0.65   data arrival time

                  0.00    0.00    0.00   clock clk_dig (rise edge)
                          0.00    0.00   clock network delay (ideal)
                          0.25    0.25   clock uncertainty
                          0.00    0.25   clock reconvergence pessimism
                         -4.00   -3.75   output external delay
                                 -3.75   data required time
-----------------------------------------------------------------------------
                                 -3.75   data required time
                                 -0.65   data arrival time
-----------------------------------------------------------------------------
                                  4.40   slack (MET)


min_report_end
max_report

===========================================================================
report_checks -path_delay max (Setup)
============================================================================
Startpoint: _1990_ (rising edge-triggered flip-flop)
Endpoint: pmatrix_rowon_out_n[0] (output port clocked by clk_dig)
Path Group: clk_dig
Path Type: max

Fanout     Cap    Slew   Delay    Time   Description
-----------------------------------------------------------------------------
                  1.30    0.00    0.00 ^ _1990_/CLK (sky130_fd_sc_hd__dfstp_2)
                  0.31    0.97    0.97 ^ _1990_/Q (sky130_fd_sc_hd__dfstp_2)
     6    0.04                           sample_matrix_out (net)
                  0.31    0.00    0.97 ^ _1008_/A (sky130_fd_sc_hd__buf_1)
                  0.70    0.61    1.58 ^ _1008_/X (sky130_fd_sc_hd__buf_1)
    10    0.06                           _0414_ (net)
                  0.70    0.00    1.59 ^ _1037_/C (sky130_fd_sc_hd__or4_2)
                  0.04    0.24    1.82 ^ _1037_/X (sky130_fd_sc_hd__or4_2)
     1    0.00                           _0438_ (net)
                  0.04    0.00    1.82 ^ _1040_/B_N (sky130_fd_sc_hd__and4bb_2)
                  0.07    0.28    2.11 v _1040_/X (sky130_fd_sc_hd__and4bb_2)
     3    0.02                           _0441_ (net)
                  0.07    0.00    2.11 v _1100_/A2 (sky130_fd_sc_hd__a21boi_2)
                  0.39    0.37    2.48 ^ _1100_/Y (sky130_fd_sc_hd__a21boi_2)
     8    0.03                           _0497_ (net)
                  0.39    0.00    2.48 ^ _1239_/D1 (sky130_fd_sc_hd__o2111a_2)
                  0.12    0.35    2.83 ^ _1239_/X (sky130_fd_sc_hd__o2111a_2)
     5    0.02                           _0631_ (net)
                  0.12    0.00    2.83 ^ _1241_/C1 (sky130_fd_sc_hd__a2111o_2)
                  0.03    0.12    2.96 ^ _1241_/X (sky130_fd_sc_hd__a2111o_2)
     1    0.00                           _0633_ (net)
                  0.03    0.00    2.96 ^ _1242_/C_N (sky130_fd_sc_hd__or3b_2)
                  0.07    0.44    3.40 v _1242_/X (sky130_fd_sc_hd__or3b_2)
     1    0.00                           _0634_ (net)
                  0.07    0.00    3.40 v _1243_/B1 (sky130_fd_sc_hd__a31o_2)
                  0.08    0.29    3.69 v _1243_/X (sky130_fd_sc_hd__a31o_2)
     5    0.02                           _0635_ (net)
                  0.08    0.00    3.69 v _1703_/A (sky130_fd_sc_hd__nand2_2)
                  0.09    0.11    3.80 ^ _1703_/Y (sky130_fd_sc_hd__nand2_2)
     6    0.01                           _0153_ (net)
                  0.09    0.00    3.80 ^ _1708_/A (sky130_fd_sc_hd__buf_1)
                  0.46    0.40    4.20 ^ _1708_/X (sky130_fd_sc_hd__buf_1)
    10    0.04                           _0157_ (net)
                  0.46    0.00    4.20 ^ _1731_/B (sky130_fd_sc_hd__and4_2)
                  0.05    0.31    4.51 ^ _1731_/X (sky130_fd_sc_hd__and4_2)
     1    0.00                           _0167_ (net)
                  0.05    0.00    4.51 ^ _1732_/A (sky130_fd_sc_hd__buf_1)
                  0.66    0.53    5.04 ^ _1732_/X (sky130_fd_sc_hd__buf_1)
     2    0.04                           pmatrix_row_out_n[1] (net)
                  0.66    0.00    5.04 ^ _2089_/A (sky130_fd_sc_hd__buf_2)
                  0.18    0.35    5.39 ^ _2089_/X (sky130_fd_sc_hd__buf_2)
     1    0.03                           pmatrix_rowon_out_n[0] (net)
                  0.18    0.00    5.39 ^ pmatrix_rowon_out_n[0] (out)
                                  5.39   data arrival time

                  0.00   20.00   20.00   clock clk_dig (rise edge)
                          0.00   20.00   clock network delay (ideal)
                         -0.25   19.75   clock uncertainty
                          0.00   19.75   clock reconvergence pessimism
                         -4.00   15.75   output external delay
                                 15.75   data required time
-----------------------------------------------------------------------------
                                 15.75   data required time
                                 -5.39   data arrival time
-----------------------------------------------------------------------------
                                 10.36   slack (MET)


Startpoint: _1990_ (rising edge-triggered flip-flop)
Endpoint: pmatrix_rowon_out_n[1] (output port clocked by clk_dig)
Path Group: clk_dig
Path Type: max

Fanout     Cap    Slew   Delay    Time   Description
-----------------------------------------------------------------------------
                  1.30    0.00    0.00 ^ _1990_/CLK (sky130_fd_sc_hd__dfstp_2)
                  0.31    0.97    0.97 ^ _1990_/Q (sky130_fd_sc_hd__dfstp_2)
     6    0.04                           sample_matrix_out (net)
                  0.31    0.00    0.97 ^ _1008_/A (sky130_fd_sc_hd__buf_1)
                  0.70    0.61    1.58 ^ _1008_/X (sky130_fd_sc_hd__buf_1)
    10    0.06                           _0414_ (net)
                  0.70    0.00    1.59 ^ _1037_/C (sky130_fd_sc_hd__or4_2)
                  0.04    0.24    1.82 ^ _1037_/X (sky130_fd_sc_hd__or4_2)
     1    0.00                           _0438_ (net)
                  0.04    0.00    1.82 ^ _1040_/B_N (sky130_fd_sc_hd__and4bb_2)
                  0.07    0.28    2.11 v _1040_/X (sky130_fd_sc_hd__and4bb_2)
     3    0.02                           _0441_ (net)
                  0.07    0.00    2.11 v _1100_/A2 (sky130_fd_sc_hd__a21boi_2)
                  0.39    0.37    2.48 ^ _1100_/Y (sky130_fd_sc_hd__a21boi_2)
     8    0.03                           _0497_ (net)
                  0.39    0.00    2.48 ^ _1239_/D1 (sky130_fd_sc_hd__o2111a_2)
                  0.12    0.35    2.83 ^ _1239_/X (sky130_fd_sc_hd__o2111a_2)
     5    0.02                           _0631_ (net)
                  0.12    0.00    2.83 ^ _1241_/C1 (sky130_fd_sc_hd__a2111o_2)
                  0.03    0.12    2.96 ^ _1241_/X (sky130_fd_sc_hd__a2111o_2)
     1    0.00                           _0633_ (net)
                  0.03    0.00    2.96 ^ _1242_/C_N (sky130_fd_sc_hd__or3b_2)
                  0.07    0.44    3.40 v _1242_/X (sky130_fd_sc_hd__or3b_2)
     1    0.00                           _0634_ (net)
                  0.07    0.00    3.40 v _1243_/B1 (sky130_fd_sc_hd__a31o_2)
                  0.08    0.29    3.69 v _1243_/X (sky130_fd_sc_hd__a31o_2)
     5    0.02                           _0635_ (net)
                  0.08    0.00    3.69 v _1703_/A (sky130_fd_sc_hd__nand2_2)
                  0.09    0.11    3.80 ^ _1703_/Y (sky130_fd_sc_hd__nand2_2)
     6    0.01                           _0153_ (net)
                  0.09    0.00    3.80 ^ _1708_/A (sky130_fd_sc_hd__buf_1)
                  0.46    0.40    4.20 ^ _1708_/X (sky130_fd_sc_hd__buf_1)
    10    0.04                           _0157_ (net)
                  0.46    0.00    4.20 ^ _1733_/A (sky130_fd_sc_hd__and3_2)
                  0.05    0.27    4.47 ^ _1733_/X (sky130_fd_sc_hd__and3_2)
     1    0.00                           _0168_ (net)
                  0.05    0.00    4.47 ^ _1734_/A (sky130_fd_sc_hd__buf_1)
                  0.65    0.53    5.00 ^ _1734_/X (sky130_fd_sc_hd__buf_1)
     2    0.04                           pmatrix_row_out_n[2] (net)
                  0.65    0.00    5.00 ^ _2090_/A (sky130_fd_sc_hd__buf_2)
                  0.17    0.34    5.35 ^ _2090_/X (sky130_fd_sc_hd__buf_2)
     1    0.03                           pmatrix_rowon_out_n[1] (net)
                  0.17    0.00    5.35 ^ pmatrix_rowon_out_n[1] (out)
                                  5.35   data arrival time

                  0.00   20.00   20.00   clock clk_dig (rise edge)
                          0.00   20.00   clock network delay (ideal)
                         -0.25   19.75   clock uncertainty
                          0.00   19.75   clock reconvergence pessimism
                         -4.00   15.75   output external delay
                                 15.75   data required time
-----------------------------------------------------------------------------
                                 15.75   data required time
                                 -5.35   data arrival time
-----------------------------------------------------------------------------
                                 10.40   slack (MET)


Startpoint: _2005_ (rising edge-triggered flip-flop)
Endpoint: pmatrix_rowon_out_n[6] (output port clocked by clk_dig)
Path Group: clk_dig
Path Type: max

Fanout     Cap    Slew   Delay    Time   Description
-----------------------------------------------------------------------------
                  1.30    0.00    0.00 ^ _2005_/CLK (sky130_fd_sc_hd__dfrtp_2)
                  0.10    0.69    0.69 v _2005_/Q (sky130_fd_sc_hd__dfrtp_2)
    10    0.03                           cnb.shift_register_r[15] (net)
                  0.10    0.00    0.70 v _0971_/A (sky130_fd_sc_hd__or4_4)
                  0.09    0.59    1.28 v _0971_/X (sky130_fd_sc_hd__or4_4)
     3    0.01                           _0379_ (net)
                  0.09    0.00    1.28 v _0972_/A (sky130_fd_sc_hd__buf_2)
                  0.10    0.22    1.51 v _0972_/X (sky130_fd_sc_hd__buf_2)
    10    0.04                           _0380_ (net)
                  0.10    0.00    1.51 v _1150_/A (sky130_fd_sc_hd__or3_4)
                  0.07    0.42    1.93 v _1150_/X (sky130_fd_sc_hd__or3_4)
     2    0.01                           _0545_ (net)
                  0.07    0.00    1.93 v _1152_/A1 (sky130_fd_sc_hd__a21o_2)
                  0.07    0.25    2.18 v _1152_/X (sky130_fd_sc_hd__a21o_2)
     2    0.02                           _0547_ (net)
                  0.07    0.00    2.18 v _1188_/B (sky130_fd_sc_hd__xnor2_2)
                  0.10    0.19    2.37 v _1188_/Y (sky130_fd_sc_hd__xnor2_2)
     6    0.02                           _0582_ (net)
                  0.10    0.00    2.37 v _1203_/B (sky130_fd_sc_hd__or4b_4)
                  0.11    0.61    2.98 v _1203_/X (sky130_fd_sc_hd__or4b_4)
     5    0.02                           _0596_ (net)
                  0.11    0.00    2.98 v _1254_/A2 (sky130_fd_sc_hd__a211oi_2)
                  0.17    0.26    3.24 ^ _1254_/Y (sky130_fd_sc_hd__a211oi_2)
     2    0.00                           _0645_ (net)
                  0.17    0.00    3.24 ^ _1267_/B (sky130_fd_sc_hd__and2_2)
                  0.08    0.21    3.45 ^ _1267_/X (sky130_fd_sc_hd__and2_2)
     3    0.01                           _0657_ (net)
                  0.08    0.00    3.45 ^ _1268_/A2 (sky130_fd_sc_hd__o21ai_2)
                  0.08    0.09    3.54 v _1268_/Y (sky130_fd_sc_hd__o21ai_2)
     3    0.01                           _0658_ (net)
                  0.08    0.00    3.54 v _1269_/B (sky130_fd_sc_hd__xor2_2)
                  0.17    0.19    3.74 ^ _1269_/X (sky130_fd_sc_hd__xor2_2)
     3    0.01                           _0659_ (net)
                  0.17    0.00    3.74 ^ _1272_/A (sky130_fd_sc_hd__buf_1)
                  0.45    0.41    4.14 ^ _1272_/X (sky130_fd_sc_hd__buf_1)
    10    0.04                           _0661_ (net)
                  0.45    0.00    4.14 ^ _1275_/A (sky130_fd_sc_hd__buf_2)
                  0.42    0.49    4.63 ^ _1275_/X (sky130_fd_sc_hd__buf_2)
    11    0.07                           pmatrix_row_out_n[8] (net)
                  0.42    0.00    4.63 ^ _1740_/B1 (sky130_fd_sc_hd__o31a_2)
                  0.27    0.42    5.05 ^ _1740_/X (sky130_fd_sc_hd__o31a_2)
     2    0.04                           pmatrix_row_out_n[7] (net)
                  0.27    0.00    5.05 ^ _2095_/A (sky130_fd_sc_hd__buf_2)
                  0.18    0.29    5.34 ^ _2095_/X (sky130_fd_sc_hd__buf_2)
     1    0.03                           pmatrix_rowon_out_n[6] (net)
                  0.18    0.00    5.34 ^ pmatrix_rowon_out_n[6] (out)
                                  5.34   data arrival time

                  0.00   20.00   20.00   clock clk_dig (rise edge)
                          0.00   20.00   clock network delay (ideal)
                         -0.25   19.75   clock uncertainty
                          0.00   19.75   clock reconvergence pessimism
                         -4.00   15.75   output external delay
                                 15.75   data required time
-----------------------------------------------------------------------------
                                 15.75   data required time
                                 -5.34   data arrival time
-----------------------------------------------------------------------------
                                 10.41   slack (MET)


Startpoint: _2005_ (rising edge-triggered flip-flop)
Endpoint: pmatrix_rowon_out_n[5] (output port clocked by clk_dig)
Path Group: clk_dig
Path Type: max

Fanout     Cap    Slew   Delay    Time   Description
-----------------------------------------------------------------------------
                  1.30    0.00    0.00 ^ _2005_/CLK (sky130_fd_sc_hd__dfrtp_2)
                  0.10    0.69    0.69 v _2005_/Q (sky130_fd_sc_hd__dfrtp_2)
    10    0.03                           cnb.shift_register_r[15] (net)
                  0.10    0.00    0.70 v _0971_/A (sky130_fd_sc_hd__or4_4)
                  0.09    0.59    1.28 v _0971_/X (sky130_fd_sc_hd__or4_4)
     3    0.01                           _0379_ (net)
                  0.09    0.00    1.28 v _0972_/A (sky130_fd_sc_hd__buf_2)
                  0.10    0.22    1.51 v _0972_/X (sky130_fd_sc_hd__buf_2)
    10    0.04                           _0380_ (net)
                  0.10    0.00    1.51 v _1150_/A (sky130_fd_sc_hd__or3_4)
                  0.07    0.42    1.93 v _1150_/X (sky130_fd_sc_hd__or3_4)
     2    0.01                           _0545_ (net)
                  0.07    0.00    1.93 v _1152_/A1 (sky130_fd_sc_hd__a21o_2)
                  0.07    0.25    2.18 v _1152_/X (sky130_fd_sc_hd__a21o_2)
     2    0.02                           _0547_ (net)
                  0.07    0.00    2.18 v _1188_/B (sky130_fd_sc_hd__xnor2_2)
                  0.10    0.19    2.37 v _1188_/Y (sky130_fd_sc_hd__xnor2_2)
     6    0.02                           _0582_ (net)
                  0.10    0.00    2.37 v _1203_/B (sky130_fd_sc_hd__or4b_4)
                  0.11    0.61    2.98 v _1203_/X (sky130_fd_sc_hd__or4b_4)
     5    0.02                           _0596_ (net)
                  0.11    0.00    2.98 v _1254_/A2 (sky130_fd_sc_hd__a211oi_2)
                  0.17    0.26    3.24 ^ _1254_/Y (sky130_fd_sc_hd__a211oi_2)
     2    0.00                           _0645_ (net)
                  0.17    0.00    3.24 ^ _1267_/B (sky130_fd_sc_hd__and2_2)
                  0.08    0.21    3.45 ^ _1267_/X (sky130_fd_sc_hd__and2_2)
     3    0.01                           _0657_ (net)
                  0.08    0.00    3.45 ^ _1268_/A2 (sky130_fd_sc_hd__o21ai_2)
                  0.08    0.09    3.54 v _1268_/Y (sky130_fd_sc_hd__o21ai_2)
     3    0.01                           _0658_ (net)
                  0.08    0.00    3.54 v _1269_/B (sky130_fd_sc_hd__xor2_2)
                  0.17    0.19    3.74 ^ _1269_/X (sky130_fd_sc_hd__xor2_2)
     3    0.01                           _0659_ (net)
                  0.17    0.00    3.74 ^ _1272_/A (sky130_fd_sc_hd__buf_1)
                  0.45    0.41    4.14 ^ _1272_/X (sky130_fd_sc_hd__buf_1)
    10    0.04                           _0661_ (net)
                  0.45    0.00    4.14 ^ _1275_/A (sky130_fd_sc_hd__buf_2)
                  0.42    0.49    4.63 ^ _1275_/X (sky130_fd_sc_hd__buf_2)
    11    0.07                           pmatrix_row_out_n[8] (net)
                  0.42    0.00    4.63 ^ _1739_/B1 (sky130_fd_sc_hd__o21a_2)
                  0.28    0.41    5.05 ^ _1739_/X (sky130_fd_sc_hd__o21a_2)
     2    0.04                           pmatrix_row_out_n[6] (net)
                  0.28    0.00    5.05 ^ _2094_/A (sky130_fd_sc_hd__buf_2)
                  0.17    0.28    5.33 ^ _2094_/X (sky130_fd_sc_hd__buf_2)
     1    0.03                           pmatrix_rowon_out_n[5] (net)
                  0.17    0.00    5.33 ^ pmatrix_rowon_out_n[5] (out)
                                  5.33   data arrival time

                  0.00   20.00   20.00   clock clk_dig (rise edge)
                          0.00   20.00   clock network delay (ideal)
                         -0.25   19.75   clock uncertainty
                          0.00   19.75   clock reconvergence pessimism
                         -4.00   15.75   output external delay
                                 15.75   data required time
-----------------------------------------------------------------------------
                                 15.75   data required time
                                 -5.33   data arrival time
-----------------------------------------------------------------------------
                                 10.42   slack (MET)


Startpoint: _2005_ (rising edge-triggered flip-flop)
Endpoint: pmatrix_rowon_out_n[8] (output port clocked by clk_dig)
Path Group: clk_dig
Path Type: max

Fanout     Cap    Slew   Delay    Time   Description
-----------------------------------------------------------------------------
                  1.30    0.00    0.00 ^ _2005_/CLK (sky130_fd_sc_hd__dfrtp_2)
                  0.10    0.69    0.69 v _2005_/Q (sky130_fd_sc_hd__dfrtp_2)
    10    0.03                           cnb.shift_register_r[15] (net)
                  0.10    0.00    0.70 v _0971_/A (sky130_fd_sc_hd__or4_4)
                  0.09    0.59    1.28 v _0971_/X (sky130_fd_sc_hd__or4_4)
     3    0.01                           _0379_ (net)
                  0.09    0.00    1.28 v _0972_/A (sky130_fd_sc_hd__buf_2)
                  0.10    0.22    1.51 v _0972_/X (sky130_fd_sc_hd__buf_2)
    10    0.04                           _0380_ (net)
                  0.10    0.00    1.51 v _1150_/A (sky130_fd_sc_hd__or3_4)
                  0.07    0.42    1.93 v _1150_/X (sky130_fd_sc_hd__or3_4)
     2    0.01                           _0545_ (net)
                  0.07    0.00    1.93 v _1152_/A1 (sky130_fd_sc_hd__a21o_2)
                  0.07    0.25    2.18 v _1152_/X (sky130_fd_sc_hd__a21o_2)
     2    0.02                           _0547_ (net)
                  0.07    0.00    2.18 v _1188_/B (sky130_fd_sc_hd__xnor2_2)
                  0.10    0.19    2.37 v _1188_/Y (sky130_fd_sc_hd__xnor2_2)
     6    0.02                           _0582_ (net)
                  0.10    0.00    2.37 v _1203_/B (sky130_fd_sc_hd__or4b_4)
                  0.11    0.61    2.98 v _1203_/X (sky130_fd_sc_hd__or4b_4)
     5    0.02                           _0596_ (net)
                  0.11    0.00    2.98 v _1254_/A2 (sky130_fd_sc_hd__a211oi_2)
                  0.17    0.26    3.24 ^ _1254_/Y (sky130_fd_sc_hd__a211oi_2)
     2    0.00                           _0645_ (net)
                  0.17    0.00    3.24 ^ _1267_/B (sky130_fd_sc_hd__and2_2)
                  0.08    0.21    3.45 ^ _1267_/X (sky130_fd_sc_hd__and2_2)
     3    0.01                           _0657_ (net)
                  0.08    0.00    3.45 ^ _1268_/A2 (sky130_fd_sc_hd__o21ai_2)
                  0.08    0.09    3.54 v _1268_/Y (sky130_fd_sc_hd__o21ai_2)
     3    0.01                           _0658_ (net)
                  0.08    0.00    3.54 v _1269_/B (sky130_fd_sc_hd__xor2_2)
                  0.17    0.19    3.74 ^ _1269_/X (sky130_fd_sc_hd__xor2_2)
     3    0.01                           _0659_ (net)
                  0.17    0.00    3.74 ^ _1272_/A (sky130_fd_sc_hd__buf_1)
                  0.45    0.41    4.14 ^ _1272_/X (sky130_fd_sc_hd__buf_1)
    10    0.04                           _0661_ (net)
                  0.45    0.00    4.14 ^ _1275_/A (sky130_fd_sc_hd__buf_2)
                  0.42    0.49    4.63 ^ _1275_/X (sky130_fd_sc_hd__buf_2)
    11    0.07                           pmatrix_row_out_n[8] (net)
                  0.42    0.00    4.63 ^ _1741_/B1 (sky130_fd_sc_hd__a31o_2)
                  0.26    0.35    4.98 ^ _1741_/X (sky130_fd_sc_hd__a31o_2)
     2    0.04                           pmatrix_row_out_n[9] (net)
                  0.26    0.00    4.99 ^ _2097_/A (sky130_fd_sc_hd__buf_2)
                  0.18    0.28    5.27 ^ _2097_/X (sky130_fd_sc_hd__buf_2)
     1    0.03                           pmatrix_rowon_out_n[8] (net)
                  0.18    0.00    5.27 ^ pmatrix_rowon_out_n[8] (out)
                                  5.27   data arrival time

                  0.00   20.00   20.00   clock clk_dig (rise edge)
                          0.00   20.00   clock network delay (ideal)
                         -0.25   19.75   clock uncertainty
                          0.00   19.75   clock reconvergence pessimism
                         -4.00   15.75   output external delay
                                 15.75   data required time
-----------------------------------------------------------------------------
                                 15.75   data required time
                                 -5.27   data arrival time
-----------------------------------------------------------------------------
                                 10.48   slack (MET)


max_report_end
check_report

===========================================================================
report_checks -unconstrained
============================================================================
Startpoint: _1990_ (rising edge-triggered flip-flop)
Endpoint: pmatrix_rowon_out_n[0] (output port clocked by clk_dig)
Path Group: clk_dig
Path Type: max

Fanout     Cap    Slew   Delay    Time   Description
-----------------------------------------------------------------------------
                  1.30    0.00    0.00 ^ _1990_/CLK (sky130_fd_sc_hd__dfstp_2)
                  0.31    0.97    0.97 ^ _1990_/Q (sky130_fd_sc_hd__dfstp_2)
     6    0.04                           sample_matrix_out (net)
                  0.31    0.00    0.97 ^ _1008_/A (sky130_fd_sc_hd__buf_1)
                  0.70    0.61    1.58 ^ _1008_/X (sky130_fd_sc_hd__buf_1)
    10    0.06                           _0414_ (net)
                  0.70    0.00    1.59 ^ _1037_/C (sky130_fd_sc_hd__or4_2)
                  0.04    0.24    1.82 ^ _1037_/X (sky130_fd_sc_hd__or4_2)
     1    0.00                           _0438_ (net)
                  0.04    0.00    1.82 ^ _1040_/B_N (sky130_fd_sc_hd__and4bb_2)
                  0.07    0.28    2.11 v _1040_/X (sky130_fd_sc_hd__and4bb_2)
     3    0.02                           _0441_ (net)
                  0.07    0.00    2.11 v _1100_/A2 (sky130_fd_sc_hd__a21boi_2)
                  0.39    0.37    2.48 ^ _1100_/Y (sky130_fd_sc_hd__a21boi_2)
     8    0.03                           _0497_ (net)
                  0.39    0.00    2.48 ^ _1239_/D1 (sky130_fd_sc_hd__o2111a_2)
                  0.12    0.35    2.83 ^ _1239_/X (sky130_fd_sc_hd__o2111a_2)
     5    0.02                           _0631_ (net)
                  0.12    0.00    2.83 ^ _1241_/C1 (sky130_fd_sc_hd__a2111o_2)
                  0.03    0.12    2.96 ^ _1241_/X (sky130_fd_sc_hd__a2111o_2)
     1    0.00                           _0633_ (net)
                  0.03    0.00    2.96 ^ _1242_/C_N (sky130_fd_sc_hd__or3b_2)
                  0.07    0.44    3.40 v _1242_/X (sky130_fd_sc_hd__or3b_2)
     1    0.00                           _0634_ (net)
                  0.07    0.00    3.40 v _1243_/B1 (sky130_fd_sc_hd__a31o_2)
                  0.08    0.29    3.69 v _1243_/X (sky130_fd_sc_hd__a31o_2)
     5    0.02                           _0635_ (net)
                  0.08    0.00    3.69 v _1703_/A (sky130_fd_sc_hd__nand2_2)
                  0.09    0.11    3.80 ^ _1703_/Y (sky130_fd_sc_hd__nand2_2)
     6    0.01                           _0153_ (net)
                  0.09    0.00    3.80 ^ _1708_/A (sky130_fd_sc_hd__buf_1)
                  0.46    0.40    4.20 ^ _1708_/X (sky130_fd_sc_hd__buf_1)
    10    0.04                           _0157_ (net)
                  0.46    0.00    4.20 ^ _1731_/B (sky130_fd_sc_hd__and4_2)
                  0.05    0.31    4.51 ^ _1731_/X (sky130_fd_sc_hd__and4_2)
     1    0.00                           _0167_ (net)
                  0.05    0.00    4.51 ^ _1732_/A (sky130_fd_sc_hd__buf_1)
                  0.66    0.53    5.04 ^ _1732_/X (sky130_fd_sc_hd__buf_1)
     2    0.04                           pmatrix_row_out_n[1] (net)
                  0.66    0.00    5.04 ^ _2089_/A (sky130_fd_sc_hd__buf_2)
                  0.18    0.35    5.39 ^ _2089_/X (sky130_fd_sc_hd__buf_2)
     1    0.03                           pmatrix_rowon_out_n[0] (net)
                  0.18    0.00    5.39 ^ pmatrix_rowon_out_n[0] (out)
                                  5.39   data arrival time

                  0.00   20.00   20.00   clock clk_dig (rise edge)
                          0.00   20.00   clock network delay (ideal)
                         -0.25   19.75   clock uncertainty
                          0.00   19.75   clock reconvergence pessimism
                         -4.00   15.75   output external delay
                                 15.75   data required time
-----------------------------------------------------------------------------
                                 15.75   data required time
                                 -5.39   data arrival time
-----------------------------------------------------------------------------
                                 10.36   slack (MET)



===========================================================================
report_checks --slack_max -0.01
============================================================================
No paths found.
check_report_end
check_slew

===========================================================================
 report_check_types -max_slew -max_cap -max_fanout -violators
============================================================================
max slew

Pin                                    Limit    Slew   Slack
------------------------------------------------------------
rst_n                                   1.50    2.07   -0.57 (VIOLATED)
_1985_/RESET_B                          1.50    2.07   -0.57 (VIOLATED)
_2026_/RESET_B                          1.50    2.07   -0.57 (VIOLATED)
_1986_/RESET_B                          1.50    2.07   -0.57 (VIOLATED)
_1983_/RESET_B                          1.50    2.07   -0.57 (VIOLATED)
_1984_/RESET_B                          1.50    2.07   -0.57 (VIOLATED)
_2025_/RESET_B                          1.50    2.07   -0.57 (VIOLATED)
_1980_/RESET_B                          1.50    2.07   -0.57 (VIOLATED)
_1981_/RESET_B                          1.50    2.07   -0.57 (VIOLATED)
_1982_/RESET_B                          1.50    2.07   -0.57 (VIOLATED)
_2023_/RESET_B                          1.50    2.07   -0.57 (VIOLATED)
_2021_/RESET_B                          1.50    2.07   -0.57 (VIOLATED)
_2022_/RESET_B                          1.50    2.07   -0.57 (VIOLATED)
_2024_/RESET_B                          1.50    2.07   -0.57 (VIOLATED)
_2019_/RESET_B                          1.50    2.07   -0.57 (VIOLATED)
_2042_/RESET_B                          1.50    2.07   -0.57 (VIOLATED)
_2041_/RESET_B                          1.50    2.07   -0.57 (VIOLATED)
_2035_/RESET_B                          1.50    2.07   -0.57 (VIOLATED)
_2037_/RESET_B                          1.50    2.07   -0.57 (VIOLATED)
_2040_/RESET_B                          1.50    2.07   -0.57 (VIOLATED)
_2020_/RESET_B                          1.50    2.07   -0.57 (VIOLATED)
_2018_/RESET_B                          1.50    2.07   -0.57 (VIOLATED)
_2016_/RESET_B                          1.50    2.07   -0.57 (VIOLATED)
_1978_/SET_B                            1.50    2.07   -0.57 (VIOLATED)
_2030_/RESET_B                          1.50    2.07   -0.57 (VIOLATED)
_1989_/RESET_B                          1.50    2.07   -0.57 (VIOLATED)
_2014_/RESET_B                          1.50    2.07   -0.57 (VIOLATED)
_1988_/RESET_B                          1.50    2.07   -0.57 (VIOLATED)
_2034_/RESET_B                          1.50    2.07   -0.57 (VIOLATED)
_1987_/RESET_B                          1.50    2.07   -0.57 (VIOLATED)
_2017_/RESET_B                          1.50    2.07   -0.57 (VIOLATED)
_2015_/RESET_B                          1.50    2.07   -0.57 (VIOLATED)
_1979_/RESET_B                          1.50    2.07   -0.57 (VIOLATED)
_2033_/RESET_B                          1.50    2.07   -0.57 (VIOLATED)
_2036_/RESET_B                          1.50    2.07   -0.57 (VIOLATED)
_2038_/RESET_B                          1.50    2.07   -0.57 (VIOLATED)
_2039_/RESET_B                          1.50    2.07   -0.57 (VIOLATED)
_1974_/RESET_B                          1.50    2.07   -0.57 (VIOLATED)
_2032_/RESET_B                          1.50    2.07   -0.57 (VIOLATED)
_1970_/RESET_B                          1.50    2.07   -0.57 (VIOLATED)
_2060_/RESET_B                          1.50    2.07   -0.57 (VIOLATED)
_2062_/RESET_B                          1.50    2.07   -0.57 (VIOLATED)
_2063_/RESET_B                          1.50    2.07   -0.57 (VIOLATED)
_1972_/RESET_B                          1.50    2.07   -0.57 (VIOLATED)
_1968_/RESET_B                          1.50    2.07   -0.57 (VIOLATED)
_2056_/RESET_B                          1.50    2.07   -0.57 (VIOLATED)
_1975_/RESET_B                          1.50    2.07   -0.57 (VIOLATED)
_1990_/SET_B                            1.50    2.07   -0.57 (VIOLATED)
_2058_/RESET_B                          1.50    2.07   -0.57 (VIOLATED)
_2044_/RESET_B                          1.50    2.07   -0.57 (VIOLATED)
_2047_/RESET_B                          1.50    2.07   -0.57 (VIOLATED)
_1969_/RESET_B                          1.50    2.07   -0.57 (VIOLATED)
_2029_/RESET_B                          1.50    2.07   -0.57 (VIOLATED)
_2027_/RESET_B                          1.50    2.07   -0.57 (VIOLATED)
_2028_/RESET_B                          1.50    2.07   -0.57 (VIOLATED)
_2010_/RESET_B                          1.50    2.07   -0.57 (VIOLATED)
_2031_/RESET_B                          1.50    2.07   -0.57 (VIOLATED)
_2009_/RESET_B                          1.50    2.07   -0.57 (VIOLATED)
_1973_/RESET_B                          1.50    2.07   -0.57 (VIOLATED)
_1992_/RESET_B                          1.50    2.07   -0.57 (VIOLATED)
_1991_/RESET_B                          1.50    2.07   -0.57 (VIOLATED)
_1993_/RESET_B                          1.50    2.07   -0.57 (VIOLATED)
_1994_/RESET_B                          1.50    2.07   -0.57 (VIOLATED)
_2006_/RESET_B                          1.50    2.07   -0.57 (VIOLATED)
_1976_/RESET_B                          1.50    2.07   -0.57 (VIOLATED)
_1977_/RESET_B                          1.50    2.07   -0.57 (VIOLATED)
_2053_/RESET_B                          1.50    2.07   -0.57 (VIOLATED)
_2007_/RESET_B                          1.50    2.07   -0.57 (VIOLATED)
_2011_/RESET_B                          1.50    2.07   -0.57 (VIOLATED)
_2012_/RESET_B                          1.50    2.07   -0.57 (VIOLATED)
_2013_/RESET_B                          1.50    2.07   -0.57 (VIOLATED)
_2057_/RESET_B                          1.50    2.07   -0.57 (VIOLATED)
_2059_/RESET_B                          1.50    2.07   -0.57 (VIOLATED)
_2008_/RESET_B                          1.50    2.07   -0.57 (VIOLATED)
_2054_/RESET_B                          1.50    2.07   -0.57 (VIOLATED)
_2043_/SET_B                            1.50    2.07   -0.57 (VIOLATED)
_2045_/RESET_B                          1.50    2.07   -0.57 (VIOLATED)
_2048_/RESET_B                          1.50    2.07   -0.57 (VIOLATED)
_2003_/RESET_B                          1.50    2.07   -0.57 (VIOLATED)
_2002_/RESET_B                          1.50    2.07   -0.57 (VIOLATED)
_2004_/RESET_B                          1.50    2.07   -0.57 (VIOLATED)
_2066_/RESET_B                          1.50    2.07   -0.57 (VIOLATED)
_2055_/RESET_B                          1.50    2.07   -0.57 (VIOLATED)
_2001_/RESET_B                          1.50    2.07   -0.57 (VIOLATED)
_1999_/RESET_B                          1.50    2.07   -0.57 (VIOLATED)
_2005_/RESET_B                          1.50    2.07   -0.57 (VIOLATED)
_2000_/RESET_B                          1.50    2.07   -0.57 (VIOLATED)
_2046_/RESET_B                          1.50    2.07   -0.57 (VIOLATED)
_1998_/RESET_B                          1.50    2.07   -0.57 (VIOLATED)
_1971_/RESET_B                          1.50    2.07   -0.57 (VIOLATED)
_1997_/RESET_B                          1.50    2.07   -0.57 (VIOLATED)
_1967_/RESET_B                          1.50    2.07   -0.57 (VIOLATED)
_1995_/RESET_B                          1.50    2.07   -0.57 (VIOLATED)
_1996_/RESET_B                          1.50    2.07   -0.57 (VIOLATED)
_2051_/RESET_B                          1.50    2.07   -0.57 (VIOLATED)
_2065_/RESET_B                          1.50    2.07   -0.57 (VIOLATED)
_2052_/RESET_B                          1.50    2.07   -0.57 (VIOLATED)
_1966_/RESET_B                          1.50    2.07   -0.57 (VIOLATED)
_2050_/RESET_B                          1.50    2.07   -0.57 (VIOLATED)
_2064_/RESET_B                          1.50    2.07   -0.57 (VIOLATED)
_2049_/RESET_B                          1.50    2.07   -0.57 (VIOLATED)
_2061_/RESET_B                          1.50    2.07   -0.57 (VIOLATED)
_1965_/RESET_B                          1.50    2.07   -0.57 (VIOLATED)
_2067_/RESET_B                          1.50    2.07   -0.57 (VIOLATED)

max fanout

Pin                                   Limit Fanout  Slack
---------------------------------------------------------
clk_dig_in                               10    103    -93 (VIOLATED)
rst_n                                    10    103    -93 (VIOLATED)
_1010_/X                                 10     11        (VIOLATED)

max capacitance

Pin                                    Limit     Cap   Slack
------------------------------------------------------------
rst_n                                   0.33    0.47   -0.14 (VIOLATED)


===========================================================================
max slew violation count 104
max fanout violation count 3
max cap violation count 1
============================================================================
check_slew_end
tns_report

===========================================================================
 report_tns
============================================================================
tns 0.00
tns_report_end
wns_report

===========================================================================
 report_wns
============================================================================
wns 0.00
wns_report_end
worst_slack

===========================================================================
 report_worst_slack -max (Setup)
============================================================================
worst slack 10.36

===========================================================================
 report_worst_slack -min (Hold)
============================================================================
worst slack 4.39
worst_slack_end
clock_skew

===========================================================================
 report_clock_skew
============================================================================
Clock clk_dig
No launch/capture paths found.

clock_skew_end
power_report

===========================================================================
 report_power
============================================================================
Group                  Internal  Switching    Leakage      Total
                          Power      Power      Power      Power (Watts)
----------------------------------------------------------------
Sequential             2.13e-05   3.27e-05   8.23e-10   5.40e-05  40.7%
Combinational          4.96e-05   2.91e-05   3.88e-09   7.87e-05  59.3%
Macro                  0.00e+00   0.00e+00   0.00e+00   0.00e+00   0.0%
Pad                    0.00e+00   0.00e+00   0.00e+00   0.00e+00   0.0%
----------------------------------------------------------------
Total                  7.09e-05   6.19e-05   4.70e-09   1.33e-04 100.0%
                          53.4%      46.6%       0.0%
power_report_end
area_report

===========================================================================
 report_design_area
============================================================================
Design area 12342 u^2 53% utilization.
area_report_end
