
===========================================================================
report_checks -unconstrained
============================================================================
Startpoint: _1994_ (rising edge-triggered flip-flop)
Endpoint: pmatrix_col_out_n[22] (output port clocked by clk_dig)
Path Group: clk_dig
Path Type: max

Fanout     Cap    Slew   Delay    Time   Description
-----------------------------------------------------------------------------
                  0.12    0.00    0.00 ^ _1994_/CLK (sky130_fd_sc_hd__dfrtp_2)
                  0.09    0.50    0.50 v _1994_/Q (sky130_fd_sc_hd__dfrtp_2)
     7    0.03                           cnb.shift_register_r[4] (net)
                  0.09    0.00    0.50 v _0975_/A (sky130_fd_sc_hd__or4_2)
                  0.13    0.76    1.27 v _0975_/X (sky130_fd_sc_hd__or4_2)
     3    0.01                           _0383_ (net)
                  0.13    0.00    1.27 v _0976_/A (sky130_fd_sc_hd__buf_6)
                  0.05    0.19    1.46 v _0976_/X (sky130_fd_sc_hd__buf_6)
    10    0.05                           _0384_ (net)
                  0.05    0.00    1.46 v _0979_/B (sky130_fd_sc_hd__or2_2)
                  0.09    0.34    1.80 v _0979_/X (sky130_fd_sc_hd__or2_2)
     3    0.02                           _0387_ (net)
                  0.09    0.00    1.80 v _0980_/A (sky130_fd_sc_hd__buf_6)
                  0.06    0.18    1.98 v _0980_/X (sky130_fd_sc_hd__buf_6)
    10    0.05                           _0388_ (net)
                  0.06    0.00    1.98 v _1120_/A2 (sky130_fd_sc_hd__o31ai_4)
                  0.46    0.46    2.44 ^ _1120_/Y (sky130_fd_sc_hd__o31ai_4)
     4    0.04                           _0516_ (net)
                  0.46    0.00    2.45 ^ _1187_/B (sky130_fd_sc_hd__nor2_8)
                  0.09    0.09    2.53 v _1187_/Y (sky130_fd_sc_hd__nor2_8)
     6    0.03                           _0581_ (net)
                  0.09    0.00    2.53 v _1203_/A (sky130_fd_sc_hd__or4b_4)
                  0.11    0.63    3.16 v _1203_/X (sky130_fd_sc_hd__or4b_4)
     5    0.02                           _0596_ (net)
                  0.11    0.00    3.16 v _1212_/B (sky130_fd_sc_hd__and2_2)
                  0.05    0.25    3.41 v _1212_/X (sky130_fd_sc_hd__and2_2)
     2    0.01                           _0605_ (net)
                  0.05    0.00    3.41 v _1213_/B1 (sky130_fd_sc_hd__a311o_4)
                  0.08    0.43    3.84 v _1213_/X (sky130_fd_sc_hd__a311o_4)
     4    0.02                           _0606_ (net)
                  0.08    0.00    3.84 v _1214_/B (sky130_fd_sc_hd__and2_2)
                  0.06    0.24    4.09 v _1214_/X (sky130_fd_sc_hd__and2_2)
     4    0.01                           _0607_ (net)
                  0.06    0.00    4.09 v _1215_/A (sky130_fd_sc_hd__buf_6)
                  0.05    0.16    4.24 v _1215_/X (sky130_fd_sc_hd__buf_6)
    10    0.05                           _0608_ (net)
                  0.05    0.00    4.25 v _1389_/B (sky130_fd_sc_hd__and3_2)
                  0.04    0.20    4.44 v _1389_/X (sky130_fd_sc_hd__and3_2)
     1    0.00                           _0754_ (net)
                  0.04    0.00    4.44 v _1391_/A (sky130_fd_sc_hd__or4b_2)
                  0.12    0.72    5.17 v _1391_/X (sky130_fd_sc_hd__or4b_2)
     1    0.01                           _0756_ (net)
                  0.12    0.00    5.17 v _1392_/A (sky130_fd_sc_hd__buf_6)
                  0.02    0.15    5.32 v _1392_/X (sky130_fd_sc_hd__buf_6)
     1    0.01                           net94 (net)
                  0.02    0.00    5.32 v output94/A (sky130_fd_sc_hd__buf_4)
                  0.06    0.17    5.49 v output94/X (sky130_fd_sc_hd__buf_4)
     1    0.03                           pmatrix_col_out_n[22] (net)
                  0.06    0.00    5.49 v pmatrix_col_out_n[22] (out)
                                  5.49   data arrival time

                  0.00   20.00   20.00   clock clk_dig (rise edge)
                          0.00   20.00   clock network delay (ideal)
                         -0.25   19.75   clock uncertainty
                          0.00   19.75   clock reconvergence pessimism
                         -4.00   15.75   output external delay
                                 15.75   data required time
-----------------------------------------------------------------------------
                                 15.75   data required time
                                 -5.49   data arrival time
-----------------------------------------------------------------------------
                                 10.26   slack (MET)



===========================================================================
report_checks --slack_max -0.01
============================================================================
No paths found.
