[INFO]: Preparing LEF files for the nom corner...
[INFO]: Preparing LEF files for the min corner...
[INFO]: Preparing LEF files for the max corner...
[INFO]: Running Synthesis...
[INFO]: Running Single-Corner Static Timing Analysis...
[INFO]: Running Initial Floorplanning...
[INFO]: Extracting core dimensions...
[INFO]: Set CORE_WIDTH to 88.78, CORE_HEIGHT to 51.68.
[INFO]: Running IO Placement...
[INFO]: Running Global Placement...
[INFO]: Running Tap/Decap Insertion...
[INFO]: Power planning with power {VPWR VPB} and ground {VGND VNB}...
[INFO]: Generating PDN...
[INFO]: Running Global Placement...
[INFO]: Skipping Placement Resizer Design Optimizations.
[INFO]: Running Detailed Placement...
[INFO]: Skipping Placement Resizer Timing Optimizations.
[INFO]: Routing...
[INFO]: Skipping Global Routing Resizer Timing Optimizations.
[INFO]: Running Detailed Placement...
[INFO]: Running Global Routing...
[INFO]: Starting FastRoute Antenna Repair Iterations...
[INFO]: Running Fill Insertion...
[INFO]: Writing Verilog...
[INFO]: Running Detailed Routing...
[INFO]: No DRC violations after detailed routing.
[INFO]: Writing Verilog...
[INFO]: Running parasitics-based static timing analysis...
[INFO]: Running SPEF Extraction at the min process corner...
[INFO]: Running Multi-Corner Static Timing Analysis at the min process corner...
[INFO]: Running SPEF Extraction at the max process corner...
[INFO]: Running Multi-Corner Static Timing Analysis at the max process corner...
[INFO]: Running SPEF Extraction at the nom process corner...
[INFO]: Running Single-Corner Static Timing Analysis at the nom process corner...
[INFO]: Running Multi-Corner Static Timing Analysis at the nom process corner...
[INFO]: Running Magic to generate various views...
[INFO]: Streaming out GDS-II with Magic...
[INFO]: Generating MAGLEF views...
[INFO]: Streaming out GDS-II with Klayout...
[INFO]: Running XOR on the layouts using Klayout...
[INFO]: Running Magic Spice Export from GDS...
[INFO]: Writing Powered Verilog...
[INFO]: Writing Verilog...
[INFO]: Running GDS LVS...
[INFO]: Running Magic DRC...
[INFO]: Converting Magic DRC Violations to Magic Readable Format...
[INFO]: Converting Magic DRC Violations to Klayout XML Database...
[INFO]: No DRC violations after GDS streaming out.
[INFO]: Running OpenROAD Antenna Rule Checker...
[INFO]: Your design contains macros, which is not supported by the current integration of CVC. So CVC won't run, however CVC is just a check so it's not critical to your design.
[INFO]: Saving current set of views in 'adc_clkgen_with_edgedetect/runs/kasleberkas/results/final'...
[INFO]: Saving runtime environment...
[INFO]: Generating final set of reports...
[INFO]: Created manufacturability report at 'adc_clkgen_with_edgedetect/runs/kasleberkas/reports/manufacturability.rpt'.
[INFO]: Created metrics report at 'adc_clkgen_with_edgedetect/runs/kasleberkas/reports/metrics.csv'.
[INFO]: There are no max slew, max fanout or max capacitance violations in the design at the typical corner.
[INFO]: There are no hold violations in the design at the typical corner.
[INFO]: There are no setup violations in the design at the typical corner.
[SUCCESS]: Flow complete.
