OpenROAD v2.0-3879-g0b8b7ae25 
This program is licensed under the BSD-3 license. See the LICENSE file for details.
Components of this program may be licensed under more restrictive licenses which must be honored.
[INFO ODB-0222] Reading LEF file: /foss/designs/SKY130_SAR-ADC/openlane/adc_edge_detect_circuit/runs/foobar/tmp/merged.unpadded.nom.lef
[INFO ODB-0223]     Created 13 technology layers
[INFO ODB-0224]     Created 25 technology vias
[INFO ODB-0225]     Created 442 library cells
[INFO ODB-0226] Finished LEF file:  /foss/designs/SKY130_SAR-ADC/openlane/adc_edge_detect_circuit/runs/foobar/tmp/merged.unpadded.nom.lef
[INFO ODB-0127] Reading DEF file: /foss/designs/SKY130_SAR-ADC/openlane/adc_edge_detect_circuit/runs/foobar/tmp/floorplan/4-io.def
[INFO ODB-0128] Design: adc_edge_detect_circuit
[INFO ODB-0130]     Created 3 pins.
[INFO ODB-0131]     Created 4 components and 25 component-terminals.
[INFO ODB-0133]     Created 6 nets and 9 connections.
[INFO ODB-0134] Finished DEF file: /foss/designs/SKY130_SAR-ADC/openlane/adc_edge_detect_circuit/runs/foobar/tmp/floorplan/4-io.def
[INFO]: Setting RC values...
[INFO]: Setting signal min routing layer to: met1 and clock min routing layer to met1. 
[INFO]: Setting signal max routing layer to: met4 and clock max routing layer to met4. 
[INFO GPL-0002] DBU: 1000
[INFO GPL-0003] SiteSize: 460 2720
[INFO GPL-0004] CoreAreaLxLy: 5520 10880
[INFO GPL-0005] CoreAreaUxUy: 94300 87040
[INFO GPL-0006] NumInstances: 4
[INFO GPL-0007] NumPlaceInstances: 4
[INFO GPL-0008] NumFixedInstances: 0
[INFO GPL-0009] NumDummyInstances: 0
[INFO GPL-0010] NumNets: 6
[INFO GPL-0011] NumPins: 12
[INFO GPL-0012] DieAreaLxLy: 0 0
[INFO GPL-0013] DieAreaUxUy: 100000 100000
[INFO GPL-0014] CoreAreaLxLy: 5520 10880
[INFO GPL-0015] CoreAreaUxUy: 94300 87040
[INFO GPL-0016] CoreArea: 6761484800
[INFO GPL-0017] NonPlaceInstsArea: 0
[INFO GPL-0018] PlaceInstsArea: 62560000
[INFO GPL-0019] Util(%): 0.93
[INFO GPL-0020] StdInstsArea: 62560000
[INFO GPL-0021] MacroInstsArea: 0
[InitialPlace]  Iter: 1 CG residual: 0.00000007 HPWL: 293140
[InitialPlace]  Iter: 2 CG residual: 0.00000001 HPWL: 227725
[InitialPlace]  Iter: 3 CG residual: 0.00000006 HPWL: 216849
[InitialPlace]  Iter: 4 CG residual: 0.00000000 HPWL: 210404
[InitialPlace]  Iter: 5 CG residual: 0.00000006 HPWL: 207662
[INFO GPL-0031] FillerInit: NumGCells: 215
[INFO GPL-0032] FillerInit: NumGNets: 6
[INFO GPL-0033] FillerInit: NumGPins: 12
[INFO GPL-0023] TargetDensity: 0.40
[INFO GPL-0024] AveragePlaceInstArea: 15640000
[INFO GPL-0025] IdealBinArea: 39100000
[INFO GPL-0026] IdealBinCnt: 172
[INFO GPL-0027] TotalBinArea: 6761484800
[INFO GPL-0028] BinCnt: 64 64
[INFO GPL-0029] BinSize: 1388 1190
[INFO GPL-0030] NumBins: 4096
[NesterovSolve] Iter: 1 overflow: 0.446427 HPWL: 152289
[INFO GPL-0100] worst slack 5.4e-09
[INFO GPL-0103] Weighted 0 nets.
[NesterovSolve] Snapshot saved at iter = 0
[NesterovSolve] Finished with Overflow: 0.446427
###############################################################################
# Created by write_sdc
# Thu Sep  8 10:18:51 2022
###############################################################################
current_design adc_edge_detect_circuit
###############################################################################
# Timing Constraints
###############################################################################
create_clock -name clk -period 10.0000 
set_clock_uncertainty 0.2500 clk
set_input_delay 2.0000 -clock [get_clocks {clk}] -add_delay [get_ports {ena_in}]
set_input_delay 2.0000 -clock [get_clocks {clk}] -add_delay [get_ports {start_conv}]
set_output_delay 2.0000 -clock [get_clocks {clk}] -add_delay [get_ports {ena_out}]
###############################################################################
# Environment
###############################################################################
set_load -pin_load 0.0334 [get_ports {ena_out}]
set_driving_cell -lib_cell sky130_fd_sc_hd__inv_2 -pin {Y} -input_transition_rise 0.0000 -input_transition_fall 0.0000 [get_ports {ena_in}]
set_driving_cell -lib_cell sky130_fd_sc_hd__inv_2 -pin {Y} -input_transition_rise 0.0000 -input_transition_fall 0.0000 [get_ports {start_conv}]
set_timing_derate -early 0.9500
set_timing_derate -late 1.0500
###############################################################################
# Design Rules
###############################################################################
set_max_fanout 5.0000 [current_design]
[INFO]: Setting RC values...
min_report

===========================================================================
report_checks -path_delay min (Hold)
============================================================================
Startpoint: start_conv (input port clocked by clk)
Endpoint: ena_out (output port clocked by clk)
Path Group: clk
Path Type: min

Fanout     Cap    Slew   Delay    Time   Description
-----------------------------------------------------------------------------
                  0.00    0.00    0.00   clock clk (rise edge)
                          0.00    0.00   clock network delay (ideal)
                          2.00    2.00 v input external delay
                  0.01    0.01    2.01 v start_conv (in)
     1    0.00                           start_conv (net)
                  0.01    0.00    2.01 v _1_/B (sky130_fd_sc_hd__and2b_2)
                  0.03    0.16    2.17 v _1_/X (sky130_fd_sc_hd__and2b_2)
     1    0.00                           _0_ (net)
                  0.03    0.00    2.17 v _2_/A (sky130_fd_sc_hd__buf_1)
                  0.23    0.23    2.39 v _2_/X (sky130_fd_sc_hd__buf_1)
     1    0.03                           ena_out (net)
                  0.23    0.00    2.40 v ena_out (out)
                                  2.40   data arrival time

                  0.00    0.00    0.00   clock clk (rise edge)
                          0.00    0.00   clock network delay (ideal)
                          0.25    0.25   clock uncertainty
                          0.00    0.25   clock reconvergence pessimism
                         -2.00   -1.75   output external delay
                                 -1.75   data required time
-----------------------------------------------------------------------------
                                 -1.75   data required time
                                 -2.40   data arrival time
-----------------------------------------------------------------------------
                                  4.15   slack (MET)


min_report_end
max_report

===========================================================================
report_checks -path_delay max (Setup)
============================================================================
Startpoint: start_conv (input port clocked by clk)
Endpoint: ena_out (output port clocked by clk)
Path Group: clk
Path Type: max

Fanout     Cap    Slew   Delay    Time   Description
-----------------------------------------------------------------------------
                  0.00    0.00    0.00   clock clk (rise edge)
                          0.00    0.00   clock network delay (ideal)
                          2.00    2.00 ^ input external delay
                  0.03    0.02    2.02 ^ start_conv (in)
     1    0.00                           start_conv (net)
                  0.03    0.00    2.02 ^ _1_/B (sky130_fd_sc_hd__and2b_2)
                  0.03    0.13    2.15 ^ _1_/X (sky130_fd_sc_hd__and2b_2)
     1    0.00                           _0_ (net)
                  0.03    0.00    2.15 ^ _2_/A (sky130_fd_sc_hd__buf_1)
                  0.46    0.39    2.53 ^ _2_/X (sky130_fd_sc_hd__buf_1)
     1    0.03                           ena_out (net)
                  0.46    0.00    2.54 ^ ena_out (out)
                                  2.54   data arrival time

                  0.00   10.00   10.00   clock clk (rise edge)
                          0.00   10.00   clock network delay (ideal)
                         -0.25    9.75   clock uncertainty
                          0.00    9.75   clock reconvergence pessimism
                         -2.00    7.75   output external delay
                                  7.75   data required time
-----------------------------------------------------------------------------
                                  7.75   data required time
                                 -2.54   data arrival time
-----------------------------------------------------------------------------
                                  5.21   slack (MET)


max_report_end
check_report

===========================================================================
report_checks -unconstrained
============================================================================
Startpoint: start_conv (input port clocked by clk)
Endpoint: ena_out (output port clocked by clk)
Path Group: clk
Path Type: max

Fanout     Cap    Slew   Delay    Time   Description
-----------------------------------------------------------------------------
                  0.00    0.00    0.00   clock clk (rise edge)
                          0.00    0.00   clock network delay (ideal)
                          2.00    2.00 ^ input external delay
                  0.03    0.02    2.02 ^ start_conv (in)
     1    0.00                           start_conv (net)
                  0.03    0.00    2.02 ^ _1_/B (sky130_fd_sc_hd__and2b_2)
                  0.03    0.13    2.15 ^ _1_/X (sky130_fd_sc_hd__and2b_2)
     1    0.00                           _0_ (net)
                  0.03    0.00    2.15 ^ _2_/A (sky130_fd_sc_hd__buf_1)
                  0.46    0.39    2.53 ^ _2_/X (sky130_fd_sc_hd__buf_1)
     1    0.03                           ena_out (net)
                  0.46    0.00    2.54 ^ ena_out (out)
                                  2.54   data arrival time

                  0.00   10.00   10.00   clock clk (rise edge)
                          0.00   10.00   clock network delay (ideal)
                         -0.25    9.75   clock uncertainty
                          0.00    9.75   clock reconvergence pessimism
                         -2.00    7.75   output external delay
                                  7.75   data required time
-----------------------------------------------------------------------------
                                  7.75   data required time
                                 -2.54   data arrival time
-----------------------------------------------------------------------------
                                  5.21   slack (MET)



===========================================================================
report_checks --slack_max -0.01
============================================================================
No paths found.
check_report_end
check_slew

===========================================================================
 report_check_types -max_slew -max_cap -max_fanout -violators
============================================================================

===========================================================================
max slew violation count 0
max fanout violation count 0
max cap violation count 0
============================================================================
check_slew_end
tns_report

===========================================================================
 report_tns
============================================================================
tns 0.00
tns_report_end
wns_report

===========================================================================
 report_wns
============================================================================
wns 0.00
wns_report_end
worst_slack

===========================================================================
 report_worst_slack -max (Setup)
============================================================================
worst slack 5.21

===========================================================================
 report_worst_slack -min (Hold)
============================================================================
worst slack 4.15
worst_slack_end
clock_skew

===========================================================================
 report_clock_skew
============================================================================
Clock clk
No launch/capture paths found.

clock_skew_end
power_report

===========================================================================
 report_power
============================================================================
Group                  Internal  Switching    Leakage      Total
                          Power      Power      Power      Power (Watts)
----------------------------------------------------------------
Sequential             0.00e+00   0.00e+00   0.00e+00   0.00e+00   0.0%
Combinational          3.01e-07   6.43e-07   1.25e-11   9.44e-07 100.0%
Macro                  0.00e+00   0.00e+00   0.00e+00   0.00e+00   0.0%
Pad                    0.00e+00   0.00e+00   0.00e+00   0.00e+00   0.0%
----------------------------------------------------------------
Total                  3.01e-07   6.43e-07   1.25e-11   9.44e-07 100.0%
                          31.9%      68.1%       0.0%
power_report_end
area_report

===========================================================================
 report_design_area
============================================================================
Design area 63 u^2 1% utilization.
area_report_end
