OpenROAD v2.0-3879-g0b8b7ae25 
This program is licensed under the BSD-3 license. See the LICENSE file for details.
Components of this program may be licensed under more restrictive licenses which must be honored.
[INFO ODB-0222] Reading LEF file: /foss/designs/SKY130_SAR-ADC/openlane/adc_clkgen_with_edgedetect_native/runs/foobar/tmp/merged.unpadded.nom.lef
[INFO ODB-0223]     Created 13 technology layers
[INFO ODB-0224]     Created 25 technology vias
[INFO ODB-0225]     Created 441 library cells
[INFO ODB-0226] Finished LEF file:  /foss/designs/SKY130_SAR-ADC/openlane/adc_clkgen_with_edgedetect_native/runs/foobar/tmp/merged.unpadded.nom.lef
[INFO ODB-0127] Reading DEF file: /foss/designs/SKY130_SAR-ADC/openlane/adc_clkgen_with_edgedetect_native/runs/foobar/results/placement/adc_clkgen_with_edgedetect_native.def
[INFO ODB-0128] Design: adc_clkgen_with_edgedetect_native
[INFO ODB-0130]     Created 7 pins.
[INFO ODB-0131]     Created 1910 components and 9491 component-terminals.
[INFO ODB-0132]     Created 4 special nets and 6782 connections.
[INFO ODB-0133]     Created 1356 nets and 2709 connections.
[INFO ODB-0134] Finished DEF file: /foss/designs/SKY130_SAR-ADC/openlane/adc_clkgen_with_edgedetect_native/runs/foobar/results/placement/adc_clkgen_with_edgedetect_native.def
Placement Analysis
---------------------------------
total displacement          0.0 u
average displacement        0.0 u
max displacement            0.0 u
original HPWL           14835.9 u
legalized HPWL          16879.0 u
delta HPWL                   14 %

[INFO DPL-0020] Mirrored 707 instances
[INFO DPL-0021] HPWL before           16879.0 u
[INFO DPL-0022] HPWL after            14835.9 u
[INFO DPL-0023] HPWL delta              -12.1 %
