
Magic 8.3 revision 324 - Compiled on Mon Oct  3 11:35:54 UTC 2022.
Starting magic under Tcl interpreter
Using the terminal as the console.
Using NULL graphics device.
Processing system .magicrc file
Sourcing design .magicrc for technology sky130A ...
2 Magic internal units = 1 Lambda
Input style sky130(vendor): scaleFactor=2, multiplier=2
The following types are not handled by extraction and will be treated as non-electrical types:
    ubm 
Scaled tech values by 2 / 1 to match internal grid scaling
Loading sky130A Device Generator Menu ...
Using technology "sky130A", version 1.0.291-82-gfa87f8f
Warning: Calma reading is not undoable!  I hope that's OK.
Library written using GDS-II Release 3.0
Library name: adc_clkgen_with_edgedetect
Reading "sky130_mm_sc_hd_dlyPoly5ns".
Reading "sky130_fd_sc_hd__decap_4".
Reading "sky130_fd_sc_hd__decap_6".
Reading "sky130_fd_sc_hd__decap_3".
Reading "sky130_fd_sc_hd__buf_4".
Reading "sky130_fd_sc_hd__dlymetal6s6s_1".
Reading "sky130_fd_sc_hd__fill_2".
Reading "sky130_fd_sc_hd__tapvpwrvgnd_1".
Reading "sky130_fd_sc_hd__fill_1".
Reading "sky130_fd_sc_hd__and2_1".
Reading "sky130_fd_sc_hd__inv_2".
Reading "sky130_fd_sc_hd__buf_1".
Reading "sky130_fd_sc_hd__diode_2".
Reading "sky130_fd_sc_hd__decap_8".
Reading "sky130_fd_sc_hd__mux2_1".
Reading "sky130_fd_sc_hd__and2b_1".
Reading "sky130_fd_sc_hd__nor2b_1".
Reading "sky130_fd_sc_hd__or2_1".
Reading "adc_clkgen_with_edgedetect".
[INFO]: Wrote /foss/designs/SKY130_SAR-ADC/openlane/adc_clkgen_with_edgedetect/runs/gulasch/tmp/signoff/gds_ptrs.mag including GDS pointers.
