First Layout: /foss/designs/SKY130_SAR-ADC/openlane/adc_clkgen_with_edgedetect/runs/gulasch/results/signoff/adc_clkgen_with_edgedetect.gds
Second Layout: /foss/designs/SKY130_SAR-ADC/openlane/adc_clkgen_with_edgedetect/runs/gulasch/results/signoff/adc_clkgen_with_edgedetect.klayout.gds
Design Name: adc_clkgen_with_edgedetect
Output GDS will be: /foss/designs/SKY130_SAR-ADC/openlane/adc_clkgen_with_edgedetect/runs/gulasch/reports/signoff/adc_clkgen_with_edgedetect.xor.xml
Reading /foss/designs/SKY130_SAR-ADC/openlane/adc_clkgen_with_edgedetect/runs/gulasch/results/signoff/adc_clkgen_with_edgedetect.gds ..
Reading /foss/designs/SKY130_SAR-ADC/openlane/adc_clkgen_with_edgedetect/runs/gulasch/results/signoff/adc_clkgen_with_edgedetect.klayout.gds ..
--- Running XOR for 10/0 ---
"input" in: xor.drc:38
    Polygons (raw): 0 (flat)  0 (hierarchical)
    Elapsed: 0.000s  Memory: 250.00M
"input" in: xor.drc:38
    Polygons (raw): 530 (flat)  5 (hierarchical)
    Elapsed: 0.010s  Memory: 250.00M
"^" in: xor.drc:38
    Polygons (raw): 530 (flat)  5 (hierarchical)
    Elapsed: 0.010s  Memory: 250.00M
XOR differences: 530
"output" in: xor.drc:40
    Polygons (raw): 530 (flat)  5 (hierarchical)
    Elapsed: 0.010s  Memory: 250.00M
--- Running XOR for 11/0 ---
"input" in: xor.drc:38
    Polygons (raw): 0 (flat)  0 (hierarchical)
    Elapsed: 0.000s  Memory: 250.00M
"input" in: xor.drc:38
    Polygons (raw): 147 (flat)  15 (hierarchical)
    Elapsed: 0.020s  Memory: 250.00M
"^" in: xor.drc:38
    Polygons (raw): 147 (flat)  15 (hierarchical)
    Elapsed: 0.000s  Memory: 250.00M
XOR differences: 147
"output" in: xor.drc:40
    Polygons (raw): 147 (flat)  15 (hierarchical)
    Elapsed: 0.010s  Memory: 250.00M
--- Running XOR for 11/1 ---
"input" in: xor.drc:38
    Polygons (raw): 0 (flat)  0 (hierarchical)
    Elapsed: 0.010s  Memory: 250.00M
"input" in: xor.drc:38
    Polygons (raw): 0 (flat)  0 (hierarchical)
    Elapsed: 0.010s  Memory: 250.00M
"^" in: xor.drc:38
    Polygons (raw): 0 (flat)  0 (hierarchical)
    Elapsed: 0.000s  Memory: 250.00M
XOR differences: 0
"output" in: xor.drc:40
    Polygons (raw): 0 (flat)  0 (hierarchical)
    Elapsed: 0.010s  Memory: 250.00M
--- Running XOR for 11/2 ---
"input" in: xor.drc:38
    Polygons (raw): 0 (flat)  0 (hierarchical)
    Elapsed: 0.010s  Memory: 250.00M
"input" in: xor.drc:38
    Polygons (raw): 12 (flat)  12 (hierarchical)
    Elapsed: 0.000s  Memory: 250.00M
"^" in: xor.drc:38
    Polygons (raw): 12 (flat)  12 (hierarchical)
    Elapsed: 0.010s  Memory: 250.00M
XOR differences: 12
"output" in: xor.drc:40
    Polygons (raw): 12 (flat)  12 (hierarchical)
    Elapsed: 0.010s  Memory: 250.00M
--- Running XOR for 122/16 ---
"input" in: xor.drc:38
    Polygons (raw): 1568 (flat)  21 (hierarchical)
    Elapsed: 0.000s  Memory: 250.00M
"input" in: xor.drc:38
    Polygons (raw): 1568 (flat)  21 (hierarchical)
    Elapsed: 0.010s  Memory: 250.00M
"^" in: xor.drc:38
    Polygons (raw): 0 (flat)  0 (hierarchical)
    Elapsed: 0.030s  Memory: 250.00M
XOR differences: 0
"output" in: xor.drc:40
    Polygons (raw): 0 (flat)  0 (hierarchical)
    Elapsed: 0.020s  Memory: 250.00M
--- Running XOR for 125/44 ---
"input" in: xor.drc:38
    Polygons (raw): 156 (flat)  1 (hierarchical)
    Elapsed: 0.010s  Memory: 250.00M
"input" in: xor.drc:38
    Polygons (raw): 156 (flat)  1 (hierarchical)
    Elapsed: 0.010s  Memory: 250.00M
"^" in: xor.drc:38
    Polygons (raw): 0 (flat)  0 (hierarchical)
    Elapsed: 0.020s  Memory: 250.00M
XOR differences: 0
"output" in: xor.drc:40
    Polygons (raw): 0 (flat)  0 (hierarchical)
    Elapsed: 0.000s  Memory: 250.00M
--- Running XOR for 14/0 ---
"input" in: xor.drc:38
    Polygons (raw): 0 (flat)  0 (hierarchical)
    Elapsed: 0.010s  Memory: 250.00M
"input" in: xor.drc:38
    Polygons (raw): 1 (flat)  1 (hierarchical)
    Elapsed: 0.010s  Memory: 250.00M
"^" in: xor.drc:38
    Polygons (raw): 1 (flat)  1 (hierarchical)
    Elapsed: 0.000s  Memory: 250.00M
XOR differences: 1
"output" in: xor.drc:40
    Polygons (raw): 1 (flat)  1 (hierarchical)
    Elapsed: 0.000s  Memory: 250.00M
--- Running XOR for 235/4 ---
"input" in: xor.drc:38
    Polygons (raw): 157 (flat)  2 (hierarchical)
    Elapsed: 0.010s  Memory: 250.00M
"input" in: xor.drc:38
    Polygons (raw): 156 (flat)  1 (hierarchical)
    Elapsed: 0.010s  Memory: 250.00M
"^" in: xor.drc:38
    Polygons (raw): 7 (flat)  7 (hierarchical)
    Elapsed: 0.010s  Memory: 250.00M
XOR differences: 7
"output" in: xor.drc:40
    Polygons (raw): 7 (flat)  7 (hierarchical)
    Elapsed: 0.000s  Memory: 250.00M
--- Running XOR for 236/0 ---
"input" in: xor.drc:38
    Polygons (raw): 564 (flat)  14 (hierarchical)
    Elapsed: 0.000s  Memory: 250.00M
"input" in: xor.drc:38
    Polygons (raw): 564 (flat)  14 (hierarchical)
    Elapsed: 0.010s  Memory: 250.00M
"^" in: xor.drc:38
    Polygons (raw): 0 (flat)  0 (hierarchical)
    Elapsed: 0.010s  Memory: 250.00M
XOR differences: 0
"output" in: xor.drc:40
    Polygons (raw): 0 (flat)  0 (hierarchical)
    Elapsed: 0.010s  Memory: 250.00M
--- Running XOR for 3/0 ---
"input" in: xor.drc:38
    Polygons (raw): 0 (flat)  0 (hierarchical)
    Elapsed: 0.010s  Memory: 250.00M
"input" in: xor.drc:38
    Polygons (raw): 703 (flat)  1 (hierarchical)
    Elapsed: 0.010s  Memory: 250.00M
"^" in: xor.drc:38
    Polygons (raw): 703 (flat)  1 (hierarchical)
    Elapsed: 0.000s  Memory: 250.00M
XOR differences: 703
"output" in: xor.drc:40
    Polygons (raw): 703 (flat)  1 (hierarchical)
    Elapsed: 0.010s  Memory: 250.00M
--- Running XOR for 4/0 ---
"input" in: xor.drc:38
    Polygons (raw): 0 (flat)  0 (hierarchical)
    Elapsed: 0.010s  Memory: 250.00M
"input" in: xor.drc:38
    Polygons (raw): 703 (flat)  1 (hierarchical)
    Elapsed: 0.010s  Memory: 250.00M
"^" in: xor.drc:38
    Polygons (raw): 703 (flat)  1 (hierarchical)
    Elapsed: 0.010s  Memory: 250.00M
XOR differences: 703
"output" in: xor.drc:40
    Polygons (raw): 703 (flat)  1 (hierarchical)
    Elapsed: 0.010s  Memory: 250.00M
--- Running XOR for 5/0 ---
"input" in: xor.drc:38
    Polygons (raw): 0 (flat)  0 (hierarchical)
    Elapsed: 0.010s  Memory: 250.00M
"input" in: xor.drc:38
    Polygons (raw): 3102 (flat)  1279 (hierarchical)
    Elapsed: 0.010s  Memory: 250.00M
"^" in: xor.drc:38
    Polygons (raw): 3102 (flat)  1279 (hierarchical)
    Elapsed: 0.010s  Memory: 250.00M
XOR differences: 3102
"output" in: xor.drc:40
    Polygons (raw): 3102 (flat)  1279 (hierarchical)
    Elapsed: 0.010s  Memory: 250.00M
--- Running XOR for 6/0 ---
"input" in: xor.drc:38
    Polygons (raw): 0 (flat)  0 (hierarchical)
    Elapsed: 0.010s  Memory: 250.00M
"input" in: xor.drc:38
    Polygons (raw): 1651 (flat)  6 (hierarchical)
    Elapsed: 0.000s  Memory: 250.00M
"^" in: xor.drc:38
    Polygons (raw): 1651 (flat)  6 (hierarchical)
    Elapsed: 0.010s  Memory: 250.00M
XOR differences: 1651
"output" in: xor.drc:40
    Polygons (raw): 1651 (flat)  6 (hierarchical)
    Elapsed: 0.010s  Memory: 250.00M
--- Running XOR for 64/16 ---
"input" in: xor.drc:38
    Polygons (raw): 1568 (flat)  21 (hierarchical)
    Elapsed: 0.000s  Memory: 250.00M
"input" in: xor.drc:38
    Polygons (raw): 1568 (flat)  21 (hierarchical)
    Elapsed: 0.010s  Memory: 250.00M
"^" in: xor.drc:38
    Polygons (raw): 0 (flat)  0 (hierarchical)
    Elapsed: 0.040s  Memory: 250.00M
XOR differences: 0
"output" in: xor.drc:40
    Polygons (raw): 0 (flat)  0 (hierarchical)
    Elapsed: 0.000s  Memory: 250.00M
--- Running XOR for 64/20 ---
"input" in: xor.drc:38
    Polygons (raw): 1371 (flat)  20 (hierarchical)
    Elapsed: 0.010s  Memory: 250.00M
"input" in: xor.drc:38
    Polygons (raw): 1371 (flat)  20 (hierarchical)
    Elapsed: 0.010s  Memory: 250.00M
"^" in: xor.drc:38
    Polygons (raw): 0 (flat)  0 (hierarchical)
    Elapsed: 0.020s  Memory: 251.00M
XOR differences: 0
"output" in: xor.drc:40
    Polygons (raw): 0 (flat)  0 (hierarchical)
    Elapsed: 0.010s  Memory: 251.00M
--- Running XOR for 64/5 ---
"input" in: xor.drc:38
    Polygons (raw): 0 (flat)  0 (hierarchical)
    Elapsed: 0.010s  Memory: 251.00M
"input" in: xor.drc:38
    Polygons (raw): 0 (flat)  0 (hierarchical)
    Elapsed: 0.010s  Memory: 251.00M
"^" in: xor.drc:38
    Polygons (raw): 0 (flat)  0 (hierarchical)
    Elapsed: 0.010s  Memory: 251.00M
XOR differences: 0
"output" in: xor.drc:40
    Polygons (raw): 0 (flat)  0 (hierarchical)
    Elapsed: 0.010s  Memory: 251.00M
--- Running XOR for 64/59 ---
"input" in: xor.drc:38
    Polygons (raw): 0 (flat)  0 (hierarchical)
    Elapsed: 0.000s  Memory: 251.00M
"input" in: xor.drc:38
    Polygons (raw): 0 (flat)  0 (hierarchical)
    Elapsed: 0.010s  Memory: 251.00M
"^" in: xor.drc:38
    Polygons (raw): 0 (flat)  0 (hierarchical)
    Elapsed: 0.010s  Memory: 251.00M
XOR differences: 0
"output" in: xor.drc:40
    Polygons (raw): 0 (flat)  0 (hierarchical)
    Elapsed: 0.010s  Memory: 251.00M
--- Running XOR for 65/20 ---
"input" in: xor.drc:38
    Polygons (raw): 2235 (flat)  39 (hierarchical)
    Elapsed: 0.000s  Memory: 251.00M
"input" in: xor.drc:38
    Polygons (raw): 2235 (flat)  39 (hierarchical)
    Elapsed: 0.010s  Memory: 251.00M
"^" in: xor.drc:38
    Polygons (raw): 0 (flat)  0 (hierarchical)
    Elapsed: 0.030s  Memory: 251.00M
XOR differences: 0
"output" in: xor.drc:40
    Polygons (raw): 0 (flat)  0 (hierarchical)
    Elapsed: 0.000s  Memory: 251.00M
--- Running XOR for 65/44 ---
"input" in: xor.drc:38
    Polygons (raw): 230 (flat)  2 (hierarchical)
    Elapsed: 0.010s  Memory: 251.00M
"input" in: xor.drc:38
    Polygons (raw): 230 (flat)  2 (hierarchical)
    Elapsed: 0.010s  Memory: 251.00M
"^" in: xor.drc:38
    Polygons (raw): 0 (flat)  0 (hierarchical)
    Elapsed: 0.010s  Memory: 251.00M
XOR differences: 0
"output" in: xor.drc:40
    Polygons (raw): 0 (flat)  0 (hierarchical)
    Elapsed: 0.010s  Memory: 251.00M
--- Running XOR for 66/20 ---
"input" in: xor.drc:38
    Polygons (raw): 4789 (flat)  62 (hierarchical)
    Elapsed: 0.010s  Memory: 251.00M
"input" in: xor.drc:38
    Polygons (raw): 4789 (flat)  62 (hierarchical)
    Elapsed: 0.000s  Memory: 251.00M
"^" in: xor.drc:38
    Polygons (raw): 0 (flat)  0 (hierarchical)
    Elapsed: 0.060s  Memory: 251.00M
XOR differences: 0
"output" in: xor.drc:40
    Polygons (raw): 0 (flat)  0 (hierarchical)
    Elapsed: 0.010s  Memory: 251.00M
--- Running XOR for 66/44 ---
"input" in: xor.drc:38
    Polygons (raw): 11986 (flat)  239 (hierarchical)
    Elapsed: 0.010s  Memory: 251.00M
"input" in: xor.drc:38
    Polygons (raw): 11986 (flat)  239 (hierarchical)
    Elapsed: 0.010s  Memory: 251.00M
"^" in: xor.drc:38
    Polygons (raw): 0 (flat)  0 (hierarchical)
    Elapsed: 0.090s  Memory: 251.00M
XOR differences: 0
"output" in: xor.drc:40
    Polygons (raw): 0 (flat)  0 (hierarchical)
    Elapsed: 0.010s  Memory: 251.00M
--- Running XOR for 67/16 ---
"input" in: xor.drc:38
    Polygons (raw): 2005 (flat)  73 (hierarchical)
    Elapsed: 0.010s  Memory: 251.00M
"input" in: xor.drc:38
    Polygons (raw): 2005 (flat)  73 (hierarchical)
    Elapsed: 0.000s  Memory: 251.00M
"^" in: xor.drc:38
    Polygons (raw): 0 (flat)  0 (hierarchical)
    Elapsed: 0.020s  Memory: 251.00M
XOR differences: 0
"output" in: xor.drc:40
    Polygons (raw): 0 (flat)  0 (hierarchical)
    Elapsed: 0.010s  Memory: 251.00M
--- Running XOR for 67/20 ---
"input" in: xor.drc:38
    Polygons (raw): 9103 (flat)  815 (hierarchical)
    Elapsed: 0.000s  Memory: 251.00M
"input" in: xor.drc:38
    Polygons (raw): 8400 (flat)  112 (hierarchical)
    Elapsed: 0.010s  Memory: 251.00M
"^" in: xor.drc:38
    Polygons (raw): 269 (flat)  269 (hierarchical)
    Elapsed: 0.100s  Memory: 256.00M
XOR differences: 269
"output" in: xor.drc:40
    Polygons (raw): 269 (flat)  269 (hierarchical)
    Elapsed: 0.010s  Memory: 256.00M
--- Running XOR for 67/44 ---
"input" in: xor.drc:38
    Polygons (raw): 16765 (flat)  927 (hierarchical)
    Elapsed: 0.010s  Memory: 256.00M
"input" in: xor.drc:38
    Polygons (raw): 16062 (flat)  224 (hierarchical)
    Elapsed: 0.010s  Memory: 256.00M
"^" in: xor.drc:38
    Polygons (raw): 703 (flat)  703 (hierarchical)
    Elapsed: 0.100s  Memory: 256.00M
XOR differences: 703
"output" in: xor.drc:40
    Polygons (raw): 703 (flat)  703 (hierarchical)
    Elapsed: 0.010s  Memory: 256.00M
--- Running XOR for 67/5 ---
"input" in: xor.drc:38
    Polygons (raw): 0 (flat)  0 (hierarchical)
    Elapsed: 0.010s  Memory: 256.00M
"input" in: xor.drc:38
    Polygons (raw): 0 (flat)  0 (hierarchical)
    Elapsed: 0.000s  Memory: 256.00M
"^" in: xor.drc:38
    Polygons (raw): 0 (flat)  0 (hierarchical)
    Elapsed: 0.010s  Memory: 256.00M
XOR differences: 0
"output" in: xor.drc:40
    Polygons (raw): 0 (flat)  0 (hierarchical)
    Elapsed: 0.010s  Memory: 256.00M
--- Running XOR for 68/16 ---
"input" in: xor.drc:38
    Polygons (raw): 3678 (flat)  46 (hierarchical)
    Elapsed: 0.000s  Memory: 256.00M
"input" in: xor.drc:38
    Polygons (raw): 3678 (flat)  46 (hierarchical)
    Elapsed: 0.000s  Memory: 256.00M
"^" in: xor.drc:38
    Polygons (raw): 0 (flat)  0 (hierarchical)
    Elapsed: 0.040s  Memory: 256.00M
XOR differences: 0
"output" in: xor.drc:40
    Polygons (raw): 0 (flat)  0 (hierarchical)
    Elapsed: 0.010s  Memory: 256.00M
--- Running XOR for 68/20 ---
"input" in: xor.drc:38
    Polygons (raw): 10245 (flat)  3978 (hierarchical)
    Elapsed: 0.000s  Memory: 256.00M
"input" in: xor.drc:38
    Polygons (raw): 6330 (flat)  63 (hierarchical)
    Elapsed: 0.010s  Memory: 256.00M
"^" in: xor.drc:38
    Polygons (raw): 815 (flat)  815 (hierarchical)
    Elapsed: 0.090s  Memory: 256.00M
XOR differences: 815
"output" in: xor.drc:40
    Polygons (raw): 815 (flat)  815 (hierarchical)
    Elapsed: 0.000s  Memory: 256.00M
--- Running XOR for 68/44 ---
"input" in: xor.drc:38
    Polygons (raw): 1651 (flat)  1651 (hierarchical)
    Elapsed: 0.010s  Memory: 256.00M
"input" in: xor.drc:38
    Polygons (raw): 0 (flat)  0 (hierarchical)
    Elapsed: 0.010s  Memory: 256.00M
"^" in: xor.drc:38
    Polygons (raw): 1651 (flat)  1651 (hierarchical)
    Elapsed: 0.010s  Memory: 256.00M
XOR differences: 1651
"output" in: xor.drc:40
    Polygons (raw): 1651 (flat)  1651 (hierarchical)
    Elapsed: 0.010s  Memory: 256.00M
--- Running XOR for 68/5 ---
"input" in: xor.drc:38
    Polygons (raw): 0 (flat)  0 (hierarchical)
    Elapsed: 0.010s  Memory: 256.00M
"input" in: xor.drc:38
    Polygons (raw): 0 (flat)  0 (hierarchical)
    Elapsed: 0.010s  Memory: 256.00M
"^" in: xor.drc:38
    Polygons (raw): 0 (flat)  0 (hierarchical)
    Elapsed: 0.010s  Memory: 256.00M
XOR differences: 0
"output" in: xor.drc:40
    Polygons (raw): 0 (flat)  0 (hierarchical)
    Elapsed: 0.010s  Memory: 256.00M
--- Running XOR for 69/16 ---
"input" in: xor.drc:38
    Polygons (raw): 8 (flat)  8 (hierarchical)
    Elapsed: 0.000s  Memory: 256.00M
"input" in: xor.drc:38
    Polygons (raw): 0 (flat)  0 (hierarchical)
    Elapsed: 0.010s  Memory: 256.00M
"^" in: xor.drc:38
    Polygons (raw): 8 (flat)  8 (hierarchical)
    Elapsed: 0.000s  Memory: 256.00M
XOR differences: 8
"output" in: xor.drc:40
    Polygons (raw): 8 (flat)  8 (hierarchical)
    Elapsed: 0.000s  Memory: 256.00M
--- Running XOR for 69/20 ---
"input" in: xor.drc:38
    Polygons (raw): 2549 (flat)  2549 (hierarchical)
    Elapsed: 0.010s  Memory: 256.00M
"input" in: xor.drc:38
    Polygons (raw): 0 (flat)  0 (hierarchical)
    Elapsed: 0.010s  Memory: 256.00M
"^" in: xor.drc:38
    Polygons (raw): 2549 (flat)  2549 (hierarchical)
    Elapsed: 0.010s  Memory: 256.00M
XOR differences: 2549
"output" in: xor.drc:40
    Polygons (raw): 2549 (flat)  2549 (hierarchical)
    Elapsed: 0.010s  Memory: 256.00M
--- Running XOR for 69/44 ---
"input" in: xor.drc:38
    Polygons (raw): 923 (flat)  923 (hierarchical)
    Elapsed: 0.010s  Memory: 256.00M
"input" in: xor.drc:38
    Polygons (raw): 0 (flat)  0 (hierarchical)
    Elapsed: 0.010s  Memory: 256.00M
"^" in: xor.drc:38
    Polygons (raw): 923 (flat)  923 (hierarchical)
    Elapsed: 0.000s  Memory: 256.00M
XOR differences: 923
"output" in: xor.drc:40
    Polygons (raw): 923 (flat)  923 (hierarchical)
    Elapsed: 0.010s  Memory: 256.00M
--- Running XOR for 7/0 ---
"input" in: xor.drc:38
    Polygons (raw): 0 (flat)  0 (hierarchical)
    Elapsed: 0.000s  Memory: 256.00M
"input" in: xor.drc:38
    Polygons (raw): 2789 (flat)  1143 (hierarchical)
    Elapsed: 0.010s  Memory: 256.00M
"^" in: xor.drc:38
    Polygons (raw): 2789 (flat)  1143 (hierarchical)
    Elapsed: 0.000s  Memory: 256.00M
XOR differences: 2789
"output" in: xor.drc:40
    Polygons (raw): 2789 (flat)  1143 (hierarchical)
    Elapsed: 0.010s  Memory: 256.00M
--- Running XOR for 7/1 ---
"input" in: xor.drc:38
    Polygons (raw): 0 (flat)  0 (hierarchical)
    Elapsed: 0.010s  Memory: 256.00M
"input" in: xor.drc:38
    Polygons (raw): 0 (flat)  0 (hierarchical)
    Elapsed: 0.000s  Memory: 256.00M
"^" in: xor.drc:38
    Polygons (raw): 0 (flat)  0 (hierarchical)
    Elapsed: 0.010s  Memory: 256.00M
XOR differences: 0
"output" in: xor.drc:40
    Polygons (raw): 0 (flat)  0 (hierarchical)
    Elapsed: 0.010s  Memory: 256.00M
--- Running XOR for 7/2 ---
"input" in: xor.drc:38
    Polygons (raw): 0 (flat)  0 (hierarchical)
    Elapsed: 0.000s  Memory: 256.00M
"input" in: xor.drc:38
    Polygons (raw): 8 (flat)  8 (hierarchical)
    Elapsed: 0.000s  Memory: 256.00M
"^" in: xor.drc:38
    Polygons (raw): 8 (flat)  8 (hierarchical)
    Elapsed: 0.010s  Memory: 256.00M
XOR differences: 8
"output" in: xor.drc:40
    Polygons (raw): 8 (flat)  8 (hierarchical)
    Elapsed: 0.010s  Memory: 256.00M
--- Running XOR for 70/16 ---
"input" in: xor.drc:38
    Polygons (raw): 27 (flat)  27 (hierarchical)
    Elapsed: 0.000s  Memory: 256.00M
"input" in: xor.drc:38
    Polygons (raw): 0 (flat)  0 (hierarchical)
    Elapsed: 0.010s  Memory: 256.00M
"^" in: xor.drc:38
    Polygons (raw): 27 (flat)  27 (hierarchical)
    Elapsed: 0.010s  Memory: 256.00M
XOR differences: 27
"output" in: xor.drc:40
    Polygons (raw): 27 (flat)  27 (hierarchical)
    Elapsed: 0.000s  Memory: 256.00M
--- Running XOR for 70/20 ---
"input" in: xor.drc:38
    Polygons (raw): 1330 (flat)  1330 (hierarchical)
    Elapsed: 0.010s  Memory: 256.00M
"input" in: xor.drc:38
    Polygons (raw): 0 (flat)  0 (hierarchical)
    Elapsed: 0.000s  Memory: 256.00M
"^" in: xor.drc:38
    Polygons (raw): 1330 (flat)  1330 (hierarchical)
    Elapsed: 0.010s  Memory: 256.00M
XOR differences: 1330
"output" in: xor.drc:40
    Polygons (raw): 1330 (flat)  1330 (hierarchical)
    Elapsed: 0.010s  Memory: 256.00M
--- Running XOR for 70/44 ---
"input" in: xor.drc:38
    Polygons (raw): 530 (flat)  530 (hierarchical)
    Elapsed: 0.010s  Memory: 256.00M
"input" in: xor.drc:38
    Polygons (raw): 0 (flat)  0 (hierarchical)
    Elapsed: 0.010s  Memory: 256.00M
"^" in: xor.drc:38
    Polygons (raw): 530 (flat)  530 (hierarchical)
    Elapsed: 0.000s  Memory: 256.00M
XOR differences: 530
"output" in: xor.drc:40
    Polygons (raw): 530 (flat)  530 (hierarchical)
    Elapsed: 0.010s  Memory: 256.00M
--- Running XOR for 71/16 ---
"input" in: xor.drc:38
    Polygons (raw): 12 (flat)  12 (hierarchical)
    Elapsed: 0.000s  Memory: 256.00M
"input" in: xor.drc:38
    Polygons (raw): 0 (flat)  0 (hierarchical)
    Elapsed: 0.010s  Memory: 256.00M
"^" in: xor.drc:38
    Polygons (raw): 12 (flat)  12 (hierarchical)
    Elapsed: 0.010s  Memory: 256.00M
XOR differences: 12
"output" in: xor.drc:40
    Polygons (raw): 12 (flat)  12 (hierarchical)
    Elapsed: 0.010s  Memory: 256.00M
--- Running XOR for 71/20 ---
"input" in: xor.drc:38
    Polygons (raw): 15 (flat)  15 (hierarchical)
    Elapsed: 0.010s  Memory: 256.00M
"input" in: xor.drc:38
    Polygons (raw): 0 (flat)  0 (hierarchical)
    Elapsed: 0.010s  Memory: 256.00M
"^" in: xor.drc:38
    Polygons (raw): 15 (flat)  15 (hierarchical)
    Elapsed: 0.000s  Memory: 256.00M
XOR differences: 15
"output" in: xor.drc:40
    Polygons (raw): 15 (flat)  15 (hierarchical)
    Elapsed: 0.010s  Memory: 256.00M
--- Running XOR for 78/44 ---
"input" in: xor.drc:38
    Polygons (raw): 903 (flat)  17 (hierarchical)
    Elapsed: 0.010s  Memory: 256.00M
"input" in: xor.drc:38
    Polygons (raw): 903 (flat)  17 (hierarchical)
    Elapsed: 0.010s  Memory: 256.00M
"^" in: xor.drc:38
    Polygons (raw): 0 (flat)  0 (hierarchical)
    Elapsed: 0.010s  Memory: 256.00M
XOR differences: 0
"output" in: xor.drc:40
    Polygons (raw): 0 (flat)  0 (hierarchical)
    Elapsed: 0.000s  Memory: 256.00M
--- Running XOR for 8/0 ---
"input" in: xor.drc:38
    Polygons (raw): 0 (flat)  0 (hierarchical)
    Elapsed: 0.000s  Memory: 256.00M
"input" in: xor.drc:38
    Polygons (raw): 923 (flat)  5 (hierarchical)
    Elapsed: 0.010s  Memory: 256.00M
"^" in: xor.drc:38
    Polygons (raw): 923 (flat)  5 (hierarchical)
    Elapsed: 0.000s  Memory: 256.00M
XOR differences: 923
"output" in: xor.drc:40
    Polygons (raw): 923 (flat)  5 (hierarchical)
    Elapsed: 0.010s  Memory: 256.00M
--- Running XOR for 81/23 ---
"input" in: xor.drc:38
    Polygons (raw): 70 (flat)  1 (hierarchical)
    Elapsed: 0.010s  Memory: 256.00M
"input" in: xor.drc:38
    Polygons (raw): 70 (flat)  1 (hierarchical)
    Elapsed: 0.000s  Memory: 256.00M
"^" in: xor.drc:38
    Polygons (raw): 0 (flat)  0 (hierarchical)
    Elapsed: 0.010s  Memory: 256.00M
XOR differences: 0
"output" in: xor.drc:40
    Polygons (raw): 0 (flat)  0 (hierarchical)
    Elapsed: 0.010s  Memory: 256.00M
--- Running XOR for 81/4 ---
"input" in: xor.drc:38
    Polygons (raw): 903 (flat)  17 (hierarchical)
    Elapsed: 0.010s  Memory: 256.00M
"input" in: xor.drc:38
    Polygons (raw): 903 (flat)  17 (hierarchical)
    Elapsed: 0.010s  Memory: 256.00M
"^" in: xor.drc:38
    Polygons (raw): 0 (flat)  0 (hierarchical)
    Elapsed: 0.020s  Memory: 256.00M
XOR differences: 0
"output" in: xor.drc:40
    Polygons (raw): 0 (flat)  0 (hierarchical)
    Elapsed: 0.000s  Memory: 256.00M
--- Running XOR for 83/44 ---
"input" in: xor.drc:38
    Polygons (raw): 0 (flat)  0 (hierarchical)
    Elapsed: 0.010s  Memory: 256.00M
"input" in: xor.drc:38
    Polygons (raw): 0 (flat)  0 (hierarchical)
    Elapsed: 0.010s  Memory: 256.00M
"^" in: xor.drc:38
    Polygons (raw): 0 (flat)  0 (hierarchical)
    Elapsed: 0.010s  Memory: 256.00M
XOR differences: 0
"output" in: xor.drc:40
    Polygons (raw): 0 (flat)  0 (hierarchical)
    Elapsed: 0.010s  Memory: 256.00M
--- Running XOR for 9/0 ---
"input" in: xor.drc:38
    Polygons (raw): 0 (flat)  0 (hierarchical)
    Elapsed: 0.000s  Memory: 256.00M
"input" in: xor.drc:38
    Polygons (raw): 1155 (flat)  498 (hierarchical)
    Elapsed: 0.010s  Memory: 256.00M
"^" in: xor.drc:38
    Polygons (raw): 1155 (flat)  498 (hierarchical)
    Elapsed: 0.010s  Memory: 256.00M
XOR differences: 1155
"output" in: xor.drc:40
    Polygons (raw): 1155 (flat)  498 (hierarchical)
    Elapsed: 0.010s  Memory: 256.00M
--- Running XOR for 9/1 ---
"input" in: xor.drc:38
    Polygons (raw): 0 (flat)  0 (hierarchical)
    Elapsed: 0.010s  Memory: 256.00M
"input" in: xor.drc:38
    Polygons (raw): 0 (flat)  0 (hierarchical)
    Elapsed: 0.000s  Memory: 256.00M
"^" in: xor.drc:38
    Polygons (raw): 0 (flat)  0 (hierarchical)
    Elapsed: 0.000s  Memory: 256.00M
XOR differences: 0
"output" in: xor.drc:40
    Polygons (raw): 0 (flat)  0 (hierarchical)
    Elapsed: 0.010s  Memory: 256.00M
--- Running XOR for 9/2 ---
"input" in: xor.drc:38
    Polygons (raw): 0 (flat)  0 (hierarchical)
    Elapsed: 0.010s  Memory: 256.00M
"input" in: xor.drc:38
    Polygons (raw): 27 (flat)  27 (hierarchical)
    Elapsed: 0.010s  Memory: 256.00M
"^" in: xor.drc:38
    Polygons (raw): 27 (flat)  27 (hierarchical)
    Elapsed: 0.000s  Memory: 256.00M
XOR differences: 27
"output" in: xor.drc:40
    Polygons (raw): 27 (flat)  27 (hierarchical)
    Elapsed: 0.010s  Memory: 256.00M
--- Running XOR for 93/44 ---
"input" in: xor.drc:38
    Polygons (raw): 1642 (flat)  22 (hierarchical)
    Elapsed: 0.000s  Memory: 256.00M
"input" in: xor.drc:38
    Polygons (raw): 1642 (flat)  22 (hierarchical)
    Elapsed: 0.000s  Memory: 256.00M
"^" in: xor.drc:38
    Polygons (raw): 0 (flat)  0 (hierarchical)
    Elapsed: 0.030s  Memory: 256.00M
XOR differences: 0
"output" in: xor.drc:40
    Polygons (raw): 0 (flat)  0 (hierarchical)
    Elapsed: 0.010s  Memory: 256.00M
--- Running XOR for 94/20 ---
"input" in: xor.drc:38
    Polygons (raw): 1330 (flat)  20 (hierarchical)
    Elapsed: 0.010s  Memory: 256.00M
"input" in: xor.drc:38
    Polygons (raw): 1330 (flat)  20 (hierarchical)
    Elapsed: 0.010s  Memory: 256.00M
"^" in: xor.drc:38
    Polygons (raw): 0 (flat)  0 (hierarchical)
    Elapsed: 0.020s  Memory: 257.00M
XOR differences: 0
"output" in: xor.drc:40
    Polygons (raw): 0 (flat)  0 (hierarchical)
    Elapsed: 0.010s  Memory: 257.00M
--- Running XOR for 95/20 ---
"input" in: xor.drc:38
    Polygons (raw): 1274 (flat)  18 (hierarchical)
    Elapsed: 0.000s  Memory: 257.00M
"input" in: xor.drc:38
    Polygons (raw): 1274 (flat)  18 (hierarchical)
    Elapsed: 0.010s  Memory: 257.00M
"^" in: xor.drc:38
    Polygons (raw): 0 (flat)  0 (hierarchical)
    Elapsed: 0.020s  Memory: 257.00M
XOR differences: 0
"output" in: xor.drc:40
    Polygons (raw): 0 (flat)  0 (hierarchical)
    Elapsed: 0.000s  Memory: 257.00M
Writing report database: /foss/designs/SKY130_SAR-ADC/openlane/adc_clkgen_with_edgedetect/runs/gulasch/reports/signoff/adc_clkgen_with_edgedetect.xor.xml ..
Total elapsed: 2.510s  Memory: 257.00M
