Warning - class CORE ANTENNACELL is not found. This message can be ignored if not in the antenna-avoid flow

Net - ena_in
  delay_macrocell_0  (sky130_mm_sc_hd_dly5ns)  in
[1]  met3:
  PAR:    0.25  Ratio:    0.00       (Area)
  PAR:    1.45  Ratio:  400.00       (S.Area)
  CAR:    0.77  Ratio:    0.00       (C.Area)
  CAR:    4.04  Ratio:    0.00       (C.S.Area)

[1]  met2:
  PAR:    0.51  Ratio:    0.00       (Area)
  PAR:    2.56  Ratio:  400.00       (S.Area)
  CAR:    0.52  Ratio:    0.00       (C.Area)
  CAR:    2.59  Ratio:    0.00       (C.S.Area)

[1]  met1:
  PAR:    0.00  Ratio:    0.00       (Area)
  PAR:    0.02  Ratio:  400.00       (S.Area)
  CAR:    0.01  Ratio:    0.00       (C.Area)
  CAR:    0.02  Ratio:    0.00       (C.S.Area)

[1]  li1:
  PAR:    0.00  Ratio:    0.00       (Area)
  PAR:    0.00  Ratio:   75.00       (S.Area)
  CAR:    0.00  Ratio:    0.00       (C.Area)
  CAR:    0.00  Ratio:    0.00       (C.S.Area)

[1]  M2M3_PR:
  PAR:    0.01  Ratio:    6.00       (Area)
  CAR:    0.02  Ratio:    0.00       (C.Area)

[1]  M1M2_PR:
  PAR:    0.00  Ratio:    6.00       (Area)
  CAR:    0.01  Ratio:    0.00       (C.Area)

[1]  L1M1_PR_MR:
  PAR:    0.01  Ratio:    3.00       (Area)
  CAR:    0.01  Ratio:    0.00       (C.Area)

  No sinks on this net

Net - start_conv
  _1_  (sky130_fd_sc_hd__and2b_2)  B
[1]  met3:
  PAR:   26.41  Ratio:    0.00       (Area)
  PAR:  144.54  Ratio:  400.00       (S.Area)
  CAR:   55.88  Ratio:    0.00       (C.Area)
  CAR:  293.79  Ratio:    0.00       (C.S.Area)

[1]  met2:
  PAR:   26.64  Ratio:    0.00       (Area)
  PAR:  134.78  Ratio:  400.00       (S.Area)
  CAR:   29.47  Ratio:    0.00       (C.Area)
  CAR:  149.25  Ratio:    0.00       (C.S.Area)

[1]  met1:
  PAR:    2.71  Ratio:    0.00       (Area)
  PAR:   14.33  Ratio:  400.00       (S.Area)
  CAR:    2.83  Ratio:    0.00       (C.Area)
  CAR:   14.47  Ratio:    0.00       (C.S.Area)

[1]  li1:
  PAR:    0.11  Ratio:    0.00       (Area)
  PAR:    0.13  Ratio:   75.00       (S.Area)
  CAR:    0.11  Ratio:    0.00       (C.Area)
  CAR:    0.13  Ratio:    0.00       (C.S.Area)

[1]  M2M3_PR:
  PAR:    0.32  Ratio:    6.00       (Area)
  CAR:    0.73  Ratio:    0.00       (C.Area)

[1]  M1M2_PR:
  PAR:    0.18  Ratio:    6.00       (Area)
  CAR:    0.41  Ratio:    0.00       (C.Area)

[1]  L1M1_PR_MR:
  PAR:    0.23  Ratio:    3.00       (Area)
  CAR:    0.23  Ratio:    0.00       (C.Area)


Net - _0_
  _2_  (sky130_fd_sc_hd__buf_1)  A
[1]  met2:
  PAR:    3.71  Ratio:    0.00       (Area)
  PAR:   18.79  Ratio: 2778.20       (S.Area)
  CAR:    3.89  Ratio:    0.00       (C.Area)
  CAR:   19.37  Ratio:    0.00       (C.S.Area)

[1]  met1:
  PAR:    0.10  Ratio:    0.00       (Area)
  PAR:    0.50  Ratio:  400.00       (S.Area)
  CAR:    0.17  Ratio:    0.00       (C.Area)
  CAR:    0.59  Ratio:    0.00       (C.S.Area)

[1]  li1:
  PAR:    0.07  Ratio:    0.00       (Area)
  PAR:    0.09  Ratio:   75.00       (S.Area)
  CAR:    0.07  Ratio:    0.00       (C.Area)
  CAR:    0.09  Ratio:    0.00       (C.S.Area)

[1]  M1M2_PR:
  PAR:    0.11  Ratio:    6.00       (Area)
  CAR:    0.26  Ratio:    0.00       (C.Area)

[1]  L1M1_PR_MR:
  PAR:    0.15  Ratio:    3.00       (Area)
  CAR:    0.15  Ratio:    0.00       (C.Area)


Net - net_1
  delay_macrocell_1  (sky130_mm_sc_hd_dly5ns)  in
[1]  met2:
  PAR:    0.18  Ratio:    0.00       (Area)
  PAR:    0.94  Ratio: 2744.72       (S.Area)
  CAR:    0.30  Ratio:    0.00       (C.Area)
  CAR:    1.58  Ratio:    0.00       (C.S.Area)

[1]  met1:
  PAR:    0.12  Ratio:    0.00       (Area)
  PAR:    0.63  Ratio:  400.00       (S.Area)
  CAR:    0.13  Ratio:    0.00       (C.Area)
  CAR:    0.64  Ratio:    0.00       (C.S.Area)

[1]  li1:
  PAR:    0.00  Ratio:    0.00       (Area)
  PAR:    0.00  Ratio:   75.00       (S.Area)
  CAR:    0.00  Ratio:    0.00       (C.Area)
  CAR:    0.00  Ratio:    0.00       (C.S.Area)

[1]  M1M2_PR:
  PAR:    0.00  Ratio:    6.00       (Area)
  CAR:    0.01  Ratio:    0.00       (C.Area)

[1]  L1M1_PR_MR:
  PAR:    0.01  Ratio:    3.00       (Area)
  CAR:    0.01  Ratio:    0.00       (C.Area)


Net - net_2
  _1_  (sky130_fd_sc_hd__and2b_2)  A_N
[1]  met2:
  PAR:    0.66  Ratio:    0.00       (Area)
  PAR:    3.50  Ratio: 2744.72       (S.Area)
  CAR:    0.93  Ratio:    0.00       (C.Area)
  CAR:    4.41  Ratio:    0.00       (C.S.Area)

[1]  met1:
  PAR:    0.16  Ratio:    0.00       (Area)
  PAR:    0.78  Ratio:  400.00       (S.Area)
  CAR:    0.27  Ratio:    0.00       (C.Area)
  CAR:    0.91  Ratio:    0.00       (C.S.Area)

[1]  li1:
  PAR:    0.11  Ratio:    0.00       (Area)
  PAR:    0.13  Ratio:   75.00       (S.Area)
  CAR:    0.11  Ratio:    0.00       (C.Area)
  CAR:    0.13  Ratio:    0.00       (C.S.Area)

[1]  M1M2_PR:
  PAR:    0.18  Ratio:    6.00       (Area)
  CAR:    0.41  Ratio:    0.00       (C.Area)

[1]  L1M1_PR_MR:
  PAR:    0.23  Ratio:    3.00       (Area)
  CAR:    0.23  Ratio:    0.00       (C.Area)

Number of pins violated: 0
Number of nets violated: 0
Total number of unspecial nets: 6
