
===========================================================================
report_checks -unconstrained
============================================================================
Startpoint: _1698_ (rising edge-triggered flip-flop)
Endpoint: pmatrix_rowon_out_n[13] (output port clocked by clk_dig)
Path Group: clk_dig
Path Type: max

Fanout     Cap    Slew   Delay    Time   Description
-----------------------------------------------------------------------------
                  0.13    0.00    0.00 ^ _1698_/CLK (sky130_fd_sc_hd__dfrtp_2)
                  0.10    0.51    0.51 v _1698_/Q (sky130_fd_sc_hd__dfrtp_2)
     6    0.03                           cnb.shift_register_r[2] (net)
                  0.10    0.00    0.51 v _0834_/B (sky130_fd_sc_hd__or4_2)
                  0.13    0.74    1.25 v _0834_/X (sky130_fd_sc_hd__or4_2)
     2    0.01                           _0259_ (net)
                  0.13    0.00    1.25 v _0865_/C (sky130_fd_sc_hd__or4_4)
                  0.10    0.56    1.81 v _0865_/X (sky130_fd_sc_hd__or4_4)
     2    0.01                           _0290_ (net)
                  0.10    0.00    1.81 v _0903_/D1 (sky130_fd_sc_hd__a2111oi_4)
                  0.90    0.75    2.57 ^ _0903_/Y (sky130_fd_sc_hd__a2111oi_4)
     9    0.06                           _0324_ (net)
                  0.90    0.00    2.57 ^ _0916_/A (sky130_fd_sc_hd__or3_2)
                  0.08    0.30    2.87 ^ _0916_/X (sky130_fd_sc_hd__or3_2)
     2    0.01                           _0337_ (net)
                  0.08    0.00    2.87 ^ _0973_/A3 (sky130_fd_sc_hd__a311o_4)
                  0.08    0.23    3.10 ^ _0973_/X (sky130_fd_sc_hd__a311o_4)
     2    0.01                           _0387_ (net)
                  0.08    0.00    3.10 ^ _0984_/A1 (sky130_fd_sc_hd__a21oi_4)
                  0.08    0.09    3.20 v _0984_/Y (sky130_fd_sc_hd__a21oi_4)
     5    0.03                           _0398_ (net)
                  0.08    0.00    3.20 v _1082_/A2 (sky130_fd_sc_hd__o41a_2)
                  0.08    0.52    3.71 v _1082_/X (sky130_fd_sc_hd__o41a_2)
     2    0.01                           _0489_ (net)
                  0.08    0.00    3.71 v _1095_/A2 (sky130_fd_sc_hd__o221a_2)
                  0.05    0.30    4.01 v _1095_/X (sky130_fd_sc_hd__o221a_2)
     1    0.00                           _0502_ (net)
                  0.05    0.00    4.01 v _1099_/B1 (sky130_fd_sc_hd__a211o_4)
                  0.08    0.37    4.38 v _1099_/X (sky130_fd_sc_hd__a211o_4)
     3    0.03                           _0506_ (net)
                  0.08    0.00    4.38 v _1100_/A (sky130_fd_sc_hd__buf_6)
                  0.03    0.15    4.53 v _1100_/X (sky130_fd_sc_hd__buf_6)
     2    0.02                           net60 (net)
                  0.03    0.00    4.53 v fanout162/A (sky130_fd_sc_hd__buf_12)
                  0.05    0.15    4.68 v fanout162/X (sky130_fd_sc_hd__buf_12)
    10    0.07                           net162 (net)
                  0.05    0.00    4.68 v _1469_/B (sky130_fd_sc_hd__and3_2)
                  0.04    0.20    4.88 v _1469_/X (sky130_fd_sc_hd__and3_2)
     1    0.00                           _0071_ (net)
                  0.04    0.00    4.88 v _1470_/A (sky130_fd_sc_hd__buf_2)
                  0.06    0.16    5.03 v _1470_/X (sky130_fd_sc_hd__buf_2)
     3    0.02                           net54 (net)
                  0.06    0.00    5.03 v _1500_/A (sky130_fd_sc_hd__inv_2)
                  0.03    0.06    5.09 ^ _1500_/Y (sky130_fd_sc_hd__inv_2)
     2    0.01                           net116 (net)
                  0.03    0.00    5.09 ^ _1805_/A (sky130_fd_sc_hd__buf_1)
                  0.07    0.10    5.19 ^ _1805_/X (sky130_fd_sc_hd__buf_1)
     1    0.01                           net131 (net)
                  0.07    0.00    5.19 ^ output131/A (sky130_fd_sc_hd__buf_4)
                  0.11    0.18    5.37 ^ output131/X (sky130_fd_sc_hd__buf_4)
     1    0.03                           pmatrix_rowon_out_n[13] (net)
                  0.11    0.00    5.37 ^ pmatrix_rowon_out_n[13] (out)
                                  5.37   data arrival time

                  0.00   20.00   20.00   clock clk_dig (rise edge)
                          0.00   20.00   clock network delay (ideal)
                         -0.25   19.75   clock uncertainty
                          0.00   19.75   clock reconvergence pessimism
                         -4.00   15.75   output external delay
                                 15.75   data required time
-----------------------------------------------------------------------------
                                 15.75   data required time
                                 -5.37   data arrival time
-----------------------------------------------------------------------------
                                 10.38   slack (MET)



===========================================================================
report_checks --slack_max -0.01
============================================================================
No paths found.
