
===========================================================================
report_checks -path_delay min (Hold)
============================================================================
Startpoint: _1748_ (rising edge-triggered flip-flop)
Endpoint: result_out[15] (output port clocked by clk_dig)
Path Group: clk_dig
Path Type: min

Fanout     Cap    Slew   Delay    Time   Description
-----------------------------------------------------------------------------
                  0.08    0.00    0.00 ^ _1748_/CLK (sky130_fd_sc_hd__dfrtp_2)
                  0.09    0.38    0.38 ^ _1748_/Q (sky130_fd_sc_hd__dfrtp_2)
     2    0.01                           net148 (net)
                  0.09    0.00    0.38 ^ output148/A (sky130_fd_sc_hd__buf_4)
                  0.10    0.16    0.54 ^ output148/X (sky130_fd_sc_hd__buf_4)
     1    0.03                           result_out[15] (net)
                  0.10    0.00    0.54 ^ result_out[15] (out)
                                  0.54   data arrival time

                  0.00    0.00    0.00   clock clk_dig (rise edge)
                          0.00    0.00   clock network delay (ideal)
                          0.25    0.25   clock uncertainty
                          0.00    0.25   clock reconvergence pessimism
                         -4.00   -3.75   output external delay
                                 -3.75   data required time
-----------------------------------------------------------------------------
                                 -3.75   data required time
                                 -0.54   data arrival time
-----------------------------------------------------------------------------
                                  4.29   slack (MET)


Startpoint: _1734_ (rising edge-triggered flip-flop)
Endpoint: result_out[1] (output port clocked by clk_dig)
Path Group: clk_dig
Path Type: min

Fanout     Cap    Slew   Delay    Time   Description
-----------------------------------------------------------------------------
                  0.08    0.00    0.00 ^ _1734_/CLK (sky130_fd_sc_hd__dfrtp_4)
                  0.06    0.39    0.39 ^ _1734_/Q (sky130_fd_sc_hd__dfrtp_4)
     2    0.01                           net149 (net)
                  0.06    0.00    0.39 ^ output149/A (sky130_fd_sc_hd__buf_4)
                  0.10    0.15    0.54 ^ output149/X (sky130_fd_sc_hd__buf_4)
     1    0.03                           result_out[1] (net)
                  0.10    0.00    0.54 ^ result_out[1] (out)
                                  0.54   data arrival time

                  0.00    0.00    0.00   clock clk_dig (rise edge)
                          0.00    0.00   clock network delay (ideal)
                          0.25    0.25   clock uncertainty
                          0.00    0.25   clock reconvergence pessimism
                         -4.00   -3.75   output external delay
                                 -3.75   data required time
-----------------------------------------------------------------------------
                                 -3.75   data required time
                                 -0.54   data arrival time
-----------------------------------------------------------------------------
                                  4.29   slack (MET)


Startpoint: _1737_ (rising edge-triggered flip-flop)
Endpoint: result_out[4] (output port clocked by clk_dig)
Path Group: clk_dig
Path Type: min

Fanout     Cap    Slew   Delay    Time   Description
-----------------------------------------------------------------------------
                  0.10    0.00    0.00 ^ _1737_/CLK (sky130_fd_sc_hd__dfrtp_4)
                  0.06    0.39    0.39 ^ _1737_/Q (sky130_fd_sc_hd__dfrtp_4)
     2    0.01                           net152 (net)
                  0.06    0.00    0.39 ^ output152/A (sky130_fd_sc_hd__buf_4)
                  0.10    0.15    0.55 ^ output152/X (sky130_fd_sc_hd__buf_4)
     1    0.03                           result_out[4] (net)
                  0.10    0.00    0.55 ^ result_out[4] (out)
                                  0.55   data arrival time

                  0.00    0.00    0.00   clock clk_dig (rise edge)
                          0.00    0.00   clock network delay (ideal)
                          0.25    0.25   clock uncertainty
                          0.00    0.25   clock reconvergence pessimism
                         -4.00   -3.75   output external delay
                                 -3.75   data required time
-----------------------------------------------------------------------------
                                 -3.75   data required time
                                 -0.55   data arrival time
-----------------------------------------------------------------------------
                                  4.30   slack (MET)


Startpoint: _1742_ (rising edge-triggered flip-flop)
Endpoint: result_out[9] (output port clocked by clk_dig)
Path Group: clk_dig
Path Type: min

Fanout     Cap    Slew   Delay    Time   Description
-----------------------------------------------------------------------------
                  0.10    0.00    0.00 ^ _1742_/CLK (sky130_fd_sc_hd__dfrtp_2)
                  0.09    0.38    0.38 ^ _1742_/Q (sky130_fd_sc_hd__dfrtp_2)
     2    0.01                           net157 (net)
                  0.09    0.00    0.38 ^ output157/A (sky130_fd_sc_hd__buf_4)
                  0.11    0.16    0.55 ^ output157/X (sky130_fd_sc_hd__buf_4)
     1    0.03                           result_out[9] (net)
                  0.11    0.00    0.55 ^ result_out[9] (out)
                                  0.55   data arrival time

                  0.00    0.00    0.00   clock clk_dig (rise edge)
                          0.00    0.00   clock network delay (ideal)
                          0.25    0.25   clock uncertainty
                          0.00    0.25   clock reconvergence pessimism
                         -4.00   -3.75   output external delay
                                 -3.75   data required time
-----------------------------------------------------------------------------
                                 -3.75   data required time
                                 -0.55   data arrival time
-----------------------------------------------------------------------------
                                  4.30   slack (MET)


Startpoint: _1745_ (rising edge-triggered flip-flop)
Endpoint: result_out[12] (output port clocked by clk_dig)
Path Group: clk_dig
Path Type: min

Fanout     Cap    Slew   Delay    Time   Description
-----------------------------------------------------------------------------
                  0.08    0.00    0.00 ^ _1745_/CLK (sky130_fd_sc_hd__dfrtp_4)
                  0.06    0.39    0.39 ^ _1745_/Q (sky130_fd_sc_hd__dfrtp_4)
     2    0.01                           net145 (net)
                  0.06    0.00    0.39 ^ output145/A (sky130_fd_sc_hd__buf_4)
                  0.10    0.15    0.55 ^ output145/X (sky130_fd_sc_hd__buf_4)
     1    0.03                           result_out[12] (net)
                  0.10    0.00    0.55 ^ result_out[12] (out)
                                  0.55   data arrival time

                  0.00    0.00    0.00   clock clk_dig (rise edge)
                          0.00    0.00   clock network delay (ideal)
                          0.25    0.25   clock uncertainty
                          0.00    0.25   clock reconvergence pessimism
                         -4.00   -3.75   output external delay
                                 -3.75   data required time
-----------------------------------------------------------------------------
                                 -3.75   data required time
                                 -0.55   data arrival time
-----------------------------------------------------------------------------
                                  4.30   slack (MET)


