Warning - class CORE ANTENNACELL is not found. This message can be ignored if not in the antenna-avoid flow
  No sinks on this net

Net - clk_dig
  clkgen.delay_100ns_2.genblk1\[1\].delay_unit  (sky130_mm_sc_hd_dly5ns)  in
[1]  met2:
  PAR:    0.82  Ratio:    0.00       (Area)
  PAR:    4.12  Ratio: 2778.20       (S.Area)
  CAR:    0.86  Ratio:    0.00       (C.Area)
  CAR:    4.36  Ratio:    0.00       (C.S.Area)

[1]  met3:
  PAR:    0.55  Ratio:    0.00       (Area)
  PAR:    2.99  Ratio: 2778.20       (S.Area)
  CAR:    1.41  Ratio:    0.00       (C.Area)
  CAR:    7.35  Ratio:    0.00       (C.S.Area)

[1]  met1:
  PAR:    0.04  Ratio:    0.00       (Area)
  PAR:    0.24  Ratio:  400.00       (S.Area)
  CAR:    0.05  Ratio:    0.00       (C.Area)
  CAR:    0.24  Ratio:    0.00       (C.S.Area)

[1]  li1:
  PAR:    0.00  Ratio:    0.00       (Area)
  PAR:    0.00  Ratio:   75.00       (S.Area)
  CAR:    0.00  Ratio:    0.00       (C.Area)
  CAR:    0.00  Ratio:    0.00       (C.S.Area)

[1]  M2M3_PR:
  PAR:    0.01  Ratio:    6.00       (Area)
  CAR:    0.02  Ratio:    0.00       (C.Area)

[1]  M1M2_PR:
  PAR:    0.00  Ratio:    6.00       (Area)
  CAR:    0.01  Ratio:    0.00       (C.Area)

[1]  L1M1_PR_MR:
  PAR:    0.01  Ratio:    3.00       (Area)
  CAR:    0.01  Ratio:    0.00       (C.Area)


Net - comp_trig
  clkgen.delay_100ns_1.genblk1\[1\].delay_unit  (sky130_mm_sc_hd_dly5ns)  in
[1]  met3:
  PAR:    0.93  Ratio:    0.00       (Area)
  PAR:    5.07  Ratio:  400.00       (S.Area)
  CAR:    1.44  Ratio:    0.00       (C.Area)
  CAR:    7.61  Ratio:    0.00       (C.S.Area)

[1]  met2:
  PAR:    0.50  Ratio:    0.00       (Area)
  PAR:    2.51  Ratio:  400.00       (S.Area)
  CAR:    0.51  Ratio:    0.00       (C.Area)
  CAR:    2.54  Ratio:    0.00       (C.S.Area)

[1]  met1:
  PAR:    0.00  Ratio:    0.00       (Area)
  PAR:    0.02  Ratio:  400.00       (S.Area)
  CAR:    0.01  Ratio:    0.00       (C.Area)
  CAR:    0.02  Ratio:    0.00       (C.S.Area)

[1]  li1:
  PAR:    0.00  Ratio:    0.00       (Area)
  PAR:    0.00  Ratio:   75.00       (S.Area)
  CAR:    0.00  Ratio:    0.00       (C.Area)
  CAR:    0.00  Ratio:    0.00       (C.S.Area)

[1]  M2M3_PR:
  PAR:    0.01  Ratio:    6.00       (Area)
  CAR:    0.02  Ratio:    0.00       (C.Area)

[1]  M1M2_PR:
  PAR:    0.00  Ratio:    6.00       (Area)
  CAR:    0.01  Ratio:    0.00       (C.Area)

[1]  L1M1_PR_MR:
  PAR:    0.01  Ratio:    3.00       (Area)
  CAR:    0.01  Ratio:    0.00       (C.Area)


Net - ena_in
  _3_  (sky130_fd_sc_hd__o21ba_2)  A1
[1]  met3:
  PAR:   18.94  Ratio:    0.00       (Area)
  PAR:  102.93  Ratio:  400.00       (S.Area)
  CAR:   42.63  Ratio:    0.00       (C.Area)
  CAR:  221.95  Ratio:    0.00       (C.S.Area)

[1]  met2:
  PAR:   23.29  Ratio:    0.00       (Area)
  PAR:  116.86  Ratio:  400.00       (S.Area)
  CAR:   23.69  Ratio:    0.00       (C.Area)
  CAR:  119.03  Ratio:    0.00       (C.S.Area)

[1]  met1:
  PAR:    0.34  Ratio:    0.00       (Area)
  PAR:    2.09  Ratio:  400.00       (S.Area)
  CAR:    0.40  Ratio:    0.00       (C.Area)
  CAR:    2.16  Ratio:    0.00       (C.S.Area)

[1]  li1:
  PAR:    0.06  Ratio:    0.00       (Area)
  PAR:    0.07  Ratio:   75.00       (S.Area)
  CAR:    0.06  Ratio:    0.00       (C.Area)
  CAR:    0.07  Ratio:    0.00       (C.S.Area)

[1]  M2M3_PR:
  PAR:    0.16  Ratio:    6.00       (Area)
  CAR:    0.37  Ratio:    0.00       (C.Area)

[1]  M1M2_PR:
  PAR:    0.09  Ratio:    6.00       (Area)
  CAR:    0.21  Ratio:    0.00       (C.Area)

[1]  L1M1_PR_MR:
  PAR:    0.12  Ratio:    3.00       (Area)
  CAR:    0.12  Ratio:    0.00       (C.Area)


Net - start_conv
  edgedetect.delay_400ns.genblk1\[1\].delay_unit  (sky130_mm_sc_hd_dly5ns)  in
[1]  met3:
  PAR:    0.46  Ratio:    0.00       (Area)
  PAR:    2.52  Ratio:  400.00       (S.Area)
  CAR:    0.95  Ratio:    0.00       (C.Area)
  CAR:    5.17  Ratio:    0.00       (C.S.Area)

[1]  met2:
  PAR:    0.45  Ratio:    0.00       (Area)
  PAR:    2.36  Ratio:  400.00       (S.Area)
  CAR:    0.50  Ratio:    0.00       (C.Area)
  CAR:    2.65  Ratio:    0.00       (C.S.Area)

[1]  met1:
  PAR:    0.05  Ratio:    0.00       (Area)
  PAR:    0.29  Ratio:  400.00       (S.Area)
  CAR:    0.05  Ratio:    0.00       (C.Area)
  CAR:    0.29  Ratio:    0.00       (C.S.Area)

[1]  li1:
  PAR:    0.00  Ratio:    0.00       (Area)
  PAR:    0.00  Ratio:   75.00       (S.Area)
  CAR:    0.00  Ratio:    0.00       (C.Area)
  CAR:    0.00  Ratio:    0.00       (C.S.Area)

[1]  M2M3_PR:
  PAR:    0.01  Ratio:    6.00       (Area)
  CAR:    0.02  Ratio:    0.00       (C.Area)

[1]  M1M2_PR:
  PAR:    0.00  Ratio:    6.00       (Area)
  CAR:    0.01  Ratio:    0.00       (C.Area)

[1]  L1M1_PR_MR:
  PAR:    0.01  Ratio:    3.00       (Area)
  CAR:    0.01  Ratio:    0.00       (C.Area)

  _2_  (sky130_fd_sc_hd__and2b_2)  B
[1]  met3:
  PAR:    0.46  Ratio:    0.00       (Area)
  PAR:    2.52  Ratio:  400.00       (S.Area)
  CAR:    1.17  Ratio:    0.00       (C.Area)
  CAR:    5.79  Ratio:    0.00       (C.S.Area)

[1]  met2:
  PAR:    0.45  Ratio:    0.00       (Area)
  PAR:    2.36  Ratio:  400.00       (S.Area)
  CAR:    0.72  Ratio:    0.00       (C.Area)
  CAR:    3.27  Ratio:    0.00       (C.S.Area)

[1]  met1:
  PAR:    0.16  Ratio:    0.00       (Area)
  PAR:    0.78  Ratio:  400.00       (S.Area)
  CAR:    0.27  Ratio:    0.00       (C.Area)
  CAR:    0.91  Ratio:    0.00       (C.S.Area)

[1]  li1:
  PAR:    0.11  Ratio:    0.00       (Area)
  PAR:    0.13  Ratio:   75.00       (S.Area)
  CAR:    0.11  Ratio:    0.00       (C.Area)
  CAR:    0.13  Ratio:    0.00       (C.S.Area)

[1]  M2M3_PR:
  PAR:    0.01  Ratio:    6.00       (Area)
  CAR:    0.42  Ratio:    0.00       (C.Area)

[1]  M1M2_PR:
  PAR:    0.18  Ratio:    6.00       (Area)
  CAR:    0.41  Ratio:    0.00       (C.Area)

[1]  L1M1_PR_MR:
  PAR:    0.23  Ratio:    3.00       (Area)
  CAR:    0.23  Ratio:    0.00       (C.Area)


Net - _0_
  _3_  (sky130_fd_sc_hd__o21ba_2)  A2
[1]  met2:
  PAR:    4.49  Ratio:    0.00       (Area)
  PAR:   22.61  Ratio: 2778.20       (S.Area)
  CAR:    5.15  Ratio:    0.00       (C.Area)
  CAR:   26.07  Ratio:    0.00       (C.S.Area)

[1]  met1:
  PAR:    0.60  Ratio:    0.00       (Area)
  PAR:    3.39  Ratio:  400.00       (S.Area)
  CAR:    0.66  Ratio:    0.00       (C.Area)
  CAR:    3.46  Ratio:    0.00       (C.S.Area)

[1]  li1:
  PAR:    0.06  Ratio:    0.00       (Area)
  PAR:    0.07  Ratio:   75.00       (S.Area)
  CAR:    0.06  Ratio:    0.00       (C.Area)
  CAR:    0.07  Ratio:    0.00       (C.S.Area)

[1]  M1M2_PR:
  PAR:    0.09  Ratio:    6.00       (Area)
  CAR:    0.21  Ratio:    0.00       (C.Area)

[1]  L1M1_PR_MR:
  PAR:    0.12  Ratio:    3.00       (Area)
  CAR:    0.12  Ratio:    0.00       (C.Area)


Net - clkgen.comp_trig_delayed
  _1_  (sky130_fd_sc_hd__inv_2)  A
[1]  met2:
  PAR:    1.81  Ratio:    0.00       (Area)
  PAR:    9.19  Ratio: 2744.72       (S.Area)
  CAR:    2.27  Ratio:    0.00       (C.Area)
  CAR:   11.57  Ratio:    0.00       (C.S.Area)

[1]  met1:
  PAR:    0.43  Ratio:    0.00       (Area)
  PAR:    2.35  Ratio:  400.00       (S.Area)
  CAR:    0.46  Ratio:    0.00       (C.Area)
  CAR:    2.38  Ratio:    0.00       (C.S.Area)

[1]  li1:
  PAR:    0.03  Ratio:    0.00       (Area)
  PAR:    0.03  Ratio:   75.00       (S.Area)
  CAR:    0.03  Ratio:    0.00       (C.Area)
  CAR:    0.03  Ratio:    0.00       (C.S.Area)

[1]  M1M2_PR:
  PAR:    0.05  Ratio:    6.00       (Area)
  CAR:    0.10  Ratio:    0.00       (C.Area)

[1]  L1M1_PR_MR:
  PAR:    0.06  Ratio:    3.00       (Area)
  CAR:    0.06  Ratio:    0.00       (C.Area)


Net - clkgen.delay_100ns_1._intsig_a_\[10\]
  clkgen.delay_100ns_1.genblk1\[10\].delay_unit  (sky130_mm_sc_hd_dly5ns)  in
[1]  met2:
  PAR:    0.15  Ratio:    0.00       (Area)
  PAR:    0.78  Ratio: 2744.72       (S.Area)
  CAR:    0.28  Ratio:    0.00       (C.Area)
  CAR:    1.42  Ratio:    0.00       (C.S.Area)

[1]  met1:
  PAR:    0.12  Ratio:    0.00       (Area)
  PAR:    0.63  Ratio:  400.00       (S.Area)
  CAR:    0.13  Ratio:    0.00       (C.Area)
  CAR:    0.64  Ratio:    0.00       (C.S.Area)

[1]  li1:
  PAR:    0.00  Ratio:    0.00       (Area)
  PAR:    0.00  Ratio:   75.00       (S.Area)
  CAR:    0.00  Ratio:    0.00       (C.Area)
  CAR:    0.00  Ratio:    0.00       (C.S.Area)

[1]  M1M2_PR:
  PAR:    0.00  Ratio:    6.00       (Area)
  CAR:    0.01  Ratio:    0.00       (C.Area)

[1]  L1M1_PR_MR:
  PAR:    0.01  Ratio:    3.00       (Area)
  CAR:    0.01  Ratio:    0.00       (C.Area)


Net - clkgen.delay_100ns_1._intsig_a_\[11\]
  clkgen.delay_100ns_1.genblk1\[11\].delay_unit  (sky130_mm_sc_hd_dly5ns)  in
[1]  met2:
  PAR:    0.07  Ratio:    0.00       (Area)
  PAR:    0.37  Ratio: 2744.72       (S.Area)
  CAR:    0.08  Ratio:    0.00       (C.Area)
  CAR:    0.40  Ratio:    0.00       (C.S.Area)

[1]  met1:
  PAR:    0.00  Ratio:    0.00       (Area)
  PAR:    0.02  Ratio:  400.00       (S.Area)
  CAR:    0.01  Ratio:    0.00       (C.Area)
  CAR:    0.02  Ratio:    0.00       (C.S.Area)

[1]  li1:
  PAR:    0.00  Ratio:    0.00       (Area)
  PAR:    0.00  Ratio:   75.00       (S.Area)
  CAR:    0.00  Ratio:    0.00       (C.Area)
  CAR:    0.00  Ratio:    0.00       (C.S.Area)

[1]  M1M2_PR:
  PAR:    0.00  Ratio:    6.00       (Area)
  CAR:    0.01  Ratio:    0.00       (C.Area)

[1]  L1M1_PR_MR:
  PAR:    0.01  Ratio:    3.00       (Area)
  CAR:    0.01  Ratio:    0.00       (C.Area)


Net - clkgen.delay_100ns_1._intsig_a_\[12\]
  clkgen.delay_100ns_1.genblk1\[12\].delay_unit  (sky130_mm_sc_hd_dly5ns)  in
[1]  met2:
  PAR:    0.07  Ratio:    0.00       (Area)
  PAR:    0.37  Ratio: 2744.72       (S.Area)
  CAR:    0.12  Ratio:    0.00       (C.Area)
  CAR:    0.62  Ratio:    0.00       (C.S.Area)

[1]  met1:
  PAR:    0.04  Ratio:    0.00       (Area)
  PAR:    0.24  Ratio:  400.00       (S.Area)
  CAR:    0.05  Ratio:    0.00       (C.Area)
  CAR:    0.24  Ratio:    0.00       (C.S.Area)

[1]  li1:
  PAR:    0.00  Ratio:    0.00       (Area)
  PAR:    0.00  Ratio:   75.00       (S.Area)
  CAR:    0.00  Ratio:    0.00       (C.Area)
  CAR:    0.00  Ratio:    0.00       (C.S.Area)

[1]  M1M2_PR:
  PAR:    0.00  Ratio:    6.00       (Area)
  CAR:    0.01  Ratio:    0.00       (C.Area)

[1]  L1M1_PR_MR:
  PAR:    0.01  Ratio:    3.00       (Area)
  CAR:    0.01  Ratio:    0.00       (C.Area)


Net - clkgen.delay_100ns_1._intsig_a_\[13\]
  clkgen.delay_100ns_1.genblk1\[13\].delay_unit  (sky130_mm_sc_hd_dly5ns)  in
[1]  met2:
  PAR:    0.15  Ratio:    0.00       (Area)
  PAR:    0.78  Ratio: 2744.72       (S.Area)
  CAR:    0.20  Ratio:    0.00       (C.Area)
  CAR:    1.02  Ratio:    0.00       (C.S.Area)

[1]  met1:
  PAR:    0.04  Ratio:    0.00       (Area)
  PAR:    0.24  Ratio:  400.00       (S.Area)
  CAR:    0.05  Ratio:    0.00       (C.Area)
  CAR:    0.24  Ratio:    0.00       (C.S.Area)

[1]  li1:
  PAR:    0.00  Ratio:    0.00       (Area)
  PAR:    0.00  Ratio:   75.00       (S.Area)
  CAR:    0.00  Ratio:    0.00       (C.Area)
  CAR:    0.00  Ratio:    0.00       (C.S.Area)

[1]  M1M2_PR:
  PAR:    0.00  Ratio:    6.00       (Area)
  CAR:    0.01  Ratio:    0.00       (C.Area)

[1]  L1M1_PR_MR:
  PAR:    0.01  Ratio:    3.00       (Area)
  CAR:    0.01  Ratio:    0.00       (C.Area)


Net - clkgen.delay_100ns_1._intsig_a_\[14\]
  clkgen.delay_100ns_1.genblk1\[14\].delay_unit  (sky130_mm_sc_hd_dly5ns)  in
[1]  met2:
  PAR:    0.09  Ratio:    0.00       (Area)
  PAR:    0.46  Ratio: 2744.72       (S.Area)
  CAR:    0.12  Ratio:    0.00       (C.Area)
  CAR:    0.64  Ratio:    0.00       (C.S.Area)

[1]  met1:
  PAR:    0.03  Ratio:    0.00       (Area)
  PAR:    0.17  Ratio:  400.00       (S.Area)
  CAR:    0.03  Ratio:    0.00       (C.Area)
  CAR:    0.18  Ratio:    0.00       (C.S.Area)

[1]  li1:
  PAR:    0.00  Ratio:    0.00       (Area)
  PAR:    0.00  Ratio:   75.00       (S.Area)
  CAR:    0.00  Ratio:    0.00       (C.Area)
  CAR:    0.00  Ratio:    0.00       (C.S.Area)

[1]  M1M2_PR:
  PAR:    0.00  Ratio:    6.00       (Area)
  CAR:    0.01  Ratio:    0.00       (C.Area)

[1]  L1M1_PR_MR:
  PAR:    0.01  Ratio:    3.00       (Area)
  CAR:    0.01  Ratio:    0.00       (C.Area)


Net - clkgen.delay_100ns_1._intsig_a_\[15\]
  clkgen.delay_100ns_1.genblk1\[15\].delay_unit  (sky130_mm_sc_hd_dly5ns)  in
[1]  met2:
  PAR:    0.15  Ratio:    0.00       (Area)
  PAR:    0.78  Ratio: 2744.72       (S.Area)
  CAR:    0.21  Ratio:    0.00       (C.Area)
  CAR:    1.09  Ratio:    0.00       (C.S.Area)

[1]  met1:
  PAR:    0.06  Ratio:    0.00       (Area)
  PAR:    0.30  Ratio:  400.00       (S.Area)
  CAR:    0.06  Ratio:    0.00       (C.Area)
  CAR:    0.31  Ratio:    0.00       (C.S.Area)

[1]  li1:
  PAR:    0.00  Ratio:    0.00       (Area)
  PAR:    0.00  Ratio:   75.00       (S.Area)
  CAR:    0.00  Ratio:    0.00       (C.Area)
  CAR:    0.00  Ratio:    0.00       (C.S.Area)

[1]  M1M2_PR:
  PAR:    0.00  Ratio:    6.00       (Area)
  CAR:    0.01  Ratio:    0.00       (C.Area)

[1]  L1M1_PR_MR:
  PAR:    0.01  Ratio:    3.00       (Area)
  CAR:    0.01  Ratio:    0.00       (C.Area)


Net - clkgen.delay_100ns_1._intsig_a_\[16\]
  clkgen.delay_100ns_1.genblk1\[16\].delay_unit  (sky130_mm_sc_hd_dly5ns)  in
[1]  met2:
  PAR:    0.07  Ratio:    0.00       (Area)
  PAR:    0.37  Ratio: 2744.72       (S.Area)
  CAR:    0.08  Ratio:    0.00       (C.Area)
  CAR:    0.40  Ratio:    0.00       (C.S.Area)

[1]  met1:
  PAR:    0.00  Ratio:    0.00       (Area)
  PAR:    0.02  Ratio:  400.00       (S.Area)
  CAR:    0.01  Ratio:    0.00       (C.Area)
  CAR:    0.02  Ratio:    0.00       (C.S.Area)

[1]  li1:
  PAR:    0.00  Ratio:    0.00       (Area)
  PAR:    0.00  Ratio:   75.00       (S.Area)
  CAR:    0.00  Ratio:    0.00       (C.Area)
  CAR:    0.00  Ratio:    0.00       (C.S.Area)

[1]  M1M2_PR:
  PAR:    0.00  Ratio:    6.00       (Area)
  CAR:    0.01  Ratio:    0.00       (C.Area)

[1]  L1M1_PR_MR:
  PAR:    0.01  Ratio:    3.00       (Area)
  CAR:    0.01  Ratio:    0.00       (C.Area)


Net - clkgen.delay_100ns_1._intsig_a_\[17\]
  clkgen.delay_100ns_1.genblk1\[17\].delay_unit  (sky130_mm_sc_hd_dly5ns)  in
[1]  met2:
  PAR:    0.15  Ratio:    0.00       (Area)
  PAR:    0.78  Ratio: 2744.72       (S.Area)
  CAR:    0.16  Ratio:    0.00       (C.Area)
  CAR:    0.81  Ratio:    0.00       (C.S.Area)

[1]  met1:
  PAR:    0.00  Ratio:    0.00       (Area)
  PAR:    0.02  Ratio:  400.00       (S.Area)
  CAR:    0.01  Ratio:    0.00       (C.Area)
  CAR:    0.02  Ratio:    0.00       (C.S.Area)

[1]  li1:
  PAR:    0.00  Ratio:    0.00       (Area)
  PAR:    0.00  Ratio:   75.00       (S.Area)
  CAR:    0.00  Ratio:    0.00       (C.Area)
  CAR:    0.00  Ratio:    0.00       (C.S.Area)

[1]  M1M2_PR:
  PAR:    0.00  Ratio:    6.00       (Area)
  CAR:    0.01  Ratio:    0.00       (C.Area)

[1]  L1M1_PR_MR:
  PAR:    0.01  Ratio:    3.00       (Area)
  CAR:    0.01  Ratio:    0.00       (C.Area)


Net - clkgen.delay_100ns_1._intsig_a_\[18\]
  clkgen.delay_100ns_1.genblk1\[18\].delay_unit  (sky130_mm_sc_hd_dly5ns)  in
[1]  met2:
  PAR:    0.30  Ratio:    0.00       (Area)
  PAR:    1.51  Ratio: 2744.72       (S.Area)
  CAR:    0.33  Ratio:    0.00       (C.Area)
  CAR:    1.68  Ratio:    0.00       (C.S.Area)

[1]  met1:
  PAR:    0.03  Ratio:    0.00       (Area)
  PAR:    0.17  Ratio:  400.00       (S.Area)
  CAR:    0.03  Ratio:    0.00       (C.Area)
  CAR:    0.18  Ratio:    0.00       (C.S.Area)

[1]  li1:
  PAR:    0.00  Ratio:    0.00       (Area)
  PAR:    0.00  Ratio:   75.00       (S.Area)
  CAR:    0.00  Ratio:    0.00       (C.Area)
  CAR:    0.00  Ratio:    0.00       (C.S.Area)

[1]  M1M2_PR:
  PAR:    0.00  Ratio:    6.00       (Area)
  CAR:    0.01  Ratio:    0.00       (C.Area)

[1]  L1M1_PR_MR:
  PAR:    0.01  Ratio:    3.00       (Area)
  CAR:    0.01  Ratio:    0.00       (C.Area)


Net - clkgen.delay_100ns_1._intsig_a_\[19\]
  clkgen.delay_100ns_1.genblk1\[19\].delay_unit  (sky130_mm_sc_hd_dly5ns)  in
[1]  met2:
  PAR:    0.07  Ratio:    0.00       (Area)
  PAR:    0.37  Ratio: 2744.72       (S.Area)
  CAR:    0.12  Ratio:    0.00       (C.Area)
  CAR:    0.62  Ratio:    0.00       (C.S.Area)

[1]  met1:
  PAR:    0.04  Ratio:    0.00       (Area)
  PAR:    0.24  Ratio:  400.00       (S.Area)
  CAR:    0.05  Ratio:    0.00       (C.Area)
  CAR:    0.24  Ratio:    0.00       (C.S.Area)

[1]  li1:
  PAR:    0.00  Ratio:    0.00       (Area)
  PAR:    0.00  Ratio:   75.00       (S.Area)
  CAR:    0.00  Ratio:    0.00       (C.Area)
  CAR:    0.00  Ratio:    0.00       (C.S.Area)

[1]  M1M2_PR:
  PAR:    0.00  Ratio:    6.00       (Area)
  CAR:    0.01  Ratio:    0.00       (C.Area)

[1]  L1M1_PR_MR:
  PAR:    0.01  Ratio:    3.00       (Area)
  CAR:    0.01  Ratio:    0.00       (C.Area)


Net - clkgen.delay_100ns_1._intsig_a_\[20\]
  clkgen.delay_100ns_1.genblk1\[20\].delay_unit  (sky130_mm_sc_hd_dly5ns)  in
[1]  met2:
  PAR:    0.69  Ratio:    0.00       (Area)
  PAR:    3.53  Ratio: 2744.72       (S.Area)
  CAR:    0.78  Ratio:    0.00       (C.Area)
  CAR:    3.97  Ratio:    0.00       (C.S.Area)

[1]  met1:
  PAR:    0.08  Ratio:    0.00       (Area)
  PAR:    0.44  Ratio:  400.00       (S.Area)
  CAR:    0.09  Ratio:    0.00       (C.Area)
  CAR:    0.44  Ratio:    0.00       (C.S.Area)

[1]  li1:
  PAR:    0.00  Ratio:    0.00       (Area)
  PAR:    0.00  Ratio:   75.00       (S.Area)
  CAR:    0.00  Ratio:    0.00       (C.Area)
  CAR:    0.00  Ratio:    0.00       (C.S.Area)

[1]  M1M2_PR:
  PAR:    0.00  Ratio:    6.00       (Area)
  CAR:    0.01  Ratio:    0.00       (C.Area)

[1]  L1M1_PR_MR:
  PAR:    0.01  Ratio:    3.00       (Area)
  CAR:    0.01  Ratio:    0.00       (C.Area)


Net - clkgen.delay_100ns_1._intsig_a_\[2\]
  clkgen.delay_100ns_1.genblk1\[2\].delay_unit  (sky130_mm_sc_hd_dly5ns)  in
[1]  met2:
  PAR:    0.35  Ratio:    0.00       (Area)
  PAR:    1.77  Ratio: 2744.72       (S.Area)
  CAR:    0.39  Ratio:    0.00       (C.Area)
  CAR:    2.01  Ratio:    0.00       (C.S.Area)

[1]  met1:
  PAR:    0.04  Ratio:    0.00       (Area)
  PAR:    0.24  Ratio:  400.00       (S.Area)
  CAR:    0.05  Ratio:    0.00       (C.Area)
  CAR:    0.24  Ratio:    0.00       (C.S.Area)

[1]  li1:
  PAR:    0.00  Ratio:    0.00       (Area)
  PAR:    0.00  Ratio:   75.00       (S.Area)
  CAR:    0.00  Ratio:    0.00       (C.Area)
  CAR:    0.00  Ratio:    0.00       (C.S.Area)

[1]  M1M2_PR:
  PAR:    0.00  Ratio:    6.00       (Area)
  CAR:    0.01  Ratio:    0.00       (C.Area)

[1]  L1M1_PR_MR:
  PAR:    0.01  Ratio:    3.00       (Area)
  CAR:    0.01  Ratio:    0.00       (C.Area)


Net - clkgen.delay_100ns_1._intsig_a_\[3\]
  clkgen.delay_100ns_1.genblk1\[3\].delay_unit  (sky130_mm_sc_hd_dly5ns)  in
[1]  met2:
  PAR:    0.15  Ratio:    0.00       (Area)
  PAR:    0.78  Ratio: 2744.72       (S.Area)
  CAR:    0.19  Ratio:    0.00       (C.Area)
  CAR:    0.96  Ratio:    0.00       (C.S.Area)

[1]  met1:
  PAR:    0.03  Ratio:    0.00       (Area)
  PAR:    0.17  Ratio:  400.00       (S.Area)
  CAR:    0.03  Ratio:    0.00       (C.Area)
  CAR:    0.18  Ratio:    0.00       (C.S.Area)

[1]  li1:
  PAR:    0.00  Ratio:    0.00       (Area)
  PAR:    0.00  Ratio:   75.00       (S.Area)
  CAR:    0.00  Ratio:    0.00       (C.Area)
  CAR:    0.00  Ratio:    0.00       (C.S.Area)

[1]  M1M2_PR:
  PAR:    0.00  Ratio:    6.00       (Area)
  CAR:    0.01  Ratio:    0.00       (C.Area)

[1]  L1M1_PR_MR:
  PAR:    0.01  Ratio:    3.00       (Area)
  CAR:    0.01  Ratio:    0.00       (C.Area)


Net - clkgen.delay_100ns_1._intsig_a_\[4\]
  clkgen.delay_100ns_1.genblk1\[4\].delay_unit  (sky130_mm_sc_hd_dly5ns)  in
[1]  met2:
  PAR:    0.15  Ratio:    0.00       (Area)
  PAR:    0.78  Ratio: 2744.72       (S.Area)
  CAR:    0.19  Ratio:    0.00       (C.Area)
  CAR:    0.96  Ratio:    0.00       (C.S.Area)

[1]  met1:
  PAR:    0.03  Ratio:    0.00       (Area)
  PAR:    0.17  Ratio:  400.00       (S.Area)
  CAR:    0.03  Ratio:    0.00       (C.Area)
  CAR:    0.18  Ratio:    0.00       (C.S.Area)

[1]  li1:
  PAR:    0.00  Ratio:    0.00       (Area)
  PAR:    0.00  Ratio:   75.00       (S.Area)
  CAR:    0.00  Ratio:    0.00       (C.Area)
  CAR:    0.00  Ratio:    0.00       (C.S.Area)

[1]  M1M2_PR:
  PAR:    0.00  Ratio:    6.00       (Area)
  CAR:    0.01  Ratio:    0.00       (C.Area)

[1]  L1M1_PR_MR:
  PAR:    0.01  Ratio:    3.00       (Area)
  CAR:    0.01  Ratio:    0.00       (C.Area)


Net - clkgen.delay_100ns_1._intsig_a_\[5\]
  clkgen.delay_100ns_1.genblk1\[5\].delay_unit  (sky130_mm_sc_hd_dly5ns)  in
[1]  met2:
  PAR:    0.23  Ratio:    0.00       (Area)
  PAR:    1.19  Ratio: 2744.72       (S.Area)
  CAR:    0.27  Ratio:    0.00       (C.Area)
  CAR:    1.37  Ratio:    0.00       (C.S.Area)

[1]  met1:
  PAR:    0.03  Ratio:    0.00       (Area)
  PAR:    0.17  Ratio:  400.00       (S.Area)
  CAR:    0.03  Ratio:    0.00       (C.Area)
  CAR:    0.18  Ratio:    0.00       (C.S.Area)

[1]  li1:
  PAR:    0.00  Ratio:    0.00       (Area)
  PAR:    0.00  Ratio:   75.00       (S.Area)
  CAR:    0.00  Ratio:    0.00       (C.Area)
  CAR:    0.00  Ratio:    0.00       (C.S.Area)

[1]  M1M2_PR:
  PAR:    0.00  Ratio:    6.00       (Area)
  CAR:    0.01  Ratio:    0.00       (C.Area)

[1]  L1M1_PR_MR:
  PAR:    0.01  Ratio:    3.00       (Area)
  CAR:    0.01  Ratio:    0.00       (C.Area)


Net - clkgen.delay_100ns_1._intsig_a_\[6\]
  clkgen.delay_100ns_1.genblk1\[6\].delay_unit  (sky130_mm_sc_hd_dly5ns)  in
[1]  met2:
  PAR:    0.15  Ratio:    0.00       (Area)
  PAR:    0.78  Ratio: 2744.72       (S.Area)
  CAR:    0.20  Ratio:    0.00       (C.Area)
  CAR:    1.02  Ratio:    0.00       (C.S.Area)

[1]  met1:
  PAR:    0.04  Ratio:    0.00       (Area)
  PAR:    0.24  Ratio:  400.00       (S.Area)
  CAR:    0.05  Ratio:    0.00       (C.Area)
  CAR:    0.24  Ratio:    0.00       (C.S.Area)

[1]  li1:
  PAR:    0.00  Ratio:    0.00       (Area)
  PAR:    0.00  Ratio:   75.00       (S.Area)
  CAR:    0.00  Ratio:    0.00       (C.Area)
  CAR:    0.00  Ratio:    0.00       (C.S.Area)

[1]  M1M2_PR:
  PAR:    0.00  Ratio:    6.00       (Area)
  CAR:    0.01  Ratio:    0.00       (C.Area)

[1]  L1M1_PR_MR:
  PAR:    0.01  Ratio:    3.00       (Area)
  CAR:    0.01  Ratio:    0.00       (C.Area)


Net - clkgen.delay_100ns_1._intsig_a_\[7\]
  clkgen.delay_100ns_1.genblk1\[7\].delay_unit  (sky130_mm_sc_hd_dly5ns)  in
[1]  met2:
  PAR:    0.09  Ratio:    0.00       (Area)
  PAR:    0.46  Ratio: 2744.72       (S.Area)
  CAR:    0.10  Ratio:    0.00       (C.Area)
  CAR:    0.49  Ratio:    0.00       (C.S.Area)

[1]  met1:
  PAR:    0.00  Ratio:    0.00       (Area)
  PAR:    0.02  Ratio:  400.00       (S.Area)
  CAR:    0.01  Ratio:    0.00       (C.Area)
  CAR:    0.02  Ratio:    0.00       (C.S.Area)

[1]  li1:
  PAR:    0.00  Ratio:    0.00       (Area)
  PAR:    0.00  Ratio:   75.00       (S.Area)
  CAR:    0.00  Ratio:    0.00       (C.Area)
  CAR:    0.00  Ratio:    0.00       (C.S.Area)

[1]  M1M2_PR:
  PAR:    0.00  Ratio:    6.00       (Area)
  CAR:    0.01  Ratio:    0.00       (C.Area)

[1]  L1M1_PR_MR:
  PAR:    0.01  Ratio:    3.00       (Area)
  CAR:    0.01  Ratio:    0.00       (C.Area)


Net - clkgen.delay_100ns_1._intsig_a_\[8\]
  clkgen.delay_100ns_1.genblk1\[8\].delay_unit  (sky130_mm_sc_hd_dly5ns)  in
[1]  met2:
  PAR:    0.07  Ratio:    0.00       (Area)
  PAR:    0.37  Ratio: 2744.72       (S.Area)
  CAR:    0.08  Ratio:    0.00       (C.Area)
  CAR:    0.40  Ratio:    0.00       (C.S.Area)

[1]  met1:
  PAR:    0.00  Ratio:    0.00       (Area)
  PAR:    0.02  Ratio:  400.00       (S.Area)
  CAR:    0.01  Ratio:    0.00       (C.Area)
  CAR:    0.02  Ratio:    0.00       (C.S.Area)

[1]  li1:
  PAR:    0.00  Ratio:    0.00       (Area)
  PAR:    0.00  Ratio:   75.00       (S.Area)
  CAR:    0.00  Ratio:    0.00       (C.Area)
  CAR:    0.00  Ratio:    0.00       (C.S.Area)

[1]  M1M2_PR:
  PAR:    0.00  Ratio:    6.00       (Area)
  CAR:    0.01  Ratio:    0.00       (C.Area)

[1]  L1M1_PR_MR:
  PAR:    0.01  Ratio:    3.00       (Area)
  CAR:    0.01  Ratio:    0.00       (C.Area)


Net - clkgen.delay_100ns_1._intsig_a_\[9\]
  clkgen.delay_100ns_1.genblk1\[9\].delay_unit  (sky130_mm_sc_hd_dly5ns)  in
[1]  met2:
  PAR:    0.07  Ratio:    0.00       (Area)
  PAR:    0.37  Ratio: 2744.72       (S.Area)
  CAR:    0.08  Ratio:    0.00       (C.Area)
  CAR:    0.40  Ratio:    0.00       (C.S.Area)

[1]  met1:
  PAR:    0.00  Ratio:    0.00       (Area)
  PAR:    0.02  Ratio:  400.00       (S.Area)
  CAR:    0.01  Ratio:    0.00       (C.Area)
  CAR:    0.02  Ratio:    0.00       (C.S.Area)

[1]  li1:
  PAR:    0.00  Ratio:    0.00       (Area)
  PAR:    0.00  Ratio:   75.00       (S.Area)
  CAR:    0.00  Ratio:    0.00       (C.Area)
  CAR:    0.00  Ratio:    0.00       (C.S.Area)

[1]  M1M2_PR:
  PAR:    0.00  Ratio:    6.00       (Area)
  CAR:    0.01  Ratio:    0.00       (C.Area)

[1]  L1M1_PR_MR:
  PAR:    0.01  Ratio:    3.00       (Area)
  CAR:    0.01  Ratio:    0.00       (C.Area)


Net - clkgen.delay_100ns_2._intsig_a_\[10\]
  clkgen.delay_100ns_2.genblk1\[10\].delay_unit  (sky130_mm_sc_hd_dly5ns)  in
[1]  met2:
  PAR:    0.09  Ratio:    0.00       (Area)
  PAR:    0.46  Ratio: 2744.72       (S.Area)
  CAR:    0.10  Ratio:    0.00       (C.Area)
  CAR:    0.49  Ratio:    0.00       (C.S.Area)

[1]  met1:
  PAR:    0.00  Ratio:    0.00       (Area)
  PAR:    0.02  Ratio:  400.00       (S.Area)
  CAR:    0.01  Ratio:    0.00       (C.Area)
  CAR:    0.02  Ratio:    0.00       (C.S.Area)

[1]  li1:
  PAR:    0.00  Ratio:    0.00       (Area)
  PAR:    0.00  Ratio:   75.00       (S.Area)
  CAR:    0.00  Ratio:    0.00       (C.Area)
  CAR:    0.00  Ratio:    0.00       (C.S.Area)

[1]  M1M2_PR:
  PAR:    0.00  Ratio:    6.00       (Area)
  CAR:    0.01  Ratio:    0.00       (C.Area)

[1]  L1M1_PR_MR:
  PAR:    0.01  Ratio:    3.00       (Area)
  CAR:    0.01  Ratio:    0.00       (C.Area)


Net - clkgen.delay_100ns_2._intsig_a_\[11\]
  clkgen.delay_100ns_2.genblk1\[11\].delay_unit  (sky130_mm_sc_hd_dly5ns)  in
[1]  met2:
  PAR:    0.07  Ratio:    0.00       (Area)
  PAR:    0.37  Ratio: 2744.72       (S.Area)
  CAR:    0.08  Ratio:    0.00       (C.Area)
  CAR:    0.40  Ratio:    0.00       (C.S.Area)

[1]  met1:
  PAR:    0.00  Ratio:    0.00       (Area)
  PAR:    0.02  Ratio:  400.00       (S.Area)
  CAR:    0.01  Ratio:    0.00       (C.Area)
  CAR:    0.02  Ratio:    0.00       (C.S.Area)

[1]  li1:
  PAR:    0.00  Ratio:    0.00       (Area)
  PAR:    0.00  Ratio:   75.00       (S.Area)
  CAR:    0.00  Ratio:    0.00       (C.Area)
  CAR:    0.00  Ratio:    0.00       (C.S.Area)

[1]  M1M2_PR:
  PAR:    0.00  Ratio:    6.00       (Area)
  CAR:    0.01  Ratio:    0.00       (C.Area)

[1]  L1M1_PR_MR:
  PAR:    0.01  Ratio:    3.00       (Area)
  CAR:    0.01  Ratio:    0.00       (C.Area)


Net - clkgen.delay_100ns_2._intsig_a_\[12\]
  clkgen.delay_100ns_2.genblk1\[12\].delay_unit  (sky130_mm_sc_hd_dly5ns)  in
[1]  met2:
  PAR:    0.15  Ratio:    0.00       (Area)
  PAR:    0.78  Ratio: 2744.72       (S.Area)
  CAR:    0.19  Ratio:    0.00       (C.Area)
  CAR:    0.96  Ratio:    0.00       (C.S.Area)

[1]  met1:
  PAR:    0.03  Ratio:    0.00       (Area)
  PAR:    0.17  Ratio:  400.00       (S.Area)
  CAR:    0.03  Ratio:    0.00       (C.Area)
  CAR:    0.18  Ratio:    0.00       (C.S.Area)

[1]  li1:
  PAR:    0.00  Ratio:    0.00       (Area)
  PAR:    0.00  Ratio:   75.00       (S.Area)
  CAR:    0.00  Ratio:    0.00       (C.Area)
  CAR:    0.00  Ratio:    0.00       (C.S.Area)

[1]  M1M2_PR:
  PAR:    0.00  Ratio:    6.00       (Area)
  CAR:    0.01  Ratio:    0.00       (C.Area)

[1]  L1M1_PR_MR:
  PAR:    0.01  Ratio:    3.00       (Area)
  CAR:    0.01  Ratio:    0.00       (C.Area)


Net - clkgen.delay_100ns_2._intsig_a_\[13\]
  clkgen.delay_100ns_2.genblk1\[13\].delay_unit  (sky130_mm_sc_hd_dly5ns)  in
[1]  met2:
  PAR:    0.25  Ratio:    0.00       (Area)
  PAR:    1.27  Ratio: 2744.72       (S.Area)
  CAR:    0.31  Ratio:    0.00       (C.Area)
  CAR:    1.58  Ratio:    0.00       (C.S.Area)

[1]  met1:
  PAR:    0.06  Ratio:    0.00       (Area)
  PAR:    0.30  Ratio:  400.00       (S.Area)
  CAR:    0.06  Ratio:    0.00       (C.Area)
  CAR:    0.31  Ratio:    0.00       (C.S.Area)

[1]  li1:
  PAR:    0.00  Ratio:    0.00       (Area)
  PAR:    0.00  Ratio:   75.00       (S.Area)
  CAR:    0.00  Ratio:    0.00       (C.Area)
  CAR:    0.00  Ratio:    0.00       (C.S.Area)

[1]  M1M2_PR:
  PAR:    0.00  Ratio:    6.00       (Area)
  CAR:    0.01  Ratio:    0.00       (C.Area)

[1]  L1M1_PR_MR:
  PAR:    0.01  Ratio:    3.00       (Area)
  CAR:    0.01  Ratio:    0.00       (C.Area)


Net - clkgen.delay_100ns_2._intsig_a_\[14\]
  clkgen.delay_100ns_2.genblk1\[14\].delay_unit  (sky130_mm_sc_hd_dly5ns)  in
[1]  met2:
  PAR:    0.15  Ratio:    0.00       (Area)
  PAR:    0.78  Ratio: 2744.72       (S.Area)
  CAR:    0.19  Ratio:    0.00       (C.Area)
  CAR:    0.96  Ratio:    0.00       (C.S.Area)

[1]  met1:
  PAR:    0.03  Ratio:    0.00       (Area)
  PAR:    0.17  Ratio:  400.00       (S.Area)
  CAR:    0.03  Ratio:    0.00       (C.Area)
  CAR:    0.18  Ratio:    0.00       (C.S.Area)

[1]  li1:
  PAR:    0.00  Ratio:    0.00       (Area)
  PAR:    0.00  Ratio:   75.00       (S.Area)
  CAR:    0.00  Ratio:    0.00       (C.Area)
  CAR:    0.00  Ratio:    0.00       (C.S.Area)

[1]  M1M2_PR:
  PAR:    0.00  Ratio:    6.00       (Area)
  CAR:    0.01  Ratio:    0.00       (C.Area)

[1]  L1M1_PR_MR:
  PAR:    0.01  Ratio:    3.00       (Area)
  CAR:    0.01  Ratio:    0.00       (C.Area)


Net - clkgen.delay_100ns_2._intsig_a_\[15\]
  clkgen.delay_100ns_2.genblk1\[15\].delay_unit  (sky130_mm_sc_hd_dly5ns)  in
[1]  met2:
  PAR:    0.07  Ratio:    0.00       (Area)
  PAR:    0.37  Ratio: 2744.72       (S.Area)
  CAR:    0.18  Ratio:    0.00       (C.Area)
  CAR:    0.95  Ratio:    0.00       (C.S.Area)

[1]  met1:
  PAR:    0.11  Ratio:    0.00       (Area)
  PAR:    0.57  Ratio:  400.00       (S.Area)
  CAR:    0.11  Ratio:    0.00       (C.Area)
  CAR:    0.57  Ratio:    0.00       (C.S.Area)

[1]  li1:
  PAR:    0.00  Ratio:    0.00       (Area)
  PAR:    0.00  Ratio:   75.00       (S.Area)
  CAR:    0.00  Ratio:    0.00       (C.Area)
  CAR:    0.00  Ratio:    0.00       (C.S.Area)

[1]  M1M2_PR:
  PAR:    0.00  Ratio:    6.00       (Area)
  CAR:    0.01  Ratio:    0.00       (C.Area)

[1]  L1M1_PR_MR:
  PAR:    0.01  Ratio:    3.00       (Area)
  CAR:    0.01  Ratio:    0.00       (C.Area)


Net - clkgen.delay_100ns_2._intsig_a_\[16\]
  clkgen.delay_100ns_2.genblk1\[16\].delay_unit  (sky130_mm_sc_hd_dly5ns)  in
[1]  met2:
  PAR:    0.07  Ratio:    0.00       (Area)
  PAR:    0.37  Ratio: 2744.72       (S.Area)
  CAR:    0.18  Ratio:    0.00       (C.Area)
  CAR:    0.95  Ratio:    0.00       (C.S.Area)

[1]  met1:
  PAR:    0.11  Ratio:    0.00       (Area)
  PAR:    0.57  Ratio:  400.00       (S.Area)
  CAR:    0.11  Ratio:    0.00       (C.Area)
  CAR:    0.57  Ratio:    0.00       (C.S.Area)

[1]  li1:
  PAR:    0.00  Ratio:    0.00       (Area)
  PAR:    0.00  Ratio:   75.00       (S.Area)
  CAR:    0.00  Ratio:    0.00       (C.Area)
  CAR:    0.00  Ratio:    0.00       (C.S.Area)

[1]  M1M2_PR:
  PAR:    0.00  Ratio:    6.00       (Area)
  CAR:    0.01  Ratio:    0.00       (C.Area)

[1]  L1M1_PR_MR:
  PAR:    0.01  Ratio:    3.00       (Area)
  CAR:    0.01  Ratio:    0.00       (C.Area)


Net - clkgen.delay_100ns_2._intsig_a_\[17\]
  clkgen.delay_100ns_2.genblk1\[17\].delay_unit  (sky130_mm_sc_hd_dly5ns)  in
[1]  met2:
  PAR:    0.15  Ratio:    0.00       (Area)
  PAR:    0.78  Ratio: 2744.72       (S.Area)
  CAR:    0.19  Ratio:    0.00       (C.Area)
  CAR:    0.96  Ratio:    0.00       (C.S.Area)

[1]  met1:
  PAR:    0.03  Ratio:    0.00       (Area)
  PAR:    0.17  Ratio:  400.00       (S.Area)
  CAR:    0.03  Ratio:    0.00       (C.Area)
  CAR:    0.18  Ratio:    0.00       (C.S.Area)

[1]  li1:
  PAR:    0.00  Ratio:    0.00       (Area)
  PAR:    0.00  Ratio:   75.00       (S.Area)
  CAR:    0.00  Ratio:    0.00       (C.Area)
  CAR:    0.00  Ratio:    0.00       (C.S.Area)

[1]  M1M2_PR:
  PAR:    0.00  Ratio:    6.00       (Area)
  CAR:    0.01  Ratio:    0.00       (C.Area)

[1]  L1M1_PR_MR:
  PAR:    0.01  Ratio:    3.00       (Area)
  CAR:    0.01  Ratio:    0.00       (C.Area)


Net - clkgen.delay_100ns_2._intsig_a_\[18\]
  clkgen.delay_100ns_2.genblk1\[18\].delay_unit  (sky130_mm_sc_hd_dly5ns)  in
[1]  met2:
  PAR:    0.25  Ratio:    0.00       (Area)
  PAR:    1.32  Ratio: 2744.72       (S.Area)
  CAR:    0.38  Ratio:    0.00       (C.Area)
  CAR:    1.96  Ratio:    0.00       (C.S.Area)

[1]  met1:
  PAR:    0.12  Ratio:    0.00       (Area)
  PAR:    0.63  Ratio:  400.00       (S.Area)
  CAR:    0.13  Ratio:    0.00       (C.Area)
  CAR:    0.64  Ratio:    0.00       (C.S.Area)

[1]  li1:
  PAR:    0.00  Ratio:    0.00       (Area)
  PAR:    0.00  Ratio:   75.00       (S.Area)
  CAR:    0.00  Ratio:    0.00       (C.Area)
  CAR:    0.00  Ratio:    0.00       (C.S.Area)

[1]  M1M2_PR:
  PAR:    0.00  Ratio:    6.00       (Area)
  CAR:    0.01  Ratio:    0.00       (C.Area)

[1]  L1M1_PR_MR:
  PAR:    0.01  Ratio:    3.00       (Area)
  CAR:    0.01  Ratio:    0.00       (C.Area)


Net - clkgen.delay_100ns_2._intsig_a_\[19\]
  clkgen.delay_100ns_2.genblk1\[19\].delay_unit  (sky130_mm_sc_hd_dly5ns)  in
[1]  met2:
  PAR:    0.69  Ratio:    0.00       (Area)
  PAR:    3.53  Ratio: 2744.72       (S.Area)
  CAR:    0.75  Ratio:    0.00       (C.Area)
  CAR:    3.84  Ratio:    0.00       (C.S.Area)

[1]  met1:
  PAR:    0.06  Ratio:    0.00       (Area)
  PAR:    0.30  Ratio:  400.00       (S.Area)
  CAR:    0.06  Ratio:    0.00       (C.Area)
  CAR:    0.31  Ratio:    0.00       (C.S.Area)

[1]  li1:
  PAR:    0.00  Ratio:    0.00       (Area)
  PAR:    0.00  Ratio:   75.00       (S.Area)
  CAR:    0.00  Ratio:    0.00       (C.Area)
  CAR:    0.00  Ratio:    0.00       (C.S.Area)

[1]  M1M2_PR:
  PAR:    0.00  Ratio:    6.00       (Area)
  CAR:    0.01  Ratio:    0.00       (C.Area)

[1]  L1M1_PR_MR:
  PAR:    0.01  Ratio:    3.00       (Area)
  CAR:    0.01  Ratio:    0.00       (C.Area)


Net - clkgen.delay_100ns_2._intsig_a_\[20\]
  clkgen.delay_100ns_2.genblk1\[20\].delay_unit  (sky130_mm_sc_hd_dly5ns)  in
[1]  met2:
  PAR:    0.22  Ratio:    0.00       (Area)
  PAR:    1.17  Ratio: 2744.72       (S.Area)
  CAR:    0.30  Ratio:    0.00       (C.Area)
  CAR:    1.61  Ratio:    0.00       (C.S.Area)

[1]  met1:
  PAR:    0.08  Ratio:    0.00       (Area)
  PAR:    0.44  Ratio:  400.00       (S.Area)
  CAR:    0.08  Ratio:    0.00       (C.Area)
  CAR:    0.44  Ratio:    0.00       (C.S.Area)

[1]  li1:
  PAR:    0.00  Ratio:    0.00       (Area)
  PAR:    0.00  Ratio:   75.00       (S.Area)
  CAR:    0.00  Ratio:    0.00       (C.Area)
  CAR:    0.00  Ratio:    0.00       (C.S.Area)

[1]  M1M2_PR:
  PAR:    0.00  Ratio:    6.00       (Area)
  CAR:    0.01  Ratio:    0.00       (C.Area)

[1]  L1M1_PR_MR:
  PAR:    0.01  Ratio:    3.00       (Area)
  CAR:    0.01  Ratio:    0.00       (C.Area)


Net - clkgen.delay_100ns_2._intsig_a_\[2\]
  clkgen.delay_100ns_2.genblk1\[2\].delay_unit  (sky130_mm_sc_hd_dly5ns)  in
[1]  met2:
  PAR:    0.07  Ratio:    0.00       (Area)
  PAR:    0.37  Ratio: 2744.72       (S.Area)
  CAR:    0.10  Ratio:    0.00       (C.Area)
  CAR:    0.55  Ratio:    0.00       (C.S.Area)

[1]  met1:
  PAR:    0.03  Ratio:    0.00       (Area)
  PAR:    0.17  Ratio:  400.00       (S.Area)
  CAR:    0.03  Ratio:    0.00       (C.Area)
  CAR:    0.18  Ratio:    0.00       (C.S.Area)

[1]  li1:
  PAR:    0.00  Ratio:    0.00       (Area)
  PAR:    0.00  Ratio:   75.00       (S.Area)
  CAR:    0.00  Ratio:    0.00       (C.Area)
  CAR:    0.00  Ratio:    0.00       (C.S.Area)

[1]  M1M2_PR:
  PAR:    0.00  Ratio:    6.00       (Area)
  CAR:    0.01  Ratio:    0.00       (C.Area)

[1]  L1M1_PR_MR:
  PAR:    0.01  Ratio:    3.00       (Area)
  CAR:    0.01  Ratio:    0.00       (C.Area)


Net - clkgen.delay_100ns_2._intsig_a_\[3\]
  clkgen.delay_100ns_2.genblk1\[3\].delay_unit  (sky130_mm_sc_hd_dly5ns)  in
[1]  met2:
  PAR:    0.15  Ratio:    0.00       (Area)
  PAR:    0.78  Ratio: 2744.72       (S.Area)
  CAR:    0.17  Ratio:    0.00       (C.Area)
  CAR:    0.89  Ratio:    0.00       (C.S.Area)

[1]  met1:
  PAR:    0.02  Ratio:    0.00       (Area)
  PAR:    0.11  Ratio:  400.00       (S.Area)
  CAR:    0.02  Ratio:    0.00       (C.Area)
  CAR:    0.11  Ratio:    0.00       (C.S.Area)

[1]  li1:
  PAR:    0.00  Ratio:    0.00       (Area)
  PAR:    0.00  Ratio:   75.00       (S.Area)
  CAR:    0.00  Ratio:    0.00       (C.Area)
  CAR:    0.00  Ratio:    0.00       (C.S.Area)

[1]  M1M2_PR:
  PAR:    0.00  Ratio:    6.00       (Area)
  CAR:    0.01  Ratio:    0.00       (C.Area)

[1]  L1M1_PR_MR:
  PAR:    0.01  Ratio:    3.00       (Area)
  CAR:    0.01  Ratio:    0.00       (C.Area)


Net - clkgen.delay_100ns_2._intsig_a_\[4\]
  clkgen.delay_100ns_2.genblk1\[4\].delay_unit  (sky130_mm_sc_hd_dly5ns)  in
[1]  met2:
  PAR:    0.07  Ratio:    0.00       (Area)
  PAR:    0.37  Ratio: 2744.72       (S.Area)
  CAR:    0.08  Ratio:    0.00       (C.Area)
  CAR:    0.40  Ratio:    0.00       (C.S.Area)

[1]  met1:
  PAR:    0.00  Ratio:    0.00       (Area)
  PAR:    0.02  Ratio:  400.00       (S.Area)
  CAR:    0.01  Ratio:    0.00       (C.Area)
  CAR:    0.02  Ratio:    0.00       (C.S.Area)

[1]  li1:
  PAR:    0.00  Ratio:    0.00       (Area)
  PAR:    0.00  Ratio:   75.00       (S.Area)
  CAR:    0.00  Ratio:    0.00       (C.Area)
  CAR:    0.00  Ratio:    0.00       (C.S.Area)

[1]  M1M2_PR:
  PAR:    0.00  Ratio:    6.00       (Area)
  CAR:    0.01  Ratio:    0.00       (C.Area)

[1]  L1M1_PR_MR:
  PAR:    0.01  Ratio:    3.00       (Area)
  CAR:    0.01  Ratio:    0.00       (C.Area)


Net - clkgen.delay_100ns_2._intsig_a_\[5\]
  clkgen.delay_100ns_2.genblk1\[5\].delay_unit  (sky130_mm_sc_hd_dly5ns)  in
[1]  met2:
  PAR:    0.23  Ratio:    0.00       (Area)
  PAR:    1.22  Ratio: 2744.72       (S.Area)
  CAR:    0.34  Ratio:    0.00       (C.Area)
  CAR:    1.80  Ratio:    0.00       (C.S.Area)

[1]  met1:
  PAR:    0.11  Ratio:    0.00       (Area)
  PAR:    0.57  Ratio:  400.00       (S.Area)
  CAR:    0.11  Ratio:    0.00       (C.Area)
  CAR:    0.57  Ratio:    0.00       (C.S.Area)

[1]  li1:
  PAR:    0.00  Ratio:    0.00       (Area)
  PAR:    0.00  Ratio:   75.00       (S.Area)
  CAR:    0.00  Ratio:    0.00       (C.Area)
  CAR:    0.00  Ratio:    0.00       (C.S.Area)

[1]  M1M2_PR:
  PAR:    0.00  Ratio:    6.00       (Area)
  CAR:    0.01  Ratio:    0.00       (C.Area)

[1]  L1M1_PR_MR:
  PAR:    0.01  Ratio:    3.00       (Area)
  CAR:    0.01  Ratio:    0.00       (C.Area)


Net - clkgen.delay_100ns_2._intsig_a_\[6\]
  clkgen.delay_100ns_2.genblk1\[6\].delay_unit  (sky130_mm_sc_hd_dly5ns)  in
[1]  met1:
  PAR:    0.08  Ratio:    0.00       (Area)
  PAR:    0.40  Ratio: 2744.72       (S.Area)
  CAR:    0.08  Ratio:    0.00       (C.Area)
  CAR:    0.40  Ratio:    0.00       (C.S.Area)

[1]  li1:
  PAR:    0.00  Ratio:    0.00       (Area)
  PAR:    0.00  Ratio:   75.00       (S.Area)
  CAR:    0.00  Ratio:    0.00       (C.Area)
  CAR:    0.00  Ratio:    0.00       (C.S.Area)

[1]  L1M1_PR_MR:
  PAR:    0.01  Ratio:    3.00       (Area)
  CAR:    0.01  Ratio:    0.00       (C.Area)


Net - clkgen.delay_100ns_2._intsig_a_\[7\]
  clkgen.delay_100ns_2.genblk1\[7\].delay_unit  (sky130_mm_sc_hd_dly5ns)  in
[1]  met2:
  PAR:    0.07  Ratio:    0.00       (Area)
  PAR:    0.37  Ratio: 2744.72       (S.Area)
  CAR:    0.10  Ratio:    0.00       (C.Area)
  CAR:    0.55  Ratio:    0.00       (C.S.Area)

[1]  met1:
  PAR:    0.03  Ratio:    0.00       (Area)
  PAR:    0.17  Ratio:  400.00       (S.Area)
  CAR:    0.03  Ratio:    0.00       (C.Area)
  CAR:    0.18  Ratio:    0.00       (C.S.Area)

[1]  li1:
  PAR:    0.00  Ratio:    0.00       (Area)
  PAR:    0.00  Ratio:   75.00       (S.Area)
  CAR:    0.00  Ratio:    0.00       (C.Area)
  CAR:    0.00  Ratio:    0.00       (C.S.Area)

[1]  M1M2_PR:
  PAR:    0.00  Ratio:    6.00       (Area)
  CAR:    0.01  Ratio:    0.00       (C.Area)

[1]  L1M1_PR_MR:
  PAR:    0.01  Ratio:    3.00       (Area)
  CAR:    0.01  Ratio:    0.00       (C.Area)


Net - clkgen.delay_100ns_2._intsig_a_\[8\]
  clkgen.delay_100ns_2.genblk1\[8\].delay_unit  (sky130_mm_sc_hd_dly5ns)  in
[1]  met2:
  PAR:    0.07  Ratio:    0.00       (Area)
  PAR:    0.37  Ratio: 2744.72       (S.Area)
  CAR:    0.10  Ratio:    0.00       (C.Area)
  CAR:    0.55  Ratio:    0.00       (C.S.Area)

[1]  met1:
  PAR:    0.03  Ratio:    0.00       (Area)
  PAR:    0.17  Ratio:  400.00       (S.Area)
  CAR:    0.03  Ratio:    0.00       (C.Area)
  CAR:    0.18  Ratio:    0.00       (C.S.Area)

[1]  li1:
  PAR:    0.00  Ratio:    0.00       (Area)
  PAR:    0.00  Ratio:   75.00       (S.Area)
  CAR:    0.00  Ratio:    0.00       (C.Area)
  CAR:    0.00  Ratio:    0.00       (C.S.Area)

[1]  M1M2_PR:
  PAR:    0.00  Ratio:    6.00       (Area)
  CAR:    0.01  Ratio:    0.00       (C.Area)

[1]  L1M1_PR_MR:
  PAR:    0.01  Ratio:    3.00       (Area)
  CAR:    0.01  Ratio:    0.00       (C.Area)


Net - clkgen.delay_100ns_2._intsig_a_\[9\]
  clkgen.delay_100ns_2.genblk1\[9\].delay_unit  (sky130_mm_sc_hd_dly5ns)  in
[1]  met2:
  PAR:    0.15  Ratio:    0.00       (Area)
  PAR:    0.78  Ratio: 2744.72       (S.Area)
  CAR:    0.28  Ratio:    0.00       (C.Area)
  CAR:    1.42  Ratio:    0.00       (C.S.Area)

[1]  met1:
  PAR:    0.12  Ratio:    0.00       (Area)
  PAR:    0.63  Ratio:  400.00       (S.Area)
  CAR:    0.13  Ratio:    0.00       (C.Area)
  CAR:    0.64  Ratio:    0.00       (C.S.Area)

[1]  li1:
  PAR:    0.00  Ratio:    0.00       (Area)
  PAR:    0.00  Ratio:   75.00       (S.Area)
  CAR:    0.00  Ratio:    0.00       (C.Area)
  CAR:    0.00  Ratio:    0.00       (C.S.Area)

[1]  M1M2_PR:
  PAR:    0.00  Ratio:    6.00       (Area)
  CAR:    0.01  Ratio:    0.00       (C.Area)

[1]  L1M1_PR_MR:
  PAR:    0.01  Ratio:    3.00       (Area)
  CAR:    0.01  Ratio:    0.00       (C.Area)


Net - clkgen.delay_100ns_2.out
  _3_  (sky130_fd_sc_hd__o21ba_2)  B1_N
[1]  met2:
  PAR:    6.97  Ratio:    0.00       (Area)
  PAR:   35.83  Ratio: 2744.72       (S.Area)
  CAR:   14.64  Ratio:    0.00       (C.Area)
  CAR:   76.07  Ratio:    0.00       (C.S.Area)

[1]  met1:
  PAR:    7.56  Ratio:    0.00       (Area)
  PAR:   40.11  Ratio:  400.00       (S.Area)
  CAR:    7.67  Ratio:    0.00       (C.Area)
  CAR:   40.25  Ratio:    0.00       (C.S.Area)

[1]  li1:
  PAR:    0.11  Ratio:    0.00       (Area)
  PAR:    0.13  Ratio:   75.00       (S.Area)
  CAR:    0.11  Ratio:    0.00       (C.Area)
  CAR:    0.13  Ratio:    0.00       (C.S.Area)

[1]  M1M2_PR:
  PAR:    0.18  Ratio:    6.00       (Area)
  CAR:    0.41  Ratio:    0.00       (C.Area)

[1]  L1M1_PR_MR:
  PAR:    0.23  Ratio:    3.00       (Area)
  CAR:    0.23  Ratio:    0.00       (C.Area)


Net - clkgen.delay_100ns_3._intsig_a_\[10\]
  clkgen.delay_100ns_3.genblk1\[10\].delay_unit  (sky130_mm_sc_hd_dly5ns)  in
[1]  met2:
  PAR:    0.15  Ratio:    0.00       (Area)
  PAR:    0.78  Ratio: 2744.72       (S.Area)
  CAR:    0.20  Ratio:    0.00       (C.Area)
  CAR:    1.02  Ratio:    0.00       (C.S.Area)

[1]  met1:
  PAR:    0.04  Ratio:    0.00       (Area)
  PAR:    0.24  Ratio:  400.00       (S.Area)
  CAR:    0.05  Ratio:    0.00       (C.Area)
  CAR:    0.24  Ratio:    0.00       (C.S.Area)

[1]  li1:
  PAR:    0.00  Ratio:    0.00       (Area)
  PAR:    0.00  Ratio:   75.00       (S.Area)
  CAR:    0.00  Ratio:    0.00       (C.Area)
  CAR:    0.00  Ratio:    0.00       (C.S.Area)

[1]  M1M2_PR:
  PAR:    0.00  Ratio:    6.00       (Area)
  CAR:    0.01  Ratio:    0.00       (C.Area)

[1]  L1M1_PR_MR:
  PAR:    0.01  Ratio:    3.00       (Area)
  CAR:    0.01  Ratio:    0.00       (C.Area)


Net - clkgen.delay_100ns_3._intsig_a_\[11\]
  clkgen.delay_100ns_3.genblk1\[11\].delay_unit  (sky130_mm_sc_hd_dly5ns)  in
[1]  met2:
  PAR:    0.07  Ratio:    0.00       (Area)
  PAR:    0.37  Ratio: 2744.72       (S.Area)
  CAR:    0.12  Ratio:    0.00       (C.Area)
  CAR:    0.62  Ratio:    0.00       (C.S.Area)

[1]  met1:
  PAR:    0.04  Ratio:    0.00       (Area)
  PAR:    0.24  Ratio:  400.00       (S.Area)
  CAR:    0.05  Ratio:    0.00       (C.Area)
  CAR:    0.24  Ratio:    0.00       (C.S.Area)

[1]  li1:
  PAR:    0.00  Ratio:    0.00       (Area)
  PAR:    0.00  Ratio:   75.00       (S.Area)
  CAR:    0.00  Ratio:    0.00       (C.Area)
  CAR:    0.00  Ratio:    0.00       (C.S.Area)

[1]  M1M2_PR:
  PAR:    0.00  Ratio:    6.00       (Area)
  CAR:    0.01  Ratio:    0.00       (C.Area)

[1]  L1M1_PR_MR:
  PAR:    0.01  Ratio:    3.00       (Area)
  CAR:    0.01  Ratio:    0.00       (C.Area)


Net - clkgen.delay_100ns_3._intsig_a_\[12\]
  clkgen.delay_100ns_3.genblk1\[12\].delay_unit  (sky130_mm_sc_hd_dly5ns)  in
[1]  met2:
  PAR:    0.09  Ratio:    0.00       (Area)
  PAR:    0.46  Ratio: 2744.72       (S.Area)
  CAR:    0.10  Ratio:    0.00       (C.Area)
  CAR:    0.49  Ratio:    0.00       (C.S.Area)

[1]  met1:
  PAR:    0.00  Ratio:    0.00       (Area)
  PAR:    0.02  Ratio:  400.00       (S.Area)
  CAR:    0.01  Ratio:    0.00       (C.Area)
  CAR:    0.02  Ratio:    0.00       (C.S.Area)

[1]  li1:
  PAR:    0.00  Ratio:    0.00       (Area)
  PAR:    0.00  Ratio:   75.00       (S.Area)
  CAR:    0.00  Ratio:    0.00       (C.Area)
  CAR:    0.00  Ratio:    0.00       (C.S.Area)

[1]  M1M2_PR:
  PAR:    0.00  Ratio:    6.00       (Area)
  CAR:    0.01  Ratio:    0.00       (C.Area)

[1]  L1M1_PR_MR:
  PAR:    0.01  Ratio:    3.00       (Area)
  CAR:    0.01  Ratio:    0.00       (C.Area)


Net - clkgen.delay_100ns_3._intsig_a_\[13\]
  clkgen.delay_100ns_3.genblk1\[13\].delay_unit  (sky130_mm_sc_hd_dly5ns)  in
[1]  met2:
  PAR:    0.10  Ratio:    0.00       (Area)
  PAR:    0.53  Ratio: 2744.72       (S.Area)
  CAR:    0.22  Ratio:    0.00       (C.Area)
  CAR:    1.17  Ratio:    0.00       (C.S.Area)

[1]  met1:
  PAR:    0.12  Ratio:    0.00       (Area)
  PAR:    0.63  Ratio:  400.00       (S.Area)
  CAR:    0.13  Ratio:    0.00       (C.Area)
  CAR:    0.64  Ratio:    0.00       (C.S.Area)

[1]  li1:
  PAR:    0.00  Ratio:    0.00       (Area)
  PAR:    0.00  Ratio:   75.00       (S.Area)
  CAR:    0.00  Ratio:    0.00       (C.Area)
  CAR:    0.00  Ratio:    0.00       (C.S.Area)

[1]  M1M2_PR:
  PAR:    0.00  Ratio:    6.00       (Area)
  CAR:    0.01  Ratio:    0.00       (C.Area)

[1]  L1M1_PR_MR:
  PAR:    0.01  Ratio:    3.00       (Area)
  CAR:    0.01  Ratio:    0.00       (C.Area)


Net - clkgen.delay_100ns_3._intsig_a_\[14\]
  clkgen.delay_100ns_3.genblk1\[14\].delay_unit  (sky130_mm_sc_hd_dly5ns)  in
[1]  met1:
  PAR:    0.09  Ratio:    0.00       (Area)
  PAR:    0.46  Ratio: 2744.72       (S.Area)
  CAR:    0.09  Ratio:    0.00       (C.Area)
  CAR:    0.46  Ratio:    0.00       (C.S.Area)

[1]  li1:
  PAR:    0.00  Ratio:    0.00       (Area)
  PAR:    0.00  Ratio:   75.00       (S.Area)
  CAR:    0.00  Ratio:    0.00       (C.Area)
  CAR:    0.00  Ratio:    0.00       (C.S.Area)

[1]  L1M1_PR_MR:
  PAR:    0.01  Ratio:    3.00       (Area)
  CAR:    0.01  Ratio:    0.00       (C.Area)


Net - clkgen.delay_100ns_3._intsig_a_\[15\]
  clkgen.delay_100ns_3.genblk1\[15\].delay_unit  (sky130_mm_sc_hd_dly5ns)  in
[1]  met2:
  PAR:    0.09  Ratio:    0.00       (Area)
  PAR:    0.46  Ratio: 2744.72       (S.Area)
  CAR:    0.10  Ratio:    0.00       (C.Area)
  CAR:    0.49  Ratio:    0.00       (C.S.Area)

[1]  met1:
  PAR:    0.00  Ratio:    0.00       (Area)
  PAR:    0.02  Ratio:  400.00       (S.Area)
  CAR:    0.01  Ratio:    0.00       (C.Area)
  CAR:    0.02  Ratio:    0.00       (C.S.Area)

[1]  li1:
  PAR:    0.00  Ratio:    0.00       (Area)
  PAR:    0.00  Ratio:   75.00       (S.Area)
  CAR:    0.00  Ratio:    0.00       (C.Area)
  CAR:    0.00  Ratio:    0.00       (C.S.Area)

[1]  M1M2_PR:
  PAR:    0.00  Ratio:    6.00       (Area)
  CAR:    0.01  Ratio:    0.00       (C.Area)

[1]  L1M1_PR_MR:
  PAR:    0.01  Ratio:    3.00       (Area)
  CAR:    0.01  Ratio:    0.00       (C.Area)


Net - clkgen.delay_100ns_3._intsig_a_\[16\]
  clkgen.delay_100ns_3.genblk1\[16\].delay_unit  (sky130_mm_sc_hd_dly5ns)  in
[1]  met2:
  PAR:    0.07  Ratio:    0.00       (Area)
  PAR:    0.37  Ratio: 2744.72       (S.Area)
  CAR:    0.12  Ratio:    0.00       (C.Area)
  CAR:    0.62  Ratio:    0.00       (C.S.Area)

[1]  met1:
  PAR:    0.04  Ratio:    0.00       (Area)
  PAR:    0.24  Ratio:  400.00       (S.Area)
  CAR:    0.05  Ratio:    0.00       (C.Area)
  CAR:    0.24  Ratio:    0.00       (C.S.Area)

[1]  li1:
  PAR:    0.00  Ratio:    0.00       (Area)
  PAR:    0.00  Ratio:   75.00       (S.Area)
  CAR:    0.00  Ratio:    0.00       (C.Area)
  CAR:    0.00  Ratio:    0.00       (C.S.Area)

[1]  M1M2_PR:
  PAR:    0.00  Ratio:    6.00       (Area)
  CAR:    0.01  Ratio:    0.00       (C.Area)

[1]  L1M1_PR_MR:
  PAR:    0.01  Ratio:    3.00       (Area)
  CAR:    0.01  Ratio:    0.00       (C.Area)


Net - clkgen.delay_100ns_3._intsig_a_\[17\]
  clkgen.delay_100ns_3.genblk1\[17\].delay_unit  (sky130_mm_sc_hd_dly5ns)  in
[1]  met2:
  PAR:    0.15  Ratio:    0.00       (Area)
  PAR:    0.78  Ratio: 2744.72       (S.Area)
  CAR:    0.23  Ratio:    0.00       (C.Area)
  CAR:    1.16  Ratio:    0.00       (C.S.Area)

[1]  met1:
  PAR:    0.07  Ratio:    0.00       (Area)
  PAR:    0.37  Ratio:  400.00       (S.Area)
  CAR:    0.07  Ratio:    0.00       (C.Area)
  CAR:    0.37  Ratio:    0.00       (C.S.Area)

[1]  li1:
  PAR:    0.00  Ratio:    0.00       (Area)
  PAR:    0.00  Ratio:   75.00       (S.Area)
  CAR:    0.00  Ratio:    0.00       (C.Area)
  CAR:    0.00  Ratio:    0.00       (C.S.Area)

[1]  M1M2_PR:
  PAR:    0.00  Ratio:    6.00       (Area)
  CAR:    0.01  Ratio:    0.00       (C.Area)

[1]  L1M1_PR_MR:
  PAR:    0.01  Ratio:    3.00       (Area)
  CAR:    0.01  Ratio:    0.00       (C.Area)


Net - clkgen.delay_100ns_3._intsig_a_\[18\]
  clkgen.delay_100ns_3.genblk1\[18\].delay_unit  (sky130_mm_sc_hd_dly5ns)  in
[1]  met2:
  PAR:    0.07  Ratio:    0.00       (Area)
  PAR:    0.37  Ratio: 2744.72       (S.Area)
  CAR:    0.14  Ratio:    0.00       (C.Area)
  CAR:    0.75  Ratio:    0.00       (C.S.Area)

[1]  met1:
  PAR:    0.07  Ratio:    0.00       (Area)
  PAR:    0.37  Ratio:  400.00       (S.Area)
  CAR:    0.07  Ratio:    0.00       (C.Area)
  CAR:    0.37  Ratio:    0.00       (C.S.Area)

[1]  li1:
  PAR:    0.00  Ratio:    0.00       (Area)
  PAR:    0.00  Ratio:   75.00       (S.Area)
  CAR:    0.00  Ratio:    0.00       (C.Area)
  CAR:    0.00  Ratio:    0.00       (C.S.Area)

[1]  M1M2_PR:
  PAR:    0.00  Ratio:    6.00       (Area)
  CAR:    0.01  Ratio:    0.00       (C.Area)

[1]  L1M1_PR_MR:
  PAR:    0.01  Ratio:    3.00       (Area)
  CAR:    0.01  Ratio:    0.00       (C.Area)


Net - clkgen.delay_100ns_3._intsig_a_\[19\]
  clkgen.delay_100ns_3.genblk1\[19\].delay_unit  (sky130_mm_sc_hd_dly5ns)  in
[1]  met2:
  PAR:    0.29  Ratio:    0.00       (Area)
  PAR:    1.54  Ratio: 2744.72       (S.Area)
  CAR:    0.30  Ratio:    0.00       (C.Area)
  CAR:    1.57  Ratio:    0.00       (C.S.Area)

[1]  met1:
  PAR:    0.00  Ratio:    0.00       (Area)
  PAR:    0.02  Ratio:  400.00       (S.Area)
  CAR:    0.01  Ratio:    0.00       (C.Area)
  CAR:    0.02  Ratio:    0.00       (C.S.Area)

[1]  li1:
  PAR:    0.00  Ratio:    0.00       (Area)
  PAR:    0.00  Ratio:   75.00       (S.Area)
  CAR:    0.00  Ratio:    0.00       (C.Area)
  CAR:    0.00  Ratio:    0.00       (C.S.Area)

[1]  M1M2_PR:
  PAR:    0.00  Ratio:    6.00       (Area)
  CAR:    0.01  Ratio:    0.00       (C.Area)

[1]  L1M1_PR_MR:
  PAR:    0.01  Ratio:    3.00       (Area)
  CAR:    0.01  Ratio:    0.00       (C.Area)


Net - clkgen.delay_100ns_3._intsig_a_\[1\]
  clkgen.delay_100ns_3.genblk1\[1\].delay_unit  (sky130_mm_sc_hd_dly5ns)  in
[1]  met1:
  PAR:    0.18  Ratio:    0.00       (Area)
  PAR:    1.01  Ratio: 2778.20       (S.Area)
  CAR:    0.19  Ratio:    0.00       (C.Area)
  CAR:    1.02  Ratio:    0.00       (C.S.Area)

[1]  li1:
  PAR:    0.00  Ratio:    0.00       (Area)
  PAR:    0.00  Ratio:   75.00       (S.Area)
  CAR:    0.00  Ratio:    0.00       (C.Area)
  CAR:    0.00  Ratio:    0.00       (C.S.Area)

[1]  L1M1_PR_MR:
  PAR:    0.01  Ratio:    3.00       (Area)
  CAR:    0.01  Ratio:    0.00       (C.Area)


Net - clkgen.delay_100ns_3._intsig_a_\[20\]
  clkgen.delay_100ns_3.genblk1\[20\].delay_unit  (sky130_mm_sc_hd_dly5ns)  in
[1]  met2:
  PAR:    0.07  Ratio:    0.00       (Area)
  PAR:    0.37  Ratio: 2744.72       (S.Area)
  CAR:    0.13  Ratio:    0.00       (C.Area)
  CAR:    0.68  Ratio:    0.00       (C.S.Area)

[1]  met1:
  PAR:    0.06  Ratio:    0.00       (Area)
  PAR:    0.30  Ratio:  400.00       (S.Area)
  CAR:    0.06  Ratio:    0.00       (C.Area)
  CAR:    0.31  Ratio:    0.00       (C.S.Area)

[1]  li1:
  PAR:    0.00  Ratio:    0.00       (Area)
  PAR:    0.00  Ratio:   75.00       (S.Area)
  CAR:    0.00  Ratio:    0.00       (C.Area)
  CAR:    0.00  Ratio:    0.00       (C.S.Area)

[1]  M1M2_PR:
  PAR:    0.00  Ratio:    6.00       (Area)
  CAR:    0.01  Ratio:    0.00       (C.Area)

[1]  L1M1_PR_MR:
  PAR:    0.01  Ratio:    3.00       (Area)
  CAR:    0.01  Ratio:    0.00       (C.Area)


Net - clkgen.delay_100ns_3._intsig_a_\[2\]
  clkgen.delay_100ns_3.genblk1\[2\].delay_unit  (sky130_mm_sc_hd_dly5ns)  in
[1]  met2:
  PAR:    0.44  Ratio:    0.00       (Area)
  PAR:    2.32  Ratio: 2744.72       (S.Area)
  CAR:    0.53  Ratio:    0.00       (C.Area)
  CAR:    2.76  Ratio:    0.00       (C.S.Area)

[1]  met1:
  PAR:    0.08  Ratio:    0.00       (Area)
  PAR:    0.44  Ratio:  400.00       (S.Area)
  CAR:    0.09  Ratio:    0.00       (C.Area)
  CAR:    0.44  Ratio:    0.00       (C.S.Area)

[1]  li1:
  PAR:    0.00  Ratio:    0.00       (Area)
  PAR:    0.00  Ratio:   75.00       (S.Area)
  CAR:    0.00  Ratio:    0.00       (C.Area)
  CAR:    0.00  Ratio:    0.00       (C.S.Area)

[1]  M1M2_PR:
  PAR:    0.00  Ratio:    6.00       (Area)
  CAR:    0.01  Ratio:    0.00       (C.Area)

[1]  L1M1_PR_MR:
  PAR:    0.01  Ratio:    3.00       (Area)
  CAR:    0.01  Ratio:    0.00       (C.Area)


Net - clkgen.delay_100ns_3._intsig_a_\[3\]
  clkgen.delay_100ns_3.genblk1\[3\].delay_unit  (sky130_mm_sc_hd_dly5ns)  in
[1]  met2:
  PAR:    0.14  Ratio:    0.00       (Area)
  PAR:    0.74  Ratio: 2744.72       (S.Area)
  CAR:    0.17  Ratio:    0.00       (C.Area)
  CAR:    0.92  Ratio:    0.00       (C.S.Area)

[1]  met1:
  PAR:    0.03  Ratio:    0.00       (Area)
  PAR:    0.18  Ratio:  400.00       (S.Area)
  CAR:    0.03  Ratio:    0.00       (C.Area)
  CAR:    0.18  Ratio:    0.00       (C.S.Area)

[1]  li1:
  PAR:    0.00  Ratio:    0.00       (Area)
  PAR:    0.00  Ratio:   75.00       (S.Area)
  CAR:    0.00  Ratio:    0.00       (C.Area)
  CAR:    0.00  Ratio:    0.00       (C.S.Area)

[1]  M1M2_PR:
  PAR:    0.00  Ratio:    6.00       (Area)
  CAR:    0.01  Ratio:    0.00       (C.Area)

[1]  L1M1_PR_MR:
  PAR:    0.01  Ratio:    3.00       (Area)
  CAR:    0.01  Ratio:    0.00       (C.Area)


Net - clkgen.delay_100ns_3._intsig_a_\[4\]
  clkgen.delay_100ns_3.genblk1\[4\].delay_unit  (sky130_mm_sc_hd_dly5ns)  in
[1]  met2:
  PAR:    0.07  Ratio:    0.00       (Area)
  PAR:    0.37  Ratio: 2744.72       (S.Area)
  CAR:    0.09  Ratio:    0.00       (C.Area)
  CAR:    0.48  Ratio:    0.00       (C.S.Area)

[1]  met1:
  PAR:    0.02  Ratio:    0.00       (Area)
  PAR:    0.11  Ratio:  400.00       (S.Area)
  CAR:    0.02  Ratio:    0.00       (C.Area)
  CAR:    0.11  Ratio:    0.00       (C.S.Area)

[1]  li1:
  PAR:    0.00  Ratio:    0.00       (Area)
  PAR:    0.00  Ratio:   75.00       (S.Area)
  CAR:    0.00  Ratio:    0.00       (C.Area)
  CAR:    0.00  Ratio:    0.00       (C.S.Area)

[1]  M1M2_PR:
  PAR:    0.00  Ratio:    6.00       (Area)
  CAR:    0.01  Ratio:    0.00       (C.Area)

[1]  L1M1_PR_MR:
  PAR:    0.01  Ratio:    3.00       (Area)
  CAR:    0.01  Ratio:    0.00       (C.Area)


Net - clkgen.delay_100ns_3._intsig_a_\[5\]
  clkgen.delay_100ns_3.genblk1\[5\].delay_unit  (sky130_mm_sc_hd_dly5ns)  in
[1]  met2:
  PAR:    0.09  Ratio:    0.00       (Area)
  PAR:    0.46  Ratio: 2744.72       (S.Area)
  CAR:    0.10  Ratio:    0.00       (C.Area)
  CAR:    0.49  Ratio:    0.00       (C.S.Area)

[1]  met1:
  PAR:    0.00  Ratio:    0.00       (Area)
  PAR:    0.02  Ratio:  400.00       (S.Area)
  CAR:    0.01  Ratio:    0.00       (C.Area)
  CAR:    0.02  Ratio:    0.00       (C.S.Area)

[1]  li1:
  PAR:    0.00  Ratio:    0.00       (Area)
  PAR:    0.00  Ratio:   75.00       (S.Area)
  CAR:    0.00  Ratio:    0.00       (C.Area)
  CAR:    0.00  Ratio:    0.00       (C.S.Area)

[1]  M1M2_PR:
  PAR:    0.00  Ratio:    6.00       (Area)
  CAR:    0.01  Ratio:    0.00       (C.Area)

[1]  L1M1_PR_MR:
  PAR:    0.01  Ratio:    3.00       (Area)
  CAR:    0.01  Ratio:    0.00       (C.Area)


Net - clkgen.delay_100ns_3._intsig_a_\[6\]
  clkgen.delay_100ns_3.genblk1\[6\].delay_unit  (sky130_mm_sc_hd_dly5ns)  in
[1]  met2:
  PAR:    0.07  Ratio:    0.00       (Area)
  PAR:    0.37  Ratio: 2744.72       (S.Area)
  CAR:    0.08  Ratio:    0.00       (C.Area)
  CAR:    0.40  Ratio:    0.00       (C.S.Area)

[1]  met1:
  PAR:    0.00  Ratio:    0.00       (Area)
  PAR:    0.02  Ratio:  400.00       (S.Area)
  CAR:    0.01  Ratio:    0.00       (C.Area)
  CAR:    0.02  Ratio:    0.00       (C.S.Area)

[1]  li1:
  PAR:    0.00  Ratio:    0.00       (Area)
  PAR:    0.00  Ratio:   75.00       (S.Area)
  CAR:    0.00  Ratio:    0.00       (C.Area)
  CAR:    0.00  Ratio:    0.00       (C.S.Area)

[1]  M1M2_PR:
  PAR:    0.00  Ratio:    6.00       (Area)
  CAR:    0.01  Ratio:    0.00       (C.Area)

[1]  L1M1_PR_MR:
  PAR:    0.01  Ratio:    3.00       (Area)
  CAR:    0.01  Ratio:    0.00       (C.Area)


Net - clkgen.delay_100ns_3._intsig_a_\[7\]
  clkgen.delay_100ns_3.genblk1\[7\].delay_unit  (sky130_mm_sc_hd_dly5ns)  in
[1]  met2:
  PAR:    0.15  Ratio:    0.00       (Area)
  PAR:    0.78  Ratio: 2744.72       (S.Area)
  CAR:    0.16  Ratio:    0.00       (C.Area)
  CAR:    0.81  Ratio:    0.00       (C.S.Area)

[1]  met1:
  PAR:    0.00  Ratio:    0.00       (Area)
  PAR:    0.02  Ratio:  400.00       (S.Area)
  CAR:    0.01  Ratio:    0.00       (C.Area)
  CAR:    0.02  Ratio:    0.00       (C.S.Area)

[1]  li1:
  PAR:    0.00  Ratio:    0.00       (Area)
  PAR:    0.00  Ratio:   75.00       (S.Area)
  CAR:    0.00  Ratio:    0.00       (C.Area)
  CAR:    0.00  Ratio:    0.00       (C.S.Area)

[1]  M1M2_PR:
  PAR:    0.00  Ratio:    6.00       (Area)
  CAR:    0.01  Ratio:    0.00       (C.Area)

[1]  L1M1_PR_MR:
  PAR:    0.01  Ratio:    3.00       (Area)
  CAR:    0.01  Ratio:    0.00       (C.Area)


Net - clkgen.delay_100ns_3._intsig_a_\[8\]
  clkgen.delay_100ns_3.genblk1\[8\].delay_unit  (sky130_mm_sc_hd_dly5ns)  in
[1]  met2:
  PAR:    0.23  Ratio:    0.00       (Area)
  PAR:    1.19  Ratio: 2744.72       (S.Area)
  CAR:    0.29  Ratio:    0.00       (C.Area)
  CAR:    1.50  Ratio:    0.00       (C.S.Area)

[1]  met1:
  PAR:    0.06  Ratio:    0.00       (Area)
  PAR:    0.30  Ratio:  400.00       (S.Area)
  CAR:    0.06  Ratio:    0.00       (C.Area)
  CAR:    0.31  Ratio:    0.00       (C.S.Area)

[1]  li1:
  PAR:    0.00  Ratio:    0.00       (Area)
  PAR:    0.00  Ratio:   75.00       (S.Area)
  CAR:    0.00  Ratio:    0.00       (C.Area)
  CAR:    0.00  Ratio:    0.00       (C.S.Area)

[1]  M1M2_PR:
  PAR:    0.00  Ratio:    6.00       (Area)
  CAR:    0.01  Ratio:    0.00       (C.Area)

[1]  L1M1_PR_MR:
  PAR:    0.01  Ratio:    3.00       (Area)
  CAR:    0.01  Ratio:    0.00       (C.Area)


Net - clkgen.delay_100ns_3._intsig_a_\[9\]
  clkgen.delay_100ns_3.genblk1\[9\].delay_unit  (sky130_mm_sc_hd_dly5ns)  in
[1]  met2:
  PAR:    0.16  Ratio:    0.00       (Area)
  PAR:    0.86  Ratio: 2744.72       (S.Area)
  CAR:    0.17  Ratio:    0.00       (C.Area)
  CAR:    0.89  Ratio:    0.00       (C.S.Area)

[1]  met1:
  PAR:    0.00  Ratio:    0.00       (Area)
  PAR:    0.02  Ratio:  400.00       (S.Area)
  CAR:    0.01  Ratio:    0.00       (C.Area)
  CAR:    0.02  Ratio:    0.00       (C.S.Area)

[1]  li1:
  PAR:    0.00  Ratio:    0.00       (Area)
  PAR:    0.00  Ratio:   75.00       (S.Area)
  CAR:    0.00  Ratio:    0.00       (C.Area)
  CAR:    0.00  Ratio:    0.00       (C.S.Area)

[1]  M1M2_PR:
  PAR:    0.00  Ratio:    6.00       (Area)
  CAR:    0.01  Ratio:    0.00       (C.Area)

[1]  L1M1_PR_MR:
  PAR:    0.01  Ratio:    3.00       (Area)
  CAR:    0.01  Ratio:    0.00       (C.Area)


Net - edgedetect.delay_400ns._intsig_a_\[10\]
  edgedetect.delay_400ns.genblk1\[10\].delay_unit  (sky130_mm_sc_hd_dly5ns)  in
[1]  met2:
  PAR:    0.30  Ratio:    0.00       (Area)
  PAR:    1.65  Ratio: 2744.72       (S.Area)
  CAR:    0.39  Ratio:    0.00       (C.Area)
  CAR:    2.14  Ratio:    0.00       (C.S.Area)

[1]  met1:
  PAR:    0.09  Ratio:    0.00       (Area)
  PAR:    0.49  Ratio:  400.00       (S.Area)
  CAR:    0.09  Ratio:    0.00       (C.Area)
  CAR:    0.49  Ratio:    0.00       (C.S.Area)

[1]  li1:
  PAR:    0.00  Ratio:    0.00       (Area)
  PAR:    0.00  Ratio:   75.00       (S.Area)
  CAR:    0.00  Ratio:    0.00       (C.Area)
  CAR:    0.00  Ratio:    0.00       (C.S.Area)

[1]  M1M2_PR:
  PAR:    0.00  Ratio:    6.00       (Area)
  CAR:    0.01  Ratio:    0.00       (C.Area)

[1]  L1M1_PR_MR:
  PAR:    0.01  Ratio:    3.00       (Area)
  CAR:    0.01  Ratio:    0.00       (C.Area)


Net - edgedetect.delay_400ns._intsig_a_\[11\]
  edgedetect.delay_400ns.genblk1\[11\].delay_unit  (sky130_mm_sc_hd_dly5ns)  in
[1]  met2:
  PAR:    0.28  Ratio:    0.00       (Area)
  PAR:    1.50  Ratio: 2744.72       (S.Area)
  CAR:    0.40  Ratio:    0.00       (C.Area)
  CAR:    2.23  Ratio:    0.00       (C.S.Area)

[1]  met1:
  PAR:    0.12  Ratio:    0.00       (Area)
  PAR:    0.73  Ratio:  400.00       (S.Area)
  CAR:    0.12  Ratio:    0.00       (C.Area)
  CAR:    0.73  Ratio:    0.00       (C.S.Area)

[1]  li1:
  PAR:    0.00  Ratio:    0.00       (Area)
  PAR:    0.00  Ratio:   75.00       (S.Area)
  CAR:    0.00  Ratio:    0.00       (C.Area)
  CAR:    0.00  Ratio:    0.00       (C.S.Area)

[1]  M1M2_PR:
  PAR:    0.00  Ratio:    6.00       (Area)
  CAR:    0.01  Ratio:    0.00       (C.Area)

[1]  L1M1_PR_MR:
  PAR:    0.01  Ratio:    3.00       (Area)
  CAR:    0.01  Ratio:    0.00       (C.Area)


Net - edgedetect.delay_400ns._intsig_a_\[12\]
  edgedetect.delay_400ns.genblk1\[12\].delay_unit  (sky130_mm_sc_hd_dly5ns)  in
[1]  met2:
  PAR:    0.22  Ratio:    0.00       (Area)
  PAR:    1.23  Ratio: 2744.72       (S.Area)
  CAR:    0.34  Ratio:    0.00       (C.Area)
  CAR:    1.87  Ratio:    0.00       (C.S.Area)

[1]  met1:
  PAR:    0.11  Ratio:    0.00       (Area)
  PAR:    0.64  Ratio:  400.00       (S.Area)
  CAR:    0.11  Ratio:    0.00       (C.Area)
  CAR:    0.64  Ratio:    0.00       (C.S.Area)

[1]  li1:
  PAR:    0.00  Ratio:    0.00       (Area)
  PAR:    0.00  Ratio:   75.00       (S.Area)
  CAR:    0.00  Ratio:    0.00       (C.Area)
  CAR:    0.00  Ratio:    0.00       (C.S.Area)

[1]  M1M2_PR:
  PAR:    0.00  Ratio:    6.00       (Area)
  CAR:    0.01  Ratio:    0.00       (C.Area)

[1]  L1M1_PR_MR:
  PAR:    0.01  Ratio:    3.00       (Area)
  CAR:    0.01  Ratio:    0.00       (C.Area)


Net - edgedetect.delay_400ns._intsig_a_\[13\]
  edgedetect.delay_400ns.genblk1\[13\].delay_unit  (sky130_mm_sc_hd_dly5ns)  in
[1]  met2:
  PAR:    1.03  Ratio:    0.00       (Area)
  PAR:    5.17  Ratio: 2744.72       (S.Area)
  CAR:    1.11  Ratio:    0.00       (C.Area)
  CAR:    5.61  Ratio:    0.00       (C.S.Area)

[1]  met1:
  PAR:    0.08  Ratio:    0.00       (Area)
  PAR:    0.44  Ratio:  400.00       (S.Area)
  CAR:    0.09  Ratio:    0.00       (C.Area)
  CAR:    0.44  Ratio:    0.00       (C.S.Area)

[1]  li1:
  PAR:    0.00  Ratio:    0.00       (Area)
  PAR:    0.00  Ratio:   75.00       (S.Area)
  CAR:    0.00  Ratio:    0.00       (C.Area)
  CAR:    0.00  Ratio:    0.00       (C.S.Area)

[1]  M1M2_PR:
  PAR:    0.00  Ratio:    6.00       (Area)
  CAR:    0.01  Ratio:    0.00       (C.Area)

[1]  L1M1_PR_MR:
  PAR:    0.01  Ratio:    3.00       (Area)
  CAR:    0.01  Ratio:    0.00       (C.Area)


Net - edgedetect.delay_400ns._intsig_a_\[14\]
  edgedetect.delay_400ns.genblk1\[14\].delay_unit  (sky130_mm_sc_hd_dly5ns)  in
[1]  met2:
  PAR:    0.82  Ratio:    0.00       (Area)
  PAR:    4.21  Ratio: 2744.72       (S.Area)
  CAR:    0.99  Ratio:    0.00       (C.Area)
  CAR:    5.10  Ratio:    0.00       (C.S.Area)

[1]  met1:
  PAR:    0.17  Ratio:    0.00       (Area)
  PAR:    0.88  Ratio:  400.00       (S.Area)
  CAR:    0.17  Ratio:    0.00       (C.Area)
  CAR:    0.89  Ratio:    0.00       (C.S.Area)

[1]  li1:
  PAR:    0.00  Ratio:    0.00       (Area)
  PAR:    0.00  Ratio:   75.00       (S.Area)
  CAR:    0.00  Ratio:    0.00       (C.Area)
  CAR:    0.00  Ratio:    0.00       (C.S.Area)

[1]  M1M2_PR:
  PAR:    0.00  Ratio:    6.00       (Area)
  CAR:    0.01  Ratio:    0.00       (C.Area)

[1]  L1M1_PR_MR:
  PAR:    0.01  Ratio:    3.00       (Area)
  CAR:    0.01  Ratio:    0.00       (C.Area)


Net - edgedetect.delay_400ns._intsig_a_\[15\]
  edgedetect.delay_400ns.genblk1\[15\].delay_unit  (sky130_mm_sc_hd_dly5ns)  in
[1]  met2:
  PAR:    0.86  Ratio:    0.00       (Area)
  PAR:    4.36  Ratio: 2744.72       (S.Area)
  CAR:    0.91  Ratio:    0.00       (C.Area)
  CAR:    4.60  Ratio:    0.00       (C.S.Area)

[1]  met1:
  PAR:    0.04  Ratio:    0.00       (Area)
  PAR:    0.24  Ratio:  400.00       (S.Area)
  CAR:    0.05  Ratio:    0.00       (C.Area)
  CAR:    0.24  Ratio:    0.00       (C.S.Area)

[1]  li1:
  PAR:    0.00  Ratio:    0.00       (Area)
  PAR:    0.00  Ratio:   75.00       (S.Area)
  CAR:    0.00  Ratio:    0.00       (C.Area)
  CAR:    0.00  Ratio:    0.00       (C.S.Area)

[1]  M1M2_PR:
  PAR:    0.00  Ratio:    6.00       (Area)
  CAR:    0.01  Ratio:    0.00       (C.Area)

[1]  L1M1_PR_MR:
  PAR:    0.01  Ratio:    3.00       (Area)
  CAR:    0.01  Ratio:    0.00       (C.Area)


Net - edgedetect.delay_400ns._intsig_a_\[16\]
  edgedetect.delay_400ns.genblk1\[16\].delay_unit  (sky130_mm_sc_hd_dly5ns)  in
[1]  met2:
  PAR:    1.46  Ratio:    0.00       (Area)
  PAR:    7.31  Ratio: 2744.72       (S.Area)
  CAR:    1.52  Ratio:    0.00       (C.Area)
  CAR:    7.62  Ratio:    0.00       (C.S.Area)

[1]  met1:
  PAR:    0.06  Ratio:    0.00       (Area)
  PAR:    0.30  Ratio:  400.00       (S.Area)
  CAR:    0.06  Ratio:    0.00       (C.Area)
  CAR:    0.31  Ratio:    0.00       (C.S.Area)

[1]  li1:
  PAR:    0.00  Ratio:    0.00       (Area)
  PAR:    0.00  Ratio:   75.00       (S.Area)
  CAR:    0.00  Ratio:    0.00       (C.Area)
  CAR:    0.00  Ratio:    0.00       (C.S.Area)

[1]  M1M2_PR:
  PAR:    0.00  Ratio:    6.00       (Area)
  CAR:    0.01  Ratio:    0.00       (C.Area)

[1]  L1M1_PR_MR:
  PAR:    0.01  Ratio:    3.00       (Area)
  CAR:    0.01  Ratio:    0.00       (C.Area)


Net - edgedetect.delay_400ns._intsig_a_\[17\]
  edgedetect.delay_400ns.genblk1\[17\].delay_unit  (sky130_mm_sc_hd_dly5ns)  in
[1]  met2:
  PAR:    1.30  Ratio:    0.00       (Area)
  PAR:    6.54  Ratio: 2744.72       (S.Area)
  CAR:    1.33  Ratio:    0.00       (C.Area)
  CAR:    6.73  Ratio:    0.00       (C.S.Area)

[1]  met1:
  PAR:    0.02  Ratio:    0.00       (Area)
  PAR:    0.18  Ratio:  400.00       (S.Area)
  CAR:    0.03  Ratio:    0.00       (C.Area)
  CAR:    0.18  Ratio:    0.00       (C.S.Area)

[1]  li1:
  PAR:    0.00  Ratio:    0.00       (Area)
  PAR:    0.00  Ratio:   75.00       (S.Area)
  CAR:    0.00  Ratio:    0.00       (C.Area)
  CAR:    0.00  Ratio:    0.00       (C.S.Area)

[1]  M1M2_PR:
  PAR:    0.00  Ratio:    6.00       (Area)
  CAR:    0.01  Ratio:    0.00       (C.Area)

[1]  L1M1_PR_M:
  PAR:    0.01  Ratio:    3.00       (Area)
  CAR:    0.01  Ratio:    0.00       (C.Area)


Net - edgedetect.delay_400ns._intsig_a_\[18\]
  edgedetect.delay_400ns.genblk1\[18\].delay_unit  (sky130_mm_sc_hd_dly5ns)  in
[1]  met2:
  PAR:    0.22  Ratio:    0.00       (Area)
  PAR:    1.10  Ratio: 2744.72       (S.Area)
  CAR:    0.22  Ratio:    0.00       (C.Area)
  CAR:    1.12  Ratio:    0.00       (C.S.Area)

[1]  met1:
  PAR:    0.00  Ratio:    0.00       (Area)
  PAR:    0.02  Ratio:  400.00       (S.Area)
  CAR:    0.01  Ratio:    0.00       (C.Area)
  CAR:    0.02  Ratio:    0.00       (C.S.Area)

[1]  li1:
  PAR:    0.00  Ratio:    0.00       (Area)
  PAR:    0.00  Ratio:   75.00       (S.Area)
  CAR:    0.00  Ratio:    0.00       (C.Area)
  CAR:    0.00  Ratio:    0.00       (C.S.Area)

[1]  M1M2_PR:
  PAR:    0.00  Ratio:    6.00       (Area)
  CAR:    0.01  Ratio:    0.00       (C.Area)

[1]  L1M1_PR_MR:
  PAR:    0.01  Ratio:    3.00       (Area)
  CAR:    0.01  Ratio:    0.00       (C.Area)


Net - edgedetect.delay_400ns._intsig_a_\[19\]
  edgedetect.delay_400ns.genblk1\[19\].delay_unit  (sky130_mm_sc_hd_dly5ns)  in
[1]  met2:
  PAR:    1.45  Ratio:    0.00       (Area)
  PAR:    7.37  Ratio: 2744.72       (S.Area)
  CAR:    1.54  Ratio:    0.00       (C.Area)
  CAR:    7.81  Ratio:    0.00       (C.S.Area)

[1]  met1:
  PAR:    0.08  Ratio:    0.00       (Area)
  PAR:    0.44  Ratio:  400.00       (S.Area)
  CAR:    0.09  Ratio:    0.00       (C.Area)
  CAR:    0.44  Ratio:    0.00       (C.S.Area)

[1]  li1:
  PAR:    0.00  Ratio:    0.00       (Area)
  PAR:    0.00  Ratio:   75.00       (S.Area)
  CAR:    0.00  Ratio:    0.00       (C.Area)
  CAR:    0.00  Ratio:    0.00       (C.S.Area)

[1]  M1M2_PR:
  PAR:    0.00  Ratio:    6.00       (Area)
  CAR:    0.01  Ratio:    0.00       (C.Area)

[1]  L1M1_PR_MR:
  PAR:    0.01  Ratio:    3.00       (Area)
  CAR:    0.01  Ratio:    0.00       (C.Area)


Net - edgedetect.delay_400ns._intsig_a_\[20\]
  edgedetect.delay_400ns.genblk1\[20\].delay_unit  (sky130_mm_sc_hd_dly5ns)  in
[1]  met2:
  PAR:    1.52  Ratio:    0.00       (Area)
  PAR:    7.73  Ratio: 2744.72       (S.Area)
  CAR:    1.59  Ratio:    0.00       (C.Area)
  CAR:    8.10  Ratio:    0.00       (C.S.Area)

[1]  met1:
  PAR:    0.07  Ratio:    0.00       (Area)
  PAR:    0.37  Ratio:  400.00       (S.Area)
  CAR:    0.07  Ratio:    0.00       (C.Area)
  CAR:    0.37  Ratio:    0.00       (C.S.Area)

[1]  li1:
  PAR:    0.00  Ratio:    0.00       (Area)
  PAR:    0.00  Ratio:   75.00       (S.Area)
  CAR:    0.00  Ratio:    0.00       (C.Area)
  CAR:    0.00  Ratio:    0.00       (C.S.Area)

[1]  M1M2_PR:
  PAR:    0.00  Ratio:    6.00       (Area)
  CAR:    0.01  Ratio:    0.00       (C.Area)

[1]  L1M1_PR_MR:
  PAR:    0.01  Ratio:    3.00       (Area)
  CAR:    0.01  Ratio:    0.00       (C.Area)


Net - edgedetect.delay_400ns._intsig_a_\[21\]
  edgedetect.delay_400ns.genblk1\[21\].delay_unit  (sky130_mm_sc_hd_dly5ns)  in
[1]  met2:
  PAR:    1.40  Ratio:    0.00       (Area)
  PAR:    7.13  Ratio: 2744.72       (S.Area)
  CAR:    1.41  Ratio:    0.00       (C.Area)
  CAR:    7.15  Ratio:    0.00       (C.S.Area)

[1]  met1:
  PAR:    0.00  Ratio:    0.00       (Area)
  PAR:    0.02  Ratio:  400.00       (S.Area)
  CAR:    0.01  Ratio:    0.00       (C.Area)
  CAR:    0.02  Ratio:    0.00       (C.S.Area)

[1]  li1:
  PAR:    0.00  Ratio:    0.00       (Area)
  PAR:    0.00  Ratio:   75.00       (S.Area)
  CAR:    0.00  Ratio:    0.00       (C.Area)
  CAR:    0.00  Ratio:    0.00       (C.S.Area)

[1]  M1M2_PR:
  PAR:    0.00  Ratio:    6.00       (Area)
  CAR:    0.01  Ratio:    0.00       (C.Area)

[1]  L1M1_PR_MR:
  PAR:    0.01  Ratio:    3.00       (Area)
  CAR:    0.01  Ratio:    0.00       (C.Area)


Net - edgedetect.delay_400ns._intsig_a_\[22\]
  edgedetect.delay_400ns.genblk1\[22\].delay_unit  (sky130_mm_sc_hd_dly5ns)  in
[1]  met2:
  PAR:    1.09  Ratio:    0.00       (Area)
  PAR:    5.49  Ratio: 2744.72       (S.Area)
  CAR:    1.16  Ratio:    0.00       (C.Area)
  CAR:    5.87  Ratio:    0.00       (C.S.Area)

[1]  met1:
  PAR:    0.07  Ratio:    0.00       (Area)
  PAR:    0.37  Ratio:  400.00       (S.Area)
  CAR:    0.07  Ratio:    0.00       (C.Area)
  CAR:    0.37  Ratio:    0.00       (C.S.Area)

[1]  li1:
  PAR:    0.00  Ratio:    0.00       (Area)
  PAR:    0.00  Ratio:   75.00       (S.Area)
  CAR:    0.00  Ratio:    0.00       (C.Area)
  CAR:    0.00  Ratio:    0.00       (C.S.Area)

[1]  M1M2_PR:
  PAR:    0.00  Ratio:    6.00       (Area)
  CAR:    0.01  Ratio:    0.00       (C.Area)

[1]  L1M1_PR_MR:
  PAR:    0.01  Ratio:    3.00       (Area)
  CAR:    0.01  Ratio:    0.00       (C.Area)


Net - edgedetect.delay_400ns._intsig_a_\[23\]
  edgedetect.delay_400ns.genblk1\[23\].delay_unit  (sky130_mm_sc_hd_dly5ns)  in
[1]  met2:
  PAR:    0.22  Ratio:    0.00       (Area)
  PAR:    1.10  Ratio: 2744.72       (S.Area)
  CAR:    0.22  Ratio:    0.00       (C.Area)
  CAR:    1.12  Ratio:    0.00       (C.S.Area)

[1]  met1:
  PAR:    0.00  Ratio:    0.00       (Area)
  PAR:    0.02  Ratio:  400.00       (S.Area)
  CAR:    0.01  Ratio:    0.00       (C.Area)
  CAR:    0.02  Ratio:    0.00       (C.S.Area)

[1]  li1:
  PAR:    0.00  Ratio:    0.00       (Area)
  PAR:    0.00  Ratio:   75.00       (S.Area)
  CAR:    0.00  Ratio:    0.00       (C.Area)
  CAR:    0.00  Ratio:    0.00       (C.S.Area)

[1]  M1M2_PR:
  PAR:    0.00  Ratio:    6.00       (Area)
  CAR:    0.01  Ratio:    0.00       (C.Area)

[1]  L1M1_PR_MR:
  PAR:    0.01  Ratio:    3.00       (Area)
  CAR:    0.01  Ratio:    0.00       (C.Area)


Net - edgedetect.delay_400ns._intsig_a_\[24\]
  edgedetect.delay_400ns.genblk1\[24\].delay_unit  (sky130_mm_sc_hd_dly5ns)  in
[1]  met2:
  PAR:    0.90  Ratio:    0.00       (Area)
  PAR:    4.60  Ratio: 2744.72       (S.Area)
  CAR:    0.96  Ratio:    0.00       (C.Area)
  CAR:    4.97  Ratio:    0.00       (C.S.Area)

[1]  met1:
  PAR:    0.06  Ratio:    0.00       (Area)
  PAR:    0.37  Ratio:  400.00       (S.Area)
  CAR:    0.07  Ratio:    0.00       (C.Area)
  CAR:    0.37  Ratio:    0.00       (C.S.Area)

[1]  li1:
  PAR:    0.00  Ratio:    0.00       (Area)
  PAR:    0.00  Ratio:   75.00       (S.Area)
  CAR:    0.00  Ratio:    0.00       (C.Area)
  CAR:    0.00  Ratio:    0.00       (C.S.Area)

[1]  M1M2_PR:
  PAR:    0.00  Ratio:    6.00       (Area)
  CAR:    0.01  Ratio:    0.00       (C.Area)

[1]  L1M1_PR_MR:
  PAR:    0.01  Ratio:    3.00       (Area)
  CAR:    0.01  Ratio:    0.00       (C.Area)


Net - edgedetect.delay_400ns._intsig_a_\[25\]
  edgedetect.delay_400ns.genblk1\[25\].delay_unit  (sky130_mm_sc_hd_dly5ns)  in
[1]  met2:
  PAR:    1.73  Ratio:    0.00       (Area)
  PAR:    8.68  Ratio: 2744.72       (S.Area)
  CAR:    1.74  Ratio:    0.00       (C.Area)
  CAR:    8.70  Ratio:    0.00       (C.S.Area)

[1]  met1:
  PAR:    0.00  Ratio:    0.00       (Area)
  PAR:    0.02  Ratio:  400.00       (S.Area)
  CAR:    0.01  Ratio:    0.00       (C.Area)
  CAR:    0.02  Ratio:    0.00       (C.S.Area)

[1]  li1:
  PAR:    0.00  Ratio:    0.00       (Area)
  PAR:    0.00  Ratio:   75.00       (S.Area)
  CAR:    0.00  Ratio:    0.00       (C.Area)
  CAR:    0.00  Ratio:    0.00       (C.S.Area)

[1]  M1M2_PR:
  PAR:    0.00  Ratio:    6.00       (Area)
  CAR:    0.01  Ratio:    0.00       (C.Area)

[1]  L1M1_PR_MR:
  PAR:    0.01  Ratio:    3.00       (Area)
  CAR:    0.01  Ratio:    0.00       (C.Area)


Net - edgedetect.delay_400ns._intsig_a_\[26\]
  edgedetect.delay_400ns.genblk1\[26\].delay_unit  (sky130_mm_sc_hd_dly5ns)  in
[1]  met2:
  PAR:    1.59  Ratio:    0.00       (Area)
  PAR:    7.95  Ratio: 2744.72       (S.Area)
  CAR:    1.59  Ratio:    0.00       (C.Area)
  CAR:    7.97  Ratio:    0.00       (C.S.Area)

[1]  met1:
  PAR:    0.00  Ratio:    0.00       (Area)
  PAR:    0.02  Ratio:  400.00       (S.Area)
  CAR:    0.01  Ratio:    0.00       (C.Area)
  CAR:    0.02  Ratio:    0.00       (C.S.Area)

[1]  li1:
  PAR:    0.00  Ratio:    0.00       (Area)
  PAR:    0.00  Ratio:   75.00       (S.Area)
  CAR:    0.00  Ratio:    0.00       (C.Area)
  CAR:    0.00  Ratio:    0.00       (C.S.Area)

[1]  M1M2_PR:
  PAR:    0.00  Ratio:    6.00       (Area)
  CAR:    0.01  Ratio:    0.00       (C.Area)

[1]  L1M1_PR_MR:
  PAR:    0.01  Ratio:    3.00       (Area)
  CAR:    0.01  Ratio:    0.00       (C.Area)


Net - edgedetect.delay_400ns._intsig_a_\[27\]
  edgedetect.delay_400ns.genblk1\[27\].delay_unit  (sky130_mm_sc_hd_dly5ns)  in
[1]  met2:
  PAR:    1.51  Ratio:    0.00       (Area)
  PAR:    7.75  Ratio: 2744.72       (S.Area)
  CAR:    1.64  Ratio:    0.00       (C.Area)
  CAR:    8.38  Ratio:    0.00       (C.S.Area)

[1]  met1:
  PAR:    0.12  Ratio:    0.00       (Area)
  PAR:    0.63  Ratio:  400.00       (S.Area)
  CAR:    0.13  Ratio:    0.00       (C.Area)
  CAR:    0.64  Ratio:    0.00       (C.S.Area)

[1]  li1:
  PAR:    0.00  Ratio:    0.00       (Area)
  PAR:    0.00  Ratio:   75.00       (S.Area)
  CAR:    0.00  Ratio:    0.00       (C.Area)
  CAR:    0.00  Ratio:    0.00       (C.S.Area)

[1]  M1M2_PR:
  PAR:    0.00  Ratio:    6.00       (Area)
  CAR:    0.01  Ratio:    0.00       (C.Area)

[1]  L1M1_PR_MR:
  PAR:    0.01  Ratio:    3.00       (Area)
  CAR:    0.01  Ratio:    0.00       (C.Area)


Net - edgedetect.delay_400ns._intsig_a_\[28\]
  edgedetect.delay_400ns.genblk1\[28\].delay_unit  (sky130_mm_sc_hd_dly5ns)  in
[1]  met2:
  PAR:    1.29  Ratio:    0.00       (Area)
  PAR:    6.60  Ratio: 2744.72       (S.Area)
  CAR:    1.39  Ratio:    0.00       (C.Area)
  CAR:    7.11  Ratio:    0.00       (C.S.Area)

[1]  met1:
  PAR:    0.09  Ratio:    0.00       (Area)
  PAR:    0.51  Ratio:  400.00       (S.Area)
  CAR:    0.09  Ratio:    0.00       (C.Area)
  CAR:    0.51  Ratio:    0.00       (C.S.Area)

[1]  li1:
  PAR:    0.00  Ratio:    0.00       (Area)
  PAR:    0.00  Ratio:   75.00       (S.Area)
  CAR:    0.00  Ratio:    0.00       (C.Area)
  CAR:    0.00  Ratio:    0.00       (C.S.Area)

[1]  M1M2_PR:
  PAR:    0.00  Ratio:    6.00       (Area)
  CAR:    0.01  Ratio:    0.00       (C.Area)

[1]  L1M1_PR_MR:
  PAR:    0.01  Ratio:    3.00       (Area)
  CAR:    0.01  Ratio:    0.00       (C.Area)


Net - edgedetect.delay_400ns._intsig_a_\[29\]
  edgedetect.delay_400ns.genblk1\[29\].delay_unit  (sky130_mm_sc_hd_dly5ns)  in
[1]  met2:
  PAR:    1.06  Ratio:    0.00       (Area)
  PAR:    5.43  Ratio: 2744.72       (S.Area)
  CAR:    1.07  Ratio:    0.00       (C.Area)
  CAR:    5.46  Ratio:    0.00       (C.S.Area)

[1]  met1:
  PAR:    0.00  Ratio:    0.00       (Area)
  PAR:    0.02  Ratio:  400.00       (S.Area)
  CAR:    0.01  Ratio:    0.00       (C.Area)
  CAR:    0.02  Ratio:    0.00       (C.S.Area)

[1]  li1:
  PAR:    0.00  Ratio:    0.00       (Area)
  PAR:    0.00  Ratio:   75.00       (S.Area)
  CAR:    0.00  Ratio:    0.00       (C.Area)
  CAR:    0.00  Ratio:    0.00       (C.S.Area)

[1]  M1M2_PR:
  PAR:    0.00  Ratio:    6.00       (Area)
  CAR:    0.01  Ratio:    0.00       (C.Area)

[1]  L1M1_PR_MR:
  PAR:    0.01  Ratio:    3.00       (Area)
  CAR:    0.01  Ratio:    0.00       (C.Area)


Net - edgedetect.delay_400ns._intsig_a_\[2\]
  edgedetect.delay_400ns.genblk1\[2\].delay_unit  (sky130_mm_sc_hd_dly5ns)  in
[1]  met2:
  PAR:    0.51  Ratio:    0.00       (Area)
  PAR:    2.55  Ratio: 2744.72       (S.Area)
  CAR:    0.54  Ratio:    0.00       (C.Area)
  CAR:    2.73  Ratio:    0.00       (C.S.Area)

[1]  met1:
  PAR:    0.03  Ratio:    0.00       (Area)
  PAR:    0.17  Ratio:  400.00       (S.Area)
  CAR:    0.03  Ratio:    0.00       (C.Area)
  CAR:    0.18  Ratio:    0.00       (C.S.Area)

[1]  li1:
  PAR:    0.00  Ratio:    0.00       (Area)
  PAR:    0.00  Ratio:   75.00       (S.Area)
  CAR:    0.00  Ratio:    0.00       (C.Area)
  CAR:    0.00  Ratio:    0.00       (C.S.Area)

[1]  M1M2_PR:
  PAR:    0.00  Ratio:    6.00       (Area)
  CAR:    0.01  Ratio:    0.00       (C.Area)

[1]  L1M1_PR_MR:
  PAR:    0.01  Ratio:    3.00       (Area)
  CAR:    0.01  Ratio:    0.00       (C.Area)


Net - edgedetect.delay_400ns._intsig_a_\[30\]
  edgedetect.delay_400ns.genblk1\[30\].delay_unit  (sky130_mm_sc_hd_dly5ns)  in
[1]  met2:
  PAR:    0.80  Ratio:    0.00       (Area)
  PAR:    4.00  Ratio: 2744.72       (S.Area)
  CAR:    0.82  Ratio:    0.00       (C.Area)
  CAR:    4.11  Ratio:    0.00       (C.S.Area)

[1]  met1:
  PAR:    0.02  Ratio:    0.00       (Area)
  PAR:    0.11  Ratio:  400.00       (S.Area)
  CAR:    0.02  Ratio:    0.00       (C.Area)
  CAR:    0.11  Ratio:    0.00       (C.S.Area)

[1]  li1:
  PAR:    0.00  Ratio:    0.00       (Area)
  PAR:    0.00  Ratio:   75.00       (S.Area)
  CAR:    0.00  Ratio:    0.00       (C.Area)
  CAR:    0.00  Ratio:    0.00       (C.S.Area)

[1]  M1M2_PR:
  PAR:    0.00  Ratio:    6.00       (Area)
  CAR:    0.01  Ratio:    0.00       (C.Area)

[1]  L1M1_PR_MR:
  PAR:    0.01  Ratio:    3.00       (Area)
  CAR:    0.01  Ratio:    0.00       (C.Area)


Net - edgedetect.delay_400ns._intsig_a_\[31\]
  edgedetect.delay_400ns.genblk1\[31\].delay_unit  (sky130_mm_sc_hd_dly5ns)  in
[1]  met2:
  PAR:    0.68  Ratio:    0.00       (Area)
  PAR:    3.47  Ratio: 2744.72       (S.Area)
  CAR:    1.64  Ratio:    0.00       (C.Area)
  CAR:    8.26  Ratio:    0.00       (C.S.Area)

[1]  met1:
  PAR:    0.95  Ratio:    0.00       (Area)
  PAR:    4.79  Ratio:  400.00       (S.Area)
  CAR:    0.96  Ratio:    0.00       (C.Area)
  CAR:    4.79  Ratio:    0.00       (C.S.Area)

[1]  li1:
  PAR:    0.00  Ratio:    0.00       (Area)
  PAR:    0.00  Ratio:   75.00       (S.Area)
  CAR:    0.00  Ratio:    0.00       (C.Area)
  CAR:    0.00  Ratio:    0.00       (C.S.Area)

[1]  M1M2_PR:
  PAR:    0.00  Ratio:    6.00       (Area)
  CAR:    0.01  Ratio:    0.00       (C.Area)

[1]  L1M1_PR_MR:
  PAR:    0.01  Ratio:    3.00       (Area)
  CAR:    0.01  Ratio:    0.00       (C.Area)


Net - edgedetect.delay_400ns._intsig_a_\[32\]
  edgedetect.delay_400ns.genblk1\[32\].delay_unit  (sky130_mm_sc_hd_dly5ns)  in
[1]  met2:
  PAR:    1.91  Ratio:    0.00       (Area)
  PAR:    9.59  Ratio: 2744.72       (S.Area)
  CAR:    1.91  Ratio:    0.00       (C.Area)
  CAR:    9.61  Ratio:    0.00       (C.S.Area)

[1]  met1:
  PAR:    0.00  Ratio:    0.00       (Area)
  PAR:    0.02  Ratio:  400.00       (S.Area)
  CAR:    0.01  Ratio:    0.00       (C.Area)
  CAR:    0.02  Ratio:    0.00       (C.S.Area)

[1]  li1:
  PAR:    0.00  Ratio:    0.00       (Area)
  PAR:    0.00  Ratio:   75.00       (S.Area)
  CAR:    0.00  Ratio:    0.00       (C.Area)
  CAR:    0.00  Ratio:    0.00       (C.S.Area)

[1]  M1M2_PR:
  PAR:    0.00  Ratio:    6.00       (Area)
  CAR:    0.01  Ratio:    0.00       (C.Area)

[1]  L1M1_PR_MR:
  PAR:    0.01  Ratio:    3.00       (Area)
  CAR:    0.01  Ratio:    0.00       (C.Area)


Net - edgedetect.delay_400ns._intsig_a_\[33\]
  edgedetect.delay_400ns.genblk1\[33\].delay_unit  (sky130_mm_sc_hd_dly5ns)  in
[1]  met2:
  PAR:    1.77  Ratio:    0.00       (Area)
  PAR:    8.93  Ratio: 2744.72       (S.Area)
  CAR:    1.82  Ratio:    0.00       (C.Area)
  CAR:    9.17  Ratio:    0.00       (C.S.Area)

[1]  met1:
  PAR:    0.04  Ratio:    0.00       (Area)
  PAR:    0.24  Ratio:  400.00       (S.Area)
  CAR:    0.05  Ratio:    0.00       (C.Area)
  CAR:    0.24  Ratio:    0.00       (C.S.Area)

[1]  li1:
  PAR:    0.00  Ratio:    0.00       (Area)
  PAR:    0.00  Ratio:   75.00       (S.Area)
  CAR:    0.00  Ratio:    0.00       (C.Area)
  CAR:    0.00  Ratio:    0.00       (C.S.Area)

[1]  M1M2_PR:
  PAR:    0.00  Ratio:    6.00       (Area)
  CAR:    0.01  Ratio:    0.00       (C.Area)

[1]  L1M1_PR_MR:
  PAR:    0.01  Ratio:    3.00       (Area)
  CAR:    0.01  Ratio:    0.00       (C.Area)


Net - edgedetect.delay_400ns._intsig_a_\[34\]
  edgedetect.delay_400ns.genblk1\[34\].delay_unit  (sky130_mm_sc_hd_dly5ns)  in
[1]  met2:
  PAR:    1.66  Ratio:    0.00       (Area)
  PAR:    8.47  Ratio: 2744.72       (S.Area)
  CAR:    1.72  Ratio:    0.00       (C.Area)
  CAR:    8.78  Ratio:    0.00       (C.S.Area)

[1]  met1:
  PAR:    0.06  Ratio:    0.00       (Area)
  PAR:    0.30  Ratio:  400.00       (S.Area)
  CAR:    0.06  Ratio:    0.00       (C.Area)
  CAR:    0.31  Ratio:    0.00       (C.S.Area)

[1]  li1:
  PAR:    0.00  Ratio:    0.00       (Area)
  PAR:    0.00  Ratio:   75.00       (S.Area)
  CAR:    0.00  Ratio:    0.00       (C.Area)
  CAR:    0.00  Ratio:    0.00       (C.S.Area)

[1]  M1M2_PR:
  PAR:    0.00  Ratio:    6.00       (Area)
  CAR:    0.01  Ratio:    0.00       (C.Area)

[1]  L1M1_PR_MR:
  PAR:    0.01  Ratio:    3.00       (Area)
  CAR:    0.01  Ratio:    0.00       (C.Area)


Net - edgedetect.delay_400ns._intsig_a_\[35\]
  edgedetect.delay_400ns.genblk1\[35\].delay_unit  (sky130_mm_sc_hd_dly5ns)  in
[1]  met2:
  PAR:    1.38  Ratio:    0.00       (Area)
  PAR:    6.91  Ratio: 2744.72       (S.Area)
  CAR:    1.42  Ratio:    0.00       (C.Area)
  CAR:    7.15  Ratio:    0.00       (C.S.Area)

[1]  met1:
  PAR:    0.04  Ratio:    0.00       (Area)
  PAR:    0.24  Ratio:  400.00       (S.Area)
  CAR:    0.05  Ratio:    0.00       (C.Area)
  CAR:    0.24  Ratio:    0.00       (C.S.Area)

[1]  li1:
  PAR:    0.00  Ratio:    0.00       (Area)
  PAR:    0.00  Ratio:   75.00       (S.Area)
  CAR:    0.00  Ratio:    0.00       (C.Area)
  CAR:    0.00  Ratio:    0.00       (C.S.Area)

[1]  M1M2_PR:
  PAR:    0.00  Ratio:    6.00       (Area)
  CAR:    0.01  Ratio:    0.00       (C.Area)

[1]  L1M1_PR_MR:
  PAR:    0.01  Ratio:    3.00       (Area)
  CAR:    0.01  Ratio:    0.00       (C.Area)


Net - edgedetect.delay_400ns._intsig_a_\[36\]
  edgedetect.delay_400ns.genblk1\[36\].delay_unit  (sky130_mm_sc_hd_dly5ns)  in
[1]  met2:
  PAR:    1.31  Ratio:    0.00       (Area)
  PAR:    6.67  Ratio: 2744.72       (S.Area)
  CAR:    1.44  Ratio:    0.00       (C.Area)
  CAR:    7.31  Ratio:    0.00       (C.S.Area)

[1]  met1:
  PAR:    0.12  Ratio:    0.00       (Area)
  PAR:    0.63  Ratio:  400.00       (S.Area)
  CAR:    0.13  Ratio:    0.00       (C.Area)
  CAR:    0.64  Ratio:    0.00       (C.S.Area)

[1]  li1:
  PAR:    0.00  Ratio:    0.00       (Area)
  PAR:    0.00  Ratio:   75.00       (S.Area)
  CAR:    0.00  Ratio:    0.00       (C.Area)
  CAR:    0.00  Ratio:    0.00       (C.S.Area)

[1]  M1M2_PR:
  PAR:    0.00  Ratio:    6.00       (Area)
  CAR:    0.01  Ratio:    0.00       (C.Area)

[1]  L1M1_PR_MR:
  PAR:    0.01  Ratio:    3.00       (Area)
  CAR:    0.01  Ratio:    0.00       (C.Area)


Net - edgedetect.delay_400ns._intsig_a_\[37\]
  edgedetect.delay_400ns.genblk1\[37\].delay_unit  (sky130_mm_sc_hd_dly5ns)  in
[1]  met2:
  PAR:    0.97  Ratio:    0.00       (Area)
  PAR:    4.93  Ratio: 2744.72       (S.Area)
  CAR:    1.16  Ratio:    0.00       (C.Area)
  CAR:    5.95  Ratio:    0.00       (C.S.Area)

[1]  met1:
  PAR:    0.20  Ratio:    0.00       (Area)
  PAR:    1.02  Ratio:  400.00       (S.Area)
  CAR:    0.20  Ratio:    0.00       (C.Area)
  CAR:    1.02  Ratio:    0.00       (C.S.Area)

[1]  li1:
  PAR:    0.00  Ratio:    0.00       (Area)
  PAR:    0.00  Ratio:   75.00       (S.Area)
  CAR:    0.00  Ratio:    0.00       (C.Area)
  CAR:    0.00  Ratio:    0.00       (C.S.Area)

[1]  M1M2_PR:
  PAR:    0.00  Ratio:    6.00       (Area)
  CAR:    0.01  Ratio:    0.00       (C.Area)

[1]  L1M1_PR_MR:
  PAR:    0.01  Ratio:    3.00       (Area)
  CAR:    0.01  Ratio:    0.00       (C.Area)


Net - edgedetect.delay_400ns._intsig_a_\[38\]
  edgedetect.delay_400ns.genblk1\[38\].delay_unit  (sky130_mm_sc_hd_dly5ns)  in
[1]  met2:
  PAR:    0.66  Ratio:    0.00       (Area)
  PAR:    3.31  Ratio: 2744.72       (S.Area)
  CAR:    1.36  Ratio:    0.00       (C.Area)
  CAR:    6.86  Ratio:    0.00       (C.S.Area)

[1]  met1:
  PAR:    0.70  Ratio:    0.00       (Area)
  PAR:    3.54  Ratio:  400.00       (S.Area)
  CAR:    0.71  Ratio:    0.00       (C.Area)
  CAR:    3.54  Ratio:    0.00       (C.S.Area)

[1]  li1:
  PAR:    0.00  Ratio:    0.00       (Area)
  PAR:    0.00  Ratio:   75.00       (S.Area)
  CAR:    0.00  Ratio:    0.00       (C.Area)
  CAR:    0.00  Ratio:    0.00       (C.S.Area)

[1]  M1M2_PR:
  PAR:    0.00  Ratio:    6.00       (Area)
  CAR:    0.01  Ratio:    0.00       (C.Area)

[1]  L1M1_PR_MR:
  PAR:    0.01  Ratio:    3.00       (Area)
  CAR:    0.01  Ratio:    0.00       (C.Area)


Net - edgedetect.delay_400ns._intsig_a_\[39\]
  edgedetect.delay_400ns.genblk1\[39\].delay_unit  (sky130_mm_sc_hd_dly5ns)  in
[1]  met2:
  PAR:    2.11  Ratio:    0.00       (Area)
  PAR:   10.67  Ratio: 2744.72       (S.Area)
  CAR:    2.12  Ratio:    0.00       (C.Area)
  CAR:   10.70  Ratio:    0.00       (C.S.Area)

[1]  met1:
  PAR:    0.00  Ratio:    0.00       (Area)
  PAR:    0.02  Ratio:  400.00       (S.Area)
  CAR:    0.01  Ratio:    0.00       (C.Area)
  CAR:    0.02  Ratio:    0.00       (C.S.Area)

[1]  li1:
  PAR:    0.00  Ratio:    0.00       (Area)
  PAR:    0.00  Ratio:   75.00       (S.Area)
  CAR:    0.00  Ratio:    0.00       (C.Area)
  CAR:    0.00  Ratio:    0.00       (C.S.Area)

[1]  M1M2_PR:
  PAR:    0.00  Ratio:    6.00       (Area)
  CAR:    0.01  Ratio:    0.00       (C.Area)

[1]  L1M1_PR_MR:
  PAR:    0.01  Ratio:    3.00       (Area)
  CAR:    0.01  Ratio:    0.00       (C.Area)


Net - edgedetect.delay_400ns._intsig_a_\[3\]
  edgedetect.delay_400ns.genblk1\[3\].delay_unit  (sky130_mm_sc_hd_dly5ns)  in
[1]  met2:
  PAR:    0.62  Ratio:    0.00       (Area)
  PAR:    3.16  Ratio: 2744.72       (S.Area)
  CAR:    0.69  Ratio:    0.00       (C.Area)
  CAR:    3.53  Ratio:    0.00       (C.S.Area)

[1]  met1:
  PAR:    0.07  Ratio:    0.00       (Area)
  PAR:    0.37  Ratio:  400.00       (S.Area)
  CAR:    0.07  Ratio:    0.00       (C.Area)
  CAR:    0.37  Ratio:    0.00       (C.S.Area)

[1]  li1:
  PAR:    0.00  Ratio:    0.00       (Area)
  PAR:    0.00  Ratio:   75.00       (S.Area)
  CAR:    0.00  Ratio:    0.00       (C.Area)
  CAR:    0.00  Ratio:    0.00       (C.S.Area)

[1]  M1M2_PR:
  PAR:    0.00  Ratio:    6.00       (Area)
  CAR:    0.01  Ratio:    0.00       (C.Area)

[1]  L1M1_PR_MR:
  PAR:    0.01  Ratio:    3.00       (Area)
  CAR:    0.01  Ratio:    0.00       (C.Area)


Net - edgedetect.delay_400ns._intsig_a_\[40\]
  edgedetect.delay_400ns.genblk1\[40\].delay_unit  (sky130_mm_sc_hd_dly5ns)  in
[1]  met2:
  PAR:    1.50  Ratio:    0.00       (Area)
  PAR:    7.72  Ratio: 2744.72       (S.Area)
  CAR:    1.56  Ratio:    0.00       (C.Area)
  CAR:    8.03  Ratio:    0.00       (C.S.Area)

[1]  met1:
  PAR:    0.06  Ratio:    0.00       (Area)
  PAR:    0.30  Ratio:  400.00       (S.Area)
  CAR:    0.06  Ratio:    0.00       (C.Area)
  CAR:    0.31  Ratio:    0.00       (C.S.Area)

[1]  li1:
  PAR:    0.00  Ratio:    0.00       (Area)
  PAR:    0.00  Ratio:   75.00       (S.Area)
  CAR:    0.00  Ratio:    0.00       (C.Area)
  CAR:    0.00  Ratio:    0.00       (C.S.Area)

[1]  M1M2_PR:
  PAR:    0.00  Ratio:    6.00       (Area)
  CAR:    0.01  Ratio:    0.00       (C.Area)

[1]  L1M1_PR_MR:
  PAR:    0.01  Ratio:    3.00       (Area)
  CAR:    0.01  Ratio:    0.00       (C.Area)


Net - edgedetect.delay_400ns._intsig_a_\[4\]
  edgedetect.delay_400ns.genblk1\[4\].delay_unit  (sky130_mm_sc_hd_dly5ns)  in
[1]  met2:
  PAR:    0.67  Ratio:    0.00       (Area)
  PAR:    3.37  Ratio: 2744.72       (S.Area)
  CAR:    0.72  Ratio:    0.00       (C.Area)
  CAR:    3.61  Ratio:    0.00       (C.S.Area)

[1]  met1:
  PAR:    0.04  Ratio:    0.00       (Area)
  PAR:    0.24  Ratio:  400.00       (S.Area)
  CAR:    0.05  Ratio:    0.00       (C.Area)
  CAR:    0.24  Ratio:    0.00       (C.S.Area)

[1]  li1:
  PAR:    0.00  Ratio:    0.00       (Area)
  PAR:    0.00  Ratio:   75.00       (S.Area)
  CAR:    0.00  Ratio:    0.00       (C.Area)
  CAR:    0.00  Ratio:    0.00       (C.S.Area)

[1]  M1M2_PR:
  PAR:    0.00  Ratio:    6.00       (Area)
  CAR:    0.01  Ratio:    0.00       (C.Area)

[1]  L1M1_PR_MR:
  PAR:    0.01  Ratio:    3.00       (Area)
  CAR:    0.01  Ratio:    0.00       (C.Area)


Net - edgedetect.delay_400ns._intsig_a_\[5\]
  edgedetect.delay_400ns.genblk1\[5\].delay_unit  (sky130_mm_sc_hd_dly5ns)  in
[1]  met2:
  PAR:    0.07  Ratio:    0.00       (Area)
  PAR:    0.37  Ratio: 2744.72       (S.Area)
  CAR:    0.10  Ratio:    0.00       (C.Area)
  CAR:    0.55  Ratio:    0.00       (C.S.Area)

[1]  met1:
  PAR:    0.03  Ratio:    0.00       (Area)
  PAR:    0.17  Ratio:  400.00       (S.Area)
  CAR:    0.03  Ratio:    0.00       (C.Area)
  CAR:    0.18  Ratio:    0.00       (C.S.Area)

[1]  li1:
  PAR:    0.00  Ratio:    0.00       (Area)
  PAR:    0.00  Ratio:   75.00       (S.Area)
  CAR:    0.00  Ratio:    0.00       (C.Area)
  CAR:    0.00  Ratio:    0.00       (C.S.Area)

[1]  M1M2_PR:
  PAR:    0.00  Ratio:    6.00       (Area)
  CAR:    0.01  Ratio:    0.00       (C.Area)

[1]  L1M1_PR_MR:
  PAR:    0.01  Ratio:    3.00       (Area)
  CAR:    0.01  Ratio:    0.00       (C.Area)


Net - edgedetect.delay_400ns._intsig_a_\[6\]
  edgedetect.delay_400ns.genblk1\[6\].delay_unit  (sky130_mm_sc_hd_dly5ns)  in
[1]  met2:
  PAR:    0.15  Ratio:    0.00       (Area)
  PAR:    0.78  Ratio: 2744.72       (S.Area)
  CAR:    0.19  Ratio:    0.00       (C.Area)
  CAR:    0.96  Ratio:    0.00       (C.S.Area)

[1]  met1:
  PAR:    0.03  Ratio:    0.00       (Area)
  PAR:    0.17  Ratio:  400.00       (S.Area)
  CAR:    0.03  Ratio:    0.00       (C.Area)
  CAR:    0.18  Ratio:    0.00       (C.S.Area)

[1]  li1:
  PAR:    0.00  Ratio:    0.00       (Area)
  PAR:    0.00  Ratio:   75.00       (S.Area)
  CAR:    0.00  Ratio:    0.00       (C.Area)
  CAR:    0.00  Ratio:    0.00       (C.S.Area)

[1]  M1M2_PR:
  PAR:    0.00  Ratio:    6.00       (Area)
  CAR:    0.01  Ratio:    0.00       (C.Area)

[1]  L1M1_PR_MR:
  PAR:    0.01  Ratio:    3.00       (Area)
  CAR:    0.01  Ratio:    0.00       (C.Area)


Net - edgedetect.delay_400ns._intsig_a_\[7\]
  edgedetect.delay_400ns.genblk1\[7\].delay_unit  (sky130_mm_sc_hd_dly5ns)  in
[1]  met2:
  PAR:    0.31  Ratio:    0.00       (Area)
  PAR:    1.63  Ratio: 2744.72       (S.Area)
  CAR:    0.43  Ratio:    0.00       (C.Area)
  CAR:    2.25  Ratio:    0.00       (C.S.Area)

[1]  met1:
  PAR:    0.12  Ratio:    0.00       (Area)
  PAR:    0.62  Ratio:  400.00       (S.Area)
  CAR:    0.12  Ratio:    0.00       (C.Area)
  CAR:    0.62  Ratio:    0.00       (C.S.Area)

[1]  li1:
  PAR:    0.00  Ratio:    0.00       (Area)
  PAR:    0.00  Ratio:   75.00       (S.Area)
  CAR:    0.00  Ratio:    0.00       (C.Area)
  CAR:    0.00  Ratio:    0.00       (C.S.Area)

[1]  M1M2_PR:
  PAR:    0.00  Ratio:    6.00       (Area)
  CAR:    0.01  Ratio:    0.00       (C.Area)

[1]  L1M1_PR_MR:
  PAR:    0.01  Ratio:    3.00       (Area)
  CAR:    0.01  Ratio:    0.00       (C.Area)


Net - edgedetect.delay_400ns._intsig_a_\[8\]
  edgedetect.delay_400ns.genblk1\[8\].delay_unit  (sky130_mm_sc_hd_dly5ns)  in
[1]  met2:
  PAR:    0.29  Ratio:    0.00       (Area)
  PAR:    1.59  Ratio: 2744.72       (S.Area)
  CAR:    0.36  Ratio:    0.00       (C.Area)
  CAR:    1.96  Ratio:    0.00       (C.S.Area)

[1]  met1:
  PAR:    0.07  Ratio:    0.00       (Area)
  PAR:    0.37  Ratio:  400.00       (S.Area)
  CAR:    0.07  Ratio:    0.00       (C.Area)
  CAR:    0.37  Ratio:    0.00       (C.S.Area)

[1]  li1:
  PAR:    0.00  Ratio:    0.00       (Area)
  PAR:    0.00  Ratio:   75.00       (S.Area)
  CAR:    0.00  Ratio:    0.00       (C.Area)
  CAR:    0.00  Ratio:    0.00       (C.S.Area)

[1]  M1M2_PR:
  PAR:    0.00  Ratio:    6.00       (Area)
  CAR:    0.01  Ratio:    0.00       (C.Area)

[1]  L1M1_PR_MR:
  PAR:    0.01  Ratio:    3.00       (Area)
  CAR:    0.01  Ratio:    0.00       (C.Area)


Net - edgedetect.delay_400ns._intsig_a_\[9\]
  edgedetect.delay_400ns.genblk1\[9\].delay_unit  (sky130_mm_sc_hd_dly5ns)  in
[1]  met2:
  PAR:    0.34  Ratio:    0.00       (Area)
  PAR:    1.83  Ratio: 2744.72       (S.Area)
  CAR:    0.36  Ratio:    0.00       (C.Area)
  CAR:    1.94  Ratio:    0.00       (C.S.Area)

[1]  met1:
  PAR:    0.02  Ratio:    0.00       (Area)
  PAR:    0.11  Ratio:  400.00       (S.Area)
  CAR:    0.02  Ratio:    0.00       (C.Area)
  CAR:    0.11  Ratio:    0.00       (C.S.Area)

[1]  li1:
  PAR:    0.00  Ratio:    0.00       (Area)
  PAR:    0.00  Ratio:   75.00       (S.Area)
  CAR:    0.00  Ratio:    0.00       (C.Area)
  CAR:    0.00  Ratio:    0.00       (C.S.Area)

[1]  M1M2_PR:
  PAR:    0.00  Ratio:    6.00       (Area)
  CAR:    0.01  Ratio:    0.00       (C.Area)

[1]  L1M1_PR_MR:
  PAR:    0.01  Ratio:    3.00       (Area)
  CAR:    0.01  Ratio:    0.00       (C.Area)


Net - edgedetect.delay_400ns.out
  _2_  (sky130_fd_sc_hd__and2b_2)  A_N
[1]  met3:
  PAR:    7.87  Ratio:    0.00       (Area)
  PAR:   44.81  Ratio: 2744.72       (S.Area)
  CAR:   20.89  Ratio:    0.00       (C.Area)
  CAR:  111.05  Ratio:    0.00       (C.S.Area)

[1]  met2:
  PAR:    4.58  Ratio:    0.00       (Area)
  PAR:   23.67  Ratio:  400.00       (S.Area)
  CAR:   13.03  Ratio:    0.00       (C.Area)
  CAR:   66.25  Ratio:    0.00       (C.S.Area)

[1]  met1:
  PAR:    8.33  Ratio:    0.00       (Area)
  PAR:   42.44  Ratio:  400.00       (S.Area)
  CAR:    8.45  Ratio:    0.00       (C.Area)
  CAR:   42.58  Ratio:    0.00       (C.S.Area)

[1]  li1:
  PAR:    0.11  Ratio:    0.00       (Area)
  PAR:    0.13  Ratio:   75.00       (S.Area)
  CAR:    0.11  Ratio:    0.00       (C.Area)
  CAR:    0.13  Ratio:    0.00       (C.S.Area)

[1]  M2M3_PR:
  PAR:    0.32  Ratio:    6.00       (Area)
  CAR:    0.73  Ratio:    0.00       (C.Area)

[1]  M1M2_PR:
  PAR:    0.18  Ratio:    6.00       (Area)
  CAR:    0.41  Ratio:    0.00       (C.Area)

[1]  L1M1_PR_MR:
  PAR:    0.23  Ratio:    3.00       (Area)
  CAR:    0.23  Ratio:    0.00       (C.Area)

Number of pins violated: 0
Number of nets violated: 0
Total number of unspecial nets: 106
