adc_clkgen_with_edgedetect
----------------------------------------
Metal4 spacing < 0.3um (met4.2)
----------------------------------------
 25.020um 61.290um 25.120um 61.590um
 25.020um 60.670um 25.120um 60.970um
 25.020um 60.670um 25.120um 61.590um
 24.720um 60.970um 24.810um 61.290um
 24.810um 60.970um 24.820um 61.290um
 25.940um 50.410um 26.020um 50.710um
 26.240um 50.090um 26.250um 50.410um
 26.250um 50.090um 26.320um 50.410um
 25.940um 49.790um 26.020um 50.710um
 25.940um 49.790um 26.020um 50.090um
 55.840um 50.410um 56.020um 50.710um
 56.140um 50.090um 56.150um 50.410um
 56.150um 50.090um 56.320um 50.410um
 55.840um 49.790um 56.020um 50.710um
 55.840um 49.790um 56.020um 50.090um
 16.140um 36.490um 16.180um 36.630um
 16.180um 36.490um 16.320um 36.630um
 16.140um 36.430um 16.320um 36.490um
 15.840um 36.490um 16.020um 36.630um
 15.840um 36.130um 16.020um 36.490um
 15.840um 36.130um 16.020um 36.430um
 55.840um 34.090um 56.020um 34.390um
 56.140um 33.770um 56.150um 34.090um
 56.150um 33.770um 56.320um 34.090um
 55.840um 33.470um 56.020um 34.390um
 55.840um 33.470um 56.020um 33.770um
 65.020um 19.810um 65.150um 20.110um
 65.020um 19.810um 65.150um 20.170um
 65.020um 20.170um 65.150um 20.310um
 64.720um 20.170um 64.800um 20.310um
 64.800um 20.170um 64.850um 20.310um
 64.720um 20.110um 64.850um 20.170um
----------------------------------------
[INFO]: COUNT: 32
[INFO]: Should be divided by 3 or 4

