OpenROAD v2.0-4818-g4174c3ad8 
This program is licensed under the BSD-3 license. See the LICENSE file for details.
Components of this program may be licensed under more restrictive licenses which must be honored.
[INFO ODB-0222] Reading LEF file: /foss/designs/SKY130_SAR-ADC/openlane/adc_clkgen_with_edgedetect/runs/gulasch/tmp/merged.nom.lef
[WARNING ODB-0220] WARNING (LEFPARS-2036): SOURCE statement is obsolete in version 5.6 and later.
The LEF parser will ignore this statement.
To avoid this warning in the future, remove this statement from the LEF file with version 5.6 or later. See file /foss/designs/SKY130_SAR-ADC/openlane/adc_clkgen_with_edgedetect/runs/gulasch/tmp/merged.nom.lef at line 930.

[INFO ODB-0223]     Created 13 technology layers
[INFO ODB-0224]     Created 25 technology vias
[INFO ODB-0225]     Created 442 library cells
[INFO ODB-0226] Finished LEF file:  /foss/designs/SKY130_SAR-ADC/openlane/adc_clkgen_with_edgedetect/runs/gulasch/tmp/merged.nom.lef
[INFO ODB-0127] Reading DEF file: /foss/designs/SKY130_SAR-ADC/openlane/adc_clkgen_with_edgedetect/runs/gulasch/tmp/placement/8-global.buffers_removed.def
[INFO ODB-0128] Design: adc_clkgen_with_edgedetect
[INFO ODB-0130]     Created 37 pins.
[INFO ODB-0131]     Created 430 components and 2123 component-terminals.
[INFO ODB-0132]     Created 4 special nets and 1490 connections.
[INFO ODB-0133]     Created 302 nets and 633 connections.
[INFO ODB-0134] Finished DEF file: /foss/designs/SKY130_SAR-ADC/openlane/adc_clkgen_with_edgedetect/runs/gulasch/tmp/placement/8-global.buffers_removed.def
[WARNING DPL-0037] Use remove_fillers before detailed placement.
Placement Analysis
---------------------------------
total displacement       7086.5 u
average displacement       16.5 u
max displacement          139.0 u
original HPWL            2972.7 u
legalized HPWL          10890.2 u
delta HPWL                  266 %

[INFO DPL-0020] Mirrored 106 instances
[INFO DPL-0021] HPWL before           10890.2 u
[INFO DPL-0022] HPWL after            10303.0 u
[INFO DPL-0023] HPWL delta               -5.4 %
