
===========================================================================
report_checks -unconstrained
============================================================================
Startpoint: enable_dlycontrol_in (input port clocked by __VIRTUAL_CLK__)
Endpoint: clk_comp_out (output port clocked by __VIRTUAL_CLK__)
Path Group: __VIRTUAL_CLK__
Path Type: max

Fanout     Cap    Slew   Delay    Time   Description
-----------------------------------------------------------------------------
                  0.00    0.00    0.00   clock __VIRTUAL_CLK__ (rise edge)
                          0.00    0.00   clock network delay (ideal)
                       200000.00 200000.00 ^ input external delay
                  0.16    0.12 200000.11 ^ enable_dlycontrol_in (in)
     8    0.03                           enable_dlycontrol_in (net)
                  0.16    0.00 200000.11 ^ clkgen.delay_155ns_1.enablebuffer/A (sky130_fd_sc_hd__buf_4)
                  0.04    0.16 200000.28 ^ clkgen.delay_155ns_1.enablebuffer/X (sky130_fd_sc_hd__buf_4)
     5    0.01                           clkgen.delay_155ns_1.enable_dlycontrol_w (net)
                  0.04    0.00 200000.28 ^ clkgen.delay_155ns_1.genblk1[0].bypass_enable/A (sky130_fd_sc_hd__and2_1)
                  0.22    0.25 200000.53 ^ clkgen.delay_155ns_1.genblk1[0].bypass_enable/X (sky130_fd_sc_hd__and2_1)
     4    0.02                           clkgen.delay_155ns_1.genblk1[0].dly_binary.bypass_in (net)
                  0.22    0.00 200000.53 ^ clkgen.delay_155ns_1.genblk1[0].dly_binary.out_mux/S (sky130_fd_sc_hd__mux2_1)
                  0.09    0.41 200000.94 v clkgen.delay_155ns_1.genblk1[0].dly_binary.out_mux/X (sky130_fd_sc_hd__mux2_1)
     2    0.01                           clkgen.delay_155ns_1.genblk1[0].dly_binary.out (net)
                  0.09    0.00 200000.94 v clkgen.delay_155ns_1.genblk1[1].dly_binary.out_mux/A1 (sky130_fd_sc_hd__mux2_1)
                  0.10    0.39 200001.33 v clkgen.delay_155ns_1.genblk1[1].dly_binary.out_mux/X (sky130_fd_sc_hd__mux2_1)
     2    0.01                           clkgen.delay_155ns_1.genblk1[1].dly_binary.out (net)
                  0.10    0.00 200001.33 v clkgen.delay_155ns_1.genblk1[2].dly_binary.out_mux/A1 (sky130_fd_sc_hd__mux2_1)
                  0.13    0.42 200001.75 v clkgen.delay_155ns_1.genblk1[2].dly_binary.out_mux/X (sky130_fd_sc_hd__mux2_1)
     4    0.02                           clkgen.delay_155ns_1.genblk1[2].dly_binary.out (net)
                  0.13    0.00 200001.75 v clkgen.delay_155ns_1.genblk1[3].dly_binary.out_mux/A1 (sky130_fd_sc_hd__mux2_1)
                  0.14    0.44 200002.19 v clkgen.delay_155ns_1.genblk1[3].dly_binary.out_mux/X (sky130_fd_sc_hd__mux2_1)
     4    0.02                           clkgen.delay_155ns_1.genblk1[3].dly_binary.out (net)
                  0.14    0.00 200002.19 v clkgen.delay_155ns_1.genblk1[4].dly_binary.out_mux/A1 (sky130_fd_sc_hd__mux2_1)
                  0.13    0.42 200002.61 v clkgen.delay_155ns_1.genblk1[4].dly_binary.out_mux/X (sky130_fd_sc_hd__mux2_1)
     2    0.02                           clkgen.delay_155ns_1.genblk1[4].dly_binary.out (net)
                  0.13    0.00 200002.61 v clkgen.clkdig_inverter/A (sky130_fd_sc_hd__inv_2)
                  0.11    0.15 200002.75 ^ clkgen.clkdig_inverter/Y (sky130_fd_sc_hd__inv_2)
     6    0.02                           clkgen.clk_dig_out (net)
                  0.11    0.00 200002.75 ^ clkgen.delay_155ns_2.genblk1[0].dly_binary.out_mux/A1 (sky130_fd_sc_hd__mux2_1)
                  0.12    0.22 200002.97 ^ clkgen.delay_155ns_2.genblk1[0].dly_binary.out_mux/X (sky130_fd_sc_hd__mux2_1)
     2    0.01                           clkgen.delay_155ns_2.genblk1[0].dly_binary.out (net)
                  0.12    0.00 200002.97 ^ clkgen.delay_155ns_2.genblk1[1].dly_binary.out_mux/A1 (sky130_fd_sc_hd__mux2_1)
                  0.08    0.17 200003.14 ^ clkgen.delay_155ns_2.genblk1[1].dly_binary.out_mux/X (sky130_fd_sc_hd__mux2_1)
     2    0.01                           clkgen.delay_155ns_2.genblk1[1].dly_binary.out (net)
                  0.08    0.00 200003.14 ^ clkgen.delay_155ns_2.genblk1[2].dly_binary.out_mux/A1 (sky130_fd_sc_hd__mux2_1)
                  0.06    0.15 200003.30 ^ clkgen.delay_155ns_2.genblk1[2].dly_binary.out_mux/X (sky130_fd_sc_hd__mux2_1)
     2    0.00                           clkgen.delay_155ns_2.genblk1[2].dly_binary.out (net)
                  0.06    0.00 200003.30 ^ clkgen.delay_155ns_2.genblk1[3].dly_binary.out_mux/A1 (sky130_fd_sc_hd__mux2_1)
                  0.06    0.15 200003.44 ^ clkgen.delay_155ns_2.genblk1[3].dly_binary.out_mux/X (sky130_fd_sc_hd__mux2_1)
     2    0.01                           clkgen.delay_155ns_2.genblk1[3].dly_binary.out (net)
                  0.06    0.00 200003.44 ^ clkgen.delay_155ns_2.genblk1[4].dly_binary.out_mux/A1 (sky130_fd_sc_hd__mux2_1)
                  0.07    0.16 200003.59 ^ clkgen.delay_155ns_2.genblk1[4].dly_binary.out_mux/X (sky130_fd_sc_hd__mux2_1)
     1    0.01                           clkgen.clk_dig_delayed_w (net)
                  0.07    0.00 200003.59 ^ clkgen.nor1/A (sky130_fd_sc_hd__nor2b_1)
                  0.05    0.07 200003.67 v clkgen.nor1/Y (sky130_fd_sc_hd__nor2b_1)
     2    0.01                           clkgen.delay_155ns_3.genblk1[0].dly_binary.in (net)
                  0.05    0.00 200003.67 v clkgen.delay_155ns_3.genblk1[0].dly_binary.out_mux/A1 (sky130_fd_sc_hd__mux2_1)
                  0.07    0.32 200003.98 v clkgen.delay_155ns_3.genblk1[0].dly_binary.out_mux/X (sky130_fd_sc_hd__mux2_1)
     2    0.01                           clkgen.delay_155ns_3.genblk1[0].dly_binary.out (net)
                  0.07    0.00 200003.98 v clkgen.delay_155ns_3.genblk1[1].dly_binary.out_mux/A1 (sky130_fd_sc_hd__mux2_1)
                  0.06    0.32 200004.31 v clkgen.delay_155ns_3.genblk1[1].dly_binary.out_mux/X (sky130_fd_sc_hd__mux2_1)
     2    0.00                           clkgen.delay_155ns_3.genblk1[1].dly_binary.out (net)
                  0.06    0.00 200004.31 v clkgen.delay_155ns_3.genblk1[2].dly_binary.out_mux/A1 (sky130_fd_sc_hd__mux2_1)
                  0.08    0.33 200004.64 v clkgen.delay_155ns_3.genblk1[2].dly_binary.out_mux/X (sky130_fd_sc_hd__mux2_1)
     2    0.01                           clkgen.delay_155ns_3.genblk1[2].dly_binary.out (net)
                  0.08    0.00 200004.64 v clkgen.delay_155ns_3.genblk1[3].dly_binary.out_mux/A1 (sky130_fd_sc_hd__mux2_1)
                  0.07    0.33 200004.98 v clkgen.delay_155ns_3.genblk1[3].dly_binary.out_mux/X (sky130_fd_sc_hd__mux2_1)
     2    0.01                           clkgen.delay_155ns_3.genblk1[3].dly_binary.out (net)
                  0.07    0.00 200004.98 v clkgen.delay_155ns_3.genblk1[4].dly_binary.out_mux/A1 (sky130_fd_sc_hd__mux2_1)
                  0.09    0.36 200005.34 v clkgen.delay_155ns_3.genblk1[4].dly_binary.out_mux/X (sky130_fd_sc_hd__mux2_1)
     1    0.01                           clkgen.clk_comp_out (net)
                  0.09    0.00 200005.34 v outbuf_2/A (sky130_fd_sc_hd__buf_4)
                  0.06    0.20 200005.55 v outbuf_2/X (sky130_fd_sc_hd__buf_4)
     1    0.03                           clk_comp_out (net)
                  0.06    0.00 200005.55 v clk_comp_out (out)
                               200005.55   data arrival time

                  0.00 999999.94 999999.94   clock __VIRTUAL_CLK__ (rise edge)
                          0.00 999999.94   clock network delay (ideal)
                         -0.25 999999.75   clock uncertainty
                          0.00 999999.75   clock reconvergence pessimism
                       -200000.00 799999.69   output external delay
                               799999.69   data required time
-----------------------------------------------------------------------------
                               799999.69   data required time
                               -200005.55   data arrival time
-----------------------------------------------------------------------------
                               599994.19   slack (MET)



===========================================================================
report_checks --slack_max -0.01
============================================================================
No paths found.
