
===========================================================================
 report_power
============================================================================


======================= Slowest Corner =================================

Group                  Internal  Switching    Leakage      Total
                          Power      Power      Power      Power (Watts)
----------------------------------------------------------------
Sequential             0.00e+00   0.00e+00   0.00e+00   0.00e+00   0.0%
Combinational          1.78e-10   2.07e-10   8.16e-07   8.16e-07 100.0%
Macro                  0.00e+00   0.00e+00   0.00e+00   0.00e+00   0.0%
Pad                    0.00e+00   0.00e+00   0.00e+00   0.00e+00   0.0%
----------------------------------------------------------------
Total                  1.78e-10   2.07e-10   8.16e-07   8.16e-07 100.0%
                           0.0%       0.0%     100.0%

======================= Typical Corner ===================================

Group                  Internal  Switching    Leakage      Total
                          Power      Power      Power      Power (Watts)
----------------------------------------------------------------
Sequential             0.00e+00   0.00e+00   0.00e+00   0.00e+00   0.0%
Combinational          2.16e-10   2.59e-10   2.30e-09   2.77e-09 100.0%
Macro                  0.00e+00   0.00e+00   0.00e+00   0.00e+00   0.0%
Pad                    0.00e+00   0.00e+00   0.00e+00   0.00e+00   0.0%
----------------------------------------------------------------
Total                  2.16e-10   2.59e-10   2.30e-09   2.77e-09 100.0%
                           7.8%       9.4%      82.8%


======================= Fastest Corner =================================

Group                  Internal  Switching    Leakage      Total
                          Power      Power      Power      Power (Watts)
----------------------------------------------------------------
Sequential             0.00e+00   0.00e+00   0.00e+00   0.00e+00   0.0%
Combinational          2.42e-10   3.05e-10   2.41e-09   2.95e-09 100.0%
Macro                  0.00e+00   0.00e+00   0.00e+00   0.00e+00   0.0%
Pad                    0.00e+00   0.00e+00   0.00e+00   0.00e+00   0.0%
----------------------------------------------------------------
Total                  2.42e-10   3.05e-10   2.41e-09   2.95e-09 100.0%
                           8.2%      10.3%      81.5%
