Instance name,  X location,  Y location,  Voltage 
ANTENNA_edgedetect.dly_315ns_1.genblk1\[2\].dly_binary.out_mux_S, 161.52, 54.4, 1.8
ANTENNA_edgedetect.dly_315ns_1.genblk1\[4\].control_invert_A, 161.52, 54.4, 1.8
ANTENNA_edgedetect.dly_315ns_1.genblk1\[4\].dly_binary.out_mux_S, 161.52, 54.4, 1.8
ANTENNA_sampledly01_A, 161.52, 54.4, 1.8
FILLER_18_331, 161.52, 54.4, 1.8
FILLER_18_337, 161.52, 54.4, 1.8
FILLER_19_331, 161.52, 54.4, 1.8
FILLER_19_337, 161.52, 54.4, 1.8
ANTENNA_edgedetect.dly_315ns_1.genblk1\[3\].control_invert_A, 161.52, 48.96, 1.8
ANTENNA_edgedetect.dly_315ns_1.genblk1\[5\].control_invert_A, 161.52, 48.96, 1.8
ANTENNA_edgedetect.dly_315ns_1.genblk1\[5\].dly_binary.and_bypass_switch_A_N, 161.52, 48.96, 1.8
FILLER_16_336, 161.52, 48.96, 1.8
FILLER_17_329, 161.52, 48.96, 1.8
FILLER_17_335, 161.52, 48.96, 1.8
FILLER_17_341, 161.52, 48.96, 1.8
FILLER_15_338, 161.52, 43.52, 1.8
ANTENNA_edgedetect.dly_315ns_1.genblk1\[0\].dly_binary.and_bypass_switch_B, 161.52, 38.08, 1.8
ANTENNA_edgedetect.dly_315ns_1.genblk1\[5\].dly_binary.out_mux_S, 161.52, 38.08, 1.8
FILLER_12_332, 161.52, 38.08, 1.8
FILLER_12_338, 161.52, 38.08, 1.8
ANTENNA_clkgen.delay_155ns_3.genblk1\[0\].dly_binary.and_bypass_switch_A_N, 161.52, 32.64, 1.8
ANTENNA_edgedetect.dly_315ns_1.genblk1\[1\].dly_binary.out_mux_S, 161.52, 32.64, 1.8
ANTENNA_edgedetect.dly_315ns_1.genblk1\[3\].dly_binary.out_mux_S, 161.52, 32.64, 1.8
ANTENNA_edgedetect.dly_315ns_1.genblk1\[4\].dly_binary.and_bypass_switch_A_N, 161.52, 32.64, 1.8
FILLER_10_331, 161.52, 32.64, 1.8
FILLER_10_337, 161.52, 32.64, 1.8
FILLER_11_327, 161.52, 32.64, 1.8
FILLER_11_333, 161.52, 32.64, 1.8
FILLER_11_339, 161.52, 32.64, 1.8
ANTENNA_clkgen.delay_155ns_1.genblk1\[4\].dly_binary.out_mux_A0, 161.52, 27.2, 1.8
ANTENNA_clkgen.delay_155ns_2.genblk1\[3\].dly_binary.and_bypass_switch_A_N, 161.52, 27.2, 1.8
FILLER_8_331, 161.52, 27.2, 1.8
FILLER_8_337, 161.52, 27.2, 1.8
FILLER_6_336, 161.52, 21.76, 1.8
FILLER_7_338, 161.52, 21.76, 1.8
FILLER_4_335, 161.52, 16.32, 1.8
FILLER_5_338, 161.52, 16.32, 1.8
outbuf_2, 161.52, 16.32, 1.8
FILLER_2_338, 161.52, 10.88, 1.8
FILLER_3_333, 161.52, 10.88, 1.8
FILLER_3_341, 161.52, 10.88, 1.8
FILLER_1_335, 161.52, 5.44, 1.8
FILLER_18_274, 137.52, 54.4, 1.8
FILLER_19_276, 137.52, 54.4, 1.8
FILLER_19_292, 137.52, 54.4, 1.8
sampledly03, 137.52, 54.4, 1.8
sampledly13, 137.52, 54.4, 1.8
sampledly23, 137.52, 54.4, 1.8
FILLER_16_274, 137.52, 48.96, 1.8
FILLER_17_276, 137.52, 48.96, 1.8
FILLER_18_292, 137.52, 48.96, 1.8
edgedetect.dly_315ns_1.genblk1\[5\].dly_binary.genblk1\[23\].delay_unit, 137.52, 48.96, 1.8
edgedetect.dly_315ns_1.genblk1\[5\].dly_binary.genblk1\[24\].delay_unit, 137.52, 48.96, 1.8
sampledly33, 137.52, 48.96, 1.8
FILLER_14_274, 137.52, 43.52, 1.8
FILLER_15_276, 137.52, 43.52, 1.8
edgedetect.dly_315ns_1.genblk1\[5\].dly_binary.genblk1\[30\].delay_unit, 137.52, 43.52, 1.8
edgedetect.dly_315ns_1.genblk1\[5\].dly_binary.genblk1\[31\].delay_unit, 137.52, 43.52, 1.8
ANTENNA_clkgen.delay_155ns_3.enablebuffer_A, 137.52, 38.08, 1.8
ANTENNA_clkgen.delay_155ns_3.genblk1\[3\].control_invert_A, 137.52, 38.08, 1.8
FILLER_12_284, 137.52, 38.08, 1.8
FILLER_13_294, 137.52, 38.08, 1.8
ANTENNA_clkgen.delay_155ns_1.enablebuffer_A, 137.52, 32.64, 1.8
ANTENNA_clkgen.delay_155ns_3.genblk1\[4\].control_invert_A, 137.52, 32.64, 1.8
ANTENNA_edgedetect.dly_315ns_1.genblk1\[1\].dly_binary.and_bypass_switch_A_N, 137.52, 32.64, 1.8
ANTENNA_edgedetect.dly_315ns_1.genblk1\[2\].bypass_enable_A, 137.52, 32.64, 1.8
ANTENNA_edgedetect.dly_315ns_1.genblk1\[2\].dly_binary.and_bypass_switch_A_N, 137.52, 32.64, 1.8
ANTENNA_edgedetect.dly_315ns_1.genblk1\[3\].dly_binary.and_bypass_switch_A_N, 137.52, 32.64, 1.8
ANTENNA_edgedetect.nor1_B_N, 137.52, 32.64, 1.8
FILLER_10_284, 137.52, 32.64, 1.8
FILLER_11_276, 137.52, 32.64, 1.8
FILLER_11_282, 137.52, 32.64, 1.8
FILLER_11_288, 137.52, 32.64, 1.8
FILLER_11_294, 137.52, 32.64, 1.8
FILLER_12_290, 137.52, 32.64, 1.8
FILLER_12_296, 137.52, 32.64, 1.8
ANTENNA_clkgen.delay_155ns_2.enablebuffer_A, 137.52, 27.2, 1.8
ANTENNA_edgedetect.dly_315ns_1.genblk1\[3\].bypass_enable_A, 137.52, 27.2, 1.8
ANTENNA_edgedetect.dly_315ns_1.genblk1\[4\].bypass_enable_A, 137.52, 27.2, 1.8
FILLER_10_290, 137.52, 27.2, 1.8
FILLER_10_296, 137.52, 27.2, 1.8
FILLER_8_274, 137.52, 27.2, 1.8
FILLER_8_284, 137.52, 27.2, 1.8
FILLER_9_276, 137.52, 27.2, 1.8
clkgen.delay_155ns_2.genblk1\[4\].dly_binary.genblk1\[13\].delay_unit, 137.52, 27.2, 1.8
FILLER_6_274, 137.52, 21.76, 1.8
FILLER_7_276, 137.52, 21.76, 1.8
clkgen.delay_155ns_2.genblk1\[4\].dly_binary.genblk1\[14\].delay_unit, 137.52, 21.76, 1.8
clkgen.delay_155ns_3.genblk1\[4\].dly_binary.genblk1\[10\].delay_unit, 137.52, 21.76, 1.8
clkgen.delay_155ns_3.genblk1\[4\].dly_binary.genblk1\[11\].delay_unit, 137.52, 21.76, 1.8
ANTENNA_clkgen.delay_155ns_1.genblk1\[4\].dly_binary.and_bypass_switch_A_N, 137.52, 16.32, 1.8
ANTENNA_clkgen.delay_155ns_2.genblk1\[0\].dly_binary.and_bypass_switch_A_N, 137.52, 16.32, 1.8
ANTENNA_clkgen.delay_155ns_2.genblk1\[1\].dly_binary.and_bypass_switch_A_N, 137.52, 16.32, 1.8
ANTENNA_clkgen.delay_155ns_3.genblk1\[1\].control_invert_A, 137.52, 16.32, 1.8
FILLER_4_275, 137.52, 16.32, 1.8
FILLER_4_284, 137.52, 16.32, 1.8
FILLER_5_280, 137.52, 16.32, 1.8
FILLER_5_286, 137.52, 16.32, 1.8
FILLER_5_292, 137.52, 16.32, 1.8
FILLER_5_298, 137.52, 16.32, 1.8
ANTENNA_clkgen.clkdig_inverter_A, 137.52, 10.88, 1.8
ANTENNA_clkgen.delay_155ns_1.genblk1\[2\].control_invert_A, 137.52, 10.88, 1.8
ANTENNA_clkgen.delay_155ns_1.genblk1\[3\].control_invert_A, 137.52, 10.88, 1.8
ANTENNA_clkgen.delay_155ns_1.genblk1\[4\].control_invert_A, 137.52, 10.88, 1.8
ANTENNA_clkgen.delay_155ns_2.genblk1\[0\].control_invert_A, 137.52, 10.88, 1.8
ANTENNA_clkgen.delay_155ns_2.genblk1\[1\].control_invert_A, 137.52, 10.88, 1.8
ANTENNA_clkgen.delay_155ns_2.genblk1\[2\].dly_binary.and_bypass_switch_A_N, 137.52, 10.88, 1.8
FILLER_2_275, 137.52, 10.88, 1.8
FILLER_2_284, 137.52, 10.88, 1.8
FILLER_3_279, 137.52, 10.88, 1.8
FILLER_3_285, 137.52, 10.88, 1.8
FILLER_3_291, 137.52, 10.88, 1.8
FILLER_3_297, 137.52, 10.88, 1.8
FILLER_4_290, 137.52, 10.88, 1.8
FILLER_4_296, 137.52, 10.88, 1.8
ANTENNA_clkgen.delay_155ns_1.genblk1\[0\].control_invert_A, 137.52, 5.44, 1.8
ANTENNA_clkgen.delay_155ns_1.genblk1\[1\].control_invert_A, 137.52, 5.44, 1.8
ANTENNA_clkgen.delay_155ns_1.genblk1\[4\].dly_binary.out_mux_A1, 137.52, 5.44, 1.8
ANTENNA_clkgen.delay_155ns_2.genblk1\[0\].dly_binary.out_mux_A1, 137.52, 5.44, 1.8
ANTENNA_inbuf_1_A, 137.52, 5.44, 1.8
ANTENNA_sampledly04_A, 137.52, 5.44, 1.8
FILLER_0_275, 137.52, 5.44, 1.8
FILLER_0_280, 137.52, 5.44, 1.8
FILLER_0_293, 137.52, 5.44, 1.8
FILLER_1_278, 137.52, 5.44, 1.8
FILLER_1_284, 137.52, 5.44, 1.8
FILLER_1_290, 137.52, 5.44, 1.8
FILLER_1_296, 137.52, 5.44, 1.8
FILLER_2_290, 137.52, 5.44, 1.8
FILLER_2_296, 137.52, 5.44, 1.8
sampledly34, 137.52, 5.44, 1.8
FILLER_18_245, 113.52, 48.96, 1.8
ANTENNA_clkgen.delay_155ns_2.genblk1\[4\].control_invert_A, 113.52, 43.52, 1.8
FILLER_15_222, 113.52, 43.52, 1.8
FILLER_15_231, 113.52, 43.52, 1.8
FILLER_15_240, 113.52, 43.52, 1.8
FILLER_16_245, 113.52, 43.52, 1.8
edgedetect.dly_315ns_1.genblk1\[1\].bypass_enable, 113.52, 43.52, 1.8
edgedetect.dly_315ns_1.genblk1\[5\].bypass_enable, 113.52, 43.52, 1.8
FILLER_13_244, 113.52, 38.08, 1.8
FILLER_14_245, 113.52, 38.08, 1.8
clkgen.delay_155ns_3.genblk1\[3\].dly_binary.genblk1\[6\].delay_unit, 113.52, 38.08, 1.8
ANTENNA_clkgen.delay_155ns_3.genblk1\[2\].control_invert_A, 113.52, 32.64, 1.8
FILLER_11_222, 113.52, 32.64, 1.8
FILLER_11_231, 113.52, 32.64, 1.8
FILLER_11_240, 113.52, 32.64, 1.8
clkgen.delay_155ns_3.genblk1\[2\].bypass_enable, 113.52, 32.64, 1.8
clkgen.delay_155ns_3.genblk1\[4\].bypass_enable, 113.52, 32.64, 1.8
FILLER_10_245, 113.52, 27.2, 1.8
FILLER_9_227, 113.52, 27.2, 1.8
FILLER_9_236, 113.52, 27.2, 1.8
FILLER_9_245, 113.52, 27.2, 1.8
clkgen.delay_155ns_2.genblk1\[3\].bypass_enable, 113.52, 27.2, 1.8
clkgen.delay_155ns_2.genblk1\[4\].bypass_enable, 113.52, 27.2, 1.8
FILLER_7_243, 113.52, 21.76, 1.8
FILLER_8_245, 113.52, 21.76, 1.8
FILLER_5_225, 113.52, 16.32, 1.8
FILLER_5_234, 113.52, 16.32, 1.8
FILLER_5_243, 113.52, 16.32, 1.8
FILLER_6_245, 113.52, 16.32, 1.8
clkgen.delay_155ns_2.genblk1\[1\].bypass_enable, 113.52, 16.32, 1.8
clkgen.delay_155ns_2.genblk1\[2\].bypass_enable, 113.52, 16.32, 1.8
FILLER_2_225, 113.52, 10.88, 1.8
FILLER_2_234, 113.52, 10.88, 1.8
FILLER_3_226, 113.52, 10.88, 1.8
FILLER_3_235, 113.52, 10.88, 1.8
FILLER_3_244, 113.52, 10.88, 1.8
FILLER_4_245, 113.52, 10.88, 1.8
clkgen.delay_155ns_1.genblk1\[0\].bypass_enable, 113.52, 10.88, 1.8
clkgen.delay_155ns_1.genblk1\[2\].bypass_enable, 113.52, 10.88, 1.8
clkgen.delay_155ns_1.genblk1\[4\].bypass_enable, 113.52, 10.88, 1.8
FILLER_0_223, 113.52, 5.44, 1.8
FILLER_0_239, 113.52, 5.44, 1.8
FILLER_1_243, 113.52, 5.44, 1.8
FILLER_2_243, 113.52, 5.44, 1.8
clkgen.clkdig_inverter, 113.52, 5.44, 1.8
clkgen.delay_155ns_1.genblk1\[0\].control_invert, 113.52, 5.44, 1.8
clkgen.delay_155ns_1.genblk1\[3\].bypass_enable, 113.52, 5.44, 1.8
sampledly04, 113.52, 5.44, 1.8
FILLER_19_187, 89.52, 54.4, 1.8
edgedetect.dly_315ns_1.genblk1\[4\].dly_binary.genblk1\[9\].delay_unit, 89.52, 54.4, 1.8
edgedetect.dly_315ns_1.genblk1\[5\].dly_binary.genblk1\[17\].delay_unit, 89.52, 54.4, 1.8
FILLER_16_174, 89.52, 48.96, 1.8
FILLER_16_181, 89.52, 48.96, 1.8
clkgen.delay_155ns_3.genblk1\[3\].control_invert, 89.52, 48.96, 1.8
edgedetect.dly_315ns_1.genblk1\[4\].dly_binary.genblk1\[8\].delay_unit, 89.52, 48.96, 1.8
FILLER_14_173, 89.52, 43.52, 1.8
FILLER_15_175, 89.52, 43.52, 1.8
FILLER_15_192, 89.52, 43.52, 1.8
clkgen.delay_155ns_2.genblk1\[4\].control_invert, 89.52, 43.52, 1.8
clkgen.delay_155ns_3.genblk1\[1\].bypass_enable, 89.52, 43.52, 1.8
edgedetect.dly_315ns_1.genblk1\[5\].dly_binary.genblk1\[10\].delay_unit, 89.52, 43.52, 1.8
edgedetect.dly_315ns_1.genblk1\[5\].dly_binary.genblk1\[18\].delay_unit, 89.52, 43.52, 1.8
FILLER_12_174, 89.52, 38.08, 1.8
FILLER_13_187, 89.52, 38.08, 1.8
clkgen.delay_155ns_3.genblk1\[3\].dly_binary.genblk1\[3\].delay_unit, 89.52, 38.08, 1.8
edgedetect.dly_315ns_1.genblk1\[5\].dly_binary.genblk1\[11\].delay_unit, 89.52, 38.08, 1.8
FILLER_11_192, 89.52, 32.64, 1.8
clkgen.delay_155ns_3.genblk1\[2\].control_invert, 89.52, 32.64, 1.8
FILLER_10_183, 89.52, 27.2, 1.8
FILLER_9_195, 89.52, 27.2, 1.8
clkgen.delay_155ns_2.enablebuffer, 89.52, 27.2, 1.8
clkgen.delay_155ns_2.genblk1\[4\].dly_binary.genblk1\[6\].delay_unit, 89.52, 27.2, 1.8
clkgen.delay_155ns_2.genblk1\[4\].dly_binary.genblk1\[7\].delay_unit, 89.52, 27.2, 1.8
clkgen.delay_155ns_3.genblk1\[4\].dly_binary.genblk1\[3\].delay_unit, 89.52, 21.76, 1.8
FILLER_5_195, 89.52, 16.32, 1.8
FILLER_6_183, 89.52, 16.32, 1.8
clkgen.delay_155ns_2.genblk1\[1\].dly_binary.and_bypass_switch, 89.52, 16.32, 1.8
clkgen.delay_155ns_3.genblk1\[4\].dly_binary.genblk1\[4\].delay_unit, 89.52, 16.32, 1.8
FILLER_2_171, 89.52, 10.88, 1.8
FILLER_3_195, 89.52, 10.88, 1.8
FILLER_4_183, 89.52, 10.88, 1.8
clkgen.delay_155ns_1.genblk1\[2\].dly_binary.and_bypass_switch, 89.52, 10.88, 1.8
clkgen.delay_155ns_1.genblk1\[4\].dly_binary.genblk1\[12\].delay_unit, 89.52, 10.88, 1.8
clkgen.delay_155ns_1.genblk1\[4\].dly_binary.genblk1\[13\].delay_unit, 89.52, 10.88, 1.8
FILLER_0_183, 89.52, 5.44, 1.8
clkgen.delay_155ns_1.genblk1\[3\].dly_binary.genblk1\[2\].delay_unit, 89.52, 5.44, 1.8
clkgen.delay_155ns_1.genblk1\[4\].dly_binary.genblk1\[9\].delay_unit, 89.52, 5.44, 1.8
FILLER_18_124, 65.52, 54.4, 1.8
FILLER_19_125, 65.52, 54.4, 1.8
edgedetect.dly_315ns_1.genblk1\[4\].dly_binary.genblk1\[3\].delay_unit, 65.52, 54.4, 1.8
edgedetect.dly_315ns_1.genblk1\[4\].dly_binary.genblk1\[6\].delay_unit, 65.52, 54.4, 1.8
FILLER_16_124, 65.52, 48.96, 1.8
FILLER_17_125, 65.52, 48.96, 1.8
edgedetect.dly_315ns_1.genblk1\[4\].dly_binary.genblk1\[14\].delay_unit, 65.52, 48.96, 1.8
edgedetect.dly_315ns_1.genblk1\[4\].dly_binary.genblk1\[5\].delay_unit, 65.52, 48.96, 1.8
FILLER_14_124, 65.52, 43.52, 1.8
FILLER_15_137, 65.52, 43.52, 1.8
edgedetect.dly_315ns_1.genblk1\[5\].dly_binary.genblk1\[7\].delay_unit, 65.52, 43.52, 1.8
edgedetect.or1, 65.52, 43.52, 1.8
sampledly31, 65.52, 43.52, 1.8
edgedetect.dly_315ns_1.genblk1\[5\].dly_binary.genblk1\[6\].delay_unit, 65.52, 38.08, 1.8
FILLER_10_121, 65.52, 32.64, 1.8
FILLER_11_125, 65.52, 32.64, 1.8
FILLER_12_140, 65.52, 32.64, 1.8
clkgen.delay_155ns_2.genblk1\[4\].dly_binary.genblk1\[5\].delay_unit, 65.52, 32.64, 1.8
clkgen.delay_155ns_3.genblk1\[3\].dly_binary.genblk1\[0\].delay_unit, 65.52, 32.64, 1.8
FILLER_8_121, 65.52, 27.2, 1.8
FILLER_9_125, 65.52, 27.2, 1.8
clkgen.delay_155ns_2.genblk1\[4\].dly_binary.genblk1\[4\].delay_unit, 65.52, 27.2, 1.8
clkgen.delay_155ns_3.genblk1\[4\].dly_binary.genblk1\[0\].delay_unit, 65.52, 27.2, 1.8
clkgen.delay_155ns_2.genblk1\[3\].dly_binary.genblk1\[2\].delay_unit, 65.52, 21.76, 1.8
FILLER_4_122, 65.52, 16.32, 1.8
FILLER_5_125, 65.52, 16.32, 1.8
FILLER_6_141, 65.52, 16.32, 1.8
clkgen.delay_155ns_2.genblk1\[3\].dly_binary.genblk1\[3\].delay_unit, 65.52, 16.32, 1.8
clkgen.delay_155ns_2.genblk1\[3\].dly_binary.genblk1\[4\].delay_unit, 65.52, 16.32, 1.8
ANTENNA_clkgen.delay_155ns_2.genblk1\[3\].control_invert_A, 65.52, 10.88, 1.8
FILLER_2_124, 65.52, 10.88, 1.8
FILLER_3_125, 65.52, 10.88, 1.8
clkgen.delay_155ns_1.genblk1\[2\].dly_binary.genblk1\[3\].delay_unit, 65.52, 10.88, 1.8
clkgen.delay_155ns_1.genblk1\[4\].dly_binary.genblk1\[10\].delay_unit, 65.52, 10.88, 1.8
FILLER_1_125, 65.52, 5.44, 1.8
clkgen.delay_155ns_1.genblk1\[4\].dly_binary.genblk1\[5\].delay_unit, 65.52, 5.44, 1.8
clkgen.delay_155ns_1.genblk1\[4\].dly_binary.genblk1\[6\].delay_unit, 65.52, 5.44, 1.8
edgedetect.dly_315ns_1.genblk1\[3\].dly_binary.genblk1\[5\].delay_unit, 41.52, 54.4, 1.8
edgedetect.dly_315ns_1.genblk1\[3\].dly_binary.genblk1\[6\].delay_unit, 41.52, 54.4, 1.8
edgedetect.dly_315ns_1.genblk1\[2\].dly_binary.genblk1\[2\].delay_unit, 41.52, 48.96, 1.8
edgedetect.dly_315ns_1.genblk1\[4\].dly_binary.genblk1\[0\].delay_unit, 41.52, 48.96, 1.8
edgedetect.dly_315ns_1.genblk1\[2\].dly_binary.genblk1\[3\].delay_unit, 41.52, 43.52, 1.8
edgedetect.dly_315ns_1.genblk1\[5\].dly_binary.genblk1\[2\].delay_unit, 41.52, 43.52, 1.8
FILLER_13_74, 41.52, 38.08, 1.8
FILLER_13_84, 41.52, 38.08, 1.8
clkgen.delay_155ns_3.genblk1\[2\].dly_binary.and_bypass_switch, 41.52, 38.08, 1.8
clkgen.delay_155ns_3.genblk1\[2\].dly_binary.genblk1\[1\].delay_unit, 41.52, 38.08, 1.8
edgedetect.dly_315ns_1.genblk1\[5\].dly_binary.genblk1\[3\].delay_unit, 41.52, 38.08, 1.8
FILLER_10_69, 41.52, 32.64, 1.8
FILLER_10_76, 41.52, 32.64, 1.8
clkgen.delay_155ns_3.genblk1\[2\].dly_binary.genblk1\[0\].delay_unit, 41.52, 32.64, 1.8
inbuf_3, 41.52, 32.64, 1.8
FILLER_10_89, 41.52, 27.2, 1.8
clkgen.delay_155ns_2.genblk1\[4\].dly_binary.genblk1\[1\].delay_unit, 41.52, 27.2, 1.8
clkgen.delay_155ns_3.genblk1\[2\].dly_binary.out_mux, 41.52, 27.2, 1.8
FILLER_7_91, 41.52, 21.76, 1.8
FILLER_8_84, 41.52, 21.76, 1.8
clkgen.delay_155ns_2.genblk1\[2\].dly_binary.genblk1\[0\].delay_unit, 41.52, 21.76, 1.8
clkgen.delay_155ns_2.genblk1\[3\].dly_binary.genblk1\[0\].delay_unit, 41.52, 21.76, 1.8
clkgen.delay_155ns_3.genblk1\[0\].control_invert, 41.52, 21.76, 1.8
FILLER_5_75, 41.52, 16.32, 1.8
FILLER_5_82, 41.52, 16.32, 1.8
clkgen.delay_155ns_1.genblk1\[2\].dly_binary.genblk1\[0\].delay_unit, 41.52, 16.32, 1.8
clkgen.delay_155ns_2.genblk1\[2\].dly_binary.genblk1\[1\].delay_unit, 41.52, 16.32, 1.8
clkgen.delay_155ns_3.genblk1\[1\].control_invert, 41.52, 16.32, 1.8
FILLER_3_71, 41.52, 10.88, 1.8
FILLER_3_87, 41.52, 10.88, 1.8
clkgen.delay_155ns_1.genblk1\[3\].dly_binary.genblk1\[6\].delay_unit, 41.52, 10.88, 1.8
clkgen.delay_155ns_2.genblk1\[3\].dly_binary.genblk1\[1\].delay_unit, 41.52, 10.88, 1.8
sampledly22, 41.52, 10.88, 1.8
clkgen.delay_155ns_1.genblk1\[4\].dly_binary.genblk1\[2\].delay_unit, 41.52, 5.44, 1.8
clkgen.delay_155ns_1.genblk1\[4\].dly_binary.genblk1\[3\].delay_unit, 41.52, 5.44, 1.8
FILLER_18_15, 17.52, 54.4, 1.8
FILLER_19_15, 17.52, 54.4, 1.8
FILLER_19_32, 17.52, 54.4, 1.8
edgedetect.dly_315ns_1.genblk1\[3\].dly_binary.genblk1\[3\].delay_unit, 17.52, 54.4, 1.8
sampledly01, 17.52, 54.4, 1.8
sampledly11, 17.52, 54.4, 1.8
FILLER_16_16, 17.52, 48.96, 1.8
FILLER_17_19, 17.52, 48.96, 1.8
FILLER_18_32, 17.52, 48.96, 1.8
edgedetect.dly_315ns_1.genblk1\[1\].dly_binary.genblk1\[1\].delay_unit, 17.52, 48.96, 1.8
edgedetect.dly_315ns_1.genblk1\[3\].dly_binary.genblk1\[4\].delay_unit, 17.52, 48.96, 1.8
edgedetect.dly_315ns_1.genblk1\[4\].dly_binary.out_mux, 17.52, 48.96, 1.8
FILLER_14_16, 17.52, 43.52, 1.8
FILLER_15_31, 17.52, 43.52, 1.8
FILLER_16_32, 17.52, 43.52, 1.8
edgedetect.dly_315ns_1.genblk1\[2\].dly_binary.genblk1\[0\].delay_unit, 17.52, 43.52, 1.8
edgedetect.dly_315ns_1.genblk1\[2\].dly_binary.genblk1\[1\].delay_unit, 17.52, 43.52, 1.8
edgedetect.dly_315ns_1.genblk1\[5\].dly_binary.out_mux, 17.52, 43.52, 1.8
FILLER_12_16, 17.52, 38.08, 1.8
FILLER_13_31, 17.52, 38.08, 1.8
FILLER_14_32, 17.52, 38.08, 1.8
edgedetect.dly_315ns_1.genblk1\[0\].dly_binary.out_mux, 17.52, 38.08, 1.8
edgedetect.dly_315ns_1.genblk1\[5\].dly_binary.genblk1\[0\].delay_unit, 17.52, 38.08, 1.8
edgedetect.dly_315ns_1.genblk1\[5\].dly_binary.genblk1\[1\].delay_unit, 17.52, 38.08, 1.8
FILLER_10_16, 17.52, 32.64, 1.8
FILLER_11_30, 17.52, 32.64, 1.8
clkgen.delay_155ns_3.genblk1\[0\].dly_binary.out_mux, 17.52, 32.64, 1.8
clkgen.delay_155ns_3.genblk1\[1\].dly_binary.genblk1\[0\].delay_unit, 17.52, 32.64, 1.8
edgedetect.dly_315ns_1.genblk1\[3\].dly_binary.genblk1\[2\].delay_unit, 17.52, 32.64, 1.8
FILLER_8_16, 17.52, 27.2, 1.8
FILLER_9_30, 17.52, 27.2, 1.8
clkgen.delay_155ns_2.genblk1\[2\].dly_binary.out_mux, 17.52, 27.2, 1.8
clkgen.delay_155ns_3.genblk1\[0\].dly_binary.genblk1\[0\].delay_unit, 17.52, 27.2, 1.8
clkgen.delay_155ns_3.genblk1\[1\].dly_binary.and_bypass_switch, 17.52, 27.2, 1.8
FILLER_6_16, 17.52, 21.76, 1.8
FILLER_7_21, 17.52, 21.76, 1.8
FILLER_8_32, 17.52, 21.76, 1.8
clkgen.delay_155ns_2.genblk1\[1\].dly_binary.genblk1\[1\].delay_unit, 17.52, 21.76, 1.8
clkgen.delay_155ns_2.genblk1\[3\].dly_binary.and_bypass_switch, 17.52, 21.76, 1.8
clkgen.delay_155ns_2.genblk1\[3\].dly_binary.out_mux, 17.52, 21.76, 1.8
FILLER_4_16, 17.52, 16.32, 1.8
FILLER_5_31, 17.52, 16.32, 1.8
clkgen.delay_155ns_1.genblk1\[0\].dly_binary.genblk1\[0\].delay_unit, 17.52, 16.32, 1.8
clkgen.delay_155ns_1.genblk1\[0\].dly_binary.out_mux, 17.52, 16.32, 1.8
clkgen.delay_155ns_2.genblk1\[1\].dly_binary.genblk1\[0\].delay_unit, 17.52, 16.32, 1.8
FILLER_2_16, 17.52, 10.88, 1.8
FILLER_3_31, 17.52, 10.88, 1.8
FILLER_4_32, 17.52, 10.88, 1.8
clkgen.delay_155ns_1.genblk1\[1\].dly_binary.genblk1\[0\].delay_unit, 17.52, 10.88, 1.8
clkgen.delay_155ns_1.genblk1\[1\].dly_binary.genblk1\[1\].delay_unit, 17.52, 10.88, 1.8
clkgen.delay_155ns_1.genblk1\[1\].dly_binary.out_mux, 17.52, 10.88, 1.8
FILLER_0_15, 17.52, 5.44, 1.8
FILLER_0_32, 17.52, 5.44, 1.8
FILLER_1_31, 17.52, 5.44, 1.8
FILLER_2_32, 17.52, 5.44, 1.8
clkgen.delay_155ns_1.genblk1\[3\].dly_binary.genblk1\[4\].delay_unit, 17.52, 5.44, 1.8
clkgen.delay_155ns_1.genblk1\[3\].dly_binary.genblk1\[5\].delay_unit, 17.52, 5.44, 1.8
clkgen.delay_155ns_1.genblk1\[4\].dly_binary.genblk1\[1\].delay_unit, 17.52, 5.44, 1.8
sampledly02, 17.52, 5.44, 1.8
FILLER_19_3, 5.52, 54.4, 1.8
PHY_36, 5.52, 54.4, 1.8
PHY_38, 5.52, 54.4, 1.8
edgedetect.dly_315ns_1.enablebuffer, 5.52, 54.4, 1.8
PHY_37, 165.14, 54.4, 1.8
PHY_39, 165.14, 54.4, 1.8
FILLER_19_63, 29.52, 54.4, 1.8
FILLER_18_94, 53.52, 54.4, 1.8
FILLER_19_94, 53.52, 54.4, 1.8
edgedetect.dly_315ns_1.genblk1\[3\].dly_binary.genblk1\[7\].delay_unit, 53.52, 54.4, 1.8
edgedetect.dly_315ns_1.genblk1\[4\].dly_binary.genblk1\[4\].delay_unit, 53.52, 54.4, 1.8
FILLER_19_156, 77.52, 54.4, 1.8
edgedetect.dly_315ns_1.genblk1\[4\].dly_binary.genblk1\[7\].delay_unit, 77.52, 54.4, 1.8
FILLER_18_198, 101.52, 54.4, 1.8
FILLER_18_207, 101.52, 54.4, 1.8
FILLER_19_218, 101.52, 54.4, 1.8
edgedetect.dly_315ns_1.genblk1\[0\].bypass_enable, 101.52, 54.4, 1.8
edgedetect.dly_315ns_1.genblk1\[4\].dly_binary.genblk1\[11\].delay_unit, 101.52, 54.4, 1.8
edgedetect.dly_315ns_1.genblk1\[4\].dly_binary.genblk1\[12\].delay_unit, 125.52, 54.4, 1.8
edgedetect.dly_315ns_1.genblk1\[4\].dly_binary.genblk1\[13\].delay_unit, 125.52, 54.4, 1.8
ANTENNA_sampledly03_A, 149.52, 54.4, 1.8
FILLER_18_306, 149.52, 54.4, 1.8
FILLER_18_313, 149.52, 54.4, 1.8
FILLER_19_306, 149.52, 54.4, 1.8
FILLER_19_319, 149.52, 54.4, 1.8
FILLER_19_325, 149.52, 54.4, 1.8
edgedetect.dly_315ns_1.genblk1\[4\].control_invert, 149.52, 54.4, 1.8
outbuf_5, 149.52, 54.4, 1.8
FILLER_17_3, 5.52, 48.96, 1.8
FILLER_18_3, 5.52, 48.96, 1.8
PHY_32, 5.52, 48.96, 1.8
PHY_34, 5.52, 48.96, 1.8
edgedetect.dly_315ns_1.genblk1\[3\].dly_binary.out_mux, 5.52, 48.96, 1.8
edgedetect.dly_315ns_1.genblk1\[4\].dly_binary.and_bypass_switch, 5.52, 48.96, 1.8
PHY_33, 165.14, 48.96, 1.8
PHY_35, 165.14, 48.96, 1.8
FILLER_17_48, 29.52, 48.96, 1.8
FILLER_17_58, 29.52, 48.96, 1.8
FILLER_17_63, 29.52, 48.96, 1.8
FILLER_18_62, 29.52, 48.96, 1.8
edgedetect.dly_315ns_1.genblk1\[5\].dly_binary.and_bypass_switch, 29.52, 48.96, 1.8
FILLER_16_94, 53.52, 48.96, 1.8
FILLER_17_93, 53.52, 48.96, 1.8
edgedetect.dly_315ns_1.genblk1\[4\].dly_binary.genblk1\[1\].delay_unit, 53.52, 48.96, 1.8
edgedetect.dly_315ns_1.genblk1\[4\].dly_binary.genblk1\[2\].delay_unit, 53.52, 48.96, 1.8
FILLER_17_155, 77.52, 48.96, 1.8
FILLER_18_164, 77.52, 48.96, 1.8
edgedetect.dly_315ns_1.genblk1\[4\].dly_binary.genblk1\[15\].delay_unit, 77.52, 48.96, 1.8
outbuf_3, 77.52, 48.96, 1.8
FILLER_17_214, 101.52, 48.96, 1.8
FILLER_18_214, 101.52, 48.96, 1.8
edgedetect.dly_315ns_1.genblk1\[0\].control_invert, 101.52, 48.96, 1.8
edgedetect.dly_315ns_1.genblk1\[4\].dly_binary.genblk1\[10\].delay_unit, 101.52, 48.96, 1.8
edgedetect.dly_315ns_1.genblk1\[5\].dly_binary.genblk1\[21\].delay_unit, 101.52, 48.96, 1.8
edgedetect.dly_315ns_1.genblk1\[5\].dly_binary.genblk1\[16\].delay_unit, 125.52, 48.96, 1.8
edgedetect.dly_315ns_1.genblk1\[5\].dly_binary.genblk1\[22\].delay_unit, 125.52, 48.96, 1.8
ANTENNA_edgedetect.dly_315ns_1.genblk1\[0\].bypass_enable_A, 149.52, 48.96, 1.8
ANTENNA_edgedetect.dly_315ns_1.genblk1\[0\].control_invert_A, 149.52, 48.96, 1.8
FILLER_16_307, 149.52, 48.96, 1.8
FILLER_17_305, 149.52, 48.96, 1.8
FILLER_17_316, 149.52, 48.96, 1.8
FILLER_17_323, 149.52, 48.96, 1.8
FILLER_18_319, 149.52, 48.96, 1.8
FILLER_18_325, 149.52, 48.96, 1.8
edgedetect.dly_315ns_1.genblk1\[3\].control_invert, 149.52, 48.96, 1.8
edgedetect.dly_315ns_1.genblk1\[5\].control_invert, 149.52, 48.96, 1.8
edgedetect.dly_315ns_1.genblk1\[5\].dly_binary.genblk1\[25\].delay_unit, 149.52, 48.96, 1.8
FILLER_15_3, 5.52, 43.52, 1.8
FILLER_16_3, 5.52, 43.52, 1.8
PHY_28, 5.52, 43.52, 1.8
PHY_30, 5.52, 43.52, 1.8
edgedetect.dly_315ns_1.genblk1\[1\].dly_binary.genblk1\[0\].delay_unit, 5.52, 43.52, 1.8
edgedetect.dly_315ns_1.genblk1\[2\].dly_binary.out_mux, 5.52, 43.52, 1.8
PHY_29, 165.14, 43.52, 1.8
PHY_31, 165.14, 43.52, 1.8
FILLER_15_63, 29.52, 43.52, 1.8
FILLER_16_62, 29.52, 43.52, 1.8
FILLER_14_94, 53.52, 43.52, 1.8
FILLER_15_93, 53.52, 43.52, 1.8
edgedetect.dly_315ns_1.genblk1\[5\].dly_binary.genblk1\[4\].delay_unit, 53.52, 43.52, 1.8
edgedetect.dly_315ns_1.genblk1\[5\].dly_binary.genblk1\[5\].delay_unit, 53.52, 43.52, 1.8
FILLER_15_146, 77.52, 43.52, 1.8
FILLER_16_164, 77.52, 43.52, 1.8
edgedetect.dly_315ns_1.genblk1\[2\].dly_binary.and_bypass_switch, 77.52, 43.52, 1.8
edgedetect.dly_315ns_1.genblk1\[3\].dly_binary.and_bypass_switch, 77.52, 43.52, 1.8
edgedetect.dly_315ns_1.genblk1\[5\].dly_binary.genblk1\[8\].delay_unit, 77.52, 43.52, 1.8
FILLER_14_202, 101.52, 43.52, 1.8
FILLER_16_210, 101.52, 43.52, 1.8
clkgen.delay_155ns_3.genblk1\[3\].bypass_enable, 101.52, 43.52, 1.8
edgedetect.dly_315ns_1.genblk1\[5\].dly_binary.genblk1\[19\].delay_unit, 101.52, 43.52, 1.8
edgedetect.dly_315ns_1.genblk1\[5\].dly_binary.genblk1\[20\].delay_unit, 101.52, 43.52, 1.8
edgedetect.dly_315ns_1.genblk1\[5\].dly_binary.genblk1\[14\].delay_unit, 125.52, 43.52, 1.8
edgedetect.dly_315ns_1.genblk1\[5\].dly_binary.genblk1\[15\].delay_unit, 125.52, 43.52, 1.8
FILLER_14_307, 149.52, 43.52, 1.8
edgedetect.dly_315ns_1.genblk1\[5\].dly_binary.genblk1\[26\].delay_unit, 149.52, 43.52, 1.8
FILLER_13_3, 5.52, 38.08, 1.8
FILLER_14_3, 5.52, 38.08, 1.8
PHY_24, 5.52, 38.08, 1.8
PHY_26, 5.52, 38.08, 1.8
edgedetect.dly_315ns_1.genblk1\[0\].dly_binary.genblk1\[0\].delay_unit, 5.52, 38.08, 1.8
edgedetect.dly_315ns_1.genblk1\[1\].dly_binary.out_mux, 5.52, 38.08, 1.8
PHY_25, 165.14, 38.08, 1.8
PHY_27, 165.14, 38.08, 1.8
FILLER_14_62, 29.52, 38.08, 1.8
clkgen.delay_155ns_3.genblk1\[1\].dly_binary.out_mux, 29.52, 38.08, 1.8
FILLER_13_113, 53.52, 38.08, 1.8
clkgen.nor1, 53.52, 38.08, 1.8
sampledly21, 53.52, 38.08, 1.8
FILLER_13_152, 77.52, 38.08, 1.8
FILLER_14_164, 77.52, 38.08, 1.8
clkgen.delay_155ns_3.genblk1\[3\].dly_binary.out_mux, 77.52, 38.08, 1.8
edgedetect.dly_315ns_1.genblk1\[1\].dly_binary.and_bypass_switch, 77.52, 38.08, 1.8
edgedetect.dly_315ns_1.genblk1\[5\].dly_binary.genblk1\[9\].delay_unit, 77.52, 38.08, 1.8
edgedetect.nor1, 77.52, 38.08, 1.8
FILLER_12_207, 101.52, 38.08, 1.8
FILLER_13_215, 101.52, 38.08, 1.8
FILLER_14_211, 101.52, 38.08, 1.8
edgedetect.dly_315ns_1.genblk1\[5\].dly_binary.genblk1\[12\].delay_unit, 101.52, 38.08, 1.8
edgedetect.dly_315ns_1.genblk1\[5\].dly_binary.genblk1\[13\].delay_unit, 101.52, 38.08, 1.8
FILLER_12_250, 125.52, 38.08, 1.8
FILLER_12_259, 125.52, 38.08, 1.8
FILLER_13_256, 125.52, 38.08, 1.8
FILLER_13_265, 125.52, 38.08, 1.8
edgedetect.dly_315ns_1.genblk1\[2\].bypass_enable, 125.52, 38.08, 1.8
edgedetect.dly_315ns_1.genblk1\[3\].bypass_enable, 125.52, 38.08, 1.8
edgedetect.dly_315ns_1.genblk1\[4\].bypass_enable, 125.52, 38.08, 1.8
edgedetect.dly_315ns_1.genblk1\[5\].dly_binary.genblk1\[29\].delay_unit, 125.52, 38.08, 1.8
ANTENNA_clkgen.delay_155ns_3.genblk1\[0\].dly_binary.out_mux_S, 149.52, 38.08, 1.8
ANTENNA_edgedetect.dly_315ns_1.genblk1\[1\].bypass_enable_A, 149.52, 38.08, 1.8
ANTENNA_edgedetect.dly_315ns_1.genblk1\[1\].control_invert_A, 149.52, 38.08, 1.8
ANTENNA_edgedetect.dly_315ns_1.genblk1\[5\].bypass_enable_A, 149.52, 38.08, 1.8
FILLER_12_302, 149.52, 38.08, 1.8
FILLER_12_308, 149.52, 38.08, 1.8
FILLER_13_300, 149.52, 38.08, 1.8
FILLER_13_306, 149.52, 38.08, 1.8
FILLER_13_311, 149.52, 38.08, 1.8
edgedetect.dly_315ns_1.genblk1\[5\].dly_binary.genblk1\[27\].delay_unit, 149.52, 38.08, 1.8
edgedetect.dly_315ns_1.genblk1\[5\].dly_binary.genblk1\[28\].delay_unit, 149.52, 38.08, 1.8
FILLER_12_3, 5.52, 32.64, 1.8
PHY_20, 5.52, 32.64, 1.8
PHY_22, 5.52, 32.64, 1.8
edgedetect.dly_315ns_1.genblk1\[0\].dly_binary.and_bypass_switch, 5.52, 32.64, 1.8
edgedetect.dly_315ns_1.genblk1\[3\].dly_binary.genblk1\[1\].delay_unit, 5.52, 32.64, 1.8
PHY_21, 165.14, 32.64, 1.8
PHY_23, 165.14, 32.64, 1.8
FILLER_10_40, 29.52, 32.64, 1.8
FILLER_11_59, 29.52, 32.64, 1.8
FILLER_11_63, 29.52, 32.64, 1.8
FILLER_12_59, 29.52, 32.64, 1.8
clkgen.delay_155ns_3.genblk1\[1\].dly_binary.genblk1\[1\].delay_unit, 29.52, 32.64, 1.8
FILLER_11_93, 53.52, 32.64, 1.8
FILLER_12_106, 53.52, 32.64, 1.8
clkgen.delay_155ns_1.genblk1\[3\].dly_binary.genblk1\[0\].delay_unit, 53.52, 32.64, 1.8
clkgen.delay_155ns_3.genblk1\[2\].dly_binary.genblk1\[2\].delay_unit, 53.52, 32.64, 1.8
clkgen.delay_155ns_3.genblk1\[2\].dly_binary.genblk1\[3\].delay_unit, 53.52, 32.64, 1.8
FILLER_11_155, 77.52, 32.64, 1.8
FILLER_12_164, 77.52, 32.64, 1.8
clkgen.delay_155ns_3.enablebuffer, 77.52, 32.64, 1.8
clkgen.delay_155ns_3.genblk1\[3\].dly_binary.and_bypass_switch, 77.52, 32.64, 1.8
clkgen.delay_155ns_3.genblk1\[3\].dly_binary.genblk1\[2\].delay_unit, 77.52, 32.64, 1.8
FILLER_12_214, 101.52, 32.64, 1.8
FILLER_12_218, 101.52, 32.64, 1.8
clkgen.delay_155ns_3.genblk1\[3\].dly_binary.genblk1\[4\].delay_unit, 101.52, 32.64, 1.8
clkgen.delay_155ns_3.genblk1\[4\].control_invert, 101.52, 32.64, 1.8
FILLER_12_266, 125.52, 32.64, 1.8
FILLER_12_273, 125.52, 32.64, 1.8
clkgen.delay_155ns_2.genblk1\[4\].dly_binary.genblk1\[12\].delay_unit, 125.52, 32.64, 1.8
clkgen.delay_155ns_3.genblk1\[3\].dly_binary.genblk1\[7\].delay_unit, 125.52, 32.64, 1.8
edgedetect.dly_315ns_1.genblk1\[1\].control_invert, 125.52, 32.64, 1.8
edgedetect.dly_315ns_1.genblk1\[2\].control_invert, 125.52, 32.64, 1.8
ANTENNA_edgedetect.dly_315ns_1.genblk1\[0\].dly_binary.and_bypass_switch_A_N, 149.52, 32.64, 1.8
ANTENNA_edgedetect.dly_315ns_1.genblk1\[0\].dly_binary.out_mux_A1, 149.52, 32.64, 1.8
ANTENNA_edgedetect.dly_315ns_1.genblk1\[0\].dly_binary.out_mux_S, 149.52, 32.64, 1.8
ANTENNA_edgedetect.dly_315ns_1.genblk1\[2\].control_invert_A, 149.52, 32.64, 1.8
ANTENNA_edgedetect.dly_315ns_1.genblk1\[5\].dly_binary.out_mux_A0, 149.52, 32.64, 1.8
ANTENNA_inbuf_3_A, 149.52, 32.64, 1.8
FILLER_11_300, 149.52, 32.64, 1.8
FILLER_11_306, 149.52, 32.64, 1.8
FILLER_11_315, 149.52, 32.64, 1.8
FILLER_11_321, 149.52, 32.64, 1.8
FILLER_12_314, 149.52, 32.64, 1.8
FILLER_12_320, 149.52, 32.64, 1.8
FILLER_12_326, 149.52, 32.64, 1.8
clkgen.delay_155ns_2.genblk1\[4\].dly_binary.genblk1\[15\].delay_unit, 149.52, 32.64, 1.8
FILLER_10_3, 5.52, 27.2, 1.8
PHY_16, 5.52, 27.2, 1.8
PHY_18, 5.52, 27.2, 1.8
clkgen.delay_155ns_3.genblk1\[0\].dly_binary.and_bypass_switch, 5.52, 27.2, 1.8
edgedetect.dly_315ns_1.genblk1\[3\].dly_binary.genblk1\[0\].delay_unit, 5.52, 27.2, 1.8
PHY_17, 165.14, 27.2, 1.8
PHY_19, 165.14, 27.2, 1.8
FILLER_8_42, 29.52, 27.2, 1.8
FILLER_9_59, 29.52, 27.2, 1.8
FILLER_9_63, 29.52, 27.2, 1.8
clkgen.delay_155ns_2.genblk1\[4\].dly_binary.out_mux, 29.52, 27.2, 1.8
FILLER_9_93, 53.52, 27.2, 1.8
clkgen.delay_155ns_2.genblk1\[4\].dly_binary.genblk1\[2\].delay_unit, 53.52, 27.2, 1.8
clkgen.delay_155ns_2.genblk1\[4\].dly_binary.genblk1\[3\].delay_unit, 53.52, 27.2, 1.8
FILLER_9_155, 77.52, 27.2, 1.8
clkgen.delay_155ns_3.genblk1\[3\].dly_binary.genblk1\[1\].delay_unit, 77.52, 27.2, 1.8
clkgen.delay_155ns_3.genblk1\[4\].dly_binary.genblk1\[2\].delay_unit, 77.52, 27.2, 1.8
FILLER_10_212, 101.52, 27.2, 1.8
FILLER_8_196, 101.52, 27.2, 1.8
FILLER_8_206, 101.52, 27.2, 1.8
clkgen.delay_155ns_1.enablebuffer, 101.52, 27.2, 1.8
clkgen.delay_155ns_2.genblk1\[4\].dly_binary.genblk1\[8\].delay_unit, 101.52, 27.2, 1.8
clkgen.delay_155ns_3.genblk1\[3\].dly_binary.genblk1\[5\].delay_unit, 101.52, 27.2, 1.8
clkgen.delay_155ns_2.genblk1\[4\].dly_binary.genblk1\[10\].delay_unit, 125.52, 27.2, 1.8
clkgen.delay_155ns_2.genblk1\[4\].dly_binary.genblk1\[11\].delay_unit, 125.52, 27.2, 1.8
FILLER_10_325, 149.52, 27.2, 1.8
FILLER_8_313, 149.52, 27.2, 1.8
FILLER_9_305, 149.52, 27.2, 1.8
FILLER_9_311, 149.52, 27.2, 1.8
clkgen.delay_155ns_3.genblk1\[4\].dly_binary.genblk1\[15\].delay_unit, 149.52, 27.2, 1.8
FILLER_7_8, 5.52, 21.76, 1.8
FILLER_8_3, 5.52, 21.76, 1.8
PHY_12, 5.52, 21.76, 1.8
PHY_14, 5.52, 21.76, 1.8
clkgen.delay_155ns_1.genblk1\[4\].dly_binary.out_mux, 5.52, 21.76, 1.8
clkgen.delay_155ns_2.genblk1\[1\].dly_binary.out_mux, 5.52, 21.76, 1.8
inbuf_2, 5.52, 21.76, 1.8
PHY_13, 165.14, 21.76, 1.8
PHY_15, 165.14, 21.76, 1.8
FILLER_7_50, 29.52, 21.76, 1.8
FILLER_7_63, 29.52, 21.76, 1.8
FILLER_8_55, 29.52, 21.76, 1.8
clkgen.delay_155ns_2.genblk1\[4\].dly_binary.and_bypass_switch, 29.52, 21.76, 1.8
clkgen.delay_155ns_2.genblk1\[4\].dly_binary.genblk1\[0\].delay_unit, 29.52, 21.76, 1.8
FILLER_6_94, 53.52, 21.76, 1.8
clkgen.delay_155ns_2.genblk1\[2\].dly_binary.genblk1\[2\].delay_unit, 53.52, 21.76, 1.8
sampledly32, 53.52, 21.76, 1.8
FILLER_6_151, 77.52, 21.76, 1.8
FILLER_7_152, 77.52, 21.76, 1.8
FILLER_8_167, 77.52, 21.76, 1.8
clkgen.delay_155ns_2.genblk1\[3\].dly_binary.genblk1\[7\].delay_unit, 77.52, 21.76, 1.8
clkgen.delay_155ns_3.genblk1\[4\].dly_binary.and_bypass_switch, 77.52, 21.76, 1.8
clkgen.delay_155ns_3.genblk1\[4\].dly_binary.out_mux, 77.52, 21.76, 1.8
FILLER_7_214, 101.52, 21.76, 1.8
clkgen.delay_155ns_2.genblk1\[4\].dly_binary.genblk1\[9\].delay_unit, 101.52, 21.76, 1.8
clkgen.delay_155ns_3.genblk1\[0\].bypass_enable, 101.52, 21.76, 1.8
clkgen.delay_155ns_3.genblk1\[4\].dly_binary.genblk1\[5\].delay_unit, 101.52, 21.76, 1.8
clkgen.delay_155ns_3.genblk1\[4\].dly_binary.genblk1\[7\].delay_unit, 125.52, 21.76, 1.8
clkgen.delay_155ns_3.genblk1\[4\].dly_binary.genblk1\[8\].delay_unit, 125.52, 21.76, 1.8
ANTENNA_clkgen.delay_155ns_2.genblk1\[4\].dly_binary.out_mux_A0, 149.52, 21.76, 1.8
ANTENNA_clkgen.delay_155ns_3.genblk1\[0\].control_invert_A, 149.52, 21.76, 1.8
FILLER_6_307, 149.52, 21.76, 1.8
FILLER_7_305, 149.52, 21.76, 1.8
FILLER_8_319, 149.52, 21.76, 1.8
FILLER_8_325, 149.52, 21.76, 1.8
clkgen.delay_155ns_3.genblk1\[4\].dly_binary.genblk1\[12\].delay_unit, 149.52, 21.76, 1.8
clkgen.delay_155ns_3.genblk1\[4\].dly_binary.genblk1\[13\].delay_unit, 149.52, 21.76, 1.8
FILLER_5_3, 5.52, 16.32, 1.8
FILLER_6_3, 5.52, 16.32, 1.8
PHY_10, 5.52, 16.32, 1.8
PHY_8, 5.52, 16.32, 1.8
clkgen.delay_155ns_2.genblk1\[0\].dly_binary.genblk1\[0\].delay_unit, 5.52, 16.32, 1.8
clkgen.delay_155ns_2.genblk1\[0\].dly_binary.out_mux, 5.52, 16.32, 1.8
PHY_11, 165.14, 16.32, 1.8
PHY_9, 165.14, 16.32, 1.8
FILLER_6_59, 29.52, 16.32, 1.8
sampledly12, 29.52, 16.32, 1.8
FILLER_4_94, 53.52, 16.32, 1.8
FILLER_5_111, 53.52, 16.32, 1.8
FILLER_6_111, 53.52, 16.32, 1.8
clkgen.delay_155ns_1.genblk1\[2\].dly_binary.genblk1\[2\].delay_unit, 53.52, 16.32, 1.8
clkgen.delay_155ns_2.genblk1\[2\].dly_binary.genblk1\[3\].delay_unit, 53.52, 16.32, 1.8
outbuf_4, 53.52, 16.32, 1.8
FILLER_4_151, 77.52, 16.32, 1.8
FILLER_5_155, 77.52, 16.32, 1.8
clkgen.delay_155ns_2.genblk1\[3\].dly_binary.genblk1\[6\].delay_unit, 77.52, 16.32, 1.8
clkgen.delay_155ns_3.genblk1\[4\].dly_binary.genblk1\[1\].delay_unit, 77.52, 16.32, 1.8
FILLER_5_205, 101.52, 16.32, 1.8
FILLER_5_215, 101.52, 16.32, 1.8
clkgen.delay_155ns_1.genblk1\[4\].dly_binary.and_bypass_switch, 101.52, 16.32, 1.8
clkgen.delay_155ns_2.genblk1\[0\].dly_binary.and_bypass_switch, 101.52, 16.32, 1.8
clkgen.delay_155ns_3.genblk1\[4\].dly_binary.genblk1\[6\].delay_unit, 101.52, 16.32, 1.8
outbuf_1, 101.52, 16.32, 1.8
FILLER_4_254, 125.52, 16.32, 1.8
FILLER_5_249, 125.52, 16.32, 1.8
clkgen.delay_155ns_1.genblk1\[1\].bypass_enable, 125.52, 16.32, 1.8
clkgen.delay_155ns_2.genblk1\[0\].control_invert, 125.52, 16.32, 1.8
clkgen.delay_155ns_3.genblk1\[4\].dly_binary.genblk1\[9\].delay_unit, 125.52, 16.32, 1.8
ANTENNA_clkgen.delay_155ns_1.genblk1\[4\].dly_binary.out_mux_S, 149.52, 16.32, 1.8
ANTENNA_clkgen.delay_155ns_2.genblk1\[0\].dly_binary.out_mux_S, 149.52, 16.32, 1.8
ANTENNA_clkgen.delay_155ns_2.genblk1\[2\].dly_binary.out_mux_S, 149.52, 16.32, 1.8
ANTENNA_clkgen.delay_155ns_2.genblk1\[3\].dly_binary.out_mux_S, 149.52, 16.32, 1.8
FILLER_4_302, 149.52, 16.32, 1.8
FILLER_4_308, 149.52, 16.32, 1.8
FILLER_5_304, 149.52, 16.32, 1.8
clkgen.delay_155ns_3.genblk1\[4\].dly_binary.genblk1\[14\].delay_unit, 149.52, 16.32, 1.8
FILLER_3_3, 5.52, 10.88, 1.8
FILLER_4_3, 5.52, 10.88, 1.8
PHY_4, 5.52, 10.88, 1.8
PHY_6, 5.52, 10.88, 1.8
clkgen.delay_155ns_1.genblk1\[2\].dly_binary.out_mux, 5.52, 10.88, 1.8
clkgen.delay_155ns_1.genblk1\[4\].dly_binary.genblk1\[0\].delay_unit, 5.52, 10.88, 1.8
PHY_5, 165.14, 10.88, 1.8
PHY_7, 165.14, 10.88, 1.8
FILLER_4_62, 29.52, 10.88, 1.8
clkgen.delay_155ns_2.genblk1\[2\].dly_binary.and_bypass_switch, 29.52, 10.88, 1.8
FILLER_2_94, 53.52, 10.88, 1.8
FILLER_3_116, 53.52, 10.88, 1.8
clkgen.delay_155ns_1.genblk1\[2\].dly_binary.genblk1\[1\].delay_unit, 53.52, 10.88, 1.8
FILLER_3_155, 77.52, 10.88, 1.8
clkgen.delay_155ns_1.genblk1\[4\].dly_binary.genblk1\[11\].delay_unit, 77.52, 10.88, 1.8
clkgen.delay_155ns_2.genblk1\[3\].dly_binary.genblk1\[5\].delay_unit, 77.52, 10.88, 1.8
FILLER_2_201, 101.52, 10.88, 1.8
FILLER_4_214, 101.52, 10.88, 1.8
clkgen.delay_155ns_1.genblk1\[3\].dly_binary.and_bypass_switch, 101.52, 10.88, 1.8
clkgen.delay_155ns_1.genblk1\[4\].dly_binary.genblk1\[14\].delay_unit, 101.52, 10.88, 1.8
clkgen.delay_155ns_1.genblk1\[4\].dly_binary.genblk1\[15\].delay_unit, 101.52, 10.88, 1.8
ANTENNA_clkgen.delay_155ns_1.genblk1\[4\].dly_binary.and_bypass_switch_B, 125.52, 10.88, 1.8
ANTENNA_clkgen.delay_155ns_2.genblk1\[0\].dly_binary.and_bypass_switch_B, 125.52, 10.88, 1.8
FILLER_2_250, 125.52, 10.88, 1.8
FILLER_2_257, 125.52, 10.88, 1.8
FILLER_3_254, 125.52, 10.88, 1.8
FILLER_3_261, 125.52, 10.88, 1.8
FILLER_3_267, 125.52, 10.88, 1.8
FILLER_3_273, 125.52, 10.88, 1.8
FILLER_4_261, 125.52, 10.88, 1.8
FILLER_4_268, 125.52, 10.88, 1.8
clkgen.delay_155ns_1.genblk1\[1\].control_invert, 125.52, 10.88, 1.8
clkgen.delay_155ns_1.genblk1\[2\].control_invert, 125.52, 10.88, 1.8
clkgen.delay_155ns_1.genblk1\[3\].control_invert, 125.52, 10.88, 1.8
clkgen.delay_155ns_1.genblk1\[4\].control_invert, 125.52, 10.88, 1.8
clkgen.delay_155ns_2.genblk1\[1\].control_invert, 125.52, 10.88, 1.8
ANTENNA_clkgen.delay_155ns_1.genblk1\[0\].dly_binary.out_mux_S, 149.52, 10.88, 1.8
ANTENNA_clkgen.delay_155ns_1.genblk1\[1\].dly_binary.out_mux_S, 149.52, 10.88, 1.8
ANTENNA_clkgen.delay_155ns_1.genblk1\[2\].dly_binary.out_mux_S, 149.52, 10.88, 1.8
ANTENNA_clkgen.delay_155ns_1.genblk1\[3\].dly_binary.out_mux_A1, 149.52, 10.88, 1.8
ANTENNA_clkgen.delay_155ns_2.genblk1\[1\].dly_binary.out_mux_S, 149.52, 10.88, 1.8
ANTENNA_edgedetect.dly_315ns_1.enablebuffer_A, 149.52, 10.88, 1.8
ANTENNA_inbuf_2_A, 149.52, 10.88, 1.8
FILLER_2_302, 149.52, 10.88, 1.8
FILLER_2_308, 149.52, 10.88, 1.8
FILLER_3_303, 149.52, 10.88, 1.8
FILLER_3_315, 149.52, 10.88, 1.8
FILLER_4_314, 149.52, 10.88, 1.8
FILLER_4_320, 149.52, 10.88, 1.8
FILLER_0_3, 5.52, 5.44, 1.8
FILLER_1_3, 5.52, 5.44, 1.8
FILLER_2_3, 5.52, 5.44, 1.8
PHY_0, 5.52, 5.44, 1.8
PHY_2, 5.52, 5.44, 1.8
clkgen.delay_155ns_1.genblk1\[0\].dly_binary.and_bypass_switch, 5.52, 5.44, 1.8
clkgen.delay_155ns_1.genblk1\[3\].dly_binary.genblk1\[3\].delay_unit, 5.52, 5.44, 1.8
clkgen.delay_155ns_1.genblk1\[3\].dly_binary.out_mux, 5.52, 5.44, 1.8
PHY_1, 165.14, 5.44, 1.8
PHY_3, 165.14, 5.44, 1.8
FILLER_0_63, 29.52, 5.44, 1.8
FILLER_1_63, 29.52, 5.44, 1.8
FILLER_2_62, 29.52, 5.44, 1.8
FILLER_0_94, 53.52, 5.44, 1.8
FILLER_1_93, 53.52, 5.44, 1.8
clkgen.delay_155ns_1.genblk1\[3\].dly_binary.genblk1\[7\].delay_unit, 53.52, 5.44, 1.8
clkgen.delay_155ns_1.genblk1\[4\].dly_binary.genblk1\[4\].delay_unit, 53.52, 5.44, 1.8
FILLER_0_152, 77.52, 5.44, 1.8
FILLER_1_155, 77.52, 5.44, 1.8
FILLER_2_164, 77.52, 5.44, 1.8
clkgen.delay_155ns_1.genblk1\[1\].dly_binary.and_bypass_switch, 77.52, 5.44, 1.8
clkgen.delay_155ns_1.genblk1\[4\].dly_binary.genblk1\[7\].delay_unit, 77.52, 5.44, 1.8
clkgen.delay_155ns_1.genblk1\[4\].dly_binary.genblk1\[8\].delay_unit, 77.52, 5.44, 1.8
clkgen.delay_155ns_2.genblk1\[3\].control_invert, 77.52, 5.44, 1.8
FILLER_0_214, 101.52, 5.44, 1.8
FILLER_1_214, 101.52, 5.44, 1.8
FILLER_2_211, 101.52, 5.44, 1.8
clkgen.delay_155ns_1.genblk1\[3\].dly_binary.genblk1\[1\].delay_unit, 101.52, 5.44, 1.8
clkgen.delay_155ns_2.genblk1\[0\].bypass_enable, 101.52, 5.44, 1.8
clkgen.delay_155ns_2.genblk1\[2\].control_invert, 101.52, 5.44, 1.8
ANTENNA_clkgen.delay_155ns_1.genblk1\[1\].dly_binary.and_bypass_switch_A_N, 125.52, 5.44, 1.8
ANTENNA_clkgen.delay_155ns_1.genblk1\[2\].dly_binary.and_bypass_switch_A_N, 125.52, 5.44, 1.8
ANTENNA_clkgen.delay_155ns_1.genblk1\[3\].dly_binary.and_bypass_switch_A_N, 125.52, 5.44, 1.8
ANTENNA_clkgen.delay_155ns_1.genblk1\[3\].dly_binary.and_bypass_switch_B, 125.52, 5.44, 1.8
ANTENNA_clkgen.delay_155ns_2.genblk1\[2\].control_invert_A, 125.52, 5.44, 1.8
ANTENNA_outbuf_1_A, 125.52, 5.44, 1.8
FILLER_0_261, 125.52, 5.44, 1.8
FILLER_1_254, 125.52, 5.44, 1.8
FILLER_1_260, 125.52, 5.44, 1.8
FILLER_1_266, 125.52, 5.44, 1.8
FILLER_1_272, 125.52, 5.44, 1.8
FILLER_2_263, 125.52, 5.44, 1.8
FILLER_2_269, 125.52, 5.44, 1.8
inbuf_1, 125.52, 5.44, 1.8
sampledly14, 125.52, 5.44, 1.8
sampledly24, 125.52, 5.44, 1.8
ANTENNA_clkgen.delay_155ns_1.genblk1\[0\].dly_binary.and_bypass_switch_A_N, 149.52, 5.44, 1.8
ANTENNA_clkgen.delay_155ns_1.genblk1\[3\].dly_binary.out_mux_S, 149.52, 5.44, 1.8
ANTENNA_sampledly02_A, 149.52, 5.44, 1.8
FILLER_0_307, 149.52, 5.44, 1.8
FILLER_1_302, 149.52, 5.44, 1.8
outbuf_6, 149.52, 5.44, 1.8

