Instance name,  X location,  Y location,  Voltage 
FILLER_26_88, 41.06, 76.16, 1.8
FILLER_27_90, 41.06, 76.16, 1.8
FILLER_28_90, 41.06, 76.16, 1.8
clkgen.delay_100ns_1.genblk1\[1\].delay_unit, 41.06, 76.16, 1.8
FILLER_24_88, 41.06, 70.72, 1.8
FILLER_25_90, 41.06, 70.72, 1.8
clkgen.delay_100ns_1.genblk1\[2\].delay_unit, 41.06, 70.72, 1.8
clkgen.delay_100ns_1.genblk1\[3\].delay_unit, 41.06, 70.72, 1.8
FILLER_22_88, 41.06, 65.28, 1.8
FILLER_23_90, 41.06, 65.28, 1.8
FILLER_24_94, 41.06, 65.28, 1.8
clkgen.delay_100ns_3.genblk1\[16\].delay_unit, 41.06, 65.28, 1.8
clkgen.delay_100ns_3.genblk1\[17\].delay_unit, 41.06, 65.28, 1.8
FILLER_20_88, 41.06, 59.84, 1.8
FILLER_21_90, 41.06, 59.84, 1.8
FILLER_22_94, 41.06, 59.84, 1.8
clkgen.delay_100ns_3.genblk1\[14\].delay_unit, 41.06, 59.84, 1.8
clkgen.delay_100ns_3.genblk1\[15\].delay_unit, 41.06, 59.84, 1.8
clkgen.delay_100ns_3.genblk1\[12\].delay_unit, 41.06, 54.4, 1.8
FILLER_17_90, 41.06, 48.96, 1.8
clkgen.delay_100ns_3.genblk1\[11\].delay_unit, 41.06, 48.96, 1.8
clkgen.delay_100ns_3.genblk1\[13\].delay_unit, 41.06, 48.96, 1.8
FILLER_15_90, 41.06, 43.52, 1.8
FILLER_16_94, 41.06, 43.52, 1.8
clkgen.delay_100ns_1.genblk1\[15\].delay_unit, 41.06, 43.52, 1.8
clkgen.delay_100ns_1.genblk1\[16\].delay_unit, 41.06, 43.52, 1.8
FILLER_13_98, 41.06, 38.08, 1.8
FILLER_14_89, 41.06, 38.08, 1.8
clkgen.delay_100ns_1.genblk1\[14\].delay_unit, 41.06, 38.08, 1.8
FILLER_11_90, 41.06, 32.64, 1.8
clkgen.delay_100ns_2.genblk1\[5\].delay_unit, 41.06, 32.64, 1.8
clkgen.delay_100ns_2.genblk1\[6\].delay_unit, 41.06, 32.64, 1.8
FILLER_8_88, 41.06, 27.2, 1.8
FILLER_9_90, 41.06, 27.2, 1.8
clkgen.delay_100ns_2.genblk1\[3\].delay_unit, 41.06, 27.2, 1.8
clkgen.delay_100ns_2.genblk1\[4\].delay_unit, 41.06, 27.2, 1.8
FILLER_6_88, 41.06, 21.76, 1.8
FILLER_7_90, 41.06, 21.76, 1.8
FILLER_8_94, 41.06, 21.76, 1.8
clkgen.delay_100ns_1.genblk1\[17\].delay_unit, 41.06, 21.76, 1.8
clkgen.delay_100ns_2.genblk1\[2\].delay_unit, 41.06, 21.76, 1.8
FILLER_4_88, 41.06, 16.32, 1.8
FILLER_5_90, 41.06, 16.32, 1.8
FILLER_6_94, 41.06, 16.32, 1.8
clkgen.delay_100ns_2.genblk1\[1\].delay_unit, 41.06, 16.32, 1.8
edgedetect.delay_200ns.genblk1\[31\].delay_unit, 41.06, 16.32, 1.8
FILLER_2_88, 41.06, 10.88, 1.8
edgedetect.delay_200ns.genblk1\[34\].delay_unit, 41.06, 10.88, 1.8
FILLER_0_90, 41.06, 5.44, 1.8
FILLER_27_30, 12.06, 76.16, 1.8
FILLER_28_27, 12.06, 76.16, 1.8
edgedetect.delay_200ns.genblk1\[22\].delay_unit, 12.06, 76.16, 1.8
edgedetect.delay_200ns.genblk1\[26\].delay_unit, 12.06, 76.16, 1.8
FILLER_25_30, 12.06, 70.72, 1.8
FILLER_26_27, 12.06, 70.72, 1.8
edgedetect.delay_200ns.genblk1\[15\].delay_unit, 12.06, 70.72, 1.8
edgedetect.delay_200ns.genblk1\[19\].delay_unit, 12.06, 70.72, 1.8
FILLER_23_31, 12.06, 65.28, 1.8
FILLER_24_27, 12.06, 65.28, 1.8
edgedetect.delay_200ns.genblk1\[11\].delay_unit, 12.06, 65.28, 1.8
edgedetect.delay_200ns.genblk1\[5\].delay_unit, 12.06, 65.28, 1.8
FILLER_20_20, 12.06, 59.84, 1.8
FILLER_22_27, 12.06, 59.84, 1.8
edgedetect.delay_200ns.genblk1\[3\].delay_unit, 12.06, 59.84, 1.8
FILLER_20_28, 12.06, 54.4, 1.8
clkgen.delay_100ns_1.genblk1\[6\].delay_unit, 12.06, 54.4, 1.8
clkgen.delay_100ns_1.genblk1\[8\].delay_unit, 12.06, 54.4, 1.8
FILLER_17_31, 12.06, 48.96, 1.8
FILLER_18_27, 12.06, 48.96, 1.8
clkgen.delay_100ns_1.genblk1\[9\].delay_unit, 12.06, 48.96, 1.8
FILLER_14_14, 12.06, 43.52, 1.8
FILLER_14_21, 12.06, 43.52, 1.8
FILLER_15_31, 12.06, 43.52, 1.8
FILLER_16_27, 12.06, 43.52, 1.8
clkgen.delay_100ns_3.genblk1\[7\].delay_unit, 12.06, 43.52, 1.8
inbuf_2, 12.06, 43.52, 1.8
FILLER_13_25, 12.06, 38.08, 1.8
FILLER_14_32, 12.06, 38.08, 1.8
clkgen.delay_100ns_3.genblk1\[5\].delay_unit, 12.06, 38.08, 1.8
clkgen.delay_100ns_3.genblk1\[6\].delay_unit, 12.06, 38.08, 1.8
FILLER_10_20, 12.06, 32.64, 1.8
FILLER_11_31, 12.06, 32.64, 1.8
FILLER_12_27, 12.06, 32.64, 1.8
FILLER_12_32, 12.06, 32.64, 1.8
clkgen.delay_100ns_2.genblk1\[11\].delay_unit, 12.06, 32.64, 1.8
FILLER_10_28, 12.06, 27.2, 1.8
FILLER_9_27, 12.06, 27.2, 1.8
clkgen.delay_100ns_2.genblk1\[12\].delay_unit, 12.06, 27.2, 1.8
FILLER_7_15, 12.06, 21.76, 1.8
FILLER_8_27, 12.06, 21.76, 1.8
clkgen.delay_100ns_2.genblk1\[14\].delay_unit, 12.06, 21.76, 1.8
clkgen.delay_100ns_3.genblk1\[2\].delay_unit, 12.06, 21.76, 1.8
FILLER_6_27, 12.06, 16.32, 1.8
clkgen.delay_100ns_2.genblk1\[16\].delay_unit, 12.06, 16.32, 1.8
FILLER_3_30, 12.06, 10.88, 1.8
FILLER_4_27, 12.06, 10.88, 1.8
edgedetect.delay_200ns.genblk1\[10\].delay_unit, 12.06, 10.88, 1.8
edgedetect.delay_200ns.genblk1\[14\].delay_unit, 12.06, 10.88, 1.8
FILLER_0_27, 12.06, 5.44, 1.8
FILLER_1_30, 12.06, 5.44, 1.8
FILLER_2_27, 12.06, 5.44, 1.8
edgedetect.delay_200ns.genblk1\[18\].delay_unit, 12.06, 5.44, 1.8
edgedetect.delay_200ns.genblk1\[21\].delay_unit, 12.06, 5.44, 1.8
edgedetect.delay_200ns.genblk1\[25\].delay_unit, 12.06, 5.44, 1.8
PHY_56, 0.46, 81.6, 1.8
PHY_57, 59.34, 81.6, 1.8
FILLER_28_59, 31.393, 81.6, 1.8
clkgen.delay_100ns_1.genblk1\[4\].delay_unit, 31.393, 81.6, 1.8
PHY_52, 0.46, 76.16, 1.8
PHY_54, 0.46, 76.16, 1.8
edgedetect.delay_200ns.genblk1\[9\].delay_unit, 0.46, 76.16, 1.8
FILLER_26_121, 59.34, 76.16, 1.8
FILLER_27_119, 59.34, 76.16, 1.8
PHY_53, 59.34, 76.16, 1.8
PHY_55, 59.34, 76.16, 1.8
FILLER_26_59, 31.393, 76.16, 1.8
FILLER_27_59, 31.393, 76.16, 1.8
edgedetect.delay_200ns.genblk1\[30\].delay_unit, 31.393, 76.16, 1.8
edgedetect.delay_200ns.genblk1\[33\].delay_unit, 31.393, 76.16, 1.8
FILLER_28_118, 50.2, 76.16, 1.8
PHY_48, 0.46, 70.72, 1.8
PHY_50, 0.46, 70.72, 1.8
edgedetect.delay_200ns.genblk1\[2\].delay_unit, 0.46, 70.72, 1.8
FILLER_25_119, 59.34, 70.72, 1.8
PHY_49, 59.34, 70.72, 1.8
PHY_51, 59.34, 70.72, 1.8
FILLER_24_59, 31.393, 70.72, 1.8
FILLER_25_59, 31.393, 70.72, 1.8
edgedetect.delay_200ns.genblk1\[24\].delay_unit, 31.393, 70.72, 1.8
edgedetect.delay_200ns.genblk1\[28\].delay_unit, 31.393, 70.72, 1.8
FILLER_23_3, 0.46, 65.28, 1.8
PHY_44, 0.46, 65.28, 1.8
PHY_46, 0.46, 65.28, 1.8
clkgen.delay_100ns_1.genblk1\[5\].delay_unit, 0.46, 65.28, 1.8
PHY_45, 59.34, 65.28, 1.8
PHY_47, 59.34, 65.28, 1.8
FILLER_22_59, 31.393, 65.28, 1.8
edgedetect.delay_200ns.genblk1\[17\].delay_unit, 31.393, 65.28, 1.8
edgedetect.delay_200ns.genblk1\[20\].delay_unit, 31.393, 65.28, 1.8
FILLER_21_3, 0.46, 59.84, 1.8
PHY_40, 0.46, 59.84, 1.8
PHY_42, 0.46, 59.84, 1.8
clkgen.delay_100ns_3.genblk1\[3\].delay_unit, 0.46, 59.84, 1.8
FILLER_20_121, 59.34, 59.84, 1.8
PHY_41, 59.34, 59.84, 1.8
PHY_43, 59.34, 59.84, 1.8
FILLER_20_59, 31.393, 59.84, 1.8
edgedetect.delay_200ns.genblk1\[13\].delay_unit, 31.393, 59.84, 1.8
edgedetect.delay_200ns.genblk1\[7\].delay_unit, 31.393, 59.84, 1.8
PHY_36, 0.46, 54.4, 1.8
PHY_38, 0.46, 54.4, 1.8
inbuf_3, 0.46, 54.4, 1.8
FILLER_18_121, 59.34, 54.4, 1.8
PHY_37, 59.34, 54.4, 1.8
PHY_39, 59.34, 54.4, 1.8
FILLER_18_44, 21.726, 54.4, 1.8
FILLER_19_54, 21.726, 54.4, 1.8
FILLER_19_63, 31.393, 54.4, 1.8
clkgen.delay_100ns_3.genblk1\[10\].delay_unit, 31.393, 54.4, 1.8
FILLER_19_110, 50.2, 54.4, 1.8
outbuf_2, 50.2, 54.4, 1.8
FILLER_17_3, 0.46, 48.96, 1.8
PHY_32, 0.46, 48.96, 1.8
PHY_34, 0.46, 48.96, 1.8
clkgen.delay_100ns_1.genblk1\[7\].delay_unit, 0.46, 48.96, 1.8
FILLER_16_122, 59.34, 48.96, 1.8
PHY_33, 59.34, 48.96, 1.8
PHY_35, 59.34, 48.96, 1.8
FILLER_16_44, 21.726, 48.96, 1.8
FILLER_18_52, 21.726, 48.96, 1.8
clkgen.delay_100ns_3.genblk1\[8\].delay_unit, 21.726, 48.96, 1.8
clkgen.delay_100ns_3.genblk1\[9\].delay_unit, 31.393, 48.96, 1.8
FILLER_15_3, 0.46, 43.52, 1.8
PHY_28, 0.46, 43.52, 1.8
PHY_30, 0.46, 43.52, 1.8
clkgen.delay_100ns_3.genblk1\[4\].delay_unit, 0.46, 43.52, 1.8
FILLER_14_121, 59.34, 43.52, 1.8
FILLER_15_119, 59.34, 43.52, 1.8
PHY_29, 59.34, 43.52, 1.8
PHY_31, 59.34, 43.52, 1.8
FILLER_16_52, 21.726, 43.52, 1.8
clkgen.delay_100ns_1.genblk1\[11\].delay_unit, 21.726, 43.52, 1.8
FILLER_14_60, 31.393, 43.52, 1.8
clkgen.delay_100ns_1.genblk1\[10\].delay_unit, 31.393, 43.52, 1.8
clkgen.delay_100ns_1.genblk1\[12\].delay_unit, 31.393, 43.52, 1.8
FILLER_14_3, 0.46, 38.08, 1.8
PHY_24, 0.46, 38.08, 1.8
PHY_26, 0.46, 38.08, 1.8
_1_, 0.46, 38.08, 1.8
_2_, 0.46, 38.08, 1.8
FILLER_12_121, 59.34, 38.08, 1.8
PHY_25, 59.34, 38.08, 1.8
PHY_27, 59.34, 38.08, 1.8
FILLER_13_54, 21.726, 38.08, 1.8
clkgen.delay_100ns_2.genblk1\[10\].delay_unit, 21.726, 38.08, 1.8
FILLER_12_62, 31.393, 38.08, 1.8
FILLER_13_63, 31.393, 38.08, 1.8
clkgen.delay_100ns_1.genblk1\[13\].delay_unit, 31.393, 38.08, 1.8
clkgen.delay_100ns_2.genblk1\[7\].delay_unit, 31.393, 38.08, 1.8
FILLER_13_106, 50.2, 38.08, 1.8
FILLER_13_112, 50.2, 38.08, 1.8
_3_, 50.2, 38.08, 1.8
outbuf_1, 50.2, 38.08, 1.8
FILLER_11_3, 0.46, 32.64, 1.8
PHY_20, 0.46, 32.64, 1.8
PHY_22, 0.46, 32.64, 1.8
clkgen.delay_100ns_2.genblk1\[13\].delay_unit, 0.46, 32.64, 1.8
FILLER_10_121, 59.34, 32.64, 1.8
FILLER_11_119, 59.34, 32.64, 1.8
PHY_21, 59.34, 32.64, 1.8
PHY_23, 59.34, 32.64, 1.8
FILLER_10_44, 21.726, 32.64, 1.8
clkgen.delay_100ns_2.genblk1\[8\].delay_unit, 31.393, 32.64, 1.8
PHY_16, 0.46, 27.2, 1.8
PHY_18, 0.46, 27.2, 1.8
inbuf_1, 0.46, 27.2, 1.8
FILLER_9_121, 59.34, 27.2, 1.8
PHY_17, 59.34, 27.2, 1.8
PHY_19, 59.34, 27.2, 1.8
clkgen.delay_100ns_2.genblk1\[9\].delay_unit, 21.726, 27.2, 1.8
FILLER_8_59, 31.393, 27.2, 1.8
FILLER_9_57, 31.393, 27.2, 1.8
edgedetect.delay_200ns.genblk1\[4\].delay_unit, 31.393, 27.2, 1.8
edgedetect.delay_200ns.genblk1\[6\].delay_unit, 31.393, 27.2, 1.8
PHY_12, 0.46, 21.76, 1.8
PHY_14, 0.46, 21.76, 1.8
PHY_13, 59.34, 21.76, 1.8
PHY_15, 59.34, 21.76, 1.8
FILLER_7_55, 21.726, 21.76, 1.8
FILLER_6_59, 31.393, 21.76, 1.8
edgedetect.delay_200ns.genblk1\[12\].delay_unit, 31.393, 21.76, 1.8
edgedetect.delay_200ns.genblk1\[16\].delay_unit, 31.393, 21.76, 1.8
FILLER_5_3, 0.46, 16.32, 1.8
PHY_10, 0.46, 16.32, 1.8
PHY_8, 0.46, 16.32, 1.8
clkgen.delay_100ns_2.genblk1\[15\].delay_unit, 0.46, 16.32, 1.8
FILLER_4_121, 59.34, 16.32, 1.8
FILLER_5_119, 59.34, 16.32, 1.8
PHY_11, 59.34, 16.32, 1.8
PHY_9, 59.34, 16.32, 1.8
FILLER_4_59, 31.393, 16.32, 1.8
clkgen.delay_100ns_3.genblk1\[1\].delay_unit, 31.393, 16.32, 1.8
edgedetect.delay_200ns.genblk1\[23\].delay_unit, 31.393, 16.32, 1.8
PHY_4, 0.46, 10.88, 1.8
PHY_6, 0.46, 10.88, 1.8
edgedetect.delay_200ns.genblk1\[1\].delay_unit, 0.46, 10.88, 1.8
PHY_5, 59.34, 10.88, 1.8
PHY_7, 59.34, 10.88, 1.8
FILLER_2_59, 31.393, 10.88, 1.8
FILLER_3_59, 31.393, 10.88, 1.8
edgedetect.delay_200ns.genblk1\[27\].delay_unit, 31.393, 10.88, 1.8
edgedetect.delay_200ns.genblk1\[29\].delay_unit, 31.393, 10.88, 1.8
FILLER_3_114, 50.2, 10.88, 1.8
PHY_0, 0.46, 5.44, 1.8
PHY_2, 0.46, 5.44, 1.8
edgedetect.delay_200ns.genblk1\[8\].delay_unit, 0.46, 5.44, 1.8
PHY_1, 59.34, 5.44, 1.8
PHY_3, 59.34, 5.44, 1.8
FILLER_0_59, 31.393, 5.44, 1.8
FILLER_1_59, 31.393, 5.44, 1.8
clkgen.delay_100ns_2.genblk1\[17\].delay_unit, 31.393, 5.44, 1.8
edgedetect.delay_200ns.genblk1\[32\].delay_unit, 31.393, 5.44, 1.8
FILLER_0_118, 50.2, 5.44, 1.8
FILLER_1_114, 50.2, 5.44, 1.8
FILLER_2_118, 50.2, 5.44, 1.8

