
Magic 8.3 revision 324 - Compiled on Mon Oct  3 11:35:54 UTC 2022.
Starting magic under Tcl interpreter
Using the terminal as the console.
Using NULL graphics device.
Processing system .magicrc file
Sourcing design .magicrc for technology sky130A ...
2 Magic internal units = 1 Lambda
Input style sky130(vendor): scaleFactor=2, multiplier=2
The following types are not handled by extraction and will be treated as non-electrical types:
    ubm 
Scaled tech values by 2 / 1 to match internal grid scaling
Loading sky130A Device Generator Menu ...
Using technology "sky130A", version 1.0.291-82-gfa87f8f
Warning: Calma reading is not undoable!  I hope that's OK.
Library written using GDS-II Release 3.0
Library name: adc_clkgen_with_edgedetect
Reading "sky130_mm_sc_hd_dlyPoly5ns".
Reading "sky130_fd_sc_hd__decap_4".
Reading "sky130_fd_sc_hd__decap_6".
Reading "sky130_fd_sc_hd__decap_3".
Reading "sky130_fd_sc_hd__and2b_1".
Reading "sky130_fd_sc_hd__dlymetal6s6s_1".
Reading "sky130_fd_sc_hd__fill_2".
Reading "sky130_fd_sc_hd__tapvpwrvgnd_1".
Reading "sky130_fd_sc_hd__fill_1".
Reading "sky130_fd_sc_hd__inv_2".
Reading "sky130_fd_sc_hd__buf_1".
Reading "sky130_fd_sc_hd__diode_2".
Reading "sky130_fd_sc_hd__decap_8".
Reading "sky130_fd_sc_hd__buf_4".
Reading "sky130_ef_sc_hd__decap_12".
Reading "sky130_fd_sc_hd__mux2_1".
Reading "sky130_fd_sc_hd__and2_1".
Reading "sky130_fd_sc_hd__nor2b_1".
Reading "sky130_fd_sc_hd__or2_1".
Reading "adc_clkgen_with_edgedetect".
Processing sky130_fd_sc_hd__tapvpwrvgnd_1
Processing sky130_fd_sc_hd__decap_3
Processing sky130_fd_sc_hd__fill_2
Processing sky130_fd_sc_hd__decap_4
Processing sky130_fd_sc_hd__buf_4
Processing sky130_fd_sc_hd__diode_2
Processing sky130_fd_sc_hd__dlymetal6s6s_1
Processing sky130_mm_sc_hd_dlyPoly5ns
Processing sky130_fd_sc_hd__decap_6
Processing sky130_fd_sc_hd__inv_2
Processing sky130_fd_sc_hd__fill_1
Processing sky130_fd_sc_hd__and2_1
Processing sky130_fd_sc_hd__decap_8
Processing sky130_fd_sc_hd__and2b_1
Processing sky130_fd_sc_hd__mux2_1
Processing sky130_fd_sc_hd__or2_1
Processing sky130_fd_sc_hd__nor2b_1
Processing sky130_fd_sc_hd__buf_1
Processing sky130_ef_sc_hd__decap_12
Processing adc_clkgen_with_edgedetect
Extracting sky130_fd_sc_hd__tapvpwrvgnd_1 into sky130_fd_sc_hd__tapvpwrvgnd_1.ext:
Extracting sky130_fd_sc_hd__decap_3 into sky130_fd_sc_hd__decap_3.ext:
sky130_fd_sc_hd__decap_3: 2 warnings
Extracting sky130_fd_sc_hd__fill_2 into sky130_fd_sc_hd__fill_2.ext:
Extracting sky130_fd_sc_hd__decap_4 into sky130_fd_sc_hd__decap_4.ext:
Extract error:  Duplicate tile position, ignoring
sky130_fd_sc_hd__decap_4: 2 warnings
Extracting sky130_fd_sc_hd__buf_4 into sky130_fd_sc_hd__buf_4.ext:
Extracting sky130_fd_sc_hd__diode_2 into sky130_fd_sc_hd__diode_2.ext:
Extracting sky130_fd_sc_hd__dlymetal6s6s_1 into sky130_fd_sc_hd__dlymetal6s6s_1.ext:
Extracting sky130_mm_sc_hd_dlyPoly5ns into sky130_mm_sc_hd_dlyPoly5ns.ext:
sky130_mm_sc_hd_dlyPoly5ns: 1 warning
Extracting sky130_fd_sc_hd__decap_6 into sky130_fd_sc_hd__decap_6.ext:
sky130_fd_sc_hd__decap_6: 2 warnings
Extracting sky130_fd_sc_hd__inv_2 into sky130_fd_sc_hd__inv_2.ext:
Extracting sky130_fd_sc_hd__fill_1 into sky130_fd_sc_hd__fill_1.ext:
Extracting sky130_fd_sc_hd__and2_1 into sky130_fd_sc_hd__and2_1.ext:
Extracting sky130_fd_sc_hd__decap_8 into sky130_fd_sc_hd__decap_8.ext:
sky130_fd_sc_hd__decap_8: 2 warnings
Extracting sky130_fd_sc_hd__and2b_1 into sky130_fd_sc_hd__and2b_1.ext:
Extracting sky130_fd_sc_hd__mux2_1 into sky130_fd_sc_hd__mux2_1.ext:
Extracting sky130_fd_sc_hd__or2_1 into sky130_fd_sc_hd__or2_1.ext:
Extracting sky130_fd_sc_hd__nor2b_1 into sky130_fd_sc_hd__nor2b_1.ext:
Extracting sky130_fd_sc_hd__buf_1 into sky130_fd_sc_hd__buf_1.ext:
Extracting sky130_ef_sc_hd__decap_12 into sky130_ef_sc_hd__decap_12.ext:
sky130_ef_sc_hd__decap_12: 2 warnings
Extracting adc_clkgen_with_edgedetect into adc_clkgen_with_edgedetect.ext:
Total of 11 warnings.
exttospice finished.
can't read "::env(magic_extract_prefix)": no such variable
