
===========================================================================
report_checks -path_delay min (Hold)
============================================================================
Startpoint: nsample_p (input port clocked by __VIRTUAL_CLK__)
Endpoint: nsample_p_buf (output port clocked by __VIRTUAL_CLK__)
Path Group: __VIRTUAL_CLK__
Path Type: min

Fanout     Cap    Slew   Delay    Time   Description
-----------------------------------------------------------------------------
                  0.00    0.00    0.00   clock __VIRTUAL_CLK__ (rise edge)
                          0.00    0.00   clock network delay (ideal)
                          2.00    2.00 v input external delay
                  0.03    0.02    2.02 v nsample_p (in)
     1    0.01                           nsample_p (net)
                  0.03    0.00    2.02 v outbuf_5/A (sky130_fd_sc_hd__buf_4)
                  0.06    0.15    2.17 v outbuf_5/X (sky130_fd_sc_hd__buf_4)
     1    0.03                           nsample_p_buf (net)
                  0.06    0.00    2.17 v nsample_p_buf (out)
                                  2.17   data arrival time

                  0.00    0.00    0.00   clock __VIRTUAL_CLK__ (rise edge)
                          0.00    0.00   clock network delay (ideal)
                          0.25    0.25   clock uncertainty
                          0.00    0.25   clock reconvergence pessimism
                         -2.00   -1.75   output external delay
                                 -1.75   data required time
-----------------------------------------------------------------------------
                                 -1.75   data required time
                                 -2.17   data arrival time
-----------------------------------------------------------------------------
                                  3.92   slack (MET)


Startpoint: sample_p (input port clocked by __VIRTUAL_CLK__)
Endpoint: sample_p_buf (output port clocked by __VIRTUAL_CLK__)
Path Group: __VIRTUAL_CLK__
Path Type: min

Fanout     Cap    Slew   Delay    Time   Description
-----------------------------------------------------------------------------
                  0.00    0.00    0.00   clock __VIRTUAL_CLK__ (rise edge)
                          0.00    0.00   clock network delay (ideal)
                          2.00    2.00 v input external delay
                  0.03    0.02    2.02 v sample_p (in)
     1    0.01                           sample_p (net)
                  0.03    0.00    2.02 v outbuf_3/A (sky130_fd_sc_hd__buf_4)
                  0.06    0.15    2.17 v outbuf_3/X (sky130_fd_sc_hd__buf_4)
     1    0.03                           sample_p_buf (net)
                  0.06    0.00    2.17 v sample_p_buf (out)
                                  2.17   data arrival time

                  0.00    0.00    0.00   clock __VIRTUAL_CLK__ (rise edge)
                          0.00    0.00   clock network delay (ideal)
                          0.25    0.25   clock uncertainty
                          0.00    0.25   clock reconvergence pessimism
                         -2.00   -1.75   output external delay
                                 -1.75   data required time
-----------------------------------------------------------------------------
                                 -1.75   data required time
                                 -2.17   data arrival time
-----------------------------------------------------------------------------
                                  3.92   slack (MET)


Startpoint: nsample_n (input port clocked by __VIRTUAL_CLK__)
Endpoint: nsample_n_buf (output port clocked by __VIRTUAL_CLK__)
Path Group: __VIRTUAL_CLK__
Path Type: min

Fanout     Cap    Slew   Delay    Time   Description
-----------------------------------------------------------------------------
                  0.00    0.00    0.00   clock __VIRTUAL_CLK__ (rise edge)
                          0.00    0.00   clock network delay (ideal)
                          2.00    2.00 v input external delay
                  0.03    0.02    2.02 v nsample_n (in)
     1    0.01                           nsample_n (net)
                  0.03    0.00    2.02 v outbuf_6/A (sky130_fd_sc_hd__buf_4)
                  0.06    0.15    2.17 v outbuf_6/X (sky130_fd_sc_hd__buf_4)
     1    0.03                           nsample_n_buf (net)
                  0.06    0.00    2.17 v nsample_n_buf (out)
                                  2.17   data arrival time

                  0.00    0.00    0.00   clock __VIRTUAL_CLK__ (rise edge)
                          0.00    0.00   clock network delay (ideal)
                          0.25    0.25   clock uncertainty
                          0.00    0.25   clock reconvergence pessimism
                         -2.00   -1.75   output external delay
                                 -1.75   data required time
-----------------------------------------------------------------------------
                                 -1.75   data required time
                                 -2.17   data arrival time
-----------------------------------------------------------------------------
                                  3.92   slack (MET)


Startpoint: sample_n (input port clocked by __VIRTUAL_CLK__)
Endpoint: sample_n_buf (output port clocked by __VIRTUAL_CLK__)
Path Group: __VIRTUAL_CLK__
Path Type: min

Fanout     Cap    Slew   Delay    Time   Description
-----------------------------------------------------------------------------
                  0.00    0.00    0.00   clock __VIRTUAL_CLK__ (rise edge)
                          0.00    0.00   clock network delay (ideal)
                          2.00    2.00 v input external delay
                  0.03    0.02    2.02 v sample_n (in)
     1    0.01                           sample_n (net)
                  0.03    0.00    2.02 v outbuf_4/A (sky130_fd_sc_hd__buf_4)
                  0.06    0.15    2.17 v outbuf_4/X (sky130_fd_sc_hd__buf_4)
     1    0.03                           sample_n_buf (net)
                  0.06    0.00    2.17 v sample_n_buf (out)
                                  2.17   data arrival time

                  0.00    0.00    0.00   clock __VIRTUAL_CLK__ (rise edge)
                          0.00    0.00   clock network delay (ideal)
                          0.25    0.25   clock uncertainty
                          0.00    0.25   clock reconvergence pessimism
                         -2.00   -1.75   output external delay
                                 -1.75   data required time
-----------------------------------------------------------------------------
                                 -1.75   data required time
                                 -2.17   data arrival time
-----------------------------------------------------------------------------
                                  3.92   slack (MET)


