
===========================================================================
report_checks -unconstrained
============================================================================
Startpoint: _1637_ (rising edge-triggered flip-flop)
Endpoint: pmatrix_rowon_out_n[1] (output port clocked by clk_dig)
Path Group: clk_dig
Path Type: max

Fanout     Cap    Slew   Delay    Time   Description
-----------------------------------------------------------------------------
                  0.75    0.00    0.00 ^ _1637_/CLK (sky130_fd_sc_hd__dfstp_2)
                  0.48    1.04    1.04 ^ _1637_/Q (sky130_fd_sc_hd__dfstp_2)
    12    0.07                           sample_matrix_out (net)
                  0.48    0.00    1.04 ^ _0774_/C (sky130_fd_sc_hd__or3_4)
                  0.04    0.23    1.26 ^ _0774_/X (sky130_fd_sc_hd__or3_4)
     2    0.01                           _0221_ (net)
                  0.04    0.00    1.26 ^ _0775_/A (sky130_fd_sc_hd__buf_1)
                  0.36    0.32    1.58 ^ _0775_/X (sky130_fd_sc_hd__buf_1)
    10    0.03                           _0222_ (net)
                  0.36    0.00    1.58 ^ _0833_/B (sky130_fd_sc_hd__or4_4)
                  0.08    0.25    1.83 ^ _0833_/X (sky130_fd_sc_hd__or4_4)
     6    0.02                           _0276_ (net)
                  0.08    0.00    1.83 ^ _0837_/A (sky130_fd_sc_hd__nor2_2)
                  0.06    0.08    1.91 v _0837_/Y (sky130_fd_sc_hd__nor2_2)
     5    0.02                           _0280_ (net)
                  0.06    0.00    1.91 v _0866_/A1 (sky130_fd_sc_hd__o41a_2)
                  0.09    0.55    2.46 v _0866_/X (sky130_fd_sc_hd__o41a_2)
     3    0.01                           _0307_ (net)
                  0.09    0.00    2.46 v _0901_/B (sky130_fd_sc_hd__or4_4)
                  0.09    0.56    3.02 v _0901_/X (sky130_fd_sc_hd__or4_4)
     2    0.01                           _0338_ (net)
                  0.09    0.00    3.02 v _0903_/A2 (sky130_fd_sc_hd__o21a_4)
                  0.07    0.27    3.28 v _0903_/X (sky130_fd_sc_hd__o21a_4)
     9    0.04                           _0340_ (net)
                  0.07    0.00    3.28 v _0981_/A1 (sky130_fd_sc_hd__o211a_2)
                  0.05    0.29    3.57 v _0981_/X (sky130_fd_sc_hd__o211a_2)
     2    0.01                           _0413_ (net)
                  0.05    0.00    3.57 v _1390_/A (sky130_fd_sc_hd__or3_4)
                  0.07    0.41    3.98 v _1390_/X (sky130_fd_sc_hd__or3_4)
     1    0.01                           _0720_ (net)
                  0.07    0.00    3.98 v _1391_/B (sky130_fd_sc_hd__xor2_2)
                  0.33    0.32    4.29 ^ _1391_/X (sky130_fd_sc_hd__xor2_2)
     6    0.03                           _0721_ (net)
                  0.33    0.00    4.30 ^ _1393_/A (sky130_fd_sc_hd__buf_4)
                  0.12    0.26    4.56 ^ _1393_/X (sky130_fd_sc_hd__buf_4)
    10    0.04                           _0722_ (net)
                  0.12    0.00    4.56 ^ _1415_/A (sky130_fd_sc_hd__and2_2)
                  0.04    0.16    4.71 ^ _1415_/X (sky130_fd_sc_hd__and2_2)
     1    0.00                           _0053_ (net)
                  0.04    0.00    4.71 ^ _1416_/A (sky130_fd_sc_hd__buf_1)
                  0.64    0.52    5.23 ^ _1416_/X (sky130_fd_sc_hd__buf_1)
     2    0.04                           pmatrix_row_out_n[2] (net)
                  0.64    0.00    5.23 ^ _1737_/A (sky130_fd_sc_hd__buf_2)
                  0.17    0.34    5.58 ^ _1737_/X (sky130_fd_sc_hd__buf_2)
     1    0.03                           pmatrix_rowon_out_n[1] (net)
                  0.17    0.00    5.58 ^ pmatrix_rowon_out_n[1] (out)
                                  5.58   data arrival time

                  0.00   20.00   20.00   clock clk_dig (rise edge)
                          0.00   20.00   clock network delay (ideal)
                         -0.25   19.75   clock uncertainty
                          0.00   19.75   clock reconvergence pessimism
                         -4.00   15.75   output external delay
                                 15.75   data required time
-----------------------------------------------------------------------------
                                 15.75   data required time
                                 -5.58   data arrival time
-----------------------------------------------------------------------------
                                 10.17   slack (MET)



===========================================================================
report_checks --slack_max -0.01
============================================================================
No paths found.
