
===========================================================================
report_checks -path_delay min (Hold)
============================================================================
Startpoint: _1675_ (rising edge-triggered flip-flop)
Endpoint: result_out[1] (output port clocked by clk_dig)
Path Group: clk_dig
Path Type: min

Fanout     Cap    Slew   Delay    Time   Description
-----------------------------------------------------------------------------
                  0.62    0.00    0.00 ^ _1675_/CLK (sky130_fd_sc_hd__dfrtp_2)
                  0.19    0.57    0.57 ^ _1675_/Q (sky130_fd_sc_hd__dfrtp_2)
     2    0.03                           result_out[1] (net)
                  0.19    0.00    0.57 ^ result_out[1] (out)
                                  0.57   data arrival time

                  0.00    0.00    0.00   clock clk_dig (rise edge)
                          0.00    0.00   clock network delay (ideal)
                          0.25    0.25   clock uncertainty
                          0.00    0.25   clock reconvergence pessimism
                         -4.00   -3.75   output external delay
                                 -3.75   data required time
-----------------------------------------------------------------------------
                                 -3.75   data required time
                                 -0.57   data arrival time
-----------------------------------------------------------------------------
                                  4.32   slack (MET)


Startpoint: _1676_ (rising edge-triggered flip-flop)
Endpoint: result_out[2] (output port clocked by clk_dig)
Path Group: clk_dig
Path Type: min

Fanout     Cap    Slew   Delay    Time   Description
-----------------------------------------------------------------------------
                  0.62    0.00    0.00 ^ _1676_/CLK (sky130_fd_sc_hd__dfrtp_2)
                  0.19    0.58    0.58 ^ _1676_/Q (sky130_fd_sc_hd__dfrtp_2)
     2    0.04                           result_out[2] (net)
                  0.19    0.00    0.58 ^ result_out[2] (out)
                                  0.58   data arrival time

                  0.00    0.00    0.00   clock clk_dig (rise edge)
                          0.00    0.00   clock network delay (ideal)
                          0.25    0.25   clock uncertainty
                          0.00    0.25   clock reconvergence pessimism
                         -4.00   -3.75   output external delay
                                 -3.75   data required time
-----------------------------------------------------------------------------
                                 -3.75   data required time
                                 -0.58   data arrival time
-----------------------------------------------------------------------------
                                  4.33   slack (MET)


Startpoint: _1678_ (rising edge-triggered flip-flop)
Endpoint: result_out[4] (output port clocked by clk_dig)
Path Group: clk_dig
Path Type: min

Fanout     Cap    Slew   Delay    Time   Description
-----------------------------------------------------------------------------
                  0.62    0.00    0.00 ^ _1678_/CLK (sky130_fd_sc_hd__dfrtp_2)
                  0.19    0.58    0.58 ^ _1678_/Q (sky130_fd_sc_hd__dfrtp_2)
     2    0.04                           result_out[4] (net)
                  0.19    0.00    0.58 ^ result_out[4] (out)
                                  0.58   data arrival time

                  0.00    0.00    0.00   clock clk_dig (rise edge)
                          0.00    0.00   clock network delay (ideal)
                          0.25    0.25   clock uncertainty
                          0.00    0.25   clock reconvergence pessimism
                         -4.00   -3.75   output external delay
                                 -3.75   data required time
-----------------------------------------------------------------------------
                                 -3.75   data required time
                                 -0.58   data arrival time
-----------------------------------------------------------------------------
                                  4.33   slack (MET)


Startpoint: _1677_ (rising edge-triggered flip-flop)
Endpoint: result_out[3] (output port clocked by clk_dig)
Path Group: clk_dig
Path Type: min

Fanout     Cap    Slew   Delay    Time   Description
-----------------------------------------------------------------------------
                  0.62    0.00    0.00 ^ _1677_/CLK (sky130_fd_sc_hd__dfrtp_2)
                  0.20    0.58    0.58 ^ _1677_/Q (sky130_fd_sc_hd__dfrtp_2)
     2    0.04                           result_out[3] (net)
                  0.20    0.00    0.58 ^ result_out[3] (out)
                                  0.58   data arrival time

                  0.00    0.00    0.00   clock clk_dig (rise edge)
                          0.00    0.00   clock network delay (ideal)
                          0.25    0.25   clock uncertainty
                          0.00    0.25   clock reconvergence pessimism
                         -4.00   -3.75   output external delay
                                 -3.75   data required time
-----------------------------------------------------------------------------
                                 -3.75   data required time
                                 -0.58   data arrival time
-----------------------------------------------------------------------------
                                  4.33   slack (MET)


Startpoint: _1686_ (rising edge-triggered flip-flop)
Endpoint: result_out[12] (output port clocked by clk_dig)
Path Group: clk_dig
Path Type: min

Fanout     Cap    Slew   Delay    Time   Description
-----------------------------------------------------------------------------
                  0.62    0.00    0.00 ^ _1686_/CLK (sky130_fd_sc_hd__dfrtp_2)
                  0.20    0.58    0.58 ^ _1686_/Q (sky130_fd_sc_hd__dfrtp_2)
     2    0.04                           result_out[12] (net)
                  0.20    0.00    0.58 ^ result_out[12] (out)
                                  0.58   data arrival time

                  0.00    0.00    0.00   clock clk_dig (rise edge)
                          0.00    0.00   clock network delay (ideal)
                          0.25    0.25   clock uncertainty
                          0.00    0.25   clock reconvergence pessimism
                         -4.00   -3.75   output external delay
                                 -3.75   data required time
-----------------------------------------------------------------------------
                                 -3.75   data required time
                                 -0.58   data arrival time
-----------------------------------------------------------------------------
                                  4.33   slack (MET)


