
===========================================================================
report_checks -path_delay max (Setup)
============================================================================
Startpoint: _1637_ (rising edge-triggered flip-flop)
Endpoint: pmatrix_rowon_out_n[1] (output port clocked by clk_dig)
Path Group: clk_dig
Path Type: max

Fanout     Cap    Slew   Delay    Time   Description
-----------------------------------------------------------------------------
                  0.75    0.00    0.00 ^ _1637_/CLK (sky130_fd_sc_hd__dfstp_2)
                  0.48    1.04    1.04 ^ _1637_/Q (sky130_fd_sc_hd__dfstp_2)
    12    0.07                           sample_matrix_out (net)
                  0.48    0.00    1.04 ^ _0774_/C (sky130_fd_sc_hd__or3_4)
                  0.04    0.23    1.26 ^ _0774_/X (sky130_fd_sc_hd__or3_4)
     2    0.01                           _0221_ (net)
                  0.04    0.00    1.26 ^ _0775_/A (sky130_fd_sc_hd__buf_1)
                  0.36    0.32    1.58 ^ _0775_/X (sky130_fd_sc_hd__buf_1)
    10    0.03                           _0222_ (net)
                  0.36    0.00    1.58 ^ _0833_/B (sky130_fd_sc_hd__or4_4)
                  0.08    0.25    1.83 ^ _0833_/X (sky130_fd_sc_hd__or4_4)
     6    0.02                           _0276_ (net)
                  0.08    0.00    1.83 ^ _0837_/A (sky130_fd_sc_hd__nor2_2)
                  0.06    0.08    1.91 v _0837_/Y (sky130_fd_sc_hd__nor2_2)
     5    0.02                           _0280_ (net)
                  0.06    0.00    1.91 v _0866_/A1 (sky130_fd_sc_hd__o41a_2)
                  0.09    0.55    2.46 v _0866_/X (sky130_fd_sc_hd__o41a_2)
     3    0.01                           _0307_ (net)
                  0.09    0.00    2.46 v _0901_/B (sky130_fd_sc_hd__or4_4)
                  0.09    0.56    3.02 v _0901_/X (sky130_fd_sc_hd__or4_4)
     2    0.01                           _0338_ (net)
                  0.09    0.00    3.02 v _0903_/A2 (sky130_fd_sc_hd__o21a_4)
                  0.07    0.27    3.28 v _0903_/X (sky130_fd_sc_hd__o21a_4)
     9    0.04                           _0340_ (net)
                  0.07    0.00    3.28 v _0981_/A1 (sky130_fd_sc_hd__o211a_2)
                  0.05    0.29    3.57 v _0981_/X (sky130_fd_sc_hd__o211a_2)
     2    0.01                           _0413_ (net)
                  0.05    0.00    3.57 v _1390_/A (sky130_fd_sc_hd__or3_4)
                  0.07    0.41    3.98 v _1390_/X (sky130_fd_sc_hd__or3_4)
     1    0.01                           _0720_ (net)
                  0.07    0.00    3.98 v _1391_/B (sky130_fd_sc_hd__xor2_2)
                  0.33    0.32    4.29 ^ _1391_/X (sky130_fd_sc_hd__xor2_2)
     6    0.03                           _0721_ (net)
                  0.33    0.00    4.30 ^ _1393_/A (sky130_fd_sc_hd__buf_4)
                  0.12    0.26    4.56 ^ _1393_/X (sky130_fd_sc_hd__buf_4)
    10    0.04                           _0722_ (net)
                  0.12    0.00    4.56 ^ _1415_/A (sky130_fd_sc_hd__and2_2)
                  0.04    0.16    4.71 ^ _1415_/X (sky130_fd_sc_hd__and2_2)
     1    0.00                           _0053_ (net)
                  0.04    0.00    4.71 ^ _1416_/A (sky130_fd_sc_hd__buf_1)
                  0.64    0.52    5.23 ^ _1416_/X (sky130_fd_sc_hd__buf_1)
     2    0.04                           pmatrix_row_out_n[2] (net)
                  0.64    0.00    5.23 ^ _1737_/A (sky130_fd_sc_hd__buf_2)
                  0.17    0.34    5.58 ^ _1737_/X (sky130_fd_sc_hd__buf_2)
     1    0.03                           pmatrix_rowon_out_n[1] (net)
                  0.17    0.00    5.58 ^ pmatrix_rowon_out_n[1] (out)
                                  5.58   data arrival time

                  0.00   20.00   20.00   clock clk_dig (rise edge)
                          0.00   20.00   clock network delay (ideal)
                         -0.25   19.75   clock uncertainty
                          0.00   19.75   clock reconvergence pessimism
                         -4.00   15.75   output external delay
                                 15.75   data required time
-----------------------------------------------------------------------------
                                 15.75   data required time
                                 -5.58   data arrival time
-----------------------------------------------------------------------------
                                 10.17   slack (MET)


Startpoint: _1637_ (rising edge-triggered flip-flop)
Endpoint: nmatrix_rowon_out_n[1] (output port clocked by clk_dig)
Path Group: clk_dig
Path Type: max

Fanout     Cap    Slew   Delay    Time   Description
-----------------------------------------------------------------------------
                  0.75    0.00    0.00 ^ _1637_/CLK (sky130_fd_sc_hd__dfstp_2)
                  0.48    1.04    1.04 ^ _1637_/Q (sky130_fd_sc_hd__dfstp_2)
    12    0.07                           sample_matrix_out (net)
                  0.48    0.00    1.04 ^ _0774_/C (sky130_fd_sc_hd__or3_4)
                  0.04    0.23    1.26 ^ _0774_/X (sky130_fd_sc_hd__or3_4)
     2    0.01                           _0221_ (net)
                  0.04    0.00    1.26 ^ _0775_/A (sky130_fd_sc_hd__buf_1)
                  0.36    0.32    1.58 ^ _0775_/X (sky130_fd_sc_hd__buf_1)
    10    0.03                           _0222_ (net)
                  0.36    0.00    1.58 ^ _0833_/B (sky130_fd_sc_hd__or4_4)
                  0.08    0.25    1.83 ^ _0833_/X (sky130_fd_sc_hd__or4_4)
     6    0.02                           _0276_ (net)
                  0.08    0.00    1.83 ^ _0837_/A (sky130_fd_sc_hd__nor2_2)
                  0.06    0.08    1.91 v _0837_/Y (sky130_fd_sc_hd__nor2_2)
     5    0.02                           _0280_ (net)
                  0.06    0.00    1.91 v _0866_/A1 (sky130_fd_sc_hd__o41a_2)
                  0.09    0.55    2.46 v _0866_/X (sky130_fd_sc_hd__o41a_2)
     3    0.01                           _0307_ (net)
                  0.09    0.00    2.46 v _0901_/B (sky130_fd_sc_hd__or4_4)
                  0.09    0.56    3.02 v _0901_/X (sky130_fd_sc_hd__or4_4)
     2    0.01                           _0338_ (net)
                  0.09    0.00    3.02 v _0903_/A2 (sky130_fd_sc_hd__o21a_4)
                  0.07    0.27    3.28 v _0903_/X (sky130_fd_sc_hd__o21a_4)
     9    0.04                           _0340_ (net)
                  0.07    0.00    3.28 v _0981_/A1 (sky130_fd_sc_hd__o211a_2)
                  0.05    0.29    3.57 v _0981_/X (sky130_fd_sc_hd__o211a_2)
     2    0.01                           _0413_ (net)
                  0.05    0.00    3.57 v _1390_/A (sky130_fd_sc_hd__or3_4)
                  0.07    0.41    3.98 v _1390_/X (sky130_fd_sc_hd__or3_4)
     1    0.01                           _0720_ (net)
                  0.07    0.00    3.98 v _1391_/B (sky130_fd_sc_hd__xor2_2)
                  0.12    0.21    4.18 v _1391_/X (sky130_fd_sc_hd__xor2_2)
     6    0.02                           _0721_ (net)
                  0.12    0.00    4.18 v _1393_/A (sky130_fd_sc_hd__buf_4)
                  0.06    0.21    4.40 v _1393_/X (sky130_fd_sc_hd__buf_4)
    10    0.04                           _0722_ (net)
                  0.06    0.00    4.40 v _1394_/C (sky130_fd_sc_hd__nor3_2)
                  0.89    0.71    5.11 ^ _1394_/Y (sky130_fd_sc_hd__nor3_2)
     2    0.04                           nmatrix_row_out_n[2] (net)
                  0.89    0.00    5.11 ^ _1722_/A (sky130_fd_sc_hd__buf_2)
                  0.18    0.37    5.48 ^ _1722_/X (sky130_fd_sc_hd__buf_2)
     1    0.03                           nmatrix_rowon_out_n[1] (net)
                  0.18    0.00    5.48 ^ nmatrix_rowon_out_n[1] (out)
                                  5.48   data arrival time

                  0.00   20.00   20.00   clock clk_dig (rise edge)
                          0.00   20.00   clock network delay (ideal)
                         -0.25   19.75   clock uncertainty
                          0.00   19.75   clock reconvergence pessimism
                         -4.00   15.75   output external delay
                                 15.75   data required time
-----------------------------------------------------------------------------
                                 15.75   data required time
                                 -5.48   data arrival time
-----------------------------------------------------------------------------
                                 10.27   slack (MET)


Startpoint: _1637_ (rising edge-triggered flip-flop)
Endpoint: nmatrix_rowon_out_n[2] (output port clocked by clk_dig)
Path Group: clk_dig
Path Type: max

Fanout     Cap    Slew   Delay    Time   Description
-----------------------------------------------------------------------------
                  0.75    0.00    0.00 ^ _1637_/CLK (sky130_fd_sc_hd__dfstp_2)
                  0.48    1.04    1.04 ^ _1637_/Q (sky130_fd_sc_hd__dfstp_2)
    12    0.07                           sample_matrix_out (net)
                  0.48    0.00    1.04 ^ _0774_/C (sky130_fd_sc_hd__or3_4)
                  0.04    0.23    1.26 ^ _0774_/X (sky130_fd_sc_hd__or3_4)
     2    0.01                           _0221_ (net)
                  0.04    0.00    1.26 ^ _0775_/A (sky130_fd_sc_hd__buf_1)
                  0.36    0.32    1.58 ^ _0775_/X (sky130_fd_sc_hd__buf_1)
    10    0.03                           _0222_ (net)
                  0.36    0.00    1.58 ^ _0833_/B (sky130_fd_sc_hd__or4_4)
                  0.08    0.25    1.83 ^ _0833_/X (sky130_fd_sc_hd__or4_4)
     6    0.02                           _0276_ (net)
                  0.08    0.00    1.83 ^ _0837_/A (sky130_fd_sc_hd__nor2_2)
                  0.06    0.08    1.91 v _0837_/Y (sky130_fd_sc_hd__nor2_2)
     5    0.02                           _0280_ (net)
                  0.06    0.00    1.91 v _0866_/A1 (sky130_fd_sc_hd__o41a_2)
                  0.09    0.55    2.46 v _0866_/X (sky130_fd_sc_hd__o41a_2)
     3    0.01                           _0307_ (net)
                  0.09    0.00    2.46 v _0901_/B (sky130_fd_sc_hd__or4_4)
                  0.09    0.56    3.02 v _0901_/X (sky130_fd_sc_hd__or4_4)
     2    0.01                           _0338_ (net)
                  0.09    0.00    3.02 v _0903_/A2 (sky130_fd_sc_hd__o21a_4)
                  0.07    0.27    3.28 v _0903_/X (sky130_fd_sc_hd__o21a_4)
     9    0.04                           _0340_ (net)
                  0.07    0.00    3.28 v _0981_/A1 (sky130_fd_sc_hd__o211a_2)
                  0.05    0.29    3.57 v _0981_/X (sky130_fd_sc_hd__o211a_2)
     2    0.01                           _0413_ (net)
                  0.05    0.00    3.57 v _1390_/A (sky130_fd_sc_hd__or3_4)
                  0.07    0.41    3.98 v _1390_/X (sky130_fd_sc_hd__or3_4)
     1    0.01                           _0720_ (net)
                  0.07    0.00    3.98 v _1391_/B (sky130_fd_sc_hd__xor2_2)
                  0.12    0.21    4.18 v _1391_/X (sky130_fd_sc_hd__xor2_2)
     6    0.02                           _0721_ (net)
                  0.12    0.00    4.18 v _1395_/A2 (sky130_fd_sc_hd__a211oi_2)
                  0.91    0.84    5.03 ^ _1395_/Y (sky130_fd_sc_hd__a211oi_2)
     2    0.04                           nmatrix_row_out_n[3] (net)
                  0.91    0.00    5.03 ^ _1723_/A (sky130_fd_sc_hd__buf_2)
                  0.19    0.38    5.40 ^ _1723_/X (sky130_fd_sc_hd__buf_2)
     1    0.03                           nmatrix_rowon_out_n[2] (net)
                  0.19    0.00    5.41 ^ nmatrix_rowon_out_n[2] (out)
                                  5.41   data arrival time

                  0.00   20.00   20.00   clock clk_dig (rise edge)
                          0.00   20.00   clock network delay (ideal)
                         -0.25   19.75   clock uncertainty
                          0.00   19.75   clock reconvergence pessimism
                         -4.00   15.75   output external delay
                                 15.75   data required time
-----------------------------------------------------------------------------
                                 15.75   data required time
                                 -5.41   data arrival time
-----------------------------------------------------------------------------
                                 10.34   slack (MET)


Startpoint: _1637_ (rising edge-triggered flip-flop)
Endpoint: pmatrix_rowon_out_n[10] (output port clocked by clk_dig)
Path Group: clk_dig
Path Type: max

Fanout     Cap    Slew   Delay    Time   Description
-----------------------------------------------------------------------------
                  0.75    0.00    0.00 ^ _1637_/CLK (sky130_fd_sc_hd__dfstp_2)
                  0.48    1.04    1.04 ^ _1637_/Q (sky130_fd_sc_hd__dfstp_2)
    12    0.07                           sample_matrix_out (net)
                  0.48    0.00    1.04 ^ _0774_/C (sky130_fd_sc_hd__or3_4)
                  0.04    0.23    1.26 ^ _0774_/X (sky130_fd_sc_hd__or3_4)
     2    0.01                           _0221_ (net)
                  0.04    0.00    1.26 ^ _0775_/A (sky130_fd_sc_hd__buf_1)
                  0.36    0.32    1.58 ^ _0775_/X (sky130_fd_sc_hd__buf_1)
    10    0.03                           _0222_ (net)
                  0.36    0.00    1.58 ^ _0833_/B (sky130_fd_sc_hd__or4_4)
                  0.08    0.25    1.83 ^ _0833_/X (sky130_fd_sc_hd__or4_4)
     6    0.02                           _0276_ (net)
                  0.08    0.00    1.83 ^ _0837_/A (sky130_fd_sc_hd__nor2_2)
                  0.06    0.08    1.91 v _0837_/Y (sky130_fd_sc_hd__nor2_2)
     5    0.02                           _0280_ (net)
                  0.06    0.00    1.91 v _0866_/A1 (sky130_fd_sc_hd__o41a_2)
                  0.09    0.55    2.46 v _0866_/X (sky130_fd_sc_hd__o41a_2)
     3    0.01                           _0307_ (net)
                  0.09    0.00    2.46 v _0901_/B (sky130_fd_sc_hd__or4_4)
                  0.09    0.56    3.02 v _0901_/X (sky130_fd_sc_hd__or4_4)
     2    0.01                           _0338_ (net)
                  0.09    0.00    3.02 v _0903_/A2 (sky130_fd_sc_hd__o21a_4)
                  0.07    0.27    3.28 v _0903_/X (sky130_fd_sc_hd__o21a_4)
     9    0.04                           _0340_ (net)
                  0.07    0.00    3.28 v _0981_/A1 (sky130_fd_sc_hd__o211a_2)
                  0.05    0.29    3.57 v _0981_/X (sky130_fd_sc_hd__o211a_2)
     2    0.01                           _0413_ (net)
                  0.05    0.00    3.57 v _1390_/A (sky130_fd_sc_hd__or3_4)
                  0.07    0.41    3.98 v _1390_/X (sky130_fd_sc_hd__or3_4)
     1    0.01                           _0720_ (net)
                  0.07    0.00    3.98 v _1391_/B (sky130_fd_sc_hd__xor2_2)
                  0.33    0.32    4.29 ^ _1391_/X (sky130_fd_sc_hd__xor2_2)
     6    0.03                           _0721_ (net)
                  0.33    0.00    4.29 ^ _1400_/A (sky130_fd_sc_hd__buf_2)
                  0.26    0.36    4.66 ^ _1400_/X (sky130_fd_sc_hd__buf_2)
    10    0.05                           _0725_ (net)
                  0.26    0.00    4.66 ^ _1423_/B1 (sky130_fd_sc_hd__o22a_2)
                  0.29    0.41    5.06 ^ _1423_/X (sky130_fd_sc_hd__o22a_2)
     2    0.04                           pmatrix_row_out_n[11] (net)
                  0.29    0.00    5.06 ^ _1746_/A (sky130_fd_sc_hd__buf_2)
                  0.17    0.29    5.35 ^ _1746_/X (sky130_fd_sc_hd__buf_2)
     1    0.03                           pmatrix_rowon_out_n[10] (net)
                  0.17    0.00    5.35 ^ pmatrix_rowon_out_n[10] (out)
                                  5.35   data arrival time

                  0.00   20.00   20.00   clock clk_dig (rise edge)
                          0.00   20.00   clock network delay (ideal)
                         -0.25   19.75   clock uncertainty
                          0.00   19.75   clock reconvergence pessimism
                         -4.00   15.75   output external delay
                                 15.75   data required time
-----------------------------------------------------------------------------
                                 15.75   data required time
                                 -5.35   data arrival time
-----------------------------------------------------------------------------
                                 10.40   slack (MET)


Startpoint: _1637_ (rising edge-triggered flip-flop)
Endpoint: nmatrix_rowon_out_n[5] (output port clocked by clk_dig)
Path Group: clk_dig
Path Type: max

Fanout     Cap    Slew   Delay    Time   Description
-----------------------------------------------------------------------------
                  0.75    0.00    0.00 ^ _1637_/CLK (sky130_fd_sc_hd__dfstp_2)
                  0.48    1.04    1.04 ^ _1637_/Q (sky130_fd_sc_hd__dfstp_2)
    12    0.07                           sample_matrix_out (net)
                  0.48    0.00    1.04 ^ _0774_/C (sky130_fd_sc_hd__or3_4)
                  0.04    0.23    1.26 ^ _0774_/X (sky130_fd_sc_hd__or3_4)
     2    0.01                           _0221_ (net)
                  0.04    0.00    1.26 ^ _0775_/A (sky130_fd_sc_hd__buf_1)
                  0.36    0.32    1.58 ^ _0775_/X (sky130_fd_sc_hd__buf_1)
    10    0.03                           _0222_ (net)
                  0.36    0.00    1.58 ^ _0833_/B (sky130_fd_sc_hd__or4_4)
                  0.08    0.25    1.83 ^ _0833_/X (sky130_fd_sc_hd__or4_4)
     6    0.02                           _0276_ (net)
                  0.08    0.00    1.83 ^ _0837_/A (sky130_fd_sc_hd__nor2_2)
                  0.06    0.08    1.91 v _0837_/Y (sky130_fd_sc_hd__nor2_2)
     5    0.02                           _0280_ (net)
                  0.06    0.00    1.91 v _0866_/A1 (sky130_fd_sc_hd__o41a_2)
                  0.09    0.55    2.46 v _0866_/X (sky130_fd_sc_hd__o41a_2)
     3    0.01                           _0307_ (net)
                  0.09    0.00    2.46 v _0901_/B (sky130_fd_sc_hd__or4_4)
                  0.09    0.56    3.02 v _0901_/X (sky130_fd_sc_hd__or4_4)
     2    0.01                           _0338_ (net)
                  0.09    0.00    3.02 v _0903_/A2 (sky130_fd_sc_hd__o21a_4)
                  0.07    0.27    3.28 v _0903_/X (sky130_fd_sc_hd__o21a_4)
     9    0.04                           _0340_ (net)
                  0.07    0.00    3.28 v _0981_/A1 (sky130_fd_sc_hd__o211a_2)
                  0.05    0.29    3.57 v _0981_/X (sky130_fd_sc_hd__o211a_2)
     2    0.01                           _0413_ (net)
                  0.05    0.00    3.57 v _1390_/A (sky130_fd_sc_hd__or3_4)
                  0.07    0.41    3.98 v _1390_/X (sky130_fd_sc_hd__or3_4)
     1    0.01                           _0720_ (net)
                  0.07    0.00    3.98 v _1391_/B (sky130_fd_sc_hd__xor2_2)
                  0.12    0.21    4.18 v _1391_/X (sky130_fd_sc_hd__xor2_2)
     6    0.02                           _0721_ (net)
                  0.12    0.00    4.18 v _1400_/A (sky130_fd_sc_hd__buf_2)
                  0.12    0.25    4.44 v _1400_/X (sky130_fd_sc_hd__buf_2)
    10    0.05                           _0725_ (net)
                  0.12    0.00    4.44 v _1401_/A2 (sky130_fd_sc_hd__a21oi_2)
                  0.61    0.55    4.99 ^ _1401_/Y (sky130_fd_sc_hd__a21oi_2)
     2    0.04                           nmatrix_row_out_n[6] (net)
                  0.61    0.00    4.99 ^ _1726_/A (sky130_fd_sc_hd__buf_2)
                  0.17    0.34    5.33 ^ _1726_/X (sky130_fd_sc_hd__buf_2)
     1    0.03                           nmatrix_rowon_out_n[5] (net)
                  0.17    0.00    5.33 ^ nmatrix_rowon_out_n[5] (out)
                                  5.33   data arrival time

                  0.00   20.00   20.00   clock clk_dig (rise edge)
                          0.00   20.00   clock network delay (ideal)
                         -0.25   19.75   clock uncertainty
                          0.00   19.75   clock reconvergence pessimism
                         -4.00   15.75   output external delay
                                 15.75   data required time
-----------------------------------------------------------------------------
                                 15.75   data required time
                                 -5.33   data arrival time
-----------------------------------------------------------------------------
                                 10.42   slack (MET)


