
27. Printing statistics.

=== adc_core_digital ===

   Number of wires:               1061
   Number of wire bits:           1232
   Number of public wires:         151
   Number of public wire bits:     322
   Number of memories:               0
   Number of memory bits:            0
   Number of processes:              0
   Number of cells:               1197
     sky130_fd_sc_hd__a2111o_2       3
     sky130_fd_sc_hd__a2111oi_2      1
     sky130_fd_sc_hd__a211o_2       34
     sky130_fd_sc_hd__a211o_4        1
     sky130_fd_sc_hd__a211oi_2       3
     sky130_fd_sc_hd__a21bo_2        4
     sky130_fd_sc_hd__a21boi_2       4
     sky130_fd_sc_hd__a21o_2        48
     sky130_fd_sc_hd__a21oi_2       35
     sky130_fd_sc_hd__a221o_2       13
     sky130_fd_sc_hd__a221oi_4       1
     sky130_fd_sc_hd__a22o_2        22
     sky130_fd_sc_hd__a2bb2o_2       5
     sky130_fd_sc_hd__a311o_2        8
     sky130_fd_sc_hd__a311oi_2       1
     sky130_fd_sc_hd__a31o_2        30
     sky130_fd_sc_hd__a31oi_2        5
     sky130_fd_sc_hd__a32o_2         3
     sky130_fd_sc_hd__a41o_2         2
     sky130_fd_sc_hd__and2_2        26
     sky130_fd_sc_hd__and2_4         5
     sky130_fd_sc_hd__and2b_2        3
     sky130_fd_sc_hd__and3_2        45
     sky130_fd_sc_hd__and3_4         1
     sky130_fd_sc_hd__and3b_2        5
     sky130_fd_sc_hd__and4_2        15
     sky130_fd_sc_hd__and4b_2        6
     sky130_fd_sc_hd__and4bb_2       5
     sky130_fd_sc_hd__buf_1         91
     sky130_fd_sc_hd__buf_2         65
     sky130_fd_sc_hd__buf_4          5
     sky130_fd_sc_hd__buf_6          8
     sky130_fd_sc_hd__conb_1         6
     sky130_fd_sc_hd__dfrtp_2      100
     sky130_fd_sc_hd__dfstp_2        3
     sky130_fd_sc_hd__inv_2         41
     sky130_fd_sc_hd__inv_4          1
     sky130_fd_sc_hd__mux2_2        61
     sky130_fd_sc_hd__nand2_2       73
     sky130_fd_sc_hd__nand2b_2       1
     sky130_fd_sc_hd__nand3_2        5
     sky130_fd_sc_hd__nand3b_2       1
     sky130_fd_sc_hd__nand4_2        1
     sky130_fd_sc_hd__nand4bb_2      1
     sky130_fd_sc_hd__nor2_2        80
     sky130_fd_sc_hd__nor2_4         1
     sky130_fd_sc_hd__nor3_2         7
     sky130_fd_sc_hd__nor4_2         3
     sky130_fd_sc_hd__o2111a_2       4
     sky130_fd_sc_hd__o2111ai_2      3
     sky130_fd_sc_hd__o211a_2       20
     sky130_fd_sc_hd__o211ai_2       6
     sky130_fd_sc_hd__o21a_2        30
     sky130_fd_sc_hd__o21ai_2       17
     sky130_fd_sc_hd__o21ba_2        3
     sky130_fd_sc_hd__o21bai_2       1
     sky130_fd_sc_hd__o221a_2        8
     sky130_fd_sc_hd__o221a_4        1
     sky130_fd_sc_hd__o221ai_2       1
     sky130_fd_sc_hd__o22a_2        15
     sky130_fd_sc_hd__o22ai_2        3
     sky130_fd_sc_hd__o2bb2a_2       2
     sky130_fd_sc_hd__o311a_2        1
     sky130_fd_sc_hd__o31a_2         9
     sky130_fd_sc_hd__o31ai_2        7
     sky130_fd_sc_hd__o31ai_4        1
     sky130_fd_sc_hd__o32a_2         5
     sky130_fd_sc_hd__o41a_2         1
     sky130_fd_sc_hd__or2_2         27
     sky130_fd_sc_hd__or2_4          6
     sky130_fd_sc_hd__or2b_2         4
     sky130_fd_sc_hd__or3_2         22
     sky130_fd_sc_hd__or3_4          6
     sky130_fd_sc_hd__or3b_2        18
     sky130_fd_sc_hd__or3b_4         1
     sky130_fd_sc_hd__or4_2         16
     sky130_fd_sc_hd__or4_4         13
     sky130_fd_sc_hd__or4b_2         8
     sky130_fd_sc_hd__or4b_4         6
     sky130_fd_sc_hd__or4bb_2        1
     sky130_fd_sc_hd__xnor2_2       30
     sky130_fd_sc_hd__xor2_2        13

   Chip area for module '\adc_core_digital': 11942.704000

