
===========================================================================
report_checks -unconstrained
============================================================================
Startpoint: _2005_ (rising edge-triggered flip-flop)
Endpoint: pmatrix_rowon_out_n[6] (output port clocked by clk_dig)
Path Group: clk_dig
Path Type: max

Fanout     Cap    Slew   Delay    Time   Description
-----------------------------------------------------------------------------
                  0.92    0.00    0.00 ^ _2005_/CLK (sky130_fd_sc_hd__dfrtp_2)
                  0.09    0.64    0.64 v _2005_/Q (sky130_fd_sc_hd__dfrtp_2)
    10    0.02                           cnb.shift_register_r[15] (net)
                  0.09    0.00    0.65 v _0971_/A (sky130_fd_sc_hd__or4_4)
                  0.09    0.58    1.22 v _0971_/X (sky130_fd_sc_hd__or4_4)
     3    0.01                           _0379_ (net)
                  0.09    0.00    1.22 v _0972_/A (sky130_fd_sc_hd__buf_2)
                  0.09    0.21    1.43 v _0972_/X (sky130_fd_sc_hd__buf_2)
    10    0.04                           _0380_ (net)
                  0.09    0.00    1.44 v _1150_/A (sky130_fd_sc_hd__or3_4)
                  0.07    0.42    1.85 v _1150_/X (sky130_fd_sc_hd__or3_4)
     2    0.00                           _0545_ (net)
                  0.07    0.00    1.86 v _1152_/A1 (sky130_fd_sc_hd__a21o_2)
                  0.07    0.24    2.10 v _1152_/X (sky130_fd_sc_hd__a21o_2)
     2    0.02                           _0547_ (net)
                  0.07    0.01    2.11 v _1188_/B (sky130_fd_sc_hd__xnor2_2)
                  0.10    0.19    2.29 v _1188_/Y (sky130_fd_sc_hd__xnor2_2)
     6    0.02                           _0582_ (net)
                  0.10    0.00    2.30 v _1203_/B (sky130_fd_sc_hd__or4b_4)
                  0.11    0.60    2.90 v _1203_/X (sky130_fd_sc_hd__or4b_4)
     5    0.02                           _0596_ (net)
                  0.11    0.01    2.91 v _1254_/A2 (sky130_fd_sc_hd__a211oi_2)
                  0.16    0.25    3.15 ^ _1254_/Y (sky130_fd_sc_hd__a211oi_2)
     2    0.00                           _0645_ (net)
                  0.16    0.00    3.16 ^ _1267_/B (sky130_fd_sc_hd__and2_2)
                  0.08    0.21    3.36 ^ _1267_/X (sky130_fd_sc_hd__and2_2)
     3    0.01                           _0657_ (net)
                  0.08    0.01    3.37 ^ _1268_/A2 (sky130_fd_sc_hd__o21ai_2)
                  0.07    0.09    3.46 v _1268_/Y (sky130_fd_sc_hd__o21ai_2)
     3    0.02                           _0658_ (net)
                  0.08    0.01    3.47 v _1269_/B (sky130_fd_sc_hd__xor2_2)
                  0.17    0.19    3.65 ^ _1269_/X (sky130_fd_sc_hd__xor2_2)
     3    0.01                           _0659_ (net)
                  0.17    0.00    3.66 ^ _1272_/A (sky130_fd_sc_hd__buf_1)
                  0.30    0.30    3.96 ^ _1272_/X (sky130_fd_sc_hd__buf_1)
    10    0.03                           _0661_ (net)
                  0.30    0.00    3.96 ^ _1275_/A (sky130_fd_sc_hd__buf_2)
                  0.33    0.39    4.35 ^ _1275_/X (sky130_fd_sc_hd__buf_2)
    11    0.07                           pmatrix_row_out_n[8] (net)
                  0.33    0.00    4.35 ^ _1740_/B1 (sky130_fd_sc_hd__o31a_2)
                  0.20    0.32    4.68 ^ _1740_/X (sky130_fd_sc_hd__o31a_2)
     2    0.04                           pmatrix_row_out_n[7] (net)
                  0.20    0.00    4.68 ^ _2095_/A (sky130_fd_sc_hd__buf_2)
                  0.20    0.24    4.92 ^ _2095_/X (sky130_fd_sc_hd__buf_2)
     1    0.03                           pmatrix_rowon_out_n[6] (net)
                  0.20    0.00    4.92 ^ pmatrix_rowon_out_n[6] (out)
                                  4.92   data arrival time

                  0.00   20.00   20.00   clock clk_dig (rise edge)
                          0.00   20.00   clock network delay (ideal)
                         -0.25   19.75   clock uncertainty
                          0.00   19.75   clock reconvergence pessimism
                         -4.00   15.75   output external delay
                                 15.75   data required time
-----------------------------------------------------------------------------
                                 15.75   data required time
                                 -4.92   data arrival time
-----------------------------------------------------------------------------
                                 10.83   slack (MET)



===========================================================================
report_checks --slack_max -0.01
============================================================================
No paths found.
