
===========================================================================
report_checks -path_delay min (Hold)
============================================================================
Startpoint: _1990_ (rising edge-triggered flip-flop)
Endpoint: sample_matrix_out (output port clocked by clk_dig)
Path Group: clk_dig
Path Type: min

Fanout     Cap    Slew   Delay    Time   Description
-----------------------------------------------------------------------------
                  0.92    0.00    0.00 ^ _1990_/CLK (sky130_fd_sc_hd__dfstp_2)
                  0.10    0.55    0.55 v _1990_/Q (sky130_fd_sc_hd__dfstp_2)
     6    0.04                           sample_matrix_out (net)
                  0.10    0.00    0.55 v sample_matrix_out (out)
                                  0.55   data arrival time

                  0.00    0.00    0.00   clock clk_dig (rise edge)
                          0.00    0.00   clock network delay (ideal)
                          0.25    0.25   clock uncertainty
                          0.00    0.25   clock reconvergence pessimism
                         -4.00   -3.75   output external delay
                                 -3.75   data required time
-----------------------------------------------------------------------------
                                 -3.75   data required time
                                 -0.55   data arrival time
-----------------------------------------------------------------------------
                                  4.30   slack (MET)


Startpoint: _2028_ (rising edge-triggered flip-flop)
Endpoint: result_out[1] (output port clocked by clk_dig)
Path Group: clk_dig
Path Type: min

Fanout     Cap    Slew   Delay    Time   Description
-----------------------------------------------------------------------------
                  0.92    0.00    0.00 ^ _2028_/CLK (sky130_fd_sc_hd__dfrtp_2)
                  0.18    0.57    0.57 ^ _2028_/Q (sky130_fd_sc_hd__dfrtp_2)
     2    0.03                           result_out[1] (net)
                  0.18    0.00    0.57 ^ result_out[1] (out)
                                  0.57   data arrival time

                  0.00    0.00    0.00   clock clk_dig (rise edge)
                          0.00    0.00   clock network delay (ideal)
                          0.25    0.25   clock uncertainty
                          0.00    0.25   clock reconvergence pessimism
                         -4.00   -3.75   output external delay
                                 -3.75   data required time
-----------------------------------------------------------------------------
                                 -3.75   data required time
                                 -0.57   data arrival time
-----------------------------------------------------------------------------
                                  4.32   slack (MET)


Startpoint: _2029_ (rising edge-triggered flip-flop)
Endpoint: result_out[2] (output port clocked by clk_dig)
Path Group: clk_dig
Path Type: min

Fanout     Cap    Slew   Delay    Time   Description
-----------------------------------------------------------------------------
                  0.92    0.00    0.00 ^ _2029_/CLK (sky130_fd_sc_hd__dfrtp_2)
                  0.18    0.57    0.57 ^ _2029_/Q (sky130_fd_sc_hd__dfrtp_2)
     2    0.03                           result_out[2] (net)
                  0.18    0.00    0.57 ^ result_out[2] (out)
                                  0.57   data arrival time

                  0.00    0.00    0.00   clock clk_dig (rise edge)
                          0.00    0.00   clock network delay (ideal)
                          0.25    0.25   clock uncertainty
                          0.00    0.25   clock reconvergence pessimism
                         -4.00   -3.75   output external delay
                                 -3.75   data required time
-----------------------------------------------------------------------------
                                 -3.75   data required time
                                 -0.57   data arrival time
-----------------------------------------------------------------------------
                                  4.32   slack (MET)


Startpoint: _2038_ (rising edge-triggered flip-flop)
Endpoint: result_out[11] (output port clocked by clk_dig)
Path Group: clk_dig
Path Type: min

Fanout     Cap    Slew   Delay    Time   Description
-----------------------------------------------------------------------------
                  0.92    0.00    0.00 ^ _2038_/CLK (sky130_fd_sc_hd__dfrtp_2)
                  0.19    0.58    0.58 ^ _2038_/Q (sky130_fd_sc_hd__dfrtp_2)
     2    0.04                           result_out[11] (net)
                  0.19    0.00    0.58 ^ result_out[11] (out)
                                  0.58   data arrival time

                  0.00    0.00    0.00   clock clk_dig (rise edge)
                          0.00    0.00   clock network delay (ideal)
                          0.25    0.25   clock uncertainty
                          0.00    0.25   clock reconvergence pessimism
                         -4.00   -3.75   output external delay
                                 -3.75   data required time
-----------------------------------------------------------------------------
                                 -3.75   data required time
                                 -0.58   data arrival time
-----------------------------------------------------------------------------
                                  4.33   slack (MET)


Startpoint: _2035_ (rising edge-triggered flip-flop)
Endpoint: result_out[8] (output port clocked by clk_dig)
Path Group: clk_dig
Path Type: min

Fanout     Cap    Slew   Delay    Time   Description
-----------------------------------------------------------------------------
                  0.92    0.00    0.00 ^ _2035_/CLK (sky130_fd_sc_hd__dfrtp_2)
                  0.19    0.58    0.58 ^ _2035_/Q (sky130_fd_sc_hd__dfrtp_2)
     2    0.04                           result_out[8] (net)
                  0.19    0.00    0.58 ^ result_out[8] (out)
                                  0.58   data arrival time

                  0.00    0.00    0.00   clock clk_dig (rise edge)
                          0.00    0.00   clock network delay (ideal)
                          0.25    0.25   clock uncertainty
                          0.00    0.25   clock reconvergence pessimism
                         -4.00   -3.75   output external delay
                                 -3.75   data required time
-----------------------------------------------------------------------------
                                 -3.75   data required time
                                 -0.58   data arrival time
-----------------------------------------------------------------------------
                                  4.33   slack (MET)


