
===========================================================================
report_checks -unconstrained
============================================================================
Startpoint: _2005_ (rising edge-triggered flip-flop)
Endpoint: pmatrix_col_out_n[29] (output port clocked by clk_dig)
Path Group: clk_dig
Path Type: max

Fanout     Cap    Slew   Delay    Time   Description
-----------------------------------------------------------------------------
                  0.12    0.00    0.00 ^ _2005_/CLK (sky130_fd_sc_hd__dfrtp_2)
                  0.11    0.51    0.51 v _2005_/Q (sky130_fd_sc_hd__dfrtp_2)
    10    0.03                           cnb.shift_register_r[15] (net)
                  0.11    0.00    0.51 v _0971_/A (sky130_fd_sc_hd__or4_2)
                  0.13    0.76    1.28 v _0971_/X (sky130_fd_sc_hd__or4_2)
     3    0.01                           _0379_ (net)
                  0.13    0.00    1.28 v _1076_/B (sky130_fd_sc_hd__or3_2)
                  0.09    0.52    1.80 v _1076_/X (sky130_fd_sc_hd__or3_2)
     2    0.01                           _0474_ (net)
                  0.09    0.00    1.80 v _1077_/D (sky130_fd_sc_hd__or4_2)
                  0.13    0.64    2.44 v _1077_/X (sky130_fd_sc_hd__or4_2)
     3    0.01                           _0475_ (net)
                  0.13    0.00    2.44 v _1105_/C (sky130_fd_sc_hd__and3_2)
                  0.05    0.28    2.71 v _1105_/X (sky130_fd_sc_hd__and3_2)
     2    0.01                           _0502_ (net)
                  0.05    0.00    2.71 v _1106_/A (sky130_fd_sc_hd__buf_6)
                  0.06    0.16    2.87 v _1106_/X (sky130_fd_sc_hd__buf_6)
    10    0.05                           _0503_ (net)
                  0.06    0.00    2.87 v _1135_/A1 (sky130_fd_sc_hd__o211a_2)
                  0.05    0.28    3.15 v _1135_/X (sky130_fd_sc_hd__o211a_2)
     1    0.00                           _0531_ (net)
                  0.05    0.00    3.15 v _1137_/B1 (sky130_fd_sc_hd__a311o_4)
                  0.08    0.43    3.58 v _1137_/X (sky130_fd_sc_hd__a311o_4)
     2    0.02                           _0533_ (net)
                  0.08    0.00    3.58 v _1315_/A (sky130_fd_sc_hd__or2_2)
                  0.07    0.35    3.93 v _1315_/X (sky130_fd_sc_hd__or2_2)
     1    0.01                           _0700_ (net)
                  0.07    0.00    3.93 v _1316_/A (sky130_fd_sc_hd__buf_8)
                  0.05    0.17    4.09 v _1316_/X (sky130_fd_sc_hd__buf_8)
     8    0.06                           _0701_ (net)
                  0.05    0.00    4.10 v _1319_/A (sky130_fd_sc_hd__and3_2)
                  0.04    0.19    4.28 v _1319_/X (sky130_fd_sc_hd__and3_2)
     1    0.01                           _0704_ (net)
                  0.04    0.00    4.28 v _1320_/A (sky130_fd_sc_hd__buf_6)
                  0.05    0.15    4.44 v _1320_/X (sky130_fd_sc_hd__buf_6)
    10    0.05                           _0705_ (net)
                  0.06    0.00    4.44 v _1405_/B (sky130_fd_sc_hd__nand2_2)
                  0.05    0.08    4.52 ^ _1405_/Y (sky130_fd_sc_hd__nand2_2)
     2    0.01                           _0763_ (net)
                  0.05    0.00    4.52 ^ _1406_/D_N (sky130_fd_sc_hd__or4b_2)
                  0.11    0.62    5.14 v _1406_/X (sky130_fd_sc_hd__or4b_2)
     1    0.00                           _0764_ (net)
                  0.11    0.00    5.14 v _1407_/A (sky130_fd_sc_hd__buf_1)
                  0.04    0.13    5.27 v _1407_/X (sky130_fd_sc_hd__buf_1)
     1    0.00                           net101 (net)
                  0.04    0.00    5.27 v output101/A (sky130_fd_sc_hd__buf_4)
                  0.06    0.17    5.45 v output101/X (sky130_fd_sc_hd__buf_4)
     1    0.03                           pmatrix_col_out_n[29] (net)
                  0.06    0.00    5.45 v pmatrix_col_out_n[29] (out)
                                  5.45   data arrival time

                  0.00   20.00   20.00   clock clk_dig (rise edge)
                          0.00   20.00   clock network delay (ideal)
                         -0.25   19.75   clock uncertainty
                          0.00   19.75   clock reconvergence pessimism
                         -4.00   15.75   output external delay
                                 15.75   data required time
-----------------------------------------------------------------------------
                                 15.75   data required time
                                 -5.45   data arrival time
-----------------------------------------------------------------------------
                                 10.30   slack (MET)



===========================================================================
report_checks --slack_max -0.01
============================================================================
No paths found.
