
===========================================================================
report_checks -path_delay max (Setup)
============================================================================
Startpoint: _2005_ (rising edge-triggered flip-flop)
Endpoint: pmatrix_col_out_n[29] (output port clocked by clk_dig)
Path Group: clk_dig
Path Type: max

Fanout     Cap    Slew   Delay    Time   Description
-----------------------------------------------------------------------------
                  0.12    0.00    0.00 ^ _2005_/CLK (sky130_fd_sc_hd__dfrtp_2)
                  0.11    0.51    0.51 v _2005_/Q (sky130_fd_sc_hd__dfrtp_2)
    10    0.03                           cnb.shift_register_r[15] (net)
                  0.11    0.00    0.51 v _0971_/A (sky130_fd_sc_hd__or4_2)
                  0.13    0.76    1.28 v _0971_/X (sky130_fd_sc_hd__or4_2)
     3    0.01                           _0379_ (net)
                  0.13    0.00    1.28 v _1076_/B (sky130_fd_sc_hd__or3_2)
                  0.09    0.52    1.80 v _1076_/X (sky130_fd_sc_hd__or3_2)
     2    0.01                           _0474_ (net)
                  0.09    0.00    1.80 v _1077_/D (sky130_fd_sc_hd__or4_2)
                  0.13    0.64    2.44 v _1077_/X (sky130_fd_sc_hd__or4_2)
     3    0.01                           _0475_ (net)
                  0.13    0.00    2.44 v _1105_/C (sky130_fd_sc_hd__and3_2)
                  0.05    0.28    2.71 v _1105_/X (sky130_fd_sc_hd__and3_2)
     2    0.01                           _0502_ (net)
                  0.05    0.00    2.71 v _1106_/A (sky130_fd_sc_hd__buf_6)
                  0.06    0.16    2.87 v _1106_/X (sky130_fd_sc_hd__buf_6)
    10    0.05                           _0503_ (net)
                  0.06    0.00    2.87 v _1135_/A1 (sky130_fd_sc_hd__o211a_2)
                  0.05    0.28    3.15 v _1135_/X (sky130_fd_sc_hd__o211a_2)
     1    0.00                           _0531_ (net)
                  0.05    0.00    3.15 v _1137_/B1 (sky130_fd_sc_hd__a311o_4)
                  0.08    0.43    3.58 v _1137_/X (sky130_fd_sc_hd__a311o_4)
     2    0.02                           _0533_ (net)
                  0.08    0.00    3.58 v _1315_/A (sky130_fd_sc_hd__or2_2)
                  0.07    0.35    3.93 v _1315_/X (sky130_fd_sc_hd__or2_2)
     1    0.01                           _0700_ (net)
                  0.07    0.00    3.93 v _1316_/A (sky130_fd_sc_hd__buf_8)
                  0.05    0.17    4.09 v _1316_/X (sky130_fd_sc_hd__buf_8)
     8    0.06                           _0701_ (net)
                  0.05    0.00    4.10 v _1319_/A (sky130_fd_sc_hd__and3_2)
                  0.04    0.19    4.28 v _1319_/X (sky130_fd_sc_hd__and3_2)
     1    0.01                           _0704_ (net)
                  0.04    0.00    4.28 v _1320_/A (sky130_fd_sc_hd__buf_6)
                  0.05    0.15    4.44 v _1320_/X (sky130_fd_sc_hd__buf_6)
    10    0.05                           _0705_ (net)
                  0.06    0.00    4.44 v _1405_/B (sky130_fd_sc_hd__nand2_2)
                  0.05    0.08    4.52 ^ _1405_/Y (sky130_fd_sc_hd__nand2_2)
     2    0.01                           _0763_ (net)
                  0.05    0.00    4.52 ^ _1406_/D_N (sky130_fd_sc_hd__or4b_2)
                  0.11    0.62    5.14 v _1406_/X (sky130_fd_sc_hd__or4b_2)
     1    0.00                           _0764_ (net)
                  0.11    0.00    5.14 v _1407_/A (sky130_fd_sc_hd__buf_1)
                  0.04    0.13    5.27 v _1407_/X (sky130_fd_sc_hd__buf_1)
     1    0.00                           net101 (net)
                  0.04    0.00    5.27 v output101/A (sky130_fd_sc_hd__buf_4)
                  0.06    0.17    5.45 v output101/X (sky130_fd_sc_hd__buf_4)
     1    0.03                           pmatrix_col_out_n[29] (net)
                  0.06    0.00    5.45 v pmatrix_col_out_n[29] (out)
                                  5.45   data arrival time

                  0.00   20.00   20.00   clock clk_dig (rise edge)
                          0.00   20.00   clock network delay (ideal)
                         -0.25   19.75   clock uncertainty
                          0.00   19.75   clock reconvergence pessimism
                         -4.00   15.75   output external delay
                                 15.75   data required time
-----------------------------------------------------------------------------
                                 15.75   data required time
                                 -5.45   data arrival time
-----------------------------------------------------------------------------
                                 10.30   slack (MET)


Startpoint: _1994_ (rising edge-triggered flip-flop)
Endpoint: pmatrix_col_out_n[22] (output port clocked by clk_dig)
Path Group: clk_dig
Path Type: max

Fanout     Cap    Slew   Delay    Time   Description
-----------------------------------------------------------------------------
                  0.12    0.00    0.00 ^ _1994_/CLK (sky130_fd_sc_hd__dfrtp_2)
                  0.09    0.50    0.50 v _1994_/Q (sky130_fd_sc_hd__dfrtp_2)
     7    0.02                           cnb.shift_register_r[4] (net)
                  0.09    0.00    0.50 v _0975_/A (sky130_fd_sc_hd__or4_2)
                  0.13    0.76    1.25 v _0975_/X (sky130_fd_sc_hd__or4_2)
     3    0.01                           _0383_ (net)
                  0.13    0.00    1.25 v _0976_/A (sky130_fd_sc_hd__buf_6)
                  0.05    0.19    1.44 v _0976_/X (sky130_fd_sc_hd__buf_6)
    10    0.04                           _0384_ (net)
                  0.05    0.00    1.44 v _0979_/B (sky130_fd_sc_hd__or2_2)
                  0.09    0.34    1.78 v _0979_/X (sky130_fd_sc_hd__or2_2)
     3    0.02                           _0387_ (net)
                  0.09    0.00    1.78 v _0980_/A (sky130_fd_sc_hd__buf_6)
                  0.06    0.18    1.96 v _0980_/X (sky130_fd_sc_hd__buf_6)
    10    0.05                           _0388_ (net)
                  0.06    0.00    1.96 v _1120_/A2 (sky130_fd_sc_hd__o31ai_4)
                  0.44    0.45    2.41 ^ _1120_/Y (sky130_fd_sc_hd__o31ai_4)
     4    0.04                           _0516_ (net)
                  0.44    0.00    2.41 ^ _1187_/B (sky130_fd_sc_hd__nor2_8)
                  0.09    0.08    2.50 v _1187_/Y (sky130_fd_sc_hd__nor2_8)
     6    0.03                           _0581_ (net)
                  0.09    0.00    2.50 v _1203_/A (sky130_fd_sc_hd__or4b_4)
                  0.11    0.63    3.12 v _1203_/X (sky130_fd_sc_hd__or4b_4)
     5    0.02                           _0596_ (net)
                  0.11    0.00    3.12 v _1212_/B (sky130_fd_sc_hd__and2_2)
                  0.05    0.25    3.37 v _1212_/X (sky130_fd_sc_hd__and2_2)
     2    0.01                           _0605_ (net)
                  0.05    0.00    3.37 v _1213_/B1 (sky130_fd_sc_hd__a311o_4)
                  0.08    0.43    3.80 v _1213_/X (sky130_fd_sc_hd__a311o_4)
     4    0.02                           _0606_ (net)
                  0.08    0.00    3.80 v _1214_/B (sky130_fd_sc_hd__and2_2)
                  0.06    0.24    4.04 v _1214_/X (sky130_fd_sc_hd__and2_2)
     4    0.01                           _0607_ (net)
                  0.06    0.00    4.04 v _1215_/A (sky130_fd_sc_hd__buf_6)
                  0.05    0.16    4.20 v _1215_/X (sky130_fd_sc_hd__buf_6)
    10    0.04                           _0608_ (net)
                  0.05    0.00    4.20 v _1389_/B (sky130_fd_sc_hd__and3_2)
                  0.04    0.20    4.39 v _1389_/X (sky130_fd_sc_hd__and3_2)
     1    0.00                           _0754_ (net)
                  0.04    0.00    4.39 v _1391_/A (sky130_fd_sc_hd__or4b_2)
                  0.12    0.72    5.12 v _1391_/X (sky130_fd_sc_hd__or4b_2)
     1    0.01                           _0756_ (net)
                  0.12    0.00    5.12 v _1392_/A (sky130_fd_sc_hd__buf_6)
                  0.02    0.15    5.27 v _1392_/X (sky130_fd_sc_hd__buf_6)
     1    0.01                           net94 (net)
                  0.02    0.00    5.27 v output94/A (sky130_fd_sc_hd__buf_4)
                  0.06    0.17    5.44 v output94/X (sky130_fd_sc_hd__buf_4)
     1    0.03                           pmatrix_col_out_n[22] (net)
                  0.06    0.00    5.44 v pmatrix_col_out_n[22] (out)
                                  5.44   data arrival time

                  0.00   20.00   20.00   clock clk_dig (rise edge)
                          0.00   20.00   clock network delay (ideal)
                         -0.25   19.75   clock uncertainty
                          0.00   19.75   clock reconvergence pessimism
                         -4.00   15.75   output external delay
                                 15.75   data required time
-----------------------------------------------------------------------------
                                 15.75   data required time
                                 -5.44   data arrival time
-----------------------------------------------------------------------------
                                 10.31   slack (MET)


Startpoint: _2005_ (rising edge-triggered flip-flop)
Endpoint: nmatrix_col_out_n[16] (output port clocked by clk_dig)
Path Group: clk_dig
Path Type: max

Fanout     Cap    Slew   Delay    Time   Description
-----------------------------------------------------------------------------
                  0.12    0.00    0.00 ^ _2005_/CLK (sky130_fd_sc_hd__dfrtp_2)
                  0.11    0.51    0.51 v _2005_/Q (sky130_fd_sc_hd__dfrtp_2)
    10    0.03                           cnb.shift_register_r[15] (net)
                  0.11    0.00    0.51 v _0971_/A (sky130_fd_sc_hd__or4_2)
                  0.13    0.76    1.28 v _0971_/X (sky130_fd_sc_hd__or4_2)
     3    0.01                           _0379_ (net)
                  0.13    0.00    1.28 v _1076_/B (sky130_fd_sc_hd__or3_2)
                  0.09    0.52    1.80 v _1076_/X (sky130_fd_sc_hd__or3_2)
     2    0.01                           _0474_ (net)
                  0.09    0.00    1.80 v _1077_/D (sky130_fd_sc_hd__or4_2)
                  0.13    0.64    2.44 v _1077_/X (sky130_fd_sc_hd__or4_2)
     3    0.01                           _0475_ (net)
                  0.13    0.00    2.44 v _1105_/C (sky130_fd_sc_hd__and3_2)
                  0.05    0.28    2.71 v _1105_/X (sky130_fd_sc_hd__and3_2)
     2    0.01                           _0502_ (net)
                  0.05    0.00    2.71 v _1106_/A (sky130_fd_sc_hd__buf_6)
                  0.06    0.16    2.87 v _1106_/X (sky130_fd_sc_hd__buf_6)
    10    0.05                           _0503_ (net)
                  0.06    0.00    2.88 v _1240_/B1 (sky130_fd_sc_hd__a31o_4)
                  0.06    0.25    3.12 v _1240_/X (sky130_fd_sc_hd__a31o_4)
     5    0.02                           _0632_ (net)
                  0.06    0.00    3.12 v _1290_/B (sky130_fd_sc_hd__or4_2)
                  0.11    0.69    3.81 v _1290_/X (sky130_fd_sc_hd__or4_2)
     1    0.01                           _0677_ (net)
                  0.11    0.00    3.81 v _1292_/C1 (sky130_fd_sc_hd__o2111a_4)
                  0.07    0.21    4.02 v _1292_/X (sky130_fd_sc_hd__o2111a_4)
     3    0.02                           _0679_ (net)
                  0.07    0.00    4.02 v _1311_/B (sky130_fd_sc_hd__and2_2)
                  0.05    0.22    4.24 v _1311_/X (sky130_fd_sc_hd__and2_2)
     2    0.01                           _0696_ (net)
                  0.05    0.00    4.24 v _1312_/A (sky130_fd_sc_hd__buf_6)
                  0.05    0.15    4.38 v _1312_/X (sky130_fd_sc_hd__buf_6)
    10    0.04                           _0697_ (net)
                  0.05    0.00    4.39 v _1313_/A (sky130_fd_sc_hd__buf_6)
                  0.05    0.15    4.53 v _1313_/X (sky130_fd_sc_hd__buf_6)
    10    0.04                           _0698_ (net)
                  0.05    0.00    4.53 v _1429_/A (sky130_fd_sc_hd__or2_2)
                  0.08    0.34    4.88 v _1429_/X (sky130_fd_sc_hd__or2_2)
     3    0.01                           _0776_ (net)
                  0.08    0.00    4.88 v _1445_/A3 (sky130_fd_sc_hd__o31a_2)
                  0.08    0.35    5.23 v _1445_/X (sky130_fd_sc_hd__o31a_2)
     1    0.01                           net22 (net)
                  0.08    0.00    5.23 v output22/A (sky130_fd_sc_hd__buf_4)
                  0.06    0.19    5.42 v output22/X (sky130_fd_sc_hd__buf_4)
     1    0.03                           nmatrix_col_out_n[16] (net)
                  0.06    0.00    5.42 v nmatrix_col_out_n[16] (out)
                                  5.42   data arrival time

                  0.00   20.00   20.00   clock clk_dig (rise edge)
                          0.00   20.00   clock network delay (ideal)
                         -0.25   19.75   clock uncertainty
                          0.00   19.75   clock reconvergence pessimism
                         -4.00   15.75   output external delay
                                 15.75   data required time
-----------------------------------------------------------------------------
                                 15.75   data required time
                                 -5.42   data arrival time
-----------------------------------------------------------------------------
                                 10.33   slack (MET)


Startpoint: _2005_ (rising edge-triggered flip-flop)
Endpoint: nmatrix_col_out_n[25] (output port clocked by clk_dig)
Path Group: clk_dig
Path Type: max

Fanout     Cap    Slew   Delay    Time   Description
-----------------------------------------------------------------------------
                  0.12    0.00    0.00 ^ _2005_/CLK (sky130_fd_sc_hd__dfrtp_2)
                  0.11    0.51    0.51 v _2005_/Q (sky130_fd_sc_hd__dfrtp_2)
    10    0.03                           cnb.shift_register_r[15] (net)
                  0.11    0.00    0.51 v _0971_/A (sky130_fd_sc_hd__or4_2)
                  0.13    0.76    1.28 v _0971_/X (sky130_fd_sc_hd__or4_2)
     3    0.01                           _0379_ (net)
                  0.13    0.00    1.28 v _1076_/B (sky130_fd_sc_hd__or3_2)
                  0.09    0.52    1.80 v _1076_/X (sky130_fd_sc_hd__or3_2)
     2    0.01                           _0474_ (net)
                  0.09    0.00    1.80 v _1077_/D (sky130_fd_sc_hd__or4_2)
                  0.13    0.64    2.44 v _1077_/X (sky130_fd_sc_hd__or4_2)
     3    0.01                           _0475_ (net)
                  0.13    0.00    2.44 v _1105_/C (sky130_fd_sc_hd__and3_2)
                  0.05    0.28    2.71 v _1105_/X (sky130_fd_sc_hd__and3_2)
     2    0.01                           _0502_ (net)
                  0.05    0.00    2.71 v _1106_/A (sky130_fd_sc_hd__buf_6)
                  0.06    0.16    2.87 v _1106_/X (sky130_fd_sc_hd__buf_6)
    10    0.05                           _0503_ (net)
                  0.06    0.00    2.88 v _1173_/B (sky130_fd_sc_hd__or3_2)
                  0.10    0.52    3.39 v _1173_/X (sky130_fd_sc_hd__or3_2)
     2    0.01                           _0567_ (net)
                  0.10    0.00    3.39 v _1190_/A (sky130_fd_sc_hd__or3_2)
                  0.11    0.56    3.96 v _1190_/X (sky130_fd_sc_hd__or3_2)
     2    0.01                           _0584_ (net)
                  0.11    0.00    3.96 v _1195_/B (sky130_fd_sc_hd__and3_4)
                  0.08    0.25    4.21 v _1195_/X (sky130_fd_sc_hd__and3_4)
     5    0.04                           _0589_ (net)
                  0.08    0.00    4.21 v _1276_/A (sky130_fd_sc_hd__buf_4)
                  0.06    0.19    4.41 v _1276_/X (sky130_fd_sc_hd__buf_4)
    10    0.04                           _0663_ (net)
                  0.06    0.00    4.41 v _1277_/C (sky130_fd_sc_hd__and3_2)
                  0.05    0.24    4.65 v _1277_/X (sky130_fd_sc_hd__and3_2)
     2    0.01                           _0664_ (net)
                  0.05    0.00    4.65 v _1278_/A (sky130_fd_sc_hd__buf_6)
                  0.06    0.16    4.81 v _1278_/X (sky130_fd_sc_hd__buf_6)
    10    0.05                           _0665_ (net)
                  0.06    0.00    4.81 v _1462_/D1 (sky130_fd_sc_hd__a2111o_2)
                  0.09    0.41    5.22 v _1462_/X (sky130_fd_sc_hd__a2111o_2)
     1    0.01                           net32 (net)
                  0.09    0.00    5.22 v output32/A (sky130_fd_sc_hd__buf_4)
                  0.06    0.20    5.42 v output32/X (sky130_fd_sc_hd__buf_4)
     1    0.03                           nmatrix_col_out_n[25] (net)
                  0.06    0.00    5.42 v nmatrix_col_out_n[25] (out)
                                  5.42   data arrival time

                  0.00   20.00   20.00   clock clk_dig (rise edge)
                          0.00   20.00   clock network delay (ideal)
                         -0.25   19.75   clock uncertainty
                          0.00   19.75   clock reconvergence pessimism
                         -4.00   15.75   output external delay
                                 15.75   data required time
-----------------------------------------------------------------------------
                                 15.75   data required time
                                 -5.42   data arrival time
-----------------------------------------------------------------------------
                                 10.33   slack (MET)


Startpoint: _2005_ (rising edge-triggered flip-flop)
Endpoint: pmatrix_col_out_n[4] (output port clocked by clk_dig)
Path Group: clk_dig
Path Type: max

Fanout     Cap    Slew   Delay    Time   Description
-----------------------------------------------------------------------------
                  0.12    0.00    0.00 ^ _2005_/CLK (sky130_fd_sc_hd__dfrtp_2)
                  0.11    0.51    0.51 v _2005_/Q (sky130_fd_sc_hd__dfrtp_2)
    10    0.03                           cnb.shift_register_r[15] (net)
                  0.11    0.00    0.51 v _0971_/A (sky130_fd_sc_hd__or4_2)
                  0.13    0.76    1.28 v _0971_/X (sky130_fd_sc_hd__or4_2)
     3    0.01                           _0379_ (net)
                  0.13    0.00    1.28 v _1076_/B (sky130_fd_sc_hd__or3_2)
                  0.09    0.52    1.80 v _1076_/X (sky130_fd_sc_hd__or3_2)
     2    0.01                           _0474_ (net)
                  0.09    0.00    1.80 v _1077_/D (sky130_fd_sc_hd__or4_2)
                  0.13    0.64    2.44 v _1077_/X (sky130_fd_sc_hd__or4_2)
     3    0.01                           _0475_ (net)
                  0.13    0.00    2.44 v _1105_/C (sky130_fd_sc_hd__and3_2)
                  0.05    0.28    2.71 v _1105_/X (sky130_fd_sc_hd__and3_2)
     2    0.01                           _0502_ (net)
                  0.05    0.00    2.71 v _1106_/A (sky130_fd_sc_hd__buf_6)
                  0.06    0.16    2.87 v _1106_/X (sky130_fd_sc_hd__buf_6)
    10    0.05                           _0503_ (net)
                  0.06    0.00    2.88 v _1240_/B1 (sky130_fd_sc_hd__a31o_4)
                  0.06    0.25    3.12 v _1240_/X (sky130_fd_sc_hd__a31o_4)
     5    0.02                           _0632_ (net)
                  0.06    0.00    3.12 v _1290_/B (sky130_fd_sc_hd__or4_2)
                  0.11    0.69    3.81 v _1290_/X (sky130_fd_sc_hd__or4_2)
     1    0.01                           _0677_ (net)
                  0.11    0.00    3.81 v _1292_/C1 (sky130_fd_sc_hd__o2111a_4)
                  0.07    0.21    4.02 v _1292_/X (sky130_fd_sc_hd__o2111a_4)
     3    0.02                           _0679_ (net)
                  0.07    0.00    4.02 v _1311_/B (sky130_fd_sc_hd__and2_2)
                  0.05    0.22    4.24 v _1311_/X (sky130_fd_sc_hd__and2_2)
     2    0.01                           _0696_ (net)
                  0.05    0.00    4.24 v _1312_/A (sky130_fd_sc_hd__buf_6)
                  0.05    0.15    4.38 v _1312_/X (sky130_fd_sc_hd__buf_6)
    10    0.04                           _0697_ (net)
                  0.05    0.00    4.39 v _1331_/B (sky130_fd_sc_hd__or2_2)
                  0.05    0.27    4.66 v _1331_/X (sky130_fd_sc_hd__or2_2)
     1    0.00                           _0714_ (net)
                  0.05    0.00    4.66 v _1332_/A (sky130_fd_sc_hd__buf_2)
                  0.07    0.17    4.83 v _1332_/X (sky130_fd_sc_hd__buf_2)
     5    0.02                           _0715_ (net)
                  0.07    0.00    4.83 v _1333_/A1 (sky130_fd_sc_hd__a211o_2)
                  0.08    0.37    5.20 v _1333_/X (sky130_fd_sc_hd__a211o_2)
     2    0.02                           net106 (net)
                  0.08    0.00    5.20 v output106/A (sky130_fd_sc_hd__buf_4)
                  0.06    0.19    5.40 v output106/X (sky130_fd_sc_hd__buf_4)
     1    0.03                           pmatrix_col_out_n[4] (net)
                  0.06    0.00    5.40 v pmatrix_col_out_n[4] (out)
                                  5.40   data arrival time

                  0.00   20.00   20.00   clock clk_dig (rise edge)
                          0.00   20.00   clock network delay (ideal)
                         -0.25   19.75   clock uncertainty
                          0.00   19.75   clock reconvergence pessimism
                         -4.00   15.75   output external delay
                                 15.75   data required time
-----------------------------------------------------------------------------
                                 15.75   data required time
                                 -5.40   data arrival time
-----------------------------------------------------------------------------
                                 10.35   slack (MET)


