
===========================================================================
 report_power
============================================================================


======================= Slowest Corner =================================

Group                  Internal  Switching    Leakage      Total
                          Power      Power      Power      Power (Watts)
----------------------------------------------------------------
Sequential             1.83e-05   2.23e-05   1.54e-06   4.21e-05  33.7%
Combinational          4.46e-05   3.15e-05   6.92e-06   8.30e-05  66.3%
Macro                  0.00e+00   0.00e+00   0.00e+00   0.00e+00   0.0%
Pad                    0.00e+00   0.00e+00   0.00e+00   0.00e+00   0.0%
----------------------------------------------------------------
Total                  6.29e-05   5.38e-05   8.46e-06   1.25e-04 100.0%
                          50.3%      43.0%       6.8%

======================= Typical Corner ===================================

Group                  Internal  Switching    Leakage      Total
                          Power      Power      Power      Power (Watts)
----------------------------------------------------------------
Sequential             2.35e-05   2.84e-05   8.25e-10   5.19e-05  35.4%
Combinational          5.43e-05   4.06e-05   6.89e-09   9.49e-05  64.6%
Macro                  0.00e+00   0.00e+00   0.00e+00   0.00e+00   0.0%
Pad                    0.00e+00   0.00e+00   0.00e+00   0.00e+00   0.0%
----------------------------------------------------------------
Total                  7.79e-05   6.90e-05   7.72e-09   1.47e-04 100.0%
                          53.0%      47.0%       0.0%


======================= Fastest Corner =================================

Group                  Internal  Switching    Leakage      Total
                          Power      Power      Power      Power (Watts)
----------------------------------------------------------------
Sequential             2.71e-05   3.36e-05   1.54e-09   6.07e-05  36.0%
Combinational          5.98e-05   4.83e-05   1.60e-08   1.08e-04  64.0%
Macro                  0.00e+00   0.00e+00   0.00e+00   0.00e+00   0.0%
Pad                    0.00e+00   0.00e+00   0.00e+00   0.00e+00   0.0%
----------------------------------------------------------------
Total                  8.69e-05   8.19e-05   1.75e-08   1.69e-04 100.0%
                          51.5%      48.5%       0.0%
