
===========================================================================
report_checks -unconstrained
============================================================================

======================= Slowest Corner ===================================

Startpoint: _2005_ (rising edge-triggered flip-flop)
Endpoint: pmatrix_col_out_n[29] (output port clocked by clk_dig)
Path Group: clk_dig
Path Type: max
Corner: ss

Fanout     Cap    Slew   Delay    Time   Description
-----------------------------------------------------------------------------
                  0.18    0.00    0.00 ^ _2005_/CLK (sky130_fd_sc_hd__dfrtp_2)
                  0.20    1.05    1.05 v _2005_/Q (sky130_fd_sc_hd__dfrtp_2)
    10    0.03                           cnb.shift_register_r[15] (net)
                  0.20    0.00    1.05 v _0971_/A (sky130_fd_sc_hd__or4_2)
                  0.27    1.79    2.84 v _0971_/X (sky130_fd_sc_hd__or4_2)
     3    0.01                           _0379_ (net)
                  0.27    0.00    2.84 v _1076_/B (sky130_fd_sc_hd__or3_2)
                  0.19    1.23    4.07 v _1076_/X (sky130_fd_sc_hd__or3_2)
     2    0.01                           _0474_ (net)
                  0.19    0.00    4.07 v _1077_/D (sky130_fd_sc_hd__or4_2)
                  0.28    1.53    5.61 v _1077_/X (sky130_fd_sc_hd__or4_2)
     3    0.01                           _0475_ (net)
                  0.28    0.00    5.61 v _1105_/C (sky130_fd_sc_hd__and3_2)
                  0.10    0.61    6.21 v _1105_/X (sky130_fd_sc_hd__and3_2)
     2    0.01                           _0502_ (net)
                  0.10    0.00    6.21 v _1106_/A (sky130_fd_sc_hd__buf_6)
                  0.10    0.29    6.51 v _1106_/X (sky130_fd_sc_hd__buf_6)
    10    0.05                           _0503_ (net)
                  0.10    0.00    6.51 v _1240_/B1 (sky130_fd_sc_hd__a31o_4)
                  0.10    0.46    6.97 v _1240_/X (sky130_fd_sc_hd__a31o_4)
     5    0.02                           _0632_ (net)
                  0.10    0.00    6.97 v _1290_/B (sky130_fd_sc_hd__or4_2)
                  0.24    1.65    8.62 v _1290_/X (sky130_fd_sc_hd__or4_2)
     1    0.01                           _0677_ (net)
                  0.24    0.00    8.62 v _1292_/C1 (sky130_fd_sc_hd__o2111a_4)
                  0.11    0.41    9.02 v _1292_/X (sky130_fd_sc_hd__o2111a_4)
     3    0.02                           _0679_ (net)
                  0.11    0.00    9.03 v _1311_/B (sky130_fd_sc_hd__and2_2)
                  0.09    0.46    9.49 v _1311_/X (sky130_fd_sc_hd__and2_2)
     2    0.01                           _0696_ (net)
                  0.09    0.00    9.49 v _1312_/A (sky130_fd_sc_hd__buf_6)
                  0.08    0.28    9.76 v _1312_/X (sky130_fd_sc_hd__buf_6)
    10    0.04                           _0697_ (net)
                  0.08    0.00    9.76 v _1405_/A (sky130_fd_sc_hd__nand2_2)
                  0.08    0.11    9.87 ^ _1405_/Y (sky130_fd_sc_hd__nand2_2)
     2    0.01                           _0763_ (net)
                  0.08    0.00    9.87 ^ _1406_/D_N (sky130_fd_sc_hd__or4b_2)
                  0.24    1.50   11.38 v _1406_/X (sky130_fd_sc_hd__or4b_2)
     1    0.00                           _0764_ (net)
                  0.24    0.00   11.38 v _1407_/A (sky130_fd_sc_hd__buf_1)
                  0.07    0.27   11.64 v _1407_/X (sky130_fd_sc_hd__buf_1)
     1    0.00                           net101 (net)
                  0.07    0.00   11.64 v output101/A (sky130_fd_sc_hd__buf_4)
                  0.10    0.32   11.96 v output101/X (sky130_fd_sc_hd__buf_4)
     1    0.03                           pmatrix_col_out_n[29] (net)
                  0.10    0.00   11.97 v pmatrix_col_out_n[29] (out)
                                 11.97   data arrival time

                  0.00   20.00   20.00   clock clk_dig (rise edge)
                          0.00   20.00   clock network delay (ideal)
                         -0.25   19.75   clock uncertainty
                          0.00   19.75   clock reconvergence pessimism
                         -4.00   15.75   output external delay
                                 15.75   data required time
-----------------------------------------------------------------------------
                                 15.75   data required time
                                -11.97   data arrival time
-----------------------------------------------------------------------------
                                  3.78   slack (MET)



======================= Typical Corner ===================================

Startpoint: _2005_ (rising edge-triggered flip-flop)
Endpoint: pmatrix_col_out_n[29] (output port clocked by clk_dig)
Path Group: clk_dig
Path Type: max
Corner: tt

Fanout     Cap    Slew   Delay    Time   Description
-----------------------------------------------------------------------------
                  0.12    0.00    0.00 ^ _2005_/CLK (sky130_fd_sc_hd__dfrtp_2)
                  0.11    0.51    0.51 v _2005_/Q (sky130_fd_sc_hd__dfrtp_2)
    10    0.03                           cnb.shift_register_r[15] (net)
                  0.11    0.00    0.51 v _0971_/A (sky130_fd_sc_hd__or4_2)
                  0.13    0.76    1.28 v _0971_/X (sky130_fd_sc_hd__or4_2)
     3    0.01                           _0379_ (net)
                  0.13    0.00    1.28 v _1076_/B (sky130_fd_sc_hd__or3_2)
                  0.09    0.52    1.80 v _1076_/X (sky130_fd_sc_hd__or3_2)
     2    0.01                           _0474_ (net)
                  0.09    0.00    1.80 v _1077_/D (sky130_fd_sc_hd__or4_2)
                  0.13    0.64    2.44 v _1077_/X (sky130_fd_sc_hd__or4_2)
     3    0.01                           _0475_ (net)
                  0.13    0.00    2.44 v _1105_/C (sky130_fd_sc_hd__and3_2)
                  0.05    0.28    2.71 v _1105_/X (sky130_fd_sc_hd__and3_2)
     2    0.01                           _0502_ (net)
                  0.05    0.00    2.71 v _1106_/A (sky130_fd_sc_hd__buf_6)
                  0.06    0.16    2.87 v _1106_/X (sky130_fd_sc_hd__buf_6)
    10    0.05                           _0503_ (net)
                  0.06    0.00    2.87 v _1135_/A1 (sky130_fd_sc_hd__o211a_2)
                  0.05    0.28    3.15 v _1135_/X (sky130_fd_sc_hd__o211a_2)
     1    0.00                           _0531_ (net)
                  0.05    0.00    3.15 v _1137_/B1 (sky130_fd_sc_hd__a311o_4)
                  0.08    0.43    3.58 v _1137_/X (sky130_fd_sc_hd__a311o_4)
     2    0.02                           _0533_ (net)
                  0.08    0.00    3.58 v _1315_/A (sky130_fd_sc_hd__or2_2)
                  0.07    0.35    3.93 v _1315_/X (sky130_fd_sc_hd__or2_2)
     1    0.01                           _0700_ (net)
                  0.07    0.00    3.93 v _1316_/A (sky130_fd_sc_hd__buf_8)
                  0.05    0.17    4.09 v _1316_/X (sky130_fd_sc_hd__buf_8)
     8    0.06                           _0701_ (net)
                  0.05    0.00    4.10 v _1319_/A (sky130_fd_sc_hd__and3_2)
                  0.04    0.19    4.28 v _1319_/X (sky130_fd_sc_hd__and3_2)
     1    0.01                           _0704_ (net)
                  0.04    0.00    4.28 v _1320_/A (sky130_fd_sc_hd__buf_6)
                  0.05    0.15    4.44 v _1320_/X (sky130_fd_sc_hd__buf_6)
    10    0.05                           _0705_ (net)
                  0.06    0.00    4.44 v _1405_/B (sky130_fd_sc_hd__nand2_2)
                  0.05    0.08    4.52 ^ _1405_/Y (sky130_fd_sc_hd__nand2_2)
     2    0.01                           _0763_ (net)
                  0.05    0.00    4.52 ^ _1406_/D_N (sky130_fd_sc_hd__or4b_2)
                  0.11    0.62    5.14 v _1406_/X (sky130_fd_sc_hd__or4b_2)
     1    0.00                           _0764_ (net)
                  0.11    0.00    5.14 v _1407_/A (sky130_fd_sc_hd__buf_1)
                  0.04    0.13    5.27 v _1407_/X (sky130_fd_sc_hd__buf_1)
     1    0.00                           net101 (net)
                  0.04    0.00    5.27 v output101/A (sky130_fd_sc_hd__buf_4)
                  0.06    0.17    5.45 v output101/X (sky130_fd_sc_hd__buf_4)
     1    0.03                           pmatrix_col_out_n[29] (net)
                  0.06    0.00    5.45 v pmatrix_col_out_n[29] (out)
                                  5.45   data arrival time

                  0.00   20.00   20.00   clock clk_dig (rise edge)
                          0.00   20.00   clock network delay (ideal)
                         -0.25   19.75   clock uncertainty
                          0.00   19.75   clock reconvergence pessimism
                         -4.00   15.75   output external delay
                                 15.75   data required time
-----------------------------------------------------------------------------
                                 15.75   data required time
                                 -5.45   data arrival time
-----------------------------------------------------------------------------
                                 10.30   slack (MET)



======================= Fastest Corner ===================================

Startpoint: _1994_ (rising edge-triggered flip-flop)
Endpoint: pmatrix_col_out_n[22] (output port clocked by clk_dig)
Path Group: clk_dig
Path Type: max
Corner: ff

Fanout     Cap    Slew   Delay    Time   Description
-----------------------------------------------------------------------------
                  0.09    0.00    0.00 ^ _1994_/CLK (sky130_fd_sc_hd__dfrtp_2)
                  0.06    0.31    0.31 v _1994_/Q (sky130_fd_sc_hd__dfrtp_2)
     7    0.02                           cnb.shift_register_r[4] (net)
                  0.06    0.00    0.31 v _0975_/A (sky130_fd_sc_hd__or4_2)
                  0.08    0.43    0.74 v _0975_/X (sky130_fd_sc_hd__or4_2)
     3    0.01                           _0383_ (net)
                  0.08    0.00    0.74 v _0976_/A (sky130_fd_sc_hd__buf_6)
                  0.04    0.12    0.87 v _0976_/X (sky130_fd_sc_hd__buf_6)
    10    0.04                           _0384_ (net)
                  0.04    0.00    0.87 v _0979_/B (sky130_fd_sc_hd__or2_2)
                  0.06    0.20    1.07 v _0979_/X (sky130_fd_sc_hd__or2_2)
     3    0.02                           _0387_ (net)
                  0.06    0.00    1.07 v _0980_/A (sky130_fd_sc_hd__buf_6)
                  0.04    0.12    1.19 v _0980_/X (sky130_fd_sc_hd__buf_6)
    10    0.05                           _0388_ (net)
                  0.04    0.00    1.19 v _1120_/A2 (sky130_fd_sc_hd__o31ai_4)
                  0.33    0.32    1.51 ^ _1120_/Y (sky130_fd_sc_hd__o31ai_4)
     4    0.04                           _0516_ (net)
                  0.33    0.00    1.51 ^ _1187_/B (sky130_fd_sc_hd__nor2_8)
                  0.07    0.02    1.53 v _1187_/Y (sky130_fd_sc_hd__nor2_8)
     6    0.03                           _0581_ (net)
                  0.07    0.00    1.53 v _1203_/A (sky130_fd_sc_hd__or4b_4)
                  0.08    0.38    1.91 v _1203_/X (sky130_fd_sc_hd__or4b_4)
     5    0.02                           _0596_ (net)
                  0.08    0.00    1.91 v _1212_/B (sky130_fd_sc_hd__and2_2)
                  0.04    0.16    2.07 v _1212_/X (sky130_fd_sc_hd__and2_2)
     2    0.01                           _0605_ (net)
                  0.04    0.00    2.07 v _1213_/B1 (sky130_fd_sc_hd__a311o_4)
                  0.06    0.18    2.25 v _1213_/X (sky130_fd_sc_hd__a311o_4)
     4    0.02                           _0606_ (net)
                  0.06    0.00    2.25 v _1214_/B (sky130_fd_sc_hd__and2_2)
                  0.04    0.15    2.40 v _1214_/X (sky130_fd_sc_hd__and2_2)
     4    0.01                           _0607_ (net)
                  0.04    0.00    2.40 v _1215_/A (sky130_fd_sc_hd__buf_6)
                  0.04    0.11    2.51 v _1215_/X (sky130_fd_sc_hd__buf_6)
    10    0.05                           _0608_ (net)
                  0.04    0.00    2.51 v _1389_/B (sky130_fd_sc_hd__and3_2)
                  0.03    0.12    2.63 v _1389_/X (sky130_fd_sc_hd__and3_2)
     1    0.00                           _0754_ (net)
                  0.03    0.00    2.63 v _1391_/A (sky130_fd_sc_hd__or4b_2)
                  0.08    0.41    3.04 v _1391_/X (sky130_fd_sc_hd__or4b_2)
     1    0.01                           _0756_ (net)
                  0.08    0.00    3.04 v _1392_/A (sky130_fd_sc_hd__buf_6)
                  0.02    0.10    3.14 v _1392_/X (sky130_fd_sc_hd__buf_6)
     1    0.01                           net94 (net)
                  0.02    0.00    3.14 v output94/A (sky130_fd_sc_hd__buf_4)
                  0.04    0.11    3.25 v output94/X (sky130_fd_sc_hd__buf_4)
     1    0.03                           pmatrix_col_out_n[22] (net)
                  0.04    0.00    3.26 v pmatrix_col_out_n[22] (out)
                                  3.26   data arrival time

                  0.00   20.00   20.00   clock clk_dig (rise edge)
                          0.00   20.00   clock network delay (ideal)
                         -0.25   19.75   clock uncertainty
                          0.00   19.75   clock reconvergence pessimism
                         -4.00   15.75   output external delay
                                 15.75   data required time
-----------------------------------------------------------------------------
                                 15.75   data required time
                                 -3.26   data arrival time
-----------------------------------------------------------------------------
                                 12.49   slack (MET)



===========================================================================
report_checks --slack_max -0.01
============================================================================

======================= Slowest Corner ===================================

No paths found.

======================= Typical Corner ===================================

No paths found.

======================= Fastest Corner ===================================

No paths found.
