Instance name,  X location,  Y location,  Voltage 
FILLER_55_294, 140.355, 160.48, 1.8
FILLER_55_303, 140.355, 160.48, 1.8
input1, 140.355, 160.48, 1.8
output39, 140.355, 160.48, 1.8
output76, 140.355, 160.48, 1.8
FILLER_54_296, 140.355, 155.04, 1.8
output29, 140.355, 155.04, 1.8
FILLER_48_301, 140.355, 138.72, 1.8
_1329_, 140.355, 138.72, 1.8
FILLER_46_297, 140.355, 133.28, 1.8
_1326_, 140.355, 133.28, 1.8
_1400_, 140.355, 133.28, 1.8
_1409_, 140.355, 133.28, 1.8
_1413_, 140.355, 133.28, 1.8
_1320_, 140.355, 127.84, 1.8
_1328_, 140.355, 127.84, 1.8
_1341_, 140.355, 127.84, 1.8
_1342_, 140.355, 127.84, 1.8
_1343_, 140.355, 127.84, 1.8
_1435_, 140.355, 127.84, 1.8
_1440_, 140.355, 127.84, 1.8
FILLER_40_282, 140.355, 122.4, 1.8
FILLER_41_299, 140.355, 122.4, 1.8
_1333_, 140.355, 122.4, 1.8
_1365_, 140.355, 122.4, 1.8
_1410_, 140.355, 122.4, 1.8
_1411_, 140.355, 122.4, 1.8
_1442_, 140.355, 122.4, 1.8
FILLER_38_290, 140.355, 116.96, 1.8
FILLER_40_295, 140.355, 116.96, 1.8
_1276_, 140.355, 116.96, 1.8
_1334_, 140.355, 116.96, 1.8
_1338_, 140.355, 116.96, 1.8
_1363_, 140.355, 116.96, 1.8
_1473_, 140.355, 116.96, 1.8
_1295_, 140.355, 111.52, 1.8
_1304_, 140.355, 111.52, 1.8
_1416_, 140.355, 111.52, 1.8
_1433_, 140.355, 111.52, 1.8
_1441_, 140.355, 111.52, 1.8
FILLER_34_283, 140.355, 106.08, 1.8
FILLER_35_289, 140.355, 106.08, 1.8
_1301_, 140.355, 106.08, 1.8
_1314_, 140.355, 106.08, 1.8
_1402_, 140.355, 106.08, 1.8
FILLER_33_289, 140.355, 100.64, 1.8
_1294_, 140.355, 100.64, 1.8
_1378_, 140.355, 100.64, 1.8
_1395_, 140.355, 100.64, 1.8
_1454_, 140.355, 100.64, 1.8
_1455_, 140.355, 100.64, 1.8
FILLER_31_289, 140.355, 95.2, 1.8
FILLER_31_303, 140.355, 95.2, 1.8
_1327_, 140.355, 95.2, 1.8
_1337_, 140.355, 95.2, 1.8
_1352_, 140.355, 95.2, 1.8
_1356_, 140.355, 95.2, 1.8
_1464_, 140.355, 95.2, 1.8
_1750_, 140.355, 95.2, 1.8
FILLER_29_301, 140.355, 89.76, 1.8
FILLER_30_302, 140.355, 89.76, 1.8
_1347_, 140.355, 89.76, 1.8
_1351_, 140.355, 89.76, 1.8
_1357_, 140.355, 89.76, 1.8
_1364_, 140.355, 89.76, 1.8
_1424_, 140.355, 89.76, 1.8
_1277_, 140.355, 84.32, 1.8
_1278_, 140.355, 84.32, 1.8
_1380_, 140.355, 84.32, 1.8
_1390_, 140.355, 84.32, 1.8
_1444_, 140.355, 84.32, 1.8
FILLER_24_280, 140.355, 78.88, 1.8
FILLER_25_288, 140.355, 78.88, 1.8
FILLER_25_298, 140.355, 78.88, 1.8
_1348_, 140.355, 78.88, 1.8
_1379_, 140.355, 78.88, 1.8
_1381_, 140.355, 78.88, 1.8
_1393_, 140.355, 78.88, 1.8
_1447_, 140.355, 78.88, 1.8
FILLER_23_295, 140.355, 73.44, 1.8
_1303_, 140.355, 73.44, 1.8
_1353_, 140.355, 73.44, 1.8
_1385_, 140.355, 73.44, 1.8
_1389_, 140.355, 73.44, 1.8
_1394_, 140.355, 73.44, 1.8
_1399_, 140.355, 73.44, 1.8
_1404_, 140.355, 73.44, 1.8
FILLER_21_281, 140.355, 68, 1.8
FILLER_21_292, 140.355, 68, 1.8
_1323_, 140.355, 68, 1.8
_1362_, 140.355, 68, 1.8
_1382_, 140.355, 68, 1.8
_1384_, 140.355, 68, 1.8
FILLER_19_281, 140.355, 62.56, 1.8
_1331_, 140.355, 62.56, 1.8
_1332_, 140.355, 62.56, 1.8
_1346_, 140.355, 62.56, 1.8
_1358_, 140.355, 62.56, 1.8
_1386_, 140.355, 62.56, 1.8
FILLER_16_301, 140.355, 51.68, 1.8
FILLER_14_301, 140.355, 46.24, 1.8
FILLER_10_301, 140.355, 35.36, 1.8
FILLER_8_301, 140.355, 29.92, 1.8
FILLER_6_303, 140.355, 24.48, 1.8
FILLER_4_303, 140.355, 19.04, 1.8
FILLER_1_281, 140.355, 13.6, 1.8
FILLER_1_291, 140.355, 13.6, 1.8
FILLER_1_299, 140.355, 13.6, 1.8
_2079_, 140.355, 13.6, 1.8
output42, 140.355, 13.6, 1.8
output63, 140.355, 13.6, 1.8
output78, 140.355, 13.6, 1.8
output86, 140.355, 13.6, 1.8
_1048_, 101.83, 160.48, 1.8
_1179_, 101.83, 160.48, 1.8
_1815_, 101.83, 160.48, 1.8
_1816_, 101.83, 160.48, 1.8
_1017_, 101.83, 155.04, 1.8
_1181_, 101.83, 155.04, 1.8
_1811_, 101.83, 155.04, 1.8
_2004_, 101.83, 155.04, 1.8
FILLER_51_196, 101.83, 149.6, 1.8
FILLER_51_213, 101.83, 149.6, 1.8
FILLER_52_221, 101.83, 149.6, 1.8
_0971_, 101.83, 149.6, 1.8
_1014_, 101.83, 149.6, 1.8
_1127_, 101.83, 149.6, 1.8
_1175_, 101.83, 149.6, 1.8
_1228_, 101.83, 149.6, 1.8
_1229_, 101.83, 149.6, 1.8
FILLER_48_205, 101.83, 144.16, 1.8
FILLER_49_205, 101.83, 144.16, 1.8
_1153_, 101.83, 144.16, 1.8
_1202_, 101.83, 144.16, 1.8
_1813_, 101.83, 144.16, 1.8
FILLER_47_221, 101.83, 138.72, 1.8
_1050_, 101.83, 138.72, 1.8
_1188_, 101.83, 138.72, 1.8
_1189_, 101.83, 138.72, 1.8
_1226_, 101.83, 138.72, 1.8
FILLER_45_217, 101.83, 133.28, 1.8
FILLER_46_221, 101.83, 133.28, 1.8
_1185_, 101.83, 133.28, 1.8
_1200_, 101.83, 133.28, 1.8
FILLER_42_197, 101.83, 127.84, 1.8
_1091_, 101.83, 127.84, 1.8
_1187_, 101.83, 127.84, 1.8
_1206_, 101.83, 127.84, 1.8
_1207_, 101.83, 127.84, 1.8
FILLER_41_210, 101.83, 122.4, 1.8
FILLER_42_218, 101.83, 122.4, 1.8
_1138_, 101.83, 122.4, 1.8
_1203_, 101.83, 122.4, 1.8
_1236_, 101.83, 122.4, 1.8
FILLER_38_206, 101.83, 116.96, 1.8
FILLER_39_220, 101.83, 116.96, 1.8
_1174_, 101.83, 116.96, 1.8
_1279_, 101.83, 116.96, 1.8
_1282_, 101.83, 116.96, 1.8
_1285_, 101.83, 116.96, 1.8
_1107_, 101.83, 111.52, 1.8
_1109_, 101.83, 111.52, 1.8
_1280_, 101.83, 111.52, 1.8
FILLER_35_204, 101.83, 106.08, 1.8
FILLER_35_217, 101.83, 106.08, 1.8
FILLER_36_218, 101.83, 106.08, 1.8
_1108_, 101.83, 106.08, 1.8
_1208_, 101.83, 106.08, 1.8
_1254_, 101.83, 106.08, 1.8
_1286_, 101.83, 106.08, 1.8
FILLER_33_202, 101.83, 100.64, 1.8
_1213_, 101.83, 100.64, 1.8
_1219_, 101.83, 100.64, 1.8
_1265_, 101.83, 100.64, 1.8
_1287_, 101.83, 100.64, 1.8
FILLER_30_208, 101.83, 95.2, 1.8
FILLER_31_201, 101.83, 95.2, 1.8
FILLER_31_221, 101.83, 95.2, 1.8
_1204_, 101.83, 95.2, 1.8
_1209_, 101.83, 95.2, 1.8
_1212_, 101.83, 95.2, 1.8
_1284_, 101.83, 95.2, 1.8
_1704_, 101.83, 95.2, 1.8
FILLER_29_219, 101.83, 89.76, 1.8
_1268_, 101.83, 89.76, 1.8
_1269_, 101.83, 89.76, 1.8
_1272_, 101.83, 89.76, 1.8
_1727_, 101.83, 89.76, 1.8
FILLER_26_197, 101.83, 84.32, 1.8
_1703_, 101.83, 84.32, 1.8
_1705_, 101.83, 84.32, 1.8
_1711_, 101.83, 84.32, 1.8
_1721_, 101.83, 84.32, 1.8
_1729_, 101.83, 84.32, 1.8
_1749_, 101.83, 84.32, 1.8
FILLER_24_209, 101.83, 78.88, 1.8
FILLER_25_201, 101.83, 78.88, 1.8
FILLER_26_212, 101.83, 78.88, 1.8
_1298_, 101.83, 78.88, 1.8
_1712_, 101.83, 78.88, 1.8
FILLER_22_205, 101.83, 73.44, 1.8
_1619_, 101.83, 73.44, 1.8
_1708_, 101.83, 73.44, 1.8
_1734_, 101.83, 73.44, 1.8
FILLER_21_206, 101.83, 68, 1.8
FILLER_21_219, 101.83, 68, 1.8
FILLER_22_214, 101.83, 68, 1.8
_1618_, 101.83, 68, 1.8
_1620_, 101.83, 68, 1.8
_1733_, 101.83, 68, 1.8
_1735_, 101.83, 68, 1.8
_1737_, 101.83, 68, 1.8
_2081_, 101.83, 68, 1.8
FILLER_18_205, 101.83, 62.56, 1.8
FILLER_19_216, 101.83, 62.56, 1.8
_1632_, 101.83, 62.56, 1.8
_1633_, 101.83, 62.56, 1.8
_1635_, 101.83, 62.56, 1.8
_1642_, 101.83, 62.56, 1.8
FILLER_16_203, 101.83, 57.12, 1.8
FILLER_17_217, 101.83, 57.12, 1.8
FILLER_18_221, 101.83, 57.12, 1.8
_1634_, 101.83, 57.12, 1.8
_1636_, 101.83, 57.12, 1.8
_1652_, 101.83, 57.12, 1.8
_2020_, 101.83, 57.12, 1.8
FILLER_15_218, 101.83, 51.68, 1.8
_1637_, 101.83, 51.68, 1.8
_1639_, 101.83, 51.68, 1.8
_1653_, 101.83, 51.68, 1.8
_1654_, 101.83, 46.24, 1.8
_1655_, 101.83, 46.24, 1.8
_1656_, 101.83, 46.24, 1.8
_1657_, 101.83, 46.24, 1.8
_1664_, 101.83, 46.24, 1.8
fanout170, 101.83, 46.24, 1.8
fanout184, 101.83, 46.24, 1.8
FILLER_11_221, 101.83, 40.8, 1.8
FILLER_12_216, 101.83, 40.8, 1.8
_1661_, 101.83, 40.8, 1.8
_1666_, 101.83, 40.8, 1.8
_1667_, 101.83, 40.8, 1.8
_2024_, 101.83, 40.8, 1.8
FILLER_10_219, 101.83, 35.36, 1.8
FILLER_8_197, 101.83, 35.36, 1.8
FILLER_9_219, 101.83, 35.36, 1.8
_2021_, 101.83, 35.36, 1.8
_2023_, 101.83, 35.36, 1.8
FILLER_6_197, 101.83, 29.92, 1.8
FILLER_7_198, 101.83, 29.92, 1.8
FILLER_7_217, 101.83, 29.92, 1.8
_1982_, 101.83, 29.92, 1.8
fanout169, 101.83, 29.92, 1.8
FILLER_4_203, 101.83, 24.48, 1.8
FILLER_5_221, 101.83, 24.48, 1.8
FILLER_6_222, 101.83, 24.48, 1.8
_1478_, 101.83, 24.48, 1.8
_1762_, 101.83, 24.48, 1.8
_1767_, 101.83, 24.48, 1.8
_1768_, 101.83, 24.48, 1.8
FILLER_3_201, 101.83, 19.04, 1.8
FILLER_3_215, 101.83, 19.04, 1.8
FILLER_4_218, 101.83, 19.04, 1.8
_1769_, 101.83, 19.04, 1.8
_1771_, 101.83, 19.04, 1.8
_1773_, 101.83, 19.04, 1.8
_1981_, 101.83, 19.04, 1.8
_2091_, 101.83, 19.04, 1.8
FILLER_0_220, 101.83, 13.6, 1.8
FILLER_2_219, 101.83, 13.6, 1.8
_1736_, 101.83, 13.6, 1.8
_1751_, 101.83, 13.6, 1.8
output134, 101.83, 13.6, 1.8
output154, 101.83, 13.6, 1.8
output89, 101.83, 13.6, 1.8
_0966_, 63.305, 160.48, 1.8
_1177_, 63.305, 160.48, 1.8
_1806_, 63.305, 160.48, 1.8
FILLER_53_113, 63.305, 155.04, 1.8
FILLER_54_127, 63.305, 155.04, 1.8
_0960_, 63.305, 155.04, 1.8
_0986_, 63.305, 155.04, 1.8
_1025_, 63.305, 155.04, 1.8
_2001_, 63.305, 155.04, 1.8
FILLER_50_112, 63.305, 149.6, 1.8
_0981_, 63.305, 149.6, 1.8
_1024_, 63.305, 149.6, 1.8
_1817_, 63.305, 149.6, 1.8
_2005_, 63.305, 149.6, 1.8
FILLER_48_115, 63.305, 144.16, 1.8
FILLER_50_137, 63.305, 144.16, 1.8
_0965_, 63.305, 144.16, 1.8
_0990_, 63.305, 144.16, 1.8
_0991_, 63.305, 144.16, 1.8
_1047_, 63.305, 144.16, 1.8
_1089_, 63.305, 144.16, 1.8
_1818_, 63.305, 144.16, 1.8
_0968_, 63.305, 138.72, 1.8
_0974_, 63.305, 138.72, 1.8
_0979_, 63.305, 138.72, 1.8
_1095_, 63.305, 138.72, 1.8
_1796_, 63.305, 138.72, 1.8
_0978_, 63.305, 133.28, 1.8
_1037_, 63.305, 133.28, 1.8
_1039_, 63.305, 133.28, 1.8
_1096_, 63.305, 133.28, 1.8
FILLER_43_135, 63.305, 127.84, 1.8
_1040_, 63.305, 127.84, 1.8
_1053_, 63.305, 127.84, 1.8
_1059_, 63.305, 127.84, 1.8
_1060_, 63.305, 127.84, 1.8
_1102_, 63.305, 127.84, 1.8
FILLER_40_117, 63.305, 122.4, 1.8
_1020_, 63.305, 122.4, 1.8
_1043_, 63.305, 122.4, 1.8
_1044_, 63.305, 122.4, 1.8
_1055_, 63.305, 122.4, 1.8
_1674_, 63.305, 122.4, 1.8
FILLER_39_128, 63.305, 116.96, 1.8
_1027_, 63.305, 116.96, 1.8
_1221_, 63.305, 116.96, 1.8
_1791_, 63.305, 116.96, 1.8
_1792_, 63.305, 116.96, 1.8
_1992_, 63.305, 116.96, 1.8
FILLER_37_113, 63.305, 111.52, 1.8
FILLER_37_135, 63.305, 111.52, 1.8
_1022_, 63.305, 111.52, 1.8
_1028_, 63.305, 111.52, 1.8
_1029_, 63.305, 111.52, 1.8
_1030_, 63.305, 111.52, 1.8
fanout188, 63.305, 111.52, 1.8
FILLER_34_119, 63.305, 106.08, 1.8
FILLER_35_113, 63.305, 106.08, 1.8
_1031_, 63.305, 106.08, 1.8
_1041_, 63.305, 106.08, 1.8
FILLER_32_124, 63.305, 100.64, 1.8
FILLER_33_113, 63.305, 100.64, 1.8
FILLER_34_134, 63.305, 100.64, 1.8
_1068_, 63.305, 100.64, 1.8
_1074_, 63.305, 100.64, 1.8
_1085_, 63.305, 100.64, 1.8
_1086_, 63.305, 100.64, 1.8
_1087_, 63.305, 100.64, 1.8
FILLER_31_118, 63.305, 95.2, 1.8
_1197_, 63.305, 95.2, 1.8
_1955_, 63.305, 95.2, 1.8
_1972_, 63.305, 95.2, 1.8
FILLER_29_113, 63.305, 89.76, 1.8
FILLER_29_136, 63.305, 89.76, 1.8
_1952_, 63.305, 89.76, 1.8
_1954_, 63.305, 89.76, 1.8
_2062_, 63.305, 89.76, 1.8
FILLER_27_136, 63.305, 84.32, 1.8
_1974_, 63.305, 84.32, 1.8
_2060_, 63.305, 84.32, 1.8
_2063_, 63.305, 84.32, 1.8
FILLER_24_114, 63.305, 78.88, 1.8
FILLER_25_113, 63.305, 78.88, 1.8
FILLER_25_124, 63.305, 78.88, 1.8
FILLER_26_133, 63.305, 78.88, 1.8
_1548_, 63.305, 78.88, 1.8
_1549_, 63.305, 78.88, 1.8
_1550_, 63.305, 78.88, 1.8
_1603_, 63.305, 78.88, 1.8
FILLER_23_138, 63.305, 73.44, 1.8
FILLER_24_134, 63.305, 73.44, 1.8
_1547_, 63.305, 73.44, 1.8
_1590_, 63.305, 73.44, 1.8
_1592_, 63.305, 73.44, 1.8
_1602_, 63.305, 73.44, 1.8
FILLER_21_132, 63.305, 68, 1.8
FILLER_22_134, 63.305, 68, 1.8
_1491_, 63.305, 68, 1.8
_1593_, 63.305, 68, 1.8
_1594_, 63.305, 68, 1.8
_1595_, 63.305, 68, 1.8
_1598_, 63.305, 68, 1.8
_1604_, 63.305, 68, 1.8
FILLER_18_119, 63.305, 62.56, 1.8
FILLER_19_117, 63.305, 62.56, 1.8
FILLER_19_129, 63.305, 62.56, 1.8
_1474_, 63.305, 62.56, 1.8
_1475_, 63.305, 62.56, 1.8
_1588_, 63.305, 62.56, 1.8
_1597_, 63.305, 62.56, 1.8
_1605_, 63.305, 62.56, 1.8
_1613_, 63.305, 62.56, 1.8
FILLER_16_119, 63.305, 57.12, 1.8
FILLER_18_134, 63.305, 57.12, 1.8
_1577_, 63.305, 57.12, 1.8
_1612_, 63.305, 57.12, 1.8
_2032_, 63.305, 57.12, 1.8
FILLER_16_136, 63.305, 51.68, 1.8
_1476_, 63.305, 51.68, 1.8
_1487_, 63.305, 51.68, 1.8
_1608_, 63.305, 51.68, 1.8
_1638_, 63.305, 51.68, 1.8
_1862_, 63.305, 51.68, 1.8
_1897_, 63.305, 51.68, 1.8
_1873_, 63.305, 46.24, 1.8
_1884_, 63.305, 46.24, 1.8
_1898_, 63.305, 46.24, 1.8
_1915_, 63.305, 46.24, 1.8
fanout166, 63.305, 46.24, 1.8
FILLER_11_113, 63.305, 40.8, 1.8
_1874_, 63.305, 40.8, 1.8
_1899_, 63.305, 40.8, 1.8
_1909_, 63.305, 40.8, 1.8
_1910_, 63.305, 40.8, 1.8
FILLER_9_113, 63.305, 35.36, 1.8
FILLER_9_125, 63.305, 35.36, 1.8
_1698_, 63.305, 35.36, 1.8
_1907_, 63.305, 35.36, 1.8
_1912_, 63.305, 35.36, 1.8
_1918_, 63.305, 35.36, 1.8
_1919_, 63.305, 35.36, 1.8
FILLER_6_119, 63.305, 29.92, 1.8
FILLER_7_113, 63.305, 29.92, 1.8
FILLER_7_139, 63.305, 29.92, 1.8
FILLER_8_135, 63.305, 29.92, 1.8
_1903_, 63.305, 29.92, 1.8
_1908_, 63.305, 29.92, 1.8
_2038_, 63.305, 29.92, 1.8
FILLER_4_118, 63.305, 24.48, 1.8
FILLER_5_123, 63.305, 24.48, 1.8
_1684_, 63.305, 24.48, 1.8
_1687_, 63.305, 24.48, 1.8
_1840_, 63.305, 24.48, 1.8
_1904_, 63.305, 24.48, 1.8
_1917_, 63.305, 24.48, 1.8
FILLER_3_113, 63.305, 19.04, 1.8
FILLER_3_130, 63.305, 19.04, 1.8
_1682_, 63.305, 19.04, 1.8
_1685_, 63.305, 19.04, 1.8
_1755_, 63.305, 19.04, 1.8
_1849_, 63.305, 19.04, 1.8
_2099_, 63.305, 19.04, 1.8
FILLER_0_113, 63.305, 13.6, 1.8
FILLER_1_138, 63.305, 13.6, 1.8
_1679_, 63.305, 13.6, 1.8
_1752_, 63.305, 13.6, 1.8
_1753_, 63.305, 13.6, 1.8
_1757_, 63.305, 13.6, 1.8
_1978_, 63.305, 13.6, 1.8
FILLER_55_37, 24.78, 160.48, 1.8
output109, 24.78, 160.48, 1.8
output40, 24.78, 160.48, 1.8
output51, 24.78, 160.48, 1.8
ANTENNA_5, 24.78, 155.04, 1.8
FILLER_52_41, 24.78, 155.04, 1.8
_1804_, 24.78, 155.04, 1.8
_2076_, 24.78, 155.04, 1.8
input7, 24.78, 155.04, 1.8
input9, 24.78, 155.04, 1.8
output88, 24.78, 155.04, 1.8
FILLER_51_35, 24.78, 149.6, 1.8
FILLER_51_53, 24.78, 149.6, 1.8
_0938_, 24.78, 149.6, 1.8
_0993_, 24.78, 149.6, 1.8
_2095_, 24.78, 149.6, 1.8
fanout177, 24.78, 149.6, 1.8
fanout178, 24.78, 149.6, 1.8
_1965_, 24.78, 144.16, 1.8
_2049_, 24.78, 144.16, 1.8
_2064_, 24.78, 144.16, 1.8
FILLER_47_39, 24.78, 138.72, 1.8
_0942_, 24.78, 138.72, 1.8
fanout175, 24.78, 138.72, 1.8
FILLER_44_40, 24.78, 133.28, 1.8
FILLER_45_52, 24.78, 133.28, 1.8
FILLER_46_44, 24.78, 133.28, 1.8
_0932_, 24.78, 133.28, 1.8
_0936_, 24.78, 133.28, 1.8
_1011_, 24.78, 133.28, 1.8
FILLER_43_53, 24.78, 127.84, 1.8
_0931_, 24.78, 127.84, 1.8
_0933_, 24.78, 127.84, 1.8
_0940_, 24.78, 127.84, 1.8
_1958_, 24.78, 127.84, 1.8
FILLER_42_45, 24.78, 122.4, 1.8
_0994_, 24.78, 122.4, 1.8
_1274_, 24.78, 122.4, 1.8
_1976_, 24.78, 122.4, 1.8
fanout174, 24.78, 122.4, 1.8
FILLER_39_32, 24.78, 116.96, 1.8
FILLER_40_51, 24.78, 116.96, 1.8
_0995_, 24.78, 116.96, 1.8
_0999_, 24.78, 116.96, 1.8
_1034_, 24.78, 116.96, 1.8
fanout173, 24.78, 116.96, 1.8
FILLER_36_36, 24.78, 111.52, 1.8
_0944_, 24.78, 111.52, 1.8
_0996_, 24.78, 111.52, 1.8
_0997_, 24.78, 111.52, 1.8
_1002_, 24.78, 111.52, 1.8
FILLER_34_33, 24.78, 106.08, 1.8
FILLER_36_46, 24.78, 106.08, 1.8
_0915_, 24.78, 106.08, 1.8
_1071_, 24.78, 106.08, 1.8
_1072_, 24.78, 106.08, 1.8
_1676_, 24.78, 106.08, 1.8
FILLER_33_35, 24.78, 100.64, 1.8
FILLER_34_42, 24.78, 100.64, 1.8
_0918_, 24.78, 100.64, 1.8
_0922_, 24.78, 100.64, 1.8
_0927_, 24.78, 100.64, 1.8
FILLER_31_52, 24.78, 95.2, 1.8
FILLER_32_55, 24.78, 95.2, 1.8
_0911_, 24.78, 95.2, 1.8
_0919_, 24.78, 95.2, 1.8
_0924_, 24.78, 95.2, 1.8
_0925_, 24.78, 95.2, 1.8
FILLER_29_34, 24.78, 89.76, 1.8
FILLER_30_50, 24.78, 89.76, 1.8
_0923_, 24.78, 89.76, 1.8
_0949_, 24.78, 89.76, 1.8
_0953_, 24.78, 89.76, 1.8
_2043_, 24.78, 89.76, 1.8
_1945_, 24.78, 84.32, 1.8
fanout167, 24.78, 84.32, 1.8
FILLER_25_49, 24.78, 78.88, 1.8
FILLER_26_49, 24.78, 78.88, 1.8
_1497_, 24.78, 78.88, 1.8
_1498_, 24.78, 78.88, 1.8
_1942_, 24.78, 78.88, 1.8
fanout172, 24.78, 78.88, 1.8
FILLER_22_39, 24.78, 73.44, 1.8
FILLER_23_34, 24.78, 73.44, 1.8
_1496_, 24.78, 73.44, 1.8
_1503_, 24.78, 73.44, 1.8
_2008_, 24.78, 73.44, 1.8
FILLER_20_37, 24.78, 68, 1.8
_1504_, 24.78, 68, 1.8
_1512_, 24.78, 68, 1.8
_1522_, 24.78, 68, 1.8
_1525_, 24.78, 68, 1.8
FILLER_19_51, 24.78, 62.56, 1.8
FILLER_20_52, 24.78, 62.56, 1.8
_1526_, 24.78, 62.56, 1.8
_1527_, 24.78, 62.56, 1.8
_1528_, 24.78, 62.56, 1.8
_1560_, 24.78, 62.56, 1.8
_2013_, 24.78, 62.56, 1.8
FILLER_16_41, 24.78, 57.12, 1.8
_1558_, 24.78, 57.12, 1.8
_1559_, 24.78, 57.12, 1.8
_1562_, 24.78, 57.12, 1.8
_2007_, 24.78, 57.12, 1.8
FILLER_14_38, 24.78, 51.68, 1.8
FILLER_15_44, 24.78, 51.68, 1.8
FILLER_16_54, 24.78, 51.68, 1.8
_1561_, 24.78, 51.68, 1.8
_1865_, 24.78, 51.68, 1.8
FILLER_13_49, 24.78, 46.24, 1.8
FILLER_14_53, 24.78, 46.24, 1.8
_1510_, 24.78, 46.24, 1.8
_1513_, 24.78, 46.24, 1.8
_1514_, 24.78, 46.24, 1.8
_1515_, 24.78, 46.24, 1.8
_1572_, 24.78, 46.24, 1.8
FILLER_11_37, 24.78, 40.8, 1.8
FILLER_12_48, 24.78, 40.8, 1.8
_1847_, 24.78, 40.8, 1.8
_1857_, 24.78, 40.8, 1.8
_1861_, 24.78, 40.8, 1.8
_1867_, 24.78, 40.8, 1.8
FILLER_9_50, 24.78, 35.36, 1.8
_1481_, 24.78, 35.36, 1.8
_1516_, 24.78, 35.36, 1.8
_1854_, 24.78, 35.36, 1.8
_1855_, 24.78, 35.36, 1.8
_1878_, 24.78, 35.36, 1.8
FILLER_7_41, 24.78, 29.92, 1.8
_1828_, 24.78, 29.92, 1.8
_2010_, 24.78, 29.92, 1.8
_1822_, 24.78, 24.48, 1.8
_1823_, 24.78, 24.48, 1.8
_1827_, 24.78, 24.48, 1.8
_1830_, 24.78, 24.48, 1.8
_1889_, 24.78, 24.48, 1.8
FILLER_3_49, 24.78, 19.04, 1.8
_1785_, 24.78, 19.04, 1.8
_1829_, 24.78, 19.04, 1.8
_2029_, 24.78, 19.04, 1.8
output141, 24.78, 19.04, 1.8
_1831_, 24.78, 13.6, 1.8
output114, 24.78, 13.6, 1.8
output150, 24.78, 13.6, 1.8
output24, 24.78, 13.6, 1.8
output52, 24.78, 13.6, 1.8
output90, 24.78, 13.6, 1.8
FILLER_55_10, 5.52, 160.48, 1.8
PHY_108, 5.52, 160.48, 1.8
PHY_110, 5.52, 160.48, 1.8
output12, 5.52, 160.48, 1.8
PHY_109, 159.62, 160.48, 1.8
PHY_111, 159.62, 160.48, 1.8
_2103_, 159.62, 160.48, 1.8
output81, 159.62, 160.48, 1.8
ANTENNA_2, 15.15, 160.48, 1.8
output118, 15.15, 160.48, 1.8
output138, 15.15, 160.48, 1.8
output157, 15.15, 160.48, 1.8
output37, 15.15, 160.48, 1.8
output69, 15.15, 160.48, 1.8
FILLER_55_57, 37.621, 160.48, 1.8
fanout176, 37.621, 160.48, 1.8
input2, 37.621, 160.48, 1.8
output139, 37.621, 160.48, 1.8
output35, 37.621, 160.48, 1.8
output96, 37.621, 160.48, 1.8
FILLER_55_109, 50.463, 160.48, 1.8
_1805_, 50.463, 160.48, 1.8
_1807_, 50.463, 160.48, 1.8
_1808_, 50.463, 160.48, 1.8
fanout190, 50.463, 160.48, 1.8
output33, 50.463, 160.48, 1.8
FILLER_55_149, 76.146, 160.48, 1.8
_0961_, 76.146, 160.48, 1.8
_0988_, 76.146, 160.48, 1.8
_1809_, 76.146, 160.48, 1.8
_1810_, 76.146, 160.48, 1.8
FILLER_55_169, 88.988, 160.48, 1.8
FILLER_55_180, 88.988, 160.48, 1.8
_0985_, 88.988, 160.48, 1.8
_1016_, 88.988, 160.48, 1.8
_1119_, 88.988, 160.48, 1.8
_1125_, 88.988, 160.48, 1.8
FILLER_55_248, 114.671, 160.48, 1.8
_1124_, 114.671, 160.48, 1.8
output87, 114.671, 160.48, 1.8
output97, 114.671, 160.48, 1.8
output98, 114.671, 160.48, 1.8
FILLER_55_276, 127.513, 160.48, 1.8
output113, 127.513, 160.48, 1.8
output143, 127.513, 160.48, 1.8
output156, 127.513, 160.48, 1.8
output58, 127.513, 160.48, 1.8
output60, 127.513, 160.48, 1.8
FILLER_54_309, 149.987, 160.48, 1.8
output20, 149.987, 160.48, 1.8
output65, 149.987, 160.48, 1.8
PHY_104, 5.52, 155.04, 1.8
PHY_106, 5.52, 155.04, 1.8
output106, 5.52, 155.04, 1.8
output11, 5.52, 155.04, 1.8
PHY_105, 159.62, 155.04, 1.8
PHY_107, 159.62, 155.04, 1.8
output123, 159.62, 155.04, 1.8
output132, 159.62, 155.04, 1.8
FILLER_53_31, 15.15, 155.04, 1.8
_1010_, 15.15, 155.04, 1.8
_2104_, 15.15, 155.04, 1.8
_2106_, 15.15, 155.04, 1.8
output16, 15.15, 155.04, 1.8
output17, 15.15, 155.04, 1.8
output84, 15.15, 155.04, 1.8
_0959_, 37.621, 155.04, 1.8
_1045_, 37.621, 155.04, 1.8
_1144_, 37.621, 155.04, 1.8
_1803_, 37.621, 155.04, 1.8
_1998_, 37.621, 155.04, 1.8
fanout189, 37.621, 155.04, 1.8
output77, 37.621, 155.04, 1.8
FILLER_53_96, 50.463, 155.04, 1.8
FILLER_54_100, 50.463, 155.04, 1.8
_0962_, 50.463, 155.04, 1.8
_1802_, 50.463, 155.04, 1.8
_1999_, 50.463, 155.04, 1.8
output144, 50.463, 155.04, 1.8
FILLER_52_141, 76.146, 155.04, 1.8
_1117_, 76.146, 155.04, 1.8
_1118_, 76.146, 155.04, 1.8
_1126_, 76.146, 155.04, 1.8
_1145_, 76.146, 155.04, 1.8
FILLER_54_192, 88.988, 155.04, 1.8
_1075_, 88.988, 155.04, 1.8
_1129_, 88.988, 155.04, 1.8
_1232_, 88.988, 155.04, 1.8
_1261_, 88.988, 155.04, 1.8
FILLER_54_247, 114.671, 155.04, 1.8
_1015_, 114.671, 155.04, 1.8
_2002_, 114.671, 155.04, 1.8
output105, 114.671, 155.04, 1.8
output68, 114.671, 155.04, 1.8
FILLER_53_263, 127.513, 155.04, 1.8
FILLER_53_270, 127.513, 155.04, 1.8
FILLER_53_276, 127.513, 155.04, 1.8
_2075_, 127.513, 155.04, 1.8
_2083_, 127.513, 155.04, 1.8
_2086_, 127.513, 155.04, 1.8
fanout192, 127.513, 155.04, 1.8
output146, 127.513, 155.04, 1.8
output50, 127.513, 155.04, 1.8
FILLER_52_305, 149.987, 155.04, 1.8
FILLER_52_313, 149.987, 155.04, 1.8
FILLER_53_305, 149.987, 155.04, 1.8
_1443_, 149.987, 155.04, 1.8
output130, 149.987, 155.04, 1.8
output46, 149.987, 155.04, 1.8
output94, 149.987, 155.04, 1.8
FILLER_52_3, 5.52, 149.6, 1.8
PHY_100, 5.52, 149.6, 1.8
PHY_102, 5.52, 149.6, 1.8
fanout164, 5.52, 149.6, 1.8
output104, 5.52, 149.6, 1.8
PHY_101, 159.62, 149.6, 1.8
PHY_103, 159.62, 149.6, 1.8
output103, 159.62, 149.6, 1.8
output66, 159.62, 149.6, 1.8
ANTENNA_1, 15.15, 149.6, 1.8
FILLER_52_24, 15.15, 149.6, 1.8
input5, 15.15, 149.6, 1.8
output160, 15.15, 149.6, 1.8
_1042_, 37.621, 149.6, 1.8
_1057_, 37.621, 149.6, 1.8
_1800_, 37.621, 149.6, 1.8
_1971_, 37.621, 149.6, 1.8
output28, 37.621, 149.6, 1.8
FILLER_50_95, 50.463, 149.6, 1.8
FILLER_51_93, 50.463, 149.6, 1.8
_0983_, 50.463, 149.6, 1.8
_1801_, 50.463, 149.6, 1.8
_2000_, 50.463, 149.6, 1.8
output91, 50.463, 149.6, 1.8
FILLER_50_150, 76.146, 149.6, 1.8
_1013_, 76.146, 149.6, 1.8
_1128_, 76.146, 149.6, 1.8
_1150_, 76.146, 149.6, 1.8
_1157_, 76.146, 149.6, 1.8
_1180_, 76.146, 149.6, 1.8
FILLER_50_180, 88.988, 149.6, 1.8
FILLER_51_179, 88.988, 149.6, 1.8
FILLER_52_192, 88.988, 149.6, 1.8
_0972_, 88.988, 149.6, 1.8
_0980_, 88.988, 149.6, 1.8
_1151_, 88.988, 149.6, 1.8
_1262_, 88.988, 149.6, 1.8
_0982_, 114.671, 149.6, 1.8
_0984_, 114.671, 149.6, 1.8
_1143_, 114.671, 149.6, 1.8
_1812_, 114.671, 149.6, 1.8
_2003_, 114.671, 149.6, 1.8
FILLER_51_274, 127.513, 149.6, 1.8
_1728_, 127.513, 149.6, 1.8
FILLER_50_309, 149.987, 149.6, 1.8
FILLER_51_317, 149.987, 149.6, 1.8
output36, 149.987, 149.6, 1.8
FILLER_49_3, 5.52, 144.16, 1.8
FILLER_50_3, 5.52, 144.16, 1.8
PHY_96, 5.52, 144.16, 1.8
PHY_98, 5.52, 144.16, 1.8
_1963_, 5.52, 144.16, 1.8
_2067_, 5.52, 144.16, 1.8
FILLER_48_329, 159.62, 144.16, 1.8
PHY_97, 159.62, 144.16, 1.8
PHY_99, 159.62, 144.16, 1.8
output34, 159.62, 144.16, 1.8
FILLER_49_23, 15.15, 144.16, 1.8
FILLER_50_29, 15.15, 144.16, 1.8
_1964_, 15.15, 144.16, 1.8
FILLER_49_57, 37.621, 144.16, 1.8
FILLER_50_70, 37.621, 144.16, 1.8
_0937_, 37.621, 144.16, 1.8
_0992_, 37.621, 144.16, 1.8
_1799_, 37.621, 144.16, 1.8
_1997_, 37.621, 144.16, 1.8
FILLER_49_89, 50.463, 144.16, 1.8
_0963_, 50.463, 144.16, 1.8
_1035_, 50.463, 144.16, 1.8
_1088_, 50.463, 144.16, 1.8
fanout191, 50.463, 144.16, 1.8
FILLER_49_146, 76.146, 144.16, 1.8
FILLER_50_163, 76.146, 144.16, 1.8
_0987_, 76.146, 144.16, 1.8
_1062_, 76.146, 144.16, 1.8
_1094_, 76.146, 144.16, 1.8
_1146_, 76.146, 144.16, 1.8
FILLER_48_178, 88.988, 144.16, 1.8
_1077_, 88.988, 144.16, 1.8
_1152_, 88.988, 144.16, 1.8
_1176_, 88.988, 144.16, 1.8
_1178_, 88.988, 144.16, 1.8
_1233_, 88.988, 144.16, 1.8
FILLER_50_247, 114.671, 144.16, 1.8
_1049_, 114.671, 144.16, 1.8
_1156_, 114.671, 144.16, 1.8
_1160_, 114.671, 144.16, 1.8
_1227_, 114.671, 144.16, 1.8
_1814_, 114.671, 144.16, 1.8
FILLER_49_276, 127.513, 144.16, 1.8
FILLER_49_317, 149.987, 144.16, 1.8
FILLER_50_317, 149.987, 144.16, 1.8
_2087_, 149.987, 144.16, 1.8
PHY_92, 5.52, 138.72, 1.8
PHY_94, 5.52, 138.72, 1.8
output53, 5.52, 138.72, 1.8
PHY_93, 159.62, 138.72, 1.8
PHY_95, 159.62, 138.72, 1.8
output112, 159.62, 138.72, 1.8
output27, 159.62, 138.72, 1.8
FILLER_48_22, 15.15, 138.72, 1.8
FILLER_48_29, 15.15, 138.72, 1.8
FILLER_47_61, 37.621, 138.72, 1.8
FILLER_48_75, 37.621, 138.72, 1.8
_0989_, 37.621, 138.72, 1.8
_1009_, 37.621, 138.72, 1.8
_1797_, 37.621, 138.72, 1.8
_1995_, 37.621, 138.72, 1.8
_1996_, 37.621, 138.72, 1.8
FILLER_46_95, 50.463, 138.72, 1.8
_0967_, 50.463, 138.72, 1.8
_0976_, 50.463, 138.72, 1.8
_1795_, 50.463, 138.72, 1.8
_1798_, 50.463, 138.72, 1.8
FILLER_47_163, 76.146, 138.72, 1.8
_0970_, 76.146, 138.72, 1.8
_1061_, 76.146, 138.72, 1.8
_1063_, 76.146, 138.72, 1.8
_1158_, 76.146, 138.72, 1.8
_1223_, 76.146, 138.72, 1.8
FILLER_46_176, 88.988, 138.72, 1.8
FILLER_47_185, 88.988, 138.72, 1.8
_1046_, 88.988, 138.72, 1.8
_1076_, 88.988, 138.72, 1.8
_1122_, 88.988, 138.72, 1.8
_1132_, 88.988, 138.72, 1.8
_1263_, 88.988, 138.72, 1.8
FILLER_48_247, 114.671, 138.72, 1.8
_1162_, 114.671, 138.72, 1.8
_1163_, 114.671, 138.72, 1.8
_1166_, 114.671, 138.72, 1.8
_1167_, 114.671, 138.72, 1.8
_1182_, 114.671, 138.72, 1.8
_1191_, 114.671, 138.72, 1.8
_1193_, 114.671, 138.72, 1.8
FILLER_47_275, 127.513, 138.72, 1.8
_1192_, 127.513, 138.72, 1.8
_1309_, 127.513, 138.72, 1.8
_1315_, 127.513, 138.72, 1.8
FILLER_46_305, 149.987, 138.72, 1.8
FILLER_47_317, 149.987, 138.72, 1.8
FILLER_48_321, 149.987, 138.72, 1.8
PHY_88, 5.52, 133.28, 1.8
PHY_90, 5.52, 133.28, 1.8
output148, 5.52, 133.28, 1.8
PHY_89, 159.62, 133.28, 1.8
PHY_91, 159.62, 133.28, 1.8
output153, 159.62, 133.28, 1.8
FILLER_45_15, 15.15, 133.28, 1.8
FILLER_46_22, 15.15, 133.28, 1.8
_1006_, 15.15, 133.28, 1.8
_1007_, 15.15, 133.28, 1.8
_2061_, 15.15, 133.28, 1.8
FILLER_45_79, 37.621, 133.28, 1.8
_0939_, 37.621, 133.28, 1.8
_2048_, 37.621, 133.28, 1.8
FILLER_44_95, 50.463, 133.28, 1.8
_0934_, 50.463, 133.28, 1.8
_0975_, 50.463, 133.28, 1.8
_1018_, 50.463, 133.28, 1.8
_1019_, 50.463, 133.28, 1.8
_1026_, 50.463, 133.28, 1.8
_1051_, 50.463, 133.28, 1.8
_0973_, 76.146, 133.28, 1.8
_1058_, 76.146, 133.28, 1.8
_1090_, 76.146, 133.28, 1.8
_1121_, 76.146, 133.28, 1.8
_1133_, 76.146, 133.28, 1.8
_1134_, 76.146, 133.28, 1.8
FILLER_45_187, 88.988, 133.28, 1.8
_1105_, 88.988, 133.28, 1.8
_1123_, 88.988, 133.28, 1.8
_1130_, 88.988, 133.28, 1.8
FILLER_45_251, 114.671, 133.28, 1.8
FILLER_46_245, 114.671, 133.28, 1.8
_1106_, 114.671, 133.28, 1.8
_1135_, 114.671, 133.28, 1.8
_1164_, 114.671, 133.28, 1.8
_1165_, 114.671, 133.28, 1.8
_1726_, 114.671, 133.28, 1.8
FILLER_45_275, 127.513, 133.28, 1.8
FILLER_46_273, 127.513, 133.28, 1.8
_1131_, 127.513, 133.28, 1.8
_1168_, 127.513, 133.28, 1.8
_1190_, 127.513, 133.28, 1.8
_1307_, 127.513, 133.28, 1.8
_1317_, 127.513, 133.28, 1.8
_1460_, 127.513, 133.28, 1.8
FILLER_44_309, 149.987, 133.28, 1.8
FILLER_46_321, 149.987, 133.28, 1.8
PHY_84, 5.52, 127.84, 1.8
PHY_86, 5.52, 127.84, 1.8
output137, 5.52, 127.84, 1.8
output62, 5.52, 127.84, 1.8
PHY_85, 159.62, 127.84, 1.8
PHY_87, 159.62, 127.84, 1.8
output108, 159.62, 127.84, 1.8
output124, 159.62, 127.84, 1.8
FILLER_42_15, 15.15, 127.84, 1.8
FILLER_44_29, 15.15, 127.84, 1.8
_0941_, 15.15, 127.84, 1.8
_2050_, 15.15, 127.84, 1.8
_2074_, 15.15, 127.84, 1.8
_2094_, 15.15, 127.84, 1.8
FILLER_43_74, 37.621, 127.84, 1.8
FILLER_44_70, 37.621, 127.84, 1.8
_0935_, 37.621, 127.84, 1.8
_1260_, 37.621, 127.84, 1.8
_1951_, 37.621, 127.84, 1.8
_1993_, 37.621, 127.84, 1.8
FILLER_43_100, 50.463, 127.84, 1.8
FILLER_43_109, 50.463, 127.84, 1.8
FILLER_44_107, 50.463, 127.84, 1.8
_0964_, 50.463, 127.84, 1.8
_1052_, 50.463, 127.84, 1.8
_1994_, 50.463, 127.84, 1.8
FILLER_43_156, 76.146, 127.84, 1.8
_0969_, 76.146, 127.84, 1.8
_1056_, 76.146, 127.84, 1.8
_1098_, 76.146, 127.84, 1.8
_1120_, 76.146, 127.84, 1.8
_1147_, 76.146, 127.84, 1.8
FILLER_42_179, 88.988, 127.84, 1.8
FILLER_43_189, 88.988, 127.84, 1.8
_1155_, 88.988, 127.84, 1.8
_1159_, 88.988, 127.84, 1.8
_1183_, 88.988, 127.84, 1.8
_1184_, 88.988, 127.84, 1.8
FILLER_43_225, 114.671, 127.84, 1.8
FILLER_44_246, 114.671, 127.84, 1.8
_1092_, 114.671, 127.84, 1.8
_1186_, 114.671, 127.84, 1.8
_1194_, 114.671, 127.84, 1.8
FILLER_43_277, 127.513, 127.84, 1.8
FILLER_44_267, 127.513, 127.84, 1.8
_1201_, 127.513, 127.84, 1.8
_1305_, 127.513, 127.84, 1.8
_1318_, 127.513, 127.84, 1.8
_1319_, 127.513, 127.84, 1.8
_1725_, 127.513, 127.84, 1.8
FILLER_42_309, 149.987, 127.84, 1.8
FILLER_43_312, 149.987, 127.84, 1.8
FILLER_44_317, 149.987, 127.84, 1.8
_1360_, 149.987, 127.84, 1.8
_1408_, 149.987, 127.84, 1.8
_1432_, 149.987, 127.84, 1.8
output129, 149.987, 127.84, 1.8
FILLER_41_10, 5.52, 122.4, 1.8
PHY_80, 5.52, 122.4, 1.8
PHY_82, 5.52, 122.4, 1.8
output22, 5.52, 122.4, 1.8
output79, 5.52, 122.4, 1.8
FILLER_40_327, 159.62, 122.4, 1.8
PHY_81, 159.62, 122.4, 1.8
PHY_83, 159.62, 122.4, 1.8
output59, 159.62, 122.4, 1.8
FILLER_40_15, 15.15, 122.4, 1.8
FILLER_41_28, 15.15, 122.4, 1.8
FILLER_42_29, 15.15, 122.4, 1.8
_0946_, 15.15, 122.4, 1.8
_1171_, 15.15, 122.4, 1.8
_1217_, 15.15, 122.4, 1.8
_2090_, 15.15, 122.4, 1.8
FILLER_42_72, 37.621, 122.4, 1.8
_0930_, 37.621, 122.4, 1.8
_1036_, 37.621, 122.4, 1.8
_1038_, 37.621, 122.4, 1.8
_1170_, 37.621, 122.4, 1.8
_1273_, 37.621, 122.4, 1.8
_1957_, 37.621, 122.4, 1.8
FILLER_40_91, 50.463, 122.4, 1.8
_0910_, 50.463, 122.4, 1.8
_0929_, 50.463, 122.4, 1.8
_0977_, 50.463, 122.4, 1.8
_1793_, 50.463, 122.4, 1.8
_1991_, 50.463, 122.4, 1.8
FILLER_42_161, 76.146, 122.4, 1.8
_1023_, 76.146, 122.4, 1.8
_1054_, 76.146, 122.4, 1.8
_1104_, 76.146, 122.4, 1.8
_1149_, 76.146, 122.4, 1.8
_1154_, 76.146, 122.4, 1.8
FILLER_40_178, 88.988, 122.4, 1.8
FILLER_41_179, 88.988, 122.4, 1.8
FILLER_41_192, 88.988, 122.4, 1.8
_1099_, 88.988, 122.4, 1.8
_1161_, 88.988, 122.4, 1.8
_1230_, 88.988, 122.4, 1.8
FILLER_42_246, 114.671, 122.4, 1.8
_1136_, 114.671, 122.4, 1.8
_1137_, 114.671, 122.4, 1.8
_1195_, 114.671, 122.4, 1.8
FILLER_41_276, 127.513, 122.4, 1.8
_1169_, 127.513, 122.4, 1.8
_1330_, 127.513, 122.4, 1.8
_1417_, 127.513, 122.4, 1.8
_1467_, 127.513, 122.4, 1.8
FILLER_41_320, 149.987, 122.4, 1.8
FILLER_42_318, 149.987, 122.4, 1.8
_1434_, 149.987, 122.4, 1.8
_1437_, 149.987, 122.4, 1.8
PHY_76, 5.52, 116.96, 1.8
PHY_78, 5.52, 116.96, 1.8
_2052_, 5.52, 116.96, 1.8
output19, 5.52, 116.96, 1.8
PHY_77, 159.62, 116.96, 1.8
PHY_79, 159.62, 116.96, 1.8
_2101_, 159.62, 116.96, 1.8
_0945_, 15.15, 116.96, 1.8
_1966_, 15.15, 116.96, 1.8
FILLER_39_65, 37.621, 116.96, 1.8
FILLER_40_71, 37.621, 116.96, 1.8
_0998_, 37.621, 116.96, 1.8
_1000_, 37.621, 116.96, 1.8
_1001_, 37.621, 116.96, 1.8
_1003_, 37.621, 116.96, 1.8
_1004_, 37.621, 116.96, 1.8
_1112_, 37.621, 116.96, 1.8
FILLER_38_85, 50.463, 116.96, 1.8
FILLER_39_108, 50.463, 116.96, 1.8
FILLER_39_93, 50.463, 116.96, 1.8
_1005_, 50.463, 116.96, 1.8
_1110_, 50.463, 116.96, 1.8
_1789_, 50.463, 116.96, 1.8
_1012_, 76.146, 116.96, 1.8
_1021_, 76.146, 116.96, 1.8
_1097_, 76.146, 116.96, 1.8
_1103_, 76.146, 116.96, 1.8
_1148_, 76.146, 116.96, 1.8
_1224_, 76.146, 116.96, 1.8
FILLER_38_174, 88.988, 116.96, 1.8
FILLER_40_192, 88.988, 116.96, 1.8
_1079_, 88.988, 116.96, 1.8
_1100_, 88.988, 116.96, 1.8
_1211_, 88.988, 116.96, 1.8
_1222_, 88.988, 116.96, 1.8
_1239_, 88.988, 116.96, 1.8
FILLER_40_248, 114.671, 116.96, 1.8
_1139_, 114.671, 116.96, 1.8
_1140_, 114.671, 116.96, 1.8
_1468_, 114.671, 116.96, 1.8
FILLER_39_253, 127.513, 116.96, 1.8
FILLER_39_273, 127.513, 116.96, 1.8
_1310_, 127.513, 116.96, 1.8
_1368_, 127.513, 116.96, 1.8
_1398_, 127.513, 116.96, 1.8
_1445_, 127.513, 116.96, 1.8
_1420_, 149.987, 116.96, 1.8
_1438_, 149.987, 116.96, 1.8
_1469_, 149.987, 116.96, 1.8
_1470_, 149.987, 116.96, 1.8
FILLER_38_3, 5.52, 111.52, 1.8
PHY_72, 5.52, 111.52, 1.8
PHY_74, 5.52, 111.52, 1.8
_2051_, 5.52, 111.52, 1.8
output133, 5.52, 111.52, 1.8
FILLER_36_328, 159.62, 111.52, 1.8
FILLER_37_326, 159.62, 111.52, 1.8
PHY_73, 159.62, 111.52, 1.8
PHY_75, 159.62, 111.52, 1.8
FILLER_38_29, 15.15, 111.52, 1.8
_0943_, 15.15, 111.52, 1.8
_0948_, 15.15, 111.52, 1.8
_1960_, 15.15, 111.52, 1.8
_1949_, 37.621, 111.52, 1.8
_1950_, 37.621, 111.52, 1.8
_1956_, 37.621, 111.52, 1.8
_1969_, 37.621, 111.52, 1.8
FILLER_37_102, 50.463, 111.52, 1.8
FILLER_38_98, 50.463, 111.52, 1.8
_1008_, 50.463, 111.52, 1.8
_1111_, 50.463, 111.52, 1.8
_1675_, 50.463, 111.52, 1.8
_1790_, 50.463, 111.52, 1.8
_1794_, 50.463, 111.52, 1.8
_2105_, 50.463, 111.52, 1.8
FILLER_37_147, 76.146, 111.52, 1.8
FILLER_38_155, 76.146, 111.52, 1.8
_1064_, 76.146, 111.52, 1.8
_1115_, 76.146, 111.52, 1.8
_1116_, 76.146, 111.52, 1.8
_1225_, 76.146, 111.52, 1.8
_1238_, 76.146, 111.52, 1.8
FILLER_36_169, 88.988, 111.52, 1.8
FILLER_37_179, 88.988, 111.52, 1.8
_1078_, 88.988, 111.52, 1.8
_1101_, 88.988, 111.52, 1.8
_1205_, 88.988, 111.52, 1.8
FILLER_36_235, 114.671, 111.52, 1.8
_1173_, 114.671, 111.52, 1.8
_1240_, 114.671, 111.52, 1.8
_1316_, 114.671, 111.52, 1.8
_2096_, 114.671, 111.52, 1.8
_1283_, 127.513, 111.52, 1.8
_1306_, 127.513, 111.52, 1.8
_1335_, 127.513, 111.52, 1.8
_1397_, 127.513, 111.52, 1.8
_1401_, 127.513, 111.52, 1.8
FILLER_36_309, 149.987, 111.52, 1.8
FILLER_37_308, 149.987, 111.52, 1.8
_1308_, 149.987, 111.52, 1.8
_1740_, 149.987, 111.52, 1.8
PHY_68, 5.52, 106.08, 1.8
PHY_70, 5.52, 106.08, 1.8
_1070_, 5.52, 106.08, 1.8
_2065_, 5.52, 106.08, 1.8
input6, 5.52, 106.08, 1.8
PHY_69, 159.62, 106.08, 1.8
PHY_71, 159.62, 106.08, 1.8
_1419_, 159.62, 106.08, 1.8
FILLER_34_18, 15.15, 106.08, 1.8
FILLER_35_13, 15.15, 106.08, 1.8
FILLER_36_25, 15.15, 106.08, 1.8
_0947_, 15.15, 106.08, 1.8
_1707_, 15.15, 106.08, 1.8
_1967_, 15.15, 106.08, 1.8
FILLER_36_79, 37.621, 106.08, 1.8
_0912_, 37.621, 106.08, 1.8
_0913_, 37.621, 106.08, 1.8
_0914_, 37.621, 106.08, 1.8
_0957_, 37.621, 106.08, 1.8
_1069_, 37.621, 106.08, 1.8
fanout187, 37.621, 106.08, 1.8
FILLER_35_84, 50.463, 106.08, 1.8
_1216_, 50.463, 106.08, 1.8
FILLER_35_144, 76.146, 106.08, 1.8
_1080_, 76.146, 106.08, 1.8
_1082_, 76.146, 106.08, 1.8
_1093_, 76.146, 106.08, 1.8
_1114_, 76.146, 106.08, 1.8
_1198_, 76.146, 106.08, 1.8
_1255_, 76.146, 106.08, 1.8
FILLER_34_176, 88.988, 106.08, 1.8
_1083_, 88.988, 106.08, 1.8
_1241_, 88.988, 106.08, 1.8
_1253_, 88.988, 106.08, 1.8
_1288_, 114.671, 106.08, 1.8
_1291_, 114.671, 106.08, 1.8
_1300_, 114.671, 106.08, 1.8
_1336_, 114.671, 106.08, 1.8
_1345_, 114.671, 106.08, 1.8
FILLER_35_263, 127.513, 106.08, 1.8
FILLER_35_276, 127.513, 106.08, 1.8
_1084_, 127.513, 106.08, 1.8
_1210_, 127.513, 106.08, 1.8
_1340_, 127.513, 106.08, 1.8
_1396_, 127.513, 106.08, 1.8
_1466_, 127.513, 106.08, 1.8
_1392_, 149.987, 106.08, 1.8
_1456_, 149.987, 106.08, 1.8
_1457_, 149.987, 106.08, 1.8
_1739_, 149.987, 106.08, 1.8
_2100_, 149.987, 106.08, 1.8
FILLER_33_10, 5.52, 100.64, 1.8
PHY_64, 5.52, 100.64, 1.8
PHY_66, 5.52, 100.64, 1.8
_1959_, 5.52, 100.64, 1.8
output140, 5.52, 100.64, 1.8
PHY_65, 159.62, 100.64, 1.8
PHY_67, 159.62, 100.64, 1.8
_1436_, 159.62, 100.64, 1.8
_1033_, 15.15, 100.64, 1.8
_1073_, 15.15, 100.64, 1.8
_1937_, 15.15, 100.64, 1.8
_1938_, 15.15, 100.64, 1.8
_2046_, 15.15, 100.64, 1.8
FILLER_34_79, 37.621, 100.64, 1.8
_0916_, 37.621, 100.64, 1.8
_0926_, 37.621, 100.64, 1.8
_0928_, 37.621, 100.64, 1.8
_2047_, 37.621, 100.64, 1.8
FILLER_33_107, 50.463, 100.64, 1.8
FILLER_33_86, 50.463, 100.64, 1.8
_1258_, 50.463, 100.64, 1.8
_1259_, 50.463, 100.64, 1.8
_1973_, 50.463, 100.64, 1.8
_1975_, 50.463, 100.64, 1.8
_1065_, 76.146, 100.64, 1.8
_1066_, 76.146, 100.64, 1.8
_1067_, 76.146, 100.64, 1.8
_1081_, 76.146, 100.64, 1.8
_1199_, 76.146, 100.64, 1.8
_1220_, 76.146, 100.64, 1.8
FILLER_32_178, 88.988, 100.64, 1.8
FILLER_34_189, 88.988, 100.64, 1.8
_1231_, 88.988, 100.64, 1.8
_1252_, 88.988, 100.64, 1.8
_1256_, 88.988, 100.64, 1.8
_1264_, 88.988, 100.64, 1.8
_1266_, 88.988, 100.64, 1.8
FILLER_33_243, 114.671, 100.64, 1.8
FILLER_34_247, 114.671, 100.64, 1.8
_1292_, 114.671, 100.64, 1.8
_1465_, 114.671, 100.64, 1.8
_1706_, 114.671, 100.64, 1.8
FILLER_33_265, 127.513, 100.64, 1.8
FILLER_33_276, 127.513, 100.64, 1.8
_1289_, 127.513, 100.64, 1.8
_1325_, 127.513, 100.64, 1.8
_1377_, 127.513, 100.64, 1.8
_1418_, 127.513, 100.64, 1.8
_1463_, 127.513, 100.64, 1.8
_1313_, 149.987, 100.64, 1.8
_1366_, 149.987, 100.64, 1.8
_1369_, 149.987, 100.64, 1.8
FILLER_32_10, 5.52, 95.2, 1.8
PHY_60, 5.52, 95.2, 1.8
PHY_62, 5.52, 95.2, 1.8
output13, 5.52, 95.2, 1.8
output99, 5.52, 95.2, 1.8
PHY_61, 159.62, 95.2, 1.8
PHY_63, 159.62, 95.2, 1.8
adc_core_digital_193, 159.62, 95.2, 1.8
output56, 159.62, 95.2, 1.8
FILLER_30_20, 15.15, 95.2, 1.8
FILLER_31_15, 15.15, 95.2, 1.8
_0917_, 15.15, 95.2, 1.8
_0955_, 15.15, 95.2, 1.8
_0956_, 15.15, 95.2, 1.8
_2097_, 15.15, 95.2, 1.8
adc_core_digital_194, 15.15, 95.2, 1.8
FILLER_31_82, 37.621, 95.2, 1.8
FILLER_32_80, 37.621, 95.2, 1.8
_0920_, 37.621, 95.2, 1.8
_0921_, 37.621, 95.2, 1.8
_0950_, 37.621, 95.2, 1.8
_0958_, 37.621, 95.2, 1.8
_1032_, 37.621, 95.2, 1.8
FILLER_31_105, 50.463, 95.2, 1.8
FILLER_32_107, 50.463, 95.2, 1.8
_1218_, 50.463, 95.2, 1.8
_1257_, 50.463, 95.2, 1.8
_1939_, 50.463, 95.2, 1.8
_1940_, 50.463, 95.2, 1.8
FILLER_30_141, 76.146, 95.2, 1.8
FILLER_30_153, 76.146, 95.2, 1.8
FILLER_31_156, 76.146, 95.2, 1.8
_1172_, 76.146, 95.2, 1.8
_1196_, 76.146, 95.2, 1.8
_1244_, 76.146, 95.2, 1.8
_1245_, 76.146, 95.2, 1.8
_1250_, 76.146, 95.2, 1.8
_1235_, 88.988, 95.2, 1.8
_1242_, 88.988, 95.2, 1.8
_1243_, 88.988, 95.2, 1.8
_1246_, 88.988, 95.2, 1.8
_1267_, 88.988, 95.2, 1.8
FILLER_30_237, 114.671, 95.2, 1.8
FILLER_31_246, 114.671, 95.2, 1.8
_1271_, 114.671, 95.2, 1.8
_1290_, 114.671, 95.2, 1.8
_1297_, 114.671, 95.2, 1.8
_1374_, 114.671, 95.2, 1.8
fanout163, 114.671, 95.2, 1.8
FILLER_31_276, 127.513, 95.2, 1.8
FILLER_32_279, 127.513, 95.2, 1.8
_1299_, 127.513, 95.2, 1.8
_1344_, 127.513, 95.2, 1.8
_1372_, 127.513, 95.2, 1.8
_1373_, 127.513, 95.2, 1.8
_1375_, 127.513, 95.2, 1.8
_1421_, 127.513, 95.2, 1.8
_1339_, 149.987, 95.2, 1.8
_1359_, 149.987, 95.2, 1.8
_1446_, 149.987, 95.2, 1.8
_1458_, 149.987, 95.2, 1.8
FILLER_29_3, 5.52, 89.76, 1.8
FILLER_29_9, 5.52, 89.76, 1.8
FILLER_30_3, 5.52, 89.76, 1.8
PHY_56, 5.52, 89.76, 1.8
PHY_58, 5.52, 89.76, 1.8
_1961_, 5.52, 89.76, 1.8
_1962_, 5.52, 89.76, 1.8
FILLER_29_329, 159.62, 89.76, 1.8
PHY_57, 159.62, 89.76, 1.8
PHY_59, 159.62, 89.76, 1.8
output85, 159.62, 89.76, 1.8
FILLER_30_29, 15.15, 89.76, 1.8
_2055_, 15.15, 89.76, 1.8
FILLER_28_63, 37.621, 89.76, 1.8
FILLER_29_57, 37.621, 89.76, 1.8
FILLER_30_78, 37.621, 89.76, 1.8
_0951_, 37.621, 89.76, 1.8
_2044_, 37.621, 89.76, 1.8
_2056_, 37.621, 89.76, 1.8
FILLER_28_97, 50.463, 89.76, 1.8
FILLER_29_104, 50.463, 89.76, 1.8
FILLER_30_101, 50.463, 89.76, 1.8
_1968_, 50.463, 89.76, 1.8
FILLER_28_141, 76.146, 89.76, 1.8
FILLER_29_163, 76.146, 89.76, 1.8
_1247_, 76.146, 89.76, 1.8
_1251_, 76.146, 89.76, 1.8
_1970_, 76.146, 89.76, 1.8
fanout171, 76.146, 89.76, 1.8
FILLER_30_190, 88.988, 89.76, 1.8
_1141_, 88.988, 89.76, 1.8
_1237_, 88.988, 89.76, 1.8
_1714_, 88.988, 89.76, 1.8
FILLER_28_230, 114.671, 89.76, 1.8
FILLER_29_240, 114.671, 89.76, 1.8
_1293_, 114.671, 89.76, 1.8
_1461_, 114.671, 89.76, 1.8
_1462_, 114.671, 89.76, 1.8
_1717_, 114.671, 89.76, 1.8
FILLER_28_261, 127.513, 89.76, 1.8
_1302_, 127.513, 89.76, 1.8
_1311_, 127.513, 89.76, 1.8
_1312_, 127.513, 89.76, 1.8
_1349_, 127.513, 89.76, 1.8
_1376_, 127.513, 89.76, 1.8
_1431_, 127.513, 89.76, 1.8
FILLER_28_304, 149.987, 89.76, 1.8
FILLER_28_309, 149.987, 89.76, 1.8
_1367_, 149.987, 89.76, 1.8
_1370_, 149.987, 89.76, 1.8
_1430_, 149.987, 89.76, 1.8
_1439_, 149.987, 89.76, 1.8
PHY_52, 5.52, 84.32, 1.8
PHY_54, 5.52, 84.32, 1.8
_2066_, 5.52, 84.32, 1.8
output15, 5.52, 84.32, 1.8
PHY_53, 159.62, 84.32, 1.8
PHY_55, 159.62, 84.32, 1.8
output161, 159.62, 84.32, 1.8
output49, 159.62, 84.32, 1.8
ANTENNA_3, 15.15, 84.32, 1.8
FILLER_28_25, 15.15, 84.32, 1.8
FILLER_28_29, 15.15, 84.32, 1.8
_0954_, 15.15, 84.32, 1.8
_1935_, 15.15, 84.32, 1.8
_1936_, 15.15, 84.32, 1.8
_2045_, 15.15, 84.32, 1.8
FILLER_26_65, 37.621, 84.32, 1.8
FILLER_27_75, 37.621, 84.32, 1.8
FILLER_27_83, 37.621, 84.32, 1.8
FILLER_28_71, 37.621, 84.32, 1.8
FILLER_28_81, 37.621, 84.32, 1.8
_0952_, 37.621, 84.32, 1.8
_1788_, 37.621, 84.32, 1.8
_1941_, 37.621, 84.32, 1.8
_1943_, 50.463, 84.32, 1.8
_1944_, 50.463, 84.32, 1.8
_1947_, 50.463, 84.32, 1.8
_1948_, 50.463, 84.32, 1.8
_1953_, 50.463, 84.32, 1.8
_1990_, 50.463, 84.32, 1.8
fanout182, 50.463, 84.32, 1.8
_1142_, 76.146, 84.32, 1.8
_1248_, 76.146, 84.32, 1.8
_1249_, 76.146, 84.32, 1.8
_1553_, 76.146, 84.32, 1.8
FILLER_27_195, 88.988, 84.32, 1.8
FILLER_28_185, 88.988, 84.32, 1.8
_1113_, 88.988, 84.32, 1.8
_1234_, 88.988, 84.32, 1.8
_1281_, 88.988, 84.32, 1.8
FILLER_28_246, 114.671, 84.32, 1.8
_1214_, 114.671, 84.32, 1.8
_1270_, 114.671, 84.32, 1.8
_1452_, 114.671, 84.32, 1.8
_1731_, 114.671, 84.32, 1.8
_1741_, 114.671, 84.32, 1.8
FILLER_27_262, 127.513, 84.32, 1.8
FILLER_27_276, 127.513, 84.32, 1.8
FILLER_28_274, 127.513, 84.32, 1.8
_1321_, 127.513, 84.32, 1.8
_1422_, 127.513, 84.32, 1.8
_1425_, 127.513, 84.32, 1.8
FILLER_26_305, 149.987, 84.32, 1.8
FILLER_26_309, 149.987, 84.32, 1.8
FILLER_28_322, 149.987, 84.32, 1.8
_1426_, 149.987, 84.32, 1.8
_2085_, 149.987, 84.32, 1.8
FILLER_25_10, 5.52, 78.88, 1.8
FILLER_26_10, 5.52, 78.88, 1.8
PHY_48, 5.52, 78.88, 1.8
PHY_50, 5.52, 78.88, 1.8
output30, 5.52, 78.88, 1.8
output32, 5.52, 78.88, 1.8
PHY_49, 159.62, 78.88, 1.8
PHY_51, 159.62, 78.88, 1.8
output110, 159.62, 78.88, 1.8
output64, 159.62, 78.88, 1.8
FILLER_26_29, 15.15, 78.88, 1.8
_1946_, 15.15, 78.88, 1.8
_2054_, 15.15, 78.88, 1.8
FILLER_24_65, 37.621, 78.88, 1.8
FILLER_25_64, 37.621, 78.88, 1.8
FILLER_26_76, 37.621, 78.88, 1.8
_1579_, 37.621, 78.88, 1.8
_1584_, 37.621, 78.88, 1.8
_2058_, 37.621, 78.88, 1.8
fanout168, 37.621, 78.88, 1.8
fanout181, 37.621, 78.88, 1.8
FILLER_24_93, 50.463, 78.88, 1.8
FILLER_25_109, 50.463, 78.88, 1.8
_1520_, 50.463, 78.88, 1.8
_1538_, 50.463, 78.88, 1.8
_1543_, 50.463, 78.88, 1.8
_1580_, 50.463, 78.88, 1.8
FILLER_25_144, 76.146, 78.88, 1.8
FILLER_25_163, 76.146, 78.88, 1.8
FILLER_26_156, 76.146, 78.88, 1.8
_1551_, 76.146, 78.88, 1.8
_1552_, 76.146, 78.88, 1.8
_1554_, 76.146, 78.88, 1.8
_1591_, 76.146, 78.88, 1.8
_1609_, 76.146, 78.88, 1.8
FILLER_25_181, 88.988, 78.88, 1.8
FILLER_26_191, 88.988, 78.88, 1.8
_1713_, 88.988, 78.88, 1.8
FILLER_25_225, 114.671, 78.88, 1.8
_1215_, 114.671, 78.88, 1.8
_1296_, 114.671, 78.88, 1.8
_1720_, 114.671, 78.88, 1.8
fanout162, 114.671, 78.88, 1.8
FILLER_25_276, 127.513, 78.88, 1.8
_1414_, 127.513, 78.88, 1.8
_1415_, 127.513, 78.88, 1.8
_1428_, 127.513, 78.88, 1.8
_1453_, 127.513, 78.88, 1.8
_1459_, 127.513, 78.88, 1.8
_1472_, 127.513, 78.88, 1.8
FILLER_25_321, 149.987, 78.88, 1.8
FILLER_26_322, 149.987, 78.88, 1.8
_1371_, 149.987, 78.88, 1.8
_1391_, 149.987, 78.88, 1.8
_2089_, 149.987, 78.88, 1.8
FILLER_24_3, 5.52, 73.44, 1.8
PHY_44, 5.52, 73.44, 1.8
PHY_46, 5.52, 73.44, 1.8
_2053_, 5.52, 73.44, 1.8
_2059_, 5.52, 73.44, 1.8
PHY_45, 159.62, 73.44, 1.8
PHY_47, 159.62, 73.44, 1.8
output83, 159.62, 73.44, 1.8
output95, 159.62, 73.44, 1.8
FILLER_24_29, 15.15, 73.44, 1.8
_1494_, 15.15, 73.44, 1.8
_1506_, 15.15, 73.44, 1.8
output74, 15.15, 73.44, 1.8
FILLER_23_79, 37.621, 73.44, 1.8
FILLER_24_77, 37.621, 73.44, 1.8
_1581_, 37.621, 73.44, 1.8
_1585_, 37.621, 73.44, 1.8
_2057_, 37.621, 73.44, 1.8
FILLER_22_85, 50.463, 73.44, 1.8
FILLER_22_95, 50.463, 73.44, 1.8
_1532_, 50.463, 73.44, 1.8
_1537_, 50.463, 73.44, 1.8
_1540_, 50.463, 73.44, 1.8
_1546_, 50.463, 73.44, 1.8
FILLER_23_163, 76.146, 73.44, 1.8
_2014_, 76.146, 73.44, 1.8
_2015_, 76.146, 73.44, 1.8
_2017_, 76.146, 73.44, 1.8
FILLER_23_174, 88.988, 73.44, 1.8
FILLER_24_193, 88.988, 73.44, 1.8
_1555_, 88.988, 73.44, 1.8
_1615_, 88.988, 73.44, 1.8
_1622_, 88.988, 73.44, 1.8
_1626_, 88.988, 73.44, 1.8
FILLER_22_224, 114.671, 73.44, 1.8
FILLER_24_246, 114.671, 73.44, 1.8
_1322_, 114.671, 73.44, 1.8
_1719_, 114.671, 73.44, 1.8
_1732_, 114.671, 73.44, 1.8
_1745_, 114.671, 73.44, 1.8
_1747_, 114.671, 73.44, 1.8
FILLER_22_260, 127.513, 73.44, 1.8
FILLER_23_262, 127.513, 73.44, 1.8
FILLER_23_276, 127.513, 73.44, 1.8
_1406_, 127.513, 73.44, 1.8
_1423_, 127.513, 73.44, 1.8
_1449_, 127.513, 73.44, 1.8
_1451_, 127.513, 73.44, 1.8
FILLER_23_322, 149.987, 73.44, 1.8
FILLER_24_322, 149.987, 73.44, 1.8
_1350_, 149.987, 73.44, 1.8
_1387_, 149.987, 73.44, 1.8
_1412_, 149.987, 73.44, 1.8
_1742_, 149.987, 73.44, 1.8
PHY_40, 5.52, 68, 1.8
PHY_42, 5.52, 68, 1.8
_1977_, 5.52, 68, 1.8
output126, 5.52, 68, 1.8
FILLER_21_327, 159.62, 68, 1.8
PHY_41, 159.62, 68, 1.8
PHY_43, 159.62, 68, 1.8
output127, 159.62, 68, 1.8
FILLER_20_19, 15.15, 68, 1.8
FILLER_21_26, 15.15, 68, 1.8
_1501_, 15.15, 68, 1.8
_1502_, 15.15, 68, 1.8
FILLER_21_77, 37.621, 68, 1.8
_1529_, 37.621, 68, 1.8
_1582_, 37.621, 68, 1.8
_1583_, 37.621, 68, 1.8
FILLER_20_85, 50.463, 68, 1.8
_1531_, 50.463, 68, 1.8
_1533_, 50.463, 68, 1.8
_1536_, 50.463, 68, 1.8
_1542_, 50.463, 68, 1.8
_1544_, 50.463, 68, 1.8
_1545_, 50.463, 68, 1.8
FILLER_22_163, 76.146, 68, 1.8
_1596_, 76.146, 68, 1.8
_1600_, 76.146, 68, 1.8
_1617_, 76.146, 68, 1.8
_1630_, 76.146, 68, 1.8
_1627_, 88.988, 68, 1.8
_1628_, 88.988, 68, 1.8
_1629_, 88.988, 68, 1.8
_1631_, 88.988, 68, 1.8
FILLER_20_224, 114.671, 68, 1.8
FILLER_20_236, 114.671, 68, 1.8
FILLER_21_234, 114.671, 68, 1.8
FILLER_22_249, 114.671, 68, 1.8
_1709_, 114.671, 68, 1.8
_1710_, 114.671, 68, 1.8
_1715_, 114.671, 68, 1.8
FILLER_20_253, 127.513, 68, 1.8
FILLER_20_263, 127.513, 68, 1.8
FILLER_21_266, 127.513, 68, 1.8
FILLER_22_275, 127.513, 68, 1.8
_1355_, 127.513, 68, 1.8
_1403_, 127.513, 68, 1.8
_1427_, 127.513, 68, 1.8
_1429_, 127.513, 68, 1.8
_1471_, 127.513, 68, 1.8
_1324_, 149.987, 68, 1.8
_1361_, 149.987, 68, 1.8
_1448_, 149.987, 68, 1.8
_1722_, 149.987, 68, 1.8
PHY_36, 5.52, 62.56, 1.8
PHY_38, 5.52, 62.56, 1.8
_1933_, 5.52, 62.56, 1.8
_1934_, 5.52, 62.56, 1.8
output26, 5.52, 62.56, 1.8
PHY_37, 159.62, 62.56, 1.8
PHY_39, 159.62, 62.56, 1.8
output115, 159.62, 62.56, 1.8
output21, 159.62, 62.56, 1.8
ANTENNA_4, 15.15, 62.56, 1.8
FILLER_19_14, 15.15, 62.56, 1.8
_1489_, 15.15, 62.56, 1.8
_1492_, 15.15, 62.56, 1.8
_1493_, 15.15, 62.56, 1.8
_1500_, 15.15, 62.56, 1.8
_1556_, 15.15, 62.56, 1.8
FILLER_18_62, 37.621, 62.56, 1.8
FILLER_19_57, 37.621, 62.56, 1.8
FILLER_19_69, 37.621, 62.56, 1.8
_1519_, 37.621, 62.56, 1.8
_1539_, 37.621, 62.56, 1.8
_1586_, 37.621, 62.56, 1.8
_2012_, 37.621, 62.56, 1.8
FILLER_18_85, 50.463, 62.56, 1.8
FILLER_19_97, 50.463, 62.56, 1.8
_1486_, 50.463, 62.56, 1.8
_1530_, 50.463, 62.56, 1.8
_1599_, 50.463, 62.56, 1.8
_1850_, 50.463, 62.56, 1.8
FILLER_19_163, 76.146, 62.56, 1.8
_1606_, 76.146, 62.56, 1.8
_1616_, 76.146, 62.56, 1.8
_1621_, 76.146, 62.56, 1.8
_1892_, 76.146, 62.56, 1.8
_1894_, 76.146, 62.56, 1.8
_2016_, 76.146, 62.56, 1.8
FILLER_19_176, 88.988, 62.56, 1.8
FILLER_20_183, 88.988, 62.56, 1.8
_1601_, 88.988, 62.56, 1.8
_1614_, 88.988, 62.56, 1.8
_1623_, 88.988, 62.56, 1.8
_1624_, 88.988, 62.56, 1.8
_1625_, 88.988, 62.56, 1.8
_1640_, 88.988, 62.56, 1.8
FILLER_18_234, 114.671, 62.56, 1.8
FILLER_19_225, 114.671, 62.56, 1.8
FILLER_19_241, 114.671, 62.56, 1.8
FILLER_20_244, 114.671, 62.56, 1.8
_1275_, 114.671, 62.56, 1.8
_1723_, 114.671, 62.56, 1.8
_1743_, 114.671, 62.56, 1.8
_1744_, 114.671, 62.56, 1.8
FILLER_18_253, 127.513, 62.56, 1.8
FILLER_19_256, 127.513, 62.56, 1.8
FILLER_19_271, 127.513, 62.56, 1.8
_1405_, 127.513, 62.56, 1.8
_1450_, 127.513, 62.56, 1.8
_1718_, 127.513, 62.56, 1.8
FILLER_18_305, 149.987, 62.56, 1.8
FILLER_19_314, 149.987, 62.56, 1.8
_1383_, 149.987, 62.56, 1.8
_1407_, 149.987, 62.56, 1.8
_1716_, 149.987, 62.56, 1.8
_1724_, 149.987, 62.56, 1.8
PHY_32, 5.52, 57.12, 1.8
PHY_34, 5.52, 57.12, 1.8
_1499_, 5.52, 57.12, 1.8
_2006_, 5.52, 57.12, 1.8
input4, 5.52, 57.12, 1.8
FILLER_16_329, 159.62, 57.12, 1.8
FILLER_17_327, 159.62, 57.12, 1.8
PHY_33, 159.62, 57.12, 1.8
PHY_35, 159.62, 57.12, 1.8
FILLER_18_23, 15.15, 57.12, 1.8
_1485_, 15.15, 57.12, 1.8
_1517_, 15.15, 57.12, 1.8
_1521_, 15.15, 57.12, 1.8
_1518_, 37.621, 57.12, 1.8
_1524_, 37.621, 57.12, 1.8
_1573_, 37.621, 57.12, 1.8
_1587_, 37.621, 57.12, 1.8
_2011_, 37.621, 57.12, 1.8
FILLER_16_85, 50.463, 57.12, 1.8
FILLER_17_103, 50.463, 57.12, 1.8
FILLER_18_109, 50.463, 57.12, 1.8
_1488_, 50.463, 57.12, 1.8
_1571_, 50.463, 57.12, 1.8
_1574_, 50.463, 57.12, 1.8
_1575_, 50.463, 57.12, 1.8
_1589_, 50.463, 57.12, 1.8
_1534_, 76.146, 57.12, 1.8
_1611_, 76.146, 57.12, 1.8
_1893_, 76.146, 57.12, 1.8
_1896_, 76.146, 57.12, 1.8
FILLER_18_189, 88.988, 57.12, 1.8
_1610_, 88.988, 57.12, 1.8
_1641_, 88.988, 57.12, 1.8
_1646_, 88.988, 57.12, 1.8
_1647_, 88.988, 57.12, 1.8
FILLER_18_247, 114.671, 57.12, 1.8
_1651_, 114.671, 57.12, 1.8
_1738_, 114.671, 57.12, 1.8
FILLER_17_273, 127.513, 57.12, 1.8
FILLER_17_317, 149.987, 57.12, 1.8
FILLER_18_315, 149.987, 57.12, 1.8
_1388_, 149.987, 57.12, 1.8
_1746_, 149.987, 57.12, 1.8
FILLER_15_10, 5.52, 51.68, 1.8
PHY_28, 5.52, 51.68, 1.8
PHY_30, 5.52, 51.68, 1.8
_1490_, 5.52, 51.68, 1.8
input3, 5.52, 51.68, 1.8
output80, 5.52, 51.68, 1.8
PHY_29, 159.62, 51.68, 1.8
PHY_31, 159.62, 51.68, 1.8
output107, 159.62, 51.68, 1.8
output47, 159.62, 51.68, 1.8
FILLER_16_29, 15.15, 51.68, 1.8
_1507_, 15.15, 51.68, 1.8
_1508_, 15.15, 51.68, 1.8
_1509_, 15.15, 51.68, 1.8
_1557_, 15.15, 51.68, 1.8
_1563_, 15.15, 51.68, 1.8
FILLER_14_64, 37.621, 51.68, 1.8
_1523_, 37.621, 51.68, 1.8
_1570_, 37.621, 51.68, 1.8
_1838_, 37.621, 51.68, 1.8
_1870_, 37.621, 51.68, 1.8
FILLER_14_85, 50.463, 51.68, 1.8
FILLER_15_99, 50.463, 51.68, 1.8
_1535_, 50.463, 51.68, 1.8
_1576_, 50.463, 51.68, 1.8
_1578_, 50.463, 51.68, 1.8
_1835_, 50.463, 51.68, 1.8
_1863_, 50.463, 51.68, 1.8
FILLER_15_151, 76.146, 51.68, 1.8
_1607_, 76.146, 51.68, 1.8
_1665_, 76.146, 51.68, 1.8
_1895_, 76.146, 51.68, 1.8
_1913_, 76.146, 51.68, 1.8
_1914_, 76.146, 51.68, 1.8
FILLER_16_186, 88.988, 51.68, 1.8
_1484_, 88.988, 51.68, 1.8
_1643_, 88.988, 51.68, 1.8
_1648_, 88.988, 51.68, 1.8
_2018_, 88.988, 51.68, 1.8
FILLER_16_248, 114.671, 51.68, 1.8
_1649_, 114.671, 51.68, 1.8
_1650_, 114.671, 51.68, 1.8
FILLER_15_275, 127.513, 51.68, 1.8
FILLER_15_317, 149.987, 51.68, 1.8
FILLER_16_321, 149.987, 51.68, 1.8
FILLER_13_3, 5.52, 46.24, 1.8
FILLER_14_10, 5.52, 46.24, 1.8
PHY_24, 5.52, 46.24, 1.8
PHY_26, 5.52, 46.24, 1.8
_1477_, 5.52, 46.24, 1.8
output25, 5.52, 46.24, 1.8
FILLER_13_329, 159.62, 46.24, 1.8
PHY_25, 159.62, 46.24, 1.8
PHY_27, 159.62, 46.24, 1.8
output57, 159.62, 46.24, 1.8
_1511_, 15.15, 46.24, 1.8
_1566_, 15.15, 46.24, 1.8
_1568_, 15.15, 46.24, 1.8
_1864_, 15.15, 46.24, 1.8
fanout165, 15.15, 46.24, 1.8
FILLER_13_68, 37.621, 46.24, 1.8
FILLER_14_78, 37.621, 46.24, 1.8
_1841_, 37.621, 46.24, 1.8
_1866_, 37.621, 46.24, 1.8
_1868_, 37.621, 46.24, 1.8
_1869_, 37.621, 46.24, 1.8
_1872_, 37.621, 46.24, 1.8
_1541_, 50.463, 46.24, 1.8
_1569_, 50.463, 46.24, 1.8
_1834_, 50.463, 46.24, 1.8
_1836_, 50.463, 46.24, 1.8
_1839_, 50.463, 46.24, 1.8
_1860_, 50.463, 46.24, 1.8
_1916_, 50.463, 46.24, 1.8
FILLER_12_141, 76.146, 46.24, 1.8
FILLER_12_153, 76.146, 46.24, 1.8
FILLER_14_166, 76.146, 46.24, 1.8
_1883_, 76.146, 46.24, 1.8
_1885_, 76.146, 46.24, 1.8
_1900_, 76.146, 46.24, 1.8
_1922_, 76.146, 46.24, 1.8
FILLER_13_169, 88.988, 46.24, 1.8
_1644_, 88.988, 46.24, 1.8
_1645_, 88.988, 46.24, 1.8
_2035_, 88.988, 46.24, 1.8
_2037_, 88.988, 46.24, 1.8
FILLER_12_227, 114.671, 46.24, 1.8
FILLER_14_243, 114.671, 46.24, 1.8
_1658_, 114.671, 46.24, 1.8
_1660_, 114.671, 46.24, 1.8
_2022_, 114.671, 46.24, 1.8
fanout185, 114.671, 46.24, 1.8
fanout186, 114.671, 46.24, 1.8
FILLER_13_272, 127.513, 46.24, 1.8
fanout183, 127.513, 46.24, 1.8
FILLER_14_321, 149.987, 46.24, 1.8
FILLER_11_10, 5.52, 40.8, 1.8
PHY_20, 5.52, 40.8, 1.8
PHY_22, 5.52, 40.8, 1.8
_1565_, 5.52, 40.8, 1.8
output159, 5.52, 40.8, 1.8
PHY_21, 159.62, 40.8, 1.8
PHY_23, 159.62, 40.8, 1.8
output122, 159.62, 40.8, 1.8
output147, 159.62, 40.8, 1.8
_1505_, 15.15, 40.8, 1.8
_1567_, 15.15, 40.8, 1.8
_2009_, 15.15, 40.8, 1.8
FILLER_10_58, 37.621, 40.8, 1.8
FILLER_11_57, 37.621, 40.8, 1.8
FILLER_11_68, 37.621, 40.8, 1.8
_1702_, 37.621, 40.8, 1.8
_1837_, 37.621, 40.8, 1.8
_1856_, 37.621, 40.8, 1.8
_1871_, 37.621, 40.8, 1.8
FILLER_12_99, 50.463, 40.8, 1.8
_1824_, 50.463, 40.8, 1.8
_1842_, 50.463, 40.8, 1.8
_1852_, 50.463, 40.8, 1.8
_1858_, 50.463, 40.8, 1.8
_1859_, 50.463, 40.8, 1.8
_1879_, 50.463, 40.8, 1.8
_1911_, 50.463, 40.8, 1.8
FILLER_11_146, 76.146, 40.8, 1.8
FILLER_11_161, 76.146, 40.8, 1.8
_1886_, 76.146, 40.8, 1.8
_1901_, 76.146, 40.8, 1.8
_1921_, 76.146, 40.8, 1.8
_1925_, 76.146, 40.8, 1.8
FILLER_12_190, 88.988, 40.8, 1.8
_1902_, 88.988, 40.8, 1.8
_1923_, 88.988, 40.8, 1.8
_1927_, 88.988, 40.8, 1.8
_2040_, 88.988, 40.8, 1.8
FILLER_11_225, 114.671, 40.8, 1.8
_1659_, 114.671, 40.8, 1.8
_1663_, 114.671, 40.8, 1.8
_1669_, 114.671, 40.8, 1.8
FILLER_11_270, 127.513, 40.8, 1.8
_1668_, 127.513, 40.8, 1.8
FILLER_11_317, 149.987, 40.8, 1.8
FILLER_12_321, 149.987, 40.8, 1.8
FILLER_10_3, 5.52, 35.36, 1.8
FILLER_9_10, 5.52, 35.36, 1.8
PHY_16, 5.52, 35.36, 1.8
PHY_18, 5.52, 35.36, 1.8
_1853_, 5.52, 35.36, 1.8
output149, 5.52, 35.36, 1.8
FILLER_8_329, 159.62, 35.36, 1.8
PHY_17, 159.62, 35.36, 1.8
PHY_19, 159.62, 35.36, 1.8
output101, 159.62, 35.36, 1.8
FILLER_10_29, 15.15, 35.36, 1.8
FILLER_8_19, 15.15, 35.36, 1.8
_1564_, 15.15, 35.36, 1.8
_1846_, 15.15, 35.36, 1.8
_1877_, 15.15, 35.36, 1.8
FILLER_10_70, 37.621, 35.36, 1.8
FILLER_10_81, 37.621, 35.36, 1.8
FILLER_9_65, 37.621, 35.36, 1.8
FILLER_9_79, 37.621, 35.36, 1.8
_1783_, 37.621, 35.36, 1.8
_1825_, 37.621, 35.36, 1.8
_1848_, 37.621, 35.36, 1.8
_1880_, 37.621, 35.36, 1.8
FILLER_10_103, 50.463, 35.36, 1.8
FILLER_9_94, 50.463, 35.36, 1.8
_1851_, 50.463, 35.36, 1.8
_1890_, 50.463, 35.36, 1.8
_2036_, 50.463, 35.36, 1.8
_2039_, 50.463, 35.36, 1.8
fanout180, 50.463, 35.36, 1.8
FILLER_8_141, 76.146, 35.36, 1.8
FILLER_9_143, 76.146, 35.36, 1.8
FILLER_9_165, 76.146, 35.36, 1.8
_1920_, 76.146, 35.36, 1.8
_1924_, 76.146, 35.36, 1.8
_1926_, 76.146, 35.36, 1.8
_1931_, 76.146, 35.36, 1.8
_1932_, 76.146, 35.36, 1.8
FILLER_10_185, 88.988, 35.36, 1.8
FILLER_9_169, 88.988, 35.36, 1.8
_1670_, 88.988, 35.36, 1.8
_2041_, 88.988, 35.36, 1.8
FILLER_10_246, 114.671, 35.36, 1.8
FILLER_9_239, 114.671, 35.36, 1.8
_1662_, 114.671, 35.36, 1.8
_1671_, 114.671, 35.36, 1.8
_1673_, 114.671, 35.36, 1.8
_2093_, 114.671, 35.36, 1.8
FILLER_9_273, 127.513, 35.36, 1.8
FILLER_10_321, 149.987, 35.36, 1.8
FILLER_9_317, 149.987, 35.36, 1.8
FILLER_7_10, 5.52, 29.92, 1.8
PHY_12, 5.52, 29.92, 1.8
PHY_14, 5.52, 29.92, 1.8
adc_core_digital_195, 5.52, 29.92, 1.8
output152, 5.52, 29.92, 1.8
PHY_13, 159.62, 29.92, 1.8
PHY_15, 159.62, 29.92, 1.8
output10, 159.62, 29.92, 1.8
output43, 159.62, 29.92, 1.8
FILLER_8_29, 15.15, 29.92, 1.8
_1821_, 15.15, 29.92, 1.8
_2031_, 15.15, 29.92, 1.8
FILLER_7_57, 37.621, 29.92, 1.8
FILLER_7_71, 37.621, 29.92, 1.8
FILLER_8_79, 37.621, 29.92, 1.8
_1781_, 37.621, 29.92, 1.8
_1782_, 37.621, 29.92, 1.8
_1833_, 37.621, 29.92, 1.8
_1881_, 37.621, 29.92, 1.8
_1987_, 37.621, 29.92, 1.8
FILLER_7_108, 50.463, 29.92, 1.8
_1686_, 50.463, 29.92, 1.8
_1690_, 50.463, 29.92, 1.8
_1787_, 50.463, 29.92, 1.8
_1888_, 50.463, 29.92, 1.8
_1891_, 50.463, 29.92, 1.8
FILLER_6_151, 76.146, 29.92, 1.8
FILLER_7_162, 76.146, 29.92, 1.8
FILLER_8_161, 76.146, 29.92, 1.8
_1905_, 76.146, 29.92, 1.8
_1929_, 76.146, 29.92, 1.8
_1930_, 76.146, 29.92, 1.8
_2042_, 76.146, 29.92, 1.8
FILLER_8_187, 88.988, 29.92, 1.8
_1819_, 88.988, 29.92, 1.8
_1928_, 88.988, 29.92, 1.8
_2019_, 88.988, 29.92, 1.8
FILLER_8_245, 114.671, 29.92, 1.8
_1672_, 114.671, 29.92, 1.8
_2025_, 114.671, 29.92, 1.8
FILLER_6_253, 127.513, 29.92, 1.8
FILLER_7_273, 127.513, 29.92, 1.8
_2026_, 127.513, 29.92, 1.8
FILLER_7_317, 149.987, 29.92, 1.8
FILLER_8_321, 149.987, 29.92, 1.8
FILLER_6_10, 5.52, 24.48, 1.8
PHY_10, 5.52, 24.48, 1.8
PHY_8, 5.52, 24.48, 1.8
output155, 5.52, 24.48, 1.8
output75, 5.52, 24.48, 1.8
PHY_11, 159.62, 24.48, 1.8
PHY_9, 159.62, 24.48, 1.8
output23, 159.62, 24.48, 1.8
output82, 159.62, 24.48, 1.8
FILLER_4_20, 15.15, 24.48, 1.8
FILLER_5_15, 15.15, 24.48, 1.8
_1354_, 15.15, 24.48, 1.8
_1482_, 15.15, 24.48, 1.8
_1689_, 15.15, 24.48, 1.8
_1826_, 15.15, 24.48, 1.8
_2028_, 15.15, 24.48, 1.8
_2082_, 15.15, 24.48, 1.8
adc_core_digital_197, 15.15, 24.48, 1.8
FILLER_5_82, 37.621, 24.48, 1.8
_1677_, 37.621, 24.48, 1.8
_1784_, 37.621, 24.48, 1.8
_2034_, 37.621, 24.48, 1.8
_1694_, 50.463, 24.48, 1.8
_1701_, 50.463, 24.48, 1.8
_1820_, 50.463, 24.48, 1.8
_1875_, 50.463, 24.48, 1.8
_1882_, 50.463, 24.48, 1.8
_1887_, 50.463, 24.48, 1.8
_1906_, 50.463, 24.48, 1.8
FILLER_4_141, 76.146, 24.48, 1.8
FILLER_5_145, 76.146, 24.48, 1.8
_1483_, 76.146, 24.48, 1.8
_1495_, 76.146, 24.48, 1.8
_1680_, 76.146, 24.48, 1.8
_1691_, 76.146, 24.48, 1.8
_1697_, 76.146, 24.48, 1.8
FILLER_6_186, 88.988, 24.48, 1.8
_1693_, 88.988, 24.48, 1.8
_1700_, 88.988, 24.48, 1.8
_1758_, 88.988, 24.48, 1.8
_1759_, 88.988, 24.48, 1.8
_1766_, 88.988, 24.48, 1.8
FILLER_5_225, 114.671, 24.48, 1.8
_1774_, 114.671, 24.48, 1.8
_1984_, 114.671, 24.48, 1.8
_1986_, 114.671, 24.48, 1.8
FILLER_5_272, 127.513, 24.48, 1.8
_1779_, 127.513, 24.48, 1.8
FILLER_5_317, 149.987, 24.48, 1.8
FILLER_6_321, 149.987, 24.48, 1.8
ANTENNA_6, 5.52, 19.04, 1.8
FILLER_4_3, 5.52, 19.04, 1.8
PHY_4, 5.52, 19.04, 1.8
PHY_6, 5.52, 19.04, 1.8
output111, 5.52, 19.04, 1.8
output128, 5.52, 19.04, 1.8
PHY_5, 159.62, 19.04, 1.8
PHY_7, 159.62, 19.04, 1.8
output117, 159.62, 19.04, 1.8
output125, 159.62, 19.04, 1.8
FILLER_4_29, 15.15, 19.04, 1.8
_2027_, 15.15, 19.04, 1.8
_2088_, 15.15, 19.04, 1.8
input8, 15.15, 19.04, 1.8
output135, 15.15, 19.04, 1.8
output14, 15.15, 19.04, 1.8
FILLER_2_64, 37.621, 19.04, 1.8
_1692_, 37.621, 19.04, 1.8
_1695_, 37.621, 19.04, 1.8
_1832_, 37.621, 19.04, 1.8
_1988_, 37.621, 19.04, 1.8
FILLER_3_95, 50.463, 19.04, 1.8
FILLER_4_103, 50.463, 19.04, 1.8
_1688_, 50.463, 19.04, 1.8
_1786_, 50.463, 19.04, 1.8
_1843_, 50.463, 19.04, 1.8
_1845_, 50.463, 19.04, 1.8
FILLER_4_158, 76.146, 19.04, 1.8
_1479_, 76.146, 19.04, 1.8
_1696_, 76.146, 19.04, 1.8
_1699_, 76.146, 19.04, 1.8
_1730_, 76.146, 19.04, 1.8
_1876_, 76.146, 19.04, 1.8
adc_core_digital_196, 76.146, 19.04, 1.8
FILLER_3_179, 88.988, 19.04, 1.8
FILLER_4_193, 88.988, 19.04, 1.8
_1480_, 88.988, 19.04, 1.8
_1760_, 88.988, 19.04, 1.8
_1763_, 88.988, 19.04, 1.8
_1764_, 88.988, 19.04, 1.8
_1765_, 88.988, 19.04, 1.8
FILLER_2_237, 114.671, 19.04, 1.8
FILLER_3_236, 114.671, 19.04, 1.8
FILLER_4_241, 114.671, 19.04, 1.8
_1748_, 114.671, 19.04, 1.8
_1770_, 114.671, 19.04, 1.8
_1772_, 114.671, 19.04, 1.8
_1776_, 114.671, 19.04, 1.8
_1780_, 114.671, 19.04, 1.8
FILLER_3_275, 127.513, 19.04, 1.8
_1777_, 127.513, 19.04, 1.8
_1778_, 127.513, 19.04, 1.8
_1985_, 127.513, 19.04, 1.8
FILLER_2_313, 149.987, 19.04, 1.8
FILLER_4_321, 149.987, 19.04, 1.8
_2077_, 149.987, 19.04, 1.8
output93, 149.987, 19.04, 1.8
PHY_0, 5.52, 13.6, 1.8
PHY_2, 5.52, 13.6, 1.8
output142, 5.52, 13.6, 1.8
output61, 5.52, 13.6, 1.8
output67, 5.52, 13.6, 1.8
FILLER_1_329, 159.62, 13.6, 1.8
PHY_1, 159.62, 13.6, 1.8
PHY_3, 159.62, 13.6, 1.8
_2078_, 159.62, 13.6, 1.8
FILLER_0_29, 15.15, 13.6, 1.8
FILLER_2_29, 15.15, 13.6, 1.8
_2092_, 15.15, 13.6, 1.8
output100, 15.15, 13.6, 1.8
output120, 15.15, 13.6, 1.8
output31, 15.15, 13.6, 1.8
output54, 15.15, 13.6, 1.8
FILLER_0_57, 37.621, 13.6, 1.8
_1678_, 37.621, 13.6, 1.8
_1844_, 37.621, 13.6, 1.8
_1989_, 37.621, 13.6, 1.8
fanout179, 37.621, 13.6, 1.8
output151, 37.621, 13.6, 1.8
output45, 37.621, 13.6, 1.8
FILLER_0_85, 50.463, 13.6, 1.8
_1683_, 50.463, 13.6, 1.8
_2030_, 50.463, 13.6, 1.8
output102, 50.463, 13.6, 1.8
output121, 50.463, 13.6, 1.8
output70, 50.463, 13.6, 1.8
FILLER_0_158, 76.146, 13.6, 1.8
_1681_, 76.146, 13.6, 1.8
_1754_, 76.146, 13.6, 1.8
_1756_, 76.146, 13.6, 1.8
_1979_, 76.146, 13.6, 1.8
_2033_, 76.146, 13.6, 1.8
output48, 76.146, 13.6, 1.8
FILLER_0_177, 88.988, 13.6, 1.8
FILLER_0_191, 88.988, 13.6, 1.8
FILLER_1_176, 88.988, 13.6, 1.8
FILLER_2_190, 88.988, 13.6, 1.8
_1761_, 88.988, 13.6, 1.8
_1980_, 88.988, 13.6, 1.8
adc_core_digital_198, 88.988, 13.6, 1.8
output145, 88.988, 13.6, 1.8
output41, 88.988, 13.6, 1.8
output55, 88.988, 13.6, 1.8
FILLER_0_248, 114.671, 13.6, 1.8
_1775_, 114.671, 13.6, 1.8
_1983_, 114.671, 13.6, 1.8
_2080_, 114.671, 13.6, 1.8
_2098_, 114.671, 13.6, 1.8
output116, 114.671, 13.6, 1.8
output158, 114.671, 13.6, 1.8
output73, 114.671, 13.6, 1.8
FILLER_0_276, 127.513, 13.6, 1.8
FILLER_1_252, 127.513, 13.6, 1.8
FILLER_1_265, 127.513, 13.6, 1.8
FILLER_1_275, 127.513, 13.6, 1.8
FILLER_2_266, 127.513, 13.6, 1.8
_2084_, 127.513, 13.6, 1.8
_2102_, 127.513, 13.6, 1.8
output136, 127.513, 13.6, 1.8
output38, 127.513, 13.6, 1.8
output44, 127.513, 13.6, 1.8
output92, 127.513, 13.6, 1.8
FILLER_0_305, 149.987, 13.6, 1.8
FILLER_0_324, 149.987, 13.6, 1.8
output119, 149.987, 13.6, 1.8
output131, 149.987, 13.6, 1.8
output18, 149.987, 13.6, 1.8
output71, 149.987, 13.6, 1.8
output72, 149.987, 13.6, 1.8

