Instance name,  X location,  Y location,  Voltage 
FILLER_24_301, 148.14, 70.72, 1.8
FILLER_24_308, 148.14, 70.72, 1.8
FILLER_25_301, 148.14, 70.72, 1.8
_230_, 148.14, 70.72, 1.8
_259_, 148.14, 70.72, 1.8
_261_, 148.14, 70.72, 1.8
_263_, 148.14, 70.72, 1.8
FILLER_23_301, 148.14, 65.28, 1.8
_237_, 148.14, 65.28, 1.8
_251_, 148.14, 65.28, 1.8
FILLER_20_307, 148.14, 59.84, 1.8
FILLER_21_316, 148.14, 59.84, 1.8
FILLER_21_323, 148.14, 59.84, 1.8
FILLER_22_315, 148.14, 59.84, 1.8
_207_, 148.14, 59.84, 1.8
_216_, 148.14, 59.84, 1.8
_219_, 148.14, 59.84, 1.8
edgedetect.dly200cell.genblk1\[12\].and1, 148.14, 59.84, 1.8
ANTENNA_8, 148.14, 54.4, 1.8
FILLER_18_307, 148.14, 54.4, 1.8
FILLER_19_305, 148.14, 54.4, 1.8
FILLER_19_316, 148.14, 54.4, 1.8
FILLER_19_323, 148.14, 54.4, 1.8
_220_, 148.14, 54.4, 1.8
_222_, 148.14, 54.4, 1.8
_226_, 148.14, 54.4, 1.8
edgedetect.dly200cell.genblk1\[14\].and1, 148.14, 54.4, 1.8
FILLER_17_302, 148.14, 48.96, 1.8
FILLER_17_316, 148.14, 48.96, 1.8
FILLER_17_323, 148.14, 48.96, 1.8
FILLER_18_316, 148.14, 48.96, 1.8
_224_, 148.14, 48.96, 1.8
_227_, 148.14, 48.96, 1.8
edgedetect.dly200cell.genblk1\[13\].and1, 148.14, 48.96, 1.8
FILLER_14_303, 148.14, 43.52, 1.8
FILLER_15_322, 148.14, 43.52, 1.8
FILLER_16_315, 148.14, 43.52, 1.8
FILLER_16_324, 148.14, 43.52, 1.8
clkgen.delay_100ns_3.genblk1\[12\].and1, 148.14, 43.52, 1.8
clkgen.delay_100ns_3.genblk1\[12\].mux1, 148.14, 43.52, 1.8
clkgen.delay_100ns_3.genblk1\[13\].delay_unit, 148.14, 43.52, 1.8
FILLER_12_303, 148.14, 38.08, 1.8
clkgen.delay_100ns_3.genblk1\[14\].delay_unit, 148.14, 38.08, 1.8
clkgen.delay_100ns_3.genblk1\[15\].delay_unit, 148.14, 38.08, 1.8
FILLER_11_318, 148.14, 32.64, 1.8
clkgen.delay_100ns_3.genblk1\[13\].and1, 148.14, 32.64, 1.8
clkgen.delay_100ns_3.genblk1\[14\].and1, 148.14, 32.64, 1.8
FILLER_10_314, 148.14, 27.2, 1.8
FILLER_9_303, 148.14, 27.2, 1.8
clkgen.delay_100ns_3.genblk1\[17\].mux1, 148.14, 27.2, 1.8
clkgen.delay_100ns_3.genblk1\[18\].delay_unit, 148.14, 27.2, 1.8
FILLER_6_312, 148.14, 21.76, 1.8
FILLER_7_304, 148.14, 21.76, 1.8
FILLER_7_311, 148.14, 21.76, 1.8
FILLER_8_317, 148.14, 21.76, 1.8
clkgen.delay_100ns_3.genblk1\[18\].and1, 148.14, 21.76, 1.8
clkgen.delay_100ns_3.genblk1\[18\].mux1, 148.14, 21.76, 1.8
clkgen.delay_100ns_3.genblk1\[19\].delay_unit, 148.14, 21.76, 1.8
FILLER_4_301, 148.14, 16.32, 1.8
FILLER_4_308, 148.14, 16.32, 1.8
FILLER_5_300, 148.14, 16.32, 1.8
FILLER_5_307, 148.14, 16.32, 1.8
_330_, 148.14, 16.32, 1.8
_338_, 148.14, 16.32, 1.8
_364_, 148.14, 16.32, 1.8
_432_, 148.14, 16.32, 1.8
_458_, 148.14, 16.32, 1.8
FILLER_3_301, 148.14, 10.88, 1.8
ANTENNA_2, 148.14, 5.44, 1.8
FILLER_1_307, 148.14, 5.44, 1.8
FILLER_24_102, 52.14, 70.72, 1.8
_228_, 52.14, 70.72, 1.8
edgedetect.dly200cell.genblk1\[27\].delay_unit, 52.14, 70.72, 1.8
FILLER_22_94, 52.14, 65.28, 1.8
FILLER_24_115, 52.14, 65.28, 1.8
edgedetect.dly200cell.genblk1\[26\].delay_unit, 52.14, 65.28, 1.8
edgedetect.dly200cell.genblk1\[26\].mux1, 52.14, 65.28, 1.8
edgedetect.dly200cell.genblk1\[27\].mux1, 52.14, 65.28, 1.8
FILLER_20_94, 52.14, 59.84, 1.8
FILLER_21_109, 52.14, 59.84, 1.8
FILLER_21_98, 52.14, 59.84, 1.8
FILLER_22_108, 52.14, 59.84, 1.8
_189_, 52.14, 59.84, 1.8
_204_, 52.14, 59.84, 1.8
_231_, 52.14, 59.84, 1.8
_236_, 52.14, 59.84, 1.8
_435_, 52.14, 59.84, 1.8
FILLER_18_101, 52.14, 54.4, 1.8
FILLER_19_108, 52.14, 54.4, 1.8
FILLER_19_97, 52.14, 54.4, 1.8
FILLER_20_108, 52.14, 54.4, 1.8
_198_, 52.14, 54.4, 1.8
_233_, 52.14, 54.4, 1.8
_442_, 52.14, 54.4, 1.8
edgedetect.dly200cell.genblk1\[2\].and1, 52.14, 54.4, 1.8
FILLER_16_101, 52.14, 48.96, 1.8
FILLER_17_114, 52.14, 48.96, 1.8
FILLER_18_112, 52.14, 48.96, 1.8
_191_, 52.14, 48.96, 1.8
edgedetect.dly200cell.genblk1\[16\].delay_unit, 52.14, 48.96, 1.8
edgedetect.dly200cell.genblk1\[3\].and1, 52.14, 48.96, 1.8
FILLER_14_94, 52.14, 43.52, 1.8
FILLER_15_114, 52.14, 43.52, 1.8
FILLER_16_114, 52.14, 43.52, 1.8
edgedetect.dly200cell.genblk1\[0\].mux1, 52.14, 43.52, 1.8
edgedetect.dly200cell.genblk1\[1\].mux1, 52.14, 43.52, 1.8
FILLER_12_99, 52.14, 38.08, 1.8
FILLER_13_111, 52.14, 38.08, 1.8
FILLER_13_96, 52.14, 38.08, 1.8
FILLER_14_111, 52.14, 38.08, 1.8
_201_, 52.14, 38.08, 1.8
_285_, 52.14, 38.08, 1.8
_450_, 52.14, 38.08, 1.8
clkgen.delay_100ns_2.genblk1\[9\].and1, 52.14, 38.08, 1.8
clkgen.delay_100ns_3.genblk1\[0\].and1, 52.14, 38.08, 1.8
FILLER_10_100, 52.14, 32.64, 1.8
FILLER_10_94, 52.14, 32.64, 1.8
FILLER_11_108, 52.14, 32.64, 1.8
FILLER_11_94, 52.14, 32.64, 1.8
FILLER_12_108, 52.14, 32.64, 1.8
_351_, 52.14, 32.64, 1.8
_354_, 52.14, 32.64, 1.8
_459_, 52.14, 32.64, 1.8
_460_, 52.14, 32.64, 1.8
clkgen.delay_100ns_3.genblk1\[0\].delay_unit, 52.14, 32.64, 1.8
FILLER_10_111, 52.14, 27.2, 1.8
FILLER_8_101, 52.14, 27.2, 1.8
FILLER_9_109, 52.14, 27.2, 1.8
FILLER_9_98, 52.14, 27.2, 1.8
_358_, 52.14, 27.2, 1.8
clkgen.delay_100ns_2.genblk1\[10\].and1, 52.14, 27.2, 1.8
clkgen.delay_100ns_2.genblk1\[10\].mux1, 52.14, 27.2, 1.8
clkgen.delay_100ns_2.genblk1\[9\].delay_unit, 52.14, 27.2, 1.8
FILLER_6_103, 52.14, 21.76, 1.8
FILLER_6_94, 52.14, 21.76, 1.8
FILLER_7_103, 52.14, 21.76, 1.8
FILLER_7_116, 52.14, 21.76, 1.8
_395_, 52.14, 21.76, 1.8
clkgen.delay_100ns_2.genblk1\[10\].delay_unit, 52.14, 21.76, 1.8
clkgen.delay_100ns_2.genblk1\[11\].mux1, 52.14, 21.76, 1.8
clkgen.delay_100ns_2.genblk1\[4\].mux1, 52.14, 21.76, 1.8
FILLER_4_103, 52.14, 16.32, 1.8
FILLER_5_93, 52.14, 16.32, 1.8
_416_, 52.14, 16.32, 1.8
clkgen.delay_100ns_2.genblk1\[11\].delay_unit, 52.14, 16.32, 1.8
clkgen.delay_100ns_2.genblk1\[4\].delay_unit, 52.14, 16.32, 1.8
FILLER_2_101, 52.14, 10.88, 1.8
FILLER_3_109, 52.14, 10.88, 1.8
FILLER_3_99, 52.14, 10.88, 1.8
FILLER_4_114, 52.14, 10.88, 1.8
_411_, 52.14, 10.88, 1.8
_467_, 52.14, 10.88, 1.8
clkgen.delay_100ns_1.genblk1\[12\].mux1, 52.14, 10.88, 1.8
clkgen.delay_100ns_2.genblk1\[11\].and1, 52.14, 10.88, 1.8
clkgen.delay_100ns_2.genblk1\[4\].and1, 52.14, 10.88, 1.8
FILLER_0_106, 52.14, 5.44, 1.8
FILLER_0_94, 52.14, 5.44, 1.8
FILLER_1_93, 52.14, 5.44, 1.8
_385_, 52.14, 5.44, 1.8
clkgen.delay_100ns_1.genblk1\[12\].delay_unit, 52.14, 5.44, 1.8
clkgen.delay_100ns_1.genblk1\[13\].delay_unit, 52.14, 5.44, 1.8
clkgen.delay_100ns_1.genblk1\[13\].mux1, 52.14, 5.44, 1.8
FILLER_25_3, 4.14, 70.72, 1.8
FILLER_25_9, 4.14, 70.72, 1.8
PHY_48, 4.14, 70.72, 1.8
PHY_50, 4.14, 70.72, 1.8
_232_, 4.14, 70.72, 1.8
_246_, 4.14, 70.72, 1.8
FILLER_25_373, 179.86, 70.72, 1.8
PHY_49, 179.86, 70.72, 1.8
PHY_51, 179.86, 70.72, 1.8
FILLER_24_16, 16.14, 70.72, 1.8
FILLER_25_18, 16.14, 70.72, 1.8
_449_, 16.14, 70.72, 1.8
edgedetect.dly200cell.genblk1\[30\].delay_unit, 16.14, 70.72, 1.8
edgedetect.dly200cell.genblk1\[30\].mux1, 16.14, 70.72, 1.8
FILLER_24_43, 28.14, 70.72, 1.8
FILLER_25_59, 28.14, 70.72, 1.8
_186_, 28.14, 70.72, 1.8
edgedetect.dly200cell.genblk1\[29\].mux1, 28.14, 70.72, 1.8
FILLER_25_68, 40.14, 70.72, 1.8
FILLER_25_81, 40.14, 70.72, 1.8
_245_, 40.14, 70.72, 1.8
edgedetect.dly200cell.genblk1\[28\].mux1, 40.14, 70.72, 1.8
FILLER_25_121, 64.14, 70.72, 1.8
FILLER_25_133, 64.14, 70.72, 1.8
FILLER_25_142, 64.14, 70.72, 1.8
_217_, 64.14, 70.72, 1.8
edgedetect.dly200cell.genblk1\[23\].and1, 64.14, 70.72, 1.8
edgedetect.dly200cell.genblk1\[25\].delay_unit, 64.14, 70.72, 1.8
FILLER_24_144, 76.14, 70.72, 1.8
FILLER_25_165, 76.14, 70.72, 1.8
_250_, 76.14, 70.72, 1.8
_448_, 76.14, 70.72, 1.8
edgedetect.dly200cell.genblk1\[19\].and1, 76.14, 70.72, 1.8
FILLER_25_173, 88.14, 70.72, 1.8
FILLER_25_187, 88.14, 70.72, 1.8
_197_, 88.14, 70.72, 1.8
_248_, 88.14, 70.72, 1.8
edgedetect.dly200cell.genblk1\[22\].mux1, 88.14, 70.72, 1.8
edgedetect.dly200cell.genblk1\[23\].mux1, 88.14, 70.72, 1.8
FILLER_25_202, 100.14, 70.72, 1.8
FILLER_25_213, 100.14, 70.72, 1.8
_244_, 100.14, 70.72, 1.8
edgedetect.dly200cell.genblk1\[20\].and1, 100.14, 70.72, 1.8
ANTENNA_4, 112.14, 70.72, 1.8
FILLER_25_225, 112.14, 70.72, 1.8
FILLER_25_234, 112.14, 70.72, 1.8
FILLER_25_243, 112.14, 70.72, 1.8
edgedetect.dly200cell.genblk1\[22\].and1, 112.14, 70.72, 1.8
edgedetect.dly200cell.genblk1\[25\].and1, 112.14, 70.72, 1.8
outbuf_3, 112.14, 70.72, 1.8
ANTENNA_11, 124.14, 70.72, 1.8
FILLER_24_255, 124.14, 70.72, 1.8
FILLER_25_265, 124.14, 70.72, 1.8
edgedetect.dly200cell.genblk1\[26\].and1, 124.14, 70.72, 1.8
edgedetect.dly200cell.genblk1\[28\].and1, 124.14, 70.72, 1.8
edgedetect.dly200cell.genblk1\[29\].and1, 124.14, 70.72, 1.8
edgedetect.dly200cell.genblk1\[32\].and1, 124.14, 70.72, 1.8
edgedetect.dly200cell.genblk1\[33\].and1, 124.14, 70.72, 1.8
FILLER_25_274, 136.14, 70.72, 1.8
FILLER_25_287, 136.14, 70.72, 1.8
FILLER_25_294, 136.14, 70.72, 1.8
_253_, 136.14, 70.72, 1.8
_257_, 136.14, 70.72, 1.8
edgedetect.dly200cell.genblk1\[30\].and1, 136.14, 70.72, 1.8
edgedetect.dly200cell.genblk1\[31\].and1, 136.14, 70.72, 1.8
FILLER_24_327, 158.713, 70.72, 1.8
FILLER_24_336, 158.713, 70.72, 1.8
outbuf_5, 158.713, 70.72, 1.8
FILLER_25_366, 169.286, 70.72, 1.8
FILLER_23_3, 4.14, 65.28, 1.8
FILLER_24_3, 4.14, 65.28, 1.8
PHY_44, 4.14, 65.28, 1.8
PHY_46, 4.14, 65.28, 1.8
_211_, 4.14, 65.28, 1.8
_262_, 4.14, 65.28, 1.8
FILLER_23_373, 179.86, 65.28, 1.8
PHY_45, 179.86, 65.28, 1.8
PHY_47, 179.86, 65.28, 1.8
FILLER_22_18, 16.14, 65.28, 1.8
FILLER_23_14, 16.14, 65.28, 1.8
_258_, 16.14, 65.28, 1.8
edgedetect.dly200cell.genblk1\[31\].mux1, 16.14, 65.28, 1.8
edgedetect.dly200cell.genblk1\[33\].delay_unit, 16.14, 65.28, 1.8
FILLER_22_43, 28.14, 65.28, 1.8
FILLER_23_43, 28.14, 65.28, 1.8
FILLER_24_57, 28.14, 65.28, 1.8
_271_, 28.14, 65.28, 1.8
edgedetect.dly200cell.genblk1\[28\].delay_unit, 28.14, 65.28, 1.8
edgedetect.dly200cell.genblk1\[29\].delay_unit, 28.14, 65.28, 1.8
edgedetect.dly200cell.genblk1\[31\].delay_unit, 28.14, 65.28, 1.8
FILLER_22_72, 40.14, 65.28, 1.8
FILLER_23_90, 40.14, 65.28, 1.8
FILLER_24_86, 40.14, 65.28, 1.8
_239_, 40.14, 65.28, 1.8
FILLER_22_118, 64.14, 65.28, 1.8
FILLER_22_129, 64.14, 65.28, 1.8
FILLER_23_136, 64.14, 65.28, 1.8
_444_, 64.14, 65.28, 1.8
edgedetect.dly200cell.genblk1\[25\].mux1, 64.14, 65.28, 1.8
FILLER_23_169, 76.14, 65.28, 1.8
FILLER_24_167, 76.14, 65.28, 1.8
_238_, 76.14, 65.28, 1.8
edgedetect.dly200cell.genblk1\[24\].delay_unit, 76.14, 65.28, 1.8
edgedetect.dly200cell.genblk1\[24\].mux1, 76.14, 65.28, 1.8
FILLER_23_194, 88.14, 65.28, 1.8
FILLER_24_183, 88.14, 65.28, 1.8
_438_, 88.14, 65.28, 1.8
_445_, 88.14, 65.28, 1.8
edgedetect.dly200cell.genblk1\[22\].delay_unit, 88.14, 65.28, 1.8
edgedetect.dly200cell.genblk1\[23\].delay_unit, 88.14, 65.28, 1.8
FILLER_22_198, 100.14, 65.28, 1.8
FILLER_23_208, 100.14, 65.28, 1.8
FILLER_24_212, 100.14, 65.28, 1.8
_446_, 100.14, 65.28, 1.8
edgedetect.dly200cell.genblk1\[20\].mux1, 100.14, 65.28, 1.8
edgedetect.dly200cell.genblk1\[21\].delay_unit, 100.14, 65.28, 1.8
edgedetect.dly200cell.genblk1\[21\].mux1, 100.14, 65.28, 1.8
FILLER_22_227, 112.14, 65.28, 1.8
FILLER_22_234, 112.14, 65.28, 1.8
FILLER_23_237, 112.14, 65.28, 1.8
FILLER_24_237, 112.14, 65.28, 1.8
FILLER_24_246, 112.14, 65.28, 1.8
_196_, 112.14, 65.28, 1.8
edgedetect.dly200cell.genblk1\[21\].and1, 112.14, 65.28, 1.8
edgedetect.dly200cell.genblk1\[24\].and1, 112.14, 65.28, 1.8
FILLER_23_256, 124.14, 65.28, 1.8
FILLER_23_265, 124.14, 65.28, 1.8
FILLER_24_264, 124.14, 65.28, 1.8
FILLER_24_273, 124.14, 65.28, 1.8
_229_, 124.14, 65.28, 1.8
edgedetect.dly200cell.genblk1\[27\].and1, 124.14, 65.28, 1.8
edgedetect.dly200cell.genblk1\[34\].and1, 124.14, 65.28, 1.8
edgedetect.dly200cell.genblk1\[35\].and1, 124.14, 65.28, 1.8
FILLER_22_285, 136.14, 65.28, 1.8
FILLER_23_274, 136.14, 65.28, 1.8
FILLER_23_287, 136.14, 65.28, 1.8
FILLER_23_294, 136.14, 65.28, 1.8
FILLER_24_287, 136.14, 65.28, 1.8
FILLER_24_294, 136.14, 65.28, 1.8
_209_, 136.14, 65.28, 1.8
_214_, 136.14, 65.28, 1.8
_247_, 136.14, 65.28, 1.8
_249_, 136.14, 65.28, 1.8
_255_, 136.14, 65.28, 1.8
edgedetect.dly200cell.genblk1\[11\].and1, 136.14, 65.28, 1.8
FILLER_22_334, 158.713, 65.28, 1.8
FILLER_23_364, 169.286, 65.28, 1.8
FILLER_21_8, 4.14, 59.84, 1.8
FILLER_22_3, 4.14, 59.84, 1.8
PHY_40, 4.14, 59.84, 1.8
PHY_42, 4.14, 59.84, 1.8
_234_, 4.14, 59.84, 1.8
_260_, 4.14, 59.84, 1.8
edgedetect.dly200cell.genblk1\[35\].delay_unit, 4.14, 59.84, 1.8
FILLER_21_373, 179.86, 59.84, 1.8
PHY_41, 179.86, 59.84, 1.8
PHY_43, 179.86, 59.84, 1.8
FILLER_20_18, 16.14, 59.84, 1.8
FILLER_21_37, 16.14, 59.84, 1.8
_266_, 16.14, 59.84, 1.8
edgedetect.dly200cell.genblk1\[33\].mux1, 16.14, 59.84, 1.8
FILLER_21_50, 28.14, 59.84, 1.8
FILLER_21_63, 28.14, 59.84, 1.8
edgedetect.dly200cell.genblk1\[18\].and1, 28.14, 59.84, 1.8
edgedetect.dly200cell.genblk1\[32\].mux1, 28.14, 59.84, 1.8
FILLER_20_69, 40.14, 59.84, 1.8
FILLER_21_77, 40.14, 59.84, 1.8
FILLER_21_89, 40.14, 59.84, 1.8
FILLER_22_80, 40.14, 59.84, 1.8
_188_, 40.14, 59.84, 1.8
_202_, 40.14, 59.84, 1.8
_252_, 40.14, 59.84, 1.8
_264_, 40.14, 59.84, 1.8
FILLER_20_120, 64.14, 59.84, 1.8
FILLER_21_120, 64.14, 59.84, 1.8
FILLER_21_132, 64.14, 59.84, 1.8
FILLER_22_140, 64.14, 59.84, 1.8
_443_, 64.14, 59.84, 1.8
edgedetect.dly200cell.genblk1\[16\].mux1, 64.14, 59.84, 1.8
edgedetect.dly200cell.genblk1\[18\].delay_unit, 64.14, 59.84, 1.8
edgedetect.dly200cell.genblk1\[4\].and1, 64.14, 59.84, 1.8
FILLER_20_151, 76.14, 59.84, 1.8
FILLER_21_161, 76.14, 59.84, 1.8
FILLER_22_167, 76.14, 59.84, 1.8
_447_, 76.14, 59.84, 1.8
edgedetect.dly200cell.genblk1\[18\].mux1, 76.14, 59.84, 1.8
FILLER_21_173, 88.14, 59.84, 1.8
_215_, 88.14, 59.84, 1.8
edgedetect.dly200cell.genblk1\[19\].mux1, 88.14, 59.84, 1.8
FILLER_20_203, 100.14, 59.84, 1.8
FILLER_21_198, 100.14, 59.84, 1.8
_218_, 100.14, 59.84, 1.8
_225_, 100.14, 59.84, 1.8
_241_, 100.14, 59.84, 1.8
edgedetect.dly200cell.genblk1\[20\].delay_unit, 100.14, 59.84, 1.8
FILLER_21_229, 112.14, 59.84, 1.8
FILLER_21_243, 112.14, 59.84, 1.8
edgedetect.dly200cell.genblk1\[8\].delay_unit, 112.14, 59.84, 1.8
edgedetect.dly200cell.genblk1\[8\].mux1, 112.14, 59.84, 1.8
edgedetect.dly200cell.genblk1\[9\].delay_unit, 112.14, 59.84, 1.8
FILLER_20_260, 124.14, 59.84, 1.8
FILLER_21_249, 124.14, 59.84, 1.8
FILLER_22_264, 124.14, 59.84, 1.8
FILLER_22_273, 124.14, 59.84, 1.8
edgedetect.dly200cell.genblk1\[10\].and1, 124.14, 59.84, 1.8
edgedetect.dly200cell.genblk1\[10\].delay_unit, 124.14, 59.84, 1.8
edgedetect.dly200cell.genblk1\[9\].mux1, 124.14, 59.84, 1.8
FILLER_20_276, 136.14, 59.84, 1.8
FILLER_21_282, 136.14, 59.84, 1.8
FILLER_21_295, 136.14, 59.84, 1.8
edgedetect.dly200cell.genblk1\[10\].mux1, 136.14, 59.84, 1.8
edgedetect.dly200cell.genblk1\[11\].delay_unit, 136.14, 59.84, 1.8
edgedetect.dly200cell.genblk1\[11\].mux1, 136.14, 59.84, 1.8
edgedetect.dly200cell.genblk1\[12\].delay_unit, 136.14, 59.84, 1.8
FILLER_20_330, 158.713, 59.84, 1.8
FILLER_21_330, 158.713, 59.84, 1.8
_193_, 158.713, 59.84, 1.8
_265_, 158.713, 59.84, 1.8
_267_, 158.713, 59.84, 1.8
_274_, 158.713, 59.84, 1.8
FILLER_21_361, 169.286, 59.84, 1.8
FILLER_21_369, 169.286, 59.84, 1.8
FILLER_20_3, 4.14, 54.4, 1.8
PHY_36, 4.14, 54.4, 1.8
PHY_38, 4.14, 54.4, 1.8
_273_, 4.14, 54.4, 1.8
edgedetect.dly200cell.genblk1\[39\].delay_unit, 4.14, 54.4, 1.8
FILLER_19_373, 179.86, 54.4, 1.8
PHY_37, 179.86, 54.4, 1.8
PHY_39, 179.86, 54.4, 1.8
FILLER_18_16, 16.14, 54.4, 1.8
FILLER_19_30, 16.14, 54.4, 1.8
edgedetect.dly200cell.genblk1\[32\].delay_unit, 16.14, 54.4, 1.8
edgedetect.dly200cell.genblk1\[34\].delay_unit, 16.14, 54.4, 1.8
edgedetect.dly200cell.genblk1\[34\].mux1, 16.14, 54.4, 1.8
FILLER_18_43, 28.14, 54.4, 1.8
FILLER_19_59, 28.14, 54.4, 1.8
FILLER_20_59, 28.14, 54.4, 1.8
_206_, 28.14, 54.4, 1.8
_242_, 28.14, 54.4, 1.8
edgedetect.dly200cell.genblk1\[36\].mux1, 28.14, 54.4, 1.8
FILLER_18_69, 40.14, 54.4, 1.8
FILLER_19_71, 40.14, 54.4, 1.8
FILLER_19_83, 40.14, 54.4, 1.8
FILLER_20_80, 40.14, 54.4, 1.8
_254_, 40.14, 54.4, 1.8
_256_, 40.14, 54.4, 1.8
_269_, 40.14, 54.4, 1.8
_279_, 40.14, 54.4, 1.8
FILLER_19_125, 64.14, 54.4, 1.8
FILLER_20_138, 64.14, 54.4, 1.8
edgedetect.dly200cell.genblk1\[17\].delay_unit, 64.14, 54.4, 1.8
edgedetect.dly200cell.genblk1\[17\].mux1, 64.14, 54.4, 1.8
FILLER_18_152, 76.14, 54.4, 1.8
FILLER_18_156, 76.14, 54.4, 1.8
FILLER_19_157, 76.14, 54.4, 1.8
FILLER_20_163, 76.14, 54.4, 1.8
_194_, 76.14, 54.4, 1.8
_235_, 76.14, 54.4, 1.8
_240_, 76.14, 54.4, 1.8
edgedetect.dly200cell.genblk1\[19\].delay_unit, 76.14, 54.4, 1.8
FILLER_19_173, 88.14, 54.4, 1.8
FILLER_19_187, 88.14, 54.4, 1.8
FILLER_20_192, 88.14, 54.4, 1.8
_203_, 88.14, 54.4, 1.8
_213_, 88.14, 54.4, 1.8
_223_, 88.14, 54.4, 1.8
FILLER_18_206, 100.14, 54.4, 1.8
FILLER_19_202, 100.14, 54.4, 1.8
FILLER_19_213, 100.14, 54.4, 1.8
FILLER_20_214, 100.14, 54.4, 1.8
FILLER_20_218, 100.14, 54.4, 1.8
_221_, 100.14, 54.4, 1.8
_440_, 100.14, 54.4, 1.8
_441_, 100.14, 54.4, 1.8
FILLER_19_227, 112.14, 54.4, 1.8
FILLER_19_240, 112.14, 54.4, 1.8
FILLER_20_247, 112.14, 54.4, 1.8
edgedetect.dly200cell.genblk1\[7\].delay_unit, 112.14, 54.4, 1.8
edgedetect.dly200cell.genblk1\[7\].mux1, 112.14, 54.4, 1.8
FILLER_18_249, 124.14, 54.4, 1.8
FILLER_18_258, 124.14, 54.4, 1.8
FILLER_19_258, 124.14, 54.4, 1.8
FILLER_19_267, 124.14, 54.4, 1.8
FILLER_20_269, 124.14, 54.4, 1.8
_210_, 124.14, 54.4, 1.8
_212_, 124.14, 54.4, 1.8
clkgen.delay_100ns_3.genblk1\[11\].and1, 124.14, 54.4, 1.8
edgedetect.dly200cell.genblk1\[15\].and1, 124.14, 54.4, 1.8
edgedetect.dly200cell.genblk1\[8\].and1, 124.14, 54.4, 1.8
edgedetect.dly200cell.genblk1\[9\].and1, 124.14, 54.4, 1.8
FILLER_19_276, 136.14, 54.4, 1.8
FILLER_19_290, 136.14, 54.4, 1.8
edgedetect.dly200cell.genblk1\[12\].mux1, 136.14, 54.4, 1.8
edgedetect.dly200cell.genblk1\[14\].delay_unit, 136.14, 54.4, 1.8
edgedetect.dly200cell.genblk1\[14\].mux1, 136.14, 54.4, 1.8
FILLER_18_325, 158.713, 54.4, 1.8
FILLER_18_332, 158.713, 54.4, 1.8
FILLER_19_330, 158.713, 54.4, 1.8
FILLER_20_337, 158.713, 54.4, 1.8
_270_, 158.713, 54.4, 1.8
_272_, 158.713, 54.4, 1.8
_276_, 158.713, 54.4, 1.8
FILLER_19_361, 169.286, 54.4, 1.8
FILLER_19_369, 169.286, 54.4, 1.8
FILLER_17_10, 4.14, 48.96, 1.8
FILLER_18_3, 4.14, 48.96, 1.8
PHY_32, 4.14, 48.96, 1.8
PHY_34, 4.14, 48.96, 1.8
_187_, 4.14, 48.96, 1.8
_243_, 4.14, 48.96, 1.8
FILLER_17_373, 179.86, 48.96, 1.8
PHY_33, 179.86, 48.96, 1.8
PHY_35, 179.86, 48.96, 1.8
FILLER_16_16, 16.14, 48.96, 1.8
FILLER_17_19, 16.14, 48.96, 1.8
FILLER_17_28, 16.14, 48.96, 1.8
_185_, 16.14, 48.96, 1.8
_192_, 16.14, 48.96, 1.8
edgedetect.dly200cell.genblk1\[35\].mux1, 16.14, 48.96, 1.8
edgedetect.dly200cell.genblk1\[36\].delay_unit, 16.14, 48.96, 1.8
edgedetect.dly200cell.genblk1\[39\].mux1, 16.14, 48.96, 1.8
FILLER_16_51, 28.14, 48.96, 1.8
FILLER_17_57, 28.14, 48.96, 1.8
FILLER_18_58, 28.14, 48.96, 1.8
_275_, 28.14, 48.96, 1.8
edgedetect.dly200cell.genblk1\[37\].mux1, 28.14, 48.96, 1.8
edgedetect.dly200cell.genblk1\[38\].mux1, 28.14, 48.96, 1.8
FILLER_17_74, 40.14, 48.96, 1.8
FILLER_17_85, 40.14, 48.96, 1.8
FILLER_18_80, 40.14, 48.96, 1.8
_199_, 40.14, 48.96, 1.8
_277_, 40.14, 48.96, 1.8
edgedetect.dly200cell.genblk1\[1\].delay_unit, 40.14, 48.96, 1.8
FILLER_17_134, 64.14, 48.96, 1.8
FILLER_18_141, 64.14, 48.96, 1.8
_195_, 64.14, 48.96, 1.8
_436_, 64.14, 48.96, 1.8
_439_, 64.14, 48.96, 1.8
edgedetect.dly200cell.genblk1\[2\].delay_unit, 64.14, 48.96, 1.8
FILLER_16_148, 76.14, 48.96, 1.8
FILLER_17_145, 76.14, 48.96, 1.8
FILLER_17_158, 76.14, 48.96, 1.8
FILLER_17_169, 76.14, 48.96, 1.8
FILLER_18_167, 76.14, 48.96, 1.8
_200_, 76.14, 48.96, 1.8
_437_, 76.14, 48.96, 1.8
edgedetect.dly200cell.genblk1\[3\].mux1, 76.14, 48.96, 1.8
FILLER_17_192, 88.14, 48.96, 1.8
FILLER_18_184, 88.14, 48.96, 1.8
FILLER_18_195, 88.14, 48.96, 1.8
_208_, 88.14, 48.96, 1.8
_306_, 88.14, 48.96, 1.8
edgedetect.dly200cell.genblk1\[4\].mux1, 88.14, 48.96, 1.8
FILLER_17_205, 100.14, 48.96, 1.8
FILLER_18_218, 100.14, 48.96, 1.8
_205_, 100.14, 48.96, 1.8
edgedetect.dly200cell.genblk1\[5\].mux1, 100.14, 48.96, 1.8
edgedetect.dly200cell.genblk1\[6\].delay_unit, 100.14, 48.96, 1.8
FILLER_16_229, 112.14, 48.96, 1.8
FILLER_17_234, 112.14, 48.96, 1.8
FILLER_17_243, 112.14, 48.96, 1.8
edgedetect.dly200cell.genblk1\[6\].and1, 112.14, 48.96, 1.8
edgedetect.dly200cell.genblk1\[7\].and1, 112.14, 48.96, 1.8
FILLER_17_249, 124.14, 48.96, 1.8
FILLER_18_271, 124.14, 48.96, 1.8
clkgen.delay_100ns_3.genblk1\[11\].delay_unit, 124.14, 48.96, 1.8
edgedetect.dly200cell.genblk1\[15\].delay_unit, 124.14, 48.96, 1.8
edgedetect.dly200cell.genblk1\[15\].mux1, 124.14, 48.96, 1.8
FILLER_16_285, 136.14, 48.96, 1.8
FILLER_17_280, 136.14, 48.96, 1.8
FILLER_17_289, 136.14, 48.96, 1.8
_308_, 136.14, 48.96, 1.8
_316_, 136.14, 48.96, 1.8
edgedetect.dly200cell.genblk1\[13\].mux1, 136.14, 48.96, 1.8
FILLER_16_331, 158.713, 48.96, 1.8
FILLER_17_330, 158.713, 48.96, 1.8
_278_, 158.713, 48.96, 1.8
_280_, 158.713, 48.96, 1.8
_281_, 158.713, 48.96, 1.8
FILLER_17_361, 169.286, 48.96, 1.8
FILLER_17_369, 169.286, 48.96, 1.8
FILLER_15_3, 4.14, 43.52, 1.8
FILLER_16_3, 4.14, 43.52, 1.8
PHY_28, 4.14, 43.52, 1.8
PHY_30, 4.14, 43.52, 1.8
clkgen.delay_100ns_2.genblk1\[19\].delay_unit, 4.14, 43.52, 1.8
edgedetect.dly200cell.genblk1\[37\].and1, 4.14, 43.52, 1.8
FILLER_14_371, 179.86, 43.52, 1.8
FILLER_15_373, 179.86, 43.52, 1.8
PHY_29, 179.86, 43.52, 1.8
PHY_31, 179.86, 43.52, 1.8
FILLER_14_16, 16.14, 43.52, 1.8
FILLER_15_31, 16.14, 43.52, 1.8
FILLER_16_32, 16.14, 43.52, 1.8
FILLER_16_38, 16.14, 43.52, 1.8
_190_, 16.14, 43.52, 1.8
clkgen.delay_100ns_2.genblk1\[19\].mux1, 16.14, 43.52, 1.8
edgedetect.dly200cell.genblk1\[38\].delay_unit, 16.14, 43.52, 1.8
FILLER_14_43, 28.14, 43.52, 1.8
FILLER_14_50, 28.14, 43.52, 1.8
FILLER_15_63, 28.14, 43.52, 1.8
_353_, 28.14, 43.52, 1.8
edgedetect.dly200cell.genblk1\[37\].delay_unit, 28.14, 43.52, 1.8
FILLER_15_76, 40.14, 43.52, 1.8
FILLER_15_85, 40.14, 43.52, 1.8
FILLER_16_80, 40.14, 43.52, 1.8
_434_, 40.14, 43.52, 1.8
clkgen.delay_100ns_2.genblk1\[17\].mux1, 40.14, 43.52, 1.8
edgedetect.dly200cell.genblk1\[0\].delay_unit, 40.14, 43.52, 1.8
edgedetect.dly200cell.genblk1\[17\].and1, 40.14, 43.52, 1.8
FILLER_14_118, 64.14, 43.52, 1.8
FILLER_14_127, 64.14, 43.52, 1.8
FILLER_15_132, 64.14, 43.52, 1.8
_283_, 64.14, 43.52, 1.8
_289_, 64.14, 43.52, 1.8
clkgen.delay_100ns_3.genblk1\[1\].and1, 64.14, 43.52, 1.8
edgedetect.dly200cell.genblk1\[3\].delay_unit, 64.14, 43.52, 1.8
FILLER_14_156, 76.14, 43.52, 1.8
FILLER_15_161, 76.14, 43.52, 1.8
_291_, 76.14, 43.52, 1.8
edgedetect.dly200cell.genblk1\[2\].mux1, 76.14, 43.52, 1.8
edgedetect.dly200cell.genblk1\[4\].delay_unit, 76.14, 43.52, 1.8
FILLER_14_173, 88.14, 43.52, 1.8
FILLER_15_173, 88.14, 43.52, 1.8
FILLER_15_183, 88.14, 43.52, 1.8
FILLER_15_194, 88.14, 43.52, 1.8
FILLER_16_183, 88.14, 43.52, 1.8
_290_, 88.14, 43.52, 1.8
_293_, 88.14, 43.52, 1.8
_294_, 88.14, 43.52, 1.8
edgedetect.dly200cell.genblk1\[5\].and1, 88.14, 43.52, 1.8
edgedetect.dly200cell.genblk1\[5\].delay_unit, 88.14, 43.52, 1.8
FILLER_15_212, 100.14, 43.52, 1.8
FILLER_16_212, 100.14, 43.52, 1.8
_305_, 100.14, 43.52, 1.8
clkgen.delay_100ns_3.genblk1\[9\].mux1, 100.14, 43.52, 1.8
edgedetect.dly200cell.genblk1\[6\].mux1, 100.14, 43.52, 1.8
FILLER_14_225, 112.14, 43.52, 1.8
FILLER_15_225, 112.14, 43.52, 1.8
FILLER_15_235, 112.14, 43.52, 1.8
FILLER_16_238, 112.14, 43.52, 1.8
_309_, 112.14, 43.52, 1.8
clkgen.delay_100ns_3.genblk1\[10\].and1, 112.14, 43.52, 1.8
clkgen.delay_100ns_3.genblk1\[10\].delay_unit, 112.14, 43.52, 1.8
FILLER_14_255, 124.14, 43.52, 1.8
FILLER_15_260, 124.14, 43.52, 1.8
FILLER_15_273, 124.14, 43.52, 1.8
FILLER_16_273, 124.14, 43.52, 1.8
_313_, 124.14, 43.52, 1.8
clkgen.delay_100ns_3.genblk1\[10\].mux1, 124.14, 43.52, 1.8
clkgen.delay_100ns_3.genblk1\[11\].mux1, 124.14, 43.52, 1.8
_455_, 136.14, 43.52, 1.8
clkgen.delay_100ns_3.genblk1\[12\].delay_unit, 136.14, 43.52, 1.8
edgedetect.dly200cell.genblk1\[13\].delay_unit, 136.14, 43.52, 1.8
FILLER_14_332, 158.713, 43.52, 1.8
FILLER_15_329, 158.713, 43.52, 1.8
FILLER_15_336, 158.713, 43.52, 1.8
_310_, 158.713, 43.52, 1.8
_315_, 158.713, 43.52, 1.8
_429_, 158.713, 43.52, 1.8
_430_, 158.713, 43.52, 1.8
FILLER_15_367, 169.286, 43.52, 1.8
FILLER_13_3, 4.14, 38.08, 1.8
FILLER_13_9, 4.14, 38.08, 1.8
FILLER_14_3, 4.14, 38.08, 1.8
PHY_24, 4.14, 38.08, 1.8
PHY_26, 4.14, 38.08, 1.8
_370_, 4.14, 38.08, 1.8
_431_, 4.14, 38.08, 1.8
clkgen.delay_100ns_2.genblk1\[15\].and1, 4.14, 38.08, 1.8
FILLER_12_371, 179.86, 38.08, 1.8
FILLER_13_373, 179.86, 38.08, 1.8
PHY_25, 179.86, 38.08, 1.8
PHY_27, 179.86, 38.08, 1.8
FILLER_12_18, 16.14, 38.08, 1.8
FILLER_13_18, 16.14, 38.08, 1.8
_375_, 16.14, 38.08, 1.8
clkgen.delay_100ns_2.genblk1\[18\].delay_unit, 16.14, 38.08, 1.8
clkgen.delay_100ns_2.genblk1\[18\].mux1, 16.14, 38.08, 1.8
FILLER_12_44, 28.14, 38.08, 1.8
FILLER_13_47, 28.14, 38.08, 1.8
FILLER_13_63, 28.14, 38.08, 1.8
FILLER_14_59, 28.14, 38.08, 1.8
clkgen.delay_100ns_2.genblk1\[17\].and1, 28.14, 38.08, 1.8
clkgen.delay_100ns_2.genblk1\[17\].delay_unit, 28.14, 38.08, 1.8
edgedetect.dly200cell.genblk1\[0\].and1, 28.14, 38.08, 1.8
edgedetect.dly200cell.genblk1\[1\].and1, 28.14, 38.08, 1.8
FILLER_14_88, 40.14, 38.08, 1.8
clkgen.delay_100ns_2.genblk1\[16\].delay_unit, 40.14, 38.08, 1.8
FILLER_13_125, 64.14, 38.08, 1.8
FILLER_13_138, 64.14, 38.08, 1.8
FILLER_14_138, 64.14, 38.08, 1.8
_286_, 64.14, 38.08, 1.8
clkgen.delay_100ns_3.genblk1\[0\].mux1, 64.14, 38.08, 1.8
clkgen.delay_100ns_3.genblk1\[1\].delay_unit, 64.14, 38.08, 1.8
FILLER_12_150, 76.14, 38.08, 1.8
FILLER_12_156, 76.14, 38.08, 1.8
FILLER_13_168, 76.14, 38.08, 1.8
FILLER_14_166, 76.14, 38.08, 1.8
_284_, 76.14, 38.08, 1.8
FILLER_13_179, 88.14, 38.08, 1.8
FILLER_13_187, 88.14, 38.08, 1.8
FILLER_13_193, 88.14, 38.08, 1.8
FILLER_14_184, 88.14, 38.08, 1.8
_288_, 88.14, 38.08, 1.8
_304_, 88.14, 38.08, 1.8
clkgen.delay_100ns_3.genblk1\[2\].mux1, 88.14, 38.08, 1.8
clkgen.delay_100ns_3.genblk1\[9\].delay_unit, 88.14, 38.08, 1.8
FILLER_12_202, 100.14, 38.08, 1.8
FILLER_13_204, 100.14, 38.08, 1.8
_303_, 100.14, 38.08, 1.8
_453_, 100.14, 38.08, 1.8
clkgen.delay_100ns_3.genblk1\[8\].delay_unit, 100.14, 38.08, 1.8
clkgen.delay_100ns_3.genblk1\[9\].and1, 100.14, 38.08, 1.8
FILLER_13_233, 112.14, 38.08, 1.8
_454_, 112.14, 38.08, 1.8
clkgen.delay_100ns_3.genblk1\[7\].delay_unit, 112.14, 38.08, 1.8
FILLER_12_249, 124.14, 38.08, 1.8
FILLER_12_260, 124.14, 38.08, 1.8
FILLER_13_258, 124.14, 38.08, 1.8
FILLER_13_271, 124.14, 38.08, 1.8
FILLER_14_266, 124.14, 38.08, 1.8
_297_, 124.14, 38.08, 1.8
_300_, 124.14, 38.08, 1.8
_307_, 124.14, 38.08, 1.8
_312_, 124.14, 38.08, 1.8
FILLER_13_282, 136.14, 38.08, 1.8
FILLER_13_293, 136.14, 38.08, 1.8
FILLER_14_289, 136.14, 38.08, 1.8
_314_, 136.14, 38.08, 1.8
_318_, 136.14, 38.08, 1.8
_320_, 136.14, 38.08, 1.8
clkgen.delay_100ns_3.genblk1\[13\].mux1, 136.14, 38.08, 1.8
clkgen.delay_100ns_3.genblk1\[14\].mux1, 136.14, 38.08, 1.8
FILLER_12_332, 158.713, 38.08, 1.8
FILLER_13_338, 158.713, 38.08, 1.8
_317_, 158.713, 38.08, 1.8
_319_, 158.713, 38.08, 1.8
_376_, 158.713, 38.08, 1.8
_379_, 158.713, 38.08, 1.8
ANTENNA_10, 169.286, 38.08, 1.8
_378_, 169.286, 38.08, 1.8
FILLER_11_12, 4.14, 32.64, 1.8
FILLER_11_3, 4.14, 32.64, 1.8
FILLER_12_3, 4.14, 32.64, 1.8
FILLER_12_9, 4.14, 32.64, 1.8
PHY_20, 4.14, 32.64, 1.8
PHY_22, 4.14, 32.64, 1.8
_336_, 4.14, 32.64, 1.8
_357_, 4.14, 32.64, 1.8
_365_, 4.14, 32.64, 1.8
FILLER_11_373, 179.86, 32.64, 1.8
PHY_21, 179.86, 32.64, 1.8
PHY_23, 179.86, 32.64, 1.8
FILLER_10_16, 16.14, 32.64, 1.8
FILLER_12_32, 16.14, 32.64, 1.8
clkgen.delay_100ns_2.genblk1\[13\].mux1, 16.14, 32.64, 1.8
clkgen.delay_100ns_2.genblk1\[14\].delay_unit, 16.14, 32.64, 1.8
clkgen.delay_100ns_2.genblk1\[16\].and1, 16.14, 32.64, 1.8
FILLER_10_43, 28.14, 32.64, 1.8
FILLER_11_41, 28.14, 32.64, 1.8
FILLER_11_49, 28.14, 32.64, 1.8
FILLER_11_63, 28.14, 32.64, 1.8
FILLER_12_53, 28.14, 32.64, 1.8
_346_, 28.14, 32.64, 1.8
_348_, 28.14, 32.64, 1.8
_371_, 28.14, 32.64, 1.8
clkgen.delay_100ns_2.genblk1\[15\].delay_unit, 28.14, 32.64, 1.8
FILLER_10_78, 40.14, 32.64, 1.8
FILLER_11_69, 40.14, 32.64, 1.8
FILLER_11_82, 40.14, 32.64, 1.8
FILLER_12_82, 40.14, 32.64, 1.8
_355_, 40.14, 32.64, 1.8
_369_, 40.14, 32.64, 1.8
clkgen.delay_100ns_2.genblk1\[15\].mux1, 40.14, 32.64, 1.8
clkgen.delay_100ns_2.genblk1\[16\].mux1, 40.14, 32.64, 1.8
edgedetect.dly200cell.genblk1\[16\].and1, 40.14, 32.64, 1.8
FILLER_12_137, 64.14, 32.64, 1.8
clkgen.delay_100ns_2.genblk1\[8\].delay_unit, 64.14, 32.64, 1.8
clkgen.delay_100ns_2.genblk1\[9\].mux1, 64.14, 32.64, 1.8
FILLER_10_156, 76.14, 32.64, 1.8
FILLER_11_152, 76.14, 32.64, 1.8
FILLER_12_168, 76.14, 32.64, 1.8
_451_, 76.14, 32.64, 1.8
clkgen.delay_100ns_3.genblk1\[1\].mux1, 76.14, 32.64, 1.8
clkgen.delay_100ns_3.genblk1\[2\].delay_unit, 76.14, 32.64, 1.8
FILLER_12_185, 88.14, 32.64, 1.8
_295_, 88.14, 32.64, 1.8
clkgen.delay_100ns_3.genblk1\[3\].delay_unit, 88.14, 32.64, 1.8
clkgen.delay_100ns_3.genblk1\[3\].mux1, 88.14, 32.64, 1.8
FILLER_10_199, 100.14, 32.64, 1.8
FILLER_11_198, 100.14, 32.64, 1.8
FILLER_11_212, 100.14, 32.64, 1.8
FILLER_12_213, 100.14, 32.64, 1.8
FILLER_12_218, 100.14, 32.64, 1.8
clkgen.delay_100ns_3.genblk1\[4\].mux1, 100.14, 32.64, 1.8
clkgen.delay_100ns_3.genblk1\[8\].and1, 100.14, 32.64, 1.8
clkgen.delay_100ns_3.genblk1\[8\].mux1, 100.14, 32.64, 1.8
FILLER_10_225, 112.14, 32.64, 1.8
FILLER_11_225, 112.14, 32.64, 1.8
FILLER_11_240, 112.14, 32.64, 1.8
clkgen.delay_100ns_3.genblk1\[7\].mux1, 112.14, 32.64, 1.8
FILLER_10_260, 124.14, 32.64, 1.8
FILLER_11_260, 124.14, 32.64, 1.8
FILLER_11_269, 124.14, 32.64, 1.8
FILLER_12_267, 124.14, 32.64, 1.8
_302_, 124.14, 32.64, 1.8
_311_, 124.14, 32.64, 1.8
clkgen.delay_100ns_3.genblk1\[6\].and1, 124.14, 32.64, 1.8
clkgen.delay_100ns_3.genblk1\[6\].mux1, 124.14, 32.64, 1.8
FILLER_10_276, 136.14, 32.64, 1.8
FILLER_10_285, 136.14, 32.64, 1.8
FILLER_11_286, 136.14, 32.64, 1.8
FILLER_11_295, 136.14, 32.64, 1.8
FILLER_12_290, 136.14, 32.64, 1.8
_301_, 136.14, 32.64, 1.8
_322_, 136.14, 32.64, 1.8
_325_, 136.14, 32.64, 1.8
clkgen.delay_100ns_3.genblk1\[15\].mux1, 136.14, 32.64, 1.8
clkgen.delay_100ns_3.genblk1\[16\].mux1, 136.14, 32.64, 1.8
FILLER_10_327, 158.713, 32.64, 1.8
FILLER_10_336, 158.713, 32.64, 1.8
FILLER_11_327, 158.713, 32.64, 1.8
FILLER_11_336, 158.713, 32.64, 1.8
FILLER_11_343, 158.713, 32.64, 1.8
_321_, 158.713, 32.64, 1.8
_328_, 158.713, 32.64, 1.8
_366_, 158.713, 32.64, 1.8
_368_, 158.713, 32.64, 1.8
clkgen.delay_100ns_3.genblk1\[15\].and1, 158.713, 32.64, 1.8
FILLER_11_362, 169.286, 32.64, 1.8
_329_, 169.286, 32.64, 1.8
FILLER_10_3, 4.14, 27.2, 1.8
FILLER_9_3, 4.14, 27.2, 1.8
PHY_16, 4.14, 27.2, 1.8
PHY_18, 4.14, 27.2, 1.8
_363_, 4.14, 27.2, 1.8
clkgen.delay_100ns_2.genblk1\[13\].delay_unit, 4.14, 27.2, 1.8
FILLER_9_373, 179.86, 27.2, 1.8
PHY_17, 179.86, 27.2, 1.8
PHY_19, 179.86, 27.2, 1.8
FILLER_8_18, 16.14, 27.2, 1.8
FILLER_9_34, 16.14, 27.2, 1.8
_342_, 16.14, 27.2, 1.8
clkgen.delay_100ns_2.genblk1\[12\].mux1, 16.14, 27.2, 1.8
clkgen.delay_100ns_2.genblk1\[14\].mux1, 16.14, 27.2, 1.8
FILLER_10_54, 28.14, 27.2, 1.8
FILLER_10_65, 28.14, 27.2, 1.8
FILLER_8_43, 28.14, 27.2, 1.8
FILLER_9_48, 28.14, 27.2, 1.8
FILLER_9_59, 28.14, 27.2, 1.8
FILLER_9_63, 28.14, 27.2, 1.8
_361_, 28.14, 27.2, 1.8
_367_, 28.14, 27.2, 1.8
_461_, 28.14, 27.2, 1.8
FILLER_10_89, 40.14, 27.2, 1.8
FILLER_8_67, 40.14, 27.2, 1.8
FILLER_8_78, 40.14, 27.2, 1.8
FILLER_9_76, 40.14, 27.2, 1.8
FILLER_9_87, 40.14, 27.2, 1.8
_333_, 40.14, 27.2, 1.8
_337_, 40.14, 27.2, 1.8
_349_, 40.14, 27.2, 1.8
_352_, 40.14, 27.2, 1.8
_356_, 40.14, 27.2, 1.8
FILLER_10_140, 64.14, 27.2, 1.8
FILLER_8_130, 64.14, 27.2, 1.8
FILLER_9_125, 64.14, 27.2, 1.8
FILLER_9_138, 64.14, 27.2, 1.8
_452_, 64.14, 27.2, 1.8
clkgen.delay_100ns_2.genblk1\[8\].mux1, 64.14, 27.2, 1.8
FILLER_10_168, 76.14, 27.2, 1.8
FILLER_8_156, 76.14, 27.2, 1.8
FILLER_9_146, 76.14, 27.2, 1.8
FILLER_9_155, 76.14, 27.2, 1.8
clkgen.delay_100ns_2.genblk1\[5\].mux1, 76.14, 27.2, 1.8
clkgen.delay_100ns_2.genblk1\[7\].delay_unit, 76.14, 27.2, 1.8
clkgen.delay_100ns_2.genblk1\[7\].mux1, 76.14, 27.2, 1.8
clkgen.delay_100ns_3.genblk1\[2\].and1, 76.14, 27.2, 1.8
FILLER_9_187, 88.14, 27.2, 1.8
FILLER_9_193, 88.14, 27.2, 1.8
_296_, 88.14, 27.2, 1.8
FILLER_8_196, 100.14, 27.2, 1.8
_384_, 100.14, 27.2, 1.8
clkgen.delay_100ns_3.genblk1\[4\].and1, 100.14, 27.2, 1.8
clkgen.delay_100ns_3.genblk1\[4\].delay_unit, 100.14, 27.2, 1.8
FILLER_8_229, 112.14, 27.2, 1.8
FILLER_9_222, 112.14, 27.2, 1.8
FILLER_9_237, 112.14, 27.2, 1.8
_184_, 112.14, 27.2, 1.8
clkgen.delay_100ns_1.genblk1\[0\].and1, 112.14, 27.2, 1.8
clkgen.delay_100ns_3.genblk1\[6\].delay_unit, 112.14, 27.2, 1.8
clkgen.delay_100ns_3.genblk1\[7\].and1, 112.14, 27.2, 1.8
FILLER_10_269, 124.14, 27.2, 1.8
FILLER_9_260, 124.14, 27.2, 1.8
FILLER_9_273, 124.14, 27.2, 1.8
_287_, 124.14, 27.2, 1.8
clkgen.delay_100ns_3.genblk1\[5\].and1, 124.14, 27.2, 1.8
clkgen.delay_100ns_3.genblk1\[5\].mux1, 124.14, 27.2, 1.8
inbuf_3, 124.14, 27.2, 1.8
FILLER_8_274, 136.14, 27.2, 1.8
FILLER_9_282, 136.14, 27.2, 1.8
FILLER_9_294, 136.14, 27.2, 1.8
_282_, 136.14, 27.2, 1.8
_324_, 136.14, 27.2, 1.8
_326_, 136.14, 27.2, 1.8
clkgen.delay_100ns_3.genblk1\[16\].and1, 136.14, 27.2, 1.8
clkgen.delay_100ns_3.genblk1\[16\].delay_unit, 136.14, 27.2, 1.8
FILLER_10_347, 158.713, 27.2, 1.8
FILLER_8_330, 158.713, 27.2, 1.8
FILLER_9_338, 158.713, 27.2, 1.8
_323_, 158.713, 27.2, 1.8
_327_, 158.713, 27.2, 1.8
clkgen.delay_100ns_3.genblk1\[19\].and1, 158.713, 27.2, 1.8
FILLER_9_369, 169.286, 27.2, 1.8
FILLER_7_11, 4.14, 21.76, 1.8
FILLER_7_3, 4.14, 21.76, 1.8
FILLER_8_8, 4.14, 21.76, 1.8
PHY_12, 4.14, 21.76, 1.8
PHY_14, 4.14, 21.76, 1.8
_359_, 4.14, 21.76, 1.8
_362_, 4.14, 21.76, 1.8
edgedetect.dly200cell.genblk1\[38\].and1, 4.14, 21.76, 1.8
FILLER_7_373, 179.86, 21.76, 1.8
PHY_13, 179.86, 21.76, 1.8
PHY_15, 179.86, 21.76, 1.8
FILLER_6_16, 16.14, 21.76, 1.8
FILLER_7_20, 16.14, 21.76, 1.8
_331_, 16.14, 21.76, 1.8
clkgen.delay_100ns_2.genblk1\[0\].mux1, 16.14, 21.76, 1.8
clkgen.delay_100ns_2.genblk1\[12\].delay_unit, 16.14, 21.76, 1.8
clkgen.delay_100ns_2.genblk1\[1\].mux1, 16.14, 21.76, 1.8
FILLER_7_49, 28.14, 21.76, 1.8
FILLER_7_63, 28.14, 21.76, 1.8
FILLER_8_54, 28.14, 21.76, 1.8
_335_, 28.14, 21.76, 1.8
_360_, 28.14, 21.76, 1.8
FILLER_7_69, 40.14, 21.76, 1.8
FILLER_7_80, 40.14, 21.76, 1.8
FILLER_7_90, 40.14, 21.76, 1.8
_339_, 40.14, 21.76, 1.8
_344_, 40.14, 21.76, 1.8
_350_, 40.14, 21.76, 1.8
_456_, 40.14, 21.76, 1.8
clkgen.delay_100ns_2.genblk1\[3\].delay_unit, 40.14, 21.76, 1.8
FILLER_7_132, 64.14, 21.76, 1.8
FILLER_8_140, 64.14, 21.76, 1.8
clkgen.delay_100ns_2.genblk1\[5\].delay_unit, 64.14, 21.76, 1.8
clkgen.delay_100ns_2.genblk1\[7\].and1, 64.14, 21.76, 1.8
clkgen.delay_100ns_2.genblk1\[8\].and1, 64.14, 21.76, 1.8
FILLER_6_156, 76.14, 21.76, 1.8
FILLER_7_163, 76.14, 21.76, 1.8
_465_, 76.14, 21.76, 1.8
clkgen.delay_100ns_2.genblk1\[6\].delay_unit, 76.14, 21.76, 1.8
clkgen.delay_100ns_2.genblk1\[6\].mux1, 76.14, 21.76, 1.8
FILLER_6_182, 88.14, 21.76, 1.8
FILLER_7_176, 88.14, 21.76, 1.8
FILLER_8_187, 88.14, 21.76, 1.8
_292_, 88.14, 21.76, 1.8
_386_, 88.14, 21.76, 1.8
clkgen.delay_100ns_1.genblk1\[8\].mux1, 88.14, 21.76, 1.8
clkgen.delay_100ns_3.genblk1\[3\].and1, 88.14, 21.76, 1.8
FILLER_6_198, 100.14, 21.76, 1.8
FILLER_7_196, 100.14, 21.76, 1.8
FILLER_7_203, 100.14, 21.76, 1.8
FILLER_8_213, 100.14, 21.76, 1.8
_433_, 100.14, 21.76, 1.8
_462_, 100.14, 21.76, 1.8
clkgen.delay_100ns_1.genblk1\[0\].delay_unit, 100.14, 21.76, 1.8
clkgen.delay_100ns_1.genblk1\[0\].mux1, 100.14, 21.76, 1.8
FILLER_7_232, 112.14, 21.76, 1.8
FILLER_7_245, 112.14, 21.76, 1.8
FILLER_8_236, 112.14, 21.76, 1.8
clkgen.delay_100ns_1.genblk1\[1\].mux1, 112.14, 21.76, 1.8
clkgen.delay_100ns_3.genblk1\[5\].delay_unit, 112.14, 21.76, 1.8
FILLER_6_254, 124.14, 21.76, 1.8
FILLER_8_265, 124.14, 21.76, 1.8
_298_, 124.14, 21.76, 1.8
_463_, 124.14, 21.76, 1.8
clkgen.delay_100ns_1.genblk1\[2\].delay_unit, 124.14, 21.76, 1.8
clkgen.delay_100ns_1.genblk1\[2\].mux1, 124.14, 21.76, 1.8
FILLER_7_276, 136.14, 21.76, 1.8
FILLER_7_285, 136.14, 21.76, 1.8
FILLER_7_292, 136.14, 21.76, 1.8
FILLER_8_287, 136.14, 21.76, 1.8
_299_, 136.14, 21.76, 1.8
clkgen.delay_100ns_1.genblk1\[3\].and1, 136.14, 21.76, 1.8
clkgen.delay_100ns_1.genblk1\[3\].mux1, 136.14, 21.76, 1.8
clkgen.delay_100ns_3.genblk1\[17\].and1, 136.14, 21.76, 1.8
clkgen.delay_100ns_3.genblk1\[17\].delay_unit, 136.14, 21.76, 1.8
FILLER_6_336, 158.713, 21.76, 1.8
clkgen.delay_100ns_3.genblk1\[19\].mux1, 158.713, 21.76, 1.8
FILLER_7_352, 169.286, 21.76, 1.8
FILLER_7_368, 169.286, 21.76, 1.8
outbuf_2, 169.286, 21.76, 1.8
FILLER_5_3, 4.14, 16.32, 1.8
FILLER_5_9, 4.14, 16.32, 1.8
FILLER_6_3, 4.14, 16.32, 1.8
PHY_10, 4.14, 16.32, 1.8
PHY_8, 4.14, 16.32, 1.8
_392_, 4.14, 16.32, 1.8
_457_, 4.14, 16.32, 1.8
clkgen.delay_100ns_2.genblk1\[1\].delay_unit, 4.14, 16.32, 1.8
FILLER_5_373, 179.86, 16.32, 1.8
PHY_11, 179.86, 16.32, 1.8
PHY_9, 179.86, 16.32, 1.8
FILLER_4_20, 16.14, 16.32, 1.8
FILLER_5_38, 16.14, 16.32, 1.8
_340_, 16.14, 16.32, 1.8
clkgen.delay_100ns_2.genblk1\[0\].delay_unit, 16.14, 16.32, 1.8
outbuf_1, 16.14, 16.32, 1.8
FILLER_4_43, 28.14, 16.32, 1.8
FILLER_5_49, 28.14, 16.32, 1.8
FILLER_5_63, 28.14, 16.32, 1.8
FILLER_6_59, 28.14, 16.32, 1.8
_420_, 28.14, 16.32, 1.8
_424_, 28.14, 16.32, 1.8
clkgen.delay_100ns_2.genblk1\[2\].delay_unit, 28.14, 16.32, 1.8
FILLER_4_77, 40.14, 16.32, 1.8
FILLER_5_78, 40.14, 16.32, 1.8
clkgen.delay_100ns_2.genblk1\[2\].mux1, 40.14, 16.32, 1.8
clkgen.delay_100ns_2.genblk1\[3\].mux1, 40.14, 16.32, 1.8
FILLER_4_125, 64.14, 16.32, 1.8
FILLER_5_134, 64.14, 16.32, 1.8
FILLER_6_132, 64.14, 16.32, 1.8
FILLER_6_142, 64.14, 16.32, 1.8
_388_, 64.14, 16.32, 1.8
_391_, 64.14, 16.32, 1.8
_410_, 64.14, 16.32, 1.8
_412_, 64.14, 16.32, 1.8
clkgen.delay_100ns_2.genblk1\[6\].and1, 64.14, 16.32, 1.8
FILLER_5_144, 76.14, 16.32, 1.8
FILLER_5_155, 76.14, 16.32, 1.8
FILLER_6_169, 76.14, 16.32, 1.8
_401_, 76.14, 16.32, 1.8
_403_, 76.14, 16.32, 1.8
_405_, 76.14, 16.32, 1.8
clkgen.delay_100ns_1.genblk1\[8\].delay_unit, 76.14, 16.32, 1.8
FILLER_5_194, 88.14, 16.32, 1.8
_381_, 88.14, 16.32, 1.8
_382_, 88.14, 16.32, 1.8
FILLER_4_202, 100.14, 16.32, 1.8
FILLER_5_206, 100.14, 16.32, 1.8
FILLER_6_211, 100.14, 16.32, 1.8
_393_, 100.14, 16.32, 1.8
clkgen.delay_100ns_1.genblk1\[1\].delay_unit, 100.14, 16.32, 1.8
clkgen.delay_100ns_1.genblk1\[6\].delay_unit, 100.14, 16.32, 1.8
clkgen.delay_100ns_1.genblk1\[7\].mux1, 100.14, 16.32, 1.8
FILLER_4_229, 112.14, 16.32, 1.8
FILLER_5_235, 112.14, 16.32, 1.8
FILLER_5_244, 112.14, 16.32, 1.8
FILLER_6_245, 112.14, 16.32, 1.8
clkgen.delay_100ns_1.genblk1\[1\].and1, 112.14, 16.32, 1.8
clkgen.delay_100ns_2.genblk1\[13\].and1, 112.14, 16.32, 1.8
FILLER_5_256, 124.14, 16.32, 1.8
FILLER_6_268, 124.14, 16.32, 1.8
_389_, 124.14, 16.32, 1.8
clkgen.delay_100ns_1.genblk1\[2\].and1, 124.14, 16.32, 1.8
clkgen.delay_100ns_1.genblk1\[3\].delay_unit, 124.14, 16.32, 1.8
clkgen.delay_100ns_1.genblk1\[5\].delay_unit, 124.14, 16.32, 1.8
FILLER_4_275, 136.14, 16.32, 1.8
FILLER_5_286, 136.14, 16.32, 1.8
FILLER_5_293, 136.14, 16.32, 1.8
FILLER_6_291, 136.14, 16.32, 1.8
FILLER_6_298, 136.14, 16.32, 1.8
_183_, 136.14, 16.32, 1.8
_390_, 136.14, 16.32, 1.8
_464_, 136.14, 16.32, 1.8
clkgen.delay_100ns_1.genblk1\[5\].and1, 136.14, 16.32, 1.8
FILLER_5_364, 169.286, 16.32, 1.8
ANTENNA_7, 4.14, 10.88, 1.8
FILLER_3_8, 4.14, 10.88, 1.8
PHY_4, 4.14, 10.88, 1.8
PHY_6, 4.14, 10.88, 1.8
_372_, 4.14, 10.88, 1.8
clkgen.delay_100ns_1.genblk1\[19\].delay_unit, 4.14, 10.88, 1.8
clkgen.delay_100ns_2.genblk1\[18\].and1, 4.14, 10.88, 1.8
FILLER_3_373, 179.86, 10.88, 1.8
PHY_5, 179.86, 10.88, 1.8
PHY_7, 179.86, 10.88, 1.8
FILLER_2_16, 16.14, 10.88, 1.8
FILLER_3_37, 16.14, 10.88, 1.8
clkgen.delay_100ns_1.genblk1\[18\].mux1, 16.14, 10.88, 1.8
clkgen.delay_100ns_1.genblk1\[19\].mux1, 16.14, 10.88, 1.8
FILLER_2_48, 28.14, 10.88, 1.8
FILLER_3_47, 28.14, 10.88, 1.8
_347_, 28.14, 10.88, 1.8
clkgen.delay_100ns_1.genblk1\[15\].delay_unit, 28.14, 10.88, 1.8
clkgen.delay_100ns_1.genblk1\[15\].mux1, 28.14, 10.88, 1.8
clkgen.delay_100ns_1.genblk1\[16\].delay_unit, 28.14, 10.88, 1.8
FILLER_2_77, 40.14, 10.88, 1.8
FILLER_3_90, 40.14, 10.88, 1.8
FILLER_4_89, 40.14, 10.88, 1.8
_418_, 40.14, 10.88, 1.8
FILLER_2_130, 64.14, 10.88, 1.8
FILLER_3_133, 64.14, 10.88, 1.8
FILLER_4_136, 64.14, 10.88, 1.8
_409_, 64.14, 10.88, 1.8
_466_, 64.14, 10.88, 1.8
FILLER_3_149, 76.14, 10.88, 1.8
FILLER_3_160, 76.14, 10.88, 1.8
_407_, 76.14, 10.88, 1.8
clkgen.delay_100ns_1.genblk1\[11\].mux1, 76.14, 10.88, 1.8
clkgen.delay_100ns_1.genblk1\[9\].delay_unit, 76.14, 10.88, 1.8
clkgen.delay_100ns_1.genblk1\[9\].mux1, 76.14, 10.88, 1.8
FILLER_3_173, 88.14, 10.88, 1.8
FILLER_3_182, 88.14, 10.88, 1.8
FILLER_3_194, 88.14, 10.88, 1.8
FILLER_4_183, 88.14, 10.88, 1.8
FILLER_4_191, 88.14, 10.88, 1.8
_383_, 88.14, 10.88, 1.8
_398_, 88.14, 10.88, 1.8
clkgen.delay_100ns_1.genblk1\[8\].and1, 88.14, 10.88, 1.8
clkgen.delay_100ns_1.genblk1\[9\].and1, 88.14, 10.88, 1.8
FILLER_2_204, 100.14, 10.88, 1.8
_396_, 100.14, 10.88, 1.8
clkgen.delay_100ns_1.genblk1\[6\].mux1, 100.14, 10.88, 1.8
clkgen.delay_100ns_1.genblk1\[7\].and1, 100.14, 10.88, 1.8
clkgen.delay_100ns_1.genblk1\[7\].delay_unit, 100.14, 10.88, 1.8
FILLER_2_225, 112.14, 10.88, 1.8
FILLER_2_234, 112.14, 10.88, 1.8
FILLER_3_224, 112.14, 10.88, 1.8
FILLER_3_233, 112.14, 10.88, 1.8
FILLER_3_242, 112.14, 10.88, 1.8
FILLER_4_238, 112.14, 10.88, 1.8
FILLER_4_245, 112.14, 10.88, 1.8
_387_, 112.14, 10.88, 1.8
_423_, 112.14, 10.88, 1.8
clkgen.delay_100ns_2.genblk1\[0\].and1, 112.14, 10.88, 1.8
clkgen.delay_100ns_2.genblk1\[1\].and1, 112.14, 10.88, 1.8
FILLER_2_260, 124.14, 10.88, 1.8
FILLER_3_249, 124.14, 10.88, 1.8
clkgen.delay_100ns_1.genblk1\[4\].delay_unit, 124.14, 10.88, 1.8
clkgen.delay_100ns_1.genblk1\[5\].mux1, 124.14, 10.88, 1.8
FILLER_3_280, 136.14, 10.88, 1.8
FILLER_3_287, 136.14, 10.88, 1.8
FILLER_3_294, 136.14, 10.88, 1.8
FILLER_4_287, 136.14, 10.88, 1.8
FILLER_4_294, 136.14, 10.88, 1.8
_334_, 136.14, 10.88, 1.8
_341_, 136.14, 10.88, 1.8
_345_, 136.14, 10.88, 1.8
_397_, 136.14, 10.88, 1.8
_415_, 136.14, 10.88, 1.8
_428_, 136.14, 10.88, 1.8
FILLER_2_335, 158.713, 10.88, 1.8
ANTENNA_6, 4.14, 5.44, 1.8
FILLER_1_3, 4.14, 5.44, 1.8
FILLER_2_3, 4.14, 5.44, 1.8
PHY_0, 4.14, 5.44, 1.8
PHY_2, 4.14, 5.44, 1.8
_377_, 4.14, 5.44, 1.8
edgedetect.dly200cell.genblk1\[36\].and1, 4.14, 5.44, 1.8
edgedetect.dly200cell.genblk1\[39\].and1, 4.14, 5.44, 1.8
FILLER_0_373, 179.86, 5.44, 1.8
FILLER_1_373, 179.86, 5.44, 1.8
PHY_1, 179.86, 5.44, 1.8
PHY_3, 179.86, 5.44, 1.8
FILLER_0_20, 16.14, 5.44, 1.8
FILLER_1_15, 16.14, 5.44, 1.8
FILLER_1_24, 16.14, 5.44, 1.8
FILLER_2_32, 16.14, 5.44, 1.8
clkgen.delay_100ns_1.genblk1\[17\].delay_unit, 16.14, 5.44, 1.8
clkgen.delay_100ns_1.genblk1\[17\].mux1, 16.14, 5.44, 1.8
clkgen.delay_100ns_1.genblk1\[18\].delay_unit, 16.14, 5.44, 1.8
clkgen.delay_100ns_2.genblk1\[19\].and1, 16.14, 5.44, 1.8
clkgen.delay_100ns_2.genblk1\[2\].and1, 16.14, 5.44, 1.8
clkgen.delay_100ns_2.genblk1\[3\].and1, 16.14, 5.44, 1.8
FILLER_0_59, 28.14, 5.44, 1.8
FILLER_1_53, 28.14, 5.44, 1.8
FILLER_1_63, 28.14, 5.44, 1.8
_406_, 28.14, 5.44, 1.8
clkgen.delay_100ns_1.genblk1\[16\].mux1, 28.14, 5.44, 1.8
FILLER_0_74, 40.14, 5.44, 1.8
FILLER_0_83, 40.14, 5.44, 1.8
FILLER_2_90, 40.14, 5.44, 1.8
_332_, 40.14, 5.44, 1.8
_402_, 40.14, 5.44, 1.8
clkgen.delay_100ns_1.genblk1\[14\].delay_unit, 40.14, 5.44, 1.8
clkgen.delay_100ns_1.genblk1\[14\].mux1, 40.14, 5.44, 1.8
FILLER_0_119, 64.14, 5.44, 1.8
FILLER_0_132, 64.14, 5.44, 1.8
FILLER_0_141, 64.14, 5.44, 1.8
FILLER_1_132, 64.14, 5.44, 1.8
FILLER_1_141, 64.14, 5.44, 1.8
FILLER_2_140, 64.14, 5.44, 1.8
_380_, 64.14, 5.44, 1.8
_414_, 64.14, 5.44, 1.8
clkgen.delay_100ns_1.genblk1\[12\].and1, 64.14, 5.44, 1.8
clkgen.delay_100ns_1.genblk1\[13\].and1, 64.14, 5.44, 1.8
clkgen.delay_100ns_2.genblk1\[5\].and1, 64.14, 5.44, 1.8
FILLER_0_156, 76.14, 5.44, 1.8
FILLER_0_169, 76.14, 5.44, 1.8
clkgen.delay_100ns_1.genblk1\[10\].delay_unit, 76.14, 5.44, 1.8
clkgen.delay_100ns_1.genblk1\[10\].mux1, 76.14, 5.44, 1.8
clkgen.delay_100ns_1.genblk1\[11\].and1, 76.14, 5.44, 1.8
clkgen.delay_100ns_1.genblk1\[11\].delay_unit, 76.14, 5.44, 1.8
FILLER_0_178, 88.14, 5.44, 1.8
FILLER_0_194, 88.14, 5.44, 1.8
FILLER_1_170, 88.14, 5.44, 1.8
FILLER_1_179, 88.14, 5.44, 1.8
FILLER_1_194, 88.14, 5.44, 1.8
FILLER_2_183, 88.14, 5.44, 1.8
FILLER_2_192, 88.14, 5.44, 1.8
_373_, 88.14, 5.44, 1.8
clkgen.delay_100ns_1.genblk1\[10\].and1, 88.14, 5.44, 1.8
clkgen.delay_100ns_1.genblk1\[14\].and1, 88.14, 5.44, 1.8
clkgen.delay_100ns_2.genblk1\[12\].and1, 88.14, 5.44, 1.8
clkgen.delay_100ns_2.genblk1\[14\].and1, 88.14, 5.44, 1.8
FILLER_0_203, 100.14, 5.44, 1.8
FILLER_0_212, 100.14, 5.44, 1.8
FILLER_1_203, 100.14, 5.44, 1.8
FILLER_1_212, 100.14, 5.44, 1.8
FILLER_2_213, 100.14, 5.44, 1.8
_374_, 100.14, 5.44, 1.8
_422_, 100.14, 5.44, 1.8
_426_, 100.14, 5.44, 1.8
clkgen.delay_100ns_1.genblk1\[15\].and1, 100.14, 5.44, 1.8
clkgen.delay_100ns_1.genblk1\[16\].and1, 100.14, 5.44, 1.8
clkgen.delay_100ns_1.genblk1\[17\].and1, 100.14, 5.44, 1.8
clkgen.delay_100ns_1.genblk1\[6\].and1, 100.14, 5.44, 1.8
ANTENNA_3, 112.14, 5.44, 1.8
ANTENNA_9, 112.14, 5.44, 1.8
FILLER_0_234, 112.14, 5.44, 1.8
FILLER_0_241, 112.14, 5.44, 1.8
FILLER_1_238, 112.14, 5.44, 1.8
FILLER_1_245, 112.14, 5.44, 1.8
FILLER_2_243, 112.14, 5.44, 1.8
_268_, 112.14, 5.44, 1.8
_399_, 112.14, 5.44, 1.8
_400_, 112.14, 5.44, 1.8
clkgen.delay_100ns_1.genblk1\[18\].and1, 112.14, 5.44, 1.8
clkgen.delay_100ns_1.genblk1\[19\].and1, 112.14, 5.44, 1.8
outbuf_4, 112.14, 5.44, 1.8
FILLER_0_254, 124.14, 5.44, 1.8
FILLER_0_261, 124.14, 5.44, 1.8
FILLER_0_268, 124.14, 5.44, 1.8
FILLER_1_254, 124.14, 5.44, 1.8
FILLER_1_263, 124.14, 5.44, 1.8
FILLER_1_270, 124.14, 5.44, 1.8
FILLER_2_273, 124.14, 5.44, 1.8
_394_, 124.14, 5.44, 1.8
_404_, 124.14, 5.44, 1.8
_408_, 124.14, 5.44, 1.8
_413_, 124.14, 5.44, 1.8
_417_, 124.14, 5.44, 1.8
_419_, 124.14, 5.44, 1.8
clkgen.delay_100ns_1.genblk1\[4\].and1, 124.14, 5.44, 1.8
clkgen.delay_100ns_1.genblk1\[4\].mux1, 124.14, 5.44, 1.8
ANTENNA_1, 136.14, 5.44, 1.8
ANTENNA_12, 136.14, 5.44, 1.8
ANTENNA_5, 136.14, 5.44, 1.8
FILLER_0_275, 136.14, 5.44, 1.8
_343_, 136.14, 5.44, 1.8
_421_, 136.14, 5.44, 1.8
_425_, 136.14, 5.44, 1.8
_427_, 136.14, 5.44, 1.8
inbuf_1, 136.14, 5.44, 1.8
inbuf_2, 136.14, 5.44, 1.8
FILLER_0_335, 158.713, 5.44, 1.8
outbuf_6, 158.713, 5.44, 1.8
FILLER_0_366, 169.286, 5.44, 1.8

