First Layout: /foss/designs/SKY130_SAR-ADC/openlane/adc_clkgen_with_edgedetect/runs/RUN_2022.09.10_23.55.28/results/signoff/adc_clkgen_with_edgedetect.gds
Second Layout: /foss/designs/SKY130_SAR-ADC/openlane/adc_clkgen_with_edgedetect/runs/RUN_2022.09.10_23.55.28/results/signoff/adc_clkgen_with_edgedetect.klayout.gds
Design Name: adc_clkgen_with_edgedetect
Output GDS will be: /foss/designs/SKY130_SAR-ADC/openlane/adc_clkgen_with_edgedetect/runs/RUN_2022.09.10_23.55.28/reports/signoff/adc_clkgen_with_edgedetect.xor.xml
Reading /foss/designs/SKY130_SAR-ADC/openlane/adc_clkgen_with_edgedetect/runs/RUN_2022.09.10_23.55.28/results/signoff/adc_clkgen_with_edgedetect.gds ..
Reading /foss/designs/SKY130_SAR-ADC/openlane/adc_clkgen_with_edgedetect/runs/RUN_2022.09.10_23.55.28/results/signoff/adc_clkgen_with_edgedetect.klayout.gds ..
--- Running XOR for 122/16 ---
"input" in: xor.drc:38
    Polygons (raw): 707 (flat)  15 (hierarchical)
    Elapsed: 0.000s  Memory: 384.00M
"input" in: xor.drc:38
    Polygons (raw): 707 (flat)  15 (hierarchical)
    Elapsed: 0.000s  Memory: 384.00M
"^" in: xor.drc:38
    Polygons (raw): 0 (flat)  0 (hierarchical)
    Elapsed: 0.010s  Memory: 384.00M
XOR differences: 0
"output" in: xor.drc:40
    Polygons (raw): 0 (flat)  0 (hierarchical)
    Elapsed: 0.000s  Memory: 384.00M
--- Running XOR for 125/44 ---
"input" in: xor.drc:38
    Polygons (raw): 85 (flat)  1 (hierarchical)
    Elapsed: 0.000s  Memory: 384.00M
"input" in: xor.drc:38
    Polygons (raw): 85 (flat)  1 (hierarchical)
    Elapsed: 0.000s  Memory: 384.00M
"^" in: xor.drc:38
    Polygons (raw): 0 (flat)  0 (hierarchical)
    Elapsed: 0.000s  Memory: 384.00M
XOR differences: 0
"output" in: xor.drc:40
    Polygons (raw): 0 (flat)  0 (hierarchical)
    Elapsed: 0.010s  Memory: 384.00M
--- Running XOR for 235/4 ---
"input" in: xor.drc:38
    Polygons (raw): 86 (flat)  2 (hierarchical)
    Elapsed: 0.000s  Memory: 384.00M
"input" in: xor.drc:38
    Polygons (raw): 86 (flat)  2 (hierarchical)
    Elapsed: 0.000s  Memory: 384.00M
"^" in: xor.drc:38
    Polygons (raw): 0 (flat)  0 (hierarchical)
    Elapsed: 0.000s  Memory: 384.00M
XOR differences: 0
"output" in: xor.drc:40
    Polygons (raw): 0 (flat)  0 (hierarchical)
    Elapsed: 0.000s  Memory: 384.00M
--- Running XOR for 236/0 ---
"input" in: xor.drc:38
    Polygons (raw): 222 (flat)  8 (hierarchical)
    Elapsed: 0.000s  Memory: 384.00M
"input" in: xor.drc:38
    Polygons (raw): 222 (flat)  8 (hierarchical)
    Elapsed: 0.000s  Memory: 384.00M
"^" in: xor.drc:38
    Polygons (raw): 0 (flat)  0 (hierarchical)
    Elapsed: 0.000s  Memory: 384.00M
XOR differences: 0
"output" in: xor.drc:40
    Polygons (raw): 0 (flat)  0 (hierarchical)
    Elapsed: 0.010s  Memory: 384.00M
--- Running XOR for 64/16 ---
"input" in: xor.drc:38
    Polygons (raw): 707 (flat)  15 (hierarchical)
    Elapsed: 0.000s  Memory: 384.00M
"input" in: xor.drc:38
    Polygons (raw): 707 (flat)  15 (hierarchical)
    Elapsed: 0.000s  Memory: 384.00M
"^" in: xor.drc:38
    Polygons (raw): 0 (flat)  0 (hierarchical)
    Elapsed: 0.000s  Memory: 384.00M
XOR differences: 0
"output" in: xor.drc:40
    Polygons (raw): 0 (flat)  0 (hierarchical)
    Elapsed: 0.000s  Memory: 384.00M
--- Running XOR for 64/20 ---
"input" in: xor.drc:38
    Polygons (raw): 600 (flat)  14 (hierarchical)
    Elapsed: 0.000s  Memory: 384.00M
"input" in: xor.drc:38
    Polygons (raw): 600 (flat)  14 (hierarchical)
    Elapsed: 0.000s  Memory: 384.00M
"^" in: xor.drc:38
    Polygons (raw): 0 (flat)  0 (hierarchical)
    Elapsed: 0.000s  Memory: 384.00M
XOR differences: 0
"output" in: xor.drc:40
    Polygons (raw): 0 (flat)  0 (hierarchical)
    Elapsed: 0.000s  Memory: 384.00M
--- Running XOR for 64/5 ---
"input" in: xor.drc:38
    Polygons (raw): 0 (flat)  0 (hierarchical)
    Elapsed: 0.000s  Memory: 384.00M
"input" in: xor.drc:38
    Polygons (raw): 0 (flat)  0 (hierarchical)
    Elapsed: 0.000s  Memory: 384.00M
"^" in: xor.drc:38
    Polygons (raw): 0 (flat)  0 (hierarchical)
    Elapsed: 0.000s  Memory: 384.00M
XOR differences: 0
"output" in: xor.drc:40
    Polygons (raw): 0 (flat)  0 (hierarchical)
    Elapsed: 0.010s  Memory: 384.00M
--- Running XOR for 64/59 ---
"input" in: xor.drc:38
    Polygons (raw): 0 (flat)  0 (hierarchical)
    Elapsed: 0.000s  Memory: 384.00M
"input" in: xor.drc:38
    Polygons (raw): 0 (flat)  0 (hierarchical)
    Elapsed: 0.000s  Memory: 384.00M
"^" in: xor.drc:38
    Polygons (raw): 0 (flat)  0 (hierarchical)
    Elapsed: 0.000s  Memory: 384.00M
XOR differences: 0
"output" in: xor.drc:40
    Polygons (raw): 0 (flat)  0 (hierarchical)
    Elapsed: 0.000s  Memory: 384.00M
--- Running XOR for 65/20 ---
"input" in: xor.drc:38
    Polygons (raw): 1041 (flat)  25 (hierarchical)
    Elapsed: 0.000s  Memory: 384.00M
"input" in: xor.drc:38
    Polygons (raw): 1041 (flat)  25 (hierarchical)
    Elapsed: 0.000s  Memory: 384.00M
"^" in: xor.drc:38
    Polygons (raw): 0 (flat)  0 (hierarchical)
    Elapsed: 0.010s  Memory: 384.00M
XOR differences: 0
"output" in: xor.drc:40
    Polygons (raw): 0 (flat)  0 (hierarchical)
    Elapsed: 0.000s  Memory: 384.00M
--- Running XOR for 65/44 ---
"input" in: xor.drc:38
    Polygons (raw): 126 (flat)  2 (hierarchical)
    Elapsed: 0.000s  Memory: 384.00M
"input" in: xor.drc:38
    Polygons (raw): 126 (flat)  2 (hierarchical)
    Elapsed: 0.000s  Memory: 384.00M
"^" in: xor.drc:38
    Polygons (raw): 0 (flat)  0 (hierarchical)
    Elapsed: 0.000s  Memory: 384.00M
XOR differences: 0
"output" in: xor.drc:40
    Polygons (raw): 0 (flat)  0 (hierarchical)
    Elapsed: 0.000s  Memory: 384.00M
--- Running XOR for 66/20 ---
"input" in: xor.drc:38
    Polygons (raw): 2403 (flat)  43 (hierarchical)
    Elapsed: 0.000s  Memory: 384.00M
"input" in: xor.drc:38
    Polygons (raw): 2403 (flat)  43 (hierarchical)
    Elapsed: 0.010s  Memory: 384.00M
"^" in: xor.drc:38
    Polygons (raw): 0 (flat)  0 (hierarchical)
    Elapsed: 0.010s  Memory: 384.00M
XOR differences: 0
"output" in: xor.drc:40
    Polygons (raw): 0 (flat)  0 (hierarchical)
    Elapsed: 0.000s  Memory: 384.00M
--- Running XOR for 66/44 ---
"input" in: xor.drc:38
    Polygons (raw): 5316 (flat)  146 (hierarchical)
    Elapsed: 0.000s  Memory: 384.00M
"input" in: xor.drc:38
    Polygons (raw): 5316 (flat)  146 (hierarchical)
    Elapsed: 0.000s  Memory: 384.00M
"^" in: xor.drc:38
    Polygons (raw): 0 (flat)  0 (hierarchical)
    Elapsed: 0.020s  Memory: 384.00M
XOR differences: 0
"output" in: xor.drc:40
    Polygons (raw): 0 (flat)  0 (hierarchical)
    Elapsed: 0.000s  Memory: 384.00M
--- Running XOR for 67/16 ---
"input" in: xor.drc:38
    Polygons (raw): 183 (flat)  15 (hierarchical)
    Elapsed: 0.000s  Memory: 384.00M
"input" in: xor.drc:38
    Polygons (raw): 183 (flat)  15 (hierarchical)
    Elapsed: 0.000s  Memory: 384.00M
"^" in: xor.drc:38
    Polygons (raw): 0 (flat)  0 (hierarchical)
    Elapsed: 0.010s  Memory: 384.00M
XOR differences: 0
"output" in: xor.drc:40
    Polygons (raw): 0 (flat)  0 (hierarchical)
    Elapsed: 0.000s  Memory: 384.00M
--- Running XOR for 67/20 ---
"input" in: xor.drc:38
    Polygons (raw): 4382 (flat)  258 (hierarchical)
    Elapsed: 0.000s  Memory: 384.00M
"input" in: xor.drc:38
    Polygons (raw): 4382 (flat)  80 (hierarchical)
    Elapsed: 0.000s  Memory: 384.00M
"^" in: xor.drc:38
    Polygons (raw): 0 (flat)  0 (hierarchical)
    Elapsed: 0.040s  Memory: 384.00M
XOR differences: 0
"output" in: xor.drc:40
    Polygons (raw): 0 (flat)  0 (hierarchical)
    Elapsed: 0.000s  Memory: 384.00M
--- Running XOR for 67/44 ---
"input" in: xor.drc:38
    Polygons (raw): 8873 (flat)  355 (hierarchical)
    Elapsed: 0.000s  Memory: 384.00M
"input" in: xor.drc:38
    Polygons (raw): 8873 (flat)  177 (hierarchical)
    Elapsed: 0.000s  Memory: 384.00M
"^" in: xor.drc:38
    Polygons (raw): 0 (flat)  0 (hierarchical)
    Elapsed: 0.030s  Memory: 384.00M
XOR differences: 0
"output" in: xor.drc:40
    Polygons (raw): 0 (flat)  0 (hierarchical)
    Elapsed: 0.000s  Memory: 384.00M
--- Running XOR for 67/5 ---
"input" in: xor.drc:38
    Polygons (raw): 0 (flat)  0 (hierarchical)
    Elapsed: 0.010s  Memory: 384.00M
"input" in: xor.drc:38
    Polygons (raw): 0 (flat)  0 (hierarchical)
    Elapsed: 0.000s  Memory: 384.00M
"^" in: xor.drc:38
    Polygons (raw): 0 (flat)  0 (hierarchical)
    Elapsed: 0.000s  Memory: 384.00M
XOR differences: 0
"output" in: xor.drc:40
    Polygons (raw): 0 (flat)  0 (hierarchical)
    Elapsed: 0.000s  Memory: 384.00M
--- Running XOR for 68/16 ---
"input" in: xor.drc:38
    Polygons (raw): 1710 (flat)  34 (hierarchical)
    Elapsed: 0.000s  Memory: 384.00M
"input" in: xor.drc:38
    Polygons (raw): 1710 (flat)  34 (hierarchical)
    Elapsed: 0.000s  Memory: 384.00M
"^" in: xor.drc:38
    Polygons (raw): 0 (flat)  0 (hierarchical)
    Elapsed: 0.010s  Memory: 384.00M
XOR differences: 0
"output" in: xor.drc:40
    Polygons (raw): 0 (flat)  0 (hierarchical)
    Elapsed: 0.000s  Memory: 384.00M
--- Running XOR for 68/20 ---
"input" in: xor.drc:38
    Polygons (raw): 4010 (flat)  822 (hierarchical)
    Elapsed: 0.000s  Memory: 384.00M
"input" in: xor.drc:38
    Polygons (raw): 3935 (flat)  312 (hierarchical)
    Elapsed: 0.000s  Memory: 384.00M
"^" in: xor.drc:38
    Polygons (raw): 0 (flat)  0 (hierarchical)
    Elapsed: 0.020s  Memory: 386.00M
XOR differences: 0
"output" in: xor.drc:40
    Polygons (raw): 0 (flat)  0 (hierarchical)
    Elapsed: 0.000s  Memory: 386.00M
--- Running XOR for 68/44 ---
"input" in: xor.drc:38
    Polygons (raw): 509 (flat)  509 (hierarchical)
    Elapsed: 0.000s  Memory: 386.00M
"input" in: xor.drc:38
    Polygons (raw): 509 (flat)  7 (hierarchical)
    Elapsed: 0.010s  Memory: 386.00M
"^" in: xor.drc:38
    Polygons (raw): 0 (flat)  0 (hierarchical)
    Elapsed: 0.000s  Memory: 386.00M
XOR differences: 0
"output" in: xor.drc:40
    Polygons (raw): 0 (flat)  0 (hierarchical)
    Elapsed: 0.000s  Memory: 386.00M
--- Running XOR for 68/5 ---
"input" in: xor.drc:38
    Polygons (raw): 0 (flat)  0 (hierarchical)
    Elapsed: 0.000s  Memory: 386.00M
"input" in: xor.drc:38
    Polygons (raw): 0 (flat)  0 (hierarchical)
    Elapsed: 0.000s  Memory: 386.00M
"^" in: xor.drc:38
    Polygons (raw): 0 (flat)  0 (hierarchical)
    Elapsed: 0.000s  Memory: 386.00M
XOR differences: 0
"output" in: xor.drc:40
    Polygons (raw): 0 (flat)  0 (hierarchical)
    Elapsed: 0.000s  Memory: 386.00M
--- Running XOR for 69/20 ---
"input" in: xor.drc:38
    Polygons (raw): 448 (flat)  448 (hierarchical)
    Elapsed: 0.010s  Memory: 386.00M
"input" in: xor.drc:38
    Polygons (raw): 498 (flat)  168 (hierarchical)
    Elapsed: 0.000s  Memory: 386.00M
"^" in: xor.drc:38
    Polygons (raw): 0 (flat)  0 (hierarchical)
    Elapsed: 0.000s  Memory: 386.00M
XOR differences: 0
"output" in: xor.drc:40
    Polygons (raw): 0 (flat)  0 (hierarchical)
    Elapsed: 0.010s  Memory: 386.00M
--- Running XOR for 69/44 ---
"input" in: xor.drc:38
    Polygons (raw): 275 (flat)  275 (hierarchical)
    Elapsed: 0.000s  Memory: 386.00M
"input" in: xor.drc:38
    Polygons (raw): 275 (flat)  6 (hierarchical)
    Elapsed: 0.000s  Memory: 386.00M
"^" in: xor.drc:38
    Polygons (raw): 0 (flat)  0 (hierarchical)
    Elapsed: 0.000s  Memory: 386.00M
XOR differences: 0
"output" in: xor.drc:40
    Polygons (raw): 0 (flat)  0 (hierarchical)
    Elapsed: 0.000s  Memory: 386.00M
--- Running XOR for 70/16 ---
"input" in: xor.drc:38
    Polygons (raw): 5 (flat)  5 (hierarchical)
    Elapsed: 0.000s  Memory: 386.00M
"input" in: xor.drc:38
    Polygons (raw): 5 (flat)  5 (hierarchical)
    Elapsed: 0.000s  Memory: 386.00M
"^" in: xor.drc:38
    Polygons (raw): 0 (flat)  0 (hierarchical)
    Elapsed: 0.000s  Memory: 386.00M
XOR differences: 0
"output" in: xor.drc:40
    Polygons (raw): 0 (flat)  0 (hierarchical)
    Elapsed: 0.010s  Memory: 386.00M
--- Running XOR for 70/20 ---
"input" in: xor.drc:38
    Polygons (raw): 125 (flat)  125 (hierarchical)
    Elapsed: 0.000s  Memory: 386.00M
"input" in: xor.drc:38
    Polygons (raw): 190 (flat)  68 (hierarchical)
    Elapsed: 0.000s  Memory: 386.00M
"^" in: xor.drc:38
    Polygons (raw): 5 (flat)  5 (hierarchical)
    Elapsed: 0.000s  Memory: 386.00M
XOR differences: 5
"output" in: xor.drc:40
    Polygons (raw): 5 (flat)  5 (hierarchical)
    Elapsed: 0.000s  Memory: 386.00M
--- Running XOR for 70/44 ---
"input" in: xor.drc:38
    Polygons (raw): 250 (flat)  250 (hierarchical)
    Elapsed: 0.000s  Memory: 386.00M
"input" in: xor.drc:38
    Polygons (raw): 250 (flat)  5 (hierarchical)
    Elapsed: 0.000s  Memory: 386.00M
"^" in: xor.drc:38
    Polygons (raw): 0 (flat)  0 (hierarchical)
    Elapsed: 0.000s  Memory: 386.00M
XOR differences: 0
"output" in: xor.drc:40
    Polygons (raw): 0 (flat)  0 (hierarchical)
    Elapsed: 0.010s  Memory: 386.00M
--- Running XOR for 70/5 ---
"input" in: xor.drc:38
    Polygons (raw): 0 (flat)  0 (hierarchical)
    Elapsed: 0.000s  Memory: 386.00M
"input" in: xor.drc:38
    Polygons (raw): 0 (flat)  0 (hierarchical)
    Elapsed: 0.000s  Memory: 386.00M
"^" in: xor.drc:38
    Polygons (raw): 0 (flat)  0 (hierarchical)
    Elapsed: 0.000s  Memory: 386.00M
XOR differences: 0
"output" in: xor.drc:40
    Polygons (raw): 0 (flat)  0 (hierarchical)
    Elapsed: 0.000s  Memory: 386.00M
--- Running XOR for 71/16 ---
"input" in: xor.drc:38
    Polygons (raw): 5 (flat)  5 (hierarchical)
    Elapsed: 0.000s  Memory: 386.00M
"input" in: xor.drc:38
    Polygons (raw): 5 (flat)  5 (hierarchical)
    Elapsed: 0.000s  Memory: 386.00M
"^" in: xor.drc:38
    Polygons (raw): 0 (flat)  0 (hierarchical)
    Elapsed: 0.000s  Memory: 386.00M
XOR differences: 0
"output" in: xor.drc:40
    Polygons (raw): 0 (flat)  0 (hierarchical)
    Elapsed: 0.000s  Memory: 386.00M
--- Running XOR for 71/20 ---
"input" in: xor.drc:38
    Polygons (raw): 5 (flat)  5 (hierarchical)
    Elapsed: 0.010s  Memory: 386.00M
"input" in: xor.drc:38
    Polygons (raw): 55 (flat)  6 (hierarchical)
    Elapsed: 0.000s  Memory: 386.00M
"^" in: xor.drc:38
    Polygons (raw): 0 (flat)  0 (hierarchical)
    Elapsed: 0.000s  Memory: 386.00M
XOR differences: 0
"output" in: xor.drc:40
    Polygons (raw): 0 (flat)  0 (hierarchical)
    Elapsed: 0.000s  Memory: 386.00M
--- Running XOR for 71/5 ---
"input" in: xor.drc:38
    Polygons (raw): 0 (flat)  0 (hierarchical)
    Elapsed: 0.000s  Memory: 386.00M
"input" in: xor.drc:38
    Polygons (raw): 0 (flat)  0 (hierarchical)
    Elapsed: 0.000s  Memory: 386.00M
"^" in: xor.drc:38
    Polygons (raw): 0 (flat)  0 (hierarchical)
    Elapsed: 0.000s  Memory: 386.00M
XOR differences: 0
"output" in: xor.drc:40
    Polygons (raw): 0 (flat)  0 (hierarchical)
    Elapsed: 0.000s  Memory: 386.00M
--- Running XOR for 78/44 ---
"input" in: xor.drc:38
    Polygons (raw): 345 (flat)  11 (hierarchical)
    Elapsed: 0.000s  Memory: 386.00M
"input" in: xor.drc:38
    Polygons (raw): 345 (flat)  11 (hierarchical)
    Elapsed: 0.000s  Memory: 386.00M
"^" in: xor.drc:38
    Polygons (raw): 0 (flat)  0 (hierarchical)
    Elapsed: 0.010s  Memory: 386.00M
XOR differences: 0
"output" in: xor.drc:40
    Polygons (raw): 0 (flat)  0 (hierarchical)
    Elapsed: 0.000s  Memory: 386.00M
--- Running XOR for 81/4 ---
"input" in: xor.drc:38
    Polygons (raw): 345 (flat)  11 (hierarchical)
    Elapsed: 0.000s  Memory: 386.00M
"input" in: xor.drc:38
    Polygons (raw): 345 (flat)  11 (hierarchical)
    Elapsed: 0.000s  Memory: 386.00M
"^" in: xor.drc:38
    Polygons (raw): 0 (flat)  0 (hierarchical)
    Elapsed: 0.000s  Memory: 386.00M
XOR differences: 0
"output" in: xor.drc:40
    Polygons (raw): 0 (flat)  0 (hierarchical)
    Elapsed: 0.000s  Memory: 386.00M
--- Running XOR for 83/44 ---
"input" in: xor.drc:38
    Polygons (raw): 0 (flat)  0 (hierarchical)
    Elapsed: 0.000s  Memory: 386.00M
"input" in: xor.drc:38
    Polygons (raw): 0 (flat)  0 (hierarchical)
    Elapsed: 0.000s  Memory: 386.00M
"^" in: xor.drc:38
    Polygons (raw): 0 (flat)  0 (hierarchical)
    Elapsed: 0.000s  Memory: 386.00M
XOR differences: 0
"output" in: xor.drc:40
    Polygons (raw): 0 (flat)  0 (hierarchical)
    Elapsed: 0.000s  Memory: 386.00M
--- Running XOR for 93/44 ---
"input" in: xor.drc:38
    Polygons (raw): 748 (flat)  16 (hierarchical)
    Elapsed: 0.000s  Memory: 386.00M
"input" in: xor.drc:38
    Polygons (raw): 748 (flat)  16 (hierarchical)
    Elapsed: 0.000s  Memory: 386.00M
"^" in: xor.drc:38
    Polygons (raw): 0 (flat)  0 (hierarchical)
    Elapsed: 0.010s  Memory: 386.00M
XOR differences: 0
"output" in: xor.drc:40
    Polygons (raw): 0 (flat)  0 (hierarchical)
    Elapsed: 0.000s  Memory: 386.00M
--- Running XOR for 94/20 ---
"input" in: xor.drc:38
    Polygons (raw): 578 (flat)  14 (hierarchical)
    Elapsed: 0.000s  Memory: 386.00M
"input" in: xor.drc:38
    Polygons (raw): 578 (flat)  14 (hierarchical)
    Elapsed: 0.000s  Memory: 386.00M
"^" in: xor.drc:38
    Polygons (raw): 0 (flat)  0 (hierarchical)
    Elapsed: 0.000s  Memory: 386.00M
XOR differences: 0
"output" in: xor.drc:40
    Polygons (raw): 0 (flat)  0 (hierarchical)
    Elapsed: 0.010s  Memory: 386.00M
--- Running XOR for 95/20 ---
"input" in: xor.drc:38
    Polygons (raw): 647 (flat)  13 (hierarchical)
    Elapsed: 0.000s  Memory: 386.00M
"input" in: xor.drc:38
    Polygons (raw): 647 (flat)  13 (hierarchical)
    Elapsed: 0.000s  Memory: 386.00M
"^" in: xor.drc:38
    Polygons (raw): 0 (flat)  0 (hierarchical)
    Elapsed: 0.000s  Memory: 386.00M
XOR differences: 0
"output" in: xor.drc:40
    Polygons (raw): 0 (flat)  0 (hierarchical)
    Elapsed: 0.000s  Memory: 386.00M
Writing report database: /foss/designs/SKY130_SAR-ADC/openlane/adc_clkgen_with_edgedetect/runs/RUN_2022.09.10_23.55.28/reports/signoff/adc_clkgen_with_edgedetect.xor.xml ..
Total elapsed: 0.320s  Memory: 386.00M
