
Magic 8.3 revision 311 - Compiled on Sun Jul 10 14:23:18 UTC 2022.
Starting magic under Tcl interpreter
Using the terminal as the console.
Using NULL graphics device.
Processing system .magicrc file
Sourcing design .magicrc for technology sky130A ...
2 Magic internal units = 1 Lambda
Input style sky130(vendor): scaleFactor=2, multiplier=2
The following types are not handled by extraction and will be treated as non-electrical types:
    ubm 
Scaled tech values by 2 / 1 to match internal grid scaling
Loading sky130A Device Generator Menu ...
Using technology "sky130A", version 1.0.291-36-g41c0908
Warning: Calma reading is not undoable!  I hope that's OK.
Library written using GDS-II Release 3.0
Library name: adc_clkgen_with_edgedetect_native
Reading "sky130_fd_sc_hd__decap_6".
Reading "sky130_fd_sc_hd__fill_2".
Reading "sky130_fd_sc_hd__decap_8".
Reading "sky130_fd_sc_hd__decap_3".
Reading "sky130_fd_sc_hd__clkdlybuf4s50_2".
Reading "sky130_fd_sc_hd__decap_4".
Reading "sky130_fd_sc_hd__tapvpwrvgnd_1".
Reading "sky130_fd_sc_hd__fill_1".
Reading "sky130_ef_sc_hd__decap_12".
Reading "sky130_fd_sc_hd__inv_2".
Reading "sky130_fd_sc_hd__o21ba_2".
Reading "sky130_fd_sc_hd__and2b_2".
Reading "adc_clkgen_with_edgedetect_native".
    5000 uses
[INFO]: Loading adc_clkgen_with_edgedetect_native

DRC style is now "drc(full)"
Loading DRC CIF style.
No errors found.
[INFO]: COUNT: 0
[INFO]: Should be divided by 3 or 4
[INFO]: DRC Checking DONE (/foss/designs/SKY130_SAR-ADC/openlane/adc_clkgen_with_edgedetect_native/runs/foobar/reports/signoff/drc.rpt)
[INFO]: Saving mag view with DRC errors (/foss/designs/SKY130_SAR-ADC/openlane/adc_clkgen_with_edgedetect_native/runs/foobar/results/signoff/adc_clkgen_with_edgedetect_native.drc.mag)
[INFO]: Saved
