Netgen 1.5.219 compiled on Sun Jul 10 14:21:24 UTC 2022
Warning: netgen command 'format' use fully-qualified name '::netgen::format'
Warning: netgen command 'global' use fully-qualified name '::netgen::global'
Generating JSON file result
Reading netlist file /foss/designs/SKY130_SAR-ADC/openlane/adc_clkgen_with_edgedetect_native/runs/foobar/results/signoff/adc_clkgen_with_edgedetect_native.spice
Reading netlist file /foss/designs/SKY130_SAR-ADC/openlane/adc_clkgen_with_edgedetect_native/runs/foobar/tmp/signoff/19-powered_netlist.v
Warning:  A case-insensitive file has been read and so the	verilog file must be treated case-insensitive to match.
Creating placeholder cell definition for module sky130_fd_sc_hd__decap_3.
Creating placeholder cell definition for module sky130_ef_sc_hd__decap_12.
Creating placeholder cell definition for module sky130_fd_sc_hd__fill_1.
Creating placeholder cell definition for module sky130_fd_sc_hd__decap_4.
Creating placeholder cell definition for module sky130_fd_sc_hd__decap_8.
Creating placeholder cell definition for module sky130_fd_sc_hd__fill_2.
Creating placeholder cell definition for module sky130_fd_sc_hd__decap_6.
Creating placeholder cell definition for module sky130_fd_sc_hd__tapvpwrvgnd_1.
Creating placeholder cell definition for module sky130_fd_sc_hd__inv_2.
Creating placeholder cell definition for module sky130_fd_sc_hd__and2b_2.
Creating placeholder cell definition for module sky130_fd_sc_hd__o21ba_2.
Creating placeholder cell definition for module sky130_fd_sc_hd__clkdlybuf4s50_2.
Reading setup file /foss/pdk/sky130A/libs.tech/netgen/sky130A_setup.tcl
Comparison output logged to file /foss/designs/SKY130_SAR-ADC/openlane/adc_clkgen_with_edgedetect_native/runs/foobar/logs/signoff/22-adc_clkgen_with_edgedetect_native.lef.log
Logging to file "/foss/designs/SKY130_SAR-ADC/openlane/adc_clkgen_with_edgedetect_native/runs/foobar/logs/signoff/22-adc_clkgen_with_edgedetect_native.lef.log" enabled
Circuit sky130_fd_sc_hd__fill_1 contains no devices.
Circuit sky130_fd_sc_hd__tapvpwrvgnd_1 contains no devices.
Circuit sky130_fd_sc_hd__clkdlybuf4s50_2 contains no devices.
Circuit sky130_fd_sc_hd__fill_2 contains no devices.
Circuit sky130_fd_sc_hd__decap_6 contains no devices.
Circuit sky130_fd_sc_hd__decap_4 contains no devices.
Circuit sky130_fd_sc_hd__decap_8 contains no devices.
Circuit sky130_fd_sc_hd__decap_3 contains no devices.
Circuit sky130_ef_sc_hd__decap_12 contains no devices.
Circuit sky130_fd_sc_hd__o21ba_2 contains no devices.
Circuit sky130_fd_sc_hd__and2b_2 contains no devices.
Circuit sky130_fd_sc_hd__inv_2 contains no devices.

Contents of circuit 1:  Circuit: 'adc_clkgen_with_edgedetect_native'
Circuit adc_clkgen_with_edgedetect_native contains 8197 device instances.
  Class: sky130_ef_sc_hd__decap_12 instances: 655
  Class: sky130_fd_sc_hd__inv_2 instances:   1
  Class: sky130_fd_sc_hd__o21ba_2 instances:   1
  Class: sky130_fd_sc_hd__and2b_2 instances:   1
  Class: sky130_fd_sc_hd__clkdlybuf4s50_2 instances: 2700
  Class: sky130_fd_sc_hd__decap_3 instances: 467
  Class: sky130_fd_sc_hd__decap_4 instances: 2169
  Class: sky130_fd_sc_hd__decap_6 instances: 458
  Class: sky130_fd_sc_hd__decap_8 instances: 202
  Class: sky130_fd_sc_hd__tapvpwrvgnd_1 instances: 874
  Class: sky130_fd_sc_hd__fill_1 instances: 591
  Class: sky130_fd_sc_hd__fill_2 instances:  78
Circuit contains 2708 nets.
Contents of circuit 2:  Circuit: 'adc_clkgen_with_edgedetect_native'
Circuit adc_clkgen_with_edgedetect_native contains 8197 device instances.
  Class: sky130_ef_sc_hd__decap_12 instances: 655
  Class: sky130_fd_sc_hd__inv_2 instances:   1
  Class: sky130_fd_sc_hd__o21ba_2 instances:   1
  Class: sky130_fd_sc_hd__and2b_2 instances:   1
  Class: sky130_fd_sc_hd__clkdlybuf4s50_2 instances: 2700
  Class: sky130_fd_sc_hd__decap_3 instances: 467
  Class: sky130_fd_sc_hd__decap_4 instances: 2169
  Class: sky130_fd_sc_hd__decap_6 instances: 458
  Class: sky130_fd_sc_hd__decap_8 instances: 202
  Class: sky130_fd_sc_hd__tapvpwrvgnd_1 instances: 874
  Class: sky130_fd_sc_hd__fill_1 instances: 591
  Class: sky130_fd_sc_hd__fill_2 instances:  78
Circuit contains 2708 nets.

Circuit was modified by parallel/series device merging.
New circuit summary:

Contents of circuit 1:  Circuit: 'adc_clkgen_with_edgedetect_native'
Circuit adc_clkgen_with_edgedetect_native contains 2711 device instances.
  Class: sky130_ef_sc_hd__decap_12 instances:   1
  Class: sky130_fd_sc_hd__inv_2 instances:   1
  Class: sky130_fd_sc_hd__o21ba_2 instances:   1
  Class: sky130_fd_sc_hd__and2b_2 instances:   1
  Class: sky130_fd_sc_hd__clkdlybuf4s50_2 instances: 2700
  Class: sky130_fd_sc_hd__decap_3 instances:   1
  Class: sky130_fd_sc_hd__decap_4 instances:   1
  Class: sky130_fd_sc_hd__decap_6 instances:   1
  Class: sky130_fd_sc_hd__decap_8 instances:   1
  Class: sky130_fd_sc_hd__tapvpwrvgnd_1 instances:   1
  Class: sky130_fd_sc_hd__fill_1 instances:   1
  Class: sky130_fd_sc_hd__fill_2 instances:   1
Circuit contains 2708 nets.
Contents of circuit 2:  Circuit: 'adc_clkgen_with_edgedetect_native'
Circuit adc_clkgen_with_edgedetect_native contains 2711 device instances.
  Class: sky130_ef_sc_hd__decap_12 instances:   1
  Class: sky130_fd_sc_hd__inv_2 instances:   1
  Class: sky130_fd_sc_hd__o21ba_2 instances:   1
  Class: sky130_fd_sc_hd__and2b_2 instances:   1
  Class: sky130_fd_sc_hd__clkdlybuf4s50_2 instances: 2700
  Class: sky130_fd_sc_hd__decap_3 instances:   1
  Class: sky130_fd_sc_hd__decap_4 instances:   1
  Class: sky130_fd_sc_hd__decap_6 instances:   1
  Class: sky130_fd_sc_hd__decap_8 instances:   1
  Class: sky130_fd_sc_hd__tapvpwrvgnd_1 instances:   1
  Class: sky130_fd_sc_hd__fill_1 instances:   1
  Class: sky130_fd_sc_hd__fill_2 instances:   1
Circuit contains 2708 nets.

Circuit 1 contains 2711 devices, Circuit 2 contains 2711 devices.
Circuit 1 contains 2708 nets,    Circuit 2 contains 2708 nets.

Netlists match uniquely.
Result: Circuits match uniquely.
Logging to file "/foss/designs/SKY130_SAR-ADC/openlane/adc_clkgen_with_edgedetect_native/runs/foobar/logs/signoff/22-adc_clkgen_with_edgedetect_native.lef.log" disabled
LVS Done.
